------------------------------------------------------------
            Hierarchy level. --> United Atom <--            
------------------------------------------------------------
      RESNAME   RESID  FF_ENTROPY  TT_ENTROPY
UATOM NALA          1       8.915      38.080
UATOM GLU           2      22.081      22.023
UATOM ALA           3       5.990      25.631
UATOM GLY           4       2.827      12.837
UATOM ILE           5      27.617      53.312
UATOM THR           6      20.485      33.868
UATOM GLY           7       2.756      13.496
UATOM THR           8      20.654      34.541
UATOM TRP           9      55.084      42.880
UATOM TYR          10      45.648      36.742
UATOM ALA          11       7.376      25.776
UATOM GLN          12      26.170      32.595
UATOM LEU          13      23.975      51.512
UATOM GLY          14       2.649      11.941
UATOM SER          15      11.970      22.146
UATOM THR          16      19.790      34.088
UATOM PHE          17      36.594      36.692
UATOM ILE          18      24.978      51.895
UATOM VAL          19      20.610      43.172
UATOM THR          20      20.451      35.187
UATOM ALA          21       7.322      26.755
UATOM GLY          22       2.455      13.671
UATOM ALA          23       7.169      26.861
UATOM ASP          24      18.780      14.961
UATOM GLY          25       2.835      13.452
UATOM ALA          26       7.618      25.613
UATOM LEU          27      28.245      52.198
UATOM THR          28      19.711      34.932
UATOM GLY          29       2.752      13.858
UATOM THR          30      20.831      35.723
UATOM TYR          31      45.442      39.022
UATOM GLU          32      24.931      22.859
UATOM SER          33      11.596      20.351
UATOM ALA          34       6.571      25.062
UATOM VAL          35      16.135      43.484
UATOM GLY          36       2.353      13.106
UATOM ASN          37      18.820      25.158
UATOM ALA          38       6.010      24.608
UATOM GLU          39      24.622      22.496
UATOM SER          40      11.499      21.071
UATOM ARG          41      39.496      54.630
UATOM TYR          42      45.077      40.562
UATOM VAL          43      19.518      45.532
UATOM LEU          44      27.459      51.051
UATOM THR          45      21.102      35.849
UATOM GLY          46       2.895      13.501
UATOM ARG          47      49.763      59.640
UATOM TYR          48      47.816      38.813
UATOM ASP          49      25.741      16.134
UATOM SER          50      12.649      23.355
UATOM ALA          51       7.397      25.190
UATOM PRO          52      14.190      27.438
UATOM ALA          53       6.927      27.025
UATOM THR          54      18.982      36.077
UATOM ASP          55      21.259      15.127
UATOM GLY          56       2.895      13.878
UATOM SER          57      12.719      19.995
UATOM GLY          58       2.634      12.962
UATOM THR          59      20.696      35.338
UATOM ALA          60       7.519      25.388
UATOM LEU          61      25.739      53.037
UATOM GLY          62       2.876      13.672
UATOM TRP          63      55.916      41.619
UATOM THR          64      20.875      33.755
UATOM VAL          65      20.607      42.843
UATOM ALA          66       7.421      26.118
UATOM TRP          67      54.635      42.760
UATOM LYS          68      30.462      53.614
UATOM ASN          69      21.962      26.249
UATOM ASN          70      20.975      27.124
UATOM TYR          71      40.861      36.870
UATOM ARG          72      40.492      55.729
UATOM ASN          73      25.186      26.871
UATOM ALA          74       6.931      25.372
UATOM HID          75      32.366      30.290
UATOM SER          76      13.133      23.738
UATOM ALA          77       7.272      24.883
UATOM THR          78      20.727      35.861
UATOM THR          79      20.151      34.573
UATOM TRP          80      55.307      42.948
UATOM SER          81      12.661      22.289
UATOM GLY          82       2.918      13.763
UATOM GLN          83      32.435      33.862
UATOM TYR          84      45.761      38.007
UATOM VAL          85      20.251      43.738
UATOM GLY          86       2.455      12.687
UATOM GLY          87       2.712      13.878
UATOM ALA          88       7.219      26.657
UATOM GLU          89      26.242      23.113
UATOM ALA          90       7.433      26.116
UATOM ARG          91      46.823      56.354
UATOM ILE          92      26.470      51.364
UATOM ASN          93      23.929      27.640
UATOM THR          94      21.322      35.119
UATOM GLN          95      32.259      34.978
UATOM TRP          96      55.164      41.659
UATOM LEU          97      27.101      51.311
UATOM LEU          98      28.193      53.727
UATOM THR          99      20.982      35.369
UATOM SER         100      12.614      21.863
UATOM GLY         101       2.556      13.786
UATOM THR         102      18.516      33.800
UATOM THR         103      19.681      36.183
UATOM GLU         104      25.226      23.785
UATOM ALA         105       7.237      25.772
UATOM ASN         106      22.253      27.501
UATOM ALA         107       6.930      26.884
UATOM TRP         108      51.721      40.932
UATOM LYS         109      31.207      54.169
UATOM SER         110      12.720      24.200
UATOM THR         111      21.050      36.255
UATOM LEU         112      26.234      52.027
UATOM VAL         113      20.619      42.704
UATOM GLY         114       2.900      13.965
UATOM HID         115      30.198      28.468
UATOM ASP         116      24.118      15.718
UATOM THR         117      20.388      34.787
UATOM PHE         118      36.687      37.373
UATOM THR         119      19.071      34.612
UATOM LYS         120      30.054      53.972
UATOM VAL         121      17.213      44.509
UATOM LYS         122      28.218      53.923
UATOM PRO         123      12.567      26.716
UATOM SER         124       9.738      20.400
UATOM ALA         125       5.360      24.509
UATOM ALA         126       5.253      24.222
UATOM CSER        127      14.085      19.944
____________________________________________________________
Total Entropy FF (UA level) :        2599.690 J/mol/K
Total Entropy TT (UA level) :        4023.677 J/mol/K
------------------------------------------------------------
____________________________________________________________
Total Entropy                            :        6623.367
------------------------------------------------------------
