------------------------------------------------------------
Topographical entropy of residue side chains 
computed using all the dihedrals with AEM method
------------------------------------------------------------
Residue Topographical Entropy from AEM (NALA 1) : 0.5587
Residue Topographical Entropy from AEM (GLU 2) : 21.5947
Residue Topographical Entropy from AEM (ALA 3) : -0.0000
Residue Topographical Entropy from AEM (GLY 4) : -0.0000
Residue Topographical Entropy from AEM (ILE 5) : 2.1597
Residue Topographical Entropy from AEM (THR 6) : -0.0000
Residue Topographical Entropy from AEM (GLY 7) : -0.0000
Residue Topographical Entropy from AEM (THR 8) : 1.4243
Residue Topographical Entropy from AEM (TRP 9) : -0.0000
Residue Topographical Entropy from AEM (TYR 10) : -0.0000
Residue Topographical Entropy from AEM (ALA 11) : -0.0000
Residue Topographical Entropy from AEM (GLN 12) : 14.5233
Residue Topographical Entropy from AEM (LEU 13) : 7.5183
Residue Topographical Entropy from AEM (GLY 14) : -0.0000
Residue Topographical Entropy from AEM (SER 15) : 8.1854
Residue Topographical Entropy from AEM (THR 16) : 5.1445
Residue Topographical Entropy from AEM (PHE 17) : 0.2244
Residue Topographical Entropy from AEM (ILE 18) : 10.5840
Residue Topographical Entropy from AEM (VAL 19) : 0.4007
Residue Topographical Entropy from AEM (THR 20) : 7.7639
Residue Topographical Entropy from AEM (ALA 21) : -0.0000
Residue Topographical Entropy from AEM (GLY 22) : -0.0000
Residue Topographical Entropy from AEM (ALA 23) : -0.0000
Residue Topographical Entropy from AEM (ASP 24) : 10.7240
Residue Topographical Entropy from AEM (GLY 25) : -0.0000
Residue Topographical Entropy from AEM (ALA 26) : -0.0000
Residue Topographical Entropy from AEM (LEU 27) : 6.4658
Residue Topographical Entropy from AEM (THR 28) : 7.2037
Residue Topographical Entropy from AEM (GLY 29) : -0.0000
Residue Topographical Entropy from AEM (THR 30) : 5.3453
Residue Topographical Entropy from AEM (TYR 31) : -0.0000
Residue Topographical Entropy from AEM (GLU 32) : 15.5914
Residue Topographical Entropy from AEM (SER 33) : 7.6735
Residue Topographical Entropy from AEM (ALA 34) : -0.0000
Residue Topographical Entropy from AEM (VAL 35) : 7.8305
Residue Topographical Entropy from AEM (GLY 36) : -0.0000
Residue Topographical Entropy from AEM (ASN 37) : 9.5485
Residue Topographical Entropy from AEM (ALA 38) : -0.0000
Residue Topographical Entropy from AEM (GLU 39) : 24.1662
Residue Topographical Entropy from AEM (SER 40) : 4.5494
Residue Topographical Entropy from AEM (ARG 41) : 12.2014
Residue Topographical Entropy from AEM (TYR 42) : -0.0000
Residue Topographical Entropy from AEM (VAL 43) : 0.6066
Residue Topographical Entropy from AEM (LEU 44) : 0.8642
Residue Topographical Entropy from AEM (THR 45) : 8.8324
Residue Topographical Entropy from AEM (GLY 46) : -0.0000
Residue Topographical Entropy from AEM (ARG 47) : 0.9821
Residue Topographical Entropy from AEM (TYR 48) : 20.7352
Residue Topographical Entropy from AEM (ASP 49) : 0.2856
Residue Topographical Entropy from AEM (SER 50) : 2.2899
Residue Topographical Entropy from AEM (ALA 51) : -0.0000
Residue Topographical Entropy from AEM (PRO 52) : 5.8918
Residue Topographical Entropy from AEM (ALA 53) : -0.0000
Residue Topographical Entropy from AEM (THR 54) : 6.3478
Residue Topographical Entropy from AEM (ASP 55) : 8.1094
Residue Topographical Entropy from AEM (GLY 56) : -0.0000
Residue Topographical Entropy from AEM (SER 57) : 6.8343
Residue Topographical Entropy from AEM (GLY 58) : -0.0000
Residue Topographical Entropy from AEM (THR 59) : 0.2843
Residue Topographical Entropy from AEM (ALA 60) : -0.0000
Residue Topographical Entropy from AEM (LEU 61) : 5.5127
Residue Topographical Entropy from AEM (GLY 62) : -0.0000
Residue Topographical Entropy from AEM (TRP 63) : -0.0000
Residue Topographical Entropy from AEM (THR 64) : 0.1936
Residue Topographical Entropy from AEM (VAL 65) : -0.0000
Residue Topographical Entropy from AEM (ALA 66) : -0.0000
Residue Topographical Entropy from AEM (TRP 67) : -0.0000
Residue Topographical Entropy from AEM (LYS 68) : 15.7610
Residue Topographical Entropy from AEM (ASN 69) : 0.0657
Residue Topographical Entropy from AEM (ASN 70) : 13.6135
Residue Topographical Entropy from AEM (TYR 71) : 4.6525
Residue Topographical Entropy from AEM (ARG 72) : 15.2506
Residue Topographical Entropy from AEM (ASN 73) : 5.9274
Residue Topographical Entropy from AEM (ALA 74) : -0.0000
Residue Topographical Entropy from AEM (HID 75) : 0.0134
Residue Topographical Entropy from AEM (SER 76) : 5.8859
Residue Topographical Entropy from AEM (ALA 77) : -0.0000
Residue Topographical Entropy from AEM (THR 78) : -0.0000
Residue Topographical Entropy from AEM (THR 79) : 7.1486
Residue Topographical Entropy from AEM (TRP 80) : -0.0000
Residue Topographical Entropy from AEM (SER 81) : -0.0000
Residue Topographical Entropy from AEM (GLY 82) : -0.0000
Residue Topographical Entropy from AEM (GLN 83) : 8.6206
Residue Topographical Entropy from AEM (TYR 84) : 19.3291
Residue Topographical Entropy from AEM (VAL 85) : 1.2980
Residue Topographical Entropy from AEM (GLY 86) : -0.0000
Residue Topographical Entropy from AEM (GLY 87) : -0.0000
Residue Topographical Entropy from AEM (ALA 88) : -0.0000
Residue Topographical Entropy from AEM (GLU 89) : 19.4245
Residue Topographical Entropy from AEM (ALA 90) : -0.0000
Residue Topographical Entropy from AEM (ARG 91) : 10.6232
Residue Topographical Entropy from AEM (ILE 92) : 0.0358
Residue Topographical Entropy from AEM (ASN 93) : 6.0181
Residue Topographical Entropy from AEM (THR 94) : 0.2048
Residue Topographical Entropy from AEM (GLN 95) : 0.3563
Residue Topographical Entropy from AEM (TRP 96) : -0.0000
Residue Topographical Entropy from AEM (LEU 97) : 0.1118
Residue Topographical Entropy from AEM (LEU 98) : 2.4409
Residue Topographical Entropy from AEM (THR 99) : -0.0000
Residue Topographical Entropy from AEM (SER 100) : 8.0842
Residue Topographical Entropy from AEM (GLY 101) : -0.0000
Residue Topographical Entropy from AEM (THR 102) : 9.0543
Residue Topographical Entropy from AEM (THR 103) : 4.0756
Residue Topographical Entropy from AEM (GLU 104) : 24.7399
Residue Topographical Entropy from AEM (ALA 105) : -0.0000
Residue Topographical Entropy from AEM (ASN 106) : 6.3248
Residue Topographical Entropy from AEM (ALA 107) : -0.0000
Residue Topographical Entropy from AEM (TRP 108) : -0.0000
Residue Topographical Entropy from AEM (LYS 109) : 12.3306
Residue Topographical Entropy from AEM (SER 110) : 4.4282
Residue Topographical Entropy from AEM (THR 111) : -0.0000
Residue Topographical Entropy from AEM (LEU 112) : 3.4821
Residue Topographical Entropy from AEM (VAL 113) : -0.0000
Residue Topographical Entropy from AEM (GLY 114) : -0.0000
Residue Topographical Entropy from AEM (HID 115) : -0.0000
Residue Topographical Entropy from AEM (ASP 116) : 5.0541
Residue Topographical Entropy from AEM (THR 117) : 5.3823
Residue Topographical Entropy from AEM (PHE 118) : -0.0000
Residue Topographical Entropy from AEM (THR 119) : 6.2070
Residue Topographical Entropy from AEM (LYS 120) : 11.9121
Residue Topographical Entropy from AEM (VAL 121) : 4.8000
Residue Topographical Entropy from AEM (LYS 122) : 16.5174
Residue Topographical Entropy from AEM (PRO 123) : 5.7374
Residue Topographical Entropy from AEM (SER 124) : 8.5745
Residue Topographical Entropy from AEM (ALA 125) : -0.0000
Residue Topographical Entropy from AEM (ALA 126) : -0.0000
Residue Topographical Entropy from AEM (CSER 127) : 4.4418
____________________________________________________________
Total Topog. Entropy (AEM)               :         537.080
------------------------------------------------------------
____________________________________________________________
Total Entropy                            :         537.080
------------------------------------------------------------
------------------------------------------------------------
Topographical entropy of residue side chains 
computed using all the dihedrals with AEM method
------------------------------------------------------------
Residue Topographical Entropy from AEM (NALA 1) : 2.8251
Residue Topographical Entropy from AEM (GLU 2) : 12.6461
Residue Topographical Entropy from AEM (ALA 3) : -0.0000
Residue Topographical Entropy from AEM (GLY 4) : -0.0000
Residue Topographical Entropy from AEM (ILE 5) : 4.9468
Residue Topographical Entropy from AEM (THR 6) : 0.5666
Residue Topographical Entropy from AEM (GLY 7) : -0.0000
Residue Topographical Entropy from AEM (THR 8) : 2.1653
Residue Topographical Entropy from AEM (TRP 9) : 45.5115
Residue Topographical Entropy from AEM (TYR 10) : 28.8892
Residue Topographical Entropy from AEM (ALA 11) : -0.0000
Residue Topographical Entropy from AEM (GLN 12) : 18.0887
Residue Topographical Entropy from AEM (LEU 13) : 10.8930
Residue Topographical Entropy from AEM (GLY 14) : -0.0000
Residue Topographical Entropy from AEM (SER 15) : 8.7569
Residue Topographical Entropy from AEM (THR 16) : 5.3188
Residue Topographical Entropy from AEM (PHE 17) : 31.3169
Residue Topographical Entropy from AEM (ILE 18) : 8.0650
Residue Topographical Entropy from AEM (VAL 19) : 8.3649
Residue Topographical Entropy from AEM (THR 20) : 7.1318
Residue Topographical Entropy from AEM (ALA 21) : -0.0000
Residue Topographical Entropy from AEM (GLY 22) : -0.0000
Residue Topographical Entropy from AEM (ALA 23) : -0.0000
Residue Topographical Entropy from AEM (ASP 24) : 9.1095
Residue Topographical Entropy from AEM (GLY 25) : -0.0000
Residue Topographical Entropy from AEM (ALA 26) : -0.0000
Residue Topographical Entropy from AEM (LEU 27) : 9.2059
Residue Topographical Entropy from AEM (THR 28) : 7.1806
Residue Topographical Entropy from AEM (GLY 29) : -0.0000
Residue Topographical Entropy from AEM (THR 30) : 8.6752
Residue Topographical Entropy from AEM (TYR 31) : 24.1028
Residue Topographical Entropy from AEM (GLU 32) : 16.0941
Residue Topographical Entropy from AEM (SER 33) : 7.9867
Residue Topographical Entropy from AEM (ALA 34) : -0.0000
Residue Topographical Entropy from AEM (VAL 35) : 7.4167
Residue Topographical Entropy from AEM (GLY 36) : -0.0000
Residue Topographical Entropy from AEM (ASN 37) : 14.4726
Residue Topographical Entropy from AEM (ALA 38) : -0.0000
Residue Topographical Entropy from AEM (GLU 39) : 27.3275
Residue Topographical Entropy from AEM (SER 40) : 7.2050
Residue Topographical Entropy from AEM (ARG 41) : 9.0577
Residue Topographical Entropy from AEM (TYR 42) : 23.2940
Residue Topographical Entropy from AEM (VAL 43) : 2.4986
Residue Topographical Entropy from AEM (LEU 44) : 1.2971
Residue Topographical Entropy from AEM (THR 45) : 6.4733
Residue Topographical Entropy from AEM (GLY 46) : -0.0000
Residue Topographical Entropy from AEM (ARG 47) : 1.0699
Residue Topographical Entropy from AEM (TYR 48) : 22.6059
Residue Topographical Entropy from AEM (ASP 49) : 5.9314
Residue Topographical Entropy from AEM (SER 50) : 2.6105
Residue Topographical Entropy from AEM (ALA 51) : -0.0000
Residue Topographical Entropy from AEM (PRO 52) : 8.3952
Residue Topographical Entropy from AEM (ALA 53) : -0.0000
Residue Topographical Entropy from AEM (THR 54) : 9.1002
Residue Topographical Entropy from AEM (ASP 55) : 13.2561
Residue Topographical Entropy from AEM (GLY 56) : -0.0000
Residue Topographical Entropy from AEM (SER 57) : 8.9653
Residue Topographical Entropy from AEM (GLY 58) : -0.0000
Residue Topographical Entropy from AEM (THR 59) : 6.1371
Residue Topographical Entropy from AEM (ALA 60) : -0.0000
Residue Topographical Entropy from AEM (LEU 61) : 6.7982
Residue Topographical Entropy from AEM (GLY 62) : -0.0000
Residue Topographical Entropy from AEM (TRP 63) : 36.0203
Residue Topographical Entropy from AEM (THR 64) : 0.7467
Residue Topographical Entropy from AEM (VAL 65) : 0.3315
Residue Topographical Entropy from AEM (ALA 66) : -0.0000
Residue Topographical Entropy from AEM (TRP 67) : 40.9737
Residue Topographical Entropy from AEM (LYS 68) : 20.3916
Residue Topographical Entropy from AEM (ASN 69) : 10.7153
Residue Topographical Entropy from AEM (ASN 70) : 6.4541
Residue Topographical Entropy from AEM (TYR 71) : 31.1541
Residue Topographical Entropy from AEM (ARG 72) : 19.9972
Residue Topographical Entropy from AEM (ASN 73) : 8.3108
Residue Topographical Entropy from AEM (ALA 74) : -0.0000
Residue Topographical Entropy from AEM (HID 75) : 22.8939
Residue Topographical Entropy from AEM (SER 76) : 5.5305
Residue Topographical Entropy from AEM (ALA 77) : -0.0000
Residue Topographical Entropy from AEM (THR 78) : 2.5259
Residue Topographical Entropy from AEM (THR 79) : 7.0756
Residue Topographical Entropy from AEM (TRP 80) : 38.4539
Residue Topographical Entropy from AEM (SER 81) : 2.1253
Residue Topographical Entropy from AEM (GLY 82) : -0.0000
Residue Topographical Entropy from AEM (GLN 83) : 14.8412
Residue Topographical Entropy from AEM (TYR 84) : 24.6867
Residue Topographical Entropy from AEM (VAL 85) : 3.3304
Residue Topographical Entropy from AEM (GLY 86) : -0.0000
Residue Topographical Entropy from AEM (GLY 87) : -0.0000
Residue Topographical Entropy from AEM (ALA 88) : -0.0000
Residue Topographical Entropy from AEM (GLU 89) : 23.0286
Residue Topographical Entropy from AEM (ALA 90) : -0.0000
Residue Topographical Entropy from AEM (ARG 91) : 17.4619
Residue Topographical Entropy from AEM (ILE 92) : 1.5983
Residue Topographical Entropy from AEM (ASN 93) : 9.4103
Residue Topographical Entropy from AEM (THR 94) : 5.7916
Residue Topographical Entropy from AEM (GLN 95) : 12.1615
Residue Topographical Entropy from AEM (TRP 96) : 36.7931
Residue Topographical Entropy from AEM (LEU 97) : 3.2529
Residue Topographical Entropy from AEM (LEU 98) : 3.8345
Residue Topographical Entropy from AEM (THR 99) : 1.7669
Residue Topographical Entropy from AEM (SER 100) : 8.2972
Residue Topographical Entropy from AEM (GLY 101) : -0.0000
Residue Topographical Entropy from AEM (THR 102) : 2.0132
Residue Topographical Entropy from AEM (THR 103) : 3.2167
Residue Topographical Entropy from AEM (GLU 104) : 21.0811
Residue Topographical Entropy from AEM (ALA 105) : -0.0000
Residue Topographical Entropy from AEM (ASN 106) : 2.7348
Residue Topographical Entropy from AEM (ALA 107) : -0.0000
Residue Topographical Entropy from AEM (TRP 108) : 38.2263
Residue Topographical Entropy from AEM (LYS 109) : 14.5847
Residue Topographical Entropy from AEM (SER 110) : 4.9859
Residue Topographical Entropy from AEM (THR 111) : 1.6128
Residue Topographical Entropy from AEM (LEU 112) : 5.3186
Residue Topographical Entropy from AEM (VAL 113) : 2.6576
Residue Topographical Entropy from AEM (GLY 114) : -0.0000
Residue Topographical Entropy from AEM (HID 115) : 24.4808
Residue Topographical Entropy from AEM (ASP 116) : 6.3184
Residue Topographical Entropy from AEM (THR 117) : 5.3368
Residue Topographical Entropy from AEM (PHE 118) : 30.8042
Residue Topographical Entropy from AEM (THR 119) : 5.1511
Residue Topographical Entropy from AEM (LYS 120) : 14.9496
Residue Topographical Entropy from AEM (VAL 121) : 5.7345
Residue Topographical Entropy from AEM (LYS 122) : 20.6164
Residue Topographical Entropy from AEM (PRO 123) : 10.2739
Residue Topographical Entropy from AEM (SER 124) : 9.0861
Residue Topographical Entropy from AEM (ALA 125) : -0.0000
Residue Topographical Entropy from AEM (ALA 126) : -0.0000
Residue Topographical Entropy from AEM (CSER 127) : 12.1565
____________________________________________________________
Total Topog. Entropy (AEM)               :        1123.049
------------------------------------------------------------
____________________________________________________________
Total Entropy                            :        1123.049
------------------------------------------------------------
------------------------------------------------------------
Topographical entropy of residue side chains 
computed using all the dihedrals with AEM method
------------------------------------------------------------
Residue Topographical Entropy from AEM (NALA 1) : 0.7716
Residue Topographical Entropy from AEM (GLU 2) : 23.3717
Residue Topographical Entropy from AEM (ALA 3) : -0.0000
Residue Topographical Entropy from AEM (GLY 4) : -0.0000
Residue Topographical Entropy from AEM (ILE 5) : 4.1205
Residue Topographical Entropy from AEM (THR 6) : 0.3874
Residue Topographical Entropy from AEM (GLY 7) : -0.0000
Residue Topographical Entropy from AEM (THR 8) : 2.3659
Residue Topographical Entropy from AEM (TRP 9) : -0.0000
Residue Topographical Entropy from AEM (TYR 10) : -0.0000
Residue Topographical Entropy from AEM (ALA 11) : -0.0000
Residue Topographical Entropy from AEM (GLN 12) : 15.4706
Residue Topographical Entropy from AEM (LEU 13) : 7.0209
Residue Topographical Entropy from AEM (GLY 14) : -0.0000
Residue Topographical Entropy from AEM (SER 15) : 7.3166
Residue Topographical Entropy from AEM (THR 16) : 6.6276
Residue Topographical Entropy from AEM (PHE 17) : 0.1617
Residue Topographical Entropy from AEM (ILE 18) : 9.6638
Residue Topographical Entropy from AEM (VAL 19) : 6.0710
Residue Topographical Entropy from AEM (THR 20) : 7.7298
Residue Topographical Entropy from AEM (ALA 21) : -0.0000
Residue Topographical Entropy from AEM (GLY 22) : -0.0000
Residue Topographical Entropy from AEM (ALA 23) : -0.0000
Residue Topographical Entropy from AEM (ASP 24) : 11.1269
Residue Topographical Entropy from AEM (GLY 25) : -0.0000
Residue Topographical Entropy from AEM (ALA 26) : -0.0000
Residue Topographical Entropy from AEM (LEU 27) : 9.4009
Residue Topographical Entropy from AEM (THR 28) : 8.7396
Residue Topographical Entropy from AEM (GLY 29) : -0.0000
Residue Topographical Entropy from AEM (THR 30) : 7.5625
Residue Topographical Entropy from AEM (TYR 31) : -0.0000
Residue Topographical Entropy from AEM (GLU 32) : 14.0865
Residue Topographical Entropy from AEM (SER 33) : 8.3385
Residue Topographical Entropy from AEM (ALA 34) : -0.0000
Residue Topographical Entropy from AEM (VAL 35) : 7.5039
Residue Topographical Entropy from AEM (GLY 36) : -0.0000
Residue Topographical Entropy from AEM (ASN 37) : 9.7639
Residue Topographical Entropy from AEM (ALA 38) : -0.0000
Residue Topographical Entropy from AEM (GLU 39) : 23.3848
Residue Topographical Entropy from AEM (SER 40) : 6.0967
Residue Topographical Entropy from AEM (ARG 41) : 10.1615
Residue Topographical Entropy from AEM (TYR 42) : -0.0000
Residue Topographical Entropy from AEM (VAL 43) : 0.9177
Residue Topographical Entropy from AEM (LEU 44) : 1.3160
Residue Topographical Entropy from AEM (THR 45) : 4.1153
Residue Topographical Entropy from AEM (GLY 46) : -0.0000
Residue Topographical Entropy from AEM (ARG 47) : -0.0000
Residue Topographical Entropy from AEM (TYR 48) : -0.0000
Residue Topographical Entropy from AEM (ASP 49) : 4.2548
Residue Topographical Entropy from AEM (SER 50) : 1.8349
Residue Topographical Entropy from AEM (ALA 51) : -0.0000
Residue Topographical Entropy from AEM (PRO 52) : 6.4490
Residue Topographical Entropy from AEM (ALA 53) : -0.0000
Residue Topographical Entropy from AEM (THR 54) : 6.6825
Residue Topographical Entropy from AEM (ASP 55) : 12.4978
Residue Topographical Entropy from AEM (GLY 56) : -0.0000
Residue Topographical Entropy from AEM (SER 57) : 8.4630
Residue Topographical Entropy from AEM (GLY 58) : -0.0000
Residue Topographical Entropy from AEM (THR 59) : 0.2014
Residue Topographical Entropy from AEM (ALA 60) : -0.0000
Residue Topographical Entropy from AEM (LEU 61) : 8.1599
Residue Topographical Entropy from AEM (GLY 62) : -0.0000
Residue Topographical Entropy from AEM (TRP 63) : -0.0000
Residue Topographical Entropy from AEM (THR 64) : 2.9979
Residue Topographical Entropy from AEM (VAL 65) : -0.0000
Residue Topographical Entropy from AEM (ALA 66) : -0.0000
Residue Topographical Entropy from AEM (TRP 67) : -0.0000
Residue Topographical Entropy from AEM (LYS 68) : 15.3190
Residue Topographical Entropy from AEM (ASN 69) : -0.0000
Residue Topographical Entropy from AEM (ASN 70) : 16.5079
Residue Topographical Entropy from AEM (TYR 71) : 1.3860
Residue Topographical Entropy from AEM (ARG 72) : 14.4410
Residue Topographical Entropy from AEM (ASN 73) : 0.9039
Residue Topographical Entropy from AEM (ALA 74) : -0.0000
Residue Topographical Entropy from AEM (HID 75) : 1.2752
Residue Topographical Entropy from AEM (SER 76) : 5.1143
Residue Topographical Entropy from AEM (ALA 77) : -0.0000
Residue Topographical Entropy from AEM (THR 78) : 0.0134
Residue Topographical Entropy from AEM (THR 79) : 4.3719
Residue Topographical Entropy from AEM (TRP 80) : -0.0000
Residue Topographical Entropy from AEM (SER 81) : 0.2983
Residue Topographical Entropy from AEM (GLY 82) : -0.0000
Residue Topographical Entropy from AEM (GLN 83) : 8.9065
Residue Topographical Entropy from AEM (TYR 84) : -0.0000
Residue Topographical Entropy from AEM (VAL 85) : 1.8011
Residue Topographical Entropy from AEM (GLY 86) : -0.0000
Residue Topographical Entropy from AEM (GLY 87) : -0.0000
Residue Topographical Entropy from AEM (ALA 88) : -0.0000
Residue Topographical Entropy from AEM (GLU 89) : 22.3380
Residue Topographical Entropy from AEM (ALA 90) : -0.0000
Residue Topographical Entropy from AEM (ARG 91) : 8.7001
Residue Topographical Entropy from AEM (ILE 92) : 0.0358
Residue Topographical Entropy from AEM (ASN 93) : 8.6191
Residue Topographical Entropy from AEM (THR 94) : 3.7640
Residue Topographical Entropy from AEM (GLN 95) : 9.2841
Residue Topographical Entropy from AEM (TRP 96) : -0.0000
Residue Topographical Entropy from AEM (LEU 97) : 0.2107
Residue Topographical Entropy from AEM (LEU 98) : 1.1443
Residue Topographical Entropy from AEM (THR 99) : -0.0000
Residue Topographical Entropy from AEM (SER 100) : 8.4755
Residue Topographical Entropy from AEM (GLY 101) : -0.0000
Residue Topographical Entropy from AEM (THR 102) : 2.6605
Residue Topographical Entropy from AEM (THR 103) : 4.4694
Residue Topographical Entropy from AEM (GLU 104) : 18.3008
Residue Topographical Entropy from AEM (ALA 105) : -0.0000
Residue Topographical Entropy from AEM (ASN 106) : 2.3209
Residue Topographical Entropy from AEM (ALA 107) : -0.0000
Residue Topographical Entropy from AEM (TRP 108) : -0.0000
Residue Topographical Entropy from AEM (LYS 109) : 12.9932
Residue Topographical Entropy from AEM (SER 110) : 1.0717
Residue Topographical Entropy from AEM (THR 111) : -0.0000
Residue Topographical Entropy from AEM (LEU 112) : 1.9710
Residue Topographical Entropy from AEM (VAL 113) : -0.0000
Residue Topographical Entropy from AEM (GLY 114) : -0.0000
Residue Topographical Entropy from AEM (HID 115) : 5.7592
Residue Topographical Entropy from AEM (ASP 116) : 5.7223
Residue Topographical Entropy from AEM (THR 117) : 4.8073
Residue Topographical Entropy from AEM (PHE 118) : -0.0000
Residue Topographical Entropy from AEM (THR 119) : 5.5220
Residue Topographical Entropy from AEM (LYS 120) : 13.7819
Residue Topographical Entropy from AEM (VAL 121) : 5.0516
Residue Topographical Entropy from AEM (LYS 122) : 19.8810
Residue Topographical Entropy from AEM (PRO 123) : 6.1267
Residue Topographical Entropy from AEM (SER 124) : 7.8330
Residue Topographical Entropy from AEM (ALA 125) : -0.0000
Residue Topographical Entropy from AEM (ALA 126) : -0.0000
Residue Topographical Entropy from AEM (CSER 127) : 10.6728
____________________________________________________________
Total Topog. Entropy (AEM)               :         526.990
------------------------------------------------------------
____________________________________________________________
Total Entropy                            :         526.990
------------------------------------------------------------
------------------------------------------------------------
Topographical entropy of residue side chains 
computed using all the dihedrals with AEM method
------------------------------------------------------------
Residue Topographical Entropy from AEM (NALA 1) : 0.7661
Residue Topographical Entropy from AEM (GLU 2) : 23.0631
Residue Topographical Entropy from AEM (ALA 3) : -0.0000
Residue Topographical Entropy from AEM (GLY 4) : -0.0000
Residue Topographical Entropy from AEM (ILE 5) : 2.9598
Residue Topographical Entropy from AEM (THR 6) : 0.6077
Residue Topographical Entropy from AEM (GLY 7) : -0.0000
Residue Topographical Entropy from AEM (THR 8) : 2.7262
Residue Topographical Entropy from AEM (TRP 9) : 14.2860
Residue Topographical Entropy from AEM (TYR 10) : 26.3590
Residue Topographical Entropy from AEM (ALA 11) : -0.0000
Residue Topographical Entropy from AEM (GLN 12) : 14.3744
Residue Topographical Entropy from AEM (LEU 13) : 8.3293
Residue Topographical Entropy from AEM (GLY 14) : -0.0000
Residue Topographical Entropy from AEM (SER 15) : 6.2658
Residue Topographical Entropy from AEM (THR 16) : 0.1936
Residue Topographical Entropy from AEM (PHE 17) : 24.0478
Residue Topographical Entropy from AEM (ILE 18) : 11.2597
Residue Topographical Entropy from AEM (VAL 19) : 4.3208
Residue Topographical Entropy from AEM (THR 20) : 8.6461
Residue Topographical Entropy from AEM (ALA 21) : -0.0000
Residue Topographical Entropy from AEM (GLY 22) : -0.0000
Residue Topographical Entropy from AEM (ALA 23) : -0.0000
Residue Topographical Entropy from AEM (ASP 24) : 12.3789
Residue Topographical Entropy from AEM (GLY 25) : -0.0000
Residue Topographical Entropy from AEM (ALA 26) : -0.0000
Residue Topographical Entropy from AEM (LEU 27) : 10.1550
Residue Topographical Entropy from AEM (THR 28) : 8.6686
Residue Topographical Entropy from AEM (GLY 29) : -0.0000
Residue Topographical Entropy from AEM (THR 30) : 6.5224
Residue Topographical Entropy from AEM (TYR 31) : 21.0921
Residue Topographical Entropy from AEM (GLU 32) : 12.9221
Residue Topographical Entropy from AEM (SER 33) : 8.5867
Residue Topographical Entropy from AEM (ALA 34) : -0.0000
Residue Topographical Entropy from AEM (VAL 35) : 7.4165
Residue Topographical Entropy from AEM (GLY 36) : -0.0000
Residue Topographical Entropy from AEM (ASN 37) : 8.7420
Residue Topographical Entropy from AEM (ALA 38) : -0.0000
Residue Topographical Entropy from AEM (GLU 39) : 17.5183
Residue Topographical Entropy from AEM (SER 40) : 7.9490
Residue Topographical Entropy from AEM (ARG 41) : 11.8058
Residue Topographical Entropy from AEM (TYR 42) : 21.3609
Residue Topographical Entropy from AEM (VAL 43) : 2.0159
Residue Topographical Entropy from AEM (LEU 44) : 2.8852
Residue Topographical Entropy from AEM (THR 45) : 8.0405
Residue Topographical Entropy from AEM (GLY 46) : -0.0000
Residue Topographical Entropy from AEM (ARG 47) : 1.7724
Residue Topographical Entropy from AEM (TYR 48) : 23.7580
Residue Topographical Entropy from AEM (ASP 49) : 0.0657
Residue Topographical Entropy from AEM (SER 50) : 2.2714
Residue Topographical Entropy from AEM (ALA 51) : -0.0000
Residue Topographical Entropy from AEM (PRO 52) : 3.0797
Residue Topographical Entropy from AEM (ALA 53) : -0.0000
Residue Topographical Entropy from AEM (THR 54) : 4.1141
Residue Topographical Entropy from AEM (ASP 55) : 5.2194
Residue Topographical Entropy from AEM (GLY 56) : -0.0000
Residue Topographical Entropy from AEM (SER 57) : 0.0561
Residue Topographical Entropy from AEM (GLY 58) : -0.0000
Residue Topographical Entropy from AEM (THR 59) : -0.0000
Residue Topographical Entropy from AEM (ALA 60) : -0.0000
Residue Topographical Entropy from AEM (LEU 61) : 6.0806
Residue Topographical Entropy from AEM (GLY 62) : -0.0000
Residue Topographical Entropy from AEM (TRP 63) : 45.0393
Residue Topographical Entropy from AEM (THR 64) : -0.0000
Residue Topographical Entropy from AEM (VAL 65) : 0.5709
Residue Topographical Entropy from AEM (ALA 66) : -0.0000
Residue Topographical Entropy from AEM (TRP 67) : 40.4846
Residue Topographical Entropy from AEM (LYS 68) : 17.4718
Residue Topographical Entropy from AEM (ASN 69) : 2.9073
Residue Topographical Entropy from AEM (ASN 70) : 14.2460
Residue Topographical Entropy from AEM (TYR 71) : 28.5399
Residue Topographical Entropy from AEM (ARG 72) : 16.2201
Residue Topographical Entropy from AEM (ASN 73) : 2.9060
Residue Topographical Entropy from AEM (ALA 74) : -0.0000
Residue Topographical Entropy from AEM (HID 75) : 20.9880
Residue Topographical Entropy from AEM (SER 76) : 3.3341
Residue Topographical Entropy from AEM (ALA 77) : -0.0000
Residue Topographical Entropy from AEM (THR 78) : 0.6162
Residue Topographical Entropy from AEM (THR 79) : 6.8357
Residue Topographical Entropy from AEM (TRP 80) : 33.7860
Residue Topographical Entropy from AEM (SER 81) : 0.9104
Residue Topographical Entropy from AEM (GLY 82) : -0.0000
Residue Topographical Entropy from AEM (GLN 83) : 6.9663
Residue Topographical Entropy from AEM (TYR 84) : -0.0000
Residue Topographical Entropy from AEM (VAL 85) : 2.0935
Residue Topographical Entropy from AEM (GLY 86) : -0.0000
Residue Topographical Entropy from AEM (GLY 87) : -0.0000
Residue Topographical Entropy from AEM (ALA 88) : -0.0000
Residue Topographical Entropy from AEM (GLU 89) : 17.9785
Residue Topographical Entropy from AEM (ALA 90) : -0.0000
Residue Topographical Entropy from AEM (ARG 91) : 10.8085
Residue Topographical Entropy from AEM (ILE 92) : -0.0000
Residue Topographical Entropy from AEM (ASN 93) : 6.2515
Residue Topographical Entropy from AEM (THR 94) : -0.0000
Residue Topographical Entropy from AEM (GLN 95) : 6.3182
Residue Topographical Entropy from AEM (TRP 96) : -0.0000
Residue Topographical Entropy from AEM (LEU 97) : -0.0000
Residue Topographical Entropy from AEM (LEU 98) : 1.9136
Residue Topographical Entropy from AEM (THR 99) : 0.7747
Residue Topographical Entropy from AEM (SER 100) : 7.8139
Residue Topographical Entropy from AEM (GLY 101) : -0.0000
Residue Topographical Entropy from AEM (THR 102) : 1.4355
Residue Topographical Entropy from AEM (THR 103) : 1.5691
Residue Topographical Entropy from AEM (GLU 104) : 26.4645
Residue Topographical Entropy from AEM (ALA 105) : -0.0000
Residue Topographical Entropy from AEM (ASN 106) : 1.7793
Residue Topographical Entropy from AEM (ALA 107) : -0.0000
Residue Topographical Entropy from AEM (TRP 108) : 40.4138
Residue Topographical Entropy from AEM (LYS 109) : 11.2612
Residue Topographical Entropy from AEM (SER 110) : 1.0070
Residue Topographical Entropy from AEM (THR 111) : 0.1617
Residue Topographical Entropy from AEM (LEU 112) : 2.1019
Residue Topographical Entropy from AEM (VAL 113) : -0.0000
Residue Topographical Entropy from AEM (GLY 114) : -0.0000
Residue Topographical Entropy from AEM (HID 115) : 5.4540
Residue Topographical Entropy from AEM (ASP 116) : 5.5901
Residue Topographical Entropy from AEM (THR 117) : -0.0000
Residue Topographical Entropy from AEM (PHE 118) : -0.0000
Residue Topographical Entropy from AEM (THR 119) : 5.1223
Residue Topographical Entropy from AEM (LYS 120) : 11.3944
Residue Topographical Entropy from AEM (VAL 121) : 6.6867
Residue Topographical Entropy from AEM (LYS 122) : 17.2473
Residue Topographical Entropy from AEM (PRO 123) : 5.7374
Residue Topographical Entropy from AEM (SER 124) : 8.1362
Residue Topographical Entropy from AEM (ALA 125) : -0.0000
Residue Topographical Entropy from AEM (ALA 126) : -0.0000
Residue Topographical Entropy from AEM (CSER 127) : 8.1731
____________________________________________________________
Total Topog. Entropy (AEM)               :         818.193
------------------------------------------------------------
____________________________________________________________
Total Entropy                            :         818.193
------------------------------------------------------------
------------------------------------------------------------
Topographical entropy of residue side chains 
computed using all the dihedrals with AEM method
------------------------------------------------------------
Residue Topographical Entropy from AEM (NALA 1) : 1.3386
Residue Topographical Entropy from AEM (GLU 2) : 20.1401
Residue Topographical Entropy from AEM (ALA 3) : -0.0000
Residue Topographical Entropy from AEM (GLY 4) : -0.0000
Residue Topographical Entropy from AEM (ILE 5) : 2.5596
Residue Topographical Entropy from AEM (THR 6) : 0.7522
Residue Topographical Entropy from AEM (GLY 7) : -0.0000
Residue Topographical Entropy from AEM (THR 8) : 6.8768
Residue Topographical Entropy from AEM (TRP 9) : 40.4376
Residue Topographical Entropy from AEM (TYR 10) : 30.3698
Residue Topographical Entropy from AEM (ALA 11) : -0.0000
Residue Topographical Entropy from AEM (GLN 12) : 18.5044
Residue Topographical Entropy from AEM (LEU 13) : 10.2468
Residue Topographical Entropy from AEM (GLY 14) : -0.0000
Residue Topographical Entropy from AEM (SER 15) : 7.5570
Residue Topographical Entropy from AEM (THR 16) : 6.4146
Residue Topographical Entropy from AEM (PHE 17) : 24.6585
Residue Topographical Entropy from AEM (ILE 18) : 11.4349
Residue Topographical Entropy from AEM (VAL 19) : 4.6456
Residue Topographical Entropy from AEM (THR 20) : 7.8804
Residue Topographical Entropy from AEM (ALA 21) : -0.0000
Residue Topographical Entropy from AEM (GLY 22) : -0.0000
Residue Topographical Entropy from AEM (ALA 23) : -0.0000
Residue Topographical Entropy from AEM (ASP 24) : 10.2902
Residue Topographical Entropy from AEM (GLY 25) : -0.0000
Residue Topographical Entropy from AEM (ALA 26) : -0.0000
Residue Topographical Entropy from AEM (LEU 27) : 3.5279
Residue Topographical Entropy from AEM (THR 28) : 8.5546
Residue Topographical Entropy from AEM (GLY 29) : -0.0000
Residue Topographical Entropy from AEM (THR 30) : 5.6899
Residue Topographical Entropy from AEM (TYR 31) : 27.2788
Residue Topographical Entropy from AEM (GLU 32) : 14.5680
Residue Topographical Entropy from AEM (SER 33) : 7.6373
Residue Topographical Entropy from AEM (ALA 34) : -0.0000
Residue Topographical Entropy from AEM (VAL 35) : 8.2827
Residue Topographical Entropy from AEM (GLY 36) : -0.0000
Residue Topographical Entropy from AEM (ASN 37) : 10.7491
Residue Topographical Entropy from AEM (ALA 38) : -0.0000
Residue Topographical Entropy from AEM (GLU 39) : 24.5764
Residue Topographical Entropy from AEM (SER 40) : 4.8995
Residue Topographical Entropy from AEM (ARG 41) : 12.7710
Residue Topographical Entropy from AEM (TYR 42) : 27.1826
Residue Topographical Entropy from AEM (VAL 43) : 0.5440
Residue Topographical Entropy from AEM (LEU 44) : 0.8554
Residue Topographical Entropy from AEM (THR 45) : 6.5873
Residue Topographical Entropy from AEM (GLY 46) : -0.0000
Residue Topographical Entropy from AEM (ARG 47) : 0.0492
Residue Topographical Entropy from AEM (TYR 48) : 23.7643
Residue Topographical Entropy from AEM (ASP 49) : 2.1798
Residue Topographical Entropy from AEM (SER 50) : 1.3694
Residue Topographical Entropy from AEM (ALA 51) : -0.0000
Residue Topographical Entropy from AEM (PRO 52) : 7.0434
Residue Topographical Entropy from AEM (ALA 53) : -0.0000
Residue Topographical Entropy from AEM (THR 54) : 6.3275
Residue Topographical Entropy from AEM (ASP 55) : 8.9716
Residue Topographical Entropy from AEM (GLY 56) : -0.0000
Residue Topographical Entropy from AEM (SER 57) : 5.2697
Residue Topographical Entropy from AEM (GLY 58) : -0.0000
Residue Topographical Entropy from AEM (THR 59) : 0.5095
Residue Topographical Entropy from AEM (ALA 60) : -0.0000
Residue Topographical Entropy from AEM (LEU 61) : 4.2663
Residue Topographical Entropy from AEM (GLY 62) : -0.0000
Residue Topographical Entropy from AEM (TRP 63) : 39.8742
Residue Topographical Entropy from AEM (THR 64) : 1.5470
Residue Topographical Entropy from AEM (VAL 65) : 0.2305
Residue Topographical Entropy from AEM (ALA 66) : -0.0000
Residue Topographical Entropy from AEM (TRP 67) : 33.2946
Residue Topographical Entropy from AEM (LYS 68) : 8.8267
Residue Topographical Entropy from AEM (ASN 69) : 0.7335
Residue Topographical Entropy from AEM (ASN 70) : 11.2634
Residue Topographical Entropy from AEM (TYR 71) : 23.7694
Residue Topographical Entropy from AEM (ARG 72) : 16.4429
Residue Topographical Entropy from AEM (ASN 73) : 1.9307
Residue Topographical Entropy from AEM (ALA 74) : -0.0000
Residue Topographical Entropy from AEM (HID 75) : 21.5931
Residue Topographical Entropy from AEM (SER 76) : 5.3977
Residue Topographical Entropy from AEM (ALA 77) : -0.0000
Residue Topographical Entropy from AEM (THR 78) : -0.0000
Residue Topographical Entropy from AEM (THR 79) : 5.3859
Residue Topographical Entropy from AEM (TRP 80) : 35.0549
Residue Topographical Entropy from AEM (SER 81) : 0.0810
Residue Topographical Entropy from AEM (GLY 82) : -0.0000
Residue Topographical Entropy from AEM (GLN 83) : 8.0799
Residue Topographical Entropy from AEM (TYR 84) : 24.4330
Residue Topographical Entropy from AEM (VAL 85) : 2.8150
Residue Topographical Entropy from AEM (GLY 86) : -0.0000
Residue Topographical Entropy from AEM (GLY 87) : -0.0000
Residue Topographical Entropy from AEM (ALA 88) : -0.0000
Residue Topographical Entropy from AEM (GLU 89) : 23.0934
Residue Topographical Entropy from AEM (ALA 90) : -0.0000
Residue Topographical Entropy from AEM (ARG 91) : 11.0616
Residue Topographical Entropy from AEM (ILE 92) : 0.2483
Residue Topographical Entropy from AEM (ASN 93) : 8.5571
Residue Topographical Entropy from AEM (THR 94) : 0.9736
Residue Topographical Entropy from AEM (GLN 95) : 2.1785
Residue Topographical Entropy from AEM (TRP 96) : 35.8429
Residue Topographical Entropy from AEM (LEU 97) : 0.0845
Residue Topographical Entropy from AEM (LEU 98) : 4.5886
Residue Topographical Entropy from AEM (THR 99) : 5.4804
Residue Topographical Entropy from AEM (SER 100) : 8.5730
Residue Topographical Entropy from AEM (GLY 101) : -0.0000
Residue Topographical Entropy from AEM (THR 102) : 8.1231
Residue Topographical Entropy from AEM (THR 103) : 6.3926
Residue Topographical Entropy from AEM (GLU 104) : 19.3857
Residue Topographical Entropy from AEM (ALA 105) : -0.0000
Residue Topographical Entropy from AEM (ASN 106) : 9.9562
Residue Topographical Entropy from AEM (ALA 107) : -0.0000
Residue Topographical Entropy from AEM (TRP 108) : 46.3130
Residue Topographical Entropy from AEM (LYS 109) : 16.8768
Residue Topographical Entropy from AEM (SER 110) : 8.7022
Residue Topographical Entropy from AEM (THR 111) : 0.1832
Residue Topographical Entropy from AEM (LEU 112) : 2.9804
Residue Topographical Entropy from AEM (VAL 113) : 0.4287
Residue Topographical Entropy from AEM (GLY 114) : -0.0000
Residue Topographical Entropy from AEM (HID 115) : 23.1987
Residue Topographical Entropy from AEM (ASP 116) : 5.9464
Residue Topographical Entropy from AEM (THR 117) : 2.7120
Residue Topographical Entropy from AEM (PHE 118) : 27.7014
Residue Topographical Entropy from AEM (THR 119) : 5.0817
Residue Topographical Entropy from AEM (LYS 120) : 10.4889
Residue Topographical Entropy from AEM (VAL 121) : 6.4644
Residue Topographical Entropy from AEM (LYS 122) : 20.1891
Residue Topographical Entropy from AEM (PRO 123) : 8.7006
Residue Topographical Entropy from AEM (SER 124) : 8.4014
Residue Topographical Entropy from AEM (ALA 125) : -0.0000
Residue Topographical Entropy from AEM (ALA 126) : -0.0000
Residue Topographical Entropy from AEM (CSER 127) : 7.9359
____________________________________________________________
Total Topog. Entropy (AEM)               :        1015.160
------------------------------------------------------------
____________________________________________________________
Total Entropy                            :        1015.160
------------------------------------------------------------
