------------------------------------------------------------
Topographical entropy of residue side chains 
computed using all the dihedrals with AEM method
------------------------------------------------------------
Residue Topographical Entropy from AEM (NALA 1) : 1.7511
Residue Topographical Entropy from AEM (GLU 2) : 22.0576
Residue Topographical Entropy from AEM (ALA 3) : -0.0000
Residue Topographical Entropy from AEM (GLY 4) : -0.0000
Residue Topographical Entropy from AEM (ILE 5) : 1.6150
Residue Topographical Entropy from AEM (THR 6) : 1.5512
Residue Topographical Entropy from AEM (GLY 7) : -0.0000
Residue Topographical Entropy from AEM (THR 8) : 2.1406
Residue Topographical Entropy from AEM (TRP 9) : -0.0000
Residue Topographical Entropy from AEM (TYR 10) : 23.9991
Residue Topographical Entropy from AEM (ALA 11) : -0.0000
Residue Topographical Entropy from AEM (GLN 12) : 15.6721
Residue Topographical Entropy from AEM (LEU 13) : 7.9199
Residue Topographical Entropy from AEM (GLY 14) : -0.0000
Residue Topographical Entropy from AEM (SER 15) : 6.9183
Residue Topographical Entropy from AEM (THR 16) : 4.5067
Residue Topographical Entropy from AEM (PHE 17) : 0.3418
Residue Topographical Entropy from AEM (ILE 18) : 8.1410
Residue Topographical Entropy from AEM (VAL 19) : 1.7268
Residue Topographical Entropy from AEM (THR 20) : 6.3590
Residue Topographical Entropy from AEM (ALA 21) : -0.0000
Residue Topographical Entropy from AEM (GLY 22) : -0.0000
Residue Topographical Entropy from AEM (ALA 23) : -0.0000
Residue Topographical Entropy from AEM (ASP 24) : 12.6831
Residue Topographical Entropy from AEM (GLY 25) : -0.0000
Residue Topographical Entropy from AEM (ALA 26) : -0.0000
Residue Topographical Entropy from AEM (LEU 27) : 8.5912
Residue Topographical Entropy from AEM (THR 28) : 7.6281
Residue Topographical Entropy from AEM (GLY 29) : -0.0000
Residue Topographical Entropy from AEM (THR 30) : 5.6619
Residue Topographical Entropy from AEM (TYR 31) : 32.1643
Residue Topographical Entropy from AEM (GLU 32) : 14.1804
Residue Topographical Entropy from AEM (SER 33) : 4.1192
Residue Topographical Entropy from AEM (ALA 34) : -0.0000
Residue Topographical Entropy from AEM (VAL 35) : 8.7884
Residue Topographical Entropy from AEM (GLY 36) : -0.0000
Residue Topographical Entropy from AEM (ASN 37) : 13.8671
Residue Topographical Entropy from AEM (ALA 38) : -0.0000
Residue Topographical Entropy from AEM (GLU 39) : 23.5215
Residue Topographical Entropy from AEM (SER 40) : 8.6305
Residue Topographical Entropy from AEM (ARG 41) : 13.3753
Residue Topographical Entropy from AEM (TYR 42) : 31.5346
Residue Topographical Entropy from AEM (VAL 43) : 4.8706
Residue Topographical Entropy from AEM (LEU 44) : 6.1433
Residue Topographical Entropy from AEM (THR 45) : 2.3686
Residue Topographical Entropy from AEM (GLY 46) : -0.0000
Residue Topographical Entropy from AEM (ARG 47) : 0.5365
Residue Topographical Entropy from AEM (TYR 48) : 26.6958
Residue Topographical Entropy from AEM (ASP 49) : 0.1562
Residue Topographical Entropy from AEM (SER 50) : 3.1774
Residue Topographical Entropy from AEM (ALA 51) : -0.0000
Residue Topographical Entropy from AEM (PRO 52) : 6.6819
Residue Topographical Entropy from AEM (ALA 53) : -0.0000
Residue Topographical Entropy from AEM (THR 54) : 5.9081
Residue Topographical Entropy from AEM (ASP 55) : 5.4775
Residue Topographical Entropy from AEM (GLY 56) : -0.0000
Residue Topographical Entropy from AEM (SER 57) : 1.5809
Residue Topographical Entropy from AEM (GLY 58) : -0.0000
Residue Topographical Entropy from AEM (THR 59) : 0.6706
Residue Topographical Entropy from AEM (ALA 60) : -0.0000
Residue Topographical Entropy from AEM (LEU 61) : 7.5125
Residue Topographical Entropy from AEM (GLY 62) : -0.0000
Residue Topographical Entropy from AEM (TRP 63) : -0.0000
Residue Topographical Entropy from AEM (THR 64) : -0.0000
Residue Topographical Entropy from AEM (VAL 65) : 1.3431
Residue Topographical Entropy from AEM (ALA 66) : -0.0000
Residue Topographical Entropy from AEM (TRP 67) : 38.9237
Residue Topographical Entropy from AEM (LYS 68) : 21.6988
Residue Topographical Entropy from AEM (ASN 69) : 4.5864
Residue Topographical Entropy from AEM (ASN 70) : 14.2491
Residue Topographical Entropy from AEM (TYR 71) : 33.2296
Residue Topographical Entropy from AEM (ARG 72) : 19.8886
Residue Topographical Entropy from AEM (ASN 73) : 8.7735
Residue Topographical Entropy from AEM (ALA 74) : -0.0000
Residue Topographical Entropy from AEM (HID 75) : 23.5837
Residue Topographical Entropy from AEM (SER 76) : 2.1054
Residue Topographical Entropy from AEM (ALA 77) : -0.0000
Residue Topographical Entropy from AEM (THR 78) : -0.0000
Residue Topographical Entropy from AEM (THR 79) : -0.0000
Residue Topographical Entropy from AEM (TRP 80) : -0.0000
Residue Topographical Entropy from AEM (SER 81) : -0.0000
Residue Topographical Entropy from AEM (GLY 82) : -0.0000
Residue Topographical Entropy from AEM (GLN 83) : 8.0257
Residue Topographical Entropy from AEM (TYR 84) : -0.0000
Residue Topographical Entropy from AEM (VAL 85) : 1.9044
Residue Topographical Entropy from AEM (GLY 86) : -0.0000
Residue Topographical Entropy from AEM (GLY 87) : -0.0000
Residue Topographical Entropy from AEM (ALA 88) : -0.0000
Residue Topographical Entropy from AEM (GLU 89) : 21.4833
Residue Topographical Entropy from AEM (ALA 90) : -0.0000
Residue Topographical Entropy from AEM (ARG 91) : 5.2587
Residue Topographical Entropy from AEM (ILE 92) : 0.0250
Residue Topographical Entropy from AEM (ASN 93) : 4.8202
Residue Topographical Entropy from AEM (THR 94) : 5.3480
Residue Topographical Entropy from AEM (GLN 95) : 0.3324
Residue Topographical Entropy from AEM (TRP 96) : -0.0000
Residue Topographical Entropy from AEM (LEU 97) : 0.2681
Residue Topographical Entropy from AEM (LEU 98) : 3.2907
Residue Topographical Entropy from AEM (THR 99) : 2.5822
Residue Topographical Entropy from AEM (SER 100) : 8.5877
Residue Topographical Entropy from AEM (GLY 101) : -0.0000
Residue Topographical Entropy from AEM (THR 102) : 1.2058
Residue Topographical Entropy from AEM (THR 103) : 1.2543
Residue Topographical Entropy from AEM (GLU 104) : 20.1300
Residue Topographical Entropy from AEM (ALA 105) : -0.0000
Residue Topographical Entropy from AEM (ASN 106) : 4.4711
Residue Topographical Entropy from AEM (ALA 107) : -0.0000
Residue Topographical Entropy from AEM (TRP 108) : 37.8753
Residue Topographical Entropy from AEM (LYS 109) : 15.8718
Residue Topographical Entropy from AEM (SER 110) : 0.0269
Residue Topographical Entropy from AEM (THR 111) : -0.0000
Residue Topographical Entropy from AEM (LEU 112) : 1.3002
Residue Topographical Entropy from AEM (VAL 113) : -0.0000
Residue Topographical Entropy from AEM (GLY 114) : -0.0000
Residue Topographical Entropy from AEM (HID 115) : -0.0000
Residue Topographical Entropy from AEM (ASP 116) : 5.6148
Residue Topographical Entropy from AEM (THR 117) : -0.0000
Residue Topographical Entropy from AEM (PHE 118) : -0.0000
Residue Topographical Entropy from AEM (THR 119) : 5.5020
Residue Topographical Entropy from AEM (LYS 120) : 13.6412
Residue Topographical Entropy from AEM (VAL 121) : 5.3801
Residue Topographical Entropy from AEM (LYS 122) : 18.9750
Residue Topographical Entropy from AEM (PRO 123) : 6.1081
Residue Topographical Entropy from AEM (SER 124) : 8.4073
Residue Topographical Entropy from AEM (ALA 125) : -0.0000
Residue Topographical Entropy from AEM (ALA 126) : -0.0000
Residue Topographical Entropy from AEM (CSER 127) : 10.8564
____________________________________________________________
Total Topog. Entropy (AEM)               :         748.154
------------------------------------------------------------
____________________________________________________________
Total Entropy                            :         748.154
------------------------------------------------------------
