------------------------------------------------------------
Topographical entropy of residue side chains 
computed using all the dihedrals with AEM method
------------------------------------------------------------
Residue Topographical Entropy from AEM (NALA 1) : 1.0023
Residue Topographical Entropy from AEM (GLU 2) : 18.5064
Residue Topographical Entropy from AEM (ALA 3) : -0.0000
Residue Topographical Entropy from AEM (GLY 4) : -0.0000
Residue Topographical Entropy from AEM (ILE 5) : 0.7826
Residue Topographical Entropy from AEM (THR 6) : -0.0000
Residue Topographical Entropy from AEM (GLY 7) : -0.0000
Residue Topographical Entropy from AEM (THR 8) : 2.5727
Residue Topographical Entropy from AEM (TRP 9) : -0.0000
Residue Topographical Entropy from AEM (TYR 10) : -0.0000
Residue Topographical Entropy from AEM (ALA 11) : -0.0000
Residue Topographical Entropy from AEM (GLN 12) : 17.0985
Residue Topographical Entropy from AEM (LEU 13) : 8.0489
Residue Topographical Entropy from AEM (GLY 14) : -0.0000
Residue Topographical Entropy from AEM (SER 15) : 6.7240
Residue Topographical Entropy from AEM (THR 16) : -0.0000
Residue Topographical Entropy from AEM (PHE 17) : -0.0000
Residue Topographical Entropy from AEM (ILE 18) : 6.3690
Residue Topographical Entropy from AEM (VAL 19) : 2.4768
Residue Topographical Entropy from AEM (THR 20) : 7.3150
Residue Topographical Entropy from AEM (ALA 21) : -0.0000
Residue Topographical Entropy from AEM (GLY 22) : -0.0000
Residue Topographical Entropy from AEM (ALA 23) : -0.0000
Residue Topographical Entropy from AEM (ASP 24) : 12.5682
Residue Topographical Entropy from AEM (GLY 25) : -0.0000
Residue Topographical Entropy from AEM (ALA 26) : -0.0000
Residue Topographical Entropy from AEM (LEU 27) : 9.3075
Residue Topographical Entropy from AEM (THR 28) : 6.6018
Residue Topographical Entropy from AEM (GLY 29) : -0.0000
Residue Topographical Entropy from AEM (THR 30) : 2.1089
Residue Topographical Entropy from AEM (TYR 31) : 4.5236
Residue Topographical Entropy from AEM (GLU 32) : 5.7038
Residue Topographical Entropy from AEM (SER 33) : 3.3388
Residue Topographical Entropy from AEM (ALA 34) : -0.0000
Residue Topographical Entropy from AEM (VAL 35) : 2.8637
Residue Topographical Entropy from AEM (GLY 36) : -0.0000
Residue Topographical Entropy from AEM (ASN 37) : 11.2416
Residue Topographical Entropy from AEM (ALA 38) : -0.0000
Residue Topographical Entropy from AEM (GLU 39) : 21.6792
Residue Topographical Entropy from AEM (SER 40) : 5.6978
Residue Topographical Entropy from AEM (ARG 41) : 11.3535
Residue Topographical Entropy from AEM (TYR 42) : -0.0000
Residue Topographical Entropy from AEM (VAL 43) : 3.2365
Residue Topographical Entropy from AEM (LEU 44) : 8.7789
Residue Topographical Entropy from AEM (THR 45) : 2.6846
Residue Topographical Entropy from AEM (GLY 46) : -0.0000
Residue Topographical Entropy from AEM (ARG 47) : -0.0000
Residue Topographical Entropy from AEM (TYR 48) : -0.0000
Residue Topographical Entropy from AEM (ASP 49) : -0.0000
Residue Topographical Entropy from AEM (SER 50) : 0.8790
Residue Topographical Entropy from AEM (ALA 51) : -0.0000
Residue Topographical Entropy from AEM (PRO 52) : 3.1808
Residue Topographical Entropy from AEM (ALA 53) : -0.0000
Residue Topographical Entropy from AEM (THR 54) : 2.4962
Residue Topographical Entropy from AEM (ASP 55) : 5.7294
Residue Topographical Entropy from AEM (GLY 56) : -0.0000
Residue Topographical Entropy from AEM (SER 57) : -0.0000
Residue Topographical Entropy from AEM (GLY 58) : -0.0000
Residue Topographical Entropy from AEM (THR 59) : -0.0000
Residue Topographical Entropy from AEM (ALA 60) : -0.0000
Residue Topographical Entropy from AEM (LEU 61) : 6.2920
Residue Topographical Entropy from AEM (GLY 62) : -0.0000
Residue Topographical Entropy from AEM (TRP 63) : -0.0000
Residue Topographical Entropy from AEM (THR 64) : -0.0000
Residue Topographical Entropy from AEM (VAL 65) : -0.0000
Residue Topographical Entropy from AEM (ALA 66) : -0.0000
Residue Topographical Entropy from AEM (TRP 67) : 0.2168
Residue Topographical Entropy from AEM (LYS 68) : 15.2331
Residue Topographical Entropy from AEM (ASN 69) : 12.2048
Residue Topographical Entropy from AEM (ASN 70) : 5.2673
Residue Topographical Entropy from AEM (TYR 71) : 29.3853
Residue Topographical Entropy from AEM (ARG 72) : 19.3435
Residue Topographical Entropy from AEM (ASN 73) : 10.2360
Residue Topographical Entropy from AEM (ALA 74) : -0.0000
Residue Topographical Entropy from AEM (HID 75) : 24.0890
Residue Topographical Entropy from AEM (SER 76) : 4.8076
Residue Topographical Entropy from AEM (ALA 77) : -0.0000
Residue Topographical Entropy from AEM (THR 78) : -0.0000
Residue Topographical Entropy from AEM (THR 79) : -0.0000
Residue Topographical Entropy from AEM (TRP 80) : -0.0000
Residue Topographical Entropy from AEM (SER 81) : -0.0000
Residue Topographical Entropy from AEM (GLY 82) : -0.0000
Residue Topographical Entropy from AEM (GLN 83) : 5.5403
Residue Topographical Entropy from AEM (TYR 84) : -0.0000
Residue Topographical Entropy from AEM (VAL 85) : 0.0657
Residue Topographical Entropy from AEM (GLY 86) : -0.0000
Residue Topographical Entropy from AEM (GLY 87) : -0.0000
Residue Topographical Entropy from AEM (ALA 88) : -0.0000
Residue Topographical Entropy from AEM (GLU 89) : 21.4845
Residue Topographical Entropy from AEM (ALA 90) : -0.0000
Residue Topographical Entropy from AEM (ARG 91) : 5.1052
Residue Topographical Entropy from AEM (ILE 92) : 0.1200
Residue Topographical Entropy from AEM (ASN 93) : 2.8304
Residue Topographical Entropy from AEM (THR 94) : -0.0000
Residue Topographical Entropy from AEM (GLN 95) : 0.3012
Residue Topographical Entropy from AEM (TRP 96) : -0.0000
Residue Topographical Entropy from AEM (LEU 97) : -0.0000
Residue Topographical Entropy from AEM (LEU 98) : 4.9916
Residue Topographical Entropy from AEM (THR 99) : 5.7378
Residue Topographical Entropy from AEM (SER 100) : 9.0531
Residue Topographical Entropy from AEM (GLY 101) : -0.0000
Residue Topographical Entropy from AEM (THR 102) : 0.5468
Residue Topographical Entropy from AEM (THR 103) : 1.4273
Residue Topographical Entropy from AEM (GLU 104) : 17.1738
Residue Topographical Entropy from AEM (ALA 105) : -0.0000
Residue Topographical Entropy from AEM (ASN 106) : 4.5122
Residue Topographical Entropy from AEM (ALA 107) : -0.0000
Residue Topographical Entropy from AEM (TRP 108) : -0.0000
Residue Topographical Entropy from AEM (LYS 109) : 14.1541
Residue Topographical Entropy from AEM (SER 110) : -0.0000
Residue Topographical Entropy from AEM (THR 111) : -0.0000
Residue Topographical Entropy from AEM (LEU 112) : 2.0850
Residue Topographical Entropy from AEM (VAL 113) : -0.0000
Residue Topographical Entropy from AEM (GLY 114) : -0.0000
Residue Topographical Entropy from AEM (HID 115) : 0.2168
Residue Topographical Entropy from AEM (ASP 116) : 5.6837
Residue Topographical Entropy from AEM (THR 117) : -0.0000
Residue Topographical Entropy from AEM (PHE 118) : -0.0000
Residue Topographical Entropy from AEM (THR 119) : 5.6837
Residue Topographical Entropy from AEM (LYS 120) : 11.3640
Residue Topographical Entropy from AEM (VAL 121) : 5.2546
Residue Topographical Entropy from AEM (LYS 122) : 17.1366
Residue Topographical Entropy from AEM (PRO 123) : 5.7510
Residue Topographical Entropy from AEM (SER 124) : 8.1499
Residue Topographical Entropy from AEM (ALA 125) : -0.0000
Residue Topographical Entropy from AEM (ALA 126) : -0.0000
Residue Topographical Entropy from AEM (CSER 127) : 4.3846
____________________________________________________________
Total Topog. Entropy (AEM)               :         480.699
------------------------------------------------------------
____________________________________________________________
Total Entropy                            :         480.699
------------------------------------------------------------
