------------------------------------------------------------
Topographical entropy of residue side chains 
computed using all the dihedrals with correlation/pLogp formalism
------------------------------------------------------------
Side Chain Topographical Entropy from corr. pLogP method (NALA 1) : -0.0000
Side Chain Topographical Entropy from corr. pLogP method (GLU 2) : 24.2236
Side Chain Topographical Entropy from corr. pLogP method (ALA 3) : -0.0000
Side Chain Topographical Entropy from corr. pLogP method (GLY 4) : -0.0000
Side Chain Topographical Entropy from corr. pLogP method (ILE 5) : 3.6376
Side Chain Topographical Entropy from corr. pLogP method (THR 6) : 0.5578
Side Chain Topographical Entropy from corr. pLogP method (GLY 7) : -0.0000
Side Chain Topographical Entropy from corr. pLogP method (THR 8) : 2.2728
Side Chain Topographical Entropy from corr. pLogP method (TRP 9) : 5.1609
Side Chain Topographical Entropy from corr. pLogP method (TYR 10) : 11.4723
Side Chain Topographical Entropy from corr. pLogP method (ALA 11) : -0.0000
Side Chain Topographical Entropy from corr. pLogP method (GLN 12) : 22.1343
Side Chain Topographical Entropy from corr. pLogP method (LEU 13) : 9.7287
Side Chain Topographical Entropy from corr. pLogP method (GLY 14) : -0.0000
Side Chain Topographical Entropy from corr. pLogP method (SER 15) : 7.4946
Side Chain Topographical Entropy from corr. pLogP method (THR 16) : 4.1560
Side Chain Topographical Entropy from corr. pLogP method (PHE 17) : 4.5494
Side Chain Topographical Entropy from corr. pLogP method (ILE 18) : 11.0533
Side Chain Topographical Entropy from corr. pLogP method (VAL 19) : 5.0080
Side Chain Topographical Entropy from corr. pLogP method (THR 20) : 6.9253
Side Chain Topographical Entropy from corr. pLogP method (ALA 21) : -0.0000
Side Chain Topographical Entropy from corr. pLogP method (GLY 22) : -0.0000
Side Chain Topographical Entropy from corr. pLogP method (ALA 23) : -0.0000
Side Chain Topographical Entropy from corr. pLogP method (ASP 24) : 14.5159
Side Chain Topographical Entropy from corr. pLogP method (GLY 25) : -0.0000
Side Chain Topographical Entropy from corr. pLogP method (ALA 26) : -0.0000
Side Chain Topographical Entropy from corr. pLogP method (LEU 27) : 11.2077
Side Chain Topographical Entropy from corr. pLogP method (THR 28) : 8.9474
Side Chain Topographical Entropy from corr. pLogP method (GLY 29) : -0.0000
Side Chain Topographical Entropy from corr. pLogP method (THR 30) : 8.2212
Side Chain Topographical Entropy from corr. pLogP method (TYR 31) : 11.4890
Side Chain Topographical Entropy from corr. pLogP method (GLU 32) : 19.1842
Side Chain Topographical Entropy from corr. pLogP method (SER 33) : 7.5432
Side Chain Topographical Entropy from corr. pLogP method (ALA 34) : -0.0000
Side Chain Topographical Entropy from corr. pLogP method (VAL 35) : 8.4617
Side Chain Topographical Entropy from corr. pLogP method (GLY 36) : -0.0000
Side Chain Topographical Entropy from corr. pLogP method (ASN 37) : 14.9360
Side Chain Topographical Entropy from corr. pLogP method (ALA 38) : -0.0000
Side Chain Topographical Entropy from corr. pLogP method (GLU 39) : 20.2125
Side Chain Topographical Entropy from corr. pLogP method (SER 40) : 8.3843
Side Chain Topographical Entropy from corr. pLogP method (ARG 41) : 19.6889
Side Chain Topographical Entropy from corr. pLogP method (TYR 42) : 1.5004
Side Chain Topographical Entropy from corr. pLogP method (VAL 43) : 1.4460
Side Chain Topographical Entropy from corr. pLogP method (LEU 44) : 8.1817
Side Chain Topographical Entropy from corr. pLogP method (THR 45) : 6.7811
Side Chain Topographical Entropy from corr. pLogP method (GLY 46) : -0.0000
Side Chain Topographical Entropy from corr. pLogP method (ARG 47) : 4.0536
Side Chain Topographical Entropy from corr. pLogP method (TYR 48) : 10.6500
Side Chain Topographical Entropy from corr. pLogP method (ASP 49) : 10.6938
Side Chain Topographical Entropy from corr. pLogP method (SER 50) : 4.6725
Side Chain Topographical Entropy from corr. pLogP method (ALA 51) : -0.0000
Side Chain Topographical Entropy from corr. pLogP method (PRO 52) : 15.6007
Side Chain Topographical Entropy from corr. pLogP method (ALA 53) : -0.0000
Side Chain Topographical Entropy from corr. pLogP method (THR 54) : 8.9752
Side Chain Topographical Entropy from corr. pLogP method (ASP 55) : 14.7671
Side Chain Topographical Entropy from corr. pLogP method (GLY 56) : -0.0000
Side Chain Topographical Entropy from corr. pLogP method (SER 57) : 7.6118
Side Chain Topographical Entropy from corr. pLogP method (GLY 58) : -0.0000
Side Chain Topographical Entropy from corr. pLogP method (THR 59) : 0.9024
Side Chain Topographical Entropy from corr. pLogP method (ALA 60) : -0.0000
Side Chain Topographical Entropy from corr. pLogP method (LEU 61) : 5.9632
Side Chain Topographical Entropy from corr. pLogP method (GLY 62) : -0.0000
Side Chain Topographical Entropy from corr. pLogP method (TRP 63) : 4.6769
Side Chain Topographical Entropy from corr. pLogP method (THR 64) : 1.1986
Side Chain Topographical Entropy from corr. pLogP method (VAL 65) : 2.2704
Side Chain Topographical Entropy from corr. pLogP method (ALA 66) : -0.0000
Side Chain Topographical Entropy from corr. pLogP method (TRP 67) : 3.3256
Side Chain Topographical Entropy from corr. pLogP method (LYS 68) : 17.6662
Side Chain Topographical Entropy from corr. pLogP method (ASN 69) : 13.9483
Side Chain Topographical Entropy from corr. pLogP method (ASN 70) : 14.2594
Side Chain Topographical Entropy from corr. pLogP method (TYR 71) : 15.9119
Side Chain Topographical Entropy from corr. pLogP method (ARG 72) : 20.1292
Side Chain Topographical Entropy from corr. pLogP method (ASN 73) : 3.2602
Side Chain Topographical Entropy from corr. pLogP method (ALA 74) : -0.0000
Side Chain Topographical Entropy from corr. pLogP method (HID 75) : 4.3777
Side Chain Topographical Entropy from corr. pLogP method (SER 76) : 1.5365
Side Chain Topographical Entropy from corr. pLogP method (ALA 77) : -0.0000
Side Chain Topographical Entropy from corr. pLogP method (THR 78) : 0.6150
Side Chain Topographical Entropy from corr. pLogP method (THR 79) : 1.0593
Side Chain Topographical Entropy from corr. pLogP method (TRP 80) : 8.2628
Side Chain Topographical Entropy from corr. pLogP method (SER 81) : 2.7531
Side Chain Topographical Entropy from corr. pLogP method (GLY 82) : -0.0000
Side Chain Topographical Entropy from corr. pLogP method (GLN 83) : 14.9567
Side Chain Topographical Entropy from corr. pLogP method (TYR 84) : 4.1166
Side Chain Topographical Entropy from corr. pLogP method (VAL 85) : 4.9668
Side Chain Topographical Entropy from corr. pLogP method (GLY 86) : -0.0000
Side Chain Topographical Entropy from corr. pLogP method (GLY 87) : -0.0000
Side Chain Topographical Entropy from corr. pLogP method (ALA 88) : -0.0000
Side Chain Topographical Entropy from corr. pLogP method (GLU 89) : 21.5630
Side Chain Topographical Entropy from corr. pLogP method (ALA 90) : -0.0000
Side Chain Topographical Entropy from corr. pLogP method (ARG 91) : 12.8681
Side Chain Topographical Entropy from corr. pLogP method (ILE 92) : 3.1509
Side Chain Topographical Entropy from corr. pLogP method (ASN 93) : 7.6889
Side Chain Topographical Entropy from corr. pLogP method (THR 94) : 2.5794
Side Chain Topographical Entropy from corr. pLogP method (GLN 95) : 8.6119
Side Chain Topographical Entropy from corr. pLogP method (TRP 96) : 4.9529
Side Chain Topographical Entropy from corr. pLogP method (LEU 97) : 4.2821
Side Chain Topographical Entropy from corr. pLogP method (LEU 98) : 1.8594
Side Chain Topographical Entropy from corr. pLogP method (THR 99) : 0.9553
Side Chain Topographical Entropy from corr. pLogP method (SER 100) : 7.8186
Side Chain Topographical Entropy from corr. pLogP method (GLY 101) : -0.0000
Side Chain Topographical Entropy from corr. pLogP method (THR 102) : 7.4045
Side Chain Topographical Entropy from corr. pLogP method (THR 103) : 6.4016
Side Chain Topographical Entropy from corr. pLogP method (GLU 104) : 23.3326
Side Chain Topographical Entropy from corr. pLogP method (ALA 105) : -0.0000
Side Chain Topographical Entropy from corr. pLogP method (ASN 106) : 6.5672
Side Chain Topographical Entropy from corr. pLogP method (ALA 107) : -0.0000
Side Chain Topographical Entropy from corr. pLogP method (TRP 108) : 7.4902
Side Chain Topographical Entropy from corr. pLogP method (LYS 109) : 15.1137
Side Chain Topographical Entropy from corr. pLogP method (SER 110) : 2.1522
Side Chain Topographical Entropy from corr. pLogP method (THR 111) : 0.7933
Side Chain Topographical Entropy from corr. pLogP method (LEU 112) : 3.5802
Side Chain Topographical Entropy from corr. pLogP method (VAL 113) : 0.9881
Side Chain Topographical Entropy from corr. pLogP method (GLY 114) : -0.0000
Side Chain Topographical Entropy from corr. pLogP method (HID 115) : 3.5505
Side Chain Topographical Entropy from corr. pLogP method (ASP 116) : 9.2936
Side Chain Topographical Entropy from corr. pLogP method (THR 117) : 6.1840
Side Chain Topographical Entropy from corr. pLogP method (PHE 118) : 4.4802
Side Chain Topographical Entropy from corr. pLogP method (THR 119) : 6.8144
Side Chain Topographical Entropy from corr. pLogP method (LYS 120) : 15.5913
Side Chain Topographical Entropy from corr. pLogP method (VAL 121) : 5.6008
Side Chain Topographical Entropy from corr. pLogP method (LYS 122) : 18.9718
Side Chain Topographical Entropy from corr. pLogP method (PRO 123) : 16.6103
Side Chain Topographical Entropy from corr. pLogP method (SER 124) : 8.7267
Side Chain Topographical Entropy from corr. pLogP method (ALA 125) : -0.0000
Side Chain Topographical Entropy from corr. pLogP method (ALA 126) : -0.0000
Side Chain Topographical Entropy from corr. pLogP method (CSER 127) : 4.2668
____________________________________________________________
Total SC Topog. Entropy (corr. pLogP)    :         762.502
------------------------------------------------------------
____________________________________________________________
Total BB Topog. Entropy (corr. pLogP)    :          50.738
------------------------------------------------------------
____________________________________________________________
Total Entropy                            :         813.240
------------------------------------------------------------
------------------------------------------------------------
Topographical entropy of residue side chains 
computed using all the dihedrals with correlation/pLogp formalism
------------------------------------------------------------
Side Chain Topographical Entropy from corr. pLogP method (NALA 1) : -0.0000
Side Chain Topographical Entropy from corr. pLogP method (GLU 2) : 22.5653
Side Chain Topographical Entropy from corr. pLogP method (ALA 3) : -0.0000
Side Chain Topographical Entropy from corr. pLogP method (GLY 4) : -0.0000
Side Chain Topographical Entropy from corr. pLogP method (ILE 5) : 2.3842
Side Chain Topographical Entropy from corr. pLogP method (THR 6) : 0.3103
Side Chain Topographical Entropy from corr. pLogP method (GLY 7) : -0.0000
Side Chain Topographical Entropy from corr. pLogP method (THR 8) : 1.4042
Side Chain Topographical Entropy from corr. pLogP method (TRP 9) : 2.4437
Side Chain Topographical Entropy from corr. pLogP method (TYR 10) : 10.6886
Side Chain Topographical Entropy from corr. pLogP method (ALA 11) : -0.0000
Side Chain Topographical Entropy from corr. pLogP method (GLN 12) : 20.0652
Side Chain Topographical Entropy from corr. pLogP method (LEU 13) : 6.9694
Side Chain Topographical Entropy from corr. pLogP method (GLY 14) : -0.0000
Side Chain Topographical Entropy from corr. pLogP method (SER 15) : 5.5795
Side Chain Topographical Entropy from corr. pLogP method (THR 16) : 1.5973
Side Chain Topographical Entropy from corr. pLogP method (PHE 17) : 2.4913
Side Chain Topographical Entropy from corr. pLogP method (ILE 18) : 9.2689
Side Chain Topographical Entropy from corr. pLogP method (VAL 19) : 2.4348
Side Chain Topographical Entropy from corr. pLogP method (THR 20) : 6.8725
Side Chain Topographical Entropy from corr. pLogP method (ALA 21) : -0.0000
Side Chain Topographical Entropy from corr. pLogP method (GLY 22) : -0.0000
Side Chain Topographical Entropy from corr. pLogP method (ALA 23) : -0.0000
Side Chain Topographical Entropy from corr. pLogP method (ASP 24) : 16.1541
Side Chain Topographical Entropy from corr. pLogP method (GLY 25) : -0.0000
Side Chain Topographical Entropy from corr. pLogP method (ALA 26) : -0.0000
Side Chain Topographical Entropy from corr. pLogP method (LEU 27) : 9.3674
Side Chain Topographical Entropy from corr. pLogP method (THR 28) : 8.8837
Side Chain Topographical Entropy from corr. pLogP method (GLY 29) : -0.0000
Side Chain Topographical Entropy from corr. pLogP method (THR 30) : 9.0862
Side Chain Topographical Entropy from corr. pLogP method (TYR 31) : 7.1451
Side Chain Topographical Entropy from corr. pLogP method (GLU 32) : 16.9572
Side Chain Topographical Entropy from corr. pLogP method (SER 33) : 7.5998
Side Chain Topographical Entropy from corr. pLogP method (ALA 34) : -0.0000
Side Chain Topographical Entropy from corr. pLogP method (VAL 35) : 9.0594
Side Chain Topographical Entropy from corr. pLogP method (GLY 36) : -0.0000
Side Chain Topographical Entropy from corr. pLogP method (ASN 37) : 14.1741
Side Chain Topographical Entropy from corr. pLogP method (ALA 38) : -0.0000
Side Chain Topographical Entropy from corr. pLogP method (GLU 39) : 16.8013
Side Chain Topographical Entropy from corr. pLogP method (SER 40) : 8.6178
Side Chain Topographical Entropy from corr. pLogP method (ARG 41) : 16.2510
Side Chain Topographical Entropy from corr. pLogP method (TYR 42) : 1.8408
Side Chain Topographical Entropy from corr. pLogP method (VAL 43) : 0.3824
Side Chain Topographical Entropy from corr. pLogP method (LEU 44) : 5.1681
Side Chain Topographical Entropy from corr. pLogP method (THR 45) : 7.1946
Side Chain Topographical Entropy from corr. pLogP method (GLY 46) : -0.0000
Side Chain Topographical Entropy from corr. pLogP method (ARG 47) : 0.6986
Side Chain Topographical Entropy from corr. pLogP method (TYR 48) : 5.3802
Side Chain Topographical Entropy from corr. pLogP method (ASP 49) : 4.1229
Side Chain Topographical Entropy from corr. pLogP method (SER 50) : 3.0916
Side Chain Topographical Entropy from corr. pLogP method (ALA 51) : -0.0000
Side Chain Topographical Entropy from corr. pLogP method (PRO 52) : 14.6415
Side Chain Topographical Entropy from corr. pLogP method (ALA 53) : -0.0000
Side Chain Topographical Entropy from corr. pLogP method (THR 54) : 5.5797
Side Chain Topographical Entropy from corr. pLogP method (ASP 55) : 11.8876
Side Chain Topographical Entropy from corr. pLogP method (GLY 56) : -0.0000
Side Chain Topographical Entropy from corr. pLogP method (SER 57) : 2.8399
Side Chain Topographical Entropy from corr. pLogP method (GLY 58) : -0.0000
Side Chain Topographical Entropy from corr. pLogP method (THR 59) : 0.9361
Side Chain Topographical Entropy from corr. pLogP method (ALA 60) : -0.0000
Side Chain Topographical Entropy from corr. pLogP method (LEU 61) : 4.3420
Side Chain Topographical Entropy from corr. pLogP method (GLY 62) : -0.0000
Side Chain Topographical Entropy from corr. pLogP method (TRP 63) : 1.8109
Side Chain Topographical Entropy from corr. pLogP method (THR 64) : 0.0742
Side Chain Topographical Entropy from corr. pLogP method (VAL 65) : 0.0966
Side Chain Topographical Entropy from corr. pLogP method (ALA 66) : -0.0000
Side Chain Topographical Entropy from corr. pLogP method (TRP 67) : 2.3051
Side Chain Topographical Entropy from corr. pLogP method (LYS 68) : 12.4666
Side Chain Topographical Entropy from corr. pLogP method (ASN 69) : 9.0865
Side Chain Topographical Entropy from corr. pLogP method (ASN 70) : 15.0798
Side Chain Topographical Entropy from corr. pLogP method (TYR 71) : 13.4025
Side Chain Topographical Entropy from corr. pLogP method (ARG 72) : 21.1719
Side Chain Topographical Entropy from corr. pLogP method (ASN 73) : 7.1160
Side Chain Topographical Entropy from corr. pLogP method (ALA 74) : -0.0000
Side Chain Topographical Entropy from corr. pLogP method (HID 75) : 5.6609
Side Chain Topographical Entropy from corr. pLogP method (SER 76) : 1.9848
Side Chain Topographical Entropy from corr. pLogP method (ALA 77) : -0.0000
Side Chain Topographical Entropy from corr. pLogP method (THR 78) : 0.6814
Side Chain Topographical Entropy from corr. pLogP method (THR 79) : 0.9031
Side Chain Topographical Entropy from corr. pLogP method (TRP 80) : 4.1983
Side Chain Topographical Entropy from corr. pLogP method (SER 81) : 4.1813
Side Chain Topographical Entropy from corr. pLogP method (GLY 82) : -0.0000
Side Chain Topographical Entropy from corr. pLogP method (GLN 83) : 10.4570
Side Chain Topographical Entropy from corr. pLogP method (TYR 84) : 3.0151
Side Chain Topographical Entropy from corr. pLogP method (VAL 85) : 2.9108
Side Chain Topographical Entropy from corr. pLogP method (GLY 86) : -0.0000
Side Chain Topographical Entropy from corr. pLogP method (GLY 87) : -0.0000
Side Chain Topographical Entropy from corr. pLogP method (ALA 88) : -0.0000
Side Chain Topographical Entropy from corr. pLogP method (GLU 89) : 20.5316
Side Chain Topographical Entropy from corr. pLogP method (ALA 90) : -0.0000
Side Chain Topographical Entropy from corr. pLogP method (ARG 91) : 14.1109
Side Chain Topographical Entropy from corr. pLogP method (ILE 92) : 2.7951
Side Chain Topographical Entropy from corr. pLogP method (ASN 93) : 8.6911
Side Chain Topographical Entropy from corr. pLogP method (THR 94) : 5.6192
Side Chain Topographical Entropy from corr. pLogP method (GLN 95) : 5.6153
Side Chain Topographical Entropy from corr. pLogP method (TRP 96) : 2.7926
Side Chain Topographical Entropy from corr. pLogP method (LEU 97) : 1.7838
Side Chain Topographical Entropy from corr. pLogP method (LEU 98) : 1.5229
Side Chain Topographical Entropy from corr. pLogP method (THR 99) : 0.6351
Side Chain Topographical Entropy from corr. pLogP method (SER 100) : 7.8950
Side Chain Topographical Entropy from corr. pLogP method (GLY 101) : -0.0000
Side Chain Topographical Entropy from corr. pLogP method (THR 102) : 6.2694
Side Chain Topographical Entropy from corr. pLogP method (THR 103) : 2.7413
Side Chain Topographical Entropy from corr. pLogP method (GLU 104) : 23.5212
Side Chain Topographical Entropy from corr. pLogP method (ALA 105) : -0.0000
Side Chain Topographical Entropy from corr. pLogP method (ASN 106) : 6.2429
Side Chain Topographical Entropy from corr. pLogP method (ALA 107) : -0.0000
Side Chain Topographical Entropy from corr. pLogP method (TRP 108) : 11.4560
Side Chain Topographical Entropy from corr. pLogP method (LYS 109) : 14.5301
Side Chain Topographical Entropy from corr. pLogP method (SER 110) : 0.9560
Side Chain Topographical Entropy from corr. pLogP method (THR 111) : 0.6599
Side Chain Topographical Entropy from corr. pLogP method (LEU 112) : 2.4017
Side Chain Topographical Entropy from corr. pLogP method (VAL 113) : 1.6260
Side Chain Topographical Entropy from corr. pLogP method (GLY 114) : -0.0000
Side Chain Topographical Entropy from corr. pLogP method (HID 115) : 11.0212
Side Chain Topographical Entropy from corr. pLogP method (ASP 116) : 7.4915
Side Chain Topographical Entropy from corr. pLogP method (THR 117) : 6.3849
Side Chain Topographical Entropy from corr. pLogP method (PHE 118) : 2.2531
Side Chain Topographical Entropy from corr. pLogP method (THR 119) : 6.2218
Side Chain Topographical Entropy from corr. pLogP method (LYS 120) : 15.4808
Side Chain Topographical Entropy from corr. pLogP method (VAL 121) : 5.7328
Side Chain Topographical Entropy from corr. pLogP method (LYS 122) : 18.6964
Side Chain Topographical Entropy from corr. pLogP method (PRO 123) : 16.6298
Side Chain Topographical Entropy from corr. pLogP method (SER 124) : 9.0122
Side Chain Topographical Entropy from corr. pLogP method (ALA 125) : -0.0000
Side Chain Topographical Entropy from corr. pLogP method (ALA 126) : -0.0000
Side Chain Topographical Entropy from corr. pLogP method (CSER 127) : 4.9019
____________________________________________________________
Total SC Topog. Entropy (corr. pLogP)    :         666.104
------------------------------------------------------------
____________________________________________________________
Total BB Topog. Entropy (corr. pLogP)    :          43.009
------------------------------------------------------------
____________________________________________________________
Total Entropy                            :         709.113
------------------------------------------------------------
------------------------------------------------------------
Topographical entropy of residue side chains 
computed using all the dihedrals with correlation/pLogp formalism
------------------------------------------------------------
Side Chain Topographical Entropy from corr. pLogP method (NALA 1) : -0.0000
Side Chain Topographical Entropy from corr. pLogP method (GLU 2) : 22.9619
Side Chain Topographical Entropy from corr. pLogP method (ALA 3) : -0.0000
Side Chain Topographical Entropy from corr. pLogP method (GLY 4) : -0.0000
Side Chain Topographical Entropy from corr. pLogP method (ILE 5) : 2.7982
Side Chain Topographical Entropy from corr. pLogP method (THR 6) : 1.5495
Side Chain Topographical Entropy from corr. pLogP method (GLY 7) : -0.0000
Side Chain Topographical Entropy from corr. pLogP method (THR 8) : 1.6742
Side Chain Topographical Entropy from corr. pLogP method (TRP 9) : 4.5079
Side Chain Topographical Entropy from corr. pLogP method (TYR 10) : 10.3522
Side Chain Topographical Entropy from corr. pLogP method (ALA 11) : -0.0000
Side Chain Topographical Entropy from corr. pLogP method (GLN 12) : 20.9691
Side Chain Topographical Entropy from corr. pLogP method (LEU 13) : 8.4430
Side Chain Topographical Entropy from corr. pLogP method (GLY 14) : -0.0000
Side Chain Topographical Entropy from corr. pLogP method (SER 15) : 7.4854
Side Chain Topographical Entropy from corr. pLogP method (THR 16) : 6.2316
Side Chain Topographical Entropy from corr. pLogP method (PHE 17) : 4.6688
Side Chain Topographical Entropy from corr. pLogP method (ILE 18) : 11.0419
Side Chain Topographical Entropy from corr. pLogP method (VAL 19) : 4.8120
Side Chain Topographical Entropy from corr. pLogP method (THR 20) : 4.3837
Side Chain Topographical Entropy from corr. pLogP method (ALA 21) : -0.0000
Side Chain Topographical Entropy from corr. pLogP method (GLY 22) : -0.0000
Side Chain Topographical Entropy from corr. pLogP method (ALA 23) : -0.0000
Side Chain Topographical Entropy from corr. pLogP method (ASP 24) : 13.7107
Side Chain Topographical Entropy from corr. pLogP method (GLY 25) : -0.0000
Side Chain Topographical Entropy from corr. pLogP method (ALA 26) : -0.0000
Side Chain Topographical Entropy from corr. pLogP method (LEU 27) : 10.1136
Side Chain Topographical Entropy from corr. pLogP method (THR 28) : 9.0213
Side Chain Topographical Entropy from corr. pLogP method (GLY 29) : -0.0000
Side Chain Topographical Entropy from corr. pLogP method (THR 30) : 6.4556
Side Chain Topographical Entropy from corr. pLogP method (TYR 31) : 10.0929
Side Chain Topographical Entropy from corr. pLogP method (GLU 32) : 16.5633
Side Chain Topographical Entropy from corr. pLogP method (SER 33) : 6.3224
Side Chain Topographical Entropy from corr. pLogP method (ALA 34) : -0.0000
Side Chain Topographical Entropy from corr. pLogP method (VAL 35) : 8.5950
Side Chain Topographical Entropy from corr. pLogP method (GLY 36) : -0.0000
Side Chain Topographical Entropy from corr. pLogP method (ASN 37) : 15.6988
Side Chain Topographical Entropy from corr. pLogP method (ALA 38) : -0.0000
Side Chain Topographical Entropy from corr. pLogP method (GLU 39) : 20.5562
Side Chain Topographical Entropy from corr. pLogP method (SER 40) : 8.7429
Side Chain Topographical Entropy from corr. pLogP method (ARG 41) : 16.3031
Side Chain Topographical Entropy from corr. pLogP method (TYR 42) : 2.7339
Side Chain Topographical Entropy from corr. pLogP method (VAL 43) : 2.0041
Side Chain Topographical Entropy from corr. pLogP method (LEU 44) : 2.8936
Side Chain Topographical Entropy from corr. pLogP method (THR 45) : 6.3934
Side Chain Topographical Entropy from corr. pLogP method (GLY 46) : -0.0000
Side Chain Topographical Entropy from corr. pLogP method (ARG 47) : 1.9283
Side Chain Topographical Entropy from corr. pLogP method (TYR 48) : 7.9874
Side Chain Topographical Entropy from corr. pLogP method (ASP 49) : 9.4512
Side Chain Topographical Entropy from corr. pLogP method (SER 50) : 3.1713
Side Chain Topographical Entropy from corr. pLogP method (ALA 51) : -0.0000
Side Chain Topographical Entropy from corr. pLogP method (PRO 52) : 14.2380
Side Chain Topographical Entropy from corr. pLogP method (ALA 53) : -0.0000
Side Chain Topographical Entropy from corr. pLogP method (THR 54) : 7.4242
Side Chain Topographical Entropy from corr. pLogP method (ASP 55) : 16.2024
Side Chain Topographical Entropy from corr. pLogP method (GLY 56) : -0.0000
Side Chain Topographical Entropy from corr. pLogP method (SER 57) : 7.4777
Side Chain Topographical Entropy from corr. pLogP method (GLY 58) : -0.0000
Side Chain Topographical Entropy from corr. pLogP method (THR 59) : 1.2744
Side Chain Topographical Entropy from corr. pLogP method (ALA 60) : -0.0000
Side Chain Topographical Entropy from corr. pLogP method (LEU 61) : 6.1862
Side Chain Topographical Entropy from corr. pLogP method (GLY 62) : -0.0000
Side Chain Topographical Entropy from corr. pLogP method (TRP 63) : 2.9359
Side Chain Topographical Entropy from corr. pLogP method (THR 64) : 0.4099
Side Chain Topographical Entropy from corr. pLogP method (VAL 65) : 1.3172
Side Chain Topographical Entropy from corr. pLogP method (ALA 66) : -0.0000
Side Chain Topographical Entropy from corr. pLogP method (TRP 67) : 4.5590
Side Chain Topographical Entropy from corr. pLogP method (LYS 68) : 18.3888
Side Chain Topographical Entropy from corr. pLogP method (ASN 69) : 9.9276
Side Chain Topographical Entropy from corr. pLogP method (ASN 70) : 14.3072
Side Chain Topographical Entropy from corr. pLogP method (TYR 71) : 19.6795
Side Chain Topographical Entropy from corr. pLogP method (ARG 72) : 20.7159
Side Chain Topographical Entropy from corr. pLogP method (ASN 73) : 11.0994
Side Chain Topographical Entropy from corr. pLogP method (ALA 74) : -0.0000
Side Chain Topographical Entropy from corr. pLogP method (HID 75) : 6.8075
Side Chain Topographical Entropy from corr. pLogP method (SER 76) : 1.8276
Side Chain Topographical Entropy from corr. pLogP method (ALA 77) : -0.0000
Side Chain Topographical Entropy from corr. pLogP method (THR 78) : 0.8443
Side Chain Topographical Entropy from corr. pLogP method (THR 79) : 0.6054
Side Chain Topographical Entropy from corr. pLogP method (TRP 80) : 4.4889
Side Chain Topographical Entropy from corr. pLogP method (SER 81) : 3.4016
Side Chain Topographical Entropy from corr. pLogP method (GLY 82) : -0.0000
Side Chain Topographical Entropy from corr. pLogP method (GLN 83) : 13.4523
Side Chain Topographical Entropy from corr. pLogP method (TYR 84) : 3.4985
Side Chain Topographical Entropy from corr. pLogP method (VAL 85) : 2.6895
Side Chain Topographical Entropy from corr. pLogP method (GLY 86) : -0.0000
Side Chain Topographical Entropy from corr. pLogP method (GLY 87) : -0.0000
Side Chain Topographical Entropy from corr. pLogP method (ALA 88) : -0.0000
Side Chain Topographical Entropy from corr. pLogP method (GLU 89) : 22.6030
Side Chain Topographical Entropy from corr. pLogP method (ALA 90) : -0.0000
Side Chain Topographical Entropy from corr. pLogP method (ARG 91) : 15.3373
Side Chain Topographical Entropy from corr. pLogP method (ILE 92) : 1.5778
Side Chain Topographical Entropy from corr. pLogP method (ASN 93) : 9.3347
Side Chain Topographical Entropy from corr. pLogP method (THR 94) : 3.1360
Side Chain Topographical Entropy from corr. pLogP method (GLN 95) : 4.4307
Side Chain Topographical Entropy from corr. pLogP method (TRP 96) : 2.0544
Side Chain Topographical Entropy from corr. pLogP method (LEU 97) : 6.4388
Side Chain Topographical Entropy from corr. pLogP method (LEU 98) : 2.2396
Side Chain Topographical Entropy from corr. pLogP method (THR 99) : 0.9420
Side Chain Topographical Entropy from corr. pLogP method (SER 100) : 8.2238
Side Chain Topographical Entropy from corr. pLogP method (GLY 101) : -0.0000
Side Chain Topographical Entropy from corr. pLogP method (THR 102) : 7.1449
Side Chain Topographical Entropy from corr. pLogP method (THR 103) : 5.1015
Side Chain Topographical Entropy from corr. pLogP method (GLU 104) : 23.6229
Side Chain Topographical Entropy from corr. pLogP method (ALA 105) : -0.0000
Side Chain Topographical Entropy from corr. pLogP method (ASN 106) : 6.8869
Side Chain Topographical Entropy from corr. pLogP method (ALA 107) : -0.0000
Side Chain Topographical Entropy from corr. pLogP method (TRP 108) : 6.6068
Side Chain Topographical Entropy from corr. pLogP method (LYS 109) : 14.6039
Side Chain Topographical Entropy from corr. pLogP method (SER 110) : 2.8021
Side Chain Topographical Entropy from corr. pLogP method (THR 111) : 0.2322
Side Chain Topographical Entropy from corr. pLogP method (LEU 112) : 2.8702
Side Chain Topographical Entropy from corr. pLogP method (VAL 113) : -0.0000
Side Chain Topographical Entropy from corr. pLogP method (GLY 114) : -0.0000
Side Chain Topographical Entropy from corr. pLogP method (HID 115) : 8.8646
Side Chain Topographical Entropy from corr. pLogP method (ASP 116) : 7.9813
Side Chain Topographical Entropy from corr. pLogP method (THR 117) : 5.7028
Side Chain Topographical Entropy from corr. pLogP method (PHE 118) : 2.5252
Side Chain Topographical Entropy from corr. pLogP method (THR 119) : 6.1418
Side Chain Topographical Entropy from corr. pLogP method (LYS 120) : 16.2097
Side Chain Topographical Entropy from corr. pLogP method (VAL 121) : 6.6175
Side Chain Topographical Entropy from corr. pLogP method (LYS 122) : 20.7054
Side Chain Topographical Entropy from corr. pLogP method (PRO 123) : 17.2583
Side Chain Topographical Entropy from corr. pLogP method (SER 124) : 8.5266
Side Chain Topographical Entropy from corr. pLogP method (ALA 125) : -0.0000
Side Chain Topographical Entropy from corr. pLogP method (ALA 126) : -0.0000
Side Chain Topographical Entropy from corr. pLogP method (CSER 127) : 5.5317
____________________________________________________________
Total SC Topog. Entropy (corr. pLogP)    :         736.632
------------------------------------------------------------
____________________________________________________________
Total BB Topog. Entropy (corr. pLogP)    :          36.046
------------------------------------------------------------
____________________________________________________________
Total Entropy                            :         772.678
------------------------------------------------------------
------------------------------------------------------------
Topographical entropy of residue side chains 
computed using all the dihedrals with correlation/pLogp formalism
------------------------------------------------------------
Side Chain Topographical Entropy from corr. pLogP method (NALA 1) : -0.0000
Side Chain Topographical Entropy from corr. pLogP method (GLU 2) : 22.6317
Side Chain Topographical Entropy from corr. pLogP method (ALA 3) : -0.0000
Side Chain Topographical Entropy from corr. pLogP method (GLY 4) : -0.0000
Side Chain Topographical Entropy from corr. pLogP method (ILE 5) : 1.8821
Side Chain Topographical Entropy from corr. pLogP method (THR 6) : 0.8147
Side Chain Topographical Entropy from corr. pLogP method (GLY 7) : -0.0000
Side Chain Topographical Entropy from corr. pLogP method (THR 8) : 1.2917
Side Chain Topographical Entropy from corr. pLogP method (TRP 9) : 0.3384
Side Chain Topographical Entropy from corr. pLogP method (TYR 10) : 6.5051
Side Chain Topographical Entropy from corr. pLogP method (ALA 11) : -0.0000
Side Chain Topographical Entropy from corr. pLogP method (GLN 12) : 19.9471
Side Chain Topographical Entropy from corr. pLogP method (LEU 13) : 7.9029
Side Chain Topographical Entropy from corr. pLogP method (GLY 14) : -0.0000
Side Chain Topographical Entropy from corr. pLogP method (SER 15) : 6.0787
Side Chain Topographical Entropy from corr. pLogP method (THR 16) : 3.1882
Side Chain Topographical Entropy from corr. pLogP method (PHE 17) : 0.6455
Side Chain Topographical Entropy from corr. pLogP method (ILE 18) : 10.1017
Side Chain Topographical Entropy from corr. pLogP method (VAL 19) : 3.0468
Side Chain Topographical Entropy from corr. pLogP method (THR 20) : 7.2687
Side Chain Topographical Entropy from corr. pLogP method (ALA 21) : -0.0000
Side Chain Topographical Entropy from corr. pLogP method (GLY 22) : -0.0000
Side Chain Topographical Entropy from corr. pLogP method (ALA 23) : -0.0000
Side Chain Topographical Entropy from corr. pLogP method (ASP 24) : 14.1129
Side Chain Topographical Entropy from corr. pLogP method (GLY 25) : -0.0000
Side Chain Topographical Entropy from corr. pLogP method (ALA 26) : -0.0000
Side Chain Topographical Entropy from corr. pLogP method (LEU 27) : 10.9368
Side Chain Topographical Entropy from corr. pLogP method (THR 28) : 9.0330
Side Chain Topographical Entropy from corr. pLogP method (GLY 29) : -0.0000
Side Chain Topographical Entropy from corr. pLogP method (THR 30) : 7.3996
Side Chain Topographical Entropy from corr. pLogP method (TYR 31) : 8.2918
Side Chain Topographical Entropy from corr. pLogP method (GLU 32) : 17.5034
Side Chain Topographical Entropy from corr. pLogP method (SER 33) : 7.3508
Side Chain Topographical Entropy from corr. pLogP method (ALA 34) : -0.0000
Side Chain Topographical Entropy from corr. pLogP method (VAL 35) : 8.7304
Side Chain Topographical Entropy from corr. pLogP method (GLY 36) : -0.0000
Side Chain Topographical Entropy from corr. pLogP method (ASN 37) : 15.4331
Side Chain Topographical Entropy from corr. pLogP method (ALA 38) : -0.0000
Side Chain Topographical Entropy from corr. pLogP method (GLU 39) : 21.0157
Side Chain Topographical Entropy from corr. pLogP method (SER 40) : 8.7209
Side Chain Topographical Entropy from corr. pLogP method (ARG 41) : 15.2286
Side Chain Topographical Entropy from corr. pLogP method (TYR 42) : 2.1047
Side Chain Topographical Entropy from corr. pLogP method (VAL 43) : 1.3916
Side Chain Topographical Entropy from corr. pLogP method (LEU 44) : 3.5977
Side Chain Topographical Entropy from corr. pLogP method (THR 45) : 6.9071
Side Chain Topographical Entropy from corr. pLogP method (GLY 46) : -0.0000
Side Chain Topographical Entropy from corr. pLogP method (ARG 47) : 4.7332
Side Chain Topographical Entropy from corr. pLogP method (TYR 48) : 10.2087
Side Chain Topographical Entropy from corr. pLogP method (ASP 49) : 7.9967
Side Chain Topographical Entropy from corr. pLogP method (SER 50) : 7.0504
Side Chain Topographical Entropy from corr. pLogP method (ALA 51) : -0.0000
Side Chain Topographical Entropy from corr. pLogP method (PRO 52) : 16.5804
Side Chain Topographical Entropy from corr. pLogP method (ALA 53) : -0.0000
Side Chain Topographical Entropy from corr. pLogP method (THR 54) : 8.9137
Side Chain Topographical Entropy from corr. pLogP method (ASP 55) : 16.1438
Side Chain Topographical Entropy from corr. pLogP method (GLY 56) : -0.0000
Side Chain Topographical Entropy from corr. pLogP method (SER 57) : 7.3556
Side Chain Topographical Entropy from corr. pLogP method (GLY 58) : -0.0000
Side Chain Topographical Entropy from corr. pLogP method (THR 59) : 4.1663
Side Chain Topographical Entropy from corr. pLogP method (ALA 60) : -0.0000
Side Chain Topographical Entropy from corr. pLogP method (LEU 61) : 6.2338
Side Chain Topographical Entropy from corr. pLogP method (GLY 62) : -0.0000
Side Chain Topographical Entropy from corr. pLogP method (TRP 63) : -0.0000
Side Chain Topographical Entropy from corr. pLogP method (THR 64) : 0.0386
Side Chain Topographical Entropy from corr. pLogP method (VAL 65) : 0.0826
Side Chain Topographical Entropy from corr. pLogP method (ALA 66) : -0.0000
Side Chain Topographical Entropy from corr. pLogP method (TRP 67) : 1.0766
Side Chain Topographical Entropy from corr. pLogP method (LYS 68) : 17.8199
Side Chain Topographical Entropy from corr. pLogP method (ASN 69) : 13.3894
Side Chain Topographical Entropy from corr. pLogP method (ASN 70) : 15.9118
Side Chain Topographical Entropy from corr. pLogP method (TYR 71) : 15.2897
Side Chain Topographical Entropy from corr. pLogP method (ARG 72) : 20.0506
Side Chain Topographical Entropy from corr. pLogP method (ASN 73) : 15.2359
Side Chain Topographical Entropy from corr. pLogP method (ALA 74) : -0.0000
Side Chain Topographical Entropy from corr. pLogP method (HID 75) : 3.2674
Side Chain Topographical Entropy from corr. pLogP method (SER 76) : 2.2530
Side Chain Topographical Entropy from corr. pLogP method (ALA 77) : -0.0000
Side Chain Topographical Entropy from corr. pLogP method (THR 78) : 0.5224
Side Chain Topographical Entropy from corr. pLogP method (THR 79) : 5.4857
Side Chain Topographical Entropy from corr. pLogP method (TRP 80) : 2.7390
Side Chain Topographical Entropy from corr. pLogP method (SER 81) : 1.2975
Side Chain Topographical Entropy from corr. pLogP method (GLY 82) : -0.0000
Side Chain Topographical Entropy from corr. pLogP method (GLN 83) : 17.0698
Side Chain Topographical Entropy from corr. pLogP method (TYR 84) : 1.4830
Side Chain Topographical Entropy from corr. pLogP method (VAL 85) : 4.5975
Side Chain Topographical Entropy from corr. pLogP method (GLY 86) : -0.0000
Side Chain Topographical Entropy from corr. pLogP method (GLY 87) : -0.0000
Side Chain Topographical Entropy from corr. pLogP method (ALA 88) : -0.0000
Side Chain Topographical Entropy from corr. pLogP method (GLU 89) : 21.7087
Side Chain Topographical Entropy from corr. pLogP method (ALA 90) : -0.0000
Side Chain Topographical Entropy from corr. pLogP method (ARG 91) : 13.9644
Side Chain Topographical Entropy from corr. pLogP method (ILE 92) : 0.3626
Side Chain Topographical Entropy from corr. pLogP method (ASN 93) : 10.3845
Side Chain Topographical Entropy from corr. pLogP method (THR 94) : 5.7360
Side Chain Topographical Entropy from corr. pLogP method (GLN 95) : 15.1924
Side Chain Topographical Entropy from corr. pLogP method (TRP 96) : 4.0239
Side Chain Topographical Entropy from corr. pLogP method (LEU 97) : 4.5935
Side Chain Topographical Entropy from corr. pLogP method (LEU 98) : 4.6356
Side Chain Topographical Entropy from corr. pLogP method (THR 99) : 0.8803
Side Chain Topographical Entropy from corr. pLogP method (SER 100) : 6.9320
Side Chain Topographical Entropy from corr. pLogP method (GLY 101) : -0.0000
Side Chain Topographical Entropy from corr. pLogP method (THR 102) : 6.4090
Side Chain Topographical Entropy from corr. pLogP method (THR 103) : 4.3021
Side Chain Topographical Entropy from corr. pLogP method (GLU 104) : 23.0904
Side Chain Topographical Entropy from corr. pLogP method (ALA 105) : -0.0000
Side Chain Topographical Entropy from corr. pLogP method (ASN 106) : 5.0757
Side Chain Topographical Entropy from corr. pLogP method (ALA 107) : -0.0000
Side Chain Topographical Entropy from corr. pLogP method (TRP 108) : 8.1661
Side Chain Topographical Entropy from corr. pLogP method (LYS 109) : 12.3233
Side Chain Topographical Entropy from corr. pLogP method (SER 110) : 4.8191
Side Chain Topographical Entropy from corr. pLogP method (THR 111) : 0.9639
Side Chain Topographical Entropy from corr. pLogP method (LEU 112) : 3.6333
Side Chain Topographical Entropy from corr. pLogP method (VAL 113) : 1.0594
Side Chain Topographical Entropy from corr. pLogP method (GLY 114) : -0.0000
Side Chain Topographical Entropy from corr. pLogP method (HID 115) : 6.8437
Side Chain Topographical Entropy from corr. pLogP method (ASP 116) : 8.1938
Side Chain Topographical Entropy from corr. pLogP method (THR 117) : 3.1764
Side Chain Topographical Entropy from corr. pLogP method (PHE 118) : 0.5894
Side Chain Topographical Entropy from corr. pLogP method (THR 119) : 5.8863
Side Chain Topographical Entropy from corr. pLogP method (LYS 120) : 13.2400
Side Chain Topographical Entropy from corr. pLogP method (VAL 121) : 5.3967
Side Chain Topographical Entropy from corr. pLogP method (LYS 122) : 18.5908
Side Chain Topographical Entropy from corr. pLogP method (PRO 123) : 15.4372
Side Chain Topographical Entropy from corr. pLogP method (SER 124) : 8.7454
Side Chain Topographical Entropy from corr. pLogP method (ALA 125) : -0.0000
Side Chain Topographical Entropy from corr. pLogP method (ALA 126) : -0.0000
Side Chain Topographical Entropy from corr. pLogP method (CSER 127) : 4.5024
____________________________________________________________
Total SC Topog. Entropy (corr. pLogP)    :         725.253
------------------------------------------------------------
____________________________________________________________
Total BB Topog. Entropy (corr. pLogP)    :          43.756
------------------------------------------------------------
____________________________________________________________
Total Entropy                            :         769.009
------------------------------------------------------------
------------------------------------------------------------
Topographical entropy of residue side chains 
computed using all the dihedrals with correlation/pLogp formalism
------------------------------------------------------------
Side Chain Topographical Entropy from corr. pLogP method (NALA 1) : -0.0000
Side Chain Topographical Entropy from corr. pLogP method (GLU 2) : 22.9758
Side Chain Topographical Entropy from corr. pLogP method (ALA 3) : -0.0000
Side Chain Topographical Entropy from corr. pLogP method (GLY 4) : -0.0000
Side Chain Topographical Entropy from corr. pLogP method (ILE 5) : 3.5401
Side Chain Topographical Entropy from corr. pLogP method (THR 6) : 1.8170
Side Chain Topographical Entropy from corr. pLogP method (GLY 7) : -0.0000
Side Chain Topographical Entropy from corr. pLogP method (THR 8) : 2.8154
Side Chain Topographical Entropy from corr. pLogP method (TRP 9) : 8.2891
Side Chain Topographical Entropy from corr. pLogP method (TYR 10) : 13.9417
Side Chain Topographical Entropy from corr. pLogP method (ALA 11) : -0.0000
Side Chain Topographical Entropy from corr. pLogP method (GLN 12) : 22.0395
Side Chain Topographical Entropy from corr. pLogP method (LEU 13) : 8.8106
Side Chain Topographical Entropy from corr. pLogP method (GLY 14) : -0.0000
Side Chain Topographical Entropy from corr. pLogP method (SER 15) : 5.3536
Side Chain Topographical Entropy from corr. pLogP method (THR 16) : 4.4574
Side Chain Topographical Entropy from corr. pLogP method (PHE 17) : 6.2078
Side Chain Topographical Entropy from corr. pLogP method (ILE 18) : 10.7202
Side Chain Topographical Entropy from corr. pLogP method (VAL 19) : 4.6102
Side Chain Topographical Entropy from corr. pLogP method (THR 20) : 6.6729
Side Chain Topographical Entropy from corr. pLogP method (ALA 21) : -0.0000
Side Chain Topographical Entropy from corr. pLogP method (GLY 22) : -0.0000
Side Chain Topographical Entropy from corr. pLogP method (ALA 23) : -0.0000
Side Chain Topographical Entropy from corr. pLogP method (ASP 24) : 15.4081
Side Chain Topographical Entropy from corr. pLogP method (GLY 25) : -0.0000
Side Chain Topographical Entropy from corr. pLogP method (ALA 26) : -0.0000
Side Chain Topographical Entropy from corr. pLogP method (LEU 27) : 10.5800
Side Chain Topographical Entropy from corr. pLogP method (THR 28) : 8.9378
Side Chain Topographical Entropy from corr. pLogP method (GLY 29) : -0.0000
Side Chain Topographical Entropy from corr. pLogP method (THR 30) : 8.4618
Side Chain Topographical Entropy from corr. pLogP method (TYR 31) : 11.5868
Side Chain Topographical Entropy from corr. pLogP method (GLU 32) : 18.6540
Side Chain Topographical Entropy from corr. pLogP method (SER 33) : 8.2338
Side Chain Topographical Entropy from corr. pLogP method (ALA 34) : -0.0000
Side Chain Topographical Entropy from corr. pLogP method (VAL 35) : 8.7358
Side Chain Topographical Entropy from corr. pLogP method (GLY 36) : -0.0000
Side Chain Topographical Entropy from corr. pLogP method (ASN 37) : 15.7161
Side Chain Topographical Entropy from corr. pLogP method (ALA 38) : -0.0000
Side Chain Topographical Entropy from corr. pLogP method (GLU 39) : 21.3821
Side Chain Topographical Entropy from corr. pLogP method (SER 40) : 5.5258
Side Chain Topographical Entropy from corr. pLogP method (ARG 41) : 15.6106
Side Chain Topographical Entropy from corr. pLogP method (TYR 42) : 6.0393
Side Chain Topographical Entropy from corr. pLogP method (VAL 43) : 1.7714
Side Chain Topographical Entropy from corr. pLogP method (LEU 44) : 4.0744
Side Chain Topographical Entropy from corr. pLogP method (THR 45) : 4.7380
Side Chain Topographical Entropy from corr. pLogP method (GLY 46) : -0.0000
Side Chain Topographical Entropy from corr. pLogP method (ARG 47) : 9.9340
Side Chain Topographical Entropy from corr. pLogP method (TYR 48) : 9.7685
Side Chain Topographical Entropy from corr. pLogP method (ASP 49) : 10.5660
Side Chain Topographical Entropy from corr. pLogP method (SER 50) : 6.1459
Side Chain Topographical Entropy from corr. pLogP method (ALA 51) : -0.0000
Side Chain Topographical Entropy from corr. pLogP method (PRO 52) : 16.0615
Side Chain Topographical Entropy from corr. pLogP method (ALA 53) : -0.0000
Side Chain Topographical Entropy from corr. pLogP method (THR 54) : 8.9803
Side Chain Topographical Entropy from corr. pLogP method (ASP 55) : 15.4661
Side Chain Topographical Entropy from corr. pLogP method (GLY 56) : -0.0000
Side Chain Topographical Entropy from corr. pLogP method (SER 57) : 7.9765
Side Chain Topographical Entropy from corr. pLogP method (GLY 58) : -0.0000
Side Chain Topographical Entropy from corr. pLogP method (THR 59) : 2.0363
Side Chain Topographical Entropy from corr. pLogP method (ALA 60) : -0.0000
Side Chain Topographical Entropy from corr. pLogP method (LEU 61) : 5.6063
Side Chain Topographical Entropy from corr. pLogP method (GLY 62) : -0.0000
Side Chain Topographical Entropy from corr. pLogP method (TRP 63) : 5.7684
Side Chain Topographical Entropy from corr. pLogP method (THR 64) : 0.9228
Side Chain Topographical Entropy from corr. pLogP method (VAL 65) : 0.8358
Side Chain Topographical Entropy from corr. pLogP method (ALA 66) : -0.0000
Side Chain Topographical Entropy from corr. pLogP method (TRP 67) : 6.6664
Side Chain Topographical Entropy from corr. pLogP method (LYS 68) : 17.5412
Side Chain Topographical Entropy from corr. pLogP method (ASN 69) : 8.5267
Side Chain Topographical Entropy from corr. pLogP method (ASN 70) : 15.0510
Side Chain Topographical Entropy from corr. pLogP method (TYR 71) : 14.1758
Side Chain Topographical Entropy from corr. pLogP method (ARG 72) : 18.1545
Side Chain Topographical Entropy from corr. pLogP method (ASN 73) : 9.4515
Side Chain Topographical Entropy from corr. pLogP method (ALA 74) : -0.0000
Side Chain Topographical Entropy from corr. pLogP method (HID 75) : 8.4294
Side Chain Topographical Entropy from corr. pLogP method (SER 76) : 2.3995
Side Chain Topographical Entropy from corr. pLogP method (ALA 77) : -0.0000
Side Chain Topographical Entropy from corr. pLogP method (THR 78) : 1.2237
Side Chain Topographical Entropy from corr. pLogP method (THR 79) : 0.8476
Side Chain Topographical Entropy from corr. pLogP method (TRP 80) : 7.5461
Side Chain Topographical Entropy from corr. pLogP method (SER 81) : 1.0487
Side Chain Topographical Entropy from corr. pLogP method (GLY 82) : -0.0000
Side Chain Topographical Entropy from corr. pLogP method (GLN 83) : 12.2691
Side Chain Topographical Entropy from corr. pLogP method (TYR 84) : 13.3020
Side Chain Topographical Entropy from corr. pLogP method (VAL 85) : 3.5207
Side Chain Topographical Entropy from corr. pLogP method (GLY 86) : -0.0000
Side Chain Topographical Entropy from corr. pLogP method (GLY 87) : -0.0000
Side Chain Topographical Entropy from corr. pLogP method (ALA 88) : -0.0000
Side Chain Topographical Entropy from corr. pLogP method (GLU 89) : 21.9114
Side Chain Topographical Entropy from corr. pLogP method (ALA 90) : -0.0000
Side Chain Topographical Entropy from corr. pLogP method (ARG 91) : 14.7245
Side Chain Topographical Entropy from corr. pLogP method (ILE 92) : 2.9598
Side Chain Topographical Entropy from corr. pLogP method (ASN 93) : 9.1324
Side Chain Topographical Entropy from corr. pLogP method (THR 94) : 6.2247
Side Chain Topographical Entropy from corr. pLogP method (GLN 95) : 5.4864
Side Chain Topographical Entropy from corr. pLogP method (TRP 96) : 8.2211
Side Chain Topographical Entropy from corr. pLogP method (LEU 97) : 4.0258
Side Chain Topographical Entropy from corr. pLogP method (LEU 98) : 4.2829
Side Chain Topographical Entropy from corr. pLogP method (THR 99) : 2.5202
Side Chain Topographical Entropy from corr. pLogP method (SER 100) : 8.7019
Side Chain Topographical Entropy from corr. pLogP method (GLY 101) : -0.0000
Side Chain Topographical Entropy from corr. pLogP method (THR 102) : 4.4303
Side Chain Topographical Entropy from corr. pLogP method (THR 103) : 1.1892
Side Chain Topographical Entropy from corr. pLogP method (GLU 104) : 21.0458
Side Chain Topographical Entropy from corr. pLogP method (ALA 105) : -0.0000
Side Chain Topographical Entropy from corr. pLogP method (ASN 106) : 6.9396
Side Chain Topographical Entropy from corr. pLogP method (ALA 107) : -0.0000
Side Chain Topographical Entropy from corr. pLogP method (TRP 108) : 13.7707
Side Chain Topographical Entropy from corr. pLogP method (LYS 109) : 21.3435
Side Chain Topographical Entropy from corr. pLogP method (SER 110) : 3.2346
Side Chain Topographical Entropy from corr. pLogP method (THR 111) : 1.5860
Side Chain Topographical Entropy from corr. pLogP method (LEU 112) : 5.5266
Side Chain Topographical Entropy from corr. pLogP method (VAL 113) : 1.8893
Side Chain Topographical Entropy from corr. pLogP method (GLY 114) : -0.0000
Side Chain Topographical Entropy from corr. pLogP method (HID 115) : 14.5151
Side Chain Topographical Entropy from corr. pLogP method (ASP 116) : 10.7178
Side Chain Topographical Entropy from corr. pLogP method (THR 117) : 7.3940
Side Chain Topographical Entropy from corr. pLogP method (PHE 118) : 7.1090
Side Chain Topographical Entropy from corr. pLogP method (THR 119) : 4.9682
Side Chain Topographical Entropy from corr. pLogP method (LYS 120) : 17.9684
Side Chain Topographical Entropy from corr. pLogP method (VAL 121) : 5.6353
Side Chain Topographical Entropy from corr. pLogP method (LYS 122) : 21.6033
Side Chain Topographical Entropy from corr. pLogP method (PRO 123) : 18.9957
Side Chain Topographical Entropy from corr. pLogP method (SER 124) : 8.5448
Side Chain Topographical Entropy from corr. pLogP method (ALA 125) : -0.0000
Side Chain Topographical Entropy from corr. pLogP method (ALA 126) : -0.0000
Side Chain Topographical Entropy from corr. pLogP method (CSER 127) : 4.9994
____________________________________________________________
Total SC Topog. Entropy (corr. pLogP)    :         819.527
------------------------------------------------------------
____________________________________________________________
Total BB Topog. Entropy (corr. pLogP)    :          59.058
------------------------------------------------------------
____________________________________________________________
Total Entropy                            :         878.585
------------------------------------------------------------
