------------------------------------------------------------
Topographical entropy of residue side chains 
computed using all the dihedrals with AEM method
------------------------------------------------------------
Residue Topographical Entropy from AEM (NALA 1) : 2.0808
Residue Topographical Entropy from AEM (GLU 2) : 24.1369
Residue Topographical Entropy from AEM (ALA 3) : -0.0000
Residue Topographical Entropy from AEM (GLY 4) : -0.0000
Residue Topographical Entropy from AEM (ILE 5) : 2.5670
Residue Topographical Entropy from AEM (THR 6) : 0.3050
Residue Topographical Entropy from AEM (GLY 7) : -0.0000
Residue Topographical Entropy from AEM (THR 8) : 1.3958
Residue Topographical Entropy from AEM (TRP 9) : 34.2826
Residue Topographical Entropy from AEM (TYR 10) : 26.5477
Residue Topographical Entropy from AEM (ALA 11) : -0.0000
Residue Topographical Entropy from AEM (GLN 12) : 17.2529
Residue Topographical Entropy from AEM (LEU 13) : 7.3198
Residue Topographical Entropy from AEM (GLY 14) : -0.0000
Residue Topographical Entropy from AEM (SER 15) : 5.5798
Residue Topographical Entropy from AEM (THR 16) : 2.0884
Residue Topographical Entropy from AEM (PHE 17) : 27.8490
Residue Topographical Entropy from AEM (ILE 18) : 10.1350
Residue Topographical Entropy from AEM (VAL 19) : 0.8184
Residue Topographical Entropy from AEM (THR 20) : 6.8970
Residue Topographical Entropy from AEM (ALA 21) : -0.0000
Residue Topographical Entropy from AEM (GLY 22) : -0.0000
Residue Topographical Entropy from AEM (ALA 23) : -0.0000
Residue Topographical Entropy from AEM (ASP 24) : 11.7133
Residue Topographical Entropy from AEM (GLY 25) : -0.0000
Residue Topographical Entropy from AEM (ALA 26) : -0.0000
Residue Topographical Entropy from AEM (LEU 27) : 8.8042
Residue Topographical Entropy from AEM (THR 28) : 8.8719
Residue Topographical Entropy from AEM (GLY 29) : -0.0000
Residue Topographical Entropy from AEM (THR 30) : 9.0867
Residue Topographical Entropy from AEM (TYR 31) : 24.6793
Residue Topographical Entropy from AEM (GLU 32) : 13.8266
Residue Topographical Entropy from AEM (SER 33) : 7.5546
Residue Topographical Entropy from AEM (ALA 34) : -0.0000
Residue Topographical Entropy from AEM (VAL 35) : 9.0630
Residue Topographical Entropy from AEM (GLY 36) : -0.0000
Residue Topographical Entropy from AEM (ASN 37) : 11.5623
Residue Topographical Entropy from AEM (ALA 38) : -0.0000
Residue Topographical Entropy from AEM (GLU 39) : 15.4858
Residue Topographical Entropy from AEM (SER 40) : 8.6423
Residue Topographical Entropy from AEM (ARG 41) : 15.1492
Residue Topographical Entropy from AEM (TYR 42) : 24.4319
Residue Topographical Entropy from AEM (VAL 43) : 0.4833
Residue Topographical Entropy from AEM (LEU 44) : 4.6793
Residue Topographical Entropy from AEM (THR 45) : 7.1339
Residue Topographical Entropy from AEM (GLY 46) : -0.0000
Residue Topographical Entropy from AEM (ARG 47) : 0.5311
Residue Topographical Entropy from AEM (TYR 48) : 21.2740
Residue Topographical Entropy from AEM (ASP 49) : 0.5636
Residue Topographical Entropy from AEM (SER 50) : 3.0378
Residue Topographical Entropy from AEM (ALA 51) : -0.0000
Residue Topographical Entropy from AEM (PRO 52) : 8.4110
Residue Topographical Entropy from AEM (ALA 53) : -0.0000
Residue Topographical Entropy from AEM (THR 54) : 5.2141
Residue Topographical Entropy from AEM (ASP 55) : 8.5438
Residue Topographical Entropy from AEM (GLY 56) : -0.0000
Residue Topographical Entropy from AEM (SER 57) : 2.8412
Residue Topographical Entropy from AEM (GLY 58) : -0.0000
Residue Topographical Entropy from AEM (THR 59) : 0.3139
Residue Topographical Entropy from AEM (ALA 60) : -0.0000
Residue Topographical Entropy from AEM (LEU 61) : 3.6271
Residue Topographical Entropy from AEM (GLY 62) : -0.0000
Residue Topographical Entropy from AEM (TRP 63) : 42.0975
Residue Topographical Entropy from AEM (THR 64) : 0.0243
Residue Topographical Entropy from AEM (VAL 65) : 0.0085
Residue Topographical Entropy from AEM (ALA 66) : -0.0000
Residue Topographical Entropy from AEM (TRP 67) : 37.8177
Residue Topographical Entropy from AEM (LYS 68) : 11.9870
Residue Topographical Entropy from AEM (ASN 69) : 3.5678
Residue Topographical Entropy from AEM (ASN 70) : 12.0115
Residue Topographical Entropy from AEM (TYR 71) : 32.6104
Residue Topographical Entropy from AEM (ARG 72) : 20.9565
Residue Topographical Entropy from AEM (ASN 73) : 4.2088
Residue Topographical Entropy from AEM (ALA 74) : -0.0000
Residue Topographical Entropy from AEM (HID 75) : 22.0893
Residue Topographical Entropy from AEM (SER 76) : 1.9892
Residue Topographical Entropy from AEM (ALA 77) : -0.0000
Residue Topographical Entropy from AEM (THR 78) : 0.8216
Residue Topographical Entropy from AEM (THR 79) : 0.8668
Residue Topographical Entropy from AEM (TRP 80) : 36.0639
Residue Topographical Entropy from AEM (SER 81) : 1.1235
Residue Topographical Entropy from AEM (GLY 82) : -0.0000
Residue Topographical Entropy from AEM (GLN 83) : 8.4284
Residue Topographical Entropy from AEM (TYR 84) : 28.8979
Residue Topographical Entropy from AEM (VAL 85) : 2.5349
Residue Topographical Entropy from AEM (GLY 86) : -0.0000
Residue Topographical Entropy from AEM (GLY 87) : -0.0000
Residue Topographical Entropy from AEM (ALA 88) : -0.0000
Residue Topographical Entropy from AEM (GLU 89) : 21.4842
Residue Topographical Entropy from AEM (ALA 90) : -0.0000
Residue Topographical Entropy from AEM (ARG 91) : 13.1953
Residue Topographical Entropy from AEM (ILE 92) : 1.9095
Residue Topographical Entropy from AEM (ASN 93) : 7.6574
Residue Topographical Entropy from AEM (THR 94) : 5.6301
Residue Topographical Entropy from AEM (GLN 95) : 2.6863
Residue Topographical Entropy from AEM (TRP 96) : 42.5223
Residue Topographical Entropy from AEM (LEU 97) : 1.9232
Residue Topographical Entropy from AEM (LEU 98) : 1.5079
Residue Topographical Entropy from AEM (THR 99) : 0.0420
Residue Topographical Entropy from AEM (SER 100) : 7.8968
Residue Topographical Entropy from AEM (GLY 101) : -0.0000
Residue Topographical Entropy from AEM (THR 102) : 6.2209
Residue Topographical Entropy from AEM (THR 103) : 2.6777
Residue Topographical Entropy from AEM (GLU 104) : 25.5457
Residue Topographical Entropy from AEM (ALA 105) : -0.0000
Residue Topographical Entropy from AEM (ASN 106) : 6.4882
Residue Topographical Entropy from AEM (ALA 107) : -0.0000
Residue Topographical Entropy from AEM (TRP 108) : 39.9986
Residue Topographical Entropy from AEM (LYS 109) : 14.4145
Residue Topographical Entropy from AEM (SER 110) : 1.0405
Residue Topographical Entropy from AEM (THR 111) : 0.8842
Residue Topographical Entropy from AEM (LEU 112) : 2.7670
Residue Topographical Entropy from AEM (VAL 113) : 1.5813
Residue Topographical Entropy from AEM (GLY 114) : -0.0000
Residue Topographical Entropy from AEM (HID 115) : 23.7717
Residue Topographical Entropy from AEM (ASP 116) : 5.2944
Residue Topographical Entropy from AEM (THR 117) : 6.3424
Residue Topographical Entropy from AEM (PHE 118) : 28.1123
Residue Topographical Entropy from AEM (THR 119) : 6.5479
Residue Topographical Entropy from AEM (LYS 120) : 15.2474
Residue Topographical Entropy from AEM (VAL 121) : 5.3362
Residue Topographical Entropy from AEM (LYS 122) : 18.6179
Residue Topographical Entropy from AEM (PRO 123) : 8.2626
Residue Topographical Entropy from AEM (SER 124) : 9.0159
Residue Topographical Entropy from AEM (ALA 125) : -0.0000
Residue Topographical Entropy from AEM (ALA 126) : -0.0000
Residue Topographical Entropy from AEM (CSER 127) : 7.2050
____________________________________________________________
Total Topog. Entropy (AEM)               :        1014.714
------------------------------------------------------------
____________________________________________________________
Total Entropy                            :        1014.714
------------------------------------------------------------
