------------------------------------------------------------
Topographical entropy of residue side chains 
computed using all the dihedrals with AEM method
------------------------------------------------------------
Residue Topographical Entropy from AEM (NALA 1) : 2.1452
Residue Topographical Entropy from AEM (GLU 2) : 23.3271
Residue Topographical Entropy from AEM (ALA 3) : -0.0000
Residue Topographical Entropy from AEM (GLY 4) : -0.0000
Residue Topographical Entropy from AEM (ILE 5) : 1.4362
Residue Topographical Entropy from AEM (THR 6) : 0.1601
Residue Topographical Entropy from AEM (GLY 7) : -0.0000
Residue Topographical Entropy from AEM (THR 8) : 6.7288
Residue Topographical Entropy from AEM (TRP 9) : 37.4640
Residue Topographical Entropy from AEM (TYR 10) : 22.9843
Residue Topographical Entropy from AEM (ALA 11) : -0.0000
Residue Topographical Entropy from AEM (GLN 12) : 18.3482
Residue Topographical Entropy from AEM (LEU 13) : 4.1584
Residue Topographical Entropy from AEM (GLY 14) : -0.0000
Residue Topographical Entropy from AEM (SER 15) : 0.3052
Residue Topographical Entropy from AEM (THR 16) : 1.7380
Residue Topographical Entropy from AEM (PHE 17) : 29.5416
Residue Topographical Entropy from AEM (ILE 18) : 4.1700
Residue Topographical Entropy from AEM (VAL 19) : 3.7795
Residue Topographical Entropy from AEM (THR 20) : 6.2803
Residue Topographical Entropy from AEM (ALA 21) : -0.0000
Residue Topographical Entropy from AEM (GLY 22) : -0.0000
Residue Topographical Entropy from AEM (ALA 23) : -0.0000
Residue Topographical Entropy from AEM (ASP 24) : 12.5071
Residue Topographical Entropy from AEM (GLY 25) : -0.0000
Residue Topographical Entropy from AEM (ALA 26) : -0.0000
Residue Topographical Entropy from AEM (LEU 27) : 9.2471
Residue Topographical Entropy from AEM (THR 28) : 8.7882
Residue Topographical Entropy from AEM (GLY 29) : -0.0000
Residue Topographical Entropy from AEM (THR 30) : 3.6001
Residue Topographical Entropy from AEM (TYR 31) : 21.5085
Residue Topographical Entropy from AEM (GLU 32) : 7.6325
Residue Topographical Entropy from AEM (SER 33) : 6.2455
Residue Topographical Entropy from AEM (ALA 34) : -0.0000
Residue Topographical Entropy from AEM (VAL 35) : 6.4478
Residue Topographical Entropy from AEM (GLY 36) : -0.0000
Residue Topographical Entropy from AEM (ASN 37) : 9.8178
Residue Topographical Entropy from AEM (ALA 38) : -0.0000
Residue Topographical Entropy from AEM (GLU 39) : 22.7117
Residue Topographical Entropy from AEM (SER 40) : 5.4415
Residue Topographical Entropy from AEM (ARG 41) : 3.5106
Residue Topographical Entropy from AEM (TYR 42) : 21.5816
Residue Topographical Entropy from AEM (VAL 43) : 0.9522
Residue Topographical Entropy from AEM (LEU 44) : 0.4676
Residue Topographical Entropy from AEM (THR 45) : 6.0614
Residue Topographical Entropy from AEM (GLY 46) : -0.0000
Residue Topographical Entropy from AEM (ARG 47) : 0.3637
Residue Topographical Entropy from AEM (TYR 48) : 26.4568
Residue Topographical Entropy from AEM (ASP 49) : 4.2539
Residue Topographical Entropy from AEM (SER 50) : 1.1900
Residue Topographical Entropy from AEM (ALA 51) : -0.0000
Residue Topographical Entropy from AEM (PRO 52) : 6.5348
Residue Topographical Entropy from AEM (ALA 53) : -0.0000
Residue Topographical Entropy from AEM (THR 54) : 6.9060
Residue Topographical Entropy from AEM (ASP 55) : 8.3697
Residue Topographical Entropy from AEM (GLY 56) : -0.0000
Residue Topographical Entropy from AEM (SER 57) : 3.3576
Residue Topographical Entropy from AEM (GLY 58) : -0.0000
Residue Topographical Entropy from AEM (THR 59) : 3.4327
Residue Topographical Entropy from AEM (ALA 60) : -0.0000
Residue Topographical Entropy from AEM (LEU 61) : 4.8335
Residue Topographical Entropy from AEM (GLY 62) : -0.0000
Residue Topographical Entropy from AEM (TRP 63) : -0.0000
Residue Topographical Entropy from AEM (THR 64) : 1.3484
Residue Topographical Entropy from AEM (VAL 65) : 0.3464
Residue Topographical Entropy from AEM (ALA 66) : -0.0000
Residue Topographical Entropy from AEM (TRP 67) : 38.3362
Residue Topographical Entropy from AEM (LYS 68) : 13.6481
Residue Topographical Entropy from AEM (ASN 69) : 1.3519
Residue Topographical Entropy from AEM (ASN 70) : 14.5006
Residue Topographical Entropy from AEM (TYR 71) : 32.8847
Residue Topographical Entropy from AEM (ARG 72) : 14.7727
Residue Topographical Entropy from AEM (ASN 73) : 8.5003
Residue Topographical Entropy from AEM (ALA 74) : -0.0000
Residue Topographical Entropy from AEM (HID 75) : 19.6445
Residue Topographical Entropy from AEM (SER 76) : 3.7201
Residue Topographical Entropy from AEM (ALA 77) : -0.0000
Residue Topographical Entropy from AEM (THR 78) : 0.1453
Residue Topographical Entropy from AEM (THR 79) : 1.2807
Residue Topographical Entropy from AEM (TRP 80) : 14.6357
Residue Topographical Entropy from AEM (SER 81) : 0.5272
Residue Topographical Entropy from AEM (GLY 82) : -0.0000
Residue Topographical Entropy from AEM (GLN 83) : 4.9863
Residue Topographical Entropy from AEM (TYR 84) : 24.1036
Residue Topographical Entropy from AEM (VAL 85) : 1.7281
Residue Topographical Entropy from AEM (GLY 86) : -0.0000
Residue Topographical Entropy from AEM (GLY 87) : -0.0000
Residue Topographical Entropy from AEM (ALA 88) : -0.0000
Residue Topographical Entropy from AEM (GLU 89) : 20.6858
Residue Topographical Entropy from AEM (ALA 90) : -0.0000
Residue Topographical Entropy from AEM (ARG 91) : 10.2473
Residue Topographical Entropy from AEM (ILE 92) : 0.1128
Residue Topographical Entropy from AEM (ASN 93) : 6.9180
Residue Topographical Entropy from AEM (THR 94) : 5.2793
Residue Topographical Entropy from AEM (GLN 95) : 1.7240
Residue Topographical Entropy from AEM (TRP 96) : 44.4559
Residue Topographical Entropy from AEM (LEU 97) : 0.6327
Residue Topographical Entropy from AEM (LEU 98) : 2.3155
Residue Topographical Entropy from AEM (THR 99) : -0.0000
Residue Topographical Entropy from AEM (SER 100) : 7.8336
Residue Topographical Entropy from AEM (GLY 101) : -0.0000
Residue Topographical Entropy from AEM (THR 102) : 4.4187
Residue Topographical Entropy from AEM (THR 103) : 0.6441
Residue Topographical Entropy from AEM (GLU 104) : 23.4105
Residue Topographical Entropy from AEM (ALA 105) : -0.0000
Residue Topographical Entropy from AEM (ASN 106) : 2.2876
Residue Topographical Entropy from AEM (ALA 107) : -0.0000
Residue Topographical Entropy from AEM (TRP 108) : 39.0267
Residue Topographical Entropy from AEM (LYS 109) : 14.8595
Residue Topographical Entropy from AEM (SER 110) : 0.5804
Residue Topographical Entropy from AEM (THR 111) : 0.3341
Residue Topographical Entropy from AEM (LEU 112) : 2.4875
Residue Topographical Entropy from AEM (VAL 113) : 0.4147
Residue Topographical Entropy from AEM (GLY 114) : -0.0000
Residue Topographical Entropy from AEM (HID 115) : 17.6753
Residue Topographical Entropy from AEM (ASP 116) : 4.9984
Residue Topographical Entropy from AEM (THR 117) : 2.1024
Residue Topographical Entropy from AEM (PHE 118) : 26.6576
Residue Topographical Entropy from AEM (THR 119) : 5.0798
Residue Topographical Entropy from AEM (LYS 120) : 14.8942
Residue Topographical Entropy from AEM (VAL 121) : 4.9991
Residue Topographical Entropy from AEM (LYS 122) : 25.1260
Residue Topographical Entropy from AEM (PRO 123) : 8.1477
Residue Topographical Entropy from AEM (SER 124) : 8.0403
Residue Topographical Entropy from AEM (ALA 125) : -0.0000
Residue Topographical Entropy from AEM (ALA 126) : -0.0000
Residue Topographical Entropy from AEM (CSER 127) : 1.4542
____________________________________________________________
Total Topog. Entropy (AEM)               :         879.092
------------------------------------------------------------
____________________________________________________________
Total Entropy                            :         879.092
------------------------------------------------------------
