------------------------------------------------------------
Topographical entropy of residue side chains 
computed using all the dihedrals with correlation/pLogp formalism
------------------------------------------------------------
Side Chain Topographical Entropy from corr. pLogP method (NALA 1) : -0.0000
Side Chain Topographical Entropy from corr. pLogP method (GLU 2) : 22.4911
Side Chain Topographical Entropy from corr. pLogP method (ALA 3) : -0.0000
Side Chain Topographical Entropy from corr. pLogP method (GLY 4) : -0.0000
Side Chain Topographical Entropy from corr. pLogP method (ILE 5) : 1.7428
Side Chain Topographical Entropy from corr. pLogP method (THR 6) : 3.5621
Side Chain Topographical Entropy from corr. pLogP method (GLY 7) : -0.0000
Side Chain Topographical Entropy from corr. pLogP method (THR 8) : 7.4271
Side Chain Topographical Entropy from corr. pLogP method (TRP 9) : 2.6933
Side Chain Topographical Entropy from corr. pLogP method (TYR 10) : 9.0482
Side Chain Topographical Entropy from corr. pLogP method (ALA 11) : -0.0000
Side Chain Topographical Entropy from corr. pLogP method (GLN 12) : 20.4750
Side Chain Topographical Entropy from corr. pLogP method (LEU 13) : 3.8334
Side Chain Topographical Entropy from corr. pLogP method (GLY 14) : -0.0000
Side Chain Topographical Entropy from corr. pLogP method (SER 15) : 0.3525
Side Chain Topographical Entropy from corr. pLogP method (THR 16) : 1.7662
Side Chain Topographical Entropy from corr. pLogP method (PHE 17) : 9.5637
Side Chain Topographical Entropy from corr. pLogP method (ILE 18) : 4.8647
Side Chain Topographical Entropy from corr. pLogP method (VAL 19) : 4.0118
Side Chain Topographical Entropy from corr. pLogP method (THR 20) : 6.3435
Side Chain Topographical Entropy from corr. pLogP method (ALA 21) : -0.0000
Side Chain Topographical Entropy from corr. pLogP method (GLY 22) : -0.0000
Side Chain Topographical Entropy from corr. pLogP method (ALA 23) : -0.0000
Side Chain Topographical Entropy from corr. pLogP method (ASP 24) : 15.8382
Side Chain Topographical Entropy from corr. pLogP method (GLY 25) : -0.0000
Side Chain Topographical Entropy from corr. pLogP method (ALA 26) : -0.0000
Side Chain Topographical Entropy from corr. pLogP method (LEU 27) : 10.4083
Side Chain Topographical Entropy from corr. pLogP method (THR 28) : 8.6456
Side Chain Topographical Entropy from corr. pLogP method (GLY 29) : -0.0000
Side Chain Topographical Entropy from corr. pLogP method (THR 30) : 3.9276
Side Chain Topographical Entropy from corr. pLogP method (TYR 31) : 9.9330
Side Chain Topographical Entropy from corr. pLogP method (GLU 32) : 10.3523
Side Chain Topographical Entropy from corr. pLogP method (SER 33) : 6.0480
Side Chain Topographical Entropy from corr. pLogP method (ALA 34) : -0.0000
Side Chain Topographical Entropy from corr. pLogP method (VAL 35) : 6.2782
Side Chain Topographical Entropy from corr. pLogP method (GLY 36) : -0.0000
Side Chain Topographical Entropy from corr. pLogP method (ASN 37) : 12.5423
Side Chain Topographical Entropy from corr. pLogP method (ALA 38) : -0.0000
Side Chain Topographical Entropy from corr. pLogP method (GLU 39) : 20.6940
Side Chain Topographical Entropy from corr. pLogP method (SER 40) : 4.9140
Side Chain Topographical Entropy from corr. pLogP method (ARG 41) : 4.1586
Side Chain Topographical Entropy from corr. pLogP method (TYR 42) : 1.8921
Side Chain Topographical Entropy from corr. pLogP method (VAL 43) : 0.9708
Side Chain Topographical Entropy from corr. pLogP method (LEU 44) : 0.9494
Side Chain Topographical Entropy from corr. pLogP method (THR 45) : 5.7712
Side Chain Topographical Entropy from corr. pLogP method (GLY 46) : -0.0000
Side Chain Topographical Entropy from corr. pLogP method (ARG 47) : 1.9601
Side Chain Topographical Entropy from corr. pLogP method (TYR 48) : 6.3665
Side Chain Topographical Entropy from corr. pLogP method (ASP 49) : 8.9011
Side Chain Topographical Entropy from corr. pLogP method (SER 50) : 2.0580
Side Chain Topographical Entropy from corr. pLogP method (ALA 51) : -0.0000
Side Chain Topographical Entropy from corr. pLogP method (PRO 52) : 14.3604
Side Chain Topographical Entropy from corr. pLogP method (ALA 53) : -0.0000
Side Chain Topographical Entropy from corr. pLogP method (THR 54) : 7.3888
Side Chain Topographical Entropy from corr. pLogP method (ASP 55) : 13.5612
Side Chain Topographical Entropy from corr. pLogP method (GLY 56) : -0.0000
Side Chain Topographical Entropy from corr. pLogP method (SER 57) : 4.8146
Side Chain Topographical Entropy from corr. pLogP method (GLY 58) : -0.0000
Side Chain Topographical Entropy from corr. pLogP method (THR 59) : 3.4269
Side Chain Topographical Entropy from corr. pLogP method (ALA 60) : -0.0000
Side Chain Topographical Entropy from corr. pLogP method (LEU 61) : 5.6811
Side Chain Topographical Entropy from corr. pLogP method (GLY 62) : -0.0000
Side Chain Topographical Entropy from corr. pLogP method (TRP 63) : 2.2015
Side Chain Topographical Entropy from corr. pLogP method (THR 64) : 1.6568
Side Chain Topographical Entropy from corr. pLogP method (VAL 65) : 0.5801
Side Chain Topographical Entropy from corr. pLogP method (ALA 66) : -0.0000
Side Chain Topographical Entropy from corr. pLogP method (TRP 67) : 3.4357
Side Chain Topographical Entropy from corr. pLogP method (LYS 68) : 15.5895
Side Chain Topographical Entropy from corr. pLogP method (ASN 69) : 6.7010
Side Chain Topographical Entropy from corr. pLogP method (ASN 70) : 14.0617
Side Chain Topographical Entropy from corr. pLogP method (TYR 71) : 11.1696
Side Chain Topographical Entropy from corr. pLogP method (ARG 72) : 15.5090
Side Chain Topographical Entropy from corr. pLogP method (ASN 73) : 10.4377
Side Chain Topographical Entropy from corr. pLogP method (ALA 74) : -0.0000
Side Chain Topographical Entropy from corr. pLogP method (HID 75) : 2.6974
Side Chain Topographical Entropy from corr. pLogP method (SER 76) : 4.0038
Side Chain Topographical Entropy from corr. pLogP method (ALA 77) : -0.0000
Side Chain Topographical Entropy from corr. pLogP method (THR 78) : 0.3362
Side Chain Topographical Entropy from corr. pLogP method (THR 79) : 1.9781
Side Chain Topographical Entropy from corr. pLogP method (TRP 80) : 4.9700
Side Chain Topographical Entropy from corr. pLogP method (SER 81) : 1.2276
Side Chain Topographical Entropy from corr. pLogP method (GLY 82) : -0.0000
Side Chain Topographical Entropy from corr. pLogP method (GLN 83) : 9.7337
Side Chain Topographical Entropy from corr. pLogP method (TYR 84) : 2.7702
Side Chain Topographical Entropy from corr. pLogP method (VAL 85) : 1.9863
Side Chain Topographical Entropy from corr. pLogP method (GLY 86) : -0.0000
Side Chain Topographical Entropy from corr. pLogP method (GLY 87) : -0.0000
Side Chain Topographical Entropy from corr. pLogP method (ALA 88) : -0.0000
Side Chain Topographical Entropy from corr. pLogP method (GLU 89) : 19.7215
Side Chain Topographical Entropy from corr. pLogP method (ALA 90) : -0.0000
Side Chain Topographical Entropy from corr. pLogP method (ARG 91) : 11.3365
Side Chain Topographical Entropy from corr. pLogP method (ILE 92) : 1.5717
Side Chain Topographical Entropy from corr. pLogP method (ASN 93) : 6.5315
Side Chain Topographical Entropy from corr. pLogP method (THR 94) : 5.3005
Side Chain Topographical Entropy from corr. pLogP method (GLN 95) : 4.3633
Side Chain Topographical Entropy from corr. pLogP method (TRP 96) : 4.4739
Side Chain Topographical Entropy from corr. pLogP method (LEU 97) : 1.2718
Side Chain Topographical Entropy from corr. pLogP method (LEU 98) : 2.9301
Side Chain Topographical Entropy from corr. pLogP method (THR 99) : 0.2287
Side Chain Topographical Entropy from corr. pLogP method (SER 100) : 8.0078
Side Chain Topographical Entropy from corr. pLogP method (GLY 101) : -0.0000
Side Chain Topographical Entropy from corr. pLogP method (THR 102) : 3.8006
Side Chain Topographical Entropy from corr. pLogP method (THR 103) : 0.5519
Side Chain Topographical Entropy from corr. pLogP method (GLU 104) : 21.4227
Side Chain Topographical Entropy from corr. pLogP method (ALA 105) : -0.0000
Side Chain Topographical Entropy from corr. pLogP method (ASN 106) : 4.1608
Side Chain Topographical Entropy from corr. pLogP method (ALA 107) : -0.0000
Side Chain Topographical Entropy from corr. pLogP method (TRP 108) : 7.2182
Side Chain Topographical Entropy from corr. pLogP method (LYS 109) : 14.4803
Side Chain Topographical Entropy from corr. pLogP method (SER 110) : 0.8484
Side Chain Topographical Entropy from corr. pLogP method (THR 111) : 0.6691
Side Chain Topographical Entropy from corr. pLogP method (LEU 112) : 2.7186
Side Chain Topographical Entropy from corr. pLogP method (VAL 113) : 0.6429
Side Chain Topographical Entropy from corr. pLogP method (GLY 114) : -0.0000
Side Chain Topographical Entropy from corr. pLogP method (HID 115) : 2.8365
Side Chain Topographical Entropy from corr. pLogP method (ASP 116) : 7.5564
Side Chain Topographical Entropy from corr. pLogP method (THR 117) : 2.6161
Side Chain Topographical Entropy from corr. pLogP method (PHE 118) : 1.9156
Side Chain Topographical Entropy from corr. pLogP method (THR 119) : 5.8390
Side Chain Topographical Entropy from corr. pLogP method (LYS 120) : 17.7564
Side Chain Topographical Entropy from corr. pLogP method (VAL 121) : 5.5429
Side Chain Topographical Entropy from corr. pLogP method (LYS 122) : 24.6560
Side Chain Topographical Entropy from corr. pLogP method (PRO 123) : 19.2778
Side Chain Topographical Entropy from corr. pLogP method (SER 124) : 7.7947
Side Chain Topographical Entropy from corr. pLogP method (ALA 125) : -0.0000
Side Chain Topographical Entropy from corr. pLogP method (ALA 126) : -0.0000
Side Chain Topographical Entropy from corr. pLogP method (CSER 127) : 0.7976
____________________________________________________________
Total SC Topog. Entropy (corr. pLogP)    :         619.904
------------------------------------------------------------
____________________________________________________________
Total BB Topog. Entropy (corr. pLogP)    :          42.228
------------------------------------------------------------
____________________________________________________________
Total Entropy                            :         662.131
------------------------------------------------------------
