------------------------------------------------------------
Topographical entropy of residue side chains 
computed using all the dihedrals with AEM method
------------------------------------------------------------
Residue Topographical Entropy from AEM (NALA 1) : 2.4278
Residue Topographical Entropy from AEM (GLU 2) : 26.4911
Residue Topographical Entropy from AEM (ALA 3) : -0.0000
Residue Topographical Entropy from AEM (GLY 4) : -0.0000
Residue Topographical Entropy from AEM (ILE 5) : 2.3693
Residue Topographical Entropy from AEM (THR 6) : 2.9548
Residue Topographical Entropy from AEM (GLY 7) : -0.0000
Residue Topographical Entropy from AEM (THR 8) : 2.1507
Residue Topographical Entropy from AEM (TRP 9) : 28.8329
Residue Topographical Entropy from AEM (TYR 10) : 21.0369
Residue Topographical Entropy from AEM (ALA 11) : -0.0000
Residue Topographical Entropy from AEM (GLN 12) : 15.4006
Residue Topographical Entropy from AEM (LEU 13) : 8.2372
Residue Topographical Entropy from AEM (GLY 14) : -0.0000
Residue Topographical Entropy from AEM (SER 15) : 7.7108
Residue Topographical Entropy from AEM (THR 16) : 4.7654
Residue Topographical Entropy from AEM (PHE 17) : 12.4284
Residue Topographical Entropy from AEM (ILE 18) : 11.7488
Residue Topographical Entropy from AEM (VAL 19) : 2.7049
Residue Topographical Entropy from AEM (THR 20) : 7.0376
Residue Topographical Entropy from AEM (ALA 21) : -0.0000
Residue Topographical Entropy from AEM (GLY 22) : -0.0000
Residue Topographical Entropy from AEM (ALA 23) : -0.0000
Residue Topographical Entropy from AEM (ASP 24) : 10.0982
Residue Topographical Entropy from AEM (GLY 25) : -0.0000
Residue Topographical Entropy from AEM (ALA 26) : -0.0000
Residue Topographical Entropy from AEM (LEU 27) : 9.0334
Residue Topographical Entropy from AEM (THR 28) : 9.0425
Residue Topographical Entropy from AEM (GLY 29) : -0.0000
Residue Topographical Entropy from AEM (THR 30) : 8.4360
Residue Topographical Entropy from AEM (TYR 31) : 27.9215
Residue Topographical Entropy from AEM (GLU 32) : 20.2489
Residue Topographical Entropy from AEM (SER 33) : 6.7143
Residue Topographical Entropy from AEM (ALA 34) : -0.0000
Residue Topographical Entropy from AEM (VAL 35) : 8.9023
Residue Topographical Entropy from AEM (GLY 36) : -0.0000
Residue Topographical Entropy from AEM (ASN 37) : 12.6314
Residue Topographical Entropy from AEM (ALA 38) : -0.0000
Residue Topographical Entropy from AEM (GLU 39) : 14.3338
Residue Topographical Entropy from AEM (SER 40) : 7.9416
Residue Topographical Entropy from AEM (ARG 41) : 16.6934
Residue Topographical Entropy from AEM (TYR 42) : 23.9696
Residue Topographical Entropy from AEM (VAL 43) : 2.0604
Residue Topographical Entropy from AEM (LEU 44) : 10.5744
Residue Topographical Entropy from AEM (THR 45) : 6.7210
Residue Topographical Entropy from AEM (GLY 46) : -0.0000
Residue Topographical Entropy from AEM (ARG 47) : 2.2259
Residue Topographical Entropy from AEM (TYR 48) : 23.1412
Residue Topographical Entropy from AEM (ASP 49) : 1.1269
Residue Topographical Entropy from AEM (SER 50) : 5.0301
Residue Topographical Entropy from AEM (ALA 51) : -0.0000
Residue Topographical Entropy from AEM (PRO 52) : 9.2843
Residue Topographical Entropy from AEM (ALA 53) : -0.0000
Residue Topographical Entropy from AEM (THR 54) : 8.9018
Residue Topographical Entropy from AEM (ASP 55) : 11.4828
Residue Topographical Entropy from AEM (GLY 56) : -0.0000
Residue Topographical Entropy from AEM (SER 57) : 7.8223
Residue Topographical Entropy from AEM (GLY 58) : -0.0000
Residue Topographical Entropy from AEM (THR 59) : 0.8669
Residue Topographical Entropy from AEM (ALA 60) : -0.0000
Residue Topographical Entropy from AEM (LEU 61) : 1.3642
Residue Topographical Entropy from AEM (GLY 62) : -0.0000
Residue Topographical Entropy from AEM (TRP 63) : -0.0000
Residue Topographical Entropy from AEM (THR 64) : -0.0000
Residue Topographical Entropy from AEM (VAL 65) : 3.0563
Residue Topographical Entropy from AEM (ALA 66) : -0.0000
Residue Topographical Entropy from AEM (TRP 67) : 0.0752
Residue Topographical Entropy from AEM (LYS 68) : 16.4104
Residue Topographical Entropy from AEM (ASN 69) : 13.5811
Residue Topographical Entropy from AEM (ASN 70) : 7.4270
Residue Topographical Entropy from AEM (TYR 71) : 33.2151
Residue Topographical Entropy from AEM (ARG 72) : 19.8353
Residue Topographical Entropy from AEM (ASN 73) : 1.6137
Residue Topographical Entropy from AEM (ALA 74) : -0.0000
Residue Topographical Entropy from AEM (HID 75) : 16.9248
Residue Topographical Entropy from AEM (SER 76) : 0.4473
Residue Topographical Entropy from AEM (ALA 77) : -0.0000
Residue Topographical Entropy from AEM (THR 78) : -0.0000
Residue Topographical Entropy from AEM (THR 79) : -0.0000
Residue Topographical Entropy from AEM (TRP 80) : -0.0000
Residue Topographical Entropy from AEM (SER 81) : 0.9259
Residue Topographical Entropy from AEM (GLY 82) : -0.0000
Residue Topographical Entropy from AEM (GLN 83) : 8.9040
Residue Topographical Entropy from AEM (TYR 84) : 24.5918
Residue Topographical Entropy from AEM (VAL 85) : 4.7572
Residue Topographical Entropy from AEM (GLY 86) : -0.0000
Residue Topographical Entropy from AEM (GLY 87) : -0.0000
Residue Topographical Entropy from AEM (ALA 88) : -0.0000
Residue Topographical Entropy from AEM (GLU 89) : 20.5392
Residue Topographical Entropy from AEM (ALA 90) : -0.0000
Residue Topographical Entropy from AEM (ARG 91) : 10.8831
Residue Topographical Entropy from AEM (ILE 92) : -0.0000
Residue Topographical Entropy from AEM (ASN 93) : 5.9714
Residue Topographical Entropy from AEM (THR 94) : 1.5993
Residue Topographical Entropy from AEM (GLN 95) : 0.3264
Residue Topographical Entropy from AEM (TRP 96) : -0.0000
Residue Topographical Entropy from AEM (LEU 97) : 2.0120
Residue Topographical Entropy from AEM (LEU 98) : 0.4584
Residue Topographical Entropy from AEM (THR 99) : -0.0000
Residue Topographical Entropy from AEM (SER 100) : 6.5654
Residue Topographical Entropy from AEM (GLY 101) : -0.0000
Residue Topographical Entropy from AEM (THR 102) : 8.7384
Residue Topographical Entropy from AEM (THR 103) : 6.4725
Residue Topographical Entropy from AEM (GLU 104) : 25.6508
Residue Topographical Entropy from AEM (ALA 105) : -0.0000
Residue Topographical Entropy from AEM (ASN 106) : 7.2077
Residue Topographical Entropy from AEM (ALA 107) : -0.0000
Residue Topographical Entropy from AEM (TRP 108) : -0.0000
Residue Topographical Entropy from AEM (LYS 109) : 12.9901
Residue Topographical Entropy from AEM (SER 110) : 1.4951
Residue Topographical Entropy from AEM (THR 111) : -0.0000
Residue Topographical Entropy from AEM (LEU 112) : 2.0581
Residue Topographical Entropy from AEM (VAL 113) : -0.0000
Residue Topographical Entropy from AEM (GLY 114) : -0.0000
Residue Topographical Entropy from AEM (HID 115) : 1.2752
Residue Topographical Entropy from AEM (ASP 116) : 5.7629
Residue Topographical Entropy from AEM (THR 117) : 0.1617
Residue Topographical Entropy from AEM (PHE 118) : -0.0000
Residue Topographical Entropy from AEM (THR 119) : 5.9178
Residue Topographical Entropy from AEM (LYS 120) : 14.2609
Residue Topographical Entropy from AEM (VAL 121) : 6.0859
Residue Topographical Entropy from AEM (LYS 122) : 17.9875
Residue Topographical Entropy from AEM (PRO 123) : 6.0856
Residue Topographical Entropy from AEM (SER 124) : 8.1312
Residue Topographical Entropy from AEM (ALA 125) : -0.0000
Residue Topographical Entropy from AEM (ALA 126) : -0.0000
Residue Topographical Entropy from AEM (CSER 127) : 6.1459
____________________________________________________________
Total Topog. Entropy (AEM)               :         759.414
------------------------------------------------------------
____________________________________________________________
Total Entropy                            :         759.414
------------------------------------------------------------
------------------------------------------------------------
Topographical entropy of residue side chains 
computed using all the dihedrals with AEM method
------------------------------------------------------------
Residue Topographical Entropy from AEM (NALA 1) : 1.9175
Residue Topographical Entropy from AEM (GLU 2) : 22.6189
Residue Topographical Entropy from AEM (ALA 3) : -0.0000
Residue Topographical Entropy from AEM (GLY 4) : -0.0000
Residue Topographical Entropy from AEM (ILE 5) : 3.0287
Residue Topographical Entropy from AEM (THR 6) : 0.4707
Residue Topographical Entropy from AEM (GLY 7) : -0.0000
Residue Topographical Entropy from AEM (THR 8) : 1.0390
Residue Topographical Entropy from AEM (TRP 9) : 38.3150
Residue Topographical Entropy from AEM (TYR 10) : 25.3030
Residue Topographical Entropy from AEM (ALA 11) : -0.0000
Residue Topographical Entropy from AEM (GLN 12) : 17.4387
Residue Topographical Entropy from AEM (LEU 13) : 7.4348
Residue Topographical Entropy from AEM (GLY 14) : -0.0000
Residue Topographical Entropy from AEM (SER 15) : 5.7692
Residue Topographical Entropy from AEM (THR 16) : 2.6557
Residue Topographical Entropy from AEM (PHE 17) : 27.9262
Residue Topographical Entropy from AEM (ILE 18) : 9.9732
Residue Topographical Entropy from AEM (VAL 19) : 1.0023
Residue Topographical Entropy from AEM (THR 20) : 5.6135
Residue Topographical Entropy from AEM (ALA 21) : -0.0000
Residue Topographical Entropy from AEM (GLY 22) : -0.0000
Residue Topographical Entropy from AEM (ALA 23) : -0.0000
Residue Topographical Entropy from AEM (ASP 24) : 11.1813
Residue Topographical Entropy from AEM (GLY 25) : -0.0000
Residue Topographical Entropy from AEM (ALA 26) : -0.0000
Residue Topographical Entropy from AEM (LEU 27) : 8.2198
Residue Topographical Entropy from AEM (THR 28) : 8.2934
Residue Topographical Entropy from AEM (GLY 29) : -0.0000
Residue Topographical Entropy from AEM (THR 30) : 9.0520
Residue Topographical Entropy from AEM (TYR 31) : 25.5139
Residue Topographical Entropy from AEM (GLU 32) : 13.1162
Residue Topographical Entropy from AEM (SER 33) : 7.9602
Residue Topographical Entropy from AEM (ALA 34) : -0.0000
Residue Topographical Entropy from AEM (VAL 35) : 9.1133
Residue Topographical Entropy from AEM (GLY 36) : -0.0000
Residue Topographical Entropy from AEM (ASN 37) : 11.4090
Residue Topographical Entropy from AEM (ALA 38) : -0.0000
Residue Topographical Entropy from AEM (GLU 39) : 16.2454
Residue Topographical Entropy from AEM (SER 40) : 8.9783
Residue Topographical Entropy from AEM (ARG 41) : 15.1928
Residue Topographical Entropy from AEM (TYR 42) : 27.9141
Residue Topographical Entropy from AEM (VAL 43) : 0.3861
Residue Topographical Entropy from AEM (LEU 44) : 5.1402
Residue Topographical Entropy from AEM (THR 45) : 7.5680
Residue Topographical Entropy from AEM (GLY 46) : -0.0000
Residue Topographical Entropy from AEM (ARG 47) : 0.8233
Residue Topographical Entropy from AEM (TYR 48) : 23.5125
Residue Topographical Entropy from AEM (ASP 49) : 0.7725
Residue Topographical Entropy from AEM (SER 50) : 3.2985
Residue Topographical Entropy from AEM (ALA 51) : -0.0000
Residue Topographical Entropy from AEM (PRO 52) : 7.3386
Residue Topographical Entropy from AEM (ALA 53) : -0.0000
Residue Topographical Entropy from AEM (THR 54) : 4.6246
Residue Topographical Entropy from AEM (ASP 55) : 6.8437
Residue Topographical Entropy from AEM (GLY 56) : -0.0000
Residue Topographical Entropy from AEM (SER 57) : 3.4801
Residue Topographical Entropy from AEM (GLY 58) : -0.0000
Residue Topographical Entropy from AEM (THR 59) : 0.3789
Residue Topographical Entropy from AEM (ALA 60) : -0.0000
Residue Topographical Entropy from AEM (LEU 61) : 3.7435
Residue Topographical Entropy from AEM (GLY 62) : -0.0000
Residue Topographical Entropy from AEM (TRP 63) : 37.5452
Residue Topographical Entropy from AEM (THR 64) : 0.5282
Residue Topographical Entropy from AEM (VAL 65) : 0.0134
Residue Topographical Entropy from AEM (ALA 66) : -0.0000
Residue Topographical Entropy from AEM (TRP 67) : 41.3522
Residue Topographical Entropy from AEM (LYS 68) : 10.0062
Residue Topographical Entropy from AEM (ASN 69) : 4.7625
Residue Topographical Entropy from AEM (ASN 70) : 12.4740
Residue Topographical Entropy from AEM (TYR 71) : 31.3891
Residue Topographical Entropy from AEM (ARG 72) : 20.5565
Residue Topographical Entropy from AEM (ASN 73) : 2.7930
Residue Topographical Entropy from AEM (ALA 74) : -0.0000
Residue Topographical Entropy from AEM (HID 75) : 22.2292
Residue Topographical Entropy from AEM (SER 76) : 2.9011
Residue Topographical Entropy from AEM (ALA 77) : -0.0000
Residue Topographical Entropy from AEM (THR 78) : 1.0253
Residue Topographical Entropy from AEM (THR 79) : 1.2924
Residue Topographical Entropy from AEM (TRP 80) : 39.6289
Residue Topographical Entropy from AEM (SER 81) : 1.5851
Residue Topographical Entropy from AEM (GLY 82) : -0.0000
Residue Topographical Entropy from AEM (GLN 83) : 9.2006
Residue Topographical Entropy from AEM (TYR 84) : 26.4577
Residue Topographical Entropy from AEM (VAL 85) : 3.0816
Residue Topographical Entropy from AEM (GLY 86) : -0.0000
Residue Topographical Entropy from AEM (GLY 87) : -0.0000
Residue Topographical Entropy from AEM (ALA 88) : -0.0000
Residue Topographical Entropy from AEM (GLU 89) : 23.1750
Residue Topographical Entropy from AEM (ALA 90) : -0.0000
Residue Topographical Entropy from AEM (ARG 91) : 15.7349
Residue Topographical Entropy from AEM (ILE 92) : 2.1456
Residue Topographical Entropy from AEM (ASN 93) : 8.7221
Residue Topographical Entropy from AEM (THR 94) : 3.8319
Residue Topographical Entropy from AEM (GLN 95) : 3.8485
Residue Topographical Entropy from AEM (TRP 96) : 36.8497
Residue Topographical Entropy from AEM (LEU 97) : 2.8883
Residue Topographical Entropy from AEM (LEU 98) : 2.0122
Residue Topographical Entropy from AEM (THR 99) : 0.0657
Residue Topographical Entropy from AEM (SER 100) : 8.3185
Residue Topographical Entropy from AEM (GLY 101) : -0.0000
Residue Topographical Entropy from AEM (THR 102) : 3.0466
Residue Topographical Entropy from AEM (THR 103) : 2.1869
Residue Topographical Entropy from AEM (GLU 104) : 25.7147
Residue Topographical Entropy from AEM (ALA 105) : -0.0000
Residue Topographical Entropy from AEM (ASN 106) : 3.9220
Residue Topographical Entropy from AEM (ALA 107) : -0.0000
Residue Topographical Entropy from AEM (TRP 108) : 41.6180
Residue Topographical Entropy from AEM (LYS 109) : 14.2623
Residue Topographical Entropy from AEM (SER 110) : 1.5529
Residue Topographical Entropy from AEM (THR 111) : 1.3389
Residue Topographical Entropy from AEM (LEU 112) : 3.2107
Residue Topographical Entropy from AEM (VAL 113) : 1.3014
Residue Topographical Entropy from AEM (GLY 114) : -0.0000
Residue Topographical Entropy from AEM (HID 115) : 24.2673
Residue Topographical Entropy from AEM (ASP 116) : 5.5287
Residue Topographical Entropy from AEM (THR 117) : 7.1348
Residue Topographical Entropy from AEM (PHE 118) : 25.4124
Residue Topographical Entropy from AEM (THR 119) : 6.2155
Residue Topographical Entropy from AEM (LYS 120) : 15.9518
Residue Topographical Entropy from AEM (VAL 121) : 5.1333
Residue Topographical Entropy from AEM (LYS 122) : 17.3024
Residue Topographical Entropy from AEM (PRO 123) : 9.1138
Residue Topographical Entropy from AEM (SER 124) : 9.0814
Residue Topographical Entropy from AEM (ALA 125) : -0.0000
Residue Topographical Entropy from AEM (ALA 126) : -0.0000
Residue Topographical Entropy from AEM (CSER 127) : 6.7836
____________________________________________________________
Total Topog. Entropy (AEM)               :        1017.101
------------------------------------------------------------
____________________________________________________________
Total Entropy                            :        1017.101
------------------------------------------------------------
------------------------------------------------------------
Topographical entropy of residue side chains 
computed using all the dihedrals with AEM method
------------------------------------------------------------
Residue Topographical Entropy from AEM (NALA 1) : 1.3116
Residue Topographical Entropy from AEM (GLU 2) : 23.1619
Residue Topographical Entropy from AEM (ALA 3) : -0.0000
Residue Topographical Entropy from AEM (GLY 4) : -0.0000
Residue Topographical Entropy from AEM (ILE 5) : 1.7965
Residue Topographical Entropy from AEM (THR 6) : 0.6494
Residue Topographical Entropy from AEM (GLY 7) : -0.0000
Residue Topographical Entropy from AEM (THR 8) : 1.0142
Residue Topographical Entropy from AEM (TRP 9) : 0.0134
Residue Topographical Entropy from AEM (TYR 10) : 27.5356
Residue Topographical Entropy from AEM (ALA 11) : -0.0000
Residue Topographical Entropy from AEM (GLN 12) : 14.6104
Residue Topographical Entropy from AEM (LEU 13) : 8.0373
Residue Topographical Entropy from AEM (GLY 14) : -0.0000
Residue Topographical Entropy from AEM (SER 15) : 8.1132
Residue Topographical Entropy from AEM (THR 16) : 2.2914
Residue Topographical Entropy from AEM (PHE 17) : 0.3229
Residue Topographical Entropy from AEM (ILE 18) : 11.8712
Residue Topographical Entropy from AEM (VAL 19) : 4.5820
Residue Topographical Entropy from AEM (THR 20) : 2.7759
Residue Topographical Entropy from AEM (ALA 21) : -0.0000
Residue Topographical Entropy from AEM (GLY 22) : -0.0000
Residue Topographical Entropy from AEM (ALA 23) : -0.0000
Residue Topographical Entropy from AEM (ASP 24) : 9.3517
Residue Topographical Entropy from AEM (GLY 25) : -0.0000
Residue Topographical Entropy from AEM (ALA 26) : -0.0000
Residue Topographical Entropy from AEM (LEU 27) : 7.8403
Residue Topographical Entropy from AEM (THR 28) : 8.6183
Residue Topographical Entropy from AEM (GLY 29) : -0.0000
Residue Topographical Entropy from AEM (THR 30) : 4.2406
Residue Topographical Entropy from AEM (TYR 31) : 20.7335
Residue Topographical Entropy from AEM (GLU 32) : 16.9561
Residue Topographical Entropy from AEM (SER 33) : 5.7960
Residue Topographical Entropy from AEM (ALA 34) : -0.0000
Residue Topographical Entropy from AEM (VAL 35) : 8.7126
Residue Topographical Entropy from AEM (GLY 36) : -0.0000
Residue Topographical Entropy from AEM (ASN 37) : 8.3830
Residue Topographical Entropy from AEM (ALA 38) : -0.0000
Residue Topographical Entropy from AEM (GLU 39) : 16.6498
Residue Topographical Entropy from AEM (SER 40) : 8.2379
Residue Topographical Entropy from AEM (ARG 41) : 9.9299
Residue Topographical Entropy from AEM (TYR 42) : 24.7596
Residue Topographical Entropy from AEM (VAL 43) : 1.7359
Residue Topographical Entropy from AEM (LEU 44) : 1.8984
Residue Topographical Entropy from AEM (THR 45) : 7.1578
Residue Topographical Entropy from AEM (GLY 46) : -0.0000
Residue Topographical Entropy from AEM (ARG 47) : -0.0000
Residue Topographical Entropy from AEM (TYR 48) : -0.0000
Residue Topographical Entropy from AEM (ASP 49) : 3.7750
Residue Topographical Entropy from AEM (SER 50) : 0.4069
Residue Topographical Entropy from AEM (ALA 51) : -0.0000
Residue Topographical Entropy from AEM (PRO 52) : 5.8046
Residue Topographical Entropy from AEM (ALA 53) : -0.0000
Residue Topographical Entropy from AEM (THR 54) : 6.7518
Residue Topographical Entropy from AEM (ASP 55) : 9.4306
Residue Topographical Entropy from AEM (GLY 56) : -0.0000
Residue Topographical Entropy from AEM (SER 57) : 5.9403
Residue Topographical Entropy from AEM (GLY 58) : -0.0000
Residue Topographical Entropy from AEM (THR 59) : 0.3120
Residue Topographical Entropy from AEM (ALA 60) : -0.0000
Residue Topographical Entropy from AEM (LEU 61) : 5.6376
Residue Topographical Entropy from AEM (GLY 62) : -0.0000
Residue Topographical Entropy from AEM (TRP 63) : -0.0000
Residue Topographical Entropy from AEM (THR 64) : 0.0749
Residue Topographical Entropy from AEM (VAL 65) : 0.4663
Residue Topographical Entropy from AEM (ALA 66) : -0.0000
Residue Topographical Entropy from AEM (TRP 67) : 42.4258
Residue Topographical Entropy from AEM (LYS 68) : 15.8746
Residue Topographical Entropy from AEM (ASN 69) : 4.8324
Residue Topographical Entropy from AEM (ASN 70) : 13.1193
Residue Topographical Entropy from AEM (TYR 71) : 36.4481
Residue Topographical Entropy from AEM (ARG 72) : 17.8165
Residue Topographical Entropy from AEM (ASN 73) : 6.1554
Residue Topographical Entropy from AEM (ALA 74) : -0.0000
Residue Topographical Entropy from AEM (HID 75) : 22.5308
Residue Topographical Entropy from AEM (SER 76) : 0.8558
Residue Topographical Entropy from AEM (ALA 77) : -0.0000
Residue Topographical Entropy from AEM (THR 78) : -0.0000
Residue Topographical Entropy from AEM (THR 79) : -0.0000
Residue Topographical Entropy from AEM (TRP 80) : -0.0000
Residue Topographical Entropy from AEM (SER 81) : 2.8909
Residue Topographical Entropy from AEM (GLY 82) : -0.0000
Residue Topographical Entropy from AEM (GLN 83) : 9.4462
Residue Topographical Entropy from AEM (TYR 84) : -0.0000
Residue Topographical Entropy from AEM (VAL 85) : 1.4603
Residue Topographical Entropy from AEM (GLY 86) : -0.0000
Residue Topographical Entropy from AEM (GLY 87) : -0.0000
Residue Topographical Entropy from AEM (ALA 88) : -0.0000
Residue Topographical Entropy from AEM (GLU 89) : 23.3064
Residue Topographical Entropy from AEM (ALA 90) : -0.0000
Residue Topographical Entropy from AEM (ARG 91) : 11.6852
Residue Topographical Entropy from AEM (ILE 92) : 0.1070
Residue Topographical Entropy from AEM (ASN 93) : 6.8994
Residue Topographical Entropy from AEM (THR 94) : -0.0000
Residue Topographical Entropy from AEM (GLN 95) : 2.8874
Residue Topographical Entropy from AEM (TRP 96) : -0.0000
Residue Topographical Entropy from AEM (LEU 97) : 5.6668
Residue Topographical Entropy from AEM (LEU 98) : 0.3395
Residue Topographical Entropy from AEM (THR 99) : 0.0134
Residue Topographical Entropy from AEM (SER 100) : 8.5858
Residue Topographical Entropy from AEM (GLY 101) : -0.0000
Residue Topographical Entropy from AEM (THR 102) : 1.5555
Residue Topographical Entropy from AEM (THR 103) : 0.4592
Residue Topographical Entropy from AEM (GLU 104) : 25.9679
Residue Topographical Entropy from AEM (ALA 105) : -0.0000
Residue Topographical Entropy from AEM (ASN 106) : 1.5255
Residue Topographical Entropy from AEM (ALA 107) : -0.0000
Residue Topographical Entropy from AEM (TRP 108) : -0.0000
Residue Topographical Entropy from AEM (LYS 109) : 11.2505
Residue Topographical Entropy from AEM (SER 110) : 2.3137
Residue Topographical Entropy from AEM (THR 111) : -0.0000
Residue Topographical Entropy from AEM (LEU 112) : 3.2239
Residue Topographical Entropy from AEM (VAL 113) : -0.0000
Residue Topographical Entropy from AEM (GLY 114) : -0.0000
Residue Topographical Entropy from AEM (HID 115) : 2.8491
Residue Topographical Entropy from AEM (ASP 116) : 5.3289
Residue Topographical Entropy from AEM (THR 117) : 3.5741
Residue Topographical Entropy from AEM (PHE 118) : -0.0000
Residue Topographical Entropy from AEM (THR 119) : 5.8032
Residue Topographical Entropy from AEM (LYS 120) : 14.9007
Residue Topographical Entropy from AEM (VAL 121) : 6.9191
Residue Topographical Entropy from AEM (LYS 122) : 20.1411
Residue Topographical Entropy from AEM (PRO 123) : 7.5136
Residue Topographical Entropy from AEM (SER 124) : 8.4628
Residue Topographical Entropy from AEM (ALA 125) : -0.0000
Residue Topographical Entropy from AEM (ALA 126) : -0.0000
Residue Topographical Entropy from AEM (CSER 127) : 6.9515
____________________________________________________________
Total Topog. Entropy (AEM)               :         669.776
------------------------------------------------------------
____________________________________________________________
Total Entropy                            :         669.776
------------------------------------------------------------
------------------------------------------------------------
Topographical entropy of residue side chains 
computed using all the dihedrals with AEM method
------------------------------------------------------------
Residue Topographical Entropy from AEM (NALA 1) : 2.1339
Residue Topographical Entropy from AEM (GLU 2) : 23.2152
Residue Topographical Entropy from AEM (ALA 3) : -0.0000
Residue Topographical Entropy from AEM (GLY 4) : -0.0000
Residue Topographical Entropy from AEM (ILE 5) : 0.9737
Residue Topographical Entropy from AEM (THR 6) : 0.5255
Residue Topographical Entropy from AEM (GLY 7) : -0.0000
Residue Topographical Entropy from AEM (THR 8) : 1.2233
Residue Topographical Entropy from AEM (TRP 9) : -0.0000
Residue Topographical Entropy from AEM (TYR 10) : 26.5951
Residue Topographical Entropy from AEM (ALA 11) : -0.0000
Residue Topographical Entropy from AEM (GLN 12) : 16.4075
Residue Topographical Entropy from AEM (LEU 13) : 7.9485
Residue Topographical Entropy from AEM (GLY 14) : -0.0000
Residue Topographical Entropy from AEM (SER 15) : 6.4257
Residue Topographical Entropy from AEM (THR 16) : 4.4832
Residue Topographical Entropy from AEM (PHE 17) : 0.0752
Residue Topographical Entropy from AEM (ILE 18) : 11.0930
Residue Topographical Entropy from AEM (VAL 19) : 1.0419
Residue Topographical Entropy from AEM (THR 20) : 6.8056
Residue Topographical Entropy from AEM (ALA 21) : -0.0000
Residue Topographical Entropy from AEM (GLY 22) : -0.0000
Residue Topographical Entropy from AEM (ALA 23) : -0.0000
Residue Topographical Entropy from AEM (ASP 24) : 10.0709
Residue Topographical Entropy from AEM (GLY 25) : -0.0000
Residue Topographical Entropy from AEM (ALA 26) : -0.0000
Residue Topographical Entropy from AEM (LEU 27) : 9.3528
Residue Topographical Entropy from AEM (THR 28) : 8.3981
Residue Topographical Entropy from AEM (GLY 29) : -0.0000
Residue Topographical Entropy from AEM (THR 30) : 6.1238
Residue Topographical Entropy from AEM (TYR 31) : 0.1656
Residue Topographical Entropy from AEM (GLU 32) : 19.5118
Residue Topographical Entropy from AEM (SER 33) : 8.0543
Residue Topographical Entropy from AEM (ALA 34) : -0.0000
Residue Topographical Entropy from AEM (VAL 35) : 8.5105
Residue Topographical Entropy from AEM (GLY 36) : -0.0000
Residue Topographical Entropy from AEM (ASN 37) : 13.4685
Residue Topographical Entropy from AEM (ALA 38) : -0.0000
Residue Topographical Entropy from AEM (GLU 39) : 17.0244
Residue Topographical Entropy from AEM (SER 40) : 8.4884
Residue Topographical Entropy from AEM (ARG 41) : 14.0564
Residue Topographical Entropy from AEM (TYR 42) : 27.2709
Residue Topographical Entropy from AEM (VAL 43) : 0.8615
Residue Topographical Entropy from AEM (LEU 44) : 4.1985
Residue Topographical Entropy from AEM (THR 45) : 6.9217
Residue Topographical Entropy from AEM (GLY 46) : -0.0000
Residue Topographical Entropy from AEM (ARG 47) : 1.2868
Residue Topographical Entropy from AEM (TYR 48) : 24.1275
Residue Topographical Entropy from AEM (ASP 49) : 2.3141
Residue Topographical Entropy from AEM (SER 50) : 6.3376
Residue Topographical Entropy from AEM (ALA 51) : -0.0000
Residue Topographical Entropy from AEM (PRO 52) : 8.0704
Residue Topographical Entropy from AEM (ALA 53) : -0.0000
Residue Topographical Entropy from AEM (THR 54) : 8.7377
Residue Topographical Entropy from AEM (ASP 55) : 7.7045
Residue Topographical Entropy from AEM (GLY 56) : -0.0000
Residue Topographical Entropy from AEM (SER 57) : 6.6178
Residue Topographical Entropy from AEM (GLY 58) : -0.0000
Residue Topographical Entropy from AEM (THR 59) : 3.6521
Residue Topographical Entropy from AEM (ALA 60) : -0.0000
Residue Topographical Entropy from AEM (LEU 61) : 7.3500
Residue Topographical Entropy from AEM (GLY 62) : -0.0000
Residue Topographical Entropy from AEM (TRP 63) : -0.0000
Residue Topographical Entropy from AEM (THR 64) : -0.0000
Residue Topographical Entropy from AEM (VAL 65) : 0.0461
Residue Topographical Entropy from AEM (ALA 66) : -0.0000
Residue Topographical Entropy from AEM (TRP 67) : 0.1118
Residue Topographical Entropy from AEM (LYS 68) : 17.1973
Residue Topographical Entropy from AEM (ASN 69) : 8.9073
Residue Topographical Entropy from AEM (ASN 70) : 13.6093
Residue Topographical Entropy from AEM (TYR 71) : 33.2474
Residue Topographical Entropy from AEM (ARG 72) : 19.0839
Residue Topographical Entropy from AEM (ASN 73) : 10.1876
Residue Topographical Entropy from AEM (ALA 74) : -0.0000
Residue Topographical Entropy from AEM (HID 75) : 19.6673
Residue Topographical Entropy from AEM (SER 76) : 1.6784
Residue Topographical Entropy from AEM (ALA 77) : -0.0000
Residue Topographical Entropy from AEM (THR 78) : -0.0000
Residue Topographical Entropy from AEM (THR 79) : 5.7599
Residue Topographical Entropy from AEM (TRP 80) : -0.0000
Residue Topographical Entropy from AEM (SER 81) : 1.3520
Residue Topographical Entropy from AEM (GLY 82) : -0.0000
Residue Topographical Entropy from AEM (GLN 83) : 16.1917
Residue Topographical Entropy from AEM (TYR 84) : -0.0000
Residue Topographical Entropy from AEM (VAL 85) : 4.2375
Residue Topographical Entropy from AEM (GLY 86) : -0.0000
Residue Topographical Entropy from AEM (GLY 87) : -0.0000
Residue Topographical Entropy from AEM (ALA 88) : -0.0000
Residue Topographical Entropy from AEM (GLU 89) : 21.4568
Residue Topographical Entropy from AEM (ALA 90) : -0.0000
Residue Topographical Entropy from AEM (ARG 91) : 9.2436
Residue Topographical Entropy from AEM (ILE 92) : 0.0134
Residue Topographical Entropy from AEM (ASN 93) : 11.2657
Residue Topographical Entropy from AEM (THR 94) : 2.8984
Residue Topographical Entropy from AEM (GLN 95) : 9.2282
Residue Topographical Entropy from AEM (TRP 96) : -0.0000
Residue Topographical Entropy from AEM (LEU 97) : 1.6177
Residue Topographical Entropy from AEM (LEU 98) : 3.5074
Residue Topographical Entropy from AEM (THR 99) : -0.0000
Residue Topographical Entropy from AEM (SER 100) : 7.2552
Residue Topographical Entropy from AEM (GLY 101) : -0.0000
Residue Topographical Entropy from AEM (THR 102) : 5.3354
Residue Topographical Entropy from AEM (THR 103) : 2.1640
Residue Topographical Entropy from AEM (GLU 104) : 21.2905
Residue Topographical Entropy from AEM (ALA 105) : -0.0000
Residue Topographical Entropy from AEM (ASN 106) : 1.7016
Residue Topographical Entropy from AEM (ALA 107) : -0.0000
Residue Topographical Entropy from AEM (TRP 108) : 36.5859
Residue Topographical Entropy from AEM (LYS 109) : 12.6065
Residue Topographical Entropy from AEM (SER 110) : 1.3867
Residue Topographical Entropy from AEM (THR 111) : -0.0000
Residue Topographical Entropy from AEM (LEU 112) : 2.8351
Residue Topographical Entropy from AEM (VAL 113) : -0.0000
Residue Topographical Entropy from AEM (GLY 114) : -0.0000
Residue Topographical Entropy from AEM (HID 115) : 19.1909
Residue Topographical Entropy from AEM (ASP 116) : 5.6693
Residue Topographical Entropy from AEM (THR 117) : 0.2856
Residue Topographical Entropy from AEM (PHE 118) : 0.0134
Residue Topographical Entropy from AEM (THR 119) : 5.7631
Residue Topographical Entropy from AEM (LYS 120) : 12.4287
Residue Topographical Entropy from AEM (VAL 121) : 5.3852
Residue Topographical Entropy from AEM (LYS 122) : 18.3451
Residue Topographical Entropy from AEM (PRO 123) : 7.2962
Residue Topographical Entropy from AEM (SER 124) : 8.7571
Residue Topographical Entropy from AEM (ALA 125) : -0.0000
Residue Topographical Entropy from AEM (ALA 126) : -0.0000
Residue Topographical Entropy from AEM (CSER 127) : 6.1132
____________________________________________________________
Total Topog. Entropy (AEM)               :         738.542
------------------------------------------------------------
____________________________________________________________
Total Entropy                            :         738.542
------------------------------------------------------------
------------------------------------------------------------
Topographical entropy of residue side chains 
computed using all the dihedrals with AEM method
------------------------------------------------------------
Residue Topographical Entropy from AEM (NALA 1) : 1.8333
Residue Topographical Entropy from AEM (GLU 2) : 24.0656
Residue Topographical Entropy from AEM (ALA 3) : -0.0000
Residue Topographical Entropy from AEM (GLY 4) : -0.0000
Residue Topographical Entropy from AEM (ILE 5) : 2.9811
Residue Topographical Entropy from AEM (THR 6) : 2.4955
Residue Topographical Entropy from AEM (GLY 7) : -0.0000
Residue Topographical Entropy from AEM (THR 8) : 1.9783
Residue Topographical Entropy from AEM (TRP 9) : 40.1252
Residue Topographical Entropy from AEM (TYR 10) : 27.7917
Residue Topographical Entropy from AEM (ALA 11) : -0.0000
Residue Topographical Entropy from AEM (GLN 12) : 15.2241
Residue Topographical Entropy from AEM (LEU 13) : 8.2628
Residue Topographical Entropy from AEM (GLY 14) : -0.0000
Residue Topographical Entropy from AEM (SER 15) : 5.7398
Residue Topographical Entropy from AEM (THR 16) : 3.7193
Residue Topographical Entropy from AEM (PHE 17) : 26.1509
Residue Topographical Entropy from AEM (ILE 18) : 12.7512
Residue Topographical Entropy from AEM (VAL 19) : 2.9521
Residue Topographical Entropy from AEM (THR 20) : 7.4145
Residue Topographical Entropy from AEM (ALA 21) : -0.0000
Residue Topographical Entropy from AEM (GLY 22) : -0.0000
Residue Topographical Entropy from AEM (ALA 23) : -0.0000
Residue Topographical Entropy from AEM (ASP 24) : 11.4344
Residue Topographical Entropy from AEM (GLY 25) : -0.0000
Residue Topographical Entropy from AEM (ALA 26) : -0.0000
Residue Topographical Entropy from AEM (LEU 27) : 8.9148
Residue Topographical Entropy from AEM (THR 28) : 9.1001
Residue Topographical Entropy from AEM (GLY 29) : -0.0000
Residue Topographical Entropy from AEM (THR 30) : 7.9517
Residue Topographical Entropy from AEM (TYR 31) : 28.2914
Residue Topographical Entropy from AEM (GLU 32) : 18.8280
Residue Topographical Entropy from AEM (SER 33) : 6.5854
Residue Topographical Entropy from AEM (ALA 34) : -0.0000
Residue Topographical Entropy from AEM (VAL 35) : 9.0054
Residue Topographical Entropy from AEM (GLY 36) : -0.0000
Residue Topographical Entropy from AEM (ASN 37) : 16.0284
Residue Topographical Entropy from AEM (ALA 38) : -0.0000
Residue Topographical Entropy from AEM (GLU 39) : 17.0809
Residue Topographical Entropy from AEM (SER 40) : 6.0010
Residue Topographical Entropy from AEM (ARG 41) : 15.8441
Residue Topographical Entropy from AEM (TYR 42) : 25.5234
Residue Topographical Entropy from AEM (VAL 43) : 1.1681
Residue Topographical Entropy from AEM (LEU 44) : 3.2741
Residue Topographical Entropy from AEM (THR 45) : 2.8109
Residue Topographical Entropy from AEM (GLY 46) : -0.0000
Residue Topographical Entropy from AEM (ARG 47) : 5.0446
Residue Topographical Entropy from AEM (TYR 48) : 25.8089
Residue Topographical Entropy from AEM (ASP 49) : 5.0014
Residue Topographical Entropy from AEM (SER 50) : 4.9124
Residue Topographical Entropy from AEM (ALA 51) : -0.0000
Residue Topographical Entropy from AEM (PRO 52) : 7.1956
Residue Topographical Entropy from AEM (ALA 53) : -0.0000
Residue Topographical Entropy from AEM (THR 54) : 8.9204
Residue Topographical Entropy from AEM (ASP 55) : 12.4348
Residue Topographical Entropy from AEM (GLY 56) : -0.0000
Residue Topographical Entropy from AEM (SER 57) : 8.1863
Residue Topographical Entropy from AEM (GLY 58) : -0.0000
Residue Topographical Entropy from AEM (THR 59) : 1.5297
Residue Topographical Entropy from AEM (ALA 60) : -0.0000
Residue Topographical Entropy from AEM (LEU 61) : 4.3821
Residue Topographical Entropy from AEM (GLY 62) : -0.0000
Residue Topographical Entropy from AEM (TRP 63) : 44.8252
Residue Topographical Entropy from AEM (THR 64) : 0.3874
Residue Topographical Entropy from AEM (VAL 65) : 0.4997
Residue Topographical Entropy from AEM (ALA 66) : -0.0000
Residue Topographical Entropy from AEM (TRP 67) : 39.4041
Residue Topographical Entropy from AEM (LYS 68) : 16.3274
Residue Topographical Entropy from AEM (ASN 69) : 4.0220
Residue Topographical Entropy from AEM (ASN 70) : 13.2895
Residue Topographical Entropy from AEM (TYR 71) : 33.2315
Residue Topographical Entropy from AEM (ARG 72) : 18.5802
Residue Topographical Entropy from AEM (ASN 73) : 4.8881
Residue Topographical Entropy from AEM (ALA 74) : -0.0000
Residue Topographical Entropy from AEM (HID 75) : 24.0961
Residue Topographical Entropy from AEM (SER 76) : 0.8023
Residue Topographical Entropy from AEM (ALA 77) : -0.0000
Residue Topographical Entropy from AEM (THR 78) : 0.6214
Residue Topographical Entropy from AEM (THR 79) : 0.2763
Residue Topographical Entropy from AEM (TRP 80) : 41.5673
Residue Topographical Entropy from AEM (SER 81) : 0.1585
Residue Topographical Entropy from AEM (GLY 82) : -0.0000
Residue Topographical Entropy from AEM (GLN 83) : 9.1036
Residue Topographical Entropy from AEM (TYR 84) : 32.6188
Residue Topographical Entropy from AEM (VAL 85) : 1.0646
Residue Topographical Entropy from AEM (GLY 86) : -0.0000
Residue Topographical Entropy from AEM (GLY 87) : -0.0000
Residue Topographical Entropy from AEM (ALA 88) : -0.0000
Residue Topographical Entropy from AEM (GLU 89) : 21.9446
Residue Topographical Entropy from AEM (ALA 90) : -0.0000
Residue Topographical Entropy from AEM (ARG 91) : 8.9861
Residue Topographical Entropy from AEM (ILE 92) : 1.0958
Residue Topographical Entropy from AEM (ASN 93) : 5.3957
Residue Topographical Entropy from AEM (THR 94) : 3.5266
Residue Topographical Entropy from AEM (GLN 95) : 1.3107
Residue Topographical Entropy from AEM (TRP 96) : 41.6157
Residue Topographical Entropy from AEM (LEU 97) : 3.2685
Residue Topographical Entropy from AEM (LEU 98) : 2.0658
Residue Topographical Entropy from AEM (THR 99) : 2.0602
Residue Topographical Entropy from AEM (SER 100) : 7.9853
Residue Topographical Entropy from AEM (GLY 101) : -0.0000
Residue Topographical Entropy from AEM (THR 102) : 2.9499
Residue Topographical Entropy from AEM (THR 103) : 0.9000
Residue Topographical Entropy from AEM (GLU 104) : 22.6150
Residue Topographical Entropy from AEM (ALA 105) : -0.0000
Residue Topographical Entropy from AEM (ASN 106) : 3.7148
Residue Topographical Entropy from AEM (ALA 107) : -0.0000
Residue Topographical Entropy from AEM (TRP 108) : 46.6666
Residue Topographical Entropy from AEM (LYS 109) : 20.0475
Residue Topographical Entropy from AEM (SER 110) : 2.1610
Residue Topographical Entropy from AEM (THR 111) : 0.0134
Residue Topographical Entropy from AEM (LEU 112) : 3.6825
Residue Topographical Entropy from AEM (VAL 113) : 0.7259
Residue Topographical Entropy from AEM (GLY 114) : -0.0000
Residue Topographical Entropy from AEM (HID 115) : 5.5616
Residue Topographical Entropy from AEM (ASP 116) : 6.9640
Residue Topographical Entropy from AEM (THR 117) : 5.1352
Residue Topographical Entropy from AEM (PHE 118) : 27.8292
Residue Topographical Entropy from AEM (THR 119) : 3.8201
Residue Topographical Entropy from AEM (LYS 120) : 15.7842
Residue Topographical Entropy from AEM (VAL 121) : 5.6262
Residue Topographical Entropy from AEM (LYS 122) : 21.6767
Residue Topographical Entropy from AEM (PRO 123) : 10.4308
Residue Topographical Entropy from AEM (SER 124) : 7.9270
Residue Topographical Entropy from AEM (ALA 125) : -0.0000
Residue Topographical Entropy from AEM (ALA 126) : -0.0000
Residue Topographical Entropy from AEM (CSER 127) : 7.0423
____________________________________________________________
Total Topog. Entropy (AEM)               :        1061.037
------------------------------------------------------------
____________________________________________________________
Total Entropy                            :        1061.037
------------------------------------------------------------
