------------------------------------------------------------
Topographical entropy of residue side chains 
computed using all the dihedrals with correlation/pLogp formalism
------------------------------------------------------------
Side Chain Topographical Entropy from corr. pLogP method (NALA 1) : -0.0000
Side Chain Topographical Entropy from corr. pLogP method (GLU 2) : 21.5012
Side Chain Topographical Entropy from corr. pLogP method (ALA 3) : -0.0000
Side Chain Topographical Entropy from corr. pLogP method (GLY 4) : -0.0000
Side Chain Topographical Entropy from corr. pLogP method (ILE 5) : 1.6445
Side Chain Topographical Entropy from corr. pLogP method (THR 6) : -0.0000
Side Chain Topographical Entropy from corr. pLogP method (GLY 7) : -0.0000
Side Chain Topographical Entropy from corr. pLogP method (THR 8) : 0.5587
Side Chain Topographical Entropy from corr. pLogP method (TRP 9) : -0.0000
Side Chain Topographical Entropy from corr. pLogP method (TYR 10) : 5.1717
Side Chain Topographical Entropy from corr. pLogP method (ALA 11) : -0.0000
Side Chain Topographical Entropy from corr. pLogP method (GLN 12) : 20.9315
Side Chain Topographical Entropy from corr. pLogP method (LEU 13) : 8.5491
Side Chain Topographical Entropy from corr. pLogP method (GLY 14) : -0.0000
Side Chain Topographical Entropy from corr. pLogP method (SER 15) : 7.2755
Side Chain Topographical Entropy from corr. pLogP method (THR 16) : 5.7148
Side Chain Topographical Entropy from corr. pLogP method (PHE 17) : 0.8759
Side Chain Topographical Entropy from corr. pLogP method (ILE 18) : 9.9625
Side Chain Topographical Entropy from corr. pLogP method (VAL 19) : 6.6902
Side Chain Topographical Entropy from corr. pLogP method (THR 20) : 8.7244
Side Chain Topographical Entropy from corr. pLogP method (ALA 21) : -0.0000
Side Chain Topographical Entropy from corr. pLogP method (GLY 22) : -0.0000
Side Chain Topographical Entropy from corr. pLogP method (ALA 23) : -0.0000
Side Chain Topographical Entropy from corr. pLogP method (ASP 24) : 16.2029
Side Chain Topographical Entropy from corr. pLogP method (GLY 25) : -0.0000
Side Chain Topographical Entropy from corr. pLogP method (ALA 26) : -0.0000
Side Chain Topographical Entropy from corr. pLogP method (LEU 27) : 7.3551
Side Chain Topographical Entropy from corr. pLogP method (THR 28) : 9.1050
Side Chain Topographical Entropy from corr. pLogP method (GLY 29) : -0.0000
Side Chain Topographical Entropy from corr. pLogP method (THR 30) : 6.2022
Side Chain Topographical Entropy from corr. pLogP method (TYR 31) : 3.5281
Side Chain Topographical Entropy from corr. pLogP method (GLU 32) : 15.9120
Side Chain Topographical Entropy from corr. pLogP method (SER 33) : 7.2691
Side Chain Topographical Entropy from corr. pLogP method (ALA 34) : -0.0000
Side Chain Topographical Entropy from corr. pLogP method (VAL 35) : 7.3433
Side Chain Topographical Entropy from corr. pLogP method (GLY 36) : -0.0000
Side Chain Topographical Entropy from corr. pLogP method (ASN 37) : 9.3572
Side Chain Topographical Entropy from corr. pLogP method (ALA 38) : -0.0000
Side Chain Topographical Entropy from corr. pLogP method (GLU 39) : 20.7941
Side Chain Topographical Entropy from corr. pLogP method (SER 40) : 2.2500
Side Chain Topographical Entropy from corr. pLogP method (ARG 41) : 12.8847
Side Chain Topographical Entropy from corr. pLogP method (TYR 42) : 0.1698
Side Chain Topographical Entropy from corr. pLogP method (VAL 43) : 0.5587
Side Chain Topographical Entropy from corr. pLogP method (LEU 44) : 0.4602
Side Chain Topographical Entropy from corr. pLogP method (THR 45) : 6.3629
Side Chain Topographical Entropy from corr. pLogP method (GLY 46) : -0.0000
Side Chain Topographical Entropy from corr. pLogP method (ARG 47) : 0.1936
Side Chain Topographical Entropy from corr. pLogP method (TYR 48) : 4.2042
Side Chain Topographical Entropy from corr. pLogP method (ASP 49) : 0.1936
Side Chain Topographical Entropy from corr. pLogP method (SER 50) : 1.0229
Side Chain Topographical Entropy from corr. pLogP method (ALA 51) : -0.0000
Side Chain Topographical Entropy from corr. pLogP method (PRO 52) : 10.8456
Side Chain Topographical Entropy from corr. pLogP method (ALA 53) : -0.0000
Side Chain Topographical Entropy from corr. pLogP method (THR 54) : 4.9496
Side Chain Topographical Entropy from corr. pLogP method (ASP 55) : 5.5206
Side Chain Topographical Entropy from corr. pLogP method (GLY 56) : -0.0000
Side Chain Topographical Entropy from corr. pLogP method (SER 57) : -0.0000
Side Chain Topographical Entropy from corr. pLogP method (GLY 58) : -0.0000
Side Chain Topographical Entropy from corr. pLogP method (THR 59) : -0.0000
Side Chain Topographical Entropy from corr. pLogP method (ALA 60) : -0.0000
Side Chain Topographical Entropy from corr. pLogP method (LEU 61) : 1.0976
Side Chain Topographical Entropy from corr. pLogP method (GLY 62) : -0.0000
Side Chain Topographical Entropy from corr. pLogP method (TRP 63) : 0.0358
Side Chain Topographical Entropy from corr. pLogP method (THR 64) : 4.5858
Side Chain Topographical Entropy from corr. pLogP method (VAL 65) : -0.0000
Side Chain Topographical Entropy from corr. pLogP method (ALA 66) : -0.0000
Side Chain Topographical Entropy from corr. pLogP method (TRP 67) : 0.0358
Side Chain Topographical Entropy from corr. pLogP method (LYS 68) : 12.2141
Side Chain Topographical Entropy from corr. pLogP method (ASN 69) : 5.3883
Side Chain Topographical Entropy from corr. pLogP method (ASN 70) : 13.4890
Side Chain Topographical Entropy from corr. pLogP method (TYR 71) : 3.4710
Side Chain Topographical Entropy from corr. pLogP method (ARG 72) : 13.0053
Side Chain Topographical Entropy from corr. pLogP method (ASN 73) : 1.3831
Side Chain Topographical Entropy from corr. pLogP method (ALA 74) : -0.0000
Side Chain Topographical Entropy from corr. pLogP method (HID 75) : 4.2642
Side Chain Topographical Entropy from corr. pLogP method (SER 76) : 5.7004
Side Chain Topographical Entropy from corr. pLogP method (ALA 77) : -0.0000
Side Chain Topographical Entropy from corr. pLogP method (THR 78) : -0.0000
Side Chain Topographical Entropy from corr. pLogP method (THR 79) : 5.9768
Side Chain Topographical Entropy from corr. pLogP method (TRP 80) : 2.4081
Side Chain Topographical Entropy from corr. pLogP method (SER 81) : 1.0707
Side Chain Topographical Entropy from corr. pLogP method (GLY 82) : -0.0000
Side Chain Topographical Entropy from corr. pLogP method (GLN 83) : 5.3701
Side Chain Topographical Entropy from corr. pLogP method (TYR 84) : -0.0000
Side Chain Topographical Entropy from corr. pLogP method (VAL 85) : 2.2622
Side Chain Topographical Entropy from corr. pLogP method (GLY 86) : -0.0000
Side Chain Topographical Entropy from corr. pLogP method (GLY 87) : -0.0000
Side Chain Topographical Entropy from corr. pLogP method (ALA 88) : -0.0000
Side Chain Topographical Entropy from corr. pLogP method (GLU 89) : 22.1509
Side Chain Topographical Entropy from corr. pLogP method (ALA 90) : -0.0000
Side Chain Topographical Entropy from corr. pLogP method (ARG 91) : 12.0244
Side Chain Topographical Entropy from corr. pLogP method (ILE 92) : 0.5124
Side Chain Topographical Entropy from corr. pLogP method (ASN 93) : 9.2960
Side Chain Topographical Entropy from corr. pLogP method (THR 94) : -0.0000
Side Chain Topographical Entropy from corr. pLogP method (GLN 95) : 3.5582
Side Chain Topographical Entropy from corr. pLogP method (TRP 96) : 0.5768
Side Chain Topographical Entropy from corr. pLogP method (LEU 97) : 0.0715
Side Chain Topographical Entropy from corr. pLogP method (LEU 98) : 2.9927
Side Chain Topographical Entropy from corr. pLogP method (THR 99) : 0.7161
Side Chain Topographical Entropy from corr. pLogP method (SER 100) : 9.0077
Side Chain Topographical Entropy from corr. pLogP method (GLY 101) : -0.0000
Side Chain Topographical Entropy from corr. pLogP method (THR 102) : 7.9761
Side Chain Topographical Entropy from corr. pLogP method (THR 103) : 0.9104
Side Chain Topographical Entropy from corr. pLogP method (GLU 104) : 20.1140
Side Chain Topographical Entropy from corr. pLogP method (ALA 105) : -0.0000
Side Chain Topographical Entropy from corr. pLogP method (ASN 106) : 8.1624
Side Chain Topographical Entropy from corr. pLogP method (ALA 107) : -0.0000
Side Chain Topographical Entropy from corr. pLogP method (TRP 108) : 5.7615
Side Chain Topographical Entropy from corr. pLogP method (LYS 109) : 8.8215
Side Chain Topographical Entropy from corr. pLogP method (SER 110) : 8.7468
Side Chain Topographical Entropy from corr. pLogP method (THR 111) : 0.0358
Side Chain Topographical Entropy from corr. pLogP method (LEU 112) : 2.7463
Side Chain Topographical Entropy from corr. pLogP method (VAL 113) : 0.1698
Side Chain Topographical Entropy from corr. pLogP method (GLY 114) : -0.0000
Side Chain Topographical Entropy from corr. pLogP method (HID 115) : 6.2307
Side Chain Topographical Entropy from corr. pLogP method (ASP 116) : 7.6928
Side Chain Topographical Entropy from corr. pLogP method (THR 117) : 0.0358
Side Chain Topographical Entropy from corr. pLogP method (PHE 118) : -0.0000
Side Chain Topographical Entropy from corr. pLogP method (THR 119) : 2.1834
Side Chain Topographical Entropy from corr. pLogP method (LYS 120) : 10.0349
Side Chain Topographical Entropy from corr. pLogP method (VAL 121) : 6.0721
Side Chain Topographical Entropy from corr. pLogP method (LYS 122) : 18.6428
Side Chain Topographical Entropy from corr. pLogP method (PRO 123) : 14.8993
Side Chain Topographical Entropy from corr. pLogP method (SER 124) : 7.3971
Side Chain Topographical Entropy from corr. pLogP method (ALA 125) : -0.0000
Side Chain Topographical Entropy from corr. pLogP method (ALA 126) : -0.0000
Side Chain Topographical Entropy from corr. pLogP method (CSER 127) : 5.9863
____________________________________________________________
Total SC Topog. Entropy (corr. pLogP)    :         535.570
------------------------------------------------------------
____________________________________________________________
Total BB Topog. Entropy (corr. pLogP)    :          16.778
------------------------------------------------------------
____________________________________________________________
Total Entropy                            :         552.347
------------------------------------------------------------
