------------------------------------------------------------
Topographical entropy of residue side chains 
computed using all the dihedrals with correlation/pLogp formalism
------------------------------------------------------------
Side Chain Topographical Entropy from corr. pLogP method (NALA 1) : -0.0000
Side Chain Topographical Entropy from corr. pLogP method (GLU 2) : 18.9033
Side Chain Topographical Entropy from corr. pLogP method (ALA 3) : -0.0000
Side Chain Topographical Entropy from corr. pLogP method (GLY 4) : -0.0000
Side Chain Topographical Entropy from corr. pLogP method (ILE 5) : 1.5448
Side Chain Topographical Entropy from corr. pLogP method (THR 6) : 1.7604
Side Chain Topographical Entropy from corr. pLogP method (GLY 7) : -0.0000
Side Chain Topographical Entropy from corr. pLogP method (THR 8) : 2.9646
Side Chain Topographical Entropy from corr. pLogP method (TRP 9) : -0.0000
Side Chain Topographical Entropy from corr. pLogP method (TYR 10) : 6.7881
Side Chain Topographical Entropy from corr. pLogP method (ALA 11) : -0.0000
Side Chain Topographical Entropy from corr. pLogP method (GLN 12) : 20.5828
Side Chain Topographical Entropy from corr. pLogP method (LEU 13) : 8.6272
Side Chain Topographical Entropy from corr. pLogP method (GLY 14) : -0.0000
Side Chain Topographical Entropy from corr. pLogP method (SER 15) : 7.2544
Side Chain Topographical Entropy from corr. pLogP method (THR 16) : 0.1069
Side Chain Topographical Entropy from corr. pLogP method (PHE 17) : 0.9660
Side Chain Topographical Entropy from corr. pLogP method (ILE 18) : 6.3214
Side Chain Topographical Entropy from corr. pLogP method (VAL 19) : 3.0677
Side Chain Topographical Entropy from corr. pLogP method (THR 20) : 7.1451
Side Chain Topographical Entropy from corr. pLogP method (ALA 21) : -0.0000
Side Chain Topographical Entropy from corr. pLogP method (GLY 22) : -0.0000
Side Chain Topographical Entropy from corr. pLogP method (ALA 23) : -0.0000
Side Chain Topographical Entropy from corr. pLogP method (ASP 24) : 17.1913
Side Chain Topographical Entropy from corr. pLogP method (GLY 25) : -0.0000
Side Chain Topographical Entropy from corr. pLogP method (ALA 26) : -0.0000
Side Chain Topographical Entropy from corr. pLogP method (LEU 27) : 10.3634
Side Chain Topographical Entropy from corr. pLogP method (THR 28) : 7.5379
Side Chain Topographical Entropy from corr. pLogP method (GLY 29) : -0.0000
Side Chain Topographical Entropy from corr. pLogP method (THR 30) : 5.5435
Side Chain Topographical Entropy from corr. pLogP method (TYR 31) : 13.6215
Side Chain Topographical Entropy from corr. pLogP method (GLU 32) : 16.6379
Side Chain Topographical Entropy from corr. pLogP method (SER 33) : 3.8250
Side Chain Topographical Entropy from corr. pLogP method (ALA 34) : -0.0000
Side Chain Topographical Entropy from corr. pLogP method (VAL 35) : 7.9959
Side Chain Topographical Entropy from corr. pLogP method (GLY 36) : -0.0000
Side Chain Topographical Entropy from corr. pLogP method (ASN 37) : 15.6656
Side Chain Topographical Entropy from corr. pLogP method (ALA 38) : -0.0000
Side Chain Topographical Entropy from corr. pLogP method (GLU 39) : 23.5041
Side Chain Topographical Entropy from corr. pLogP method (SER 40) : 8.1418
Side Chain Topographical Entropy from corr. pLogP method (ARG 41) : 16.5096
Side Chain Topographical Entropy from corr. pLogP method (TYR 42) : 12.4054
Side Chain Topographical Entropy from corr. pLogP method (VAL 43) : 6.0772
Side Chain Topographical Entropy from corr. pLogP method (LEU 44) : 7.6210
Side Chain Topographical Entropy from corr. pLogP method (THR 45) : 2.0114
Side Chain Topographical Entropy from corr. pLogP method (GLY 46) : -0.0000
Side Chain Topographical Entropy from corr. pLogP method (ARG 47) : 1.2743
Side Chain Topographical Entropy from corr. pLogP method (TYR 48) : 4.8246
Side Chain Topographical Entropy from corr. pLogP method (ASP 49) : 4.1729
Side Chain Topographical Entropy from corr. pLogP method (SER 50) : 4.1265
Side Chain Topographical Entropy from corr. pLogP method (ALA 51) : -0.0000
Side Chain Topographical Entropy from corr. pLogP method (PRO 52) : 12.5630
Side Chain Topographical Entropy from corr. pLogP method (ALA 53) : -0.0000
Side Chain Topographical Entropy from corr. pLogP method (THR 54) : 4.7160
Side Chain Topographical Entropy from corr. pLogP method (ASP 55) : 7.4649
Side Chain Topographical Entropy from corr. pLogP method (GLY 56) : -0.0000
Side Chain Topographical Entropy from corr. pLogP method (SER 57) : 1.2876
Side Chain Topographical Entropy from corr. pLogP method (GLY 58) : -0.0000
Side Chain Topographical Entropy from corr. pLogP method (THR 59) : 0.2943
Side Chain Topographical Entropy from corr. pLogP method (ALA 60) : -0.0000
Side Chain Topographical Entropy from corr. pLogP method (LEU 61) : 7.1667
Side Chain Topographical Entropy from corr. pLogP method (GLY 62) : -0.0000
Side Chain Topographical Entropy from corr. pLogP method (TRP 63) : 0.0193
Side Chain Topographical Entropy from corr. pLogP method (THR 64) : -0.0000
Side Chain Topographical Entropy from corr. pLogP method (VAL 65) : 1.5641
Side Chain Topographical Entropy from corr. pLogP method (ALA 66) : -0.0000
Side Chain Topographical Entropy from corr. pLogP method (TRP 67) : 3.2849
Side Chain Topographical Entropy from corr. pLogP method (LYS 68) : 21.7340
Side Chain Topographical Entropy from corr. pLogP method (ASN 69) : 10.3536
Side Chain Topographical Entropy from corr. pLogP method (ASN 70) : 14.2043
Side Chain Topographical Entropy from corr. pLogP method (TYR 71) : 18.7431
Side Chain Topographical Entropy from corr. pLogP method (ARG 72) : 20.2932
Side Chain Topographical Entropy from corr. pLogP method (ASN 73) : 11.7641
Side Chain Topographical Entropy from corr. pLogP method (ALA 74) : -0.0000
Side Chain Topographical Entropy from corr. pLogP method (HID 75) : 9.3475
Side Chain Topographical Entropy from corr. pLogP method (SER 76) : 2.6749
Side Chain Topographical Entropy from corr. pLogP method (ALA 77) : -0.0000
Side Chain Topographical Entropy from corr. pLogP method (THR 78) : 0.1200
Side Chain Topographical Entropy from corr. pLogP method (THR 79) : 0.2395
Side Chain Topographical Entropy from corr. pLogP method (TRP 80) : 2.0438
Side Chain Topographical Entropy from corr. pLogP method (SER 81) : 0.0936
Side Chain Topographical Entropy from corr. pLogP method (GLY 82) : -0.0000
Side Chain Topographical Entropy from corr. pLogP method (GLN 83) : 8.0210
Side Chain Topographical Entropy from corr. pLogP method (TYR 84) : -0.0000
Side Chain Topographical Entropy from corr. pLogP method (VAL 85) : 2.4525
Side Chain Topographical Entropy from corr. pLogP method (GLY 86) : -0.0000
Side Chain Topographical Entropy from corr. pLogP method (GLY 87) : -0.0000
Side Chain Topographical Entropy from corr. pLogP method (ALA 88) : -0.0000
Side Chain Topographical Entropy from corr. pLogP method (GLU 89) : 20.8592
Side Chain Topographical Entropy from corr. pLogP method (ALA 90) : -0.0000
Side Chain Topographical Entropy from corr. pLogP method (ARG 91) : 5.2041
Side Chain Topographical Entropy from corr. pLogP method (ILE 92) : 0.4413
Side Chain Topographical Entropy from corr. pLogP method (ASN 93) : 4.4870
Side Chain Topographical Entropy from corr. pLogP method (THR 94) : 0.1726
Side Chain Topographical Entropy from corr. pLogP method (GLN 95) : 4.9801
Side Chain Topographical Entropy from corr. pLogP method (TRP 96) : 1.2614
Side Chain Topographical Entropy from corr. pLogP method (LEU 97) : 0.1818
Side Chain Topographical Entropy from corr. pLogP method (LEU 98) : 4.4153
Side Chain Topographical Entropy from corr. pLogP method (THR 99) : 3.3215
Side Chain Topographical Entropy from corr. pLogP method (SER 100) : 8.5620
Side Chain Topographical Entropy from corr. pLogP method (GLY 101) : -0.0000
Side Chain Topographical Entropy from corr. pLogP method (THR 102) : 1.8038
Side Chain Topographical Entropy from corr. pLogP method (THR 103) : 1.8502
Side Chain Topographical Entropy from corr. pLogP method (GLU 104) : 23.7682
Side Chain Topographical Entropy from corr. pLogP method (ALA 105) : -0.0000
Side Chain Topographical Entropy from corr. pLogP method (ASN 106) : 6.9229
Side Chain Topographical Entropy from corr. pLogP method (ALA 107) : -0.0000
Side Chain Topographical Entropy from corr. pLogP method (TRP 108) : 9.1285
Side Chain Topographical Entropy from corr. pLogP method (LYS 109) : 18.5390
Side Chain Topographical Entropy from corr. pLogP method (SER 110) : 0.0704
Side Chain Topographical Entropy from corr. pLogP method (THR 111) : -0.0000
Side Chain Topographical Entropy from corr. pLogP method (LEU 112) : 1.0894
Side Chain Topographical Entropy from corr. pLogP method (VAL 113) : -0.0000
Side Chain Topographical Entropy from corr. pLogP method (GLY 114) : -0.0000
Side Chain Topographical Entropy from corr. pLogP method (HID 115) : 0.0715
Side Chain Topographical Entropy from corr. pLogP method (ASP 116) : 6.0964
Side Chain Topographical Entropy from corr. pLogP method (THR 117) : -0.0000
Side Chain Topographical Entropy from corr. pLogP method (PHE 118) : -0.0000
Side Chain Topographical Entropy from corr. pLogP method (THR 119) : 5.4121
Side Chain Topographical Entropy from corr. pLogP method (LYS 120) : 13.7108
Side Chain Topographical Entropy from corr. pLogP method (VAL 121) : 5.9119
Side Chain Topographical Entropy from corr. pLogP method (LYS 122) : 19.2581
Side Chain Topographical Entropy from corr. pLogP method (PRO 123) : 14.7394
Side Chain Topographical Entropy from corr. pLogP method (SER 124) : 8.5745
Side Chain Topographical Entropy from corr. pLogP method (ALA 125) : -0.0000
Side Chain Topographical Entropy from corr. pLogP method (ALA 126) : -0.0000
Side Chain Topographical Entropy from corr. pLogP method (CSER 127) : 5.3415
____________________________________________________________
Total SC Topog. Entropy (corr. pLogP)    :         631.704
------------------------------------------------------------
____________________________________________________________
Total BB Topog. Entropy (corr. pLogP)    :          41.077
------------------------------------------------------------
____________________________________________________________
Total Entropy                            :         672.781
------------------------------------------------------------
------------------------------------------------------------
Topographical entropy of residue side chains 
computed using all the dihedrals with correlation/pLogp formalism
------------------------------------------------------------
Side Chain Topographical Entropy from corr. pLogP method (NALA 1) : -0.0000
Side Chain Topographical Entropy from corr. pLogP method (GLU 2) : 21.7300
Side Chain Topographical Entropy from corr. pLogP method (ALA 3) : -0.0000
Side Chain Topographical Entropy from corr. pLogP method (GLY 4) : -0.0000
Side Chain Topographical Entropy from corr. pLogP method (ILE 5) : 1.8904
Side Chain Topographical Entropy from corr. pLogP method (THR 6) : 0.0193
Side Chain Topographical Entropy from corr. pLogP method (GLY 7) : -0.0000
Side Chain Topographical Entropy from corr. pLogP method (THR 8) : 0.1698
Side Chain Topographical Entropy from corr. pLogP method (TRP 9) : 1.7201
Side Chain Topographical Entropy from corr. pLogP method (TYR 10) : 7.6166
Side Chain Topographical Entropy from corr. pLogP method (ALA 11) : -0.0000
Side Chain Topographical Entropy from corr. pLogP method (GLN 12) : 21.9874
Side Chain Topographical Entropy from corr. pLogP method (LEU 13) : 12.0171
Side Chain Topographical Entropy from corr. pLogP method (GLY 14) : -0.0000
Side Chain Topographical Entropy from corr. pLogP method (SER 15) : 8.8238
Side Chain Topographical Entropy from corr. pLogP method (THR 16) : 1.4661
Side Chain Topographical Entropy from corr. pLogP method (PHE 17) : 1.6872
Side Chain Topographical Entropy from corr. pLogP method (ILE 18) : 5.3671
Side Chain Topographical Entropy from corr. pLogP method (VAL 19) : 2.4377
Side Chain Topographical Entropy from corr. pLogP method (THR 20) : 5.2143
Side Chain Topographical Entropy from corr. pLogP method (ALA 21) : -0.0000
Side Chain Topographical Entropy from corr. pLogP method (GLY 22) : -0.0000
Side Chain Topographical Entropy from corr. pLogP method (ALA 23) : -0.0000
Side Chain Topographical Entropy from corr. pLogP method (ASP 24) : 15.3101
Side Chain Topographical Entropy from corr. pLogP method (GLY 25) : -0.0000
Side Chain Topographical Entropy from corr. pLogP method (ALA 26) : -0.0000
Side Chain Topographical Entropy from corr. pLogP method (LEU 27) : 8.4012
Side Chain Topographical Entropy from corr. pLogP method (THR 28) : 7.3145
Side Chain Topographical Entropy from corr. pLogP method (GLY 29) : -0.0000
Side Chain Topographical Entropy from corr. pLogP method (THR 30) : 6.8777
Side Chain Topographical Entropy from corr. pLogP method (TYR 31) : 9.9939
Side Chain Topographical Entropy from corr. pLogP method (GLU 32) : 13.0976
Side Chain Topographical Entropy from corr. pLogP method (SER 33) : 2.9760
Side Chain Topographical Entropy from corr. pLogP method (ALA 34) : -0.0000
Side Chain Topographical Entropy from corr. pLogP method (VAL 35) : 3.9617
Side Chain Topographical Entropy from corr. pLogP method (GLY 36) : -0.0000
Side Chain Topographical Entropy from corr. pLogP method (ASN 37) : 12.6345
Side Chain Topographical Entropy from corr. pLogP method (ALA 38) : -0.0000
Side Chain Topographical Entropy from corr. pLogP method (GLU 39) : 24.6501
Side Chain Topographical Entropy from corr. pLogP method (SER 40) : 7.5479
Side Chain Topographical Entropy from corr. pLogP method (ARG 41) : 13.4388
Side Chain Topographical Entropy from corr. pLogP method (TYR 42) : 1.2890
Side Chain Topographical Entropy from corr. pLogP method (VAL 43) : 7.2491
Side Chain Topographical Entropy from corr. pLogP method (LEU 44) : 5.4429
Side Chain Topographical Entropy from corr. pLogP method (THR 45) : 1.9607
Side Chain Topographical Entropy from corr. pLogP method (GLY 46) : -0.0000
Side Chain Topographical Entropy from corr. pLogP method (ARG 47) : 0.2053
Side Chain Topographical Entropy from corr. pLogP method (TYR 48) : 3.3946
Side Chain Topographical Entropy from corr. pLogP method (ASP 49) : 6.7269
Side Chain Topographical Entropy from corr. pLogP method (SER 50) : 0.1427
Side Chain Topographical Entropy from corr. pLogP method (ALA 51) : -0.0000
Side Chain Topographical Entropy from corr. pLogP method (PRO 52) : 14.5334
Side Chain Topographical Entropy from corr. pLogP method (ALA 53) : -0.0000
Side Chain Topographical Entropy from corr. pLogP method (THR 54) : 8.1908
Side Chain Topographical Entropy from corr. pLogP method (ASP 55) : 14.3678
Side Chain Topographical Entropy from corr. pLogP method (GLY 56) : -0.0000
Side Chain Topographical Entropy from corr. pLogP method (SER 57) : 7.7936
Side Chain Topographical Entropy from corr. pLogP method (GLY 58) : -0.0000
Side Chain Topographical Entropy from corr. pLogP method (THR 59) : 1.1343
Side Chain Topographical Entropy from corr. pLogP method (ALA 60) : -0.0000
Side Chain Topographical Entropy from corr. pLogP method (LEU 61) : 6.3361
Side Chain Topographical Entropy from corr. pLogP method (GLY 62) : -0.0000
Side Chain Topographical Entropy from corr. pLogP method (TRP 63) : 1.6418
Side Chain Topographical Entropy from corr. pLogP method (THR 64) : 0.5768
Side Chain Topographical Entropy from corr. pLogP method (VAL 65) : 0.4464
Side Chain Topographical Entropy from corr. pLogP method (ALA 66) : -0.0000
Side Chain Topographical Entropy from corr. pLogP method (TRP 67) : 3.0345
Side Chain Topographical Entropy from corr. pLogP method (LYS 68) : 19.9560
Side Chain Topographical Entropy from corr. pLogP method (ASN 69) : 14.1897
Side Chain Topographical Entropy from corr. pLogP method (ASN 70) : 15.0858
Side Chain Topographical Entropy from corr. pLogP method (TYR 71) : 13.2324
Side Chain Topographical Entropy from corr. pLogP method (ARG 72) : 22.8483
Side Chain Topographical Entropy from corr. pLogP method (ASN 73) : 2.5997
Side Chain Topographical Entropy from corr. pLogP method (ALA 74) : -0.0000
Side Chain Topographical Entropy from corr. pLogP method (HID 75) : 3.9610
Side Chain Topographical Entropy from corr. pLogP method (SER 76) : 7.0391
Side Chain Topographical Entropy from corr. pLogP method (ALA 77) : -0.0000
Side Chain Topographical Entropy from corr. pLogP method (THR 78) : 1.1058
Side Chain Topographical Entropy from corr. pLogP method (THR 79) : 2.2468
Side Chain Topographical Entropy from corr. pLogP method (TRP 80) : 7.1552
Side Chain Topographical Entropy from corr. pLogP method (SER 81) : 1.3590
Side Chain Topographical Entropy from corr. pLogP method (GLY 82) : -0.0000
Side Chain Topographical Entropy from corr. pLogP method (GLN 83) : 12.4205
Side Chain Topographical Entropy from corr. pLogP method (TYR 84) : 4.3814
Side Chain Topographical Entropy from corr. pLogP method (VAL 85) : 5.6827
Side Chain Topographical Entropy from corr. pLogP method (GLY 86) : -0.0000
Side Chain Topographical Entropy from corr. pLogP method (GLY 87) : -0.0000
Side Chain Topographical Entropy from corr. pLogP method (ALA 88) : -0.0000
Side Chain Topographical Entropy from corr. pLogP method (GLU 89) : 23.8004
Side Chain Topographical Entropy from corr. pLogP method (ALA 90) : -0.0000
Side Chain Topographical Entropy from corr. pLogP method (ARG 91) : 19.7132
Side Chain Topographical Entropy from corr. pLogP method (ILE 92) : 1.8188
Side Chain Topographical Entropy from corr. pLogP method (ASN 93) : 5.3555
Side Chain Topographical Entropy from corr. pLogP method (THR 94) : 4.1629
Side Chain Topographical Entropy from corr. pLogP method (GLN 95) : 5.5569
Side Chain Topographical Entropy from corr. pLogP method (TRP 96) : 7.9216
Side Chain Topographical Entropy from corr. pLogP method (LEU 97) : 2.0242
Side Chain Topographical Entropy from corr. pLogP method (LEU 98) : 3.0959
Side Chain Topographical Entropy from corr. pLogP method (THR 99) : 0.8736
Side Chain Topographical Entropy from corr. pLogP method (SER 100) : 8.7019
Side Chain Topographical Entropy from corr. pLogP method (GLY 101) : -0.0000
Side Chain Topographical Entropy from corr. pLogP method (THR 102) : 7.5322
Side Chain Topographical Entropy from corr. pLogP method (THR 103) : 2.0534
Side Chain Topographical Entropy from corr. pLogP method (GLU 104) : 24.0878
Side Chain Topographical Entropy from corr. pLogP method (ALA 105) : -0.0000
Side Chain Topographical Entropy from corr. pLogP method (ASN 106) : 8.5255
Side Chain Topographical Entropy from corr. pLogP method (ALA 107) : -0.0000
Side Chain Topographical Entropy from corr. pLogP method (TRP 108) : 13.9099
Side Chain Topographical Entropy from corr. pLogP method (LYS 109) : 19.1164
Side Chain Topographical Entropy from corr. pLogP method (SER 110) : 2.9157
Side Chain Topographical Entropy from corr. pLogP method (THR 111) : 2.4139
Side Chain Topographical Entropy from corr. pLogP method (LEU 112) : 6.3756
Side Chain Topographical Entropy from corr. pLogP method (VAL 113) : 3.8416
Side Chain Topographical Entropy from corr. pLogP method (GLY 114) : -0.0000
Side Chain Topographical Entropy from corr. pLogP method (HID 115) : 16.7592
Side Chain Topographical Entropy from corr. pLogP method (ASP 116) : 9.0067
Side Chain Topographical Entropy from corr. pLogP method (THR 117) : 6.0811
Side Chain Topographical Entropy from corr. pLogP method (PHE 118) : 1.1258
Side Chain Topographical Entropy from corr. pLogP method (THR 119) : 4.0994
Side Chain Topographical Entropy from corr. pLogP method (LYS 120) : 13.7357
Side Chain Topographical Entropy from corr. pLogP method (VAL 121) : 4.4169
Side Chain Topographical Entropy from corr. pLogP method (LYS 122) : 18.5527
Side Chain Topographical Entropy from corr. pLogP method (PRO 123) : 19.9424
Side Chain Topographical Entropy from corr. pLogP method (SER 124) : 9.0737
Side Chain Topographical Entropy from corr. pLogP method (ALA 125) : -0.0000
Side Chain Topographical Entropy from corr. pLogP method (ALA 126) : -0.0000
Side Chain Topographical Entropy from corr. pLogP method (CSER 127) : 4.8431
____________________________________________________________
Total SC Topog. Entropy (corr. pLogP)    :         717.515
------------------------------------------------------------
____________________________________________________________
Total BB Topog. Entropy (corr. pLogP)    :          44.042
------------------------------------------------------------
____________________________________________________________
Total Entropy                            :         761.557
------------------------------------------------------------
------------------------------------------------------------
Topographical entropy of residue side chains 
computed using all the dihedrals with correlation/pLogp formalism
------------------------------------------------------------
Side Chain Topographical Entropy from corr. pLogP method (NALA 1) : -0.0000
Side Chain Topographical Entropy from corr. pLogP method (GLU 2) : 22.0696
Side Chain Topographical Entropy from corr. pLogP method (ALA 3) : -0.0000
Side Chain Topographical Entropy from corr. pLogP method (GLY 4) : -0.0000
Side Chain Topographical Entropy from corr. pLogP method (ILE 5) : 1.4583
Side Chain Topographical Entropy from corr. pLogP method (THR 6) : 0.1069
Side Chain Topographical Entropy from corr. pLogP method (GLY 7) : -0.0000
Side Chain Topographical Entropy from corr. pLogP method (THR 8) : 1.3632
Side Chain Topographical Entropy from corr. pLogP method (TRP 9) : -0.0000
Side Chain Topographical Entropy from corr. pLogP method (TYR 10) : 5.8396
Side Chain Topographical Entropy from corr. pLogP method (ALA 11) : -0.0000
Side Chain Topographical Entropy from corr. pLogP method (GLN 12) : 19.8546
Side Chain Topographical Entropy from corr. pLogP method (LEU 13) : 6.8119
Side Chain Topographical Entropy from corr. pLogP method (GLY 14) : -0.0000
Side Chain Topographical Entropy from corr. pLogP method (SER 15) : 8.3868
Side Chain Topographical Entropy from corr. pLogP method (THR 16) : 6.4658
Side Chain Topographical Entropy from corr. pLogP method (PHE 17) : 0.2053
Side Chain Topographical Entropy from corr. pLogP method (ILE 18) : 6.1180
Side Chain Topographical Entropy from corr. pLogP method (VAL 19) : 1.7052
Side Chain Topographical Entropy from corr. pLogP method (THR 20) : 6.9765
Side Chain Topographical Entropy from corr. pLogP method (ALA 21) : -0.0000
Side Chain Topographical Entropy from corr. pLogP method (GLY 22) : -0.0000
Side Chain Topographical Entropy from corr. pLogP method (ALA 23) : -0.0000
Side Chain Topographical Entropy from corr. pLogP method (ASP 24) : 12.7211
Side Chain Topographical Entropy from corr. pLogP method (GLY 25) : -0.0000
Side Chain Topographical Entropy from corr. pLogP method (ALA 26) : -0.0000
Side Chain Topographical Entropy from corr. pLogP method (LEU 27) : 7.4869
Side Chain Topographical Entropy from corr. pLogP method (THR 28) : 8.4110
Side Chain Topographical Entropy from corr. pLogP method (GLY 29) : -0.0000
Side Chain Topographical Entropy from corr. pLogP method (THR 30) : 7.2579
Side Chain Topographical Entropy from corr. pLogP method (TYR 31) : 5.2290
Side Chain Topographical Entropy from corr. pLogP method (GLU 32) : 18.8298
Side Chain Topographical Entropy from corr. pLogP method (SER 33) : 3.9679
Side Chain Topographical Entropy from corr. pLogP method (ALA 34) : -0.0000
Side Chain Topographical Entropy from corr. pLogP method (VAL 35) : 7.7166
Side Chain Topographical Entropy from corr. pLogP method (GLY 36) : -0.0000
Side Chain Topographical Entropy from corr. pLogP method (ASN 37) : 11.7371
Side Chain Topographical Entropy from corr. pLogP method (ALA 38) : -0.0000
Side Chain Topographical Entropy from corr. pLogP method (GLU 39) : 17.7461
Side Chain Topographical Entropy from corr. pLogP method (SER 40) : 3.8464
Side Chain Topographical Entropy from corr. pLogP method (ARG 41) : 11.6580
Side Chain Topographical Entropy from corr. pLogP method (TYR 42) : 0.1580
Side Chain Topographical Entropy from corr. pLogP method (VAL 43) : 0.1710
Side Chain Topographical Entropy from corr. pLogP method (LEU 44) : 5.0513
Side Chain Topographical Entropy from corr. pLogP method (THR 45) : 7.0240
Side Chain Topographical Entropy from corr. pLogP method (GLY 46) : -0.0000
Side Chain Topographical Entropy from corr. pLogP method (ARG 47) : 0.1818
Side Chain Topographical Entropy from corr. pLogP method (TYR 48) : 3.3615
Side Chain Topographical Entropy from corr. pLogP method (ASP 49) : 5.4195
Side Chain Topographical Entropy from corr. pLogP method (SER 50) : 0.2175
Side Chain Topographical Entropy from corr. pLogP method (ALA 51) : -0.0000
Side Chain Topographical Entropy from corr. pLogP method (PRO 52) : 12.1886
Side Chain Topographical Entropy from corr. pLogP method (ALA 53) : -0.0000
Side Chain Topographical Entropy from corr. pLogP method (THR 54) : 6.2299
Side Chain Topographical Entropy from corr. pLogP method (ASP 55) : 8.2170
Side Chain Topographical Entropy from corr. pLogP method (GLY 56) : -0.0000
Side Chain Topographical Entropy from corr. pLogP method (SER 57) : 1.3111
Side Chain Topographical Entropy from corr. pLogP method (GLY 58) : -0.0000
Side Chain Topographical Entropy from corr. pLogP method (THR 59) : 0.0511
Side Chain Topographical Entropy from corr. pLogP method (ALA 60) : -0.0000
Side Chain Topographical Entropy from corr. pLogP method (LEU 61) : 3.1454
Side Chain Topographical Entropy from corr. pLogP method (GLY 62) : -0.0000
Side Chain Topographical Entropy from corr. pLogP method (TRP 63) : -0.0000
Side Chain Topographical Entropy from corr. pLogP method (THR 64) : -0.0000
Side Chain Topographical Entropy from corr. pLogP method (VAL 65) : 0.1069
Side Chain Topographical Entropy from corr. pLogP method (ALA 66) : -0.0000
Side Chain Topographical Entropy from corr. pLogP method (TRP 67) : 0.0936
Side Chain Topographical Entropy from corr. pLogP method (LYS 68) : 20.2420
Side Chain Topographical Entropy from corr. pLogP method (ASN 69) : 8.1510
Side Chain Topographical Entropy from corr. pLogP method (ASN 70) : 13.4829
Side Chain Topographical Entropy from corr. pLogP method (TYR 71) : 12.7135
Side Chain Topographical Entropy from corr. pLogP method (ARG 72) : 19.6464
Side Chain Topographical Entropy from corr. pLogP method (ASN 73) : 5.5832
Side Chain Topographical Entropy from corr. pLogP method (ALA 74) : -0.0000
Side Chain Topographical Entropy from corr. pLogP method (HID 75) : 3.2441
Side Chain Topographical Entropy from corr. pLogP method (SER 76) : 2.5546
Side Chain Topographical Entropy from corr. pLogP method (ALA 77) : -0.0000
Side Chain Topographical Entropy from corr. pLogP method (THR 78) : 0.0193
Side Chain Topographical Entropy from corr. pLogP method (THR 79) : 2.0523
Side Chain Topographical Entropy from corr. pLogP method (TRP 80) : 1.8178
Side Chain Topographical Entropy from corr. pLogP method (SER 81) : 0.0511
Side Chain Topographical Entropy from corr. pLogP method (GLY 82) : -0.0000
Side Chain Topographical Entropy from corr. pLogP method (GLN 83) : 7.3072
Side Chain Topographical Entropy from corr. pLogP method (TYR 84) : -0.0000
Side Chain Topographical Entropy from corr. pLogP method (VAL 85) : 1.5898
Side Chain Topographical Entropy from corr. pLogP method (GLY 86) : -0.0000
Side Chain Topographical Entropy from corr. pLogP method (GLY 87) : -0.0000
Side Chain Topographical Entropy from corr. pLogP method (ALA 88) : -0.0000
Side Chain Topographical Entropy from corr. pLogP method (GLU 89) : 23.2251
Side Chain Topographical Entropy from corr. pLogP method (ALA 90) : -0.0000
Side Chain Topographical Entropy from corr. pLogP method (ARG 91) : 16.1267
Side Chain Topographical Entropy from corr. pLogP method (ILE 92) : 0.2732
Side Chain Topographical Entropy from corr. pLogP method (ASN 93) : 6.8173
Side Chain Topographical Entropy from corr. pLogP method (THR 94) : 0.0704
Side Chain Topographical Entropy from corr. pLogP method (GLN 95) : 9.2445
Side Chain Topographical Entropy from corr. pLogP method (TRP 96) : 0.9720
Side Chain Topographical Entropy from corr. pLogP method (LEU 97) : 4.0314
Side Chain Topographical Entropy from corr. pLogP method (LEU 98) : 1.5949
Side Chain Topographical Entropy from corr. pLogP method (THR 99) : 2.3064
Side Chain Topographical Entropy from corr. pLogP method (SER 100) : 6.7051
Side Chain Topographical Entropy from corr. pLogP method (GLY 101) : -0.0000
Side Chain Topographical Entropy from corr. pLogP method (THR 102) : 3.2865
Side Chain Topographical Entropy from corr. pLogP method (THR 103) : 0.6562
Side Chain Topographical Entropy from corr. pLogP method (GLU 104) : 22.5115
Side Chain Topographical Entropy from corr. pLogP method (ALA 105) : -0.0000
Side Chain Topographical Entropy from corr. pLogP method (ASN 106) : 4.8844
Side Chain Topographical Entropy from corr. pLogP method (ALA 107) : -0.0000
Side Chain Topographical Entropy from corr. pLogP method (TRP 108) : 5.7736
Side Chain Topographical Entropy from corr. pLogP method (LYS 109) : 16.4167
Side Chain Topographical Entropy from corr. pLogP method (SER 110) : 2.5155
Side Chain Topographical Entropy from corr. pLogP method (THR 111) : 0.0511
Side Chain Topographical Entropy from corr. pLogP method (LEU 112) : 2.4661
Side Chain Topographical Entropy from corr. pLogP method (VAL 113) : -0.0000
Side Chain Topographical Entropy from corr. pLogP method (GLY 114) : -0.0000
Side Chain Topographical Entropy from corr. pLogP method (HID 115) : 1.1105
Side Chain Topographical Entropy from corr. pLogP method (ASP 116) : 8.6867
Side Chain Topographical Entropy from corr. pLogP method (THR 117) : 5.7181
Side Chain Topographical Entropy from corr. pLogP method (PHE 118) : 0.0511
Side Chain Topographical Entropy from corr. pLogP method (THR 119) : 5.0198
Side Chain Topographical Entropy from corr. pLogP method (LYS 120) : 13.5639
Side Chain Topographical Entropy from corr. pLogP method (VAL 121) : 5.5624
Side Chain Topographical Entropy from corr. pLogP method (LYS 122) : 16.7984
Side Chain Topographical Entropy from corr. pLogP method (PRO 123) : 14.4879
Side Chain Topographical Entropy from corr. pLogP method (SER 124) : 8.8429
Side Chain Topographical Entropy from corr. pLogP method (ALA 125) : -0.0000
Side Chain Topographical Entropy from corr. pLogP method (ALA 126) : -0.0000
Side Chain Topographical Entropy from corr. pLogP method (CSER 127) : 5.0115
____________________________________________________________
Total SC Topog. Entropy (corr. pLogP)    :         570.135
------------------------------------------------------------
____________________________________________________________
Total BB Topog. Entropy (corr. pLogP)    :          19.038
------------------------------------------------------------
____________________________________________________________
Total Entropy                            :         589.173
------------------------------------------------------------
------------------------------------------------------------
Topographical entropy of residue side chains 
computed using all the dihedrals with correlation/pLogp formalism
------------------------------------------------------------
Side Chain Topographical Entropy from corr. pLogP method (NALA 1) : -0.0000
Side Chain Topographical Entropy from corr. pLogP method (GLU 2) : 21.8370
Side Chain Topographical Entropy from corr. pLogP method (ALA 3) : -0.0000
Side Chain Topographical Entropy from corr. pLogP method (GLY 4) : -0.0000
Side Chain Topographical Entropy from corr. pLogP method (ILE 5) : 1.5875
Side Chain Topographical Entropy from corr. pLogP method (THR 6) : 0.0358
Side Chain Topographical Entropy from corr. pLogP method (GLY 7) : -0.0000
Side Chain Topographical Entropy from corr. pLogP method (THR 8) : 1.0455
Side Chain Topographical Entropy from corr. pLogP method (TRP 9) : -0.0000
Side Chain Topographical Entropy from corr. pLogP method (TYR 10) : 5.5718
Side Chain Topographical Entropy from corr. pLogP method (ALA 11) : -0.0000
Side Chain Topographical Entropy from corr. pLogP method (GLN 12) : 20.9965
Side Chain Topographical Entropy from corr. pLogP method (LEU 13) : 7.8563
Side Chain Topographical Entropy from corr. pLogP method (GLY 14) : -0.0000
Side Chain Topographical Entropy from corr. pLogP method (SER 15) : 7.5251
Side Chain Topographical Entropy from corr. pLogP method (THR 16) : 0.9529
Side Chain Topographical Entropy from corr. pLogP method (PHE 17) : 4.7702
Side Chain Topographical Entropy from corr. pLogP method (ILE 18) : 5.2065
Side Chain Topographical Entropy from corr. pLogP method (VAL 19) : 8.7076
Side Chain Topographical Entropy from corr. pLogP method (THR 20) : 5.2503
Side Chain Topographical Entropy from corr. pLogP method (ALA 21) : -0.0000
Side Chain Topographical Entropy from corr. pLogP method (GLY 22) : -0.0000
Side Chain Topographical Entropy from corr. pLogP method (ALA 23) : -0.0000
Side Chain Topographical Entropy from corr. pLogP method (ASP 24) : 15.8221
Side Chain Topographical Entropy from corr. pLogP method (GLY 25) : -0.0000
Side Chain Topographical Entropy from corr. pLogP method (ALA 26) : -0.0000
Side Chain Topographical Entropy from corr. pLogP method (LEU 27) : 8.9882
Side Chain Topographical Entropy from corr. pLogP method (THR 28) : 8.8845
Side Chain Topographical Entropy from corr. pLogP method (GLY 29) : -0.0000
Side Chain Topographical Entropy from corr. pLogP method (THR 30) : 0.0193
Side Chain Topographical Entropy from corr. pLogP method (TYR 31) : 2.1362
Side Chain Topographical Entropy from corr. pLogP method (GLU 32) : 15.0939
Side Chain Topographical Entropy from corr. pLogP method (SER 33) : 5.9868
Side Chain Topographical Entropy from corr. pLogP method (ALA 34) : -0.0000
Side Chain Topographical Entropy from corr. pLogP method (VAL 35) : 8.2760
Side Chain Topographical Entropy from corr. pLogP method (GLY 36) : -0.0000
Side Chain Topographical Entropy from corr. pLogP method (ASN 37) : 14.2998
Side Chain Topographical Entropy from corr. pLogP method (ALA 38) : -0.0000
Side Chain Topographical Entropy from corr. pLogP method (GLU 39) : 15.8408
Side Chain Topographical Entropy from corr. pLogP method (SER 40) : 7.7883
Side Chain Topographical Entropy from corr. pLogP method (ARG 41) : 7.4729
Side Chain Topographical Entropy from corr. pLogP method (TYR 42) : 0.0193
Side Chain Topographical Entropy from corr. pLogP method (VAL 43) : 5.9391
Side Chain Topographical Entropy from corr. pLogP method (LEU 44) : 12.6642
Side Chain Topographical Entropy from corr. pLogP method (THR 45) : 5.9478
Side Chain Topographical Entropy from corr. pLogP method (GLY 46) : -0.0000
Side Chain Topographical Entropy from corr. pLogP method (ARG 47) : 0.1698
Side Chain Topographical Entropy from corr. pLogP method (TYR 48) : 3.1704
Side Chain Topographical Entropy from corr. pLogP method (ASP 49) : 5.3570
Side Chain Topographical Entropy from corr. pLogP method (SER 50) : 0.2507
Side Chain Topographical Entropy from corr. pLogP method (ALA 51) : -0.0000
Side Chain Topographical Entropy from corr. pLogP method (PRO 52) : 12.6061
Side Chain Topographical Entropy from corr. pLogP method (ALA 53) : -0.0000
Side Chain Topographical Entropy from corr. pLogP method (THR 54) : 7.2008
Side Chain Topographical Entropy from corr. pLogP method (ASP 55) : 7.9312
Side Chain Topographical Entropy from corr. pLogP method (GLY 56) : -0.0000
Side Chain Topographical Entropy from corr. pLogP method (SER 57) : 2.7797
Side Chain Topographical Entropy from corr. pLogP method (GLY 58) : -0.0000
Side Chain Topographical Entropy from corr. pLogP method (THR 59) : 0.0193
Side Chain Topographical Entropy from corr. pLogP method (ALA 60) : -0.0000
Side Chain Topographical Entropy from corr. pLogP method (LEU 61) : 6.5104
Side Chain Topographical Entropy from corr. pLogP method (GLY 62) : -0.0000
Side Chain Topographical Entropy from corr. pLogP method (TRP 63) : 0.0511
Side Chain Topographical Entropy from corr. pLogP method (THR 64) : -0.0000
Side Chain Topographical Entropy from corr. pLogP method (VAL 65) : -0.0000
Side Chain Topographical Entropy from corr. pLogP method (ALA 66) : -0.0000
Side Chain Topographical Entropy from corr. pLogP method (TRP 67) : 0.0193
Side Chain Topographical Entropy from corr. pLogP method (LYS 68) : 23.7178
Side Chain Topographical Entropy from corr. pLogP method (ASN 69) : 7.9964
Side Chain Topographical Entropy from corr. pLogP method (ASN 70) : 14.7223
Side Chain Topographical Entropy from corr. pLogP method (TYR 71) : 13.1778
Side Chain Topographical Entropy from corr. pLogP method (ARG 72) : 21.2795
Side Chain Topographical Entropy from corr. pLogP method (ASN 73) : 11.4302
Side Chain Topographical Entropy from corr. pLogP method (ALA 74) : -0.0000
Side Chain Topographical Entropy from corr. pLogP method (HID 75) : 10.7731
Side Chain Topographical Entropy from corr. pLogP method (SER 76) : 3.8230
Side Chain Topographical Entropy from corr. pLogP method (ALA 77) : -0.0000
Side Chain Topographical Entropy from corr. pLogP method (THR 78) : -0.0000
Side Chain Topographical Entropy from corr. pLogP method (THR 79) : 5.6568
Side Chain Topographical Entropy from corr. pLogP method (TRP 80) : 3.1990
Side Chain Topographical Entropy from corr. pLogP method (SER 81) : 0.1327
Side Chain Topographical Entropy from corr. pLogP method (GLY 82) : -0.0000
Side Chain Topographical Entropy from corr. pLogP method (GLN 83) : 8.5749
Side Chain Topographical Entropy from corr. pLogP method (TYR 84) : -0.0000
Side Chain Topographical Entropy from corr. pLogP method (VAL 85) : 2.3041
Side Chain Topographical Entropy from corr. pLogP method (GLY 86) : -0.0000
Side Chain Topographical Entropy from corr. pLogP method (GLY 87) : -0.0000
Side Chain Topographical Entropy from corr. pLogP method (ALA 88) : -0.0000
Side Chain Topographical Entropy from corr. pLogP method (GLU 89) : 18.5891
Side Chain Topographical Entropy from corr. pLogP method (ALA 90) : -0.0000
Side Chain Topographical Entropy from corr. pLogP method (ARG 91) : 17.7224
Side Chain Topographical Entropy from corr. pLogP method (ILE 92) : 0.7352
Side Chain Topographical Entropy from corr. pLogP method (ASN 93) : 5.1512
Side Chain Topographical Entropy from corr. pLogP method (THR 94) : 5.2645
Side Chain Topographical Entropy from corr. pLogP method (GLN 95) : 2.4270
Side Chain Topographical Entropy from corr. pLogP method (TRP 96) : 1.3093
Side Chain Topographical Entropy from corr. pLogP method (LEU 97) : 2.7120
Side Chain Topographical Entropy from corr. pLogP method (LEU 98) : 0.5606
Side Chain Topographical Entropy from corr. pLogP method (THR 99) : 0.0511
Side Chain Topographical Entropy from corr. pLogP method (SER 100) : 8.9201
Side Chain Topographical Entropy from corr. pLogP method (GLY 101) : -0.0000
Side Chain Topographical Entropy from corr. pLogP method (THR 102) : 4.2288
Side Chain Topographical Entropy from corr. pLogP method (THR 103) : 3.5870
Side Chain Topographical Entropy from corr. pLogP method (GLU 104) : 23.6037
Side Chain Topographical Entropy from corr. pLogP method (ALA 105) : -0.0000
Side Chain Topographical Entropy from corr. pLogP method (ASN 106) : 8.4094
Side Chain Topographical Entropy from corr. pLogP method (ALA 107) : -0.0000
Side Chain Topographical Entropy from corr. pLogP method (TRP 108) : 5.6683
Side Chain Topographical Entropy from corr. pLogP method (LYS 109) : 19.0066
Side Chain Topographical Entropy from corr. pLogP method (SER 110) : 6.4772
Side Chain Topographical Entropy from corr. pLogP method (THR 111) : 0.2395
Side Chain Topographical Entropy from corr. pLogP method (LEU 112) : 2.5238
Side Chain Topographical Entropy from corr. pLogP method (VAL 113) : -0.0000
Side Chain Topographical Entropy from corr. pLogP method (GLY 114) : -0.0000
Side Chain Topographical Entropy from corr. pLogP method (HID 115) : 3.4239
Side Chain Topographical Entropy from corr. pLogP method (ASP 116) : 9.7435
Side Chain Topographical Entropy from corr. pLogP method (THR 117) : 3.8941
Side Chain Topographical Entropy from corr. pLogP method (PHE 118) : 0.8049
Side Chain Topographical Entropy from corr. pLogP method (THR 119) : 5.2933
Side Chain Topographical Entropy from corr. pLogP method (LYS 120) : 14.8899
Side Chain Topographical Entropy from corr. pLogP method (VAL 121) : 7.1639
Side Chain Topographical Entropy from corr. pLogP method (LYS 122) : 19.3123
Side Chain Topographical Entropy from corr. pLogP method (PRO 123) : 14.2544
Side Chain Topographical Entropy from corr. pLogP method (SER 124) : 8.3134
Side Chain Topographical Entropy from corr. pLogP method (ALA 125) : -0.0000
Side Chain Topographical Entropy from corr. pLogP method (ALA 126) : -0.0000
Side Chain Topographical Entropy from corr. pLogP method (CSER 127) : 5.4198
____________________________________________________________
Total SC Topog. Entropy (corr. pLogP)    :         629.076
------------------------------------------------------------
____________________________________________________________
Total BB Topog. Entropy (corr. pLogP)    :          21.426
------------------------------------------------------------
____________________________________________________________
Total Entropy                            :         650.502
------------------------------------------------------------
------------------------------------------------------------
Topographical entropy of residue side chains 
computed using all the dihedrals with correlation/pLogp formalism
------------------------------------------------------------
Side Chain Topographical Entropy from corr. pLogP method (NALA 1) : -0.0000
Side Chain Topographical Entropy from corr. pLogP method (GLU 2) : 23.9075
Side Chain Topographical Entropy from corr. pLogP method (ALA 3) : -0.0000
Side Chain Topographical Entropy from corr. pLogP method (GLY 4) : -0.0000
Side Chain Topographical Entropy from corr. pLogP method (ILE 5) : 2.5716
Side Chain Topographical Entropy from corr. pLogP method (THR 6) : 1.0519
Side Chain Topographical Entropy from corr. pLogP method (GLY 7) : -0.0000
Side Chain Topographical Entropy from corr. pLogP method (THR 8) : 1.0841
Side Chain Topographical Entropy from corr. pLogP method (TRP 9) : 4.6560
Side Chain Topographical Entropy from corr. pLogP method (TYR 10) : 8.3275
Side Chain Topographical Entropy from corr. pLogP method (ALA 11) : -0.0000
Side Chain Topographical Entropy from corr. pLogP method (GLN 12) : 21.2221
Side Chain Topographical Entropy from corr. pLogP method (LEU 13) : 8.1091
Side Chain Topographical Entropy from corr. pLogP method (GLY 14) : -0.0000
Side Chain Topographical Entropy from corr. pLogP method (SER 15) : 5.2846
Side Chain Topographical Entropy from corr. pLogP method (THR 16) : 5.6283
Side Chain Topographical Entropy from corr. pLogP method (PHE 17) : 7.3274
Side Chain Topographical Entropy from corr. pLogP method (ILE 18) : 7.4953
Side Chain Topographical Entropy from corr. pLogP method (VAL 19) : 6.3808
Side Chain Topographical Entropy from corr. pLogP method (THR 20) : 5.8155
Side Chain Topographical Entropy from corr. pLogP method (ALA 21) : -0.0000
Side Chain Topographical Entropy from corr. pLogP method (GLY 22) : -0.0000
Side Chain Topographical Entropy from corr. pLogP method (ALA 23) : -0.0000
Side Chain Topographical Entropy from corr. pLogP method (ASP 24) : 15.3546
Side Chain Topographical Entropy from corr. pLogP method (GLY 25) : -0.0000
Side Chain Topographical Entropy from corr. pLogP method (ALA 26) : -0.0000
Side Chain Topographical Entropy from corr. pLogP method (LEU 27) : 9.8374
Side Chain Topographical Entropy from corr. pLogP method (THR 28) : 8.4240
Side Chain Topographical Entropy from corr. pLogP method (GLY 29) : -0.0000
Side Chain Topographical Entropy from corr. pLogP method (THR 30) : 1.7105
Side Chain Topographical Entropy from corr. pLogP method (TYR 31) : 7.4047
Side Chain Topographical Entropy from corr. pLogP method (GLU 32) : 14.1815
Side Chain Topographical Entropy from corr. pLogP method (SER 33) : 6.1645
Side Chain Topographical Entropy from corr. pLogP method (ALA 34) : -0.0000
Side Chain Topographical Entropy from corr. pLogP method (VAL 35) : 5.6008
Side Chain Topographical Entropy from corr. pLogP method (GLY 36) : -0.0000
Side Chain Topographical Entropy from corr. pLogP method (ASN 37) : 11.9428
Side Chain Topographical Entropy from corr. pLogP method (ALA 38) : -0.0000
Side Chain Topographical Entropy from corr. pLogP method (GLU 39) : 22.6554
Side Chain Topographical Entropy from corr. pLogP method (SER 40) : 7.5814
Side Chain Topographical Entropy from corr. pLogP method (ARG 41) : 15.6174
Side Chain Topographical Entropy from corr. pLogP method (TYR 42) : 1.1888
Side Chain Topographical Entropy from corr. pLogP method (VAL 43) : 1.3904
Side Chain Topographical Entropy from corr. pLogP method (LEU 44) : 13.2338
Side Chain Topographical Entropy from corr. pLogP method (THR 45) : 1.2920
Side Chain Topographical Entropy from corr. pLogP method (GLY 46) : -0.0000
Side Chain Topographical Entropy from corr. pLogP method (ARG 47) : 5.0985
Side Chain Topographical Entropy from corr. pLogP method (TYR 48) : 9.0669
Side Chain Topographical Entropy from corr. pLogP method (ASP 49) : 9.5680
Side Chain Topographical Entropy from corr. pLogP method (SER 50) : 7.2983
Side Chain Topographical Entropy from corr. pLogP method (ALA 51) : -0.0000
Side Chain Topographical Entropy from corr. pLogP method (PRO 52) : 15.4253
Side Chain Topographical Entropy from corr. pLogP method (ALA 53) : -0.0000
Side Chain Topographical Entropy from corr. pLogP method (THR 54) : 8.1398
Side Chain Topographical Entropy from corr. pLogP method (ASP 55) : 14.7611
Side Chain Topographical Entropy from corr. pLogP method (GLY 56) : -0.0000
Side Chain Topographical Entropy from corr. pLogP method (SER 57) : 6.6975
Side Chain Topographical Entropy from corr. pLogP method (GLY 58) : -0.0000
Side Chain Topographical Entropy from corr. pLogP method (THR 59) : 1.0993
Side Chain Topographical Entropy from corr. pLogP method (ALA 60) : -0.0000
Side Chain Topographical Entropy from corr. pLogP method (LEU 61) : 6.4948
Side Chain Topographical Entropy from corr. pLogP method (GLY 62) : -0.0000
Side Chain Topographical Entropy from corr. pLogP method (TRP 63) : 5.5214
Side Chain Topographical Entropy from corr. pLogP method (THR 64) : 0.6247
Side Chain Topographical Entropy from corr. pLogP method (VAL 65) : 1.9495
Side Chain Topographical Entropy from corr. pLogP method (ALA 66) : -0.0000
Side Chain Topographical Entropy from corr. pLogP method (TRP 67) : 7.7785
Side Chain Topographical Entropy from corr. pLogP method (LYS 68) : 21.0527
Side Chain Topographical Entropy from corr. pLogP method (ASN 69) : 12.3486
Side Chain Topographical Entropy from corr. pLogP method (ASN 70) : 11.7478
Side Chain Topographical Entropy from corr. pLogP method (TYR 71) : 13.7811
Side Chain Topographical Entropy from corr. pLogP method (ARG 72) : 17.6979
Side Chain Topographical Entropy from corr. pLogP method (ASN 73) : 3.4475
Side Chain Topographical Entropy from corr. pLogP method (ALA 74) : -0.0000
Side Chain Topographical Entropy from corr. pLogP method (HID 75) : 3.4603
Side Chain Topographical Entropy from corr. pLogP method (SER 76) : 8.2528
Side Chain Topographical Entropy from corr. pLogP method (ALA 77) : -0.0000
Side Chain Topographical Entropy from corr. pLogP method (THR 78) : 0.5348
Side Chain Topographical Entropy from corr. pLogP method (THR 79) : 1.7463
Side Chain Topographical Entropy from corr. pLogP method (TRP 80) : 5.7912
Side Chain Topographical Entropy from corr. pLogP method (SER 81) : 3.9655
Side Chain Topographical Entropy from corr. pLogP method (GLY 82) : -0.0000
Side Chain Topographical Entropy from corr. pLogP method (GLN 83) : 13.0529
Side Chain Topographical Entropy from corr. pLogP method (TYR 84) : 3.0690
Side Chain Topographical Entropy from corr. pLogP method (VAL 85) : 4.2339
Side Chain Topographical Entropy from corr. pLogP method (GLY 86) : -0.0000
Side Chain Topographical Entropy from corr. pLogP method (GLY 87) : -0.0000
Side Chain Topographical Entropy from corr. pLogP method (ALA 88) : -0.0000
Side Chain Topographical Entropy from corr. pLogP method (GLU 89) : 20.7884
Side Chain Topographical Entropy from corr. pLogP method (ALA 90) : -0.0000
Side Chain Topographical Entropy from corr. pLogP method (ARG 91) : 10.1151
Side Chain Topographical Entropy from corr. pLogP method (ILE 92) : 2.6573
Side Chain Topographical Entropy from corr. pLogP method (ASN 93) : 8.1751
Side Chain Topographical Entropy from corr. pLogP method (THR 94) : 4.2452
Side Chain Topographical Entropy from corr. pLogP method (GLN 95) : 8.8299
Side Chain Topographical Entropy from corr. pLogP method (TRP 96) : 1.8704
Side Chain Topographical Entropy from corr. pLogP method (LEU 97) : 6.5586
Side Chain Topographical Entropy from corr. pLogP method (LEU 98) : 2.4452
Side Chain Topographical Entropy from corr. pLogP method (THR 99) : 0.8632
Side Chain Topographical Entropy from corr. pLogP method (SER 100) : 7.6997
Side Chain Topographical Entropy from corr. pLogP method (GLY 101) : -0.0000
Side Chain Topographical Entropy from corr. pLogP method (THR 102) : 6.4409
Side Chain Topographical Entropy from corr. pLogP method (THR 103) : 7.4603
Side Chain Topographical Entropy from corr. pLogP method (GLU 104) : 23.6372
Side Chain Topographical Entropy from corr. pLogP method (ALA 105) : -0.0000
Side Chain Topographical Entropy from corr. pLogP method (ASN 106) : 5.6124
Side Chain Topographical Entropy from corr. pLogP method (ALA 107) : -0.0000
Side Chain Topographical Entropy from corr. pLogP method (TRP 108) : 5.8244
Side Chain Topographical Entropy from corr. pLogP method (LYS 109) : 13.1772
Side Chain Topographical Entropy from corr. pLogP method (SER 110) : 3.9211
Side Chain Topographical Entropy from corr. pLogP method (THR 111) : 0.0799
Side Chain Topographical Entropy from corr. pLogP method (LEU 112) : 3.5946
Side Chain Topographical Entropy from corr. pLogP method (VAL 113) : 0.0511
Side Chain Topographical Entropy from corr. pLogP method (GLY 114) : -0.0000
Side Chain Topographical Entropy from corr. pLogP method (HID 115) : 9.3250
Side Chain Topographical Entropy from corr. pLogP method (ASP 116) : 11.7858
Side Chain Topographical Entropy from corr. pLogP method (THR 117) : 4.4026
Side Chain Topographical Entropy from corr. pLogP method (PHE 118) : 13.2887
Side Chain Topographical Entropy from corr. pLogP method (THR 119) : 5.1677
Side Chain Topographical Entropy from corr. pLogP method (LYS 120) : 16.9925
Side Chain Topographical Entropy from corr. pLogP method (VAL 121) : 4.4883
Side Chain Topographical Entropy from corr. pLogP method (LYS 122) : 17.3855
Side Chain Topographical Entropy from corr. pLogP method (PRO 123) : 15.9020
Side Chain Topographical Entropy from corr. pLogP method (SER 124) : 8.7239
Side Chain Topographical Entropy from corr. pLogP method (ALA 125) : -0.0000
Side Chain Topographical Entropy from corr. pLogP method (ALA 126) : -0.0000
Side Chain Topographical Entropy from corr. pLogP method (CSER 127) : 5.3392
____________________________________________________________
Total SC Topog. Entropy (corr. pLogP)    :         732.996
------------------------------------------------------------
____________________________________________________________
Total BB Topog. Entropy (corr. pLogP)    :          38.240
------------------------------------------------------------
____________________________________________________________
Total Entropy                            :         771.236
------------------------------------------------------------
