------------------------------------------------------------
Topographical entropy of residue side chains 
computed using all the dihedrals with correlation/pLogp formalism
------------------------------------------------------------
Side Chain Topographical Entropy from corr. pLogP method (NALA 1) : -0.0000
Side Chain Topographical Entropy from corr. pLogP method (GLU 2) : 24.8344
Side Chain Topographical Entropy from corr. pLogP method (ALA 3) : -0.0000
Side Chain Topographical Entropy from corr. pLogP method (GLY 4) : -0.0000
Side Chain Topographical Entropy from corr. pLogP method (ILE 5) : 2.1552
Side Chain Topographical Entropy from corr. pLogP method (THR 6) : 0.3626
Side Chain Topographical Entropy from corr. pLogP method (GLY 7) : -0.0000
Side Chain Topographical Entropy from corr. pLogP method (THR 8) : 2.1967
Side Chain Topographical Entropy from corr. pLogP method (TRP 9) : 0.0991
Side Chain Topographical Entropy from corr. pLogP method (TYR 10) : 6.0748
Side Chain Topographical Entropy from corr. pLogP method (ALA 11) : -0.0000
Side Chain Topographical Entropy from corr. pLogP method (GLN 12) : 21.1353
Side Chain Topographical Entropy from corr. pLogP method (LEU 13) : 8.3650
Side Chain Topographical Entropy from corr. pLogP method (GLY 14) : -0.0000
Side Chain Topographical Entropy from corr. pLogP method (SER 15) : 7.7363
Side Chain Topographical Entropy from corr. pLogP method (THR 16) : 4.8399
Side Chain Topographical Entropy from corr. pLogP method (PHE 17) : 1.1784
Side Chain Topographical Entropy from corr. pLogP method (ILE 18) : 10.5944
Side Chain Topographical Entropy from corr. pLogP method (VAL 19) : 2.9444
Side Chain Topographical Entropy from corr. pLogP method (THR 20) : 6.9428
Side Chain Topographical Entropy from corr. pLogP method (ALA 21) : -0.0000
Side Chain Topographical Entropy from corr. pLogP method (GLY 22) : -0.0000
Side Chain Topographical Entropy from corr. pLogP method (ALA 23) : -0.0000
Side Chain Topographical Entropy from corr. pLogP method (ASP 24) : 14.2513
Side Chain Topographical Entropy from corr. pLogP method (GLY 25) : -0.0000
Side Chain Topographical Entropy from corr. pLogP method (ALA 26) : -0.0000
Side Chain Topographical Entropy from corr. pLogP method (LEU 27) : 9.8991
Side Chain Topographical Entropy from corr. pLogP method (THR 28) : 9.0168
Side Chain Topographical Entropy from corr. pLogP method (GLY 29) : -0.0000
Side Chain Topographical Entropy from corr. pLogP method (THR 30) : 8.4272
Side Chain Topographical Entropy from corr. pLogP method (TYR 31) : 10.0947
Side Chain Topographical Entropy from corr. pLogP method (GLU 32) : 18.6509
Side Chain Topographical Entropy from corr. pLogP method (SER 33) : 6.7600
Side Chain Topographical Entropy from corr. pLogP method (ALA 34) : -0.0000
Side Chain Topographical Entropy from corr. pLogP method (VAL 35) : 8.8585
Side Chain Topographical Entropy from corr. pLogP method (GLY 36) : -0.0000
Side Chain Topographical Entropy from corr. pLogP method (ASN 37) : 15.1413
Side Chain Topographical Entropy from corr. pLogP method (ALA 38) : -0.0000
Side Chain Topographical Entropy from corr. pLogP method (GLU 39) : 17.4947
Side Chain Topographical Entropy from corr. pLogP method (SER 40) : 7.8778
Side Chain Topographical Entropy from corr. pLogP method (ARG 41) : 16.8740
Side Chain Topographical Entropy from corr. pLogP method (TYR 42) : 0.8564
Side Chain Topographical Entropy from corr. pLogP method (VAL 43) : 1.8648
Side Chain Topographical Entropy from corr. pLogP method (LEU 44) : 10.3465
Side Chain Topographical Entropy from corr. pLogP method (THR 45) : 6.4540
Side Chain Topographical Entropy from corr. pLogP method (GLY 46) : -0.0000
Side Chain Topographical Entropy from corr. pLogP method (ARG 47) : 2.7500
Side Chain Topographical Entropy from corr. pLogP method (TYR 48) : 8.9791
Side Chain Topographical Entropy from corr. pLogP method (ASP 49) : 6.2874
Side Chain Topographical Entropy from corr. pLogP method (SER 50) : 5.0782
Side Chain Topographical Entropy from corr. pLogP method (ALA 51) : -0.0000
Side Chain Topographical Entropy from corr. pLogP method (PRO 52) : 16.0165
Side Chain Topographical Entropy from corr. pLogP method (ALA 53) : -0.0000
Side Chain Topographical Entropy from corr. pLogP method (THR 54) : 8.8462
Side Chain Topographical Entropy from corr. pLogP method (ASP 55) : 15.1791
Side Chain Topographical Entropy from corr. pLogP method (GLY 56) : -0.0000
Side Chain Topographical Entropy from corr. pLogP method (SER 57) : 7.7968
Side Chain Topographical Entropy from corr. pLogP method (GLY 58) : -0.0000
Side Chain Topographical Entropy from corr. pLogP method (THR 59) : 0.8020
Side Chain Topographical Entropy from corr. pLogP method (ALA 60) : -0.0000
Side Chain Topographical Entropy from corr. pLogP method (LEU 61) : 2.0190
Side Chain Topographical Entropy from corr. pLogP method (GLY 62) : -0.0000
Side Chain Topographical Entropy from corr. pLogP method (TRP 63) : 0.0384
Side Chain Topographical Entropy from corr. pLogP method (THR 64) : -0.0000
Side Chain Topographical Entropy from corr. pLogP method (VAL 65) : 2.9923
Side Chain Topographical Entropy from corr. pLogP method (ALA 66) : -0.0000
Side Chain Topographical Entropy from corr. pLogP method (TRP 67) : 0.0752
Side Chain Topographical Entropy from corr. pLogP method (LYS 68) : 16.5222
Side Chain Topographical Entropy from corr. pLogP method (ASN 69) : 15.3079
Side Chain Topographical Entropy from corr. pLogP method (ASN 70) : 14.2468
Side Chain Topographical Entropy from corr. pLogP method (TYR 71) : 12.7696
Side Chain Topographical Entropy from corr. pLogP method (ARG 72) : 20.0734
Side Chain Topographical Entropy from corr. pLogP method (ASN 73) : 1.6898
Side Chain Topographical Entropy from corr. pLogP method (ALA 74) : -0.0000
Side Chain Topographical Entropy from corr. pLogP method (HID 75) : 1.6826
Side Chain Topographical Entropy from corr. pLogP method (SER 76) : 0.5055
Side Chain Topographical Entropy from corr. pLogP method (ALA 77) : -0.0000
Side Chain Topographical Entropy from corr. pLogP method (THR 78) : -0.0000
Side Chain Topographical Entropy from corr. pLogP method (THR 79) : -0.0000
Side Chain Topographical Entropy from corr. pLogP method (TRP 80) : 2.6641
Side Chain Topographical Entropy from corr. pLogP method (SER 81) : 0.9906
Side Chain Topographical Entropy from corr. pLogP method (GLY 82) : -0.0000
Side Chain Topographical Entropy from corr. pLogP method (GLN 83) : 10.1655
Side Chain Topographical Entropy from corr. pLogP method (TYR 84) : 2.2784
Side Chain Topographical Entropy from corr. pLogP method (VAL 85) : 4.8133
Side Chain Topographical Entropy from corr. pLogP method (GLY 86) : -0.0000
Side Chain Topographical Entropy from corr. pLogP method (GLY 87) : -0.0000
Side Chain Topographical Entropy from corr. pLogP method (ALA 88) : -0.0000
Side Chain Topographical Entropy from corr. pLogP method (GLU 89) : 21.1494
Side Chain Topographical Entropy from corr. pLogP method (ALA 90) : -0.0000
Side Chain Topographical Entropy from corr. pLogP method (ARG 91) : 12.1035
Side Chain Topographical Entropy from corr. pLogP method (ILE 92) : 0.1094
Side Chain Topographical Entropy from corr. pLogP method (ASN 93) : 6.5563
Side Chain Topographical Entropy from corr. pLogP method (THR 94) : 1.6096
Side Chain Topographical Entropy from corr. pLogP method (GLN 95) : 5.7276
Side Chain Topographical Entropy from corr. pLogP method (TRP 96) : 1.7032
Side Chain Topographical Entropy from corr. pLogP method (LEU 97) : 2.1433
Side Chain Topographical Entropy from corr. pLogP method (LEU 98) : 0.4584
Side Chain Topographical Entropy from corr. pLogP method (THR 99) : -0.0000
Side Chain Topographical Entropy from corr. pLogP method (SER 100) : 6.5759
Side Chain Topographical Entropy from corr. pLogP method (GLY 101) : -0.0000
Side Chain Topographical Entropy from corr. pLogP method (THR 102) : 8.7368
Side Chain Topographical Entropy from corr. pLogP method (THR 103) : 6.5004
Side Chain Topographical Entropy from corr. pLogP method (GLU 104) : 23.5447
Side Chain Topographical Entropy from corr. pLogP method (ALA 105) : -0.0000
Side Chain Topographical Entropy from corr. pLogP method (ASN 106) : 6.6207
Side Chain Topographical Entropy from corr. pLogP method (ALA 107) : -0.0000
Side Chain Topographical Entropy from corr. pLogP method (TRP 108) : 5.7774
Side Chain Topographical Entropy from corr. pLogP method (LYS 109) : 13.0613
Side Chain Topographical Entropy from corr. pLogP method (SER 110) : 1.5673
Side Chain Topographical Entropy from corr. pLogP method (THR 111) : 0.0250
Side Chain Topographical Entropy from corr. pLogP method (LEU 112) : 1.7458
Side Chain Topographical Entropy from corr. pLogP method (VAL 113) : -0.0000
Side Chain Topographical Entropy from corr. pLogP method (GLY 114) : -0.0000
Side Chain Topographical Entropy from corr. pLogP method (HID 115) : 1.3025
Side Chain Topographical Entropy from corr. pLogP method (ASP 116) : 7.8986
Side Chain Topographical Entropy from corr. pLogP method (THR 117) : 0.2091
Side Chain Topographical Entropy from corr. pLogP method (PHE 118) : 0.0250
Side Chain Topographical Entropy from corr. pLogP method (THR 119) : 5.9475
Side Chain Topographical Entropy from corr. pLogP method (LYS 120) : 14.5499
Side Chain Topographical Entropy from corr. pLogP method (VAL 121) : 6.0909
Side Chain Topographical Entropy from corr. pLogP method (LYS 122) : 18.2650
Side Chain Topographical Entropy from corr. pLogP method (PRO 123) : 13.8816
Side Chain Topographical Entropy from corr. pLogP method (SER 124) : 8.1337
Side Chain Topographical Entropy from corr. pLogP method (ALA 125) : -0.0000
Side Chain Topographical Entropy from corr. pLogP method (ALA 126) : -0.0000
Side Chain Topographical Entropy from corr. pLogP method (CSER 127) : 4.5838
____________________________________________________________
Total SC Topog. Entropy (corr. pLogP)    :         649.501
------------------------------------------------------------
____________________________________________________________
Total BB Topog. Entropy (corr. pLogP)    :          35.649
------------------------------------------------------------
____________________________________________________________
Total Entropy                            :         685.150
------------------------------------------------------------
------------------------------------------------------------
Topographical entropy of residue side chains 
computed using all the dihedrals with correlation/pLogp formalism
------------------------------------------------------------
Side Chain Topographical Entropy from corr. pLogP method (NALA 1) : -0.0000
Side Chain Topographical Entropy from corr. pLogP method (GLU 2) : 21.4634
Side Chain Topographical Entropy from corr. pLogP method (ALA 3) : -0.0000
Side Chain Topographical Entropy from corr. pLogP method (GLY 4) : -0.0000
Side Chain Topographical Entropy from corr. pLogP method (ILE 5) : 2.8315
Side Chain Topographical Entropy from corr. pLogP method (THR 6) : 1.2513
Side Chain Topographical Entropy from corr. pLogP method (GLY 7) : -0.0000
Side Chain Topographical Entropy from corr. pLogP method (THR 8) : 1.6139
Side Chain Topographical Entropy from corr. pLogP method (TRP 9) : 3.8654
Side Chain Topographical Entropy from corr. pLogP method (TYR 10) : 11.4199
Side Chain Topographical Entropy from corr. pLogP method (ALA 11) : -0.0000
Side Chain Topographical Entropy from corr. pLogP method (GLN 12) : 20.9832
Side Chain Topographical Entropy from corr. pLogP method (LEU 13) : 7.0497
Side Chain Topographical Entropy from corr. pLogP method (GLY 14) : -0.0000
Side Chain Topographical Entropy from corr. pLogP method (SER 15) : 5.7718
Side Chain Topographical Entropy from corr. pLogP method (THR 16) : 2.7160
Side Chain Topographical Entropy from corr. pLogP method (PHE 17) : 2.7468
Side Chain Topographical Entropy from corr. pLogP method (ILE 18) : 9.0902
Side Chain Topographical Entropy from corr. pLogP method (VAL 19) : 1.8784
Side Chain Topographical Entropy from corr. pLogP method (THR 20) : 5.5472
Side Chain Topographical Entropy from corr. pLogP method (ALA 21) : -0.0000
Side Chain Topographical Entropy from corr. pLogP method (GLY 22) : -0.0000
Side Chain Topographical Entropy from corr. pLogP method (ALA 23) : -0.0000
Side Chain Topographical Entropy from corr. pLogP method (ASP 24) : 15.5924
Side Chain Topographical Entropy from corr. pLogP method (GLY 25) : -0.0000
Side Chain Topographical Entropy from corr. pLogP method (ALA 26) : -0.0000
Side Chain Topographical Entropy from corr. pLogP method (LEU 27) : 8.7973
Side Chain Topographical Entropy from corr. pLogP method (THR 28) : 8.3229
Side Chain Topographical Entropy from corr. pLogP method (GLY 29) : -0.0000
Side Chain Topographical Entropy from corr. pLogP method (THR 30) : 9.0562
Side Chain Topographical Entropy from corr. pLogP method (TYR 31) : 8.4925
Side Chain Topographical Entropy from corr. pLogP method (GLU 32) : 16.7387
Side Chain Topographical Entropy from corr. pLogP method (SER 33) : 8.0096
Side Chain Topographical Entropy from corr. pLogP method (ALA 34) : -0.0000
Side Chain Topographical Entropy from corr. pLogP method (VAL 35) : 9.1119
Side Chain Topographical Entropy from corr. pLogP method (GLY 36) : -0.0000
Side Chain Topographical Entropy from corr. pLogP method (ASN 37) : 13.9500
Side Chain Topographical Entropy from corr. pLogP method (ALA 38) : -0.0000
Side Chain Topographical Entropy from corr. pLogP method (GLU 39) : 17.3002
Side Chain Topographical Entropy from corr. pLogP method (SER 40) : 8.9570
Side Chain Topographical Entropy from corr. pLogP method (ARG 41) : 16.7903
Side Chain Topographical Entropy from corr. pLogP method (TYR 42) : 2.3720
Side Chain Topographical Entropy from corr. pLogP method (VAL 43) : 0.3475
Side Chain Topographical Entropy from corr. pLogP method (LEU 44) : 5.4965
Side Chain Topographical Entropy from corr. pLogP method (THR 45) : 7.6180
Side Chain Topographical Entropy from corr. pLogP method (GLY 46) : -0.0000
Side Chain Topographical Entropy from corr. pLogP method (ARG 47) : 0.9662
Side Chain Topographical Entropy from corr. pLogP method (TYR 48) : 5.1105
Side Chain Topographical Entropy from corr. pLogP method (ASP 49) : 4.0446
Side Chain Topographical Entropy from corr. pLogP method (SER 50) : 3.3279
Side Chain Topographical Entropy from corr. pLogP method (ALA 51) : -0.0000
Side Chain Topographical Entropy from corr. pLogP method (PRO 52) : 12.6409
Side Chain Topographical Entropy from corr. pLogP method (ALA 53) : -0.0000
Side Chain Topographical Entropy from corr. pLogP method (THR 54) : 5.1824
Side Chain Topographical Entropy from corr. pLogP method (ASP 55) : 10.1764
Side Chain Topographical Entropy from corr. pLogP method (GLY 56) : -0.0000
Side Chain Topographical Entropy from corr. pLogP method (SER 57) : 3.4943
Side Chain Topographical Entropy from corr. pLogP method (GLY 58) : -0.0000
Side Chain Topographical Entropy from corr. pLogP method (THR 59) : 1.0717
Side Chain Topographical Entropy from corr. pLogP method (ALA 60) : -0.0000
Side Chain Topographical Entropy from corr. pLogP method (LEU 61) : 4.4830
Side Chain Topographical Entropy from corr. pLogP method (GLY 62) : -0.0000
Side Chain Topographical Entropy from corr. pLogP method (TRP 63) : 2.8478
Side Chain Topographical Entropy from corr. pLogP method (THR 64) : 0.1159
Side Chain Topographical Entropy from corr. pLogP method (VAL 65) : 0.1504
Side Chain Topographical Entropy from corr. pLogP method (ALA 66) : -0.0000
Side Chain Topographical Entropy from corr. pLogP method (TRP 67) : 3.5224
Side Chain Topographical Entropy from corr. pLogP method (LYS 68) : 10.2746
Side Chain Topographical Entropy from corr. pLogP method (ASN 69) : 10.2051
Side Chain Topographical Entropy from corr. pLogP method (ASN 70) : 15.3370
Side Chain Topographical Entropy from corr. pLogP method (TYR 71) : 9.5447
Side Chain Topographical Entropy from corr. pLogP method (ARG 72) : 20.8787
Side Chain Topographical Entropy from corr. pLogP method (ASN 73) : 3.2829
Side Chain Topographical Entropy from corr. pLogP method (ALA 74) : -0.0000
Side Chain Topographical Entropy from corr. pLogP method (HID 75) : 5.7494
Side Chain Topographical Entropy from corr. pLogP method (SER 76) : 2.8801
Side Chain Topographical Entropy from corr. pLogP method (ALA 77) : -0.0000
Side Chain Topographical Entropy from corr. pLogP method (THR 78) : 1.0312
Side Chain Topographical Entropy from corr. pLogP method (THR 79) : 1.2924
Side Chain Topographical Entropy from corr. pLogP method (TRP 80) : 6.3428
Side Chain Topographical Entropy from corr. pLogP method (SER 81) : 4.9273
Side Chain Topographical Entropy from corr. pLogP method (GLY 82) : -0.0000
Side Chain Topographical Entropy from corr. pLogP method (GLN 83) : 11.4665
Side Chain Topographical Entropy from corr. pLogP method (TYR 84) : 3.5917
Side Chain Topographical Entropy from corr. pLogP method (VAL 85) : 2.4572
Side Chain Topographical Entropy from corr. pLogP method (GLY 86) : -0.0000
Side Chain Topographical Entropy from corr. pLogP method (GLY 87) : -0.0000
Side Chain Topographical Entropy from corr. pLogP method (ALA 88) : -0.0000
Side Chain Topographical Entropy from corr. pLogP method (GLU 89) : 22.0823
Side Chain Topographical Entropy from corr. pLogP method (ALA 90) : -0.0000
Side Chain Topographical Entropy from corr. pLogP method (ARG 91) : 16.4191
Side Chain Topographical Entropy from corr. pLogP method (ILE 92) : 4.0038
Side Chain Topographical Entropy from corr. pLogP method (ASN 93) : 10.1031
Side Chain Topographical Entropy from corr. pLogP method (THR 94) : 4.1878
Side Chain Topographical Entropy from corr. pLogP method (GLN 95) : 6.1535
Side Chain Topographical Entropy from corr. pLogP method (TRP 96) : 3.8162
Side Chain Topographical Entropy from corr. pLogP method (LEU 97) : 2.6473
Side Chain Topographical Entropy from corr. pLogP method (LEU 98) : 2.0312
Side Chain Topographical Entropy from corr. pLogP method (THR 99) : 0.9548
Side Chain Topographical Entropy from corr. pLogP method (SER 100) : 8.3128
Side Chain Topographical Entropy from corr. pLogP method (GLY 101) : -0.0000
Side Chain Topographical Entropy from corr. pLogP method (THR 102) : 2.9968
Side Chain Topographical Entropy from corr. pLogP method (THR 103) : 2.0854
Side Chain Topographical Entropy from corr. pLogP method (GLU 104) : 23.6728
Side Chain Topographical Entropy from corr. pLogP method (ALA 105) : -0.0000
Side Chain Topographical Entropy from corr. pLogP method (ASN 106) : 5.6418
Side Chain Topographical Entropy from corr. pLogP method (ALA 107) : -0.0000
Side Chain Topographical Entropy from corr. pLogP method (TRP 108) : 14.2207
Side Chain Topographical Entropy from corr. pLogP method (LYS 109) : 14.2495
Side Chain Topographical Entropy from corr. pLogP method (SER 110) : 1.4169
Side Chain Topographical Entropy from corr. pLogP method (THR 111) : 1.3281
Side Chain Topographical Entropy from corr. pLogP method (LEU 112) : 2.8267
Side Chain Topographical Entropy from corr. pLogP method (VAL 113) : 2.3951
Side Chain Topographical Entropy from corr. pLogP method (GLY 114) : -0.0000
Side Chain Topographical Entropy from corr. pLogP method (HID 115) : 11.3153
Side Chain Topographical Entropy from corr. pLogP method (ASP 116) : 8.0881
Side Chain Topographical Entropy from corr. pLogP method (THR 117) : 7.0272
Side Chain Topographical Entropy from corr. pLogP method (PHE 118) : 2.7934
Side Chain Topographical Entropy from corr. pLogP method (THR 119) : 5.8966
Side Chain Topographical Entropy from corr. pLogP method (LYS 120) : 16.2299
Side Chain Topographical Entropy from corr. pLogP method (VAL 121) : 5.1540
Side Chain Topographical Entropy from corr. pLogP method (LYS 122) : 17.5409
Side Chain Topographical Entropy from corr. pLogP method (PRO 123) : 17.0614
Side Chain Topographical Entropy from corr. pLogP method (SER 124) : 9.0781
Side Chain Topographical Entropy from corr. pLogP method (ALA 125) : -0.0000
Side Chain Topographical Entropy from corr. pLogP method (ALA 126) : -0.0000
Side Chain Topographical Entropy from corr. pLogP method (CSER 127) : 4.6248
____________________________________________________________
Total SC Topog. Entropy (corr. pLogP)    :         677.933
------------------------------------------------------------
____________________________________________________________
Total BB Topog. Entropy (corr. pLogP)    :          43.748
------------------------------------------------------------
____________________________________________________________
Total Entropy                            :         721.681
------------------------------------------------------------
------------------------------------------------------------
Topographical entropy of residue side chains 
computed using all the dihedrals with correlation/pLogp formalism
------------------------------------------------------------
Side Chain Topographical Entropy from corr. pLogP method (NALA 1) : -0.0000
Side Chain Topographical Entropy from corr. pLogP method (GLU 2) : 22.1767
Side Chain Topographical Entropy from corr. pLogP method (ALA 3) : -0.0000
Side Chain Topographical Entropy from corr. pLogP method (GLY 4) : -0.0000
Side Chain Topographical Entropy from corr. pLogP method (ILE 5) : 1.5319
Side Chain Topographical Entropy from corr. pLogP method (THR 6) : 0.6025
Side Chain Topographical Entropy from corr. pLogP method (GLY 7) : -0.0000
Side Chain Topographical Entropy from corr. pLogP method (THR 8) : 1.0089
Side Chain Topographical Entropy from corr. pLogP method (TRP 9) : 0.0134
Side Chain Topographical Entropy from corr. pLogP method (TYR 10) : 7.9905
Side Chain Topographical Entropy from corr. pLogP method (ALA 11) : -0.0000
Side Chain Topographical Entropy from corr. pLogP method (GLN 12) : 20.2957
Side Chain Topographical Entropy from corr. pLogP method (LEU 13) : 7.9833
Side Chain Topographical Entropy from corr. pLogP method (GLY 14) : -0.0000
Side Chain Topographical Entropy from corr. pLogP method (SER 15) : 8.1278
Side Chain Topographical Entropy from corr. pLogP method (THR 16) : 2.1314
Side Chain Topographical Entropy from corr. pLogP method (PHE 17) : 1.1389
Side Chain Topographical Entropy from corr. pLogP method (ILE 18) : 11.0755
Side Chain Topographical Entropy from corr. pLogP method (VAL 19) : 6.0338
Side Chain Topographical Entropy from corr. pLogP method (THR 20) : 2.6167
Side Chain Topographical Entropy from corr. pLogP method (ALA 21) : -0.0000
Side Chain Topographical Entropy from corr. pLogP method (GLY 22) : -0.0000
Side Chain Topographical Entropy from corr. pLogP method (ALA 23) : -0.0000
Side Chain Topographical Entropy from corr. pLogP method (ASP 24) : 13.2744
Side Chain Topographical Entropy from corr. pLogP method (GLY 25) : -0.0000
Side Chain Topographical Entropy from corr. pLogP method (ALA 26) : -0.0000
Side Chain Topographical Entropy from corr. pLogP method (LEU 27) : 8.8737
Side Chain Topographical Entropy from corr. pLogP method (THR 28) : 8.6234
Side Chain Topographical Entropy from corr. pLogP method (GLY 29) : -0.0000
Side Chain Topographical Entropy from corr. pLogP method (THR 30) : 4.2835
Side Chain Topographical Entropy from corr. pLogP method (TYR 31) : 7.4209
Side Chain Topographical Entropy from corr. pLogP method (GLU 32) : 16.5829
Side Chain Topographical Entropy from corr. pLogP method (SER 33) : 5.6705
Side Chain Topographical Entropy from corr. pLogP method (ALA 34) : -0.0000
Side Chain Topographical Entropy from corr. pLogP method (VAL 35) : 8.7109
Side Chain Topographical Entropy from corr. pLogP method (GLY 36) : -0.0000
Side Chain Topographical Entropy from corr. pLogP method (ASN 37) : 14.1102
Side Chain Topographical Entropy from corr. pLogP method (ALA 38) : -0.0000
Side Chain Topographical Entropy from corr. pLogP method (GLU 39) : 20.3822
Side Chain Topographical Entropy from corr. pLogP method (SER 40) : 8.1955
Side Chain Topographical Entropy from corr. pLogP method (ARG 41) : 12.3778
Side Chain Topographical Entropy from corr. pLogP method (TYR 42) : 1.7582
Side Chain Topographical Entropy from corr. pLogP method (VAL 43) : 1.5241
Side Chain Topographical Entropy from corr. pLogP method (LEU 44) : 1.9580
Side Chain Topographical Entropy from corr. pLogP method (THR 45) : 7.2525
Side Chain Topographical Entropy from corr. pLogP method (GLY 46) : -0.0000
Side Chain Topographical Entropy from corr. pLogP method (ARG 47) : 0.1617
Side Chain Topographical Entropy from corr. pLogP method (TYR 48) : 5.3266
Side Chain Topographical Entropy from corr. pLogP method (ASP 49) : 8.5569
Side Chain Topographical Entropy from corr. pLogP method (SER 50) : 0.4430
Side Chain Topographical Entropy from corr. pLogP method (ALA 51) : -0.0000
Side Chain Topographical Entropy from corr. pLogP method (PRO 52) : 12.7663
Side Chain Topographical Entropy from corr. pLogP method (ALA 53) : -0.0000
Side Chain Topographical Entropy from corr. pLogP method (THR 54) : 6.7171
Side Chain Topographical Entropy from corr. pLogP method (ASP 55) : 11.9682
Side Chain Topographical Entropy from corr. pLogP method (GLY 56) : -0.0000
Side Chain Topographical Entropy from corr. pLogP method (SER 57) : 5.9337
Side Chain Topographical Entropy from corr. pLogP method (GLY 58) : -0.0000
Side Chain Topographical Entropy from corr. pLogP method (THR 59) : 0.3260
Side Chain Topographical Entropy from corr. pLogP method (ALA 60) : -0.0000
Side Chain Topographical Entropy from corr. pLogP method (LEU 61) : 6.1640
Side Chain Topographical Entropy from corr. pLogP method (GLY 62) : -0.0000
Side Chain Topographical Entropy from corr. pLogP method (TRP 63) : 0.0134
Side Chain Topographical Entropy from corr. pLogP method (THR 64) : 0.0250
Side Chain Topographical Entropy from corr. pLogP method (VAL 65) : 0.4388
Side Chain Topographical Entropy from corr. pLogP method (ALA 66) : -0.0000
Side Chain Topographical Entropy from corr. pLogP method (TRP 67) : 1.4088
Side Chain Topographical Entropy from corr. pLogP method (LYS 68) : 16.5327
Side Chain Topographical Entropy from corr. pLogP method (ASN 69) : 9.7839
Side Chain Topographical Entropy from corr. pLogP method (ASN 70) : 14.7764
Side Chain Topographical Entropy from corr. pLogP method (TYR 71) : 15.4843
Side Chain Topographical Entropy from corr. pLogP method (ARG 72) : 18.0108
Side Chain Topographical Entropy from corr. pLogP method (ASN 73) : 11.3915
Side Chain Topographical Entropy from corr. pLogP method (ALA 74) : -0.0000
Side Chain Topographical Entropy from corr. pLogP method (HID 75) : 6.3328
Side Chain Topographical Entropy from corr. pLogP method (SER 76) : 0.8705
Side Chain Topographical Entropy from corr. pLogP method (ALA 77) : -0.0000
Side Chain Topographical Entropy from corr. pLogP method (THR 78) : -0.0000
Side Chain Topographical Entropy from corr. pLogP method (THR 79) : -0.0000
Side Chain Topographical Entropy from corr. pLogP method (TRP 80) : 1.2476
Side Chain Topographical Entropy from corr. pLogP method (SER 81) : 2.9360
Side Chain Topographical Entropy from corr. pLogP method (GLY 82) : -0.0000
Side Chain Topographical Entropy from corr. pLogP method (GLN 83) : 11.6934
Side Chain Topographical Entropy from corr. pLogP method (TYR 84) : -0.0000
Side Chain Topographical Entropy from corr. pLogP method (VAL 85) : 1.5230
Side Chain Topographical Entropy from corr. pLogP method (GLY 86) : -0.0000
Side Chain Topographical Entropy from corr. pLogP method (GLY 87) : -0.0000
Side Chain Topographical Entropy from corr. pLogP method (ALA 88) : -0.0000
Side Chain Topographical Entropy from corr. pLogP method (GLU 89) : 22.2517
Side Chain Topographical Entropy from corr. pLogP method (ALA 90) : -0.0000
Side Chain Topographical Entropy from corr. pLogP method (ARG 91) : 12.2935
Side Chain Topographical Entropy from corr. pLogP method (ILE 92) : 0.4691
Side Chain Topographical Entropy from corr. pLogP method (ASN 93) : 7.6344
Side Chain Topographical Entropy from corr. pLogP method (THR 94) : 0.0134
Side Chain Topographical Entropy from corr. pLogP method (GLN 95) : 4.5318
Side Chain Topographical Entropy from corr. pLogP method (TRP 96) : 0.8632
Side Chain Topographical Entropy from corr. pLogP method (LEU 97) : 6.1219
Side Chain Topographical Entropy from corr. pLogP method (LEU 98) : 0.3648
Side Chain Topographical Entropy from corr. pLogP method (THR 99) : 0.0269
Side Chain Topographical Entropy from corr. pLogP method (SER 100) : 8.5808
Side Chain Topographical Entropy from corr. pLogP method (GLY 101) : -0.0000
Side Chain Topographical Entropy from corr. pLogP method (THR 102) : 1.4010
Side Chain Topographical Entropy from corr. pLogP method (THR 103) : 0.7279
Side Chain Topographical Entropy from corr. pLogP method (GLU 104) : 23.9993
Side Chain Topographical Entropy from corr. pLogP method (ALA 105) : -0.0000
Side Chain Topographical Entropy from corr. pLogP method (ASN 106) : 3.0269
Side Chain Topographical Entropy from corr. pLogP method (ALA 107) : -0.0000
Side Chain Topographical Entropy from corr. pLogP method (TRP 108) : 5.7576
Side Chain Topographical Entropy from corr. pLogP method (LYS 109) : 11.5587
Side Chain Topographical Entropy from corr. pLogP method (SER 110) : 2.3137
Side Chain Topographical Entropy from corr. pLogP method (THR 111) : 0.0561
Side Chain Topographical Entropy from corr. pLogP method (LEU 112) : 3.1837
Side Chain Topographical Entropy from corr. pLogP method (VAL 113) : -0.0000
Side Chain Topographical Entropy from corr. pLogP method (GLY 114) : -0.0000
Side Chain Topographical Entropy from corr. pLogP method (HID 115) : 7.5415
Side Chain Topographical Entropy from corr. pLogP method (ASP 116) : 7.0103
Side Chain Topographical Entropy from corr. pLogP method (THR 117) : 3.6290
Side Chain Topographical Entropy from corr. pLogP method (PHE 118) : -0.0000
Side Chain Topographical Entropy from corr. pLogP method (THR 119) : 5.8119
Side Chain Topographical Entropy from corr. pLogP method (LYS 120) : 15.0705
Side Chain Topographical Entropy from corr. pLogP method (VAL 121) : 6.8926
Side Chain Topographical Entropy from corr. pLogP method (LYS 122) : 20.2270
Side Chain Topographical Entropy from corr. pLogP method (PRO 123) : 15.2771
Side Chain Topographical Entropy from corr. pLogP method (SER 124) : 8.4457
Side Chain Topographical Entropy from corr. pLogP method (ALA 125) : -0.0000
Side Chain Topographical Entropy from corr. pLogP method (ALA 126) : -0.0000
Side Chain Topographical Entropy from corr. pLogP method (CSER 127) : 5.3382
____________________________________________________________
Total SC Topog. Entropy (corr. pLogP)    :         614.978
------------------------------------------------------------
____________________________________________________________
Total BB Topog. Entropy (corr. pLogP)    :          26.768
------------------------------------------------------------
____________________________________________________________
Total Entropy                            :         641.746
------------------------------------------------------------
------------------------------------------------------------
Topographical entropy of residue side chains 
computed using all the dihedrals with correlation/pLogp formalism
------------------------------------------------------------
Side Chain Topographical Entropy from corr. pLogP method (NALA 1) : -0.0000
Side Chain Topographical Entropy from corr. pLogP method (GLU 2) : 22.1793
Side Chain Topographical Entropy from corr. pLogP method (ALA 3) : -0.0000
Side Chain Topographical Entropy from corr. pLogP method (GLY 4) : -0.0000
Side Chain Topographical Entropy from corr. pLogP method (ILE 5) : 1.4424
Side Chain Topographical Entropy from corr. pLogP method (THR 6) : 0.5185
Side Chain Topographical Entropy from corr. pLogP method (GLY 7) : -0.0000
Side Chain Topographical Entropy from corr. pLogP method (THR 8) : 1.2584
Side Chain Topographical Entropy from corr. pLogP method (TRP 9) : -0.0000
Side Chain Topographical Entropy from corr. pLogP method (TYR 10) : 5.8459
Side Chain Topographical Entropy from corr. pLogP method (ALA 11) : -0.0000
Side Chain Topographical Entropy from corr. pLogP method (GLN 12) : 19.3232
Side Chain Topographical Entropy from corr. pLogP method (LEU 13) : 7.5728
Side Chain Topographical Entropy from corr. pLogP method (GLY 14) : -0.0000
Side Chain Topographical Entropy from corr. pLogP method (SER 15) : 6.4623
Side Chain Topographical Entropy from corr. pLogP method (THR 16) : 4.4794
Side Chain Topographical Entropy from corr. pLogP method (PHE 17) : 0.5052
Side Chain Topographical Entropy from corr. pLogP method (ILE 18) : 9.5986
Side Chain Topographical Entropy from corr. pLogP method (VAL 19) : 1.9784
Side Chain Topographical Entropy from corr. pLogP method (THR 20) : 7.0815
Side Chain Topographical Entropy from corr. pLogP method (ALA 21) : -0.0000
Side Chain Topographical Entropy from corr. pLogP method (GLY 22) : -0.0000
Side Chain Topographical Entropy from corr. pLogP method (ALA 23) : -0.0000
Side Chain Topographical Entropy from corr. pLogP method (ASP 24) : 14.2249
Side Chain Topographical Entropy from corr. pLogP method (GLY 25) : -0.0000
Side Chain Topographical Entropy from corr. pLogP method (ALA 26) : -0.0000
Side Chain Topographical Entropy from corr. pLogP method (LEU 27) : 10.0148
Side Chain Topographical Entropy from corr. pLogP method (THR 28) : 8.3872
Side Chain Topographical Entropy from corr. pLogP method (GLY 29) : -0.0000
Side Chain Topographical Entropy from corr. pLogP method (THR 30) : 6.1283
Side Chain Topographical Entropy from corr. pLogP method (TYR 31) : 7.4464
Side Chain Topographical Entropy from corr. pLogP method (GLU 32) : 17.1876
Side Chain Topographical Entropy from corr. pLogP method (SER 33) : 8.0907
Side Chain Topographical Entropy from corr. pLogP method (ALA 34) : -0.0000
Side Chain Topographical Entropy from corr. pLogP method (VAL 35) : 8.4402
Side Chain Topographical Entropy from corr. pLogP method (GLY 36) : -0.0000
Side Chain Topographical Entropy from corr. pLogP method (ASN 37) : 15.1584
Side Chain Topographical Entropy from corr. pLogP method (ALA 38) : -0.0000
Side Chain Topographical Entropy from corr. pLogP method (GLU 39) : 20.2722
Side Chain Topographical Entropy from corr. pLogP method (SER 40) : 8.5259
Side Chain Topographical Entropy from corr. pLogP method (ARG 41) : 14.7301
Side Chain Topographical Entropy from corr. pLogP method (TYR 42) : 1.3008
Side Chain Topographical Entropy from corr. pLogP method (VAL 43) : 0.8020
Side Chain Topographical Entropy from corr. pLogP method (LEU 44) : 4.6220
Side Chain Topographical Entropy from corr. pLogP method (THR 45) : 7.1113
Side Chain Topographical Entropy from corr. pLogP method (GLY 46) : -0.0000
Side Chain Topographical Entropy from corr. pLogP method (ARG 47) : 1.5225
Side Chain Topographical Entropy from corr. pLogP method (TYR 48) : 6.8668
Side Chain Topographical Entropy from corr. pLogP method (ASP 49) : 7.5273
Side Chain Topographical Entropy from corr. pLogP method (SER 50) : 6.3481
Side Chain Topographical Entropy from corr. pLogP method (ALA 51) : -0.0000
Side Chain Topographical Entropy from corr. pLogP method (PRO 52) : 14.8503
Side Chain Topographical Entropy from corr. pLogP method (ALA 53) : -0.0000
Side Chain Topographical Entropy from corr. pLogP method (THR 54) : 8.7364
Side Chain Topographical Entropy from corr. pLogP method (ASP 55) : 10.9072
Side Chain Topographical Entropy from corr. pLogP method (GLY 56) : -0.0000
Side Chain Topographical Entropy from corr. pLogP method (SER 57) : 6.6047
Side Chain Topographical Entropy from corr. pLogP method (GLY 58) : -0.0000
Side Chain Topographical Entropy from corr. pLogP method (THR 59) : 3.5218
Side Chain Topographical Entropy from corr. pLogP method (ALA 60) : -0.0000
Side Chain Topographical Entropy from corr. pLogP method (LEU 61) : 7.8540
Side Chain Topographical Entropy from corr. pLogP method (GLY 62) : -0.0000
Side Chain Topographical Entropy from corr. pLogP method (TRP 63) : -0.0000
Side Chain Topographical Entropy from corr. pLogP method (THR 64) : -0.0000
Side Chain Topographical Entropy from corr. pLogP method (VAL 65) : 0.0358
Side Chain Topographical Entropy from corr. pLogP method (ALA 66) : -0.0000
Side Chain Topographical Entropy from corr. pLogP method (TRP 67) : 0.1176
Side Chain Topographical Entropy from corr. pLogP method (LYS 68) : 18.0111
Side Chain Topographical Entropy from corr. pLogP method (ASN 69) : 13.6029
Side Chain Topographical Entropy from corr. pLogP method (ASN 70) : 15.6265
Side Chain Topographical Entropy from corr. pLogP method (TYR 71) : 15.0468
Side Chain Topographical Entropy from corr. pLogP method (ARG 72) : 19.0657
Side Chain Topographical Entropy from corr. pLogP method (ASN 73) : 13.0305
Side Chain Topographical Entropy from corr. pLogP method (ALA 74) : -0.0000
Side Chain Topographical Entropy from corr. pLogP method (HID 75) : 2.4897
Side Chain Topographical Entropy from corr. pLogP method (SER 76) : 1.6869
Side Chain Topographical Entropy from corr. pLogP method (ALA 77) : -0.0000
Side Chain Topographical Entropy from corr. pLogP method (THR 78) : -0.0000
Side Chain Topographical Entropy from corr. pLogP method (THR 79) : 5.8755
Side Chain Topographical Entropy from corr. pLogP method (TRP 80) : 1.4790
Side Chain Topographical Entropy from corr. pLogP method (SER 81) : 1.5542
Side Chain Topographical Entropy from corr. pLogP method (GLY 82) : -0.0000
Side Chain Topographical Entropy from corr. pLogP method (GLN 83) : 17.7745
Side Chain Topographical Entropy from corr. pLogP method (TYR 84) : 0.0461
Side Chain Topographical Entropy from corr. pLogP method (VAL 85) : 4.2659
Side Chain Topographical Entropy from corr. pLogP method (GLY 86) : -0.0000
Side Chain Topographical Entropy from corr. pLogP method (GLY 87) : -0.0000
Side Chain Topographical Entropy from corr. pLogP method (ALA 88) : -0.0000
Side Chain Topographical Entropy from corr. pLogP method (GLU 89) : 20.8951
Side Chain Topographical Entropy from corr. pLogP method (ALA 90) : -0.0000
Side Chain Topographical Entropy from corr. pLogP method (ARG 91) : 10.6598
Side Chain Topographical Entropy from corr. pLogP method (ILE 92) : 0.1382
Side Chain Topographical Entropy from corr. pLogP method (ASN 93) : 11.4392
Side Chain Topographical Entropy from corr. pLogP method (THR 94) : 2.9042
Side Chain Topographical Entropy from corr. pLogP method (GLN 95) : 11.1116
Side Chain Topographical Entropy from corr. pLogP method (TRP 96) : 1.0717
Side Chain Topographical Entropy from corr. pLogP method (LEU 97) : 1.8113
Side Chain Topographical Entropy from corr. pLogP method (LEU 98) : 3.6257
Side Chain Topographical Entropy from corr. pLogP method (THR 99) : -0.0000
Side Chain Topographical Entropy from corr. pLogP method (SER 100) : 7.2577
Side Chain Topographical Entropy from corr. pLogP method (GLY 101) : -0.0000
Side Chain Topographical Entropy from corr. pLogP method (THR 102) : 5.3455
Side Chain Topographical Entropy from corr. pLogP method (THR 103) : 2.1752
Side Chain Topographical Entropy from corr. pLogP method (GLU 104) : 21.8223
Side Chain Topographical Entropy from corr. pLogP method (ALA 105) : -0.0000
Side Chain Topographical Entropy from corr. pLogP method (ASN 106) : 3.5483
Side Chain Topographical Entropy from corr. pLogP method (ALA 107) : -0.0000
Side Chain Topographical Entropy from corr. pLogP method (TRP 108) : 6.0241
Side Chain Topographical Entropy from corr. pLogP method (LYS 109) : 12.7448
Side Chain Topographical Entropy from corr. pLogP method (SER 110) : 1.3815
Side Chain Topographical Entropy from corr. pLogP method (THR 111) : 0.0845
Side Chain Topographical Entropy from corr. pLogP method (LEU 112) : 2.6178
Side Chain Topographical Entropy from corr. pLogP method (VAL 113) : -0.0000
Side Chain Topographical Entropy from corr. pLogP method (GLY 114) : -0.0000
Side Chain Topographical Entropy from corr. pLogP method (HID 115) : 5.8392
Side Chain Topographical Entropy from corr. pLogP method (ASP 116) : 7.6178
Side Chain Topographical Entropy from corr. pLogP method (THR 117) : 0.2470
Side Chain Topographical Entropy from corr. pLogP method (PHE 118) : 0.0269
Side Chain Topographical Entropy from corr. pLogP method (THR 119) : 5.9628
Side Chain Topographical Entropy from corr. pLogP method (LYS 120) : 12.3100
Side Chain Topographical Entropy from corr. pLogP method (VAL 121) : 5.3699
Side Chain Topographical Entropy from corr. pLogP method (LYS 122) : 18.4937
Side Chain Topographical Entropy from corr. pLogP method (PRO 123) : 15.2803
Side Chain Topographical Entropy from corr. pLogP method (SER 124) : 8.7580
Side Chain Topographical Entropy from corr. pLogP method (ALA 125) : -0.0000
Side Chain Topographical Entropy from corr. pLogP method (ALA 126) : -0.0000
Side Chain Topographical Entropy from corr. pLogP method (CSER 127) : 4.9990
____________________________________________________________
Total SC Topog. Entropy (corr. pLogP)    :         656.700
------------------------------------------------------------
____________________________________________________________
Total BB Topog. Entropy (corr. pLogP)    :          31.643
------------------------------------------------------------
____________________________________________________________
Total Entropy                            :         688.342
------------------------------------------------------------
------------------------------------------------------------
Topographical entropy of residue side chains 
computed using all the dihedrals with correlation/pLogp formalism
------------------------------------------------------------
Side Chain Topographical Entropy from corr. pLogP method (NALA 1) : -0.0000
Side Chain Topographical Entropy from corr. pLogP method (GLU 2) : 22.8821
Side Chain Topographical Entropy from corr. pLogP method (ALA 3) : -0.0000
Side Chain Topographical Entropy from corr. pLogP method (GLY 4) : -0.0000
Side Chain Topographical Entropy from corr. pLogP method (ILE 5) : 2.9455
Side Chain Topographical Entropy from corr. pLogP method (THR 6) : 1.5888
Side Chain Topographical Entropy from corr. pLogP method (GLY 7) : -0.0000
Side Chain Topographical Entropy from corr. pLogP method (THR 8) : 2.6322
Side Chain Topographical Entropy from corr. pLogP method (TRP 9) : 3.7795
Side Chain Topographical Entropy from corr. pLogP method (TYR 10) : 12.7662
Side Chain Topographical Entropy from corr. pLogP method (ALA 11) : -0.0000
Side Chain Topographical Entropy from corr. pLogP method (GLN 12) : 20.8081
Side Chain Topographical Entropy from corr. pLogP method (LEU 13) : 7.8564
Side Chain Topographical Entropy from corr. pLogP method (GLY 14) : -0.0000
Side Chain Topographical Entropy from corr. pLogP method (SER 15) : 5.7559
Side Chain Topographical Entropy from corr. pLogP method (THR 16) : 4.1666
Side Chain Topographical Entropy from corr. pLogP method (PHE 17) : 3.7633
Side Chain Topographical Entropy from corr. pLogP method (ILE 18) : 11.1694
Side Chain Topographical Entropy from corr. pLogP method (VAL 19) : 3.6135
Side Chain Topographical Entropy from corr. pLogP method (THR 20) : 7.3612
Side Chain Topographical Entropy from corr. pLogP method (ALA 21) : -0.0000
Side Chain Topographical Entropy from corr. pLogP method (GLY 22) : -0.0000
Side Chain Topographical Entropy from corr. pLogP method (ALA 23) : -0.0000
Side Chain Topographical Entropy from corr. pLogP method (ASP 24) : 14.8156
Side Chain Topographical Entropy from corr. pLogP method (GLY 25) : -0.0000
Side Chain Topographical Entropy from corr. pLogP method (ALA 26) : -0.0000
Side Chain Topographical Entropy from corr. pLogP method (LEU 27) : 9.3713
Side Chain Topographical Entropy from corr. pLogP method (THR 28) : 9.1018
Side Chain Topographical Entropy from corr. pLogP method (GLY 29) : -0.0000
Side Chain Topographical Entropy from corr. pLogP method (THR 30) : 7.9531
Side Chain Topographical Entropy from corr. pLogP method (TYR 31) : 10.2501
Side Chain Topographical Entropy from corr. pLogP method (GLU 32) : 17.2277
Side Chain Topographical Entropy from corr. pLogP method (SER 33) : 6.6034
Side Chain Topographical Entropy from corr. pLogP method (ALA 34) : -0.0000
Side Chain Topographical Entropy from corr. pLogP method (VAL 35) : 9.0268
Side Chain Topographical Entropy from corr. pLogP method (GLY 36) : -0.0000
Side Chain Topographical Entropy from corr. pLogP method (ASN 37) : 15.6679
Side Chain Topographical Entropy from corr. pLogP method (ALA 38) : -0.0000
Side Chain Topographical Entropy from corr. pLogP method (GLU 39) : 21.2639
Side Chain Topographical Entropy from corr. pLogP method (SER 40) : 5.8730
Side Chain Topographical Entropy from corr. pLogP method (ARG 41) : 16.6584
Side Chain Topographical Entropy from corr. pLogP method (TYR 42) : 3.2363
Side Chain Topographical Entropy from corr. pLogP method (VAL 43) : 2.6186
Side Chain Topographical Entropy from corr. pLogP method (LEU 44) : 3.2638
Side Chain Topographical Entropy from corr. pLogP method (THR 45) : 3.3821
Side Chain Topographical Entropy from corr. pLogP method (GLY 46) : -0.0000
Side Chain Topographical Entropy from corr. pLogP method (ARG 47) : 3.8135
Side Chain Topographical Entropy from corr. pLogP method (TYR 48) : 7.0588
Side Chain Topographical Entropy from corr. pLogP method (ASP 49) : 9.1299
Side Chain Topographical Entropy from corr. pLogP method (SER 50) : 4.9143
Side Chain Topographical Entropy from corr. pLogP method (ALA 51) : -0.0000
Side Chain Topographical Entropy from corr. pLogP method (PRO 52) : 14.4386
Side Chain Topographical Entropy from corr. pLogP method (ALA 53) : -0.0000
Side Chain Topographical Entropy from corr. pLogP method (THR 54) : 8.9038
Side Chain Topographical Entropy from corr. pLogP method (ASP 55) : 16.0863
Side Chain Topographical Entropy from corr. pLogP method (GLY 56) : -0.0000
Side Chain Topographical Entropy from corr. pLogP method (SER 57) : 8.2256
Side Chain Topographical Entropy from corr. pLogP method (GLY 58) : -0.0000
Side Chain Topographical Entropy from corr. pLogP method (THR 59) : 1.5416
Side Chain Topographical Entropy from corr. pLogP method (ALA 60) : -0.0000
Side Chain Topographical Entropy from corr. pLogP method (LEU 61) : 4.8320
Side Chain Topographical Entropy from corr. pLogP method (GLY 62) : -0.0000
Side Chain Topographical Entropy from corr. pLogP method (TRP 63) : 1.2711
Side Chain Topographical Entropy from corr. pLogP method (THR 64) : 0.4012
Side Chain Topographical Entropy from corr. pLogP method (VAL 65) : 0.4920
Side Chain Topographical Entropy from corr. pLogP method (ALA 66) : -0.0000
Side Chain Topographical Entropy from corr. pLogP method (TRP 67) : 5.0387
Side Chain Topographical Entropy from corr. pLogP method (LYS 68) : 16.5617
Side Chain Topographical Entropy from corr. pLogP method (ASN 69) : 8.5910
Side Chain Topographical Entropy from corr. pLogP method (ASN 70) : 15.0529
Side Chain Topographical Entropy from corr. pLogP method (TYR 71) : 14.0278
Side Chain Topographical Entropy from corr. pLogP method (ARG 72) : 18.5335
Side Chain Topographical Entropy from corr. pLogP method (ASN 73) : 9.2892
Side Chain Topographical Entropy from corr. pLogP method (ALA 74) : -0.0000
Side Chain Topographical Entropy from corr. pLogP method (HID 75) : 10.3874
Side Chain Topographical Entropy from corr. pLogP method (SER 76) : 0.8540
Side Chain Topographical Entropy from corr. pLogP method (ALA 77) : -0.0000
Side Chain Topographical Entropy from corr. pLogP method (THR 78) : 0.2369
Side Chain Topographical Entropy from corr. pLogP method (THR 79) : 0.4073
Side Chain Topographical Entropy from corr. pLogP method (TRP 80) : 3.5525
Side Chain Topographical Entropy from corr. pLogP method (SER 81) : 0.1930
Side Chain Topographical Entropy from corr. pLogP method (GLY 82) : -0.0000
Side Chain Topographical Entropy from corr. pLogP method (GLN 83) : 9.0917
Side Chain Topographical Entropy from corr. pLogP method (TYR 84) : 9.3012
Side Chain Topographical Entropy from corr. pLogP method (VAL 85) : 1.2706
Side Chain Topographical Entropy from corr. pLogP method (GLY 86) : -0.0000
Side Chain Topographical Entropy from corr. pLogP method (GLY 87) : -0.0000
Side Chain Topographical Entropy from corr. pLogP method (ALA 88) : -0.0000
Side Chain Topographical Entropy from corr. pLogP method (GLU 89) : 20.5652
Side Chain Topographical Entropy from corr. pLogP method (ALA 90) : -0.0000
Side Chain Topographical Entropy from corr. pLogP method (ARG 91) : 10.1381
Side Chain Topographical Entropy from corr. pLogP method (ILE 92) : 1.7292
Side Chain Topographical Entropy from corr. pLogP method (ASN 93) : 5.4817
Side Chain Topographical Entropy from corr. pLogP method (THR 94) : 3.5295
Side Chain Topographical Entropy from corr. pLogP method (GLN 95) : 3.0534
Side Chain Topographical Entropy from corr. pLogP method (TRP 96) : 2.5015
Side Chain Topographical Entropy from corr. pLogP method (LEU 97) : 3.6511
Side Chain Topographical Entropy from corr. pLogP method (LEU 98) : 2.0457
Side Chain Topographical Entropy from corr. pLogP method (THR 99) : 2.1249
Side Chain Topographical Entropy from corr. pLogP method (SER 100) : 7.9369
Side Chain Topographical Entropy from corr. pLogP method (GLY 101) : -0.0000
Side Chain Topographical Entropy from corr. pLogP method (THR 102) : 2.7589
Side Chain Topographical Entropy from corr. pLogP method (THR 103) : 0.9084
Side Chain Topographical Entropy from corr. pLogP method (GLU 104) : 20.5643
Side Chain Topographical Entropy from corr. pLogP method (ALA 105) : -0.0000
Side Chain Topographical Entropy from corr. pLogP method (ASN 106) : 5.7308
Side Chain Topographical Entropy from corr. pLogP method (ALA 107) : -0.0000
Side Chain Topographical Entropy from corr. pLogP method (TRP 108) : 9.8127
Side Chain Topographical Entropy from corr. pLogP method (LYS 109) : 20.2602
Side Chain Topographical Entropy from corr. pLogP method (SER 110) : 2.1649
Side Chain Topographical Entropy from corr. pLogP method (THR 111) : 0.0269
Side Chain Topographical Entropy from corr. pLogP method (LEU 112) : 3.1712
Side Chain Topographical Entropy from corr. pLogP method (VAL 113) : 0.7948
Side Chain Topographical Entropy from corr. pLogP method (GLY 114) : -0.0000
Side Chain Topographical Entropy from corr. pLogP method (HID 115) : 9.1964
Side Chain Topographical Entropy from corr. pLogP method (ASP 116) : 9.0494
Side Chain Topographical Entropy from corr. pLogP method (THR 117) : 5.1524
Side Chain Topographical Entropy from corr. pLogP method (PHE 118) : 1.8746
Side Chain Topographical Entropy from corr. pLogP method (THR 119) : 3.3153
Side Chain Topographical Entropy from corr. pLogP method (LYS 120) : 15.4374
Side Chain Topographical Entropy from corr. pLogP method (VAL 121) : 6.1053
Side Chain Topographical Entropy from corr. pLogP method (LYS 122) : 21.8678
Side Chain Topographical Entropy from corr. pLogP method (PRO 123) : 17.3948
Side Chain Topographical Entropy from corr. pLogP method (SER 124) : 7.8940
Side Chain Topographical Entropy from corr. pLogP method (ALA 125) : -0.0000
Side Chain Topographical Entropy from corr. pLogP method (ALA 126) : -0.0000
Side Chain Topographical Entropy from corr. pLogP method (CSER 127) : 4.8667
____________________________________________________________
Total SC Topog. Entropy (corr. pLogP)    :         702.005
------------------------------------------------------------
____________________________________________________________
Total BB Topog. Entropy (corr. pLogP)    :          44.444
------------------------------------------------------------
____________________________________________________________
Total Entropy                            :         746.449
------------------------------------------------------------
