------------------------------------------------------------
Topographical entropy of residue side chains 
computed using all the dihedrals with AEM method
------------------------------------------------------------
Residue Topographical Entropy from AEM (NALA 1) : 2.3542
Residue Topographical Entropy from AEM (GLU 2) : 25.7069
Residue Topographical Entropy from AEM (ALA 3) : -0.0000
Residue Topographical Entropy from AEM (GLY 4) : -0.0000
Residue Topographical Entropy from AEM (ILE 5) : 3.2568
Residue Topographical Entropy from AEM (THR 6) : 2.3882
Residue Topographical Entropy from AEM (GLY 7) : -0.0000
Residue Topographical Entropy from AEM (THR 8) : 2.2712
Residue Topographical Entropy from AEM (TRP 9) : 39.1804
Residue Topographical Entropy from AEM (TYR 10) : 29.9456
Residue Topographical Entropy from AEM (ALA 11) : -0.0000
Residue Topographical Entropy from AEM (GLN 12) : 19.1754
Residue Topographical Entropy from AEM (LEU 13) : 10.0033
Residue Topographical Entropy from AEM (GLY 14) : -0.0000
Residue Topographical Entropy from AEM (SER 15) : 7.4904
Residue Topographical Entropy from AEM (THR 16) : 4.1455
Residue Topographical Entropy from AEM (PHE 17) : 26.2293
Residue Topographical Entropy from AEM (ILE 18) : 12.1813
Residue Topographical Entropy from AEM (VAL 19) : 4.2820
Residue Topographical Entropy from AEM (THR 20) : 6.8344
Residue Topographical Entropy from AEM (ALA 21) : -0.0000
Residue Topographical Entropy from AEM (GLY 22) : -0.0000
Residue Topographical Entropy from AEM (ALA 23) : -0.0000
Residue Topographical Entropy from AEM (ASP 24) : 10.3991
Residue Topographical Entropy from AEM (GLY 25) : -0.0000
Residue Topographical Entropy from AEM (ALA 26) : -0.0000
Residue Topographical Entropy from AEM (LEU 27) : 10.4117
Residue Topographical Entropy from AEM (THR 28) : 8.9923
Residue Topographical Entropy from AEM (GLY 29) : -0.0000
Residue Topographical Entropy from AEM (THR 30) : 8.1635
Residue Topographical Entropy from AEM (TYR 31) : 31.3031
Residue Topographical Entropy from AEM (GLU 32) : 21.1653
Residue Topographical Entropy from AEM (SER 33) : 7.4555
Residue Topographical Entropy from AEM (ALA 34) : -0.0000
Residue Topographical Entropy from AEM (VAL 35) : 8.5779
Residue Topographical Entropy from AEM (GLY 36) : -0.0000
Residue Topographical Entropy from AEM (ASN 37) : 12.5549
Residue Topographical Entropy from AEM (ALA 38) : -0.0000
Residue Topographical Entropy from AEM (GLU 39) : 16.9564
Residue Topographical Entropy from AEM (SER 40) : 8.4233
Residue Topographical Entropy from AEM (ARG 41) : 19.1881
Residue Topographical Entropy from AEM (TYR 42) : 27.2833
Residue Topographical Entropy from AEM (VAL 43) : 1.5883
Residue Topographical Entropy from AEM (LEU 44) : 8.4698
Residue Topographical Entropy from AEM (THR 45) : 6.4962
Residue Topographical Entropy from AEM (GLY 46) : -0.0000
Residue Topographical Entropy from AEM (ARG 47) : 3.6533
Residue Topographical Entropy from AEM (TYR 48) : 27.4464
Residue Topographical Entropy from AEM (ASP 49) : 7.2166
Residue Topographical Entropy from AEM (SER 50) : 4.6287
Residue Topographical Entropy from AEM (ALA 51) : -0.0000
Residue Topographical Entropy from AEM (PRO 52) : 9.0607
Residue Topographical Entropy from AEM (ALA 53) : -0.0000
Residue Topographical Entropy from AEM (THR 54) : 8.9496
Residue Topographical Entropy from AEM (ASP 55) : 11.0862
Residue Topographical Entropy from AEM (GLY 56) : -0.0000
Residue Topographical Entropy from AEM (SER 57) : 7.6390
Residue Topographical Entropy from AEM (GLY 58) : -0.0000
Residue Topographical Entropy from AEM (THR 59) : 1.9167
Residue Topographical Entropy from AEM (ALA 60) : -0.0000
Residue Topographical Entropy from AEM (LEU 61) : 5.8291
Residue Topographical Entropy from AEM (GLY 62) : -0.0000
Residue Topographical Entropy from AEM (TRP 63) : 38.1907
Residue Topographical Entropy from AEM (THR 64) : 0.8087
Residue Topographical Entropy from AEM (VAL 65) : 2.4806
Residue Topographical Entropy from AEM (ALA 66) : -0.0000
Residue Topographical Entropy from AEM (TRP 67) : 43.8871
Residue Topographical Entropy from AEM (LYS 68) : 17.6856
Residue Topographical Entropy from AEM (ASN 69) : 13.6015
Residue Topographical Entropy from AEM (ASN 70) : 7.3148
Residue Topographical Entropy from AEM (TYR 71) : 36.5508
Residue Topographical Entropy from AEM (ARG 72) : 19.6803
Residue Topographical Entropy from AEM (ASN 73) : 3.2789
Residue Topographical Entropy from AEM (ALA 74) : -0.0000
Residue Topographical Entropy from AEM (HID 75) : 21.0487
Residue Topographical Entropy from AEM (SER 76) : 1.5123
Residue Topographical Entropy from AEM (ALA 77) : -0.0000
Residue Topographical Entropy from AEM (THR 78) : 1.4279
Residue Topographical Entropy from AEM (THR 79) : 0.5405
Residue Topographical Entropy from AEM (TRP 80) : 42.0088
Residue Topographical Entropy from AEM (SER 81) : 2.7191
Residue Topographical Entropy from AEM (GLY 82) : -0.0000
Residue Topographical Entropy from AEM (GLN 83) : 12.6147
Residue Topographical Entropy from AEM (TYR 84) : 26.4491
Residue Topographical Entropy from AEM (VAL 85) : 5.0275
Residue Topographical Entropy from AEM (GLY 86) : -0.0000
Residue Topographical Entropy from AEM (GLY 87) : -0.0000
Residue Topographical Entropy from AEM (ALA 88) : -0.0000
Residue Topographical Entropy from AEM (GLU 89) : 22.5170
Residue Topographical Entropy from AEM (ALA 90) : -0.0000
Residue Topographical Entropy from AEM (ARG 91) : 11.6898
Residue Topographical Entropy from AEM (ILE 92) : 2.3964
Residue Topographical Entropy from AEM (ASN 93) : 6.6685
Residue Topographical Entropy from AEM (THR 94) : 2.4278
Residue Topographical Entropy from AEM (GLN 95) : 3.2744
Residue Topographical Entropy from AEM (TRP 96) : 41.1451
Residue Topographical Entropy from AEM (LEU 97) : 3.5784
Residue Topographical Entropy from AEM (LEU 98) : 1.8518
Residue Topographical Entropy from AEM (THR 99) : 0.5478
Residue Topographical Entropy from AEM (SER 100) : 7.8207
Residue Topographical Entropy from AEM (GLY 101) : -0.0000
Residue Topographical Entropy from AEM (THR 102) : 7.4205
Residue Topographical Entropy from AEM (THR 103) : 6.2814
Residue Topographical Entropy from AEM (GLU 104) : 25.5014
Residue Topographical Entropy from AEM (ALA 105) : -0.0000
Residue Topographical Entropy from AEM (ASN 106) : 7.4108
Residue Topographical Entropy from AEM (ALA 107) : -0.0000
Residue Topographical Entropy from AEM (TRP 108) : 37.6642
Residue Topographical Entropy from AEM (LYS 109) : 15.2317
Residue Topographical Entropy from AEM (SER 110) : 2.1965
Residue Topographical Entropy from AEM (THR 111) : 1.5312
Residue Topographical Entropy from AEM (LEU 112) : 4.1180
Residue Topographical Entropy from AEM (VAL 113) : 1.0293
Residue Topographical Entropy from AEM (GLY 114) : -0.0000
Residue Topographical Entropy from AEM (HID 115) : 21.9179
Residue Topographical Entropy from AEM (ASP 116) : 6.2454
Residue Topographical Entropy from AEM (THR 117) : 5.3717
Residue Topographical Entropy from AEM (PHE 118) : 29.1858
Residue Topographical Entropy from AEM (THR 119) : 6.9863
Residue Topographical Entropy from AEM (LYS 120) : 15.7261
Residue Topographical Entropy from AEM (VAL 121) : 5.9121
Residue Topographical Entropy from AEM (LYS 122) : 18.0883
Residue Topographical Entropy from AEM (PRO 123) : 9.1869
Residue Topographical Entropy from AEM (SER 124) : 8.7282
Residue Topographical Entropy from AEM (ALA 125) : -0.0000
Residue Topographical Entropy from AEM (ALA 126) : -0.0000
Residue Topographical Entropy from AEM (CSER 127) : 6.3515
____________________________________________________________
Total Topog. Entropy (AEM)               :        1133.130
------------------------------------------------------------
____________________________________________________________
Total Entropy                            :        1133.130
------------------------------------------------------------
------------------------------------------------------------
Topographical entropy of residue side chains 
computed using all the dihedrals with AEM method
------------------------------------------------------------
Residue Topographical Entropy from AEM (NALA 1) : 2.0808
Residue Topographical Entropy from AEM (GLU 2) : 24.1369
Residue Topographical Entropy from AEM (ALA 3) : -0.0000
Residue Topographical Entropy from AEM (GLY 4) : -0.0000
Residue Topographical Entropy from AEM (ILE 5) : 2.5670
Residue Topographical Entropy from AEM (THR 6) : 0.3050
Residue Topographical Entropy from AEM (GLY 7) : -0.0000
Residue Topographical Entropy from AEM (THR 8) : 1.3958
Residue Topographical Entropy from AEM (TRP 9) : 34.2826
Residue Topographical Entropy from AEM (TYR 10) : 26.5477
Residue Topographical Entropy from AEM (ALA 11) : -0.0000
Residue Topographical Entropy from AEM (GLN 12) : 17.2529
Residue Topographical Entropy from AEM (LEU 13) : 7.3198
Residue Topographical Entropy from AEM (GLY 14) : -0.0000
Residue Topographical Entropy from AEM (SER 15) : 5.5798
Residue Topographical Entropy from AEM (THR 16) : 2.0884
Residue Topographical Entropy from AEM (PHE 17) : 27.8490
Residue Topographical Entropy from AEM (ILE 18) : 10.1350
Residue Topographical Entropy from AEM (VAL 19) : 0.8184
Residue Topographical Entropy from AEM (THR 20) : 6.8970
Residue Topographical Entropy from AEM (ALA 21) : -0.0000
Residue Topographical Entropy from AEM (GLY 22) : -0.0000
Residue Topographical Entropy from AEM (ALA 23) : -0.0000
Residue Topographical Entropy from AEM (ASP 24) : 11.7133
Residue Topographical Entropy from AEM (GLY 25) : -0.0000
Residue Topographical Entropy from AEM (ALA 26) : -0.0000
Residue Topographical Entropy from AEM (LEU 27) : 8.8042
Residue Topographical Entropy from AEM (THR 28) : 8.8719
Residue Topographical Entropy from AEM (GLY 29) : -0.0000
Residue Topographical Entropy from AEM (THR 30) : 9.0867
Residue Topographical Entropy from AEM (TYR 31) : 24.6793
Residue Topographical Entropy from AEM (GLU 32) : 13.8266
Residue Topographical Entropy from AEM (SER 33) : 7.5546
Residue Topographical Entropy from AEM (ALA 34) : -0.0000
Residue Topographical Entropy from AEM (VAL 35) : 9.0630
Residue Topographical Entropy from AEM (GLY 36) : -0.0000
Residue Topographical Entropy from AEM (ASN 37) : 11.5623
Residue Topographical Entropy from AEM (ALA 38) : -0.0000
Residue Topographical Entropy from AEM (GLU 39) : 15.4858
Residue Topographical Entropy from AEM (SER 40) : 8.6423
Residue Topographical Entropy from AEM (ARG 41) : 15.1492
Residue Topographical Entropy from AEM (TYR 42) : 24.4319
Residue Topographical Entropy from AEM (VAL 43) : 0.4833
Residue Topographical Entropy from AEM (LEU 44) : 4.6793
Residue Topographical Entropy from AEM (THR 45) : 7.1339
Residue Topographical Entropy from AEM (GLY 46) : -0.0000
Residue Topographical Entropy from AEM (ARG 47) : 0.5311
Residue Topographical Entropy from AEM (TYR 48) : 21.2740
Residue Topographical Entropy from AEM (ASP 49) : 0.5636
Residue Topographical Entropy from AEM (SER 50) : 3.0378
Residue Topographical Entropy from AEM (ALA 51) : -0.0000
Residue Topographical Entropy from AEM (PRO 52) : 8.4110
Residue Topographical Entropy from AEM (ALA 53) : -0.0000
Residue Topographical Entropy from AEM (THR 54) : 5.2141
Residue Topographical Entropy from AEM (ASP 55) : 8.5438
Residue Topographical Entropy from AEM (GLY 56) : -0.0000
Residue Topographical Entropy from AEM (SER 57) : 2.8412
Residue Topographical Entropy from AEM (GLY 58) : -0.0000
Residue Topographical Entropy from AEM (THR 59) : 0.3139
Residue Topographical Entropy from AEM (ALA 60) : -0.0000
Residue Topographical Entropy from AEM (LEU 61) : 3.6271
Residue Topographical Entropy from AEM (GLY 62) : -0.0000
Residue Topographical Entropy from AEM (TRP 63) : 42.0975
Residue Topographical Entropy from AEM (THR 64) : 0.0243
Residue Topographical Entropy from AEM (VAL 65) : 0.0085
Residue Topographical Entropy from AEM (ALA 66) : -0.0000
Residue Topographical Entropy from AEM (TRP 67) : 37.8177
Residue Topographical Entropy from AEM (LYS 68) : 11.9870
Residue Topographical Entropy from AEM (ASN 69) : 3.5678
Residue Topographical Entropy from AEM (ASN 70) : 12.0115
Residue Topographical Entropy from AEM (TYR 71) : 32.6104
Residue Topographical Entropy from AEM (ARG 72) : 20.9565
Residue Topographical Entropy from AEM (ASN 73) : 4.2088
Residue Topographical Entropy from AEM (ALA 74) : -0.0000
Residue Topographical Entropy from AEM (HID 75) : 22.0893
Residue Topographical Entropy from AEM (SER 76) : 1.9892
Residue Topographical Entropy from AEM (ALA 77) : -0.0000
Residue Topographical Entropy from AEM (THR 78) : 0.8216
Residue Topographical Entropy from AEM (THR 79) : 0.8668
Residue Topographical Entropy from AEM (TRP 80) : 36.0639
Residue Topographical Entropy from AEM (SER 81) : 1.1235
Residue Topographical Entropy from AEM (GLY 82) : -0.0000
Residue Topographical Entropy from AEM (GLN 83) : 8.4284
Residue Topographical Entropy from AEM (TYR 84) : 28.8979
Residue Topographical Entropy from AEM (VAL 85) : 2.5349
Residue Topographical Entropy from AEM (GLY 86) : -0.0000
Residue Topographical Entropy from AEM (GLY 87) : -0.0000
Residue Topographical Entropy from AEM (ALA 88) : -0.0000
Residue Topographical Entropy from AEM (GLU 89) : 21.4842
Residue Topographical Entropy from AEM (ALA 90) : -0.0000
Residue Topographical Entropy from AEM (ARG 91) : 13.1953
Residue Topographical Entropy from AEM (ILE 92) : 1.9095
Residue Topographical Entropy from AEM (ASN 93) : 7.6574
Residue Topographical Entropy from AEM (THR 94) : 5.6301
Residue Topographical Entropy from AEM (GLN 95) : 2.6863
Residue Topographical Entropy from AEM (TRP 96) : 42.5223
Residue Topographical Entropy from AEM (LEU 97) : 1.9232
Residue Topographical Entropy from AEM (LEU 98) : 1.5079
Residue Topographical Entropy from AEM (THR 99) : 0.0420
Residue Topographical Entropy from AEM (SER 100) : 7.8968
Residue Topographical Entropy from AEM (GLY 101) : -0.0000
Residue Topographical Entropy from AEM (THR 102) : 6.2209
Residue Topographical Entropy from AEM (THR 103) : 2.6777
Residue Topographical Entropy from AEM (GLU 104) : 25.5457
Residue Topographical Entropy from AEM (ALA 105) : -0.0000
Residue Topographical Entropy from AEM (ASN 106) : 6.4882
Residue Topographical Entropy from AEM (ALA 107) : -0.0000
Residue Topographical Entropy from AEM (TRP 108) : 39.9986
Residue Topographical Entropy from AEM (LYS 109) : 14.4145
Residue Topographical Entropy from AEM (SER 110) : 1.0405
Residue Topographical Entropy from AEM (THR 111) : 0.8842
Residue Topographical Entropy from AEM (LEU 112) : 2.7670
Residue Topographical Entropy from AEM (VAL 113) : 1.5813
Residue Topographical Entropy from AEM (GLY 114) : -0.0000
Residue Topographical Entropy from AEM (HID 115) : 23.7717
Residue Topographical Entropy from AEM (ASP 116) : 5.2944
Residue Topographical Entropy from AEM (THR 117) : 6.3424
Residue Topographical Entropy from AEM (PHE 118) : 28.1123
Residue Topographical Entropy from AEM (THR 119) : 6.5479
Residue Topographical Entropy from AEM (LYS 120) : 15.2474
Residue Topographical Entropy from AEM (VAL 121) : 5.3362
Residue Topographical Entropy from AEM (LYS 122) : 18.6179
Residue Topographical Entropy from AEM (PRO 123) : 8.2626
Residue Topographical Entropy from AEM (SER 124) : 9.0159
Residue Topographical Entropy from AEM (ALA 125) : -0.0000
Residue Topographical Entropy from AEM (ALA 126) : -0.0000
Residue Topographical Entropy from AEM (CSER 127) : 7.2050
____________________________________________________________
Total Topog. Entropy (AEM)               :        1014.714
------------------------------------------------------------
____________________________________________________________
Total Entropy                            :        1014.714
------------------------------------------------------------
------------------------------------------------------------
Topographical entropy of residue side chains 
computed using all the dihedrals with AEM method
------------------------------------------------------------
Residue Topographical Entropy from AEM (NALA 1) : 1.7136
Residue Topographical Entropy from AEM (GLU 2) : 24.0393
Residue Topographical Entropy from AEM (ALA 3) : -0.0000
Residue Topographical Entropy from AEM (GLY 4) : -0.0000
Residue Topographical Entropy from AEM (ILE 5) : 2.9776
Residue Topographical Entropy from AEM (THR 6) : 1.8225
Residue Topographical Entropy from AEM (GLY 7) : -0.0000
Residue Topographical Entropy from AEM (THR 8) : 1.7572
Residue Topographical Entropy from AEM (TRP 9) : 38.7854
Residue Topographical Entropy from AEM (TYR 10) : 27.1950
Residue Topographical Entropy from AEM (ALA 11) : -0.0000
Residue Topographical Entropy from AEM (GLN 12) : 15.0234
Residue Topographical Entropy from AEM (LEU 13) : 8.5360
Residue Topographical Entropy from AEM (GLY 14) : -0.0000
Residue Topographical Entropy from AEM (SER 15) : 7.4639
Residue Topographical Entropy from AEM (THR 16) : 5.6654
Residue Topographical Entropy from AEM (PHE 17) : 29.1231
Residue Topographical Entropy from AEM (ILE 18) : 11.7566
Residue Topographical Entropy from AEM (VAL 19) : 3.9587
Residue Topographical Entropy from AEM (THR 20) : 4.4048
Residue Topographical Entropy from AEM (ALA 21) : -0.0000
Residue Topographical Entropy from AEM (GLY 22) : -0.0000
Residue Topographical Entropy from AEM (ALA 23) : -0.0000
Residue Topographical Entropy from AEM (ASP 24) : 9.3187
Residue Topographical Entropy from AEM (GLY 25) : -0.0000
Residue Topographical Entropy from AEM (ALA 26) : -0.0000
Residue Topographical Entropy from AEM (LEU 27) : 9.2761
Residue Topographical Entropy from AEM (THR 28) : 9.0278
Residue Topographical Entropy from AEM (GLY 29) : -0.0000
Residue Topographical Entropy from AEM (THR 30) : 6.4355
Residue Topographical Entropy from AEM (TYR 31) : 25.8628
Residue Topographical Entropy from AEM (GLU 32) : 15.0046
Residue Topographical Entropy from AEM (SER 33) : 6.3947
Residue Topographical Entropy from AEM (ALA 34) : -0.0000
Residue Topographical Entropy from AEM (VAL 35) : 8.5885
Residue Topographical Entropy from AEM (GLY 36) : -0.0000
Residue Topographical Entropy from AEM (ASN 37) : 8.9718
Residue Topographical Entropy from AEM (ALA 38) : -0.0000
Residue Topographical Entropy from AEM (GLU 39) : 16.8886
Residue Topographical Entropy from AEM (SER 40) : 8.7647
Residue Topographical Entropy from AEM (ARG 41) : 15.0517
Residue Topographical Entropy from AEM (TYR 42) : 25.4585
Residue Topographical Entropy from AEM (VAL 43) : 1.7965
Residue Topographical Entropy from AEM (LEU 44) : 3.0403
Residue Topographical Entropy from AEM (THR 45) : 6.3150
Residue Topographical Entropy from AEM (GLY 46) : -0.0000
Residue Topographical Entropy from AEM (ARG 47) : 1.5926
Residue Topographical Entropy from AEM (TYR 48) : 27.8492
Residue Topographical Entropy from AEM (ASP 49) : 6.5205
Residue Topographical Entropy from AEM (SER 50) : 3.0967
Residue Topographical Entropy from AEM (ALA 51) : -0.0000
Residue Topographical Entropy from AEM (PRO 52) : 7.3439
Residue Topographical Entropy from AEM (ALA 53) : -0.0000
Residue Topographical Entropy from AEM (THR 54) : 7.4087
Residue Topographical Entropy from AEM (ASP 55) : 13.0760
Residue Topographical Entropy from AEM (GLY 56) : -0.0000
Residue Topographical Entropy from AEM (SER 57) : 7.5017
Residue Topographical Entropy from AEM (GLY 58) : -0.0000
Residue Topographical Entropy from AEM (THR 59) : 1.3346
Residue Topographical Entropy from AEM (ALA 60) : -0.0000
Residue Topographical Entropy from AEM (LEU 61) : 5.7913
Residue Topographical Entropy from AEM (GLY 62) : -0.0000
Residue Topographical Entropy from AEM (TRP 63) : 41.2968
Residue Topographical Entropy from AEM (THR 64) : 0.3385
Residue Topographical Entropy from AEM (VAL 65) : 1.2677
Residue Topographical Entropy from AEM (ALA 66) : -0.0000
Residue Topographical Entropy from AEM (TRP 67) : 42.3730
Residue Topographical Entropy from AEM (LYS 68) : 17.9673
Residue Topographical Entropy from AEM (ASN 69) : 9.4216
Residue Topographical Entropy from AEM (ASN 70) : 12.6888
Residue Topographical Entropy from AEM (TYR 71) : 39.4075
Residue Topographical Entropy from AEM (ARG 72) : 20.2025
Residue Topographical Entropy from AEM (ASN 73) : 6.5985
Residue Topographical Entropy from AEM (ALA 74) : -0.0000
Residue Topographical Entropy from AEM (HID 75) : 20.8790
Residue Topographical Entropy from AEM (SER 76) : 1.7491
Residue Topographical Entropy from AEM (ALA 77) : -0.0000
Residue Topographical Entropy from AEM (THR 78) : 0.8441
Residue Topographical Entropy from AEM (THR 79) : 0.3468
Residue Topographical Entropy from AEM (TRP 80) : 36.9892
Residue Topographical Entropy from AEM (SER 81) : 3.3615
Residue Topographical Entropy from AEM (GLY 82) : -0.0000
Residue Topographical Entropy from AEM (GLN 83) : 10.7169
Residue Topographical Entropy from AEM (TYR 84) : 25.9726
Residue Topographical Entropy from AEM (VAL 85) : 2.8424
Residue Topographical Entropy from AEM (GLY 86) : -0.0000
Residue Topographical Entropy from AEM (GLY 87) : -0.0000
Residue Topographical Entropy from AEM (ALA 88) : -0.0000
Residue Topographical Entropy from AEM (GLU 89) : 23.7253
Residue Topographical Entropy from AEM (ALA 90) : -0.0000
Residue Topographical Entropy from AEM (ARG 91) : 14.5746
Residue Topographical Entropy from AEM (ILE 92) : 1.1663
Residue Topographical Entropy from AEM (ASN 93) : 8.4986
Residue Topographical Entropy from AEM (THR 94) : 3.0945
Residue Topographical Entropy from AEM (GLN 95) : 2.7032
Residue Topographical Entropy from AEM (TRP 96) : 39.4548
Residue Topographical Entropy from AEM (LEU 97) : 6.0547
Residue Topographical Entropy from AEM (LEU 98) : 2.1590
Residue Topographical Entropy from AEM (THR 99) : 0.9469
Residue Topographical Entropy from AEM (SER 100) : 8.2315
Residue Topographical Entropy from AEM (GLY 101) : -0.0000
Residue Topographical Entropy from AEM (THR 102) : 7.1083
Residue Topographical Entropy from AEM (THR 103) : 4.7797
Residue Topographical Entropy from AEM (GLU 104) : 25.5417
Residue Topographical Entropy from AEM (ALA 105) : -0.0000
Residue Topographical Entropy from AEM (ASN 106) : 6.8757
Residue Topographical Entropy from AEM (ALA 107) : -0.0000
Residue Topographical Entropy from AEM (TRP 108) : 40.0917
Residue Topographical Entropy from AEM (LYS 109) : 14.4933
Residue Topographical Entropy from AEM (SER 110) : 2.7793
Residue Topographical Entropy from AEM (THR 111) : 0.1842
Residue Topographical Entropy from AEM (LEU 112) : 2.9362
Residue Topographical Entropy from AEM (VAL 113) : -0.0000
Residue Topographical Entropy from AEM (GLY 114) : -0.0000
Residue Topographical Entropy from AEM (HID 115) : 22.2272
Residue Topographical Entropy from AEM (ASP 116) : 5.8131
Residue Topographical Entropy from AEM (THR 117) : 5.6021
Residue Topographical Entropy from AEM (PHE 118) : 25.1390
Residue Topographical Entropy from AEM (THR 119) : 6.1332
Residue Topographical Entropy from AEM (LYS 120) : 16.1154
Residue Topographical Entropy from AEM (VAL 121) : 6.5784
Residue Topographical Entropy from AEM (LYS 122) : 20.7130
Residue Topographical Entropy from AEM (PRO 123) : 9.6636
Residue Topographical Entropy from AEM (SER 124) : 8.5632
Residue Topographical Entropy from AEM (ALA 125) : -0.0000
Residue Topographical Entropy from AEM (ALA 126) : -0.0000
Residue Topographical Entropy from AEM (CSER 127) : 7.9621
____________________________________________________________
Total Topog. Entropy (AEM)               :        1087.107
------------------------------------------------------------
____________________________________________________________
Total Entropy                            :        1087.107
------------------------------------------------------------
------------------------------------------------------------
Topographical entropy of residue side chains 
computed using all the dihedrals with AEM method
------------------------------------------------------------
Residue Topographical Entropy from AEM (NALA 1) : 2.2398
Residue Topographical Entropy from AEM (GLU 2) : 23.6918
Residue Topographical Entropy from AEM (ALA 3) : -0.0000
Residue Topographical Entropy from AEM (GLY 4) : -0.0000
Residue Topographical Entropy from AEM (ILE 5) : 1.2789
Residue Topographical Entropy from AEM (THR 6) : 2.1123
Residue Topographical Entropy from AEM (GLY 7) : -0.0000
Residue Topographical Entropy from AEM (THR 8) : 1.3454
Residue Topographical Entropy from AEM (TRP 9) : 30.0865
Residue Topographical Entropy from AEM (TYR 10) : 23.9068
Residue Topographical Entropy from AEM (ALA 11) : -0.0000
Residue Topographical Entropy from AEM (GLN 12) : 13.8722
Residue Topographical Entropy from AEM (LEU 13) : 8.2035
Residue Topographical Entropy from AEM (GLY 14) : -0.0000
Residue Topographical Entropy from AEM (SER 15) : 6.0342
Residue Topographical Entropy from AEM (THR 16) : 3.2468
Residue Topographical Entropy from AEM (PHE 17) : 23.6843
Residue Topographical Entropy from AEM (ILE 18) : 11.1104
Residue Topographical Entropy from AEM (VAL 19) : 0.9659
Residue Topographical Entropy from AEM (THR 20) : 7.3086
Residue Topographical Entropy from AEM (ALA 21) : -0.0000
Residue Topographical Entropy from AEM (GLY 22) : -0.0000
Residue Topographical Entropy from AEM (ALA 23) : -0.0000
Residue Topographical Entropy from AEM (ASP 24) : 10.1265
Residue Topographical Entropy from AEM (GLY 25) : -0.0000
Residue Topographical Entropy from AEM (ALA 26) : -0.0000
Residue Topographical Entropy from AEM (LEU 27) : 9.9212
Residue Topographical Entropy from AEM (THR 28) : 9.0197
Residue Topographical Entropy from AEM (GLY 29) : -0.0000
Residue Topographical Entropy from AEM (THR 30) : 7.4056
Residue Topographical Entropy from AEM (TYR 31) : 21.1781
Residue Topographical Entropy from AEM (GLU 32) : 19.8555
Residue Topographical Entropy from AEM (SER 33) : 7.3320
Residue Topographical Entropy from AEM (ALA 34) : -0.0000
Residue Topographical Entropy from AEM (VAL 35) : 8.7360
Residue Topographical Entropy from AEM (GLY 36) : -0.0000
Residue Topographical Entropy from AEM (ASN 37) : 8.6557
Residue Topographical Entropy from AEM (ALA 38) : -0.0000
Residue Topographical Entropy from AEM (GLU 39) : 17.8431
Residue Topographical Entropy from AEM (SER 40) : 8.7283
Residue Topographical Entropy from AEM (ARG 41) : 14.5971
Residue Topographical Entropy from AEM (TYR 42) : 24.9895
Residue Topographical Entropy from AEM (VAL 43) : 0.8184
Residue Topographical Entropy from AEM (LEU 44) : 3.3232
Residue Topographical Entropy from AEM (THR 45) : 6.8966
Residue Topographical Entropy from AEM (GLY 46) : -0.0000
Residue Topographical Entropy from AEM (ARG 47) : 4.4302
Residue Topographical Entropy from AEM (TYR 48) : 23.9560
Residue Topographical Entropy from AEM (ASP 49) : 2.7392
Residue Topographical Entropy from AEM (SER 50) : 7.0069
Residue Topographical Entropy from AEM (ALA 51) : -0.0000
Residue Topographical Entropy from AEM (PRO 52) : 10.2379
Residue Topographical Entropy from AEM (ALA 53) : -0.0000
Residue Topographical Entropy from AEM (THR 54) : 8.9178
Residue Topographical Entropy from AEM (ASP 55) : 12.5698
Residue Topographical Entropy from AEM (GLY 56) : -0.0000
Residue Topographical Entropy from AEM (SER 57) : 7.4069
Residue Topographical Entropy from AEM (GLY 58) : -0.0000
Residue Topographical Entropy from AEM (THR 59) : 4.2299
Residue Topographical Entropy from AEM (ALA 60) : -0.0000
Residue Topographical Entropy from AEM (LEU 61) : 5.6794
Residue Topographical Entropy from AEM (GLY 62) : -0.0000
Residue Topographical Entropy from AEM (TRP 63) : -0.0000
Residue Topographical Entropy from AEM (THR 64) : 0.2030
Residue Topographical Entropy from AEM (VAL 65) : 0.2902
Residue Topographical Entropy from AEM (ALA 66) : -0.0000
Residue Topographical Entropy from AEM (TRP 67) : 36.7574
Residue Topographical Entropy from AEM (LYS 68) : 17.2081
Residue Topographical Entropy from AEM (ASN 69) : 9.3334
Residue Topographical Entropy from AEM (ASN 70) : 17.5558
Residue Topographical Entropy from AEM (TYR 71) : 33.5765
Residue Topographical Entropy from AEM (ARG 72) : 19.9445
Residue Topographical Entropy from AEM (ASN 73) : 15.6108
Residue Topographical Entropy from AEM (ALA 74) : -0.0000
Residue Topographical Entropy from AEM (HID 75) : 17.9779
Residue Topographical Entropy from AEM (SER 76) : 2.2064
Residue Topographical Entropy from AEM (ALA 77) : -0.0000
Residue Topographical Entropy from AEM (THR 78) : 0.6456
Residue Topographical Entropy from AEM (THR 79) : 5.4923
Residue Topographical Entropy from AEM (TRP 80) : 38.1932
Residue Topographical Entropy from AEM (SER 81) : 1.2125
Residue Topographical Entropy from AEM (GLY 82) : -0.0000
Residue Topographical Entropy from AEM (GLN 83) : 12.6995
Residue Topographical Entropy from AEM (TYR 84) : 24.5243
Residue Topographical Entropy from AEM (VAL 85) : 4.5822
Residue Topographical Entropy from AEM (GLY 86) : -0.0000
Residue Topographical Entropy from AEM (GLY 87) : -0.0000
Residue Topographical Entropy from AEM (ALA 88) : -0.0000
Residue Topographical Entropy from AEM (GLU 89) : 21.0617
Residue Topographical Entropy from AEM (ALA 90) : -0.0000
Residue Topographical Entropy from AEM (ARG 91) : 13.0097
Residue Topographical Entropy from AEM (ILE 92) : 0.1511
Residue Topographical Entropy from AEM (ASN 93) : 10.6221
Residue Topographical Entropy from AEM (THR 94) : 5.7267
Residue Topographical Entropy from AEM (GLN 95) : 12.2158
Residue Topographical Entropy from AEM (TRP 96) : 40.7099
Residue Topographical Entropy from AEM (LEU 97) : 4.8701
Residue Topographical Entropy from AEM (LEU 98) : 4.6755
Residue Topographical Entropy from AEM (THR 99) : 0.3555
Residue Topographical Entropy from AEM (SER 100) : 6.9296
Residue Topographical Entropy from AEM (GLY 101) : -0.0000
Residue Topographical Entropy from AEM (THR 102) : 6.4750
Residue Topographical Entropy from AEM (THR 103) : 4.2981
Residue Topographical Entropy from AEM (GLU 104) : 25.1039
Residue Topographical Entropy from AEM (ALA 105) : -0.0000
Residue Topographical Entropy from AEM (ASN 106) : 1.6013
Residue Topographical Entropy from AEM (ALA 107) : -0.0000
Residue Topographical Entropy from AEM (TRP 108) : 38.1272
Residue Topographical Entropy from AEM (LYS 109) : 12.1998
Residue Topographical Entropy from AEM (SER 110) : 4.7674
Residue Topographical Entropy from AEM (THR 111) : 1.0277
Residue Topographical Entropy from AEM (LEU 112) : 4.1612
Residue Topographical Entropy from AEM (VAL 113) : 1.1318
Residue Topographical Entropy from AEM (GLY 114) : -0.0000
Residue Topographical Entropy from AEM (HID 115) : 19.9640
Residue Topographical Entropy from AEM (ASP 116) : 6.1091
Residue Topographical Entropy from AEM (THR 117) : 3.1601
Residue Topographical Entropy from AEM (PHE 118) : 23.8011
Residue Topographical Entropy from AEM (THR 119) : 5.8897
Residue Topographical Entropy from AEM (LYS 120) : 13.4962
Residue Topographical Entropy from AEM (VAL 121) : 5.4105
Residue Topographical Entropy from AEM (LYS 122) : 18.4391
Residue Topographical Entropy from AEM (PRO 123) : 7.5515
Residue Topographical Entropy from AEM (SER 124) : 8.7431
Residue Topographical Entropy from AEM (ALA 125) : -0.0000
Residue Topographical Entropy from AEM (ALA 126) : -0.0000
Residue Topographical Entropy from AEM (CSER 127) : 5.8965
____________________________________________________________
Total Topog. Entropy (AEM)               :        1021.384
------------------------------------------------------------
____________________________________________________________
Total Entropy                            :        1021.384
------------------------------------------------------------
------------------------------------------------------------
Topographical entropy of residue side chains 
computed using all the dihedrals with AEM method
------------------------------------------------------------
Residue Topographical Entropy from AEM (NALA 1) : 2.8602
Residue Topographical Entropy from AEM (GLU 2) : 23.9262
Residue Topographical Entropy from AEM (ALA 3) : -0.0000
Residue Topographical Entropy from AEM (GLY 4) : -0.0000
Residue Topographical Entropy from AEM (ILE 5) : 3.7257
Residue Topographical Entropy from AEM (THR 6) : 1.7459
Residue Topographical Entropy from AEM (GLY 7) : -0.0000
Residue Topographical Entropy from AEM (THR 8) : 1.8008
Residue Topographical Entropy from AEM (TRP 9) : 41.6931
Residue Topographical Entropy from AEM (TYR 10) : 30.2023
Residue Topographical Entropy from AEM (ALA 11) : -0.0000
Residue Topographical Entropy from AEM (GLN 12) : 18.8871
Residue Topographical Entropy from AEM (LEU 13) : 9.2815
Residue Topographical Entropy from AEM (GLY 14) : -0.0000
Residue Topographical Entropy from AEM (SER 15) : 5.3708
Residue Topographical Entropy from AEM (THR 16) : 3.5103
Residue Topographical Entropy from AEM (PHE 17) : 30.3046
Residue Topographical Entropy from AEM (ILE 18) : 12.1853
Residue Topographical Entropy from AEM (VAL 19) : 3.8446
Residue Topographical Entropy from AEM (THR 20) : 6.2986
Residue Topographical Entropy from AEM (ALA 21) : -0.0000
Residue Topographical Entropy from AEM (GLY 22) : -0.0000
Residue Topographical Entropy from AEM (ALA 23) : -0.0000
Residue Topographical Entropy from AEM (ASP 24) : 11.6841
Residue Topographical Entropy from AEM (GLY 25) : -0.0000
Residue Topographical Entropy from AEM (ALA 26) : -0.0000
Residue Topographical Entropy from AEM (LEU 27) : 9.7132
Residue Topographical Entropy from AEM (THR 28) : 8.9663
Residue Topographical Entropy from AEM (GLY 29) : -0.0000
Residue Topographical Entropy from AEM (THR 30) : 8.3883
Residue Topographical Entropy from AEM (TYR 31) : 26.8631
Residue Topographical Entropy from AEM (GLU 32) : 16.6843
Residue Topographical Entropy from AEM (SER 33) : 8.2678
Residue Topographical Entropy from AEM (ALA 34) : -0.0000
Residue Topographical Entropy from AEM (VAL 35) : 8.7001
Residue Topographical Entropy from AEM (GLY 36) : -0.0000
Residue Topographical Entropy from AEM (ASN 37) : 15.7668
Residue Topographical Entropy from AEM (ALA 38) : -0.0000
Residue Topographical Entropy from AEM (GLU 39) : 17.5340
Residue Topographical Entropy from AEM (SER 40) : 5.5893
Residue Topographical Entropy from AEM (ARG 41) : 14.8321
Residue Topographical Entropy from AEM (TYR 42) : 30.1994
Residue Topographical Entropy from AEM (VAL 43) : 1.9624
Residue Topographical Entropy from AEM (LEU 44) : 4.0783
Residue Topographical Entropy from AEM (THR 45) : 4.2636
Residue Topographical Entropy from AEM (GLY 46) : -0.0000
Residue Topographical Entropy from AEM (ARG 47) : 10.9962
Residue Topographical Entropy from AEM (TYR 48) : 29.4074
Residue Topographical Entropy from AEM (ASP 49) : 6.9708
Residue Topographical Entropy from AEM (SER 50) : 6.0576
Residue Topographical Entropy from AEM (ALA 51) : -0.0000
Residue Topographical Entropy from AEM (PRO 52) : 8.8420
Residue Topographical Entropy from AEM (ALA 53) : -0.0000
Residue Topographical Entropy from AEM (THR 54) : 8.9845
Residue Topographical Entropy from AEM (ASP 55) : 11.8783
Residue Topographical Entropy from AEM (GLY 56) : -0.0000
Residue Topographical Entropy from AEM (SER 57) : 7.9633
Residue Topographical Entropy from AEM (GLY 58) : -0.0000
Residue Topographical Entropy from AEM (THR 59) : 2.0811
Residue Topographical Entropy from AEM (ALA 60) : -0.0000
Residue Topographical Entropy from AEM (LEU 61) : 4.9633
Residue Topographical Entropy from AEM (GLY 62) : -0.0000
Residue Topographical Entropy from AEM (TRP 63) : 46.6599
Residue Topographical Entropy from AEM (THR 64) : 0.8635
Residue Topographical Entropy from AEM (VAL 65) : 0.8415
Residue Topographical Entropy from AEM (ALA 66) : -0.0000
Residue Topographical Entropy from AEM (TRP 67) : 45.6008
Residue Topographical Entropy from AEM (LYS 68) : 17.1363
Residue Topographical Entropy from AEM (ASN 69) : 3.9253
Residue Topographical Entropy from AEM (ASN 70) : 12.7073
Residue Topographical Entropy from AEM (TYR 71) : 34.5117
Residue Topographical Entropy from AEM (ARG 72) : 18.2518
Residue Topographical Entropy from AEM (ASN 73) : 4.9368
Residue Topographical Entropy from AEM (ALA 74) : -0.0000
Residue Topographical Entropy from AEM (HID 75) : 24.9730
Residue Topographical Entropy from AEM (SER 76) : 2.1990
Residue Topographical Entropy from AEM (ALA 77) : -0.0000
Residue Topographical Entropy from AEM (THR 78) : 1.2978
Residue Topographical Entropy from AEM (THR 79) : 1.1497
Residue Topographical Entropy from AEM (TRP 80) : 39.2133
Residue Topographical Entropy from AEM (SER 81) : 1.0261
Residue Topographical Entropy from AEM (GLY 82) : -0.0000
Residue Topographical Entropy from AEM (GLN 83) : 10.2942
Residue Topographical Entropy from AEM (TYR 84) : 31.8892
Residue Topographical Entropy from AEM (VAL 85) : 3.5795
Residue Topographical Entropy from AEM (GLY 86) : -0.0000
Residue Topographical Entropy from AEM (GLY 87) : -0.0000
Residue Topographical Entropy from AEM (ALA 88) : -0.0000
Residue Topographical Entropy from AEM (GLU 89) : 23.4420
Residue Topographical Entropy from AEM (ALA 90) : -0.0000
Residue Topographical Entropy from AEM (ARG 91) : 13.6954
Residue Topographical Entropy from AEM (ILE 92) : 3.0052
Residue Topographical Entropy from AEM (ASN 93) : 6.9284
Residue Topographical Entropy from AEM (THR 94) : 6.4532
Residue Topographical Entropy from AEM (GLN 95) : 4.0365
Residue Topographical Entropy from AEM (TRP 96) : 39.2423
Residue Topographical Entropy from AEM (LEU 97) : 3.7285
Residue Topographical Entropy from AEM (LEU 98) : 4.3304
Residue Topographical Entropy from AEM (THR 99) : 1.6915
Residue Topographical Entropy from AEM (SER 100) : 8.7165
Residue Topographical Entropy from AEM (GLY 101) : -0.0000
Residue Topographical Entropy from AEM (THR 102) : 4.5426
Residue Topographical Entropy from AEM (THR 103) : 2.1604
Residue Topographical Entropy from AEM (GLU 104) : 23.0839
Residue Topographical Entropy from AEM (ALA 105) : -0.0000
Residue Topographical Entropy from AEM (ASN 106) : 4.8472
Residue Topographical Entropy from AEM (ALA 107) : -0.0000
Residue Topographical Entropy from AEM (TRP 108) : 43.8821
Residue Topographical Entropy from AEM (LYS 109) : 20.6419
Residue Topographical Entropy from AEM (SER 110) : 3.2105
Residue Topographical Entropy from AEM (THR 111) : 0.7458
Residue Topographical Entropy from AEM (LEU 112) : 5.8673
Residue Topographical Entropy from AEM (VAL 113) : 2.2873
Residue Topographical Entropy from AEM (GLY 114) : -0.0000
Residue Topographical Entropy from AEM (HID 115) : 26.1274
Residue Topographical Entropy from AEM (ASP 116) : 6.6910
Residue Topographical Entropy from AEM (THR 117) : 7.2687
Residue Topographical Entropy from AEM (PHE 118) : 31.5122
Residue Topographical Entropy from AEM (THR 119) : 4.1316
Residue Topographical Entropy from AEM (LYS 120) : 18.3709
Residue Topographical Entropy from AEM (VAL 121) : 6.1257
Residue Topographical Entropy from AEM (LYS 122) : 21.4772
Residue Topographical Entropy from AEM (PRO 123) : 12.0540
Residue Topographical Entropy from AEM (SER 124) : 8.5894
Residue Topographical Entropy from AEM (ALA 125) : -0.0000
Residue Topographical Entropy from AEM (ALA 126) : -0.0000
Residue Topographical Entropy from AEM (CSER 127) : 7.5400
____________________________________________________________
Total Topog. Entropy (AEM)               :        1164.758
------------------------------------------------------------
____________________________________________________________
Total Entropy                            :        1164.758
------------------------------------------------------------
