------------------------------------------------------------
Topographical entropy of residue side chains 
computed using all the dihedrals with correlation/pLogp formalism
------------------------------------------------------------
Side Chain Topographical Entropy from corr. pLogP method (NALA 1) : -0.0000
Side Chain Topographical Entropy from corr. pLogP method (GLU 2) : 22.6915
Side Chain Topographical Entropy from corr. pLogP method (ALA 3) : -0.0000
Side Chain Topographical Entropy from corr. pLogP method (GLY 4) : -0.0000
Side Chain Topographical Entropy from corr. pLogP method (ILE 5) : 0.9480
Side Chain Topographical Entropy from corr. pLogP method (THR 6) : 0.9771
Side Chain Topographical Entropy from corr. pLogP method (GLY 7) : -0.0000
Side Chain Topographical Entropy from corr. pLogP method (THR 8) : 4.5643
Side Chain Topographical Entropy from corr. pLogP method (TRP 9) : 1.5931
Side Chain Topographical Entropy from corr. pLogP method (TYR 10) : 9.7186
Side Chain Topographical Entropy from corr. pLogP method (ALA 11) : -0.0000
Side Chain Topographical Entropy from corr. pLogP method (GLN 12) : 20.9456
Side Chain Topographical Entropy from corr. pLogP method (LEU 13) : 3.1977
Side Chain Topographical Entropy from corr. pLogP method (GLY 14) : -0.0000
Side Chain Topographical Entropy from corr. pLogP method (SER 15) : 0.5313
Side Chain Topographical Entropy from corr. pLogP method (THR 16) : 0.4231
Side Chain Topographical Entropy from corr. pLogP method (PHE 17) : 7.1427
Side Chain Topographical Entropy from corr. pLogP method (ILE 18) : 5.1704
Side Chain Topographical Entropy from corr. pLogP method (VAL 19) : 2.6121
Side Chain Topographical Entropy from corr. pLogP method (THR 20) : 4.6445
Side Chain Topographical Entropy from corr. pLogP method (ALA 21) : -0.0000
Side Chain Topographical Entropy from corr. pLogP method (GLY 22) : -0.0000
Side Chain Topographical Entropy from corr. pLogP method (ALA 23) : -0.0000
Side Chain Topographical Entropy from corr. pLogP method (ASP 24) : 11.3372
Side Chain Topographical Entropy from corr. pLogP method (GLY 25) : -0.0000
Side Chain Topographical Entropy from corr. pLogP method (ALA 26) : -0.0000
Side Chain Topographical Entropy from corr. pLogP method (LEU 27) : 7.9478
Side Chain Topographical Entropy from corr. pLogP method (THR 28) : 5.1597
Side Chain Topographical Entropy from corr. pLogP method (GLY 29) : -0.0000
Side Chain Topographical Entropy from corr. pLogP method (THR 30) : 1.0618
Side Chain Topographical Entropy from corr. pLogP method (TYR 31) : 7.8658
Side Chain Topographical Entropy from corr. pLogP method (GLU 32) : 10.3081
Side Chain Topographical Entropy from corr. pLogP method (SER 33) : 5.1426
Side Chain Topographical Entropy from corr. pLogP method (ALA 34) : -0.0000
Side Chain Topographical Entropy from corr. pLogP method (VAL 35) : 5.5220
Side Chain Topographical Entropy from corr. pLogP method (GLY 36) : -0.0000
Side Chain Topographical Entropy from corr. pLogP method (ASN 37) : 11.2931
Side Chain Topographical Entropy from corr. pLogP method (ALA 38) : -0.0000
Side Chain Topographical Entropy from corr. pLogP method (GLU 39) : 22.9283
Side Chain Topographical Entropy from corr. pLogP method (SER 40) : 5.4032
Side Chain Topographical Entropy from corr. pLogP method (ARG 41) : 3.3486
Side Chain Topographical Entropy from corr. pLogP method (TYR 42) : 0.5052
Side Chain Topographical Entropy from corr. pLogP method (VAL 43) : 0.3468
Side Chain Topographical Entropy from corr. pLogP method (LEU 44) : 0.0358
Side Chain Topographical Entropy from corr. pLogP method (THR 45) : 5.1544
Side Chain Topographical Entropy from corr. pLogP method (GLY 46) : -0.0000
Side Chain Topographical Entropy from corr. pLogP method (ARG 47) : 0.2294
Side Chain Topographical Entropy from corr. pLogP method (TYR 48) : 3.1323
Side Chain Topographical Entropy from corr. pLogP method (ASP 49) : 4.3839
Side Chain Topographical Entropy from corr. pLogP method (SER 50) : 1.4355
Side Chain Topographical Entropy from corr. pLogP method (ALA 51) : -0.0000
Side Chain Topographical Entropy from corr. pLogP method (PRO 52) : 11.8667
Side Chain Topographical Entropy from corr. pLogP method (ALA 53) : -0.0000
Side Chain Topographical Entropy from corr. pLogP method (THR 54) : 6.0168
Side Chain Topographical Entropy from corr. pLogP method (ASP 55) : 13.0098
Side Chain Topographical Entropy from corr. pLogP method (GLY 56) : -0.0000
Side Chain Topographical Entropy from corr. pLogP method (SER 57) : 3.0393
Side Chain Topographical Entropy from corr. pLogP method (GLY 58) : -0.0000
Side Chain Topographical Entropy from corr. pLogP method (THR 59) : 5.3435
Side Chain Topographical Entropy from corr. pLogP method (ALA 60) : -0.0000
Side Chain Topographical Entropy from corr. pLogP method (LEU 61) : 1.2920
Side Chain Topographical Entropy from corr. pLogP method (GLY 62) : -0.0000
Side Chain Topographical Entropy from corr. pLogP method (TRP 63) : -0.0000
Side Chain Topographical Entropy from corr. pLogP method (THR 64) : 4.0836
Side Chain Topographical Entropy from corr. pLogP method (VAL 65) : -0.0000
Side Chain Topographical Entropy from corr. pLogP method (ALA 66) : -0.0000
Side Chain Topographical Entropy from corr. pLogP method (TRP 67) : -0.0000
Side Chain Topographical Entropy from corr. pLogP method (LYS 68) : 12.3830
Side Chain Topographical Entropy from corr. pLogP method (ASN 69) : 5.9940
Side Chain Topographical Entropy from corr. pLogP method (ASN 70) : 13.7587
Side Chain Topographical Entropy from corr. pLogP method (TYR 71) : 12.0874
Side Chain Topographical Entropy from corr. pLogP method (ARG 72) : 14.9864
Side Chain Topographical Entropy from corr. pLogP method (ASN 73) : 0.1015
Side Chain Topographical Entropy from corr. pLogP method (ALA 74) : -0.0000
Side Chain Topographical Entropy from corr. pLogP method (HID 75) : 0.1810
Side Chain Topographical Entropy from corr. pLogP method (SER 76) : 4.0581
Side Chain Topographical Entropy from corr. pLogP method (ALA 77) : -0.0000
Side Chain Topographical Entropy from corr. pLogP method (THR 78) : -0.0000
Side Chain Topographical Entropy from corr. pLogP method (THR 79) : -0.0000
Side Chain Topographical Entropy from corr. pLogP method (TRP 80) : 2.0981
Side Chain Topographical Entropy from corr. pLogP method (SER 81) : 0.0358
Side Chain Topographical Entropy from corr. pLogP method (GLY 82) : -0.0000
Side Chain Topographical Entropy from corr. pLogP method (GLN 83) : 9.8466
Side Chain Topographical Entropy from corr. pLogP method (TYR 84) : 0.5791
Side Chain Topographical Entropy from corr. pLogP method (VAL 85) : 0.5587
Side Chain Topographical Entropy from corr. pLogP method (GLY 86) : -0.0000
Side Chain Topographical Entropy from corr. pLogP method (GLY 87) : -0.0000
Side Chain Topographical Entropy from corr. pLogP method (ALA 88) : -0.0000
Side Chain Topographical Entropy from corr. pLogP method (GLU 89) : 20.9837
Side Chain Topographical Entropy from corr. pLogP method (ALA 90) : -0.0000
Side Chain Topographical Entropy from corr. pLogP method (ARG 91) : 11.9449
Side Chain Topographical Entropy from corr. pLogP method (ILE 92) : 0.7685
Side Chain Topographical Entropy from corr. pLogP method (ASN 93) : 11.1148
Side Chain Topographical Entropy from corr. pLogP method (THR 94) : -0.0000
Side Chain Topographical Entropy from corr. pLogP method (GLN 95) : 3.2592
Side Chain Topographical Entropy from corr. pLogP method (TRP 96) : 0.6476
Side Chain Topographical Entropy from corr. pLogP method (LEU 97) : 1.1211
Side Chain Topographical Entropy from corr. pLogP method (LEU 98) : 2.7293
Side Chain Topographical Entropy from corr. pLogP method (THR 99) : 0.0358
Side Chain Topographical Entropy from corr. pLogP method (SER 100) : 8.6609
Side Chain Topographical Entropy from corr. pLogP method (GLY 101) : -0.0000
Side Chain Topographical Entropy from corr. pLogP method (THR 102) : 2.9499
Side Chain Topographical Entropy from corr. pLogP method (THR 103) : 0.3492
Side Chain Topographical Entropy from corr. pLogP method (GLU 104) : 17.8614
Side Chain Topographical Entropy from corr. pLogP method (ALA 105) : -0.0000
Side Chain Topographical Entropy from corr. pLogP method (ASN 106) : 3.5136
Side Chain Topographical Entropy from corr. pLogP method (ALA 107) : -0.0000
Side Chain Topographical Entropy from corr. pLogP method (TRP 108) : 5.9916
Side Chain Topographical Entropy from corr. pLogP method (LYS 109) : 11.3096
Side Chain Topographical Entropy from corr. pLogP method (SER 110) : -0.0000
Side Chain Topographical Entropy from corr. pLogP method (THR 111) : 0.0936
Side Chain Topographical Entropy from corr. pLogP method (LEU 112) : 2.3085
Side Chain Topographical Entropy from corr. pLogP method (VAL 113) : 0.0358
Side Chain Topographical Entropy from corr. pLogP method (GLY 114) : -0.0000
Side Chain Topographical Entropy from corr. pLogP method (HID 115) : -0.0000
Side Chain Topographical Entropy from corr. pLogP method (ASP 116) : 6.3351
Side Chain Topographical Entropy from corr. pLogP method (THR 117) : 5.3160
Side Chain Topographical Entropy from corr. pLogP method (PHE 118) : 0.1293
Side Chain Topographical Entropy from corr. pLogP method (THR 119) : 3.7469
Side Chain Topographical Entropy from corr. pLogP method (LYS 120) : 13.5339
Side Chain Topographical Entropy from corr. pLogP method (VAL 121) : 3.8647
Side Chain Topographical Entropy from corr. pLogP method (LYS 122) : 25.9664
Side Chain Topographical Entropy from corr. pLogP method (PRO 123) : 19.1236
Side Chain Topographical Entropy from corr. pLogP method (SER 124) : 7.7715
Side Chain Topographical Entropy from corr. pLogP method (ALA 125) : -0.0000
Side Chain Topographical Entropy from corr. pLogP method (ALA 126) : -0.0000
Side Chain Topographical Entropy from corr. pLogP method (CSER 127) : 0.3260
____________________________________________________________
Total SC Topog. Entropy (corr. pLogP)    :         510.814
------------------------------------------------------------
____________________________________________________________
Total BB Topog. Entropy (corr. pLogP)    :          29.616
------------------------------------------------------------
____________________________________________________________
Total Entropy                            :         540.430
------------------------------------------------------------
------------------------------------------------------------
Topographical entropy of residue side chains 
computed using all the dihedrals with correlation/pLogp formalism
------------------------------------------------------------
Side Chain Topographical Entropy from corr. pLogP method (NALA 1) : -0.0000
Side Chain Topographical Entropy from corr. pLogP method (GLU 2) : 24.5848
Side Chain Topographical Entropy from corr. pLogP method (ALA 3) : -0.0000
Side Chain Topographical Entropy from corr. pLogP method (GLY 4) : -0.0000
Side Chain Topographical Entropy from corr. pLogP method (ILE 5) : 2.7767
Side Chain Topographical Entropy from corr. pLogP method (THR 6) : 3.3917
Side Chain Topographical Entropy from corr. pLogP method (GLY 7) : -0.0000
Side Chain Topographical Entropy from corr. pLogP method (THR 8) : 0.7199
Side Chain Topographical Entropy from corr. pLogP method (TRP 9) : 1.7011
Side Chain Topographical Entropy from corr. pLogP method (TYR 10) : 5.9576
Side Chain Topographical Entropy from corr. pLogP method (ALA 11) : -0.0000
Side Chain Topographical Entropy from corr. pLogP method (GLN 12) : 18.6183
Side Chain Topographical Entropy from corr. pLogP method (LEU 13) : 2.3720
Side Chain Topographical Entropy from corr. pLogP method (GLY 14) : -0.0000
Side Chain Topographical Entropy from corr. pLogP method (SER 15) : 5.7691
Side Chain Topographical Entropy from corr. pLogP method (THR 16) : 8.0480
Side Chain Topographical Entropy from corr. pLogP method (PHE 17) : 5.4007
Side Chain Topographical Entropy from corr. pLogP method (ILE 18) : 9.6791
Side Chain Topographical Entropy from corr. pLogP method (VAL 19) : 6.5113
Side Chain Topographical Entropy from corr. pLogP method (THR 20) : 7.5664
Side Chain Topographical Entropy from corr. pLogP method (ALA 21) : -0.0000
Side Chain Topographical Entropy from corr. pLogP method (GLY 22) : -0.0000
Side Chain Topographical Entropy from corr. pLogP method (ALA 23) : -0.0000
Side Chain Topographical Entropy from corr. pLogP method (ASP 24) : 14.4817
Side Chain Topographical Entropy from corr. pLogP method (GLY 25) : -0.0000
Side Chain Topographical Entropy from corr. pLogP method (ALA 26) : -0.0000
Side Chain Topographical Entropy from corr. pLogP method (LEU 27) : 6.3929
Side Chain Topographical Entropy from corr. pLogP method (THR 28) : 9.1009
Side Chain Topographical Entropy from corr. pLogP method (GLY 29) : -0.0000
Side Chain Topographical Entropy from corr. pLogP method (THR 30) : 6.9698
Side Chain Topographical Entropy from corr. pLogP method (TYR 31) : 4.0386
Side Chain Topographical Entropy from corr. pLogP method (GLU 32) : 16.9729
Side Chain Topographical Entropy from corr. pLogP method (SER 33) : 8.2193
Side Chain Topographical Entropy from corr. pLogP method (ALA 34) : -0.0000
Side Chain Topographical Entropy from corr. pLogP method (VAL 35) : 8.4783
Side Chain Topographical Entropy from corr. pLogP method (GLY 36) : -0.0000
Side Chain Topographical Entropy from corr. pLogP method (ASN 37) : 13.6989
Side Chain Topographical Entropy from corr. pLogP method (ALA 38) : -0.0000
Side Chain Topographical Entropy from corr. pLogP method (GLU 39) : 23.1303
Side Chain Topographical Entropy from corr. pLogP method (SER 40) : 6.6823
Side Chain Topographical Entropy from corr. pLogP method (ARG 41) : 8.7027
Side Chain Topographical Entropy from corr. pLogP method (TYR 42) : 0.9768
Side Chain Topographical Entropy from corr. pLogP method (VAL 43) : 1.5787
Side Chain Topographical Entropy from corr. pLogP method (LEU 44) : 1.7457
Side Chain Topographical Entropy from corr. pLogP method (THR 45) : 2.1064
Side Chain Topographical Entropy from corr. pLogP method (GLY 46) : -0.0000
Side Chain Topographical Entropy from corr. pLogP method (ARG 47) : 3.4879
Side Chain Topographical Entropy from corr. pLogP method (TYR 48) : 6.2028
Side Chain Topographical Entropy from corr. pLogP method (ASP 49) : 1.8162
Side Chain Topographical Entropy from corr. pLogP method (SER 50) : 2.8020
Side Chain Topographical Entropy from corr. pLogP method (ALA 51) : -0.0000
Side Chain Topographical Entropy from corr. pLogP method (PRO 52) : 13.4479
Side Chain Topographical Entropy from corr. pLogP method (ALA 53) : -0.0000
Side Chain Topographical Entropy from corr. pLogP method (THR 54) : 8.0689
Side Chain Topographical Entropy from corr. pLogP method (ASP 55) : 8.4194
Side Chain Topographical Entropy from corr. pLogP method (GLY 56) : -0.0000
Side Chain Topographical Entropy from corr. pLogP method (SER 57) : 2.0993
Side Chain Topographical Entropy from corr. pLogP method (GLY 58) : -0.0000
Side Chain Topographical Entropy from corr. pLogP method (THR 59) : 0.9651
Side Chain Topographical Entropy from corr. pLogP method (ALA 60) : -0.0000
Side Chain Topographical Entropy from corr. pLogP method (LEU 61) : 8.9031
Side Chain Topographical Entropy from corr. pLogP method (GLY 62) : -0.0000
Side Chain Topographical Entropy from corr. pLogP method (TRP 63) : 1.1565
Side Chain Topographical Entropy from corr. pLogP method (THR 64) : 0.5405
Side Chain Topographical Entropy from corr. pLogP method (VAL 65) : 0.2835
Side Chain Topographical Entropy from corr. pLogP method (ALA 66) : -0.0000
Side Chain Topographical Entropy from corr. pLogP method (TRP 67) : 0.8580
Side Chain Topographical Entropy from corr. pLogP method (LYS 68) : 11.0436
Side Chain Topographical Entropy from corr. pLogP method (ASN 69) : 6.2575
Side Chain Topographical Entropy from corr. pLogP method (ASN 70) : 14.2042
Side Chain Topographical Entropy from corr. pLogP method (TYR 71) : 7.0110
Side Chain Topographical Entropy from corr. pLogP method (ARG 72) : 8.7306
Side Chain Topographical Entropy from corr. pLogP method (ASN 73) : 2.0430
Side Chain Topographical Entropy from corr. pLogP method (ALA 74) : -0.0000
Side Chain Topographical Entropy from corr. pLogP method (HID 75) : 2.1920
Side Chain Topographical Entropy from corr. pLogP method (SER 76) : 6.2977
Side Chain Topographical Entropy from corr. pLogP method (ALA 77) : -0.0000
Side Chain Topographical Entropy from corr. pLogP method (THR 78) : 0.3193
Side Chain Topographical Entropy from corr. pLogP method (THR 79) : 2.8405
Side Chain Topographical Entropy from corr. pLogP method (TRP 80) : 3.6394
Side Chain Topographical Entropy from corr. pLogP method (SER 81) : 1.3297
Side Chain Topographical Entropy from corr. pLogP method (GLY 82) : -0.0000
Side Chain Topographical Entropy from corr. pLogP method (GLN 83) : 14.3943
Side Chain Topographical Entropy from corr. pLogP method (TYR 84) : 11.0320
Side Chain Topographical Entropy from corr. pLogP method (VAL 85) : 5.5979
Side Chain Topographical Entropy from corr. pLogP method (GLY 86) : -0.0000
Side Chain Topographical Entropy from corr. pLogP method (GLY 87) : -0.0000
Side Chain Topographical Entropy from corr. pLogP method (ALA 88) : -0.0000
Side Chain Topographical Entropy from corr. pLogP method (GLU 89) : 19.9414
Side Chain Topographical Entropy from corr. pLogP method (ALA 90) : -0.0000
Side Chain Topographical Entropy from corr. pLogP method (ARG 91) : 18.6948
Side Chain Topographical Entropy from corr. pLogP method (ILE 92) : 0.7953
Side Chain Topographical Entropy from corr. pLogP method (ASN 93) : 6.3865
Side Chain Topographical Entropy from corr. pLogP method (THR 94) : 6.7328
Side Chain Topographical Entropy from corr. pLogP method (GLN 95) : 14.1436
Side Chain Topographical Entropy from corr. pLogP method (TRP 96) : 6.3940
Side Chain Topographical Entropy from corr. pLogP method (LEU 97) : 4.7957
Side Chain Topographical Entropy from corr. pLogP method (LEU 98) : 4.1632
Side Chain Topographical Entropy from corr. pLogP method (THR 99) : 5.1607
Side Chain Topographical Entropy from corr. pLogP method (SER 100) : 6.3691
Side Chain Topographical Entropy from corr. pLogP method (GLY 101) : -0.0000
Side Chain Topographical Entropy from corr. pLogP method (THR 102) : 3.3564
Side Chain Topographical Entropy from corr. pLogP method (THR 103) : 1.8421
Side Chain Topographical Entropy from corr. pLogP method (GLU 104) : 23.4127
Side Chain Topographical Entropy from corr. pLogP method (ALA 105) : -0.0000
Side Chain Topographical Entropy from corr. pLogP method (ASN 106) : 5.7439
Side Chain Topographical Entropy from corr. pLogP method (ALA 107) : -0.0000
Side Chain Topographical Entropy from corr. pLogP method (TRP 108) : 7.2595
Side Chain Topographical Entropy from corr. pLogP method (LYS 109) : 15.8960
Side Chain Topographical Entropy from corr. pLogP method (SER 110) : 4.0662
Side Chain Topographical Entropy from corr. pLogP method (THR 111) : 0.6300
Side Chain Topographical Entropy from corr. pLogP method (LEU 112) : 3.7690
Side Chain Topographical Entropy from corr. pLogP method (VAL 113) : 2.6537
Side Chain Topographical Entropy from corr. pLogP method (GLY 114) : -0.0000
Side Chain Topographical Entropy from corr. pLogP method (HID 115) : 3.9180
Side Chain Topographical Entropy from corr. pLogP method (ASP 116) : 6.8438
Side Chain Topographical Entropy from corr. pLogP method (THR 117) : 2.2931
Side Chain Topographical Entropy from corr. pLogP method (PHE 118) : 5.7542
Side Chain Topographical Entropy from corr. pLogP method (THR 119) : 0.7661
Side Chain Topographical Entropy from corr. pLogP method (LYS 120) : 14.3565
Side Chain Topographical Entropy from corr. pLogP method (VAL 121) : 5.2577
Side Chain Topographical Entropy from corr. pLogP method (LYS 122) : 23.8827
Side Chain Topographical Entropy from corr. pLogP method (PRO 123) : 15.0540
Side Chain Topographical Entropy from corr. pLogP method (SER 124) : 2.4229
Side Chain Topographical Entropy from corr. pLogP method (ALA 125) : -0.0000
Side Chain Topographical Entropy from corr. pLogP method (ALA 126) : -0.0000
Side Chain Topographical Entropy from corr. pLogP method (CSER 127) : 4.2364
____________________________________________________________
Total SC Topog. Entropy (corr. pLogP)    :         639.348
------------------------------------------------------------
____________________________________________________________
Total BB Topog. Entropy (corr. pLogP)    :          42.214
------------------------------------------------------------
____________________________________________________________
Total Entropy                            :         681.562
------------------------------------------------------------
------------------------------------------------------------
Topographical entropy of residue side chains 
computed using all the dihedrals with correlation/pLogp formalism
------------------------------------------------------------
Side Chain Topographical Entropy from corr. pLogP method (NALA 1) : -0.0000
Side Chain Topographical Entropy from corr. pLogP method (GLU 2) : 20.9399
Side Chain Topographical Entropy from corr. pLogP method (ALA 3) : -0.0000
Side Chain Topographical Entropy from corr. pLogP method (GLY 4) : -0.0000
Side Chain Topographical Entropy from corr. pLogP method (ILE 5) : 1.6284
Side Chain Topographical Entropy from corr. pLogP method (THR 6) : -0.0000
Side Chain Topographical Entropy from corr. pLogP method (GLY 7) : -0.0000
Side Chain Topographical Entropy from corr. pLogP method (THR 8) : 0.5768
Side Chain Topographical Entropy from corr. pLogP method (TRP 9) : -0.0000
Side Chain Topographical Entropy from corr. pLogP method (TYR 10) : 5.6905
Side Chain Topographical Entropy from corr. pLogP method (ALA 11) : -0.0000
Side Chain Topographical Entropy from corr. pLogP method (GLN 12) : 21.3507
Side Chain Topographical Entropy from corr. pLogP method (LEU 13) : 8.1754
Side Chain Topographical Entropy from corr. pLogP method (GLY 14) : -0.0000
Side Chain Topographical Entropy from corr. pLogP method (SER 15) : 5.0153
Side Chain Topographical Entropy from corr. pLogP method (THR 16) : 0.7826
Side Chain Topographical Entropy from corr. pLogP method (PHE 17) : 6.0566
Side Chain Topographical Entropy from corr. pLogP method (ILE 18) : 7.8470
Side Chain Topographical Entropy from corr. pLogP method (VAL 19) : 5.6813
Side Chain Topographical Entropy from corr. pLogP method (THR 20) : 5.3395
Side Chain Topographical Entropy from corr. pLogP method (ALA 21) : -0.0000
Side Chain Topographical Entropy from corr. pLogP method (GLY 22) : -0.0000
Side Chain Topographical Entropy from corr. pLogP method (ALA 23) : -0.0000
Side Chain Topographical Entropy from corr. pLogP method (ASP 24) : 16.4862
Side Chain Topographical Entropy from corr. pLogP method (GLY 25) : -0.0000
Side Chain Topographical Entropy from corr. pLogP method (ALA 26) : -0.0000
Side Chain Topographical Entropy from corr. pLogP method (LEU 27) : 8.3278
Side Chain Topographical Entropy from corr. pLogP method (THR 28) : 8.7021
Side Chain Topographical Entropy from corr. pLogP method (GLY 29) : -0.0000
Side Chain Topographical Entropy from corr. pLogP method (THR 30) : 3.5818
Side Chain Topographical Entropy from corr. pLogP method (TYR 31) : 6.7627
Side Chain Topographical Entropy from corr. pLogP method (GLU 32) : 10.3641
Side Chain Topographical Entropy from corr. pLogP method (SER 33) : 4.9178
Side Chain Topographical Entropy from corr. pLogP method (ALA 34) : -0.0000
Side Chain Topographical Entropy from corr. pLogP method (VAL 35) : 5.2448
Side Chain Topographical Entropy from corr. pLogP method (GLY 36) : -0.0000
Side Chain Topographical Entropy from corr. pLogP method (ASN 37) : 8.8808
Side Chain Topographical Entropy from corr. pLogP method (ALA 38) : -0.0000
Side Chain Topographical Entropy from corr. pLogP method (GLU 39) : 18.3884
Side Chain Topographical Entropy from corr. pLogP method (SER 40) : 5.0909
Side Chain Topographical Entropy from corr. pLogP method (ARG 41) : 0.7890
Side Chain Topographical Entropy from corr. pLogP method (TYR 42) : -0.0000
Side Chain Topographical Entropy from corr. pLogP method (VAL 43) : 2.2473
Side Chain Topographical Entropy from corr. pLogP method (LEU 44) : 0.3309
Side Chain Topographical Entropy from corr. pLogP method (THR 45) : 0.5768
Side Chain Topographical Entropy from corr. pLogP method (GLY 46) : -0.0000
Side Chain Topographical Entropy from corr. pLogP method (ARG 47) : 0.1936
Side Chain Topographical Entropy from corr. pLogP method (TYR 48) : 4.5812
Side Chain Topographical Entropy from corr. pLogP method (ASP 49) : 0.4073
Side Chain Topographical Entropy from corr. pLogP method (SER 50) : 1.2852
Side Chain Topographical Entropy from corr. pLogP method (ALA 51) : -0.0000
Side Chain Topographical Entropy from corr. pLogP method (PRO 52) : 9.2160
Side Chain Topographical Entropy from corr. pLogP method (ALA 53) : -0.0000
Side Chain Topographical Entropy from corr. pLogP method (THR 54) : 8.0809
Side Chain Topographical Entropy from corr. pLogP method (ASP 55) : 13.3329
Side Chain Topographical Entropy from corr. pLogP method (GLY 56) : -0.0000
Side Chain Topographical Entropy from corr. pLogP method (SER 57) : 3.0062
Side Chain Topographical Entropy from corr. pLogP method (GLY 58) : -0.0000
Side Chain Topographical Entropy from corr. pLogP method (THR 59) : -0.0000
Side Chain Topographical Entropy from corr. pLogP method (ALA 60) : -0.0000
Side Chain Topographical Entropy from corr. pLogP method (LEU 61) : 8.2979
Side Chain Topographical Entropy from corr. pLogP method (GLY 62) : -0.0000
Side Chain Topographical Entropy from corr. pLogP method (TRP 63) : 0.0358
Side Chain Topographical Entropy from corr. pLogP method (THR 64) : 0.4656
Side Chain Topographical Entropy from corr. pLogP method (VAL 65) : 0.0358
Side Chain Topographical Entropy from corr. pLogP method (ALA 66) : -0.0000
Side Chain Topographical Entropy from corr. pLogP method (TRP 67) : -0.0000
Side Chain Topographical Entropy from corr. pLogP method (LYS 68) : 11.4348
Side Chain Topographical Entropy from corr. pLogP method (ASN 69) : 5.6764
Side Chain Topographical Entropy from corr. pLogP method (ASN 70) : 13.3270
Side Chain Topographical Entropy from corr. pLogP method (TYR 71) : 5.7661
Side Chain Topographical Entropy from corr. pLogP method (ARG 72) : 13.1300
Side Chain Topographical Entropy from corr. pLogP method (ASN 73) : 6.2964
Side Chain Topographical Entropy from corr. pLogP method (ALA 74) : -0.0000
Side Chain Topographical Entropy from corr. pLogP method (HID 75) : 1.5004
Side Chain Topographical Entropy from corr. pLogP method (SER 76) : 3.9677
Side Chain Topographical Entropy from corr. pLogP method (ALA 77) : -0.0000
Side Chain Topographical Entropy from corr. pLogP method (THR 78) : -0.0000
Side Chain Topographical Entropy from corr. pLogP method (THR 79) : 0.2633
Side Chain Topographical Entropy from corr. pLogP method (TRP 80) : 1.9213
Side Chain Topographical Entropy from corr. pLogP method (SER 81) : 0.0936
Side Chain Topographical Entropy from corr. pLogP method (GLY 82) : -0.0000
Side Chain Topographical Entropy from corr. pLogP method (GLN 83) : 9.4418
Side Chain Topographical Entropy from corr. pLogP method (TYR 84) : -0.0000
Side Chain Topographical Entropy from corr. pLogP method (VAL 85) : 0.3874
Side Chain Topographical Entropy from corr. pLogP method (GLY 86) : -0.0000
Side Chain Topographical Entropy from corr. pLogP method (GLY 87) : -0.0000
Side Chain Topographical Entropy from corr. pLogP method (ALA 88) : -0.0000
Side Chain Topographical Entropy from corr. pLogP method (GLU 89) : 19.5709
Side Chain Topographical Entropy from corr. pLogP method (ALA 90) : -0.0000
Side Chain Topographical Entropy from corr. pLogP method (ARG 91) : 2.8063
Side Chain Topographical Entropy from corr. pLogP method (ILE 92) : 0.4919
Side Chain Topographical Entropy from corr. pLogP method (ASN 93) : 3.3322
Side Chain Topographical Entropy from corr. pLogP method (THR 94) : -0.0000
Side Chain Topographical Entropy from corr. pLogP method (GLN 95) : 10.1203
Side Chain Topographical Entropy from corr. pLogP method (TRP 96) : 0.9104
Side Chain Topographical Entropy from corr. pLogP method (LEU 97) : 0.1015
Side Chain Topographical Entropy from corr. pLogP method (LEU 98) : 0.1698
Side Chain Topographical Entropy from corr. pLogP method (THR 99) : -0.0000
Side Chain Topographical Entropy from corr. pLogP method (SER 100) : 7.6291
Side Chain Topographical Entropy from corr. pLogP method (GLY 101) : -0.0000
Side Chain Topographical Entropy from corr. pLogP method (THR 102) : 3.7772
Side Chain Topographical Entropy from corr. pLogP method (THR 103) : 0.0657
Side Chain Topographical Entropy from corr. pLogP method (GLU 104) : 19.1660
Side Chain Topographical Entropy from corr. pLogP method (ALA 105) : -0.0000
Side Chain Topographical Entropy from corr. pLogP method (ASN 106) : 3.7001
Side Chain Topographical Entropy from corr. pLogP method (ALA 107) : -0.0000
Side Chain Topographical Entropy from corr. pLogP method (TRP 108) : 5.7937
Side Chain Topographical Entropy from corr. pLogP method (LYS 109) : 13.5134
Side Chain Topographical Entropy from corr. pLogP method (SER 110) : 1.5810
Side Chain Topographical Entropy from corr. pLogP method (THR 111) : -0.0000
Side Chain Topographical Entropy from corr. pLogP method (LEU 112) : 0.7820
Side Chain Topographical Entropy from corr. pLogP method (VAL 113) : 0.0358
Side Chain Topographical Entropy from corr. pLogP method (GLY 114) : -0.0000
Side Chain Topographical Entropy from corr. pLogP method (HID 115) : 0.1293
Side Chain Topographical Entropy from corr. pLogP method (ASP 116) : 6.1124
Side Chain Topographical Entropy from corr. pLogP method (THR 117) : 0.0358
Side Chain Topographical Entropy from corr. pLogP method (PHE 118) : -0.0000
Side Chain Topographical Entropy from corr. pLogP method (THR 119) : 0.5220
Side Chain Topographical Entropy from corr. pLogP method (LYS 120) : 8.0052
Side Chain Topographical Entropy from corr. pLogP method (VAL 121) : -0.0000
Side Chain Topographical Entropy from corr. pLogP method (LYS 122) : 23.7337
Side Chain Topographical Entropy from corr. pLogP method (PRO 123) : 13.7091
Side Chain Topographical Entropy from corr. pLogP method (SER 124) : 4.0252
Side Chain Topographical Entropy from corr. pLogP method (ALA 125) : -0.0000
Side Chain Topographical Entropy from corr. pLogP method (ALA 126) : -0.0000
Side Chain Topographical Entropy from corr. pLogP method (CSER 127) : 6.7757
____________________________________________________________
Total SC Topog. Entropy (corr. pLogP)    :         468.515
------------------------------------------------------------
____________________________________________________________
Total BB Topog. Entropy (corr. pLogP)    :          17.702
------------------------------------------------------------
____________________________________________________________
Total Entropy                            :         486.217
------------------------------------------------------------
------------------------------------------------------------
Topographical entropy of residue side chains 
computed using all the dihedrals with correlation/pLogp formalism
------------------------------------------------------------
Side Chain Topographical Entropy from corr. pLogP method (NALA 1) : -0.0000
Side Chain Topographical Entropy from corr. pLogP method (GLU 2) : 19.8303
Side Chain Topographical Entropy from corr. pLogP method (ALA 3) : -0.0000
Side Chain Topographical Entropy from corr. pLogP method (GLY 4) : -0.0000
Side Chain Topographical Entropy from corr. pLogP method (ILE 5) : 1.7255
Side Chain Topographical Entropy from corr. pLogP method (THR 6) : -0.0000
Side Chain Topographical Entropy from corr. pLogP method (GLY 7) : -0.0000
Side Chain Topographical Entropy from corr. pLogP method (THR 8) : 4.6010
Side Chain Topographical Entropy from corr. pLogP method (TRP 9) : -0.0000
Side Chain Topographical Entropy from corr. pLogP method (TYR 10) : 4.6023
Side Chain Topographical Entropy from corr. pLogP method (ALA 11) : -0.0000
Side Chain Topographical Entropy from corr. pLogP method (GLN 12) : 19.6425
Side Chain Topographical Entropy from corr. pLogP method (LEU 13) : 7.7520
Side Chain Topographical Entropy from corr. pLogP method (GLY 14) : -0.0000
Side Chain Topographical Entropy from corr. pLogP method (SER 15) : 5.2462
Side Chain Topographical Entropy from corr. pLogP method (THR 16) : 4.5331
Side Chain Topographical Entropy from corr. pLogP method (PHE 17) : 13.7706
Side Chain Topographical Entropy from corr. pLogP method (ILE 18) : 6.7981
Side Chain Topographical Entropy from corr. pLogP method (VAL 19) : 7.3539
Side Chain Topographical Entropy from corr. pLogP method (THR 20) : 5.4582
Side Chain Topographical Entropy from corr. pLogP method (ALA 21) : -0.0000
Side Chain Topographical Entropy from corr. pLogP method (GLY 22) : -0.0000
Side Chain Topographical Entropy from corr. pLogP method (ALA 23) : -0.0000
Side Chain Topographical Entropy from corr. pLogP method (ASP 24) : 14.5638
Side Chain Topographical Entropy from corr. pLogP method (GLY 25) : -0.0000
Side Chain Topographical Entropy from corr. pLogP method (ALA 26) : -0.0000
Side Chain Topographical Entropy from corr. pLogP method (LEU 27) : 8.8588
Side Chain Topographical Entropy from corr. pLogP method (THR 28) : 6.1325
Side Chain Topographical Entropy from corr. pLogP method (GLY 29) : -0.0000
Side Chain Topographical Entropy from corr. pLogP method (THR 30) : 8.4862
Side Chain Topographical Entropy from corr. pLogP method (TYR 31) : 6.3651
Side Chain Topographical Entropy from corr. pLogP method (GLU 32) : 18.3706
Side Chain Topographical Entropy from corr. pLogP method (SER 33) : 8.6709
Side Chain Topographical Entropy from corr. pLogP method (ALA 34) : -0.0000
Side Chain Topographical Entropy from corr. pLogP method (VAL 35) : 8.0239
Side Chain Topographical Entropy from corr. pLogP method (GLY 36) : -0.0000
Side Chain Topographical Entropy from corr. pLogP method (ASN 37) : 13.3578
Side Chain Topographical Entropy from corr. pLogP method (ALA 38) : -0.0000
Side Chain Topographical Entropy from corr. pLogP method (GLU 39) : 21.8513
Side Chain Topographical Entropy from corr. pLogP method (SER 40) : 3.7630
Side Chain Topographical Entropy from corr. pLogP method (ARG 41) : 10.3161
Side Chain Topographical Entropy from corr. pLogP method (TYR 42) : 0.0358
Side Chain Topographical Entropy from corr. pLogP method (VAL 43) : 0.6482
Side Chain Topographical Entropy from corr. pLogP method (LEU 44) : 1.4702
Side Chain Topographical Entropy from corr. pLogP method (THR 45) : 5.6990
Side Chain Topographical Entropy from corr. pLogP method (GLY 46) : -0.0000
Side Chain Topographical Entropy from corr. pLogP method (ARG 47) : 12.0573
Side Chain Topographical Entropy from corr. pLogP method (TYR 48) : 2.8571
Side Chain Topographical Entropy from corr. pLogP method (ASP 49) : 0.5947
Side Chain Topographical Entropy from corr. pLogP method (SER 50) : 0.6929
Side Chain Topographical Entropy from corr. pLogP method (ALA 51) : -0.0000
Side Chain Topographical Entropy from corr. pLogP method (PRO 52) : 8.3068
Side Chain Topographical Entropy from corr. pLogP method (ALA 53) : -0.0000
Side Chain Topographical Entropy from corr. pLogP method (THR 54) : 4.9954
Side Chain Topographical Entropy from corr. pLogP method (ASP 55) : 8.8537
Side Chain Topographical Entropy from corr. pLogP method (GLY 56) : -0.0000
Side Chain Topographical Entropy from corr. pLogP method (SER 57) : 1.7333
Side Chain Topographical Entropy from corr. pLogP method (GLY 58) : -0.0000
Side Chain Topographical Entropy from corr. pLogP method (THR 59) : -0.0000
Side Chain Topographical Entropy from corr. pLogP method (ALA 60) : -0.0000
Side Chain Topographical Entropy from corr. pLogP method (LEU 61) : 3.9539
Side Chain Topographical Entropy from corr. pLogP method (GLY 62) : -0.0000
Side Chain Topographical Entropy from corr. pLogP method (TRP 63) : -0.0000
Side Chain Topographical Entropy from corr. pLogP method (THR 64) : 1.7232
Side Chain Topographical Entropy from corr. pLogP method (VAL 65) : -0.0000
Side Chain Topographical Entropy from corr. pLogP method (ALA 66) : -0.0000
Side Chain Topographical Entropy from corr. pLogP method (TRP 67) : -0.0000
Side Chain Topographical Entropy from corr. pLogP method (LYS 68) : 13.9491
Side Chain Topographical Entropy from corr. pLogP method (ASN 69) : 5.7589
Side Chain Topographical Entropy from corr. pLogP method (ASN 70) : 13.8826
Side Chain Topographical Entropy from corr. pLogP method (TYR 71) : 8.0796
Side Chain Topographical Entropy from corr. pLogP method (ARG 72) : 16.1595
Side Chain Topographical Entropy from corr. pLogP method (ASN 73) : 0.1593
Side Chain Topographical Entropy from corr. pLogP method (ALA 74) : -0.0000
Side Chain Topographical Entropy from corr. pLogP method (HID 75) : 0.2825
Side Chain Topographical Entropy from corr. pLogP method (SER 76) : 6.1908
Side Chain Topographical Entropy from corr. pLogP method (ALA 77) : -0.0000
Side Chain Topographical Entropy from corr. pLogP method (THR 78) : -0.0000
Side Chain Topographical Entropy from corr. pLogP method (THR 79) : 0.3150
Side Chain Topographical Entropy from corr. pLogP method (TRP 80) : 1.9439
Side Chain Topographical Entropy from corr. pLogP method (SER 81) : 0.0657
Side Chain Topographical Entropy from corr. pLogP method (GLY 82) : -0.0000
Side Chain Topographical Entropy from corr. pLogP method (GLN 83) : 4.2102
Side Chain Topographical Entropy from corr. pLogP method (TYR 84) : -0.0000
Side Chain Topographical Entropy from corr. pLogP method (VAL 85) : 0.8313
Side Chain Topographical Entropy from corr. pLogP method (GLY 86) : -0.0000
Side Chain Topographical Entropy from corr. pLogP method (GLY 87) : -0.0000
Side Chain Topographical Entropy from corr. pLogP method (ALA 88) : -0.0000
Side Chain Topographical Entropy from corr. pLogP method (GLU 89) : 20.0476
Side Chain Topographical Entropy from corr. pLogP method (ALA 90) : -0.0000
Side Chain Topographical Entropy from corr. pLogP method (ARG 91) : 7.8576
Side Chain Topographical Entropy from corr. pLogP method (ILE 92) : 0.8330
Side Chain Topographical Entropy from corr. pLogP method (ASN 93) : 1.7675
Side Chain Topographical Entropy from corr. pLogP method (THR 94) : 0.0657
Side Chain Topographical Entropy from corr. pLogP method (GLN 95) : 12.5622
Side Chain Topographical Entropy from corr. pLogP method (TRP 96) : 1.1776
Side Chain Topographical Entropy from corr. pLogP method (LEU 97) : 0.1730
Side Chain Topographical Entropy from corr. pLogP method (LEU 98) : 3.0499
Side Chain Topographical Entropy from corr. pLogP method (THR 99) : -0.0000
Side Chain Topographical Entropy from corr. pLogP method (SER 100) : 7.3828
Side Chain Topographical Entropy from corr. pLogP method (GLY 101) : -0.0000
Side Chain Topographical Entropy from corr. pLogP method (THR 102) : -0.0000
Side Chain Topographical Entropy from corr. pLogP method (THR 103) : -0.0000
Side Chain Topographical Entropy from corr. pLogP method (GLU 104) : 23.4180
Side Chain Topographical Entropy from corr. pLogP method (ALA 105) : -0.0000
Side Chain Topographical Entropy from corr. pLogP method (ASN 106) : 2.9593
Side Chain Topographical Entropy from corr. pLogP method (ALA 107) : -0.0000
Side Chain Topographical Entropy from corr. pLogP method (TRP 108) : 5.7436
Side Chain Topographical Entropy from corr. pLogP method (LYS 109) : 11.0031
Side Chain Topographical Entropy from corr. pLogP method (SER 110) : 3.1920
Side Chain Topographical Entropy from corr. pLogP method (THR 111) : 0.0358
Side Chain Topographical Entropy from corr. pLogP method (LEU 112) : 1.3511
Side Chain Topographical Entropy from corr. pLogP method (VAL 113) : -0.0000
Side Chain Topographical Entropy from corr. pLogP method (GLY 114) : -0.0000
Side Chain Topographical Entropy from corr. pLogP method (HID 115) : -0.0000
Side Chain Topographical Entropy from corr. pLogP method (ASP 116) : 6.8903
Side Chain Topographical Entropy from corr. pLogP method (THR 117) : -0.0000
Side Chain Topographical Entropy from corr. pLogP method (PHE 118) : 0.1810
Side Chain Topographical Entropy from corr. pLogP method (THR 119) : 5.2669
Side Chain Topographical Entropy from corr. pLogP method (LYS 120) : 10.6535
Side Chain Topographical Entropy from corr. pLogP method (VAL 121) : 6.1952
Side Chain Topographical Entropy from corr. pLogP method (LYS 122) : 24.1502
Side Chain Topographical Entropy from corr. pLogP method (PRO 123) : 15.0438
Side Chain Topographical Entropy from corr. pLogP method (SER 124) : 4.9781
Side Chain Topographical Entropy from corr. pLogP method (ALA 125) : -0.0000
Side Chain Topographical Entropy from corr. pLogP method (ALA 126) : -0.0000
Side Chain Topographical Entropy from corr. pLogP method (CSER 127) : 4.5378
____________________________________________________________
Total SC Topog. Entropy (corr. pLogP)    :         536.040
------------------------------------------------------------
____________________________________________________________
Total BB Topog. Entropy (corr. pLogP)    :          19.684
------------------------------------------------------------
____________________________________________________________
Total Entropy                            :         555.724
------------------------------------------------------------
------------------------------------------------------------
Topographical entropy of residue side chains 
computed using all the dihedrals with correlation/pLogp formalism
------------------------------------------------------------
Side Chain Topographical Entropy from corr. pLogP method (NALA 1) : -0.0000
Side Chain Topographical Entropy from corr. pLogP method (GLU 2) : 21.0569
Side Chain Topographical Entropy from corr. pLogP method (ALA 3) : -0.0000
Side Chain Topographical Entropy from corr. pLogP method (GLY 4) : -0.0000
Side Chain Topographical Entropy from corr. pLogP method (ILE 5) : 14.1738
Side Chain Topographical Entropy from corr. pLogP method (THR 6) : -0.0000
Side Chain Topographical Entropy from corr. pLogP method (GLY 7) : -0.0000
Side Chain Topographical Entropy from corr. pLogP method (THR 8) : 2.3782
Side Chain Topographical Entropy from corr. pLogP method (TRP 9) : -0.0000
Side Chain Topographical Entropy from corr. pLogP method (TYR 10) : 5.7954
Side Chain Topographical Entropy from corr. pLogP method (ALA 11) : -0.0000
Side Chain Topographical Entropy from corr. pLogP method (GLN 12) : 19.8834
Side Chain Topographical Entropy from corr. pLogP method (LEU 13) : 6.3905
Side Chain Topographical Entropy from corr. pLogP method (GLY 14) : -0.0000
Side Chain Topographical Entropy from corr. pLogP method (SER 15) : 2.0343
Side Chain Topographical Entropy from corr. pLogP method (THR 16) : 0.0358
Side Chain Topographical Entropy from corr. pLogP method (PHE 17) : 9.0267
Side Chain Topographical Entropy from corr. pLogP method (ILE 18) : 4.1049
Side Chain Topographical Entropy from corr. pLogP method (VAL 19) : 7.1429
Side Chain Topographical Entropy from corr. pLogP method (THR 20) : 4.6230
Side Chain Topographical Entropy from corr. pLogP method (ALA 21) : -0.0000
Side Chain Topographical Entropy from corr. pLogP method (GLY 22) : -0.0000
Side Chain Topographical Entropy from corr. pLogP method (ALA 23) : -0.0000
Side Chain Topographical Entropy from corr. pLogP method (ASP 24) : 16.6333
Side Chain Topographical Entropy from corr. pLogP method (GLY 25) : -0.0000
Side Chain Topographical Entropy from corr. pLogP method (ALA 26) : -0.0000
Side Chain Topographical Entropy from corr. pLogP method (LEU 27) : 6.7131
Side Chain Topographical Entropy from corr. pLogP method (THR 28) : 5.9533
Side Chain Topographical Entropy from corr. pLogP method (GLY 29) : -0.0000
Side Chain Topographical Entropy from corr. pLogP method (THR 30) : -0.0000
Side Chain Topographical Entropy from corr. pLogP method (TYR 31) : 7.6999
Side Chain Topographical Entropy from corr. pLogP method (GLU 32) : 7.3613
Side Chain Topographical Entropy from corr. pLogP method (SER 33) : 7.7247
Side Chain Topographical Entropy from corr. pLogP method (ALA 34) : -0.0000
Side Chain Topographical Entropy from corr. pLogP method (VAL 35) : 4.9580
Side Chain Topographical Entropy from corr. pLogP method (GLY 36) : -0.0000
Side Chain Topographical Entropy from corr. pLogP method (ASN 37) : 8.3506
Side Chain Topographical Entropy from corr. pLogP method (ALA 38) : -0.0000
Side Chain Topographical Entropy from corr. pLogP method (GLU 39) : 19.7368
Side Chain Topographical Entropy from corr. pLogP method (SER 40) : 7.1761
Side Chain Topographical Entropy from corr. pLogP method (ARG 41) : 0.5486
Side Chain Topographical Entropy from corr. pLogP method (TYR 42) : -0.0000
Side Chain Topographical Entropy from corr. pLogP method (VAL 43) : 0.1936
Side Chain Topographical Entropy from corr. pLogP method (LEU 44) : 0.0657
Side Chain Topographical Entropy from corr. pLogP method (THR 45) : 5.7386
Side Chain Topographical Entropy from corr. pLogP method (GLY 46) : -0.0000
Side Chain Topographical Entropy from corr. pLogP method (ARG 47) : 0.2294
Side Chain Topographical Entropy from corr. pLogP method (TYR 48) : 8.1598
Side Chain Topographical Entropy from corr. pLogP method (ASP 49) : 3.9653
Side Chain Topographical Entropy from corr. pLogP method (SER 50) : 3.2222
Side Chain Topographical Entropy from corr. pLogP method (ALA 51) : -0.0000
Side Chain Topographical Entropy from corr. pLogP method (PRO 52) : 11.9884
Side Chain Topographical Entropy from corr. pLogP method (ALA 53) : -0.0000
Side Chain Topographical Entropy from corr. pLogP method (THR 54) : 6.7250
Side Chain Topographical Entropy from corr. pLogP method (ASP 55) : 8.0540
Side Chain Topographical Entropy from corr. pLogP method (GLY 56) : -0.0000
Side Chain Topographical Entropy from corr. pLogP method (SER 57) : 5.5379
Side Chain Topographical Entropy from corr. pLogP method (GLY 58) : -0.0000
Side Chain Topographical Entropy from corr. pLogP method (THR 59) : 0.9720
Side Chain Topographical Entropy from corr. pLogP method (ALA 60) : -0.0000
Side Chain Topographical Entropy from corr. pLogP method (LEU 61) : 3.0660
Side Chain Topographical Entropy from corr. pLogP method (GLY 62) : -0.0000
Side Chain Topographical Entropy from corr. pLogP method (TRP 63) : -0.0000
Side Chain Topographical Entropy from corr. pLogP method (THR 64) : 2.8398
Side Chain Topographical Entropy from corr. pLogP method (VAL 65) : -0.0000
Side Chain Topographical Entropy from corr. pLogP method (ALA 66) : -0.0000
Side Chain Topographical Entropy from corr. pLogP method (TRP 67) : -0.0000
Side Chain Topographical Entropy from corr. pLogP method (LYS 68) : 12.2496
Side Chain Topographical Entropy from corr. pLogP method (ASN 69) : 5.5005
Side Chain Topographical Entropy from corr. pLogP method (ASN 70) : 13.2263
Side Chain Topographical Entropy from corr. pLogP method (TYR 71) : 4.7801
Side Chain Topographical Entropy from corr. pLogP method (ARG 72) : 12.4846
Side Chain Topographical Entropy from corr. pLogP method (ASN 73) : 0.1698
Side Chain Topographical Entropy from corr. pLogP method (ALA 74) : -0.0000
Side Chain Topographical Entropy from corr. pLogP method (HID 75) : 0.2617
Side Chain Topographical Entropy from corr. pLogP method (SER 76) : 2.7336
Side Chain Topographical Entropy from corr. pLogP method (ALA 77) : -0.0000
Side Chain Topographical Entropy from corr. pLogP method (THR 78) : -0.0000
Side Chain Topographical Entropy from corr. pLogP method (THR 79) : 1.0173
Side Chain Topographical Entropy from corr. pLogP method (TRP 80) : 2.0438
Side Chain Topographical Entropy from corr. pLogP method (SER 81) : 0.2168
Side Chain Topographical Entropy from corr. pLogP method (GLY 82) : -0.0000
Side Chain Topographical Entropy from corr. pLogP method (GLN 83) : 10.3789
Side Chain Topographical Entropy from corr. pLogP method (TYR 84) : 0.2395
Side Chain Topographical Entropy from corr. pLogP method (VAL 85) : 1.8074
Side Chain Topographical Entropy from corr. pLogP method (GLY 86) : -0.0000
Side Chain Topographical Entropy from corr. pLogP method (GLY 87) : -0.0000
Side Chain Topographical Entropy from corr. pLogP method (ALA 88) : -0.0000
Side Chain Topographical Entropy from corr. pLogP method (GLU 89) : 21.3107
Side Chain Topographical Entropy from corr. pLogP method (ALA 90) : -0.0000
Side Chain Topographical Entropy from corr. pLogP method (ARG 91) : 8.9655
Side Chain Topographical Entropy from corr. pLogP method (ILE 92) : 1.4445
Side Chain Topographical Entropy from corr. pLogP method (ASN 93) : 7.6688
Side Chain Topographical Entropy from corr. pLogP method (THR 94) : 0.0657
Side Chain Topographical Entropy from corr. pLogP method (GLN 95) : 9.9089
Side Chain Topographical Entropy from corr. pLogP method (TRP 96) : 0.5405
Side Chain Topographical Entropy from corr. pLogP method (LEU 97) : -0.0000
Side Chain Topographical Entropy from corr. pLogP method (LEU 98) : 1.8155
Side Chain Topographical Entropy from corr. pLogP method (THR 99) : -0.0000
Side Chain Topographical Entropy from corr. pLogP method (SER 100) : 6.9344
Side Chain Topographical Entropy from corr. pLogP method (GLY 101) : -0.0000
Side Chain Topographical Entropy from corr. pLogP method (THR 102) : 1.5638
Side Chain Topographical Entropy from corr. pLogP method (THR 103) : -0.0000
Side Chain Topographical Entropy from corr. pLogP method (GLU 104) : 22.4390
Side Chain Topographical Entropy from corr. pLogP method (ALA 105) : -0.0000
Side Chain Topographical Entropy from corr. pLogP method (ASN 106) : 3.4275
Side Chain Topographical Entropy from corr. pLogP method (ALA 107) : -0.0000
Side Chain Topographical Entropy from corr. pLogP method (TRP 108) : 5.8556
Side Chain Topographical Entropy from corr. pLogP method (LYS 109) : 12.1962
Side Chain Topographical Entropy from corr. pLogP method (SER 110) : 1.1854
Side Chain Topographical Entropy from corr. pLogP method (THR 111) : 0.0358
Side Chain Topographical Entropy from corr. pLogP method (LEU 112) : 1.3652
Side Chain Topographical Entropy from corr. pLogP method (VAL 113) : -0.0000
Side Chain Topographical Entropy from corr. pLogP method (GLY 114) : -0.0000
Side Chain Topographical Entropy from corr. pLogP method (HID 115) : 4.3334
Side Chain Topographical Entropy from corr. pLogP method (ASP 116) : 10.0672
Side Chain Topographical Entropy from corr. pLogP method (THR 117) : 0.5313
Side Chain Topographical Entropy from corr. pLogP method (PHE 118) : 0.1200
Side Chain Topographical Entropy from corr. pLogP method (THR 119) : 5.5691
Side Chain Topographical Entropy from corr. pLogP method (LYS 120) : 9.0899
Side Chain Topographical Entropy from corr. pLogP method (VAL 121) : 0.0358
Side Chain Topographical Entropy from corr. pLogP method (LYS 122) : 24.0314
Side Chain Topographical Entropy from corr. pLogP method (PRO 123) : 14.4256
Side Chain Topographical Entropy from corr. pLogP method (SER 124) : 5.4479
Side Chain Topographical Entropy from corr. pLogP method (ALA 125) : -0.0000
Side Chain Topographical Entropy from corr. pLogP method (ALA 126) : -0.0000
Side Chain Topographical Entropy from corr. pLogP method (CSER 127) : 6.4201
____________________________________________________________
Total SC Topog. Entropy (corr. pLogP)    :         504.164
------------------------------------------------------------
____________________________________________________________
Total BB Topog. Entropy (corr. pLogP)    :          23.079
------------------------------------------------------------
____________________________________________________________
Total Entropy                            :         527.242
------------------------------------------------------------
