------------------------------------------------------------
Topographical entropy of residue side chains 
computed using all the dihedrals with correlation/pLogp formalism
------------------------------------------------------------
Side Chain Topographical Entropy from corr. pLogP method (NALA 1) : -0.0000
Side Chain Topographical Entropy from corr. pLogP method (GLU 2) : 21.9956
Side Chain Topographical Entropy from corr. pLogP method (ALA 3) : -0.0000
Side Chain Topographical Entropy from corr. pLogP method (GLY 4) : -0.0000
Side Chain Topographical Entropy from corr. pLogP method (ILE 5) : 1.6263
Side Chain Topographical Entropy from corr. pLogP method (THR 6) : -0.0000
Side Chain Topographical Entropy from corr. pLogP method (GLY 7) : -0.0000
Side Chain Topographical Entropy from corr. pLogP method (THR 8) : 2.0433
Side Chain Topographical Entropy from corr. pLogP method (TRP 9) : -0.0000
Side Chain Topographical Entropy from corr. pLogP method (TYR 10) : 5.5843
Side Chain Topographical Entropy from corr. pLogP method (ALA 11) : -0.0000
Side Chain Topographical Entropy from corr. pLogP method (GLN 12) : 20.8797
Side Chain Topographical Entropy from corr. pLogP method (LEU 13) : 8.6854
Side Chain Topographical Entropy from corr. pLogP method (GLY 14) : -0.0000
Side Chain Topographical Entropy from corr. pLogP method (SER 15) : 8.8284
Side Chain Topographical Entropy from corr. pLogP method (THR 16) : 3.6502
Side Chain Topographical Entropy from corr. pLogP method (PHE 17) : 0.3193
Side Chain Topographical Entropy from corr. pLogP method (ILE 18) : 9.0676
Side Chain Topographical Entropy from corr. pLogP method (VAL 19) : 0.7161
Side Chain Topographical Entropy from corr. pLogP method (THR 20) : 6.4901
Side Chain Topographical Entropy from corr. pLogP method (ALA 21) : -0.0000
Side Chain Topographical Entropy from corr. pLogP method (GLY 22) : -0.0000
Side Chain Topographical Entropy from corr. pLogP method (ALA 23) : -0.0000
Side Chain Topographical Entropy from corr. pLogP method (ASP 24) : 16.6765
Side Chain Topographical Entropy from corr. pLogP method (GLY 25) : -0.0000
Side Chain Topographical Entropy from corr. pLogP method (ALA 26) : -0.0000
Side Chain Topographical Entropy from corr. pLogP method (LEU 27) : 1.4707
Side Chain Topographical Entropy from corr. pLogP method (THR 28) : -0.0000
Side Chain Topographical Entropy from corr. pLogP method (GLY 29) : -0.0000
Side Chain Topographical Entropy from corr. pLogP method (THR 30) : 3.0013
Side Chain Topographical Entropy from corr. pLogP method (TYR 31) : 3.3948
Side Chain Topographical Entropy from corr. pLogP method (GLU 32) : 15.6323
Side Chain Topographical Entropy from corr. pLogP method (SER 33) : 6.8716
Side Chain Topographical Entropy from corr. pLogP method (ALA 34) : -0.0000
Side Chain Topographical Entropy from corr. pLogP method (VAL 35) : 6.1825
Side Chain Topographical Entropy from corr. pLogP method (GLY 36) : -0.0000
Side Chain Topographical Entropy from corr. pLogP method (ASN 37) : 11.2857
Side Chain Topographical Entropy from corr. pLogP method (ALA 38) : -0.0000
Side Chain Topographical Entropy from corr. pLogP method (GLU 39) : 21.8950
Side Chain Topographical Entropy from corr. pLogP method (SER 40) : 2.7720
Side Chain Topographical Entropy from corr. pLogP method (ARG 41) : 12.1632
Side Chain Topographical Entropy from corr. pLogP method (TYR 42) : 0.3050
Side Chain Topographical Entropy from corr. pLogP method (VAL 43) : 0.9723
Side Chain Topographical Entropy from corr. pLogP method (LEU 44) : 1.1311
Side Chain Topographical Entropy from corr. pLogP method (THR 45) : 4.6704
Side Chain Topographical Entropy from corr. pLogP method (GLY 46) : -0.0000
Side Chain Topographical Entropy from corr. pLogP method (ARG 47) : 0.1698
Side Chain Topographical Entropy from corr. pLogP method (TYR 48) : 2.6563
Side Chain Topographical Entropy from corr. pLogP method (ASP 49) : 0.2168
Side Chain Topographical Entropy from corr. pLogP method (SER 50) : 1.7929
Side Chain Topographical Entropy from corr. pLogP method (ALA 51) : -0.0000
Side Chain Topographical Entropy from corr. pLogP method (PRO 52) : 10.1021
Side Chain Topographical Entropy from corr. pLogP method (ALA 53) : -0.0000
Side Chain Topographical Entropy from corr. pLogP method (THR 54) : 5.0809
Side Chain Topographical Entropy from corr. pLogP method (ASP 55) : 5.4815
Side Chain Topographical Entropy from corr. pLogP method (GLY 56) : -0.0000
Side Chain Topographical Entropy from corr. pLogP method (SER 57) : -0.0000
Side Chain Topographical Entropy from corr. pLogP method (GLY 58) : -0.0000
Side Chain Topographical Entropy from corr. pLogP method (THR 59) : 0.0358
Side Chain Topographical Entropy from corr. pLogP method (ALA 60) : -0.0000
Side Chain Topographical Entropy from corr. pLogP method (LEU 61) : 5.6908
Side Chain Topographical Entropy from corr. pLogP method (GLY 62) : -0.0000
Side Chain Topographical Entropy from corr. pLogP method (TRP 63) : -0.0000
Side Chain Topographical Entropy from corr. pLogP method (THR 64) : 0.9108
Side Chain Topographical Entropy from corr. pLogP method (VAL 65) : -0.0000
Side Chain Topographical Entropy from corr. pLogP method (ALA 66) : -0.0000
Side Chain Topographical Entropy from corr. pLogP method (TRP 67) : 0.0358
Side Chain Topographical Entropy from corr. pLogP method (LYS 68) : 13.2443
Side Chain Topographical Entropy from corr. pLogP method (ASN 69) : 5.3528
Side Chain Topographical Entropy from corr. pLogP method (ASN 70) : 13.3086
Side Chain Topographical Entropy from corr. pLogP method (TYR 71) : 8.3648
Side Chain Topographical Entropy from corr. pLogP method (ARG 72) : 16.6711
Side Chain Topographical Entropy from corr. pLogP method (ASN 73) : 0.5915
Side Chain Topographical Entropy from corr. pLogP method (ALA 74) : -0.0000
Side Chain Topographical Entropy from corr. pLogP method (HID 75) : 1.0766
Side Chain Topographical Entropy from corr. pLogP method (SER 76) : 4.9652
Side Chain Topographical Entropy from corr. pLogP method (ALA 77) : -0.0000
Side Chain Topographical Entropy from corr. pLogP method (THR 78) : -0.0000
Side Chain Topographical Entropy from corr. pLogP method (THR 79) : -0.0000
Side Chain Topographical Entropy from corr. pLogP method (TRP 80) : 1.5386
Side Chain Topographical Entropy from corr. pLogP method (SER 81) : 0.7329
Side Chain Topographical Entropy from corr. pLogP method (GLY 82) : -0.0000
Side Chain Topographical Entropy from corr. pLogP method (GLN 83) : 6.9397
Side Chain Topographical Entropy from corr. pLogP method (TYR 84) : -0.0000
Side Chain Topographical Entropy from corr. pLogP method (VAL 85) : 0.4314
Side Chain Topographical Entropy from corr. pLogP method (GLY 86) : -0.0000
Side Chain Topographical Entropy from corr. pLogP method (GLY 87) : -0.0000
Side Chain Topographical Entropy from corr. pLogP method (ALA 88) : -0.0000
Side Chain Topographical Entropy from corr. pLogP method (GLU 89) : 21.6710
Side Chain Topographical Entropy from corr. pLogP method (ALA 90) : -0.0000
Side Chain Topographical Entropy from corr. pLogP method (ARG 91) : 4.2593
Side Chain Topographical Entropy from corr. pLogP method (ILE 92) : 0.1810
Side Chain Topographical Entropy from corr. pLogP method (ASN 93) : 2.3010
Side Chain Topographical Entropy from corr. pLogP method (THR 94) : 0.0657
Side Chain Topographical Entropy from corr. pLogP method (GLN 95) : 1.9201
Side Chain Topographical Entropy from corr. pLogP method (TRP 96) : 0.8313
Side Chain Topographical Entropy from corr. pLogP method (LEU 97) : -0.0000
Side Chain Topographical Entropy from corr. pLogP method (LEU 98) : 3.8702
Side Chain Topographical Entropy from corr. pLogP method (THR 99) : -0.0000
Side Chain Topographical Entropy from corr. pLogP method (SER 100) : 8.4037
Side Chain Topographical Entropy from corr. pLogP method (GLY 101) : -0.0000
Side Chain Topographical Entropy from corr. pLogP method (THR 102) : 9.1212
Side Chain Topographical Entropy from corr. pLogP method (THR 103) : 1.8526
Side Chain Topographical Entropy from corr. pLogP method (GLU 104) : 20.7246
Side Chain Topographical Entropy from corr. pLogP method (ALA 105) : -0.0000
Side Chain Topographical Entropy from corr. pLogP method (ASN 106) : 4.8747
Side Chain Topographical Entropy from corr. pLogP method (ALA 107) : -0.0000
Side Chain Topographical Entropy from corr. pLogP method (TRP 108) : 5.7939
Side Chain Topographical Entropy from corr. pLogP method (LYS 109) : 7.8687
Side Chain Topographical Entropy from corr. pLogP method (SER 110) : 8.0377
Side Chain Topographical Entropy from corr. pLogP method (THR 111) : 0.0657
Side Chain Topographical Entropy from corr. pLogP method (LEU 112) : 2.9929
Side Chain Topographical Entropy from corr. pLogP method (VAL 113) : -0.0000
Side Chain Topographical Entropy from corr. pLogP method (GLY 114) : -0.0000
Side Chain Topographical Entropy from corr. pLogP method (HID 115) : 0.0358
Side Chain Topographical Entropy from corr. pLogP method (ASP 116) : 7.1269
Side Chain Topographical Entropy from corr. pLogP method (THR 117) : 0.0657
Side Chain Topographical Entropy from corr. pLogP method (PHE 118) : -0.0000
Side Chain Topographical Entropy from corr. pLogP method (THR 119) : 5.7253
Side Chain Topographical Entropy from corr. pLogP method (LYS 120) : 11.4977
Side Chain Topographical Entropy from corr. pLogP method (VAL 121) : 5.4499
Side Chain Topographical Entropy from corr. pLogP method (LYS 122) : 17.6338
Side Chain Topographical Entropy from corr. pLogP method (PRO 123) : 14.5854
Side Chain Topographical Entropy from corr. pLogP method (SER 124) : 8.8200
Side Chain Topographical Entropy from corr. pLogP method (ALA 125) : -0.0000
Side Chain Topographical Entropy from corr. pLogP method (ALA 126) : -0.0000
Side Chain Topographical Entropy from corr. pLogP method (CSER 127) : 2.8871
____________________________________________________________
Total SC Topog. Entropy (corr. pLogP)    :         482.365
------------------------------------------------------------
____________________________________________________________
Total BB Topog. Entropy (corr. pLogP)    :          14.678
------------------------------------------------------------
____________________________________________________________
Total Entropy                            :         497.043
------------------------------------------------------------
------------------------------------------------------------
Topographical entropy of residue side chains 
computed using all the dihedrals with correlation/pLogp formalism
------------------------------------------------------------
Side Chain Topographical Entropy from corr. pLogP method (NALA 1) : -0.0000
Side Chain Topographical Entropy from corr. pLogP method (GLU 2) : 16.4494
Side Chain Topographical Entropy from corr. pLogP method (ALA 3) : -0.0000
Side Chain Topographical Entropy from corr. pLogP method (GLY 4) : -0.0000
Side Chain Topographical Entropy from corr. pLogP method (ILE 5) : 4.1351
Side Chain Topographical Entropy from corr. pLogP method (THR 6) : 1.0173
Side Chain Topographical Entropy from corr. pLogP method (GLY 7) : -0.0000
Side Chain Topographical Entropy from corr. pLogP method (THR 8) : 1.5122
Side Chain Topographical Entropy from corr. pLogP method (TRP 9) : 4.1958
Side Chain Topographical Entropy from corr. pLogP method (TYR 10) : 11.7154
Side Chain Topographical Entropy from corr. pLogP method (ALA 11) : -0.0000
Side Chain Topographical Entropy from corr. pLogP method (GLN 12) : 21.9407
Side Chain Topographical Entropy from corr. pLogP method (LEU 13) : 10.4522
Side Chain Topographical Entropy from corr. pLogP method (GLY 14) : -0.0000
Side Chain Topographical Entropy from corr. pLogP method (SER 15) : 8.2434
Side Chain Topographical Entropy from corr. pLogP method (THR 16) : 8.3994
Side Chain Topographical Entropy from corr. pLogP method (PHE 17) : 8.5650
Side Chain Topographical Entropy from corr. pLogP method (ILE 18) : 8.6445
Side Chain Topographical Entropy from corr. pLogP method (VAL 19) : 8.2369
Side Chain Topographical Entropy from corr. pLogP method (THR 20) : 7.5511
Side Chain Topographical Entropy from corr. pLogP method (ALA 21) : -0.0000
Side Chain Topographical Entropy from corr. pLogP method (GLY 22) : -0.0000
Side Chain Topographical Entropy from corr. pLogP method (ALA 23) : -0.0000
Side Chain Topographical Entropy from corr. pLogP method (ASP 24) : 12.1571
Side Chain Topographical Entropy from corr. pLogP method (GLY 25) : -0.0000
Side Chain Topographical Entropy from corr. pLogP method (ALA 26) : -0.0000
Side Chain Topographical Entropy from corr. pLogP method (LEU 27) : 12.4236
Side Chain Topographical Entropy from corr. pLogP method (THR 28) : 4.4897
Side Chain Topographical Entropy from corr. pLogP method (GLY 29) : -0.0000
Side Chain Topographical Entropy from corr. pLogP method (THR 30) : 8.3991
Side Chain Topographical Entropy from corr. pLogP method (TYR 31) : 10.9745
Side Chain Topographical Entropy from corr. pLogP method (GLU 32) : 17.7334
Side Chain Topographical Entropy from corr. pLogP method (SER 33) : 8.7735
Side Chain Topographical Entropy from corr. pLogP method (ALA 34) : -0.0000
Side Chain Topographical Entropy from corr. pLogP method (VAL 35) : 6.7482
Side Chain Topographical Entropy from corr. pLogP method (GLY 36) : -0.0000
Side Chain Topographical Entropy from corr. pLogP method (ASN 37) : 14.2642
Side Chain Topographical Entropy from corr. pLogP method (ALA 38) : -0.0000
Side Chain Topographical Entropy from corr. pLogP method (GLU 39) : 22.4036
Side Chain Topographical Entropy from corr. pLogP method (SER 40) : 4.6313
Side Chain Topographical Entropy from corr. pLogP method (ARG 41) : 11.2998
Side Chain Topographical Entropy from corr. pLogP method (TYR 42) : 3.4648
Side Chain Topographical Entropy from corr. pLogP method (VAL 43) : 1.8351
Side Chain Topographical Entropy from corr. pLogP method (LEU 44) : 1.8906
Side Chain Topographical Entropy from corr. pLogP method (THR 45) : 5.6041
Side Chain Topographical Entropy from corr. pLogP method (GLY 46) : -0.0000
Side Chain Topographical Entropy from corr. pLogP method (ARG 47) : 1.8958
Side Chain Topographical Entropy from corr. pLogP method (TYR 48) : 5.9912
Side Chain Topographical Entropy from corr. pLogP method (ASP 49) : 6.2021
Side Chain Topographical Entropy from corr. pLogP method (SER 50) : 0.8700
Side Chain Topographical Entropy from corr. pLogP method (ALA 51) : -0.0000
Side Chain Topographical Entropy from corr. pLogP method (PRO 52) : 12.6367
Side Chain Topographical Entropy from corr. pLogP method (ALA 53) : -0.0000
Side Chain Topographical Entropy from corr. pLogP method (THR 54) : 7.8972
Side Chain Topographical Entropy from corr. pLogP method (ASP 55) : 7.3888
Side Chain Topographical Entropy from corr. pLogP method (GLY 56) : -0.0000
Side Chain Topographical Entropy from corr. pLogP method (SER 57) : 5.7626
Side Chain Topographical Entropy from corr. pLogP method (GLY 58) : -0.0000
Side Chain Topographical Entropy from corr. pLogP method (THR 59) : 0.0358
Side Chain Topographical Entropy from corr. pLogP method (ALA 60) : -0.0000
Side Chain Topographical Entropy from corr. pLogP method (LEU 61) : 7.3571
Side Chain Topographical Entropy from corr. pLogP method (GLY 62) : -0.0000
Side Chain Topographical Entropy from corr. pLogP method (TRP 63) : 2.1268
Side Chain Topographical Entropy from corr. pLogP method (THR 64) : 2.8944
Side Chain Topographical Entropy from corr. pLogP method (VAL 65) : 1.2337
Side Chain Topographical Entropy from corr. pLogP method (ALA 66) : -0.0000
Side Chain Topographical Entropy from corr. pLogP method (TRP 67) : 6.5190
Side Chain Topographical Entropy from corr. pLogP method (LYS 68) : 17.0471
Side Chain Topographical Entropy from corr. pLogP method (ASN 69) : 8.2298
Side Chain Topographical Entropy from corr. pLogP method (ASN 70) : 13.3619
Side Chain Topographical Entropy from corr. pLogP method (TYR 71) : 9.0282
Side Chain Topographical Entropy from corr. pLogP method (ARG 72) : 16.5675
Side Chain Topographical Entropy from corr. pLogP method (ASN 73) : 2.3243
Side Chain Topographical Entropy from corr. pLogP method (ALA 74) : -0.0000
Side Chain Topographical Entropy from corr. pLogP method (HID 75) : 4.6098
Side Chain Topographical Entropy from corr. pLogP method (SER 76) : 6.2424
Side Chain Topographical Entropy from corr. pLogP method (ALA 77) : -0.0000
Side Chain Topographical Entropy from corr. pLogP method (THR 78) : 0.6779
Side Chain Topographical Entropy from corr. pLogP method (THR 79) : 8.7810
Side Chain Topographical Entropy from corr. pLogP method (TRP 80) : 4.9214
Side Chain Topographical Entropy from corr. pLogP method (SER 81) : 7.5372
Side Chain Topographical Entropy from corr. pLogP method (GLY 82) : -0.0000
Side Chain Topographical Entropy from corr. pLogP method (GLN 83) : 14.7969
Side Chain Topographical Entropy from corr. pLogP method (TYR 84) : 0.9813
Side Chain Topographical Entropy from corr. pLogP method (VAL 85) : 4.3242
Side Chain Topographical Entropy from corr. pLogP method (GLY 86) : -0.0000
Side Chain Topographical Entropy from corr. pLogP method (GLY 87) : -0.0000
Side Chain Topographical Entropy from corr. pLogP method (ALA 88) : -0.0000
Side Chain Topographical Entropy from corr. pLogP method (GLU 89) : 21.7080
Side Chain Topographical Entropy from corr. pLogP method (ALA 90) : -0.0000
Side Chain Topographical Entropy from corr. pLogP method (ARG 91) : 16.5497
Side Chain Topographical Entropy from corr. pLogP method (ILE 92) : 3.0075
Side Chain Topographical Entropy from corr. pLogP method (ASN 93) : 11.4971
Side Chain Topographical Entropy from corr. pLogP method (THR 94) : 2.0906
Side Chain Topographical Entropy from corr. pLogP method (GLN 95) : 14.0125
Side Chain Topographical Entropy from corr. pLogP method (TRP 96) : 8.1066
Side Chain Topographical Entropy from corr. pLogP method (LEU 97) : 4.7144
Side Chain Topographical Entropy from corr. pLogP method (LEU 98) : 3.4971
Side Chain Topographical Entropy from corr. pLogP method (THR 99) : 2.1834
Side Chain Topographical Entropy from corr. pLogP method (SER 100) : 8.1619
Side Chain Topographical Entropy from corr. pLogP method (GLY 101) : -0.0000
Side Chain Topographical Entropy from corr. pLogP method (THR 102) : 3.3609
Side Chain Topographical Entropy from corr. pLogP method (THR 103) : 5.2900
Side Chain Topographical Entropy from corr. pLogP method (GLU 104) : 22.3405
Side Chain Topographical Entropy from corr. pLogP method (ALA 105) : -0.0000
Side Chain Topographical Entropy from corr. pLogP method (ASN 106) : 5.6281
Side Chain Topographical Entropy from corr. pLogP method (ALA 107) : -0.0000
Side Chain Topographical Entropy from corr. pLogP method (TRP 108) : 6.0409
Side Chain Topographical Entropy from corr. pLogP method (LYS 109) : 13.0472
Side Chain Topographical Entropy from corr. pLogP method (SER 110) : 5.6192
Side Chain Topographical Entropy from corr. pLogP method (THR 111) : 1.4095
Side Chain Topographical Entropy from corr. pLogP method (LEU 112) : 4.0988
Side Chain Topographical Entropy from corr. pLogP method (VAL 113) : 1.7743
Side Chain Topographical Entropy from corr. pLogP method (GLY 114) : -0.0000
Side Chain Topographical Entropy from corr. pLogP method (HID 115) : 3.6444
Side Chain Topographical Entropy from corr. pLogP method (ASP 116) : 8.6930
Side Chain Topographical Entropy from corr. pLogP method (THR 117) : 5.3334
Side Chain Topographical Entropy from corr. pLogP method (PHE 118) : 7.1054
Side Chain Topographical Entropy from corr. pLogP method (THR 119) : 6.1003
Side Chain Topographical Entropy from corr. pLogP method (LYS 120) : 14.2542
Side Chain Topographical Entropy from corr. pLogP method (VAL 121) : 5.0498
Side Chain Topographical Entropy from corr. pLogP method (LYS 122) : 19.2367
Side Chain Topographical Entropy from corr. pLogP method (PRO 123) : 16.3855
Side Chain Topographical Entropy from corr. pLogP method (SER 124) : 8.2831
Side Chain Topographical Entropy from corr. pLogP method (ALA 125) : -0.0000
Side Chain Topographical Entropy from corr. pLogP method (ALA 126) : -0.0000
Side Chain Topographical Entropy from corr. pLogP method (CSER 127) : 5.1369
____________________________________________________________
Total SC Topog. Entropy (corr. pLogP)    :         719.754
------------------------------------------------------------
____________________________________________________________
Total BB Topog. Entropy (corr. pLogP)    :          48.478
------------------------------------------------------------
____________________________________________________________
Total Entropy                            :         768.233
------------------------------------------------------------
------------------------------------------------------------
Topographical entropy of residue side chains 
computed using all the dihedrals with correlation/pLogp formalism
------------------------------------------------------------
Side Chain Topographical Entropy from corr. pLogP method (NALA 1) : -0.0000
Side Chain Topographical Entropy from corr. pLogP method (GLU 2) : 21.3573
Side Chain Topographical Entropy from corr. pLogP method (ALA 3) : -0.0000
Side Chain Topographical Entropy from corr. pLogP method (GLY 4) : -0.0000
Side Chain Topographical Entropy from corr. pLogP method (ILE 5) : 4.5366
Side Chain Topographical Entropy from corr. pLogP method (THR 6) : 0.8948
Side Chain Topographical Entropy from corr. pLogP method (GLY 7) : -0.0000
Side Chain Topographical Entropy from corr. pLogP method (THR 8) : 0.1936
Side Chain Topographical Entropy from corr. pLogP method (TRP 9) : -0.0000
Side Chain Topographical Entropy from corr. pLogP method (TYR 10) : 5.2669
Side Chain Topographical Entropy from corr. pLogP method (ALA 11) : -0.0000
Side Chain Topographical Entropy from corr. pLogP method (GLN 12) : 21.7353
Side Chain Topographical Entropy from corr. pLogP method (LEU 13) : 7.9958
Side Chain Topographical Entropy from corr. pLogP method (GLY 14) : -0.0000
Side Chain Topographical Entropy from corr. pLogP method (SER 15) : 6.8163
Side Chain Topographical Entropy from corr. pLogP method (THR 16) : 3.3710
Side Chain Topographical Entropy from corr. pLogP method (PHE 17) : 0.1200
Side Chain Topographical Entropy from corr. pLogP method (ILE 18) : 5.2071
Side Chain Topographical Entropy from corr. pLogP method (VAL 19) : 5.9428
Side Chain Topographical Entropy from corr. pLogP method (THR 20) : 5.8688
Side Chain Topographical Entropy from corr. pLogP method (ALA 21) : -0.0000
Side Chain Topographical Entropy from corr. pLogP method (GLY 22) : -0.0000
Side Chain Topographical Entropy from corr. pLogP method (ALA 23) : -0.0000
Side Chain Topographical Entropy from corr. pLogP method (ASP 24) : 15.7777
Side Chain Topographical Entropy from corr. pLogP method (GLY 25) : -0.0000
Side Chain Topographical Entropy from corr. pLogP method (ALA 26) : -0.0000
Side Chain Topographical Entropy from corr. pLogP method (LEU 27) : 11.0937
Side Chain Topographical Entropy from corr. pLogP method (THR 28) : 6.8069
Side Chain Topographical Entropy from corr. pLogP method (GLY 29) : -0.0000
Side Chain Topographical Entropy from corr. pLogP method (THR 30) : 9.1191
Side Chain Topographical Entropy from corr. pLogP method (TYR 31) : 2.8533
Side Chain Topographical Entropy from corr. pLogP method (GLU 32) : 14.1735
Side Chain Topographical Entropy from corr. pLogP method (SER 33) : 7.9622
Side Chain Topographical Entropy from corr. pLogP method (ALA 34) : -0.0000
Side Chain Topographical Entropy from corr. pLogP method (VAL 35) : 5.1643
Side Chain Topographical Entropy from corr. pLogP method (GLY 36) : -0.0000
Side Chain Topographical Entropy from corr. pLogP method (ASN 37) : 10.3063
Side Chain Topographical Entropy from corr. pLogP method (ALA 38) : -0.0000
Side Chain Topographical Entropy from corr. pLogP method (GLU 39) : 20.4341
Side Chain Topographical Entropy from corr. pLogP method (SER 40) : 6.1252
Side Chain Topographical Entropy from corr. pLogP method (ARG 41) : 9.5476
Side Chain Topographical Entropy from corr. pLogP method (TYR 42) : 0.0657
Side Chain Topographical Entropy from corr. pLogP method (VAL 43) : 1.5000
Side Chain Topographical Entropy from corr. pLogP method (LEU 44) : 2.0040
Side Chain Topographical Entropy from corr. pLogP method (THR 45) : 4.5084
Side Chain Topographical Entropy from corr. pLogP method (GLY 46) : -0.0000
Side Chain Topographical Entropy from corr. pLogP method (ARG 47) : 0.3260
Side Chain Topographical Entropy from corr. pLogP method (TYR 48) : 4.0176
Side Chain Topographical Entropy from corr. pLogP method (ASP 49) : 5.1963
Side Chain Topographical Entropy from corr. pLogP method (SER 50) : 0.1015
Side Chain Topographical Entropy from corr. pLogP method (ALA 51) : -0.0000
Side Chain Topographical Entropy from corr. pLogP method (PRO 52) : 11.2715
Side Chain Topographical Entropy from corr. pLogP method (ALA 53) : -0.0000
Side Chain Topographical Entropy from corr. pLogP method (THR 54) : 5.2255
Side Chain Topographical Entropy from corr. pLogP method (ASP 55) : 7.4859
Side Chain Topographical Entropy from corr. pLogP method (GLY 56) : -0.0000
Side Chain Topographical Entropy from corr. pLogP method (SER 57) : 6.2002
Side Chain Topographical Entropy from corr. pLogP method (GLY 58) : -0.0000
Side Chain Topographical Entropy from corr. pLogP method (THR 59) : 0.0358
Side Chain Topographical Entropy from corr. pLogP method (ALA 60) : -0.0000
Side Chain Topographical Entropy from corr. pLogP method (LEU 61) : 8.1650
Side Chain Topographical Entropy from corr. pLogP method (GLY 62) : -0.0000
Side Chain Topographical Entropy from corr. pLogP method (TRP 63) : 0.0657
Side Chain Topographical Entropy from corr. pLogP method (THR 64) : 5.4815
Side Chain Topographical Entropy from corr. pLogP method (VAL 65) : -0.0000
Side Chain Topographical Entropy from corr. pLogP method (ALA 66) : -0.0000
Side Chain Topographical Entropy from corr. pLogP method (TRP 67) : 0.0715
Side Chain Topographical Entropy from corr. pLogP method (LYS 68) : 12.3579
Side Chain Topographical Entropy from corr. pLogP method (ASN 69) : 5.2903
Side Chain Topographical Entropy from corr. pLogP method (ASN 70) : 15.4868
Side Chain Topographical Entropy from corr. pLogP method (TYR 71) : 5.0181
Side Chain Topographical Entropy from corr. pLogP method (ARG 72) : 9.5704
Side Chain Topographical Entropy from corr. pLogP method (ASN 73) : 0.1810
Side Chain Topographical Entropy from corr. pLogP method (ALA 74) : -0.0000
Side Chain Topographical Entropy from corr. pLogP method (HID 75) : 0.1453
Side Chain Topographical Entropy from corr. pLogP method (SER 76) : 7.0139
Side Chain Topographical Entropy from corr. pLogP method (ALA 77) : -0.0000
Side Chain Topographical Entropy from corr. pLogP method (THR 78) : 0.0358
Side Chain Topographical Entropy from corr. pLogP method (THR 79) : 6.2166
Side Chain Topographical Entropy from corr. pLogP method (TRP 80) : 1.9326
Side Chain Topographical Entropy from corr. pLogP method (SER 81) : 1.8178
Side Chain Topographical Entropy from corr. pLogP method (GLY 82) : -0.0000
Side Chain Topographical Entropy from corr. pLogP method (GLN 83) : 9.6892
Side Chain Topographical Entropy from corr. pLogP method (TYR 84) : -0.0000
Side Chain Topographical Entropy from corr. pLogP method (VAL 85) : 1.2606
Side Chain Topographical Entropy from corr. pLogP method (GLY 86) : -0.0000
Side Chain Topographical Entropy from corr. pLogP method (GLY 87) : -0.0000
Side Chain Topographical Entropy from corr. pLogP method (ALA 88) : -0.0000
Side Chain Topographical Entropy from corr. pLogP method (GLU 89) : 22.6892
Side Chain Topographical Entropy from corr. pLogP method (ALA 90) : -0.0000
Side Chain Topographical Entropy from corr. pLogP method (ARG 91) : 11.6304
Side Chain Topographical Entropy from corr. pLogP method (ILE 92) : 0.1950
Side Chain Topographical Entropy from corr. pLogP method (ASN 93) : 8.4348
Side Chain Topographical Entropy from corr. pLogP method (THR 94) : 0.0657
Side Chain Topographical Entropy from corr. pLogP method (GLN 95) : 12.3427
Side Chain Topographical Entropy from corr. pLogP method (TRP 96) : 0.7495
Side Chain Topographical Entropy from corr. pLogP method (LEU 97) : 0.1810
Side Chain Topographical Entropy from corr. pLogP method (LEU 98) : 2.5632
Side Chain Topographical Entropy from corr. pLogP method (THR 99) : -0.0000
Side Chain Topographical Entropy from corr. pLogP method (SER 100) : 8.1617
Side Chain Topographical Entropy from corr. pLogP method (GLY 101) : -0.0000
Side Chain Topographical Entropy from corr. pLogP method (THR 102) : 5.2077
Side Chain Topographical Entropy from corr. pLogP method (THR 103) : 3.3602
Side Chain Topographical Entropy from corr. pLogP method (GLU 104) : 21.8122
Side Chain Topographical Entropy from corr. pLogP method (ALA 105) : -0.0000
Side Chain Topographical Entropy from corr. pLogP method (ASN 106) : 4.5187
Side Chain Topographical Entropy from corr. pLogP method (ALA 107) : -0.0000
Side Chain Topographical Entropy from corr. pLogP method (TRP 108) : 5.7919
Side Chain Topographical Entropy from corr. pLogP method (LYS 109) : 13.3152
Side Chain Topographical Entropy from corr. pLogP method (SER 110) : 2.5282
Side Chain Topographical Entropy from corr. pLogP method (THR 111) : -0.0000
Side Chain Topographical Entropy from corr. pLogP method (LEU 112) : 2.2084
Side Chain Topographical Entropy from corr. pLogP method (VAL 113) : -0.0000
Side Chain Topographical Entropy from corr. pLogP method (GLY 114) : -0.0000
Side Chain Topographical Entropy from corr. pLogP method (HID 115) : 5.4631
Side Chain Topographical Entropy from corr. pLogP method (ASP 116) : 8.6994
Side Chain Topographical Entropy from corr. pLogP method (THR 117) : 0.0358
Side Chain Topographical Entropy from corr. pLogP method (PHE 118) : 0.0358
Side Chain Topographical Entropy from corr. pLogP method (THR 119) : 4.8943
Side Chain Topographical Entropy from corr. pLogP method (LYS 120) : 15.4947
Side Chain Topographical Entropy from corr. pLogP method (VAL 121) : 4.5663
Side Chain Topographical Entropy from corr. pLogP method (LYS 122) : 19.4343
Side Chain Topographical Entropy from corr. pLogP method (PRO 123) : 14.7337
Side Chain Topographical Entropy from corr. pLogP method (SER 124) : 7.6419
Side Chain Topographical Entropy from corr. pLogP method (ALA 125) : -0.0000
Side Chain Topographical Entropy from corr. pLogP method (ALA 126) : -0.0000
Side Chain Topographical Entropy from corr. pLogP method (CSER 127) : 4.1679
____________________________________________________________
Total SC Topog. Entropy (corr. pLogP)    :         557.331
------------------------------------------------------------
____________________________________________________________
Total BB Topog. Entropy (corr. pLogP)    :          16.492
------------------------------------------------------------
____________________________________________________________
Total Entropy                            :         573.823
------------------------------------------------------------
------------------------------------------------------------
Topographical entropy of residue side chains 
computed using all the dihedrals with correlation/pLogp formalism
------------------------------------------------------------
Side Chain Topographical Entropy from corr. pLogP method (NALA 1) : -0.0000
Side Chain Topographical Entropy from corr. pLogP method (GLU 2) : 21.1974
Side Chain Topographical Entropy from corr. pLogP method (ALA 3) : -0.0000
Side Chain Topographical Entropy from corr. pLogP method (GLY 4) : -0.0000
Side Chain Topographical Entropy from corr. pLogP method (ILE 5) : 1.1727
Side Chain Topographical Entropy from corr. pLogP method (THR 6) : 0.3468
Side Chain Topographical Entropy from corr. pLogP method (GLY 7) : -0.0000
Side Chain Topographical Entropy from corr. pLogP method (THR 8) : 4.3250
Side Chain Topographical Entropy from corr. pLogP method (TRP 9) : 0.0657
Side Chain Topographical Entropy from corr. pLogP method (TYR 10) : 5.2990
Side Chain Topographical Entropy from corr. pLogP method (ALA 11) : -0.0000
Side Chain Topographical Entropy from corr. pLogP method (GLN 12) : 19.8949
Side Chain Topographical Entropy from corr. pLogP method (LEU 13) : 7.2168
Side Chain Topographical Entropy from corr. pLogP method (GLY 14) : -0.0000
Side Chain Topographical Entropy from corr. pLogP method (SER 15) : 6.7394
Side Chain Topographical Entropy from corr. pLogP method (THR 16) : -0.0000
Side Chain Topographical Entropy from corr. pLogP method (PHE 17) : 0.0358
Side Chain Topographical Entropy from corr. pLogP method (ILE 18) : 7.5655
Side Chain Topographical Entropy from corr. pLogP method (VAL 19) : 1.3025
Side Chain Topographical Entropy from corr. pLogP method (THR 20) : 8.2606
Side Chain Topographical Entropy from corr. pLogP method (ALA 21) : -0.0000
Side Chain Topographical Entropy from corr. pLogP method (GLY 22) : -0.0000
Side Chain Topographical Entropy from corr. pLogP method (ALA 23) : -0.0000
Side Chain Topographical Entropy from corr. pLogP method (ASP 24) : 14.7823
Side Chain Topographical Entropy from corr. pLogP method (GLY 25) : -0.0000
Side Chain Topographical Entropy from corr. pLogP method (ALA 26) : -0.0000
Side Chain Topographical Entropy from corr. pLogP method (LEU 27) : 6.9937
Side Chain Topographical Entropy from corr. pLogP method (THR 28) : 8.5130
Side Chain Topographical Entropy from corr. pLogP method (GLY 29) : -0.0000
Side Chain Topographical Entropy from corr. pLogP method (THR 30) : 6.8866
Side Chain Topographical Entropy from corr. pLogP method (TYR 31) : 4.3728
Side Chain Topographical Entropy from corr. pLogP method (GLU 32) : 16.1125
Side Chain Topographical Entropy from corr. pLogP method (SER 33) : 7.9129
Side Chain Topographical Entropy from corr. pLogP method (ALA 34) : -0.0000
Side Chain Topographical Entropy from corr. pLogP method (VAL 35) : 8.7440
Side Chain Topographical Entropy from corr. pLogP method (GLY 36) : -0.0000
Side Chain Topographical Entropy from corr. pLogP method (ASN 37) : 11.6162
Side Chain Topographical Entropy from corr. pLogP method (ALA 38) : -0.0000
Side Chain Topographical Entropy from corr. pLogP method (GLU 39) : 9.6795
Side Chain Topographical Entropy from corr. pLogP method (SER 40) : 6.9226
Side Chain Topographical Entropy from corr. pLogP method (ARG 41) : 12.9751
Side Chain Topographical Entropy from corr. pLogP method (TYR 42) : 0.4073
Side Chain Topographical Entropy from corr. pLogP method (VAL 43) : 0.3407
Side Chain Topographical Entropy from corr. pLogP method (LEU 44) : 4.6707
Side Chain Topographical Entropy from corr. pLogP method (THR 45) : 8.7638
Side Chain Topographical Entropy from corr. pLogP method (GLY 46) : -0.0000
Side Chain Topographical Entropy from corr. pLogP method (ARG 47) : 0.2617
Side Chain Topographical Entropy from corr. pLogP method (TYR 48) : 2.6774
Side Chain Topographical Entropy from corr. pLogP method (ASP 49) : 0.1936
Side Chain Topographical Entropy from corr. pLogP method (SER 50) : 1.7610
Side Chain Topographical Entropy from corr. pLogP method (ALA 51) : -0.0000
Side Chain Topographical Entropy from corr. pLogP method (PRO 52) : 8.1288
Side Chain Topographical Entropy from corr. pLogP method (ALA 53) : -0.0000
Side Chain Topographical Entropy from corr. pLogP method (THR 54) : 5.3359
Side Chain Topographical Entropy from corr. pLogP method (ASP 55) : 6.1013
Side Chain Topographical Entropy from corr. pLogP method (GLY 56) : -0.0000
Side Chain Topographical Entropy from corr. pLogP method (SER 57) : 0.0358
Side Chain Topographical Entropy from corr. pLogP method (GLY 58) : -0.0000
Side Chain Topographical Entropy from corr. pLogP method (THR 59) : -0.0000
Side Chain Topographical Entropy from corr. pLogP method (ALA 60) : -0.0000
Side Chain Topographical Entropy from corr. pLogP method (LEU 61) : 4.6345
Side Chain Topographical Entropy from corr. pLogP method (GLY 62) : -0.0000
Side Chain Topographical Entropy from corr. pLogP method (TRP 63) : -0.0000
Side Chain Topographical Entropy from corr. pLogP method (THR 64) : 0.6821
Side Chain Topographical Entropy from corr. pLogP method (VAL 65) : -0.0000
Side Chain Topographical Entropy from corr. pLogP method (ALA 66) : -0.0000
Side Chain Topographical Entropy from corr. pLogP method (TRP 67) : -0.0000
Side Chain Topographical Entropy from corr. pLogP method (LYS 68) : 12.4990
Side Chain Topographical Entropy from corr. pLogP method (ASN 69) : 5.2640
Side Chain Topographical Entropy from corr. pLogP method (ASN 70) : 12.7045
Side Chain Topographical Entropy from corr. pLogP method (TYR 71) : 5.4855
Side Chain Topographical Entropy from corr. pLogP method (ARG 72) : 15.0031
Side Chain Topographical Entropy from corr. pLogP method (ASN 73) : 0.0936
Side Chain Topographical Entropy from corr. pLogP method (ALA 74) : -0.0000
Side Chain Topographical Entropy from corr. pLogP method (HID 75) : 0.1698
Side Chain Topographical Entropy from corr. pLogP method (SER 76) : 3.2984
Side Chain Topographical Entropy from corr. pLogP method (ALA 77) : -0.0000
Side Chain Topographical Entropy from corr. pLogP method (THR 78) : -0.0000
Side Chain Topographical Entropy from corr. pLogP method (THR 79) : 2.7371
Side Chain Topographical Entropy from corr. pLogP method (TRP 80) : 1.7945
Side Chain Topographical Entropy from corr. pLogP method (SER 81) : 5.1541
Side Chain Topographical Entropy from corr. pLogP method (GLY 82) : -0.0000
Side Chain Topographical Entropy from corr. pLogP method (GLN 83) : 10.5279
Side Chain Topographical Entropy from corr. pLogP method (TYR 84) : -0.0000
Side Chain Topographical Entropy from corr. pLogP method (VAL 85) : 3.1115
Side Chain Topographical Entropy from corr. pLogP method (GLY 86) : -0.0000
Side Chain Topographical Entropy from corr. pLogP method (GLY 87) : -0.0000
Side Chain Topographical Entropy from corr. pLogP method (ALA 88) : -0.0000
Side Chain Topographical Entropy from corr. pLogP method (GLU 89) : 17.6724
Side Chain Topographical Entropy from corr. pLogP method (ALA 90) : -0.0000
Side Chain Topographical Entropy from corr. pLogP method (ARG 91) : 12.2118
Side Chain Topographical Entropy from corr. pLogP method (ILE 92) : 0.1015
Side Chain Topographical Entropy from corr. pLogP method (ASN 93) : 9.4733
Side Chain Topographical Entropy from corr. pLogP method (THR 94) : -0.0000
Side Chain Topographical Entropy from corr. pLogP method (GLN 95) : 4.3571
Side Chain Topographical Entropy from corr. pLogP method (TRP 96) : 0.6658
Side Chain Topographical Entropy from corr. pLogP method (LEU 97) : 0.0715
Side Chain Topographical Entropy from corr. pLogP method (LEU 98) : 0.6821
Side Chain Topographical Entropy from corr. pLogP method (THR 99) : -0.0000
Side Chain Topographical Entropy from corr. pLogP method (SER 100) : 4.9478
Side Chain Topographical Entropy from corr. pLogP method (GLY 101) : -0.0000
Side Chain Topographical Entropy from corr. pLogP method (THR 102) : -0.0000
Side Chain Topographical Entropy from corr. pLogP method (THR 103) : 1.0233
Side Chain Topographical Entropy from corr. pLogP method (GLU 104) : 22.8384
Side Chain Topographical Entropy from corr. pLogP method (ALA 105) : -0.0000
Side Chain Topographical Entropy from corr. pLogP method (ASN 106) : 2.4231
Side Chain Topographical Entropy from corr. pLogP method (ALA 107) : -0.0000
Side Chain Topographical Entropy from corr. pLogP method (TRP 108) : 5.7604
Side Chain Topographical Entropy from corr. pLogP method (LYS 109) : 8.3438
Side Chain Topographical Entropy from corr. pLogP method (SER 110) : -0.0000
Side Chain Topographical Entropy from corr. pLogP method (THR 111) : 0.0657
Side Chain Topographical Entropy from corr. pLogP method (LEU 112) : 2.5270
Side Chain Topographical Entropy from corr. pLogP method (VAL 113) : -0.0000
Side Chain Topographical Entropy from corr. pLogP method (GLY 114) : -0.0000
Side Chain Topographical Entropy from corr. pLogP method (HID 115) : 0.1593
Side Chain Topographical Entropy from corr. pLogP method (ASP 116) : 7.7368
Side Chain Topographical Entropy from corr. pLogP method (THR 117) : 0.0358
Side Chain Topographical Entropy from corr. pLogP method (PHE 118) : -0.0000
Side Chain Topographical Entropy from corr. pLogP method (THR 119) : 5.5334
Side Chain Topographical Entropy from corr. pLogP method (LYS 120) : 12.3827
Side Chain Topographical Entropy from corr. pLogP method (VAL 121) : 6.0461
Side Chain Topographical Entropy from corr. pLogP method (LYS 122) : 15.8325
Side Chain Topographical Entropy from corr. pLogP method (PRO 123) : 14.2320
Side Chain Topographical Entropy from corr. pLogP method (SER 124) : 7.7093
Side Chain Topographical Entropy from corr. pLogP method (ALA 125) : -0.0000
Side Chain Topographical Entropy from corr. pLogP method (ALA 126) : -0.0000
Side Chain Topographical Entropy from corr. pLogP method (CSER 127) : 4.9315
____________________________________________________________
Total SC Topog. Entropy (corr. pLogP)    :         488.535
------------------------------------------------------------
____________________________________________________________
Total BB Topog. Entropy (corr. pLogP)    :          18.609
------------------------------------------------------------
____________________________________________________________
Total Entropy                            :         507.144
------------------------------------------------------------
------------------------------------------------------------
Topographical entropy of residue side chains 
computed using all the dihedrals with correlation/pLogp formalism
------------------------------------------------------------
Side Chain Topographical Entropy from corr. pLogP method (NALA 1) : -0.0000
Side Chain Topographical Entropy from corr. pLogP method (GLU 2) : 21.5012
Side Chain Topographical Entropy from corr. pLogP method (ALA 3) : -0.0000
Side Chain Topographical Entropy from corr. pLogP method (GLY 4) : -0.0000
Side Chain Topographical Entropy from corr. pLogP method (ILE 5) : 1.6445
Side Chain Topographical Entropy from corr. pLogP method (THR 6) : -0.0000
Side Chain Topographical Entropy from corr. pLogP method (GLY 7) : -0.0000
Side Chain Topographical Entropy from corr. pLogP method (THR 8) : 0.5587
Side Chain Topographical Entropy from corr. pLogP method (TRP 9) : -0.0000
Side Chain Topographical Entropy from corr. pLogP method (TYR 10) : 5.1717
Side Chain Topographical Entropy from corr. pLogP method (ALA 11) : -0.0000
Side Chain Topographical Entropy from corr. pLogP method (GLN 12) : 20.9315
Side Chain Topographical Entropy from corr. pLogP method (LEU 13) : 8.5491
Side Chain Topographical Entropy from corr. pLogP method (GLY 14) : -0.0000
Side Chain Topographical Entropy from corr. pLogP method (SER 15) : 7.2755
Side Chain Topographical Entropy from corr. pLogP method (THR 16) : 5.7148
Side Chain Topographical Entropy from corr. pLogP method (PHE 17) : 0.8759
Side Chain Topographical Entropy from corr. pLogP method (ILE 18) : 9.9625
Side Chain Topographical Entropy from corr. pLogP method (VAL 19) : 6.6902
Side Chain Topographical Entropy from corr. pLogP method (THR 20) : 8.7244
Side Chain Topographical Entropy from corr. pLogP method (ALA 21) : -0.0000
Side Chain Topographical Entropy from corr. pLogP method (GLY 22) : -0.0000
Side Chain Topographical Entropy from corr. pLogP method (ALA 23) : -0.0000
Side Chain Topographical Entropy from corr. pLogP method (ASP 24) : 16.2029
Side Chain Topographical Entropy from corr. pLogP method (GLY 25) : -0.0000
Side Chain Topographical Entropy from corr. pLogP method (ALA 26) : -0.0000
Side Chain Topographical Entropy from corr. pLogP method (LEU 27) : 7.3551
Side Chain Topographical Entropy from corr. pLogP method (THR 28) : 9.1050
Side Chain Topographical Entropy from corr. pLogP method (GLY 29) : -0.0000
Side Chain Topographical Entropy from corr. pLogP method (THR 30) : 6.2022
Side Chain Topographical Entropy from corr. pLogP method (TYR 31) : 3.5281
Side Chain Topographical Entropy from corr. pLogP method (GLU 32) : 15.9120
Side Chain Topographical Entropy from corr. pLogP method (SER 33) : 7.2691
Side Chain Topographical Entropy from corr. pLogP method (ALA 34) : -0.0000
Side Chain Topographical Entropy from corr. pLogP method (VAL 35) : 7.3433
Side Chain Topographical Entropy from corr. pLogP method (GLY 36) : -0.0000
Side Chain Topographical Entropy from corr. pLogP method (ASN 37) : 9.3572
Side Chain Topographical Entropy from corr. pLogP method (ALA 38) : -0.0000
Side Chain Topographical Entropy from corr. pLogP method (GLU 39) : 20.7941
Side Chain Topographical Entropy from corr. pLogP method (SER 40) : 2.2500
Side Chain Topographical Entropy from corr. pLogP method (ARG 41) : 12.8847
Side Chain Topographical Entropy from corr. pLogP method (TYR 42) : 0.1698
Side Chain Topographical Entropy from corr. pLogP method (VAL 43) : 0.5587
Side Chain Topographical Entropy from corr. pLogP method (LEU 44) : 0.4602
Side Chain Topographical Entropy from corr. pLogP method (THR 45) : 6.3629
Side Chain Topographical Entropy from corr. pLogP method (GLY 46) : -0.0000
Side Chain Topographical Entropy from corr. pLogP method (ARG 47) : 0.1936
Side Chain Topographical Entropy from corr. pLogP method (TYR 48) : 4.2042
Side Chain Topographical Entropy from corr. pLogP method (ASP 49) : 0.1936
Side Chain Topographical Entropy from corr. pLogP method (SER 50) : 1.0229
Side Chain Topographical Entropy from corr. pLogP method (ALA 51) : -0.0000
Side Chain Topographical Entropy from corr. pLogP method (PRO 52) : 10.8456
Side Chain Topographical Entropy from corr. pLogP method (ALA 53) : -0.0000
Side Chain Topographical Entropy from corr. pLogP method (THR 54) : 4.9496
Side Chain Topographical Entropy from corr. pLogP method (ASP 55) : 5.5206
Side Chain Topographical Entropy from corr. pLogP method (GLY 56) : -0.0000
Side Chain Topographical Entropy from corr. pLogP method (SER 57) : -0.0000
Side Chain Topographical Entropy from corr. pLogP method (GLY 58) : -0.0000
Side Chain Topographical Entropy from corr. pLogP method (THR 59) : -0.0000
Side Chain Topographical Entropy from corr. pLogP method (ALA 60) : -0.0000
Side Chain Topographical Entropy from corr. pLogP method (LEU 61) : 1.0976
Side Chain Topographical Entropy from corr. pLogP method (GLY 62) : -0.0000
Side Chain Topographical Entropy from corr. pLogP method (TRP 63) : 0.0358
Side Chain Topographical Entropy from corr. pLogP method (THR 64) : 4.5858
Side Chain Topographical Entropy from corr. pLogP method (VAL 65) : -0.0000
Side Chain Topographical Entropy from corr. pLogP method (ALA 66) : -0.0000
Side Chain Topographical Entropy from corr. pLogP method (TRP 67) : 0.0358
Side Chain Topographical Entropy from corr. pLogP method (LYS 68) : 12.2141
Side Chain Topographical Entropy from corr. pLogP method (ASN 69) : 5.3883
Side Chain Topographical Entropy from corr. pLogP method (ASN 70) : 13.4890
Side Chain Topographical Entropy from corr. pLogP method (TYR 71) : 3.4710
Side Chain Topographical Entropy from corr. pLogP method (ARG 72) : 13.0053
Side Chain Topographical Entropy from corr. pLogP method (ASN 73) : 1.3831
Side Chain Topographical Entropy from corr. pLogP method (ALA 74) : -0.0000
Side Chain Topographical Entropy from corr. pLogP method (HID 75) : 4.2642
Side Chain Topographical Entropy from corr. pLogP method (SER 76) : 5.7004
Side Chain Topographical Entropy from corr. pLogP method (ALA 77) : -0.0000
Side Chain Topographical Entropy from corr. pLogP method (THR 78) : -0.0000
Side Chain Topographical Entropy from corr. pLogP method (THR 79) : 5.9768
Side Chain Topographical Entropy from corr. pLogP method (TRP 80) : 2.4081
Side Chain Topographical Entropy from corr. pLogP method (SER 81) : 1.0707
Side Chain Topographical Entropy from corr. pLogP method (GLY 82) : -0.0000
Side Chain Topographical Entropy from corr. pLogP method (GLN 83) : 5.3701
Side Chain Topographical Entropy from corr. pLogP method (TYR 84) : -0.0000
Side Chain Topographical Entropy from corr. pLogP method (VAL 85) : 2.2622
Side Chain Topographical Entropy from corr. pLogP method (GLY 86) : -0.0000
Side Chain Topographical Entropy from corr. pLogP method (GLY 87) : -0.0000
Side Chain Topographical Entropy from corr. pLogP method (ALA 88) : -0.0000
Side Chain Topographical Entropy from corr. pLogP method (GLU 89) : 22.1509
Side Chain Topographical Entropy from corr. pLogP method (ALA 90) : -0.0000
Side Chain Topographical Entropy from corr. pLogP method (ARG 91) : 12.0244
Side Chain Topographical Entropy from corr. pLogP method (ILE 92) : 0.5124
Side Chain Topographical Entropy from corr. pLogP method (ASN 93) : 9.2960
Side Chain Topographical Entropy from corr. pLogP method (THR 94) : -0.0000
Side Chain Topographical Entropy from corr. pLogP method (GLN 95) : 3.5582
Side Chain Topographical Entropy from corr. pLogP method (TRP 96) : 0.5768
Side Chain Topographical Entropy from corr. pLogP method (LEU 97) : 0.0715
Side Chain Topographical Entropy from corr. pLogP method (LEU 98) : 2.9927
Side Chain Topographical Entropy from corr. pLogP method (THR 99) : 0.7161
Side Chain Topographical Entropy from corr. pLogP method (SER 100) : 9.0077
Side Chain Topographical Entropy from corr. pLogP method (GLY 101) : -0.0000
Side Chain Topographical Entropy from corr. pLogP method (THR 102) : 7.9761
Side Chain Topographical Entropy from corr. pLogP method (THR 103) : 0.9104
Side Chain Topographical Entropy from corr. pLogP method (GLU 104) : 20.1140
Side Chain Topographical Entropy from corr. pLogP method (ALA 105) : -0.0000
Side Chain Topographical Entropy from corr. pLogP method (ASN 106) : 8.1624
Side Chain Topographical Entropy from corr. pLogP method (ALA 107) : -0.0000
Side Chain Topographical Entropy from corr. pLogP method (TRP 108) : 5.7615
Side Chain Topographical Entropy from corr. pLogP method (LYS 109) : 8.8215
Side Chain Topographical Entropy from corr. pLogP method (SER 110) : 8.7468
Side Chain Topographical Entropy from corr. pLogP method (THR 111) : 0.0358
Side Chain Topographical Entropy from corr. pLogP method (LEU 112) : 2.7463
Side Chain Topographical Entropy from corr. pLogP method (VAL 113) : 0.1698
Side Chain Topographical Entropy from corr. pLogP method (GLY 114) : -0.0000
Side Chain Topographical Entropy from corr. pLogP method (HID 115) : 6.2307
Side Chain Topographical Entropy from corr. pLogP method (ASP 116) : 7.6928
Side Chain Topographical Entropy from corr. pLogP method (THR 117) : 0.0358
Side Chain Topographical Entropy from corr. pLogP method (PHE 118) : -0.0000
Side Chain Topographical Entropy from corr. pLogP method (THR 119) : 2.1834
Side Chain Topographical Entropy from corr. pLogP method (LYS 120) : 10.0349
Side Chain Topographical Entropy from corr. pLogP method (VAL 121) : 6.0721
Side Chain Topographical Entropy from corr. pLogP method (LYS 122) : 18.6428
Side Chain Topographical Entropy from corr. pLogP method (PRO 123) : 14.8993
Side Chain Topographical Entropy from corr. pLogP method (SER 124) : 7.3971
Side Chain Topographical Entropy from corr. pLogP method (ALA 125) : -0.0000
Side Chain Topographical Entropy from corr. pLogP method (ALA 126) : -0.0000
Side Chain Topographical Entropy from corr. pLogP method (CSER 127) : 5.9863
____________________________________________________________
Total SC Topog. Entropy (corr. pLogP)    :         535.570
------------------------------------------------------------
____________________________________________________________
Total BB Topog. Entropy (corr. pLogP)    :          16.778
------------------------------------------------------------
____________________________________________________________
Total Entropy                            :         552.347
------------------------------------------------------------
