------------------------------------------------------------
Topographical entropy of residue side chains 
computed using all the dihedrals with AEM method
------------------------------------------------------------
Residue Topographical Entropy from AEM (NALA 1) : 1.0023
Residue Topographical Entropy from AEM (GLU 2) : 22.6523
Residue Topographical Entropy from AEM (ALA 3) : -0.0000
Residue Topographical Entropy from AEM (GLY 4) : -0.0000
Residue Topographical Entropy from AEM (ILE 5) : 2.3174
Residue Topographical Entropy from AEM (THR 6) : -0.0000
Residue Topographical Entropy from AEM (GLY 7) : -0.0000
Residue Topographical Entropy from AEM (THR 8) : 0.6957
Residue Topographical Entropy from AEM (TRP 9) : -0.0000
Residue Topographical Entropy from AEM (TYR 10) : -0.0000
Residue Topographical Entropy from AEM (ALA 11) : -0.0000
Residue Topographical Entropy from AEM (GLN 12) : 19.0234
Residue Topographical Entropy from AEM (LEU 13) : 7.6459
Residue Topographical Entropy from AEM (GLY 14) : -0.0000
Residue Topographical Entropy from AEM (SER 15) : 7.9247
Residue Topographical Entropy from AEM (THR 16) : 1.1347
Residue Topographical Entropy from AEM (PHE 17) : 5.7575
Residue Topographical Entropy from AEM (ILE 18) : 5.5889
Residue Topographical Entropy from AEM (VAL 19) : 8.6313
Residue Topographical Entropy from AEM (THR 20) : 5.7813
Residue Topographical Entropy from AEM (ALA 21) : -0.0000
Residue Topographical Entropy from AEM (GLY 22) : -0.0000
Residue Topographical Entropy from AEM (ALA 23) : -0.0000
Residue Topographical Entropy from AEM (ASP 24) : 9.8833
Residue Topographical Entropy from AEM (GLY 25) : -0.0000
Residue Topographical Entropy from AEM (ALA 26) : -0.0000
Residue Topographical Entropy from AEM (LEU 27) : 6.5735
Residue Topographical Entropy from AEM (THR 28) : 8.7055
Residue Topographical Entropy from AEM (GLY 29) : -0.0000
Residue Topographical Entropy from AEM (THR 30) : -0.0000
Residue Topographical Entropy from AEM (TYR 31) : -0.0000
Residue Topographical Entropy from AEM (GLU 32) : 13.6705
Residue Topographical Entropy from AEM (SER 33) : 5.8355
Residue Topographical Entropy from AEM (ALA 34) : -0.0000
Residue Topographical Entropy from AEM (VAL 35) : 7.9972
Residue Topographical Entropy from AEM (GLY 36) : -0.0000
Residue Topographical Entropy from AEM (ASN 37) : 11.4632
Residue Topographical Entropy from AEM (ALA 38) : -0.0000
Residue Topographical Entropy from AEM (GLU 39) : 13.1533
Residue Topographical Entropy from AEM (SER 40) : 7.6841
Residue Topographical Entropy from AEM (ARG 41) : 8.2990
Residue Topographical Entropy from AEM (TYR 42) : -0.0000
Residue Topographical Entropy from AEM (VAL 43) : 0.4532
Residue Topographical Entropy from AEM (LEU 44) : 9.1277
Residue Topographical Entropy from AEM (THR 45) : 2.8984
Residue Topographical Entropy from AEM (GLY 46) : -0.0000
Residue Topographical Entropy from AEM (ARG 47) : -0.0000
Residue Topographical Entropy from AEM (TYR 48) : -0.0000
Residue Topographical Entropy from AEM (ASP 49) : -0.0000
Residue Topographical Entropy from AEM (SER 50) : -0.0000
Residue Topographical Entropy from AEM (ALA 51) : -0.0000
Residue Topographical Entropy from AEM (PRO 52) : 5.6629
Residue Topographical Entropy from AEM (ALA 53) : -0.0000
Residue Topographical Entropy from AEM (THR 54) : 8.5783
Residue Topographical Entropy from AEM (ASP 55) : 7.4885
Residue Topographical Entropy from AEM (GLY 56) : -0.0000
Residue Topographical Entropy from AEM (SER 57) : 3.9004
Residue Topographical Entropy from AEM (GLY 58) : -0.0000
Residue Topographical Entropy from AEM (THR 59) : -0.0000
Residue Topographical Entropy from AEM (ALA 60) : -0.0000
Residue Topographical Entropy from AEM (LEU 61) : 6.1467
Residue Topographical Entropy from AEM (GLY 62) : -0.0000
Residue Topographical Entropy from AEM (TRP 63) : -0.0000
Residue Topographical Entropy from AEM (THR 64) : -0.0000
Residue Topographical Entropy from AEM (VAL 65) : -0.0000
Residue Topographical Entropy from AEM (ALA 66) : -0.0000
Residue Topographical Entropy from AEM (TRP 67) : -0.0000
Residue Topographical Entropy from AEM (LYS 68) : 23.5971
Residue Topographical Entropy from AEM (ASN 69) : 8.2247
Residue Topographical Entropy from AEM (ASN 70) : 15.2873
Residue Topographical Entropy from AEM (TYR 71) : 10.5945
Residue Topographical Entropy from AEM (ARG 72) : 20.2832
Residue Topographical Entropy from AEM (ASN 73) : 6.3450
Residue Topographical Entropy from AEM (ALA 74) : -0.0000
Residue Topographical Entropy from AEM (HID 75) : 1.5259
Residue Topographical Entropy from AEM (SER 76) : 5.6907
Residue Topographical Entropy from AEM (ALA 77) : -0.0000
Residue Topographical Entropy from AEM (THR 78) : -0.0000
Residue Topographical Entropy from AEM (THR 79) : 1.3964
Residue Topographical Entropy from AEM (TRP 80) : -0.0000
Residue Topographical Entropy from AEM (SER 81) : -0.0000
Residue Topographical Entropy from AEM (GLY 82) : -0.0000
Residue Topographical Entropy from AEM (GLN 83) : 8.8121
Residue Topographical Entropy from AEM (TYR 84) : -0.0000
Residue Topographical Entropy from AEM (VAL 85) : 2.7057
Residue Topographical Entropy from AEM (GLY 86) : -0.0000
Residue Topographical Entropy from AEM (GLY 87) : -0.0000
Residue Topographical Entropy from AEM (ALA 88) : -0.0000
Residue Topographical Entropy from AEM (GLU 89) : 14.1211
Residue Topographical Entropy from AEM (ALA 90) : -0.0000
Residue Topographical Entropy from AEM (ARG 91) : 13.5471
Residue Topographical Entropy from AEM (ILE 92) : 0.7059
Residue Topographical Entropy from AEM (ASN 93) : 5.7061
Residue Topographical Entropy from AEM (THR 94) : 3.5788
Residue Topographical Entropy from AEM (GLN 95) : 0.4290
Residue Topographical Entropy from AEM (TRP 96) : -0.0000
Residue Topographical Entropy from AEM (LEU 97) : 2.8845
Residue Topographical Entropy from AEM (LEU 98) : 0.2294
Residue Topographical Entropy from AEM (THR 99) : -0.0000
Residue Topographical Entropy from AEM (SER 100) : 8.9934
Residue Topographical Entropy from AEM (GLY 101) : -0.0000
Residue Topographical Entropy from AEM (THR 102) : 1.2889
Residue Topographical Entropy from AEM (THR 103) : -0.0000
Residue Topographical Entropy from AEM (GLU 104) : 25.8783
Residue Topographical Entropy from AEM (ALA 105) : -0.0000
Residue Topographical Entropy from AEM (ASN 106) : 8.6454
Residue Topographical Entropy from AEM (ALA 107) : -0.0000
Residue Topographical Entropy from AEM (TRP 108) : -0.0000
Residue Topographical Entropy from AEM (LYS 109) : 18.5961
Residue Topographical Entropy from AEM (SER 110) : 5.9419
Residue Topographical Entropy from AEM (THR 111) : 0.3468
Residue Topographical Entropy from AEM (LEU 112) : 2.9123
Residue Topographical Entropy from AEM (VAL 113) : -0.0000
Residue Topographical Entropy from AEM (GLY 114) : -0.0000
Residue Topographical Entropy from AEM (HID 115) : 0.3672
Residue Topographical Entropy from AEM (ASP 116) : 1.5259
Residue Topographical Entropy from AEM (THR 117) : 5.4109
Residue Topographical Entropy from AEM (PHE 118) : 5.7629
Residue Topographical Entropy from AEM (THR 119) : -0.0000
Residue Topographical Entropy from AEM (LYS 120) : 14.6183
Residue Topographical Entropy from AEM (VAL 121) : 8.0864
Residue Topographical Entropy from AEM (LYS 122) : 18.5871
Residue Topographical Entropy from AEM (PRO 123) : 6.7748
Residue Topographical Entropy from AEM (SER 124) : 8.2692
Residue Topographical Entropy from AEM (ALA 125) : -0.0000
Residue Topographical Entropy from AEM (ALA 126) : -0.0000
Residue Topographical Entropy from AEM (CSER 127) : 12.3264
____________________________________________________________
Total Topog. Entropy (AEM)               :         525.673
------------------------------------------------------------
____________________________________________________________
Total Entropy                            :         525.673
------------------------------------------------------------
