------------------------------------------------------------
Topographical entropy of residue side chains 
computed using all the dihedrals with AEM method
------------------------------------------------------------
Residue Topographical Entropy from AEM (NALA 1) : 1.3386
Residue Topographical Entropy from AEM (GLU 2) : 20.1401
Residue Topographical Entropy from AEM (ALA 3) : -0.0000
Residue Topographical Entropy from AEM (GLY 4) : -0.0000
Residue Topographical Entropy from AEM (ILE 5) : 2.5596
Residue Topographical Entropy from AEM (THR 6) : 0.7522
Residue Topographical Entropy from AEM (GLY 7) : -0.0000
Residue Topographical Entropy from AEM (THR 8) : 6.8768
Residue Topographical Entropy from AEM (TRP 9) : 40.4376
Residue Topographical Entropy from AEM (TYR 10) : 30.3698
Residue Topographical Entropy from AEM (ALA 11) : -0.0000
Residue Topographical Entropy from AEM (GLN 12) : 18.5044
Residue Topographical Entropy from AEM (LEU 13) : 10.2468
Residue Topographical Entropy from AEM (GLY 14) : -0.0000
Residue Topographical Entropy from AEM (SER 15) : 7.5570
Residue Topographical Entropy from AEM (THR 16) : 6.4146
Residue Topographical Entropy from AEM (PHE 17) : 24.6585
Residue Topographical Entropy from AEM (ILE 18) : 11.4349
Residue Topographical Entropy from AEM (VAL 19) : 4.6456
Residue Topographical Entropy from AEM (THR 20) : 7.8804
Residue Topographical Entropy from AEM (ALA 21) : -0.0000
Residue Topographical Entropy from AEM (GLY 22) : -0.0000
Residue Topographical Entropy from AEM (ALA 23) : -0.0000
Residue Topographical Entropy from AEM (ASP 24) : 10.2902
Residue Topographical Entropy from AEM (GLY 25) : -0.0000
Residue Topographical Entropy from AEM (ALA 26) : -0.0000
Residue Topographical Entropy from AEM (LEU 27) : 3.5279
Residue Topographical Entropy from AEM (THR 28) : 8.5546
Residue Topographical Entropy from AEM (GLY 29) : -0.0000
Residue Topographical Entropy from AEM (THR 30) : 5.6899
Residue Topographical Entropy from AEM (TYR 31) : 27.2788
Residue Topographical Entropy from AEM (GLU 32) : 14.5680
Residue Topographical Entropy from AEM (SER 33) : 7.6373
Residue Topographical Entropy from AEM (ALA 34) : -0.0000
Residue Topographical Entropy from AEM (VAL 35) : 8.2827
Residue Topographical Entropy from AEM (GLY 36) : -0.0000
Residue Topographical Entropy from AEM (ASN 37) : 10.7491
Residue Topographical Entropy from AEM (ALA 38) : -0.0000
Residue Topographical Entropy from AEM (GLU 39) : 24.5764
Residue Topographical Entropy from AEM (SER 40) : 4.8995
Residue Topographical Entropy from AEM (ARG 41) : 12.7710
Residue Topographical Entropy from AEM (TYR 42) : 27.1826
Residue Topographical Entropy from AEM (VAL 43) : 0.5440
Residue Topographical Entropy from AEM (LEU 44) : 0.8554
Residue Topographical Entropy from AEM (THR 45) : 6.5873
Residue Topographical Entropy from AEM (GLY 46) : -0.0000
Residue Topographical Entropy from AEM (ARG 47) : 0.0492
Residue Topographical Entropy from AEM (TYR 48) : 23.7643
Residue Topographical Entropy from AEM (ASP 49) : 2.1798
Residue Topographical Entropy from AEM (SER 50) : 1.3694
Residue Topographical Entropy from AEM (ALA 51) : -0.0000
Residue Topographical Entropy from AEM (PRO 52) : 7.0434
Residue Topographical Entropy from AEM (ALA 53) : -0.0000
Residue Topographical Entropy from AEM (THR 54) : 6.3275
Residue Topographical Entropy from AEM (ASP 55) : 8.9716
Residue Topographical Entropy from AEM (GLY 56) : -0.0000
Residue Topographical Entropy from AEM (SER 57) : 5.2697
Residue Topographical Entropy from AEM (GLY 58) : -0.0000
Residue Topographical Entropy from AEM (THR 59) : 0.5095
Residue Topographical Entropy from AEM (ALA 60) : -0.0000
Residue Topographical Entropy from AEM (LEU 61) : 4.2663
Residue Topographical Entropy from AEM (GLY 62) : -0.0000
Residue Topographical Entropy from AEM (TRP 63) : 39.8742
Residue Topographical Entropy from AEM (THR 64) : 1.5470
Residue Topographical Entropy from AEM (VAL 65) : 0.2305
Residue Topographical Entropy from AEM (ALA 66) : -0.0000
Residue Topographical Entropy from AEM (TRP 67) : 33.2946
Residue Topographical Entropy from AEM (LYS 68) : 8.8267
Residue Topographical Entropy from AEM (ASN 69) : 0.7335
Residue Topographical Entropy from AEM (ASN 70) : 11.2634
Residue Topographical Entropy from AEM (TYR 71) : 23.7694
Residue Topographical Entropy from AEM (ARG 72) : 16.4429
Residue Topographical Entropy from AEM (ASN 73) : 1.9307
Residue Topographical Entropy from AEM (ALA 74) : -0.0000
Residue Topographical Entropy from AEM (HID 75) : 21.5931
Residue Topographical Entropy from AEM (SER 76) : 5.3977
Residue Topographical Entropy from AEM (ALA 77) : -0.0000
Residue Topographical Entropy from AEM (THR 78) : -0.0000
Residue Topographical Entropy from AEM (THR 79) : 5.3859
Residue Topographical Entropy from AEM (TRP 80) : 35.0549
Residue Topographical Entropy from AEM (SER 81) : 0.0810
Residue Topographical Entropy from AEM (GLY 82) : -0.0000
Residue Topographical Entropy from AEM (GLN 83) : 8.0799
Residue Topographical Entropy from AEM (TYR 84) : 24.4330
Residue Topographical Entropy from AEM (VAL 85) : 2.8150
Residue Topographical Entropy from AEM (GLY 86) : -0.0000
Residue Topographical Entropy from AEM (GLY 87) : -0.0000
Residue Topographical Entropy from AEM (ALA 88) : -0.0000
Residue Topographical Entropy from AEM (GLU 89) : 23.0934
Residue Topographical Entropy from AEM (ALA 90) : -0.0000
Residue Topographical Entropy from AEM (ARG 91) : 11.0616
Residue Topographical Entropy from AEM (ILE 92) : 0.2483
Residue Topographical Entropy from AEM (ASN 93) : 8.5571
Residue Topographical Entropy from AEM (THR 94) : 0.9736
Residue Topographical Entropy from AEM (GLN 95) : 2.1785
Residue Topographical Entropy from AEM (TRP 96) : 35.8429
Residue Topographical Entropy from AEM (LEU 97) : 0.0845
Residue Topographical Entropy from AEM (LEU 98) : 4.5886
Residue Topographical Entropy from AEM (THR 99) : 5.4804
Residue Topographical Entropy from AEM (SER 100) : 8.5730
Residue Topographical Entropy from AEM (GLY 101) : -0.0000
Residue Topographical Entropy from AEM (THR 102) : 8.1231
Residue Topographical Entropy from AEM (THR 103) : 6.3926
Residue Topographical Entropy from AEM (GLU 104) : 19.3857
Residue Topographical Entropy from AEM (ALA 105) : -0.0000
Residue Topographical Entropy from AEM (ASN 106) : 9.9562
Residue Topographical Entropy from AEM (ALA 107) : -0.0000
Residue Topographical Entropy from AEM (TRP 108) : 46.3130
Residue Topographical Entropy from AEM (LYS 109) : 16.8768
Residue Topographical Entropy from AEM (SER 110) : 8.7022
Residue Topographical Entropy from AEM (THR 111) : 0.1832
Residue Topographical Entropy from AEM (LEU 112) : 2.9804
Residue Topographical Entropy from AEM (VAL 113) : 0.4287
Residue Topographical Entropy from AEM (GLY 114) : -0.0000
Residue Topographical Entropy from AEM (HID 115) : 23.1987
Residue Topographical Entropy from AEM (ASP 116) : 5.9464
Residue Topographical Entropy from AEM (THR 117) : 2.7120
Residue Topographical Entropy from AEM (PHE 118) : 27.7014
Residue Topographical Entropy from AEM (THR 119) : 5.0817
Residue Topographical Entropy from AEM (LYS 120) : 10.4889
Residue Topographical Entropy from AEM (VAL 121) : 6.4644
Residue Topographical Entropy from AEM (LYS 122) : 20.1891
Residue Topographical Entropy from AEM (PRO 123) : 8.7006
Residue Topographical Entropy from AEM (SER 124) : 8.4014
Residue Topographical Entropy from AEM (ALA 125) : -0.0000
Residue Topographical Entropy from AEM (ALA 126) : -0.0000
Residue Topographical Entropy from AEM (CSER 127) : 7.9359
____________________________________________________________
Total Topog. Entropy (AEM)               :        1015.160
------------------------------------------------------------
____________________________________________________________
Total Entropy                            :        1015.160
------------------------------------------------------------
