------------------------------------------------------------
Topographical entropy of residue side chains 
computed using all the dihedrals with AEM method
------------------------------------------------------------
Residue Topographical Entropy from AEM (NALA 1) : 0.1453
Residue Topographical Entropy from AEM (GLU 2) : 20.8272
Residue Topographical Entropy from AEM (ALA 3) : -0.0000
Residue Topographical Entropy from AEM (GLY 4) : -0.0000
Residue Topographical Entropy from AEM (ILE 5) : 2.0929
Residue Topographical Entropy from AEM (THR 6) : -0.0000
Residue Topographical Entropy from AEM (GLY 7) : -0.0000
Residue Topographical Entropy from AEM (THR 8) : 1.9988
Residue Topographical Entropy from AEM (TRP 9) : -0.0000
Residue Topographical Entropy from AEM (TYR 10) : -0.0000
Residue Topographical Entropy from AEM (ALA 11) : -0.0000
Residue Topographical Entropy from AEM (GLN 12) : 14.5641
Residue Topographical Entropy from AEM (LEU 13) : 8.6340
Residue Topographical Entropy from AEM (GLY 14) : -0.0000
Residue Topographical Entropy from AEM (SER 15) : 8.7813
Residue Topographical Entropy from AEM (THR 16) : 3.6000
Residue Topographical Entropy from AEM (PHE 17) : 0.0358
Residue Topographical Entropy from AEM (ILE 18) : 9.6410
Residue Topographical Entropy from AEM (VAL 19) : 0.4656
Residue Topographical Entropy from AEM (THR 20) : 6.4835
Residue Topographical Entropy from AEM (ALA 21) : -0.0000
Residue Topographical Entropy from AEM (GLY 22) : -0.0000
Residue Topographical Entropy from AEM (ALA 23) : -0.0000
Residue Topographical Entropy from AEM (ASP 24) : 12.2411
Residue Topographical Entropy from AEM (GLY 25) : -0.0000
Residue Topographical Entropy from AEM (ALA 26) : -0.0000
Residue Topographical Entropy from AEM (LEU 27) : 1.3729
Residue Topographical Entropy from AEM (THR 28) : -0.0000
Residue Topographical Entropy from AEM (GLY 29) : -0.0000
Residue Topographical Entropy from AEM (THR 30) : 3.0013
Residue Topographical Entropy from AEM (TYR 31) : -0.0000
Residue Topographical Entropy from AEM (GLU 32) : 16.8526
Residue Topographical Entropy from AEM (SER 33) : 6.8818
Residue Topographical Entropy from AEM (ALA 34) : -0.0000
Residue Topographical Entropy from AEM (VAL 35) : 6.1825
Residue Topographical Entropy from AEM (GLY 36) : -0.0000
Residue Topographical Entropy from AEM (ASN 37) : 10.2506
Residue Topographical Entropy from AEM (ALA 38) : -0.0000
Residue Topographical Entropy from AEM (GLU 39) : 21.0584
Residue Topographical Entropy from AEM (SER 40) : 2.8473
Residue Topographical Entropy from AEM (ARG 41) : 11.7690
Residue Topographical Entropy from AEM (TYR 42) : -0.0000
Residue Topographical Entropy from AEM (VAL 43) : 0.8790
Residue Topographical Entropy from AEM (LEU 44) : 1.2671
Residue Topographical Entropy from AEM (THR 45) : 4.4582
Residue Topographical Entropy from AEM (GLY 46) : -0.0000
Residue Topographical Entropy from AEM (ARG 47) : -0.0000
Residue Topographical Entropy from AEM (TYR 48) : -0.0000
Residue Topographical Entropy from AEM (ASP 49) : -0.0000
Residue Topographical Entropy from AEM (SER 50) : 1.7929
Residue Topographical Entropy from AEM (ALA 51) : -0.0000
Residue Topographical Entropy from AEM (PRO 52) : 4.6451
Residue Topographical Entropy from AEM (ALA 53) : -0.0000
Residue Topographical Entropy from AEM (THR 54) : 5.1190
Residue Topographical Entropy from AEM (ASP 55) : 6.1735
Residue Topographical Entropy from AEM (GLY 56) : -0.0000
Residue Topographical Entropy from AEM (SER 57) : -0.0000
Residue Topographical Entropy from AEM (GLY 58) : -0.0000
Residue Topographical Entropy from AEM (THR 59) : -0.0000
Residue Topographical Entropy from AEM (ALA 60) : -0.0000
Residue Topographical Entropy from AEM (LEU 61) : 4.9450
Residue Topographical Entropy from AEM (GLY 62) : -0.0000
Residue Topographical Entropy from AEM (TRP 63) : -0.0000
Residue Topographical Entropy from AEM (THR 64) : 0.4846
Residue Topographical Entropy from AEM (VAL 65) : -0.0000
Residue Topographical Entropy from AEM (ALA 66) : -0.0000
Residue Topographical Entropy from AEM (TRP 67) : -0.0000
Residue Topographical Entropy from AEM (LYS 68) : 12.5483
Residue Topographical Entropy from AEM (ASN 69) : -0.0000
Residue Topographical Entropy from AEM (ASN 70) : 11.0667
Residue Topographical Entropy from AEM (TYR 71) : 5.6837
Residue Topographical Entropy from AEM (ARG 72) : 16.2861
Residue Topographical Entropy from AEM (ASN 73) : -0.0000
Residue Topographical Entropy from AEM (ALA 74) : -0.0000
Residue Topographical Entropy from AEM (HID 75) : -0.0000
Residue Topographical Entropy from AEM (SER 76) : 4.9509
Residue Topographical Entropy from AEM (ALA 77) : -0.0000
Residue Topographical Entropy from AEM (THR 78) : -0.0000
Residue Topographical Entropy from AEM (THR 79) : -0.0000
Residue Topographical Entropy from AEM (TRP 80) : -0.0000
Residue Topographical Entropy from AEM (SER 81) : -0.0000
Residue Topographical Entropy from AEM (GLY 82) : -0.0000
Residue Topographical Entropy from AEM (GLN 83) : 6.7945
Residue Topographical Entropy from AEM (TYR 84) : -0.0000
Residue Topographical Entropy from AEM (VAL 85) : 0.2617
Residue Topographical Entropy from AEM (GLY 86) : -0.0000
Residue Topographical Entropy from AEM (GLY 87) : -0.0000
Residue Topographical Entropy from AEM (ALA 88) : -0.0000
Residue Topographical Entropy from AEM (GLU 89) : 21.0285
Residue Topographical Entropy from AEM (ALA 90) : -0.0000
Residue Topographical Entropy from AEM (ARG 91) : 4.1783
Residue Topographical Entropy from AEM (ILE 92) : -0.0000
Residue Topographical Entropy from AEM (ASN 93) : 1.0323
Residue Topographical Entropy from AEM (THR 94) : 0.0657
Residue Topographical Entropy from AEM (GLN 95) : 0.5918
Residue Topographical Entropy from AEM (TRP 96) : -0.0000
Residue Topographical Entropy from AEM (LEU 97) : -0.0000
Residue Topographical Entropy from AEM (LEU 98) : 3.7506
Residue Topographical Entropy from AEM (THR 99) : -0.0000
Residue Topographical Entropy from AEM (SER 100) : 8.3986
Residue Topographical Entropy from AEM (GLY 101) : -0.0000
Residue Topographical Entropy from AEM (THR 102) : 9.1222
Residue Topographical Entropy from AEM (THR 103) : 1.8295
Residue Topographical Entropy from AEM (GLU 104) : 22.0493
Residue Topographical Entropy from AEM (ALA 105) : -0.0000
Residue Topographical Entropy from AEM (ASN 106) : 4.2749
Residue Topographical Entropy from AEM (ALA 107) : -0.0000
Residue Topographical Entropy from AEM (TRP 108) : -0.0000
Residue Topographical Entropy from AEM (LYS 109) : 7.8320
Residue Topographical Entropy from AEM (SER 110) : 8.0339
Residue Topographical Entropy from AEM (THR 111) : -0.0000
Residue Topographical Entropy from AEM (LEU 112) : 3.5130
Residue Topographical Entropy from AEM (VAL 113) : -0.0000
Residue Topographical Entropy from AEM (GLY 114) : -0.0000
Residue Topographical Entropy from AEM (HID 115) : -0.0000
Residue Topographical Entropy from AEM (ASP 116) : 5.2787
Residue Topographical Entropy from AEM (THR 117) : -0.0000
Residue Topographical Entropy from AEM (PHE 118) : -0.0000
Residue Topographical Entropy from AEM (THR 119) : 5.6911
Residue Topographical Entropy from AEM (LYS 120) : 11.8964
Residue Topographical Entropy from AEM (VAL 121) : 5.4511
Residue Topographical Entropy from AEM (LYS 122) : 17.4032
Residue Topographical Entropy from AEM (PRO 123) : 5.7309
Residue Topographical Entropy from AEM (SER 124) : 8.8162
Residue Topographical Entropy from AEM (ALA 125) : -0.0000
Residue Topographical Entropy from AEM (ALA 126) : -0.0000
Residue Topographical Entropy from AEM (CSER 127) : 2.9065
____________________________________________________________
Total Topog. Entropy (AEM)               :         415.958
------------------------------------------------------------
____________________________________________________________
Total Entropy                            :         415.958
------------------------------------------------------------
