------------------------------------------------------------
Topographical entropy of residue side chains 
computed using all the dihedrals with AEM method
------------------------------------------------------------
Residue Topographical Entropy from AEM (NALA 1) : 2.2018
Residue Topographical Entropy from AEM (GLU 2) : 25.8023
Residue Topographical Entropy from AEM (ALA 3) : -0.0000
Residue Topographical Entropy from AEM (GLY 4) : -0.0000
Residue Topographical Entropy from AEM (ILE 5) : 3.3816
Residue Topographical Entropy from AEM (THR 6) : 2.7485
Residue Topographical Entropy from AEM (GLY 7) : -0.0000
Residue Topographical Entropy from AEM (THR 8) : 2.0887
Residue Topographical Entropy from AEM (TRP 9) : 45.4971
Residue Topographical Entropy from AEM (TYR 10) : 22.5187
Residue Topographical Entropy from AEM (ALA 11) : -0.0000
Residue Topographical Entropy from AEM (GLN 12) : 18.7893
Residue Topographical Entropy from AEM (LEU 13) : 8.4305
Residue Topographical Entropy from AEM (GLY 14) : -0.0000
Residue Topographical Entropy from AEM (SER 15) : 7.7694
Residue Topographical Entropy from AEM (THR 16) : 4.3801
Residue Topographical Entropy from AEM (PHE 17) : 25.4801
Residue Topographical Entropy from AEM (ILE 18) : 12.2387
Residue Topographical Entropy from AEM (VAL 19) : 4.0266
Residue Topographical Entropy from AEM (THR 20) : 7.1857
Residue Topographical Entropy from AEM (ALA 21) : -0.0000
Residue Topographical Entropy from AEM (GLY 22) : -0.0000
Residue Topographical Entropy from AEM (ALA 23) : -0.0000
Residue Topographical Entropy from AEM (ASP 24) : 10.5851
Residue Topographical Entropy from AEM (GLY 25) : -0.0000
Residue Topographical Entropy from AEM (ALA 26) : -0.0000
Residue Topographical Entropy from AEM (LEU 27) : 10.0636
Residue Topographical Entropy from AEM (THR 28) : 8.8634
Residue Topographical Entropy from AEM (GLY 29) : -0.0000
Residue Topographical Entropy from AEM (THR 30) : 8.5017
Residue Topographical Entropy from AEM (TYR 31) : 28.2629
Residue Topographical Entropy from AEM (GLU 32) : 20.9340
Residue Topographical Entropy from AEM (SER 33) : 6.8718
Residue Topographical Entropy from AEM (ALA 34) : -0.0000
Residue Topographical Entropy from AEM (VAL 35) : 8.5953
Residue Topographical Entropy from AEM (GLY 36) : -0.0000
Residue Topographical Entropy from AEM (ASN 37) : 12.6528
Residue Topographical Entropy from AEM (ALA 38) : -0.0000
Residue Topographical Entropy from AEM (GLU 39) : 14.6393
Residue Topographical Entropy from AEM (SER 40) : 8.2674
Residue Topographical Entropy from AEM (ARG 41) : 17.6350
Residue Topographical Entropy from AEM (TYR 42) : 23.9410
Residue Topographical Entropy from AEM (VAL 43) : 2.2313
Residue Topographical Entropy from AEM (LEU 44) : 9.2017
Residue Topographical Entropy from AEM (THR 45) : 6.4192
Residue Topographical Entropy from AEM (GLY 46) : -0.0000
Residue Topographical Entropy from AEM (ARG 47) : 2.8893
Residue Topographical Entropy from AEM (TYR 48) : 26.2647
Residue Topographical Entropy from AEM (ASP 49) : 5.4702
Residue Topographical Entropy from AEM (SER 50) : 4.6662
Residue Topographical Entropy from AEM (ALA 51) : -0.0000
Residue Topographical Entropy from AEM (PRO 52) : 8.8594
Residue Topographical Entropy from AEM (ALA 53) : -0.0000
Residue Topographical Entropy from AEM (THR 54) : 8.9788
Residue Topographical Entropy from AEM (ASP 55) : 11.2349
Residue Topographical Entropy from AEM (GLY 56) : -0.0000
Residue Topographical Entropy from AEM (SER 57) : 7.6599
Residue Topographical Entropy from AEM (GLY 58) : -0.0000
Residue Topographical Entropy from AEM (THR 59) : 1.1017
Residue Topographical Entropy from AEM (ALA 60) : -0.0000
Residue Topographical Entropy from AEM (LEU 61) : 4.0195
Residue Topographical Entropy from AEM (GLY 62) : -0.0000
Residue Topographical Entropy from AEM (TRP 63) : 40.5473
Residue Topographical Entropy from AEM (THR 64) : 0.8751
Residue Topographical Entropy from AEM (VAL 65) : 2.6869
Residue Topographical Entropy from AEM (ALA 66) : -0.0000
Residue Topographical Entropy from AEM (TRP 67) : 34.0569
Residue Topographical Entropy from AEM (LYS 68) : 17.8446
Residue Topographical Entropy from AEM (ASN 69) : 13.9430
Residue Topographical Entropy from AEM (ASN 70) : 7.2633
Residue Topographical Entropy from AEM (TYR 71) : 33.3555
Residue Topographical Entropy from AEM (ARG 72) : 19.9426
Residue Topographical Entropy from AEM (ASN 73) : 2.5618
Residue Topographical Entropy from AEM (ALA 74) : -0.0000
Residue Topographical Entropy from AEM (HID 75) : 17.9414
Residue Topographical Entropy from AEM (SER 76) : 1.2681
Residue Topographical Entropy from AEM (ALA 77) : -0.0000
Residue Topographical Entropy from AEM (THR 78) : 0.8869
Residue Topographical Entropy from AEM (THR 79) : 0.4360
Residue Topographical Entropy from AEM (TRP 80) : 41.0672
Residue Topographical Entropy from AEM (SER 81) : 1.5330
Residue Topographical Entropy from AEM (GLY 82) : -0.0000
Residue Topographical Entropy from AEM (GLN 83) : 11.8274
Residue Topographical Entropy from AEM (TYR 84) : 25.7263
Residue Topographical Entropy from AEM (VAL 85) : 5.0559
Residue Topographical Entropy from AEM (GLY 86) : -0.0000
Residue Topographical Entropy from AEM (GLY 87) : -0.0000
Residue Topographical Entropy from AEM (ALA 88) : -0.0000
Residue Topographical Entropy from AEM (GLU 89) : 20.4613
Residue Topographical Entropy from AEM (ALA 90) : -0.0000
Residue Topographical Entropy from AEM (ARG 91) : 11.6057
Residue Topographical Entropy from AEM (ILE 92) : 1.4020
Residue Topographical Entropy from AEM (ASN 93) : 6.4530
Residue Topographical Entropy from AEM (THR 94) : 1.7261
Residue Topographical Entropy from AEM (GLN 95) : 1.4468
Residue Topographical Entropy from AEM (TRP 96) : 41.3018
Residue Topographical Entropy from AEM (LEU 97) : 2.4926
Residue Topographical Entropy from AEM (LEU 98) : 1.1335
Residue Topographical Entropy from AEM (THR 99) : 0.5220
Residue Topographical Entropy from AEM (SER 100) : 7.6264
Residue Topographical Entropy from AEM (GLY 101) : -0.0000
Residue Topographical Entropy from AEM (THR 102) : 7.9671
Residue Topographical Entropy from AEM (THR 103) : 6.0601
Residue Topographical Entropy from AEM (GLU 104) : 25.5522
Residue Topographical Entropy from AEM (ALA 105) : -0.0000
Residue Topographical Entropy from AEM (ASN 106) : 7.3237
Residue Topographical Entropy from AEM (ALA 107) : -0.0000
Residue Topographical Entropy from AEM (TRP 108) : 39.7097
Residue Topographical Entropy from AEM (LYS 109) : 13.8231
Residue Topographical Entropy from AEM (SER 110) : 1.5849
Residue Topographical Entropy from AEM (THR 111) : -0.0000
Residue Topographical Entropy from AEM (LEU 112) : 2.9414
Residue Topographical Entropy from AEM (VAL 113) : 0.5953
Residue Topographical Entropy from AEM (GLY 114) : -0.0000
Residue Topographical Entropy from AEM (HID 115) : 20.7735
Residue Topographical Entropy from AEM (ASP 116) : 5.6888
Residue Topographical Entropy from AEM (THR 117) : 3.2636
Residue Topographical Entropy from AEM (PHE 118) : 24.3253
Residue Topographical Entropy from AEM (THR 119) : 6.1343
Residue Topographical Entropy from AEM (LYS 120) : 14.0165
Residue Topographical Entropy from AEM (VAL 121) : 5.9745
Residue Topographical Entropy from AEM (LYS 122) : 17.5432
Residue Topographical Entropy from AEM (PRO 123) : 7.2460
Residue Topographical Entropy from AEM (SER 124) : 8.4542
Residue Topographical Entropy from AEM (ALA 125) : -0.0000
Residue Topographical Entropy from AEM (ALA 126) : -0.0000
Residue Topographical Entropy from AEM (CSER 127) : 5.5794
____________________________________________________________
Total Topog. Entropy (AEM)               :        1070.896
------------------------------------------------------------
____________________________________________________________
Total Entropy                            :        1070.896
------------------------------------------------------------
------------------------------------------------------------
Topographical entropy of residue side chains 
computed using all the dihedrals with AEM method
------------------------------------------------------------
Residue Topographical Entropy from AEM (NALA 1) : 1.8120
Residue Topographical Entropy from AEM (GLU 2) : 23.5455
Residue Topographical Entropy from AEM (ALA 3) : -0.0000
Residue Topographical Entropy from AEM (GLY 4) : -0.0000
Residue Topographical Entropy from AEM (ILE 5) : 2.9275
Residue Topographical Entropy from AEM (THR 6) : 0.3689
Residue Topographical Entropy from AEM (GLY 7) : -0.0000
Residue Topographical Entropy from AEM (THR 8) : 1.6859
Residue Topographical Entropy from AEM (TRP 9) : 41.6422
Residue Topographical Entropy from AEM (TYR 10) : 25.0637
Residue Topographical Entropy from AEM (ALA 11) : -0.0000
Residue Topographical Entropy from AEM (GLN 12) : 17.7876
Residue Topographical Entropy from AEM (LEU 13) : 7.7150
Residue Topographical Entropy from AEM (GLY 14) : -0.0000
Residue Topographical Entropy from AEM (SER 15) : 6.2394
Residue Topographical Entropy from AEM (THR 16) : 2.4899
Residue Topographical Entropy from AEM (PHE 17) : 25.2223
Residue Topographical Entropy from AEM (ILE 18) : 10.0166
Residue Topographical Entropy from AEM (VAL 19) : 1.1907
Residue Topographical Entropy from AEM (THR 20) : 6.3040
Residue Topographical Entropy from AEM (ALA 21) : -0.0000
Residue Topographical Entropy from AEM (GLY 22) : -0.0000
Residue Topographical Entropy from AEM (ALA 23) : -0.0000
Residue Topographical Entropy from AEM (ASP 24) : 11.5740
Residue Topographical Entropy from AEM (GLY 25) : -0.0000
Residue Topographical Entropy from AEM (ALA 26) : -0.0000
Residue Topographical Entropy from AEM (LEU 27) : 8.9842
Residue Topographical Entropy from AEM (THR 28) : 8.1217
Residue Topographical Entropy from AEM (GLY 29) : -0.0000
Residue Topographical Entropy from AEM (THR 30) : 9.1323
Residue Topographical Entropy from AEM (TYR 31) : 27.7512
Residue Topographical Entropy from AEM (GLU 32) : 13.0485
Residue Topographical Entropy from AEM (SER 33) : 7.7599
Residue Topographical Entropy from AEM (ALA 34) : -0.0000
Residue Topographical Entropy from AEM (VAL 35) : 9.0406
Residue Topographical Entropy from AEM (GLY 36) : -0.0000
Residue Topographical Entropy from AEM (ASN 37) : 11.7414
Residue Topographical Entropy from AEM (ALA 38) : -0.0000
Residue Topographical Entropy from AEM (GLU 39) : 15.9675
Residue Topographical Entropy from AEM (SER 40) : 8.8270
Residue Topographical Entropy from AEM (ARG 41) : 15.3851
Residue Topographical Entropy from AEM (TYR 42) : 24.6320
Residue Topographical Entropy from AEM (VAL 43) : 0.4497
Residue Topographical Entropy from AEM (LEU 44) : 5.3314
Residue Topographical Entropy from AEM (THR 45) : 7.3880
Residue Topographical Entropy from AEM (GLY 46) : -0.0000
Residue Topographical Entropy from AEM (ARG 47) : 0.6436
Residue Topographical Entropy from AEM (TYR 48) : 27.1280
Residue Topographical Entropy from AEM (ASP 49) : 0.6812
Residue Topographical Entropy from AEM (SER 50) : 2.9769
Residue Topographical Entropy from AEM (ALA 51) : -0.0000
Residue Topographical Entropy from AEM (PRO 52) : 7.6918
Residue Topographical Entropy from AEM (ALA 53) : -0.0000
Residue Topographical Entropy from AEM (THR 54) : 4.2774
Residue Topographical Entropy from AEM (ASP 55) : 8.3389
Residue Topographical Entropy from AEM (GLY 56) : -0.0000
Residue Topographical Entropy from AEM (SER 57) : 3.1549
Residue Topographical Entropy from AEM (GLY 58) : -0.0000
Residue Topographical Entropy from AEM (THR 59) : 0.4539
Residue Topographical Entropy from AEM (ALA 60) : -0.0000
Residue Topographical Entropy from AEM (LEU 61) : 3.4849
Residue Topographical Entropy from AEM (GLY 62) : -0.0000
Residue Topographical Entropy from AEM (TRP 63) : 37.5490
Residue Topographical Entropy from AEM (THR 64) : 0.4172
Residue Topographical Entropy from AEM (VAL 65) : 0.0104
Residue Topographical Entropy from AEM (ALA 66) : -0.0000
Residue Topographical Entropy from AEM (TRP 67) : 39.6480
Residue Topographical Entropy from AEM (LYS 68) : 12.0281
Residue Topographical Entropy from AEM (ASN 69) : 4.1218
Residue Topographical Entropy from AEM (ASN 70) : 12.3318
Residue Topographical Entropy from AEM (TYR 71) : 33.0822
Residue Topographical Entropy from AEM (ARG 72) : 20.4938
Residue Topographical Entropy from AEM (ASN 73) : 4.8646
Residue Topographical Entropy from AEM (ALA 74) : -0.0000
Residue Topographical Entropy from AEM (HID 75) : 21.8506
Residue Topographical Entropy from AEM (SER 76) : 2.3621
Residue Topographical Entropy from AEM (ALA 77) : -0.0000
Residue Topographical Entropy from AEM (THR 78) : 0.8101
Residue Topographical Entropy from AEM (THR 79) : 1.0837
Residue Topographical Entropy from AEM (TRP 80) : 38.0821
Residue Topographical Entropy from AEM (SER 81) : 1.3427
Residue Topographical Entropy from AEM (GLY 82) : -0.0000
Residue Topographical Entropy from AEM (GLN 83) : 9.1973
Residue Topographical Entropy from AEM (TYR 84) : 29.3634
Residue Topographical Entropy from AEM (VAL 85) : 2.8394
Residue Topographical Entropy from AEM (GLY 86) : -0.0000
Residue Topographical Entropy from AEM (GLY 87) : -0.0000
Residue Topographical Entropy from AEM (ALA 88) : -0.0000
Residue Topographical Entropy from AEM (GLU 89) : 22.4394
Residue Topographical Entropy from AEM (ALA 90) : -0.0000
Residue Topographical Entropy from AEM (ARG 91) : 14.5094
Residue Topographical Entropy from AEM (ILE 92) : 2.2725
Residue Topographical Entropy from AEM (ASN 93) : 8.2085
Residue Topographical Entropy from AEM (THR 94) : 4.7948
Residue Topographical Entropy from AEM (GLN 95) : 3.1389
Residue Topographical Entropy from AEM (TRP 96) : 40.3656
Residue Topographical Entropy from AEM (LEU 97) : 2.3006
Residue Topographical Entropy from AEM (LEU 98) : 1.8072
Residue Topographical Entropy from AEM (THR 99) : 0.0511
Residue Topographical Entropy from AEM (SER 100) : 8.1212
Residue Topographical Entropy from AEM (GLY 101) : -0.0000
Residue Topographical Entropy from AEM (THR 102) : 2.9521
Residue Topographical Entropy from AEM (THR 103) : 1.7435
Residue Topographical Entropy from AEM (GLU 104) : 25.3384
Residue Topographical Entropy from AEM (ALA 105) : -0.0000
Residue Topographical Entropy from AEM (ASN 106) : 2.8735
Residue Topographical Entropy from AEM (ALA 107) : -0.0000
Residue Topographical Entropy from AEM (TRP 108) : 45.4911
Residue Topographical Entropy from AEM (LYS 109) : 13.8256
Residue Topographical Entropy from AEM (SER 110) : 1.2316
Residue Topographical Entropy from AEM (THR 111) : 1.0612
Residue Topographical Entropy from AEM (LEU 112) : 3.0808
Residue Topographical Entropy from AEM (VAL 113) : 1.0355
Residue Topographical Entropy from AEM (GLY 114) : -0.0000
Residue Topographical Entropy from AEM (HID 115) : 22.9251
Residue Topographical Entropy from AEM (ASP 116) : 5.4909
Residue Topographical Entropy from AEM (THR 117) : 7.0411
Residue Topographical Entropy from AEM (PHE 118) : 25.4510
Residue Topographical Entropy from AEM (THR 119) : 6.3029
Residue Topographical Entropy from AEM (LYS 120) : 15.7903
Residue Topographical Entropy from AEM (VAL 121) : 5.0020
Residue Topographical Entropy from AEM (LYS 122) : 18.5346
Residue Topographical Entropy from AEM (PRO 123) : 8.7268
Residue Topographical Entropy from AEM (SER 124) : 9.0244
Residue Topographical Entropy from AEM (ALA 125) : -0.0000
Residue Topographical Entropy from AEM (ALA 126) : -0.0000
Residue Topographical Entropy from AEM (CSER 127) : 6.8966
____________________________________________________________
Total Topog. Entropy (AEM)               :        1027.284
------------------------------------------------------------
____________________________________________________________
Total Entropy                            :        1027.284
------------------------------------------------------------
------------------------------------------------------------
Topographical entropy of residue side chains 
computed using all the dihedrals with AEM method
------------------------------------------------------------
Residue Topographical Entropy from AEM (NALA 1) : 1.9747
Residue Topographical Entropy from AEM (GLU 2) : 24.0664
Residue Topographical Entropy from AEM (ALA 3) : -0.0000
Residue Topographical Entropy from AEM (GLY 4) : -0.0000
Residue Topographical Entropy from AEM (ILE 5) : 2.6718
Residue Topographical Entropy from AEM (THR 6) : 2.1733
Residue Topographical Entropy from AEM (GLY 7) : -0.0000
Residue Topographical Entropy from AEM (THR 8) : 0.8987
Residue Topographical Entropy from AEM (TRP 9) : 39.4837
Residue Topographical Entropy from AEM (TYR 10) : 25.1527
Residue Topographical Entropy from AEM (ALA 11) : -0.0000
Residue Topographical Entropy from AEM (GLN 12) : 15.3154
Residue Topographical Entropy from AEM (LEU 13) : 8.9228
Residue Topographical Entropy from AEM (GLY 14) : -0.0000
Residue Topographical Entropy from AEM (SER 15) : 7.8231
Residue Topographical Entropy from AEM (THR 16) : 4.9252
Residue Topographical Entropy from AEM (PHE 17) : 29.6613
Residue Topographical Entropy from AEM (ILE 18) : 12.2486
Residue Topographical Entropy from AEM (VAL 19) : 4.7302
Residue Topographical Entropy from AEM (THR 20) : 4.4239
Residue Topographical Entropy from AEM (ALA 21) : -0.0000
Residue Topographical Entropy from AEM (GLY 22) : -0.0000
Residue Topographical Entropy from AEM (ALA 23) : -0.0000
Residue Topographical Entropy from AEM (ASP 24) : 9.4862
Residue Topographical Entropy from AEM (GLY 25) : -0.0000
Residue Topographical Entropy from AEM (ALA 26) : -0.0000
Residue Topographical Entropy from AEM (LEU 27) : 9.4137
Residue Topographical Entropy from AEM (THR 28) : 8.8866
Residue Topographical Entropy from AEM (GLY 29) : -0.0000
Residue Topographical Entropy from AEM (THR 30) : 6.5858
Residue Topographical Entropy from AEM (TYR 31) : 26.0850
Residue Topographical Entropy from AEM (GLU 32) : 15.6284
Residue Topographical Entropy from AEM (SER 33) : 6.0689
Residue Topographical Entropy from AEM (ALA 34) : -0.0000
Residue Topographical Entropy from AEM (VAL 35) : 8.7139
Residue Topographical Entropy from AEM (GLY 36) : -0.0000
Residue Topographical Entropy from AEM (ASN 37) : 8.4664
Residue Topographical Entropy from AEM (ALA 38) : -0.0000
Residue Topographical Entropy from AEM (GLU 39) : 17.1660
Residue Topographical Entropy from AEM (SER 40) : 8.5968
Residue Topographical Entropy from AEM (ARG 41) : 14.3976
Residue Topographical Entropy from AEM (TYR 42) : 28.6466
Residue Topographical Entropy from AEM (VAL 43) : 1.2957
Residue Topographical Entropy from AEM (LEU 44) : 3.3460
Residue Topographical Entropy from AEM (THR 45) : 6.8166
Residue Topographical Entropy from AEM (GLY 46) : -0.0000
Residue Topographical Entropy from AEM (ARG 47) : 1.9190
Residue Topographical Entropy from AEM (TYR 48) : 28.1386
Residue Topographical Entropy from AEM (ASP 49) : 6.3181
Residue Topographical Entropy from AEM (SER 50) : 1.5787
Residue Topographical Entropy from AEM (ALA 51) : -0.0000
Residue Topographical Entropy from AEM (PRO 52) : 7.6244
Residue Topographical Entropy from AEM (ALA 53) : -0.0000
Residue Topographical Entropy from AEM (THR 54) : 7.8366
Residue Topographical Entropy from AEM (ASP 55) : 12.1813
Residue Topographical Entropy from AEM (GLY 56) : -0.0000
Residue Topographical Entropy from AEM (SER 57) : 7.1212
Residue Topographical Entropy from AEM (GLY 58) : -0.0000
Residue Topographical Entropy from AEM (THR 59) : 1.8914
Residue Topographical Entropy from AEM (ALA 60) : -0.0000
Residue Topographical Entropy from AEM (LEU 61) : 6.2293
Residue Topographical Entropy from AEM (GLY 62) : -0.0000
Residue Topographical Entropy from AEM (TRP 63) : 38.3052
Residue Topographical Entropy from AEM (THR 64) : 0.4073
Residue Topographical Entropy from AEM (VAL 65) : 0.5057
Residue Topographical Entropy from AEM (ALA 66) : -0.0000
Residue Topographical Entropy from AEM (TRP 67) : 43.2959
Residue Topographical Entropy from AEM (LYS 68) : 15.8839
Residue Topographical Entropy from AEM (ASN 69) : 5.3913
Residue Topographical Entropy from AEM (ASN 70) : 12.8954
Residue Topographical Entropy from AEM (TYR 71) : 40.7522
Residue Topographical Entropy from AEM (ARG 72) : 20.3401
Residue Topographical Entropy from AEM (ASN 73) : 7.9912
Residue Topographical Entropy from AEM (ALA 74) : -0.0000
Residue Topographical Entropy from AEM (HID 75) : 23.7805
Residue Topographical Entropy from AEM (SER 76) : 1.8773
Residue Topographical Entropy from AEM (ALA 77) : -0.0000
Residue Topographical Entropy from AEM (THR 78) : 0.4254
Residue Topographical Entropy from AEM (THR 79) : 0.4172
Residue Topographical Entropy from AEM (TRP 80) : 43.1478
Residue Topographical Entropy from AEM (SER 81) : 3.7669
Residue Topographical Entropy from AEM (GLY 82) : -0.0000
Residue Topographical Entropy from AEM (GLN 83) : 10.7365
Residue Topographical Entropy from AEM (TYR 84) : 26.4489
Residue Topographical Entropy from AEM (VAL 85) : 2.6393
Residue Topographical Entropy from AEM (GLY 86) : -0.0000
Residue Topographical Entropy from AEM (GLY 87) : -0.0000
Residue Topographical Entropy from AEM (ALA 88) : -0.0000
Residue Topographical Entropy from AEM (GLU 89) : 24.0220
Residue Topographical Entropy from AEM (ALA 90) : -0.0000
Residue Topographical Entropy from AEM (ARG 91) : 13.0227
Residue Topographical Entropy from AEM (ILE 92) : 0.9517
Residue Topographical Entropy from AEM (ASN 93) : 8.5930
Residue Topographical Entropy from AEM (THR 94) : 0.7741
Residue Topographical Entropy from AEM (GLN 95) : 2.8903
Residue Topographical Entropy from AEM (TRP 96) : 39.4288
Residue Topographical Entropy from AEM (LEU 97) : 6.0511
Residue Topographical Entropy from AEM (LEU 98) : 1.9138
Residue Topographical Entropy from AEM (THR 99) : 1.1119
Residue Topographical Entropy from AEM (SER 100) : 8.3847
Residue Topographical Entropy from AEM (GLY 101) : -0.0000
Residue Topographical Entropy from AEM (THR 102) : 5.7388
Residue Topographical Entropy from AEM (THR 103) : 2.7347
Residue Topographical Entropy from AEM (GLU 104) : 25.6713
Residue Topographical Entropy from AEM (ALA 105) : -0.0000
Residue Topographical Entropy from AEM (ASN 106) : 6.1278
Residue Topographical Entropy from AEM (ALA 107) : -0.0000
Residue Topographical Entropy from AEM (TRP 108) : 36.2473
Residue Topographical Entropy from AEM (LYS 109) : 15.3767
Residue Topographical Entropy from AEM (SER 110) : 2.5945
Residue Topographical Entropy from AEM (THR 111) : 0.2225
Residue Topographical Entropy from AEM (LEU 112) : 3.2936
Residue Topographical Entropy from AEM (VAL 113) : -0.0000
Residue Topographical Entropy from AEM (GLY 114) : -0.0000
Residue Topographical Entropy from AEM (HID 115) : 21.3321
Residue Topographical Entropy from AEM (ASP 116) : 5.7283
Residue Topographical Entropy from AEM (THR 117) : 4.7734
Residue Topographical Entropy from AEM (PHE 118) : 28.3774
Residue Topographical Entropy from AEM (THR 119) : 5.7590
Residue Topographical Entropy from AEM (LYS 120) : 16.6068
Residue Topographical Entropy from AEM (VAL 121) : 6.7775
Residue Topographical Entropy from AEM (LYS 122) : 21.7306
Residue Topographical Entropy from AEM (PRO 123) : 10.3830
Residue Topographical Entropy from AEM (SER 124) : 8.6092
Residue Topographical Entropy from AEM (ALA 125) : -0.0000
Residue Topographical Entropy from AEM (ALA 126) : -0.0000
Residue Topographical Entropy from AEM (CSER 127) : 8.1580
____________________________________________________________
Total Topog. Entropy (AEM)               :        1087.305
------------------------------------------------------------
____________________________________________________________
Total Entropy                            :        1087.305
------------------------------------------------------------
------------------------------------------------------------
Topographical entropy of residue side chains 
computed using all the dihedrals with AEM method
------------------------------------------------------------
Residue Topographical Entropy from AEM (NALA 1) : 2.5370
Residue Topographical Entropy from AEM (GLU 2) : 23.8154
Residue Topographical Entropy from AEM (ALA 3) : -0.0000
Residue Topographical Entropy from AEM (GLY 4) : -0.0000
Residue Topographical Entropy from AEM (ILE 5) : 1.5047
Residue Topographical Entropy from AEM (THR 6) : 1.0203
Residue Topographical Entropy from AEM (GLY 7) : -0.0000
Residue Topographical Entropy from AEM (THR 8) : 1.5345
Residue Topographical Entropy from AEM (TRP 9) : 21.2467
Residue Topographical Entropy from AEM (TYR 10) : 26.6186
Residue Topographical Entropy from AEM (ALA 11) : -0.0000
Residue Topographical Entropy from AEM (GLN 12) : 13.8150
Residue Topographical Entropy from AEM (LEU 13) : 8.4193
Residue Topographical Entropy from AEM (GLY 14) : -0.0000
Residue Topographical Entropy from AEM (SER 15) : 6.2381
Residue Topographical Entropy from AEM (THR 16) : 3.6844
Residue Topographical Entropy from AEM (PHE 17) : 0.0585
Residue Topographical Entropy from AEM (ILE 18) : 11.7253
Residue Topographical Entropy from AEM (VAL 19) : 1.3089
Residue Topographical Entropy from AEM (THR 20) : 6.4317
Residue Topographical Entropy from AEM (ALA 21) : -0.0000
Residue Topographical Entropy from AEM (GLY 22) : -0.0000
Residue Topographical Entropy from AEM (ALA 23) : -0.0000
Residue Topographical Entropy from AEM (ASP 24) : 10.0263
Residue Topographical Entropy from AEM (GLY 25) : -0.0000
Residue Topographical Entropy from AEM (ALA 26) : -0.0000
Residue Topographical Entropy from AEM (LEU 27) : 10.0938
Residue Topographical Entropy from AEM (THR 28) : 8.9561
Residue Topographical Entropy from AEM (GLY 29) : -0.0000
Residue Topographical Entropy from AEM (THR 30) : 7.3479
Residue Topographical Entropy from AEM (TYR 31) : 0.1284
Residue Topographical Entropy from AEM (GLU 32) : 19.1261
Residue Topographical Entropy from AEM (SER 33) : 7.4967
Residue Topographical Entropy from AEM (ALA 34) : -0.0000
Residue Topographical Entropy from AEM (VAL 35) : 8.9385
Residue Topographical Entropy from AEM (GLY 36) : -0.0000
Residue Topographical Entropy from AEM (ASN 37) : 8.9399
Residue Topographical Entropy from AEM (ALA 38) : -0.0000
Residue Topographical Entropy from AEM (GLU 39) : 17.2087
Residue Topographical Entropy from AEM (SER 40) : 8.7138
Residue Topographical Entropy from AEM (ARG 41) : 13.9564
Residue Topographical Entropy from AEM (TYR 42) : 24.0529
Residue Topographical Entropy from AEM (VAL 43) : 0.8468
Residue Topographical Entropy from AEM (LEU 44) : 3.6752
Residue Topographical Entropy from AEM (THR 45) : 6.5432
Residue Topographical Entropy from AEM (GLY 46) : -0.0000
Residue Topographical Entropy from AEM (ARG 47) : 4.4794
Residue Topographical Entropy from AEM (TYR 48) : 26.5794
Residue Topographical Entropy from AEM (ASP 49) : 3.1428
Residue Topographical Entropy from AEM (SER 50) : 6.7323
Residue Topographical Entropy from AEM (ALA 51) : -0.0000
Residue Topographical Entropy from AEM (PRO 52) : 10.1919
Residue Topographical Entropy from AEM (ALA 53) : -0.0000
Residue Topographical Entropy from AEM (THR 54) : 8.8537
Residue Topographical Entropy from AEM (ASP 55) : 10.9710
Residue Topographical Entropy from AEM (GLY 56) : -0.0000
Residue Topographical Entropy from AEM (SER 57) : 7.6213
Residue Topographical Entropy from AEM (GLY 58) : -0.0000
Residue Topographical Entropy from AEM (THR 59) : 4.4580
Residue Topographical Entropy from AEM (ALA 60) : -0.0000
Residue Topographical Entropy from AEM (LEU 61) : 6.3793
Residue Topographical Entropy from AEM (GLY 62) : -0.0000
Residue Topographical Entropy from AEM (TRP 63) : -0.0000
Residue Topographical Entropy from AEM (THR 64) : -0.0000
Residue Topographical Entropy from AEM (VAL 65) : 0.0358
Residue Topographical Entropy from AEM (ALA 66) : -0.0000
Residue Topographical Entropy from AEM (TRP 67) : 0.0869
Residue Topographical Entropy from AEM (LYS 68) : 16.7839
Residue Topographical Entropy from AEM (ASN 69) : 7.6689
Residue Topographical Entropy from AEM (ASN 70) : 13.8672
Residue Topographical Entropy from AEM (TYR 71) : 32.9442
Residue Topographical Entropy from AEM (ARG 72) : 19.4646
Residue Topographical Entropy from AEM (ASN 73) : 11.6325
Residue Topographical Entropy from AEM (ALA 74) : -0.0000
Residue Topographical Entropy from AEM (HID 75) : 17.0890
Residue Topographical Entropy from AEM (SER 76) : 1.8178
Residue Topographical Entropy from AEM (ALA 77) : -0.0000
Residue Topographical Entropy from AEM (THR 78) : 0.0104
Residue Topographical Entropy from AEM (THR 79) : 5.5199
Residue Topographical Entropy from AEM (TRP 80) : 0.0104
Residue Topographical Entropy from AEM (SER 81) : 1.2911
Residue Topographical Entropy from AEM (GLY 82) : -0.0000
Residue Topographical Entropy from AEM (GLN 83) : 16.4159
Residue Topographical Entropy from AEM (TYR 84) : 24.7932
Residue Topographical Entropy from AEM (VAL 85) : 4.5010
Residue Topographical Entropy from AEM (GLY 86) : -0.0000
Residue Topographical Entropy from AEM (GLY 87) : -0.0000
Residue Topographical Entropy from AEM (ALA 88) : -0.0000
Residue Topographical Entropy from AEM (GLU 89) : 20.8484
Residue Topographical Entropy from AEM (ALA 90) : -0.0000
Residue Topographical Entropy from AEM (ARG 91) : 12.5845
Residue Topographical Entropy from AEM (ILE 92) : 0.2809
Residue Topographical Entropy from AEM (ASN 93) : 10.9879
Residue Topographical Entropy from AEM (THR 94) : 5.6130
Residue Topographical Entropy from AEM (GLN 95) : 12.2828
Residue Topographical Entropy from AEM (TRP 96) : 36.7635
Residue Topographical Entropy from AEM (LEU 97) : 3.6003
Residue Topographical Entropy from AEM (LEU 98) : 3.9565
Residue Topographical Entropy from AEM (THR 99) : 0.2562
Residue Topographical Entropy from AEM (SER 100) : 6.8225
Residue Topographical Entropy from AEM (GLY 101) : -0.0000
Residue Topographical Entropy from AEM (THR 102) : 4.8224
Residue Topographical Entropy from AEM (THR 103) : 4.1978
Residue Topographical Entropy from AEM (GLU 104) : 24.6452
Residue Topographical Entropy from AEM (ALA 105) : -0.0000
Residue Topographical Entropy from AEM (ASN 106) : 2.0904
Residue Topographical Entropy from AEM (ALA 107) : -0.0000
Residue Topographical Entropy from AEM (TRP 108) : 38.6617
Residue Topographical Entropy from AEM (LYS 109) : 12.1412
Residue Topographical Entropy from AEM (SER 110) : 1.3080
Residue Topographical Entropy from AEM (THR 111) : 0.5313
Residue Topographical Entropy from AEM (LEU 112) : 3.2534
Residue Topographical Entropy from AEM (VAL 113) : 0.5686
Residue Topographical Entropy from AEM (GLY 114) : -0.0000
Residue Topographical Entropy from AEM (HID 115) : 17.3875
Residue Topographical Entropy from AEM (ASP 116) : 5.7631
Residue Topographical Entropy from AEM (THR 117) : 1.0085
Residue Topographical Entropy from AEM (PHE 118) : 14.9595
Residue Topographical Entropy from AEM (THR 119) : 5.6954
Residue Topographical Entropy from AEM (LYS 120) : 13.4225
Residue Topographical Entropy from AEM (VAL 121) : 5.3299
Residue Topographical Entropy from AEM (LYS 122) : 18.4611
Residue Topographical Entropy from AEM (PRO 123) : 8.0904
Residue Topographical Entropy from AEM (SER 124) : 8.5803
Residue Topographical Entropy from AEM (ALA 125) : -0.0000
Residue Topographical Entropy from AEM (ALA 126) : -0.0000
Residue Topographical Entropy from AEM (CSER 127) : 6.1406
____________________________________________________________
Total Topog. Entropy (AEM)               :         860.406
------------------------------------------------------------
____________________________________________________________
Total Entropy                            :         860.406
------------------------------------------------------------
------------------------------------------------------------
Topographical entropy of residue side chains 
computed using all the dihedrals with AEM method
------------------------------------------------------------
Residue Topographical Entropy from AEM (NALA 1) : 2.7998
Residue Topographical Entropy from AEM (GLU 2) : 23.5135
Residue Topographical Entropy from AEM (ALA 3) : -0.0000
Residue Topographical Entropy from AEM (GLY 4) : -0.0000
Residue Topographical Entropy from AEM (ILE 5) : 3.2457
Residue Topographical Entropy from AEM (THR 6) : 1.3133
Residue Topographical Entropy from AEM (GLY 7) : -0.0000
Residue Topographical Entropy from AEM (THR 8) : 2.6439
Residue Topographical Entropy from AEM (TRP 9) : 42.5762
Residue Topographical Entropy from AEM (TYR 10) : 28.5395
Residue Topographical Entropy from AEM (ALA 11) : -0.0000
Residue Topographical Entropy from AEM (GLN 12) : 18.5226
Residue Topographical Entropy from AEM (LEU 13) : 8.8580
Residue Topographical Entropy from AEM (GLY 14) : -0.0000
Residue Topographical Entropy from AEM (SER 15) : 5.1358
Residue Topographical Entropy from AEM (THR 16) : 3.7680
Residue Topographical Entropy from AEM (PHE 17) : 28.9997
Residue Topographical Entropy from AEM (ILE 18) : 12.4892
Residue Topographical Entropy from AEM (VAL 19) : 3.5553
Residue Topographical Entropy from AEM (THR 20) : 6.2074
Residue Topographical Entropy from AEM (ALA 21) : -0.0000
Residue Topographical Entropy from AEM (GLY 22) : -0.0000
Residue Topographical Entropy from AEM (ALA 23) : -0.0000
Residue Topographical Entropy from AEM (ASP 24) : 12.2413
Residue Topographical Entropy from AEM (GLY 25) : -0.0000
Residue Topographical Entropy from AEM (ALA 26) : -0.0000
Residue Topographical Entropy from AEM (LEU 27) : 9.1255
Residue Topographical Entropy from AEM (THR 28) : 8.9964
Residue Topographical Entropy from AEM (GLY 29) : -0.0000
Residue Topographical Entropy from AEM (THR 30) : 8.8396
Residue Topographical Entropy from AEM (TYR 31) : 22.4127
Residue Topographical Entropy from AEM (GLU 32) : 14.0908
Residue Topographical Entropy from AEM (SER 33) : 7.8357
Residue Topographical Entropy from AEM (ALA 34) : -0.0000
Residue Topographical Entropy from AEM (VAL 35) : 8.8887
Residue Topographical Entropy from AEM (GLY 36) : -0.0000
Residue Topographical Entropy from AEM (ASN 37) : 15.7146
Residue Topographical Entropy from AEM (ALA 38) : -0.0000
Residue Topographical Entropy from AEM (GLU 39) : 17.1037
Residue Topographical Entropy from AEM (SER 40) : 5.5299
Residue Topographical Entropy from AEM (ARG 41) : 15.2630
Residue Topographical Entropy from AEM (TYR 42) : 23.1574
Residue Topographical Entropy from AEM (VAL 43) : 1.9884
Residue Topographical Entropy from AEM (LEU 44) : 3.4830
Residue Topographical Entropy from AEM (THR 45) : 3.9113
Residue Topographical Entropy from AEM (GLY 46) : -0.0000
Residue Topographical Entropy from AEM (ARG 47) : 7.7188
Residue Topographical Entropy from AEM (TYR 48) : 26.4875
Residue Topographical Entropy from AEM (ASP 49) : 7.5619
Residue Topographical Entropy from AEM (SER 50) : 5.5005
Residue Topographical Entropy from AEM (ALA 51) : -0.0000
Residue Topographical Entropy from AEM (PRO 52) : 8.8048
Residue Topographical Entropy from AEM (ALA 53) : -0.0000
Residue Topographical Entropy from AEM (THR 54) : 8.8481
Residue Topographical Entropy from AEM (ASP 55) : 11.8621
Residue Topographical Entropy from AEM (GLY 56) : -0.0000
Residue Topographical Entropy from AEM (SER 57) : 8.0592
Residue Topographical Entropy from AEM (GLY 58) : -0.0000
Residue Topographical Entropy from AEM (THR 59) : 2.0390
Residue Topographical Entropy from AEM (ALA 60) : -0.0000
Residue Topographical Entropy from AEM (LEU 61) : 4.6241
Residue Topographical Entropy from AEM (GLY 62) : -0.0000
Residue Topographical Entropy from AEM (TRP 63) : 45.0172
Residue Topographical Entropy from AEM (THR 64) : 0.5170
Residue Topographical Entropy from AEM (VAL 65) : 0.8071
Residue Topographical Entropy from AEM (ALA 66) : -0.0000
Residue Topographical Entropy from AEM (TRP 67) : 44.5984
Residue Topographical Entropy from AEM (LYS 68) : 15.6062
Residue Topographical Entropy from AEM (ASN 69) : 3.7105
Residue Topographical Entropy from AEM (ASN 70) : 7.9160
Residue Topographical Entropy from AEM (TYR 71) : 34.4113
Residue Topographical Entropy from AEM (ARG 72) : 18.2977
Residue Topographical Entropy from AEM (ASN 73) : 4.7890
Residue Topographical Entropy from AEM (ALA 74) : -0.0000
Residue Topographical Entropy from AEM (HID 75) : 25.3423
Residue Topographical Entropy from AEM (SER 76) : 1.9442
Residue Topographical Entropy from AEM (ALA 77) : -0.0000
Residue Topographical Entropy from AEM (THR 78) : 0.6505
Residue Topographical Entropy from AEM (THR 79) : 0.2168
Residue Topographical Entropy from AEM (TRP 80) : 41.6109
Residue Topographical Entropy from AEM (SER 81) : 0.3871
Residue Topographical Entropy from AEM (GLY 82) : -0.0000
Residue Topographical Entropy from AEM (GLN 83) : 10.4411
Residue Topographical Entropy from AEM (TYR 84) : 31.3406
Residue Topographical Entropy from AEM (VAL 85) : 2.6333
Residue Topographical Entropy from AEM (GLY 86) : -0.0000
Residue Topographical Entropy from AEM (GLY 87) : -0.0000
Residue Topographical Entropy from AEM (ALA 88) : -0.0000
Residue Topographical Entropy from AEM (GLU 89) : 22.9675
Residue Topographical Entropy from AEM (ALA 90) : -0.0000
Residue Topographical Entropy from AEM (ARG 91) : 12.4186
Residue Topographical Entropy from AEM (ILE 92) : 1.0807
Residue Topographical Entropy from AEM (ASN 93) : 6.8697
Residue Topographical Entropy from AEM (THR 94) : 5.6712
Residue Topographical Entropy from AEM (GLN 95) : 2.3432
Residue Topographical Entropy from AEM (TRP 96) : 37.7713
Residue Topographical Entropy from AEM (LEU 97) : 3.1033
Residue Topographical Entropy from AEM (LEU 98) : 2.8230
Residue Topographical Entropy from AEM (THR 99) : 1.9723
Residue Topographical Entropy from AEM (SER 100) : 8.7422
Residue Topographical Entropy from AEM (GLY 101) : -0.0000
Residue Topographical Entropy from AEM (THR 102) : 4.0469
Residue Topographical Entropy from AEM (THR 103) : 0.9155
Residue Topographical Entropy from AEM (GLU 104) : 22.4019
Residue Topographical Entropy from AEM (ALA 105) : -0.0000
Residue Topographical Entropy from AEM (ASN 106) : 3.6711
Residue Topographical Entropy from AEM (ALA 107) : -0.0000
Residue Topographical Entropy from AEM (TRP 108) : 40.9926
Residue Topographical Entropy from AEM (LYS 109) : 20.5108
Residue Topographical Entropy from AEM (SER 110) : 1.9766
Residue Topographical Entropy from AEM (THR 111) : 0.3538
Residue Topographical Entropy from AEM (LEU 112) : 4.0945
Residue Topographical Entropy from AEM (VAL 113) : 1.2438
Residue Topographical Entropy from AEM (GLY 114) : -0.0000
Residue Topographical Entropy from AEM (HID 115) : 24.0080
Residue Topographical Entropy from AEM (ASP 116) : 6.3467
Residue Topographical Entropy from AEM (THR 117) : 7.0399
Residue Topographical Entropy from AEM (PHE 118) : 29.5213
Residue Topographical Entropy from AEM (THR 119) : 3.8011
Residue Topographical Entropy from AEM (LYS 120) : 17.1097
Residue Topographical Entropy from AEM (VAL 121) : 6.0746
Residue Topographical Entropy from AEM (LYS 122) : 21.2611
Residue Topographical Entropy from AEM (PRO 123) : 12.3246
Residue Topographical Entropy from AEM (SER 124) : 8.3348
Residue Topographical Entropy from AEM (ALA 125) : -0.0000
Residue Topographical Entropy from AEM (ALA 126) : -0.0000
Residue Topographical Entropy from AEM (CSER 127) : 7.4128
____________________________________________________________
Total Topog. Entropy (AEM)               :        1101.698
------------------------------------------------------------
____________________________________________________________
Total Entropy                            :        1101.698
------------------------------------------------------------
