------------------------------------------------------------
Topographical entropy of residue side chains 
computed using all the dihedrals with AEM method
------------------------------------------------------------
Residue Topographical Entropy from AEM (NALA 1) : 1.7511
Residue Topographical Entropy from AEM (GLU 2) : 22.0576
Residue Topographical Entropy from AEM (ALA 3) : -0.0000
Residue Topographical Entropy from AEM (GLY 4) : -0.0000
Residue Topographical Entropy from AEM (ILE 5) : 1.6150
Residue Topographical Entropy from AEM (THR 6) : 1.5512
Residue Topographical Entropy from AEM (GLY 7) : -0.0000
Residue Topographical Entropy from AEM (THR 8) : 2.1406
Residue Topographical Entropy from AEM (TRP 9) : -0.0000
Residue Topographical Entropy from AEM (TYR 10) : 23.9991
Residue Topographical Entropy from AEM (ALA 11) : -0.0000
Residue Topographical Entropy from AEM (GLN 12) : 15.6721
Residue Topographical Entropy from AEM (LEU 13) : 7.9199
Residue Topographical Entropy from AEM (GLY 14) : -0.0000
Residue Topographical Entropy from AEM (SER 15) : 6.9183
Residue Topographical Entropy from AEM (THR 16) : 4.5067
Residue Topographical Entropy from AEM (PHE 17) : 0.3418
Residue Topographical Entropy from AEM (ILE 18) : 8.1410
Residue Topographical Entropy from AEM (VAL 19) : 1.7268
Residue Topographical Entropy from AEM (THR 20) : 6.3590
Residue Topographical Entropy from AEM (ALA 21) : -0.0000
Residue Topographical Entropy from AEM (GLY 22) : -0.0000
Residue Topographical Entropy from AEM (ALA 23) : -0.0000
Residue Topographical Entropy from AEM (ASP 24) : 12.6831
Residue Topographical Entropy from AEM (GLY 25) : -0.0000
Residue Topographical Entropy from AEM (ALA 26) : -0.0000
Residue Topographical Entropy from AEM (LEU 27) : 8.5912
Residue Topographical Entropy from AEM (THR 28) : 7.6281
Residue Topographical Entropy from AEM (GLY 29) : -0.0000
Residue Topographical Entropy from AEM (THR 30) : 5.6619
Residue Topographical Entropy from AEM (TYR 31) : 32.1643
Residue Topographical Entropy from AEM (GLU 32) : 14.1804
Residue Topographical Entropy from AEM (SER 33) : 4.1192
Residue Topographical Entropy from AEM (ALA 34) : -0.0000
Residue Topographical Entropy from AEM (VAL 35) : 8.7884
Residue Topographical Entropy from AEM (GLY 36) : -0.0000
Residue Topographical Entropy from AEM (ASN 37) : 13.8671
Residue Topographical Entropy from AEM (ALA 38) : -0.0000
Residue Topographical Entropy from AEM (GLU 39) : 23.5215
Residue Topographical Entropy from AEM (SER 40) : 8.6305
Residue Topographical Entropy from AEM (ARG 41) : 13.3753
Residue Topographical Entropy from AEM (TYR 42) : 31.5346
Residue Topographical Entropy from AEM (VAL 43) : 4.8706
Residue Topographical Entropy from AEM (LEU 44) : 6.1433
Residue Topographical Entropy from AEM (THR 45) : 2.3686
Residue Topographical Entropy from AEM (GLY 46) : -0.0000
Residue Topographical Entropy from AEM (ARG 47) : 0.5365
Residue Topographical Entropy from AEM (TYR 48) : 26.6958
Residue Topographical Entropy from AEM (ASP 49) : 0.1562
Residue Topographical Entropy from AEM (SER 50) : 3.1774
Residue Topographical Entropy from AEM (ALA 51) : -0.0000
Residue Topographical Entropy from AEM (PRO 52) : 6.6819
Residue Topographical Entropy from AEM (ALA 53) : -0.0000
Residue Topographical Entropy from AEM (THR 54) : 5.9081
Residue Topographical Entropy from AEM (ASP 55) : 5.4775
Residue Topographical Entropy from AEM (GLY 56) : -0.0000
Residue Topographical Entropy from AEM (SER 57) : 1.5809
Residue Topographical Entropy from AEM (GLY 58) : -0.0000
Residue Topographical Entropy from AEM (THR 59) : 0.6706
Residue Topographical Entropy from AEM (ALA 60) : -0.0000
Residue Topographical Entropy from AEM (LEU 61) : 7.5125
Residue Topographical Entropy from AEM (GLY 62) : -0.0000
Residue Topographical Entropy from AEM (TRP 63) : -0.0000
Residue Topographical Entropy from AEM (THR 64) : -0.0000
Residue Topographical Entropy from AEM (VAL 65) : 1.3431
Residue Topographical Entropy from AEM (ALA 66) : -0.0000
Residue Topographical Entropy from AEM (TRP 67) : 38.9237
Residue Topographical Entropy from AEM (LYS 68) : 21.6988
Residue Topographical Entropy from AEM (ASN 69) : 4.5864
Residue Topographical Entropy from AEM (ASN 70) : 14.2491
Residue Topographical Entropy from AEM (TYR 71) : 33.2296
Residue Topographical Entropy from AEM (ARG 72) : 19.8886
Residue Topographical Entropy from AEM (ASN 73) : 8.7735
Residue Topographical Entropy from AEM (ALA 74) : -0.0000
Residue Topographical Entropy from AEM (HID 75) : 23.5837
Residue Topographical Entropy from AEM (SER 76) : 2.1054
Residue Topographical Entropy from AEM (ALA 77) : -0.0000
Residue Topographical Entropy from AEM (THR 78) : -0.0000
Residue Topographical Entropy from AEM (THR 79) : -0.0000
Residue Topographical Entropy from AEM (TRP 80) : -0.0000
Residue Topographical Entropy from AEM (SER 81) : -0.0000
Residue Topographical Entropy from AEM (GLY 82) : -0.0000
Residue Topographical Entropy from AEM (GLN 83) : 8.0257
Residue Topographical Entropy from AEM (TYR 84) : -0.0000
Residue Topographical Entropy from AEM (VAL 85) : 1.9044
Residue Topographical Entropy from AEM (GLY 86) : -0.0000
Residue Topographical Entropy from AEM (GLY 87) : -0.0000
Residue Topographical Entropy from AEM (ALA 88) : -0.0000
Residue Topographical Entropy from AEM (GLU 89) : 21.4833
Residue Topographical Entropy from AEM (ALA 90) : -0.0000
Residue Topographical Entropy from AEM (ARG 91) : 5.2587
Residue Topographical Entropy from AEM (ILE 92) : 0.0250
Residue Topographical Entropy from AEM (ASN 93) : 4.8202
Residue Topographical Entropy from AEM (THR 94) : 5.3480
Residue Topographical Entropy from AEM (GLN 95) : 0.3324
Residue Topographical Entropy from AEM (TRP 96) : -0.0000
Residue Topographical Entropy from AEM (LEU 97) : 0.2681
Residue Topographical Entropy from AEM (LEU 98) : 3.2907
Residue Topographical Entropy from AEM (THR 99) : 2.5822
Residue Topographical Entropy from AEM (SER 100) : 8.5877
Residue Topographical Entropy from AEM (GLY 101) : -0.0000
Residue Topographical Entropy from AEM (THR 102) : 1.2058
Residue Topographical Entropy from AEM (THR 103) : 1.2543
Residue Topographical Entropy from AEM (GLU 104) : 20.1300
Residue Topographical Entropy from AEM (ALA 105) : -0.0000
Residue Topographical Entropy from AEM (ASN 106) : 4.4711
Residue Topographical Entropy from AEM (ALA 107) : -0.0000
Residue Topographical Entropy from AEM (TRP 108) : 37.8753
Residue Topographical Entropy from AEM (LYS 109) : 15.8718
Residue Topographical Entropy from AEM (SER 110) : 0.0269
Residue Topographical Entropy from AEM (THR 111) : -0.0000
Residue Topographical Entropy from AEM (LEU 112) : 1.3002
Residue Topographical Entropy from AEM (VAL 113) : -0.0000
Residue Topographical Entropy from AEM (GLY 114) : -0.0000
Residue Topographical Entropy from AEM (HID 115) : -0.0000
Residue Topographical Entropy from AEM (ASP 116) : 5.6148
Residue Topographical Entropy from AEM (THR 117) : -0.0000
Residue Topographical Entropy from AEM (PHE 118) : -0.0000
Residue Topographical Entropy from AEM (THR 119) : 5.5020
Residue Topographical Entropy from AEM (LYS 120) : 13.6412
Residue Topographical Entropy from AEM (VAL 121) : 5.3801
Residue Topographical Entropy from AEM (LYS 122) : 18.9750
Residue Topographical Entropy from AEM (PRO 123) : 6.1081
Residue Topographical Entropy from AEM (SER 124) : 8.4073
Residue Topographical Entropy from AEM (ALA 125) : -0.0000
Residue Topographical Entropy from AEM (ALA 126) : -0.0000
Residue Topographical Entropy from AEM (CSER 127) : 10.8564
____________________________________________________________
Total Topog. Entropy (AEM)               :         748.154
------------------------------------------------------------
____________________________________________________________
Total Entropy                            :         748.154
------------------------------------------------------------
------------------------------------------------------------
Topographical entropy of residue side chains 
computed using all the dihedrals with AEM method
------------------------------------------------------------
Residue Topographical Entropy from AEM (NALA 1) : 1.2430
Residue Topographical Entropy from AEM (GLU 2) : 22.9653
Residue Topographical Entropy from AEM (ALA 3) : -0.0000
Residue Topographical Entropy from AEM (GLY 4) : -0.0000
Residue Topographical Entropy from AEM (ILE 5) : 2.0776
Residue Topographical Entropy from AEM (THR 6) : 0.0134
Residue Topographical Entropy from AEM (GLY 7) : -0.0000
Residue Topographical Entropy from AEM (THR 8) : 0.8787
Residue Topographical Entropy from AEM (TRP 9) : 36.5859
Residue Topographical Entropy from AEM (TYR 10) : 28.4472
Residue Topographical Entropy from AEM (ALA 11) : -0.0000
Residue Topographical Entropy from AEM (GLN 12) : 18.3647
Residue Topographical Entropy from AEM (LEU 13) : 11.2877
Residue Topographical Entropy from AEM (GLY 14) : -0.0000
Residue Topographical Entropy from AEM (SER 15) : 8.6394
Residue Topographical Entropy from AEM (THR 16) : 1.4673
Residue Topographical Entropy from AEM (PHE 17) : 27.2010
Residue Topographical Entropy from AEM (ILE 18) : 6.4712
Residue Topographical Entropy from AEM (VAL 19) : 0.9424
Residue Topographical Entropy from AEM (THR 20) : 5.7719
Residue Topographical Entropy from AEM (ALA 21) : -0.0000
Residue Topographical Entropy from AEM (GLY 22) : -0.0000
Residue Topographical Entropy from AEM (ALA 23) : -0.0000
Residue Topographical Entropy from AEM (ASP 24) : 11.2544
Residue Topographical Entropy from AEM (GLY 25) : -0.0000
Residue Topographical Entropy from AEM (ALA 26) : -0.0000
Residue Topographical Entropy from AEM (LEU 27) : 7.5408
Residue Topographical Entropy from AEM (THR 28) : 7.5745
Residue Topographical Entropy from AEM (GLY 29) : -0.0000
Residue Topographical Entropy from AEM (THR 30) : 5.7426
Residue Topographical Entropy from AEM (TYR 31) : 24.2021
Residue Topographical Entropy from AEM (GLU 32) : 11.6834
Residue Topographical Entropy from AEM (SER 33) : 3.1595
Residue Topographical Entropy from AEM (ALA 34) : -0.0000
Residue Topographical Entropy from AEM (VAL 35) : 5.0495
Residue Topographical Entropy from AEM (GLY 36) : -0.0000
Residue Topographical Entropy from AEM (ASN 37) : 12.9443
Residue Topographical Entropy from AEM (ALA 38) : -0.0000
Residue Topographical Entropy from AEM (GLU 39) : 25.0356
Residue Topographical Entropy from AEM (SER 40) : 7.5732
Residue Topographical Entropy from AEM (ARG 41) : 14.0861
Residue Topographical Entropy from AEM (TYR 42) : 24.6470
Residue Topographical Entropy from AEM (VAL 43) : 7.1576
Residue Topographical Entropy from AEM (LEU 44) : 4.4448
Residue Topographical Entropy from AEM (THR 45) : 2.4828
Residue Topographical Entropy from AEM (GLY 46) : -0.0000
Residue Topographical Entropy from AEM (ARG 47) : 0.4128
Residue Topographical Entropy from AEM (TYR 48) : 23.7856
Residue Topographical Entropy from AEM (ASP 49) : 1.2124
Residue Topographical Entropy from AEM (SER 50) : 2.5834
Residue Topographical Entropy from AEM (ALA 51) : -0.0000
Residue Topographical Entropy from AEM (PRO 52) : 7.6717
Residue Topographical Entropy from AEM (ALA 53) : -0.0000
Residue Topographical Entropy from AEM (THR 54) : 8.3649
Residue Topographical Entropy from AEM (ASP 55) : 10.9372
Residue Topographical Entropy from AEM (GLY 56) : -0.0000
Residue Topographical Entropy from AEM (SER 57) : 8.0122
Residue Topographical Entropy from AEM (GLY 58) : -0.0000
Residue Topographical Entropy from AEM (THR 59) : 0.6307
Residue Topographical Entropy from AEM (ALA 60) : -0.0000
Residue Topographical Entropy from AEM (LEU 61) : 5.1177
Residue Topographical Entropy from AEM (GLY 62) : -0.0000
Residue Topographical Entropy from AEM (TRP 63) : 39.9748
Residue Topographical Entropy from AEM (THR 64) : 0.5034
Residue Topographical Entropy from AEM (VAL 65) : 0.5096
Residue Topographical Entropy from AEM (ALA 66) : -0.0000
Residue Topographical Entropy from AEM (TRP 67) : 43.3303
Residue Topographical Entropy from AEM (LYS 68) : 20.6244
Residue Topographical Entropy from AEM (ASN 69) : 12.3320
Residue Topographical Entropy from AEM (ASN 70) : 16.8974
Residue Topographical Entropy from AEM (TYR 71) : 33.8567
Residue Topographical Entropy from AEM (ARG 72) : 24.3835
Residue Topographical Entropy from AEM (ASN 73) : 4.8785
Residue Topographical Entropy from AEM (ALA 74) : -0.0000
Residue Topographical Entropy from AEM (HID 75) : 25.5884
Residue Topographical Entropy from AEM (SER 76) : 6.7822
Residue Topographical Entropy from AEM (ALA 77) : -0.0000
Residue Topographical Entropy from AEM (THR 78) : 0.1293
Residue Topographical Entropy from AEM (THR 79) : 1.5160
Residue Topographical Entropy from AEM (TRP 80) : 39.7651
Residue Topographical Entropy from AEM (SER 81) : 1.0032
Residue Topographical Entropy from AEM (GLY 82) : -0.0000
Residue Topographical Entropy from AEM (GLN 83) : 11.4848
Residue Topographical Entropy from AEM (TYR 84) : 25.5792
Residue Topographical Entropy from AEM (VAL 85) : 5.1332
Residue Topographical Entropy from AEM (GLY 86) : -0.0000
Residue Topographical Entropy from AEM (GLY 87) : -0.0000
Residue Topographical Entropy from AEM (ALA 88) : -0.0000
Residue Topographical Entropy from AEM (GLU 89) : 20.0520
Residue Topographical Entropy from AEM (ALA 90) : -0.0000
Residue Topographical Entropy from AEM (ARG 91) : 17.0201
Residue Topographical Entropy from AEM (ILE 92) : 1.8884
Residue Topographical Entropy from AEM (ASN 93) : 6.5423
Residue Topographical Entropy from AEM (THR 94) : 3.4403
Residue Topographical Entropy from AEM (GLN 95) : 7.7865
Residue Topographical Entropy from AEM (TRP 96) : 34.8583
Residue Topographical Entropy from AEM (LEU 97) : 2.3688
Residue Topographical Entropy from AEM (LEU 98) : 3.9816
Residue Topographical Entropy from AEM (THR 99) : 5.1781
Residue Topographical Entropy from AEM (SER 100) : 8.5908
Residue Topographical Entropy from AEM (GLY 101) : -0.0000
Residue Topographical Entropy from AEM (THR 102) : 7.3598
Residue Topographical Entropy from AEM (THR 103) : 2.9471
Residue Topographical Entropy from AEM (GLU 104) : 26.3904
Residue Topographical Entropy from AEM (ALA 105) : -0.0000
Residue Topographical Entropy from AEM (ASN 106) : 8.0206
Residue Topographical Entropy from AEM (ALA 107) : -0.0000
Residue Topographical Entropy from AEM (TRP 108) : 48.1281
Residue Topographical Entropy from AEM (LYS 109) : 18.9077
Residue Topographical Entropy from AEM (SER 110) : 2.7372
Residue Topographical Entropy from AEM (THR 111) : 1.7509
Residue Topographical Entropy from AEM (LEU 112) : 6.3051
Residue Topographical Entropy from AEM (VAL 113) : 1.8597
Residue Topographical Entropy from AEM (GLY 114) : -0.0000
Residue Topographical Entropy from AEM (HID 115) : 29.0624
Residue Topographical Entropy from AEM (ASP 116) : 5.7483
Residue Topographical Entropy from AEM (THR 117) : 7.5003
Residue Topographical Entropy from AEM (PHE 118) : 27.2766
Residue Topographical Entropy from AEM (THR 119) : 4.9620
Residue Topographical Entropy from AEM (LYS 120) : 13.5445
Residue Topographical Entropy from AEM (VAL 121) : 5.1886
Residue Topographical Entropy from AEM (LYS 122) : 20.0222
Residue Topographical Entropy from AEM (PRO 123) : 10.5360
Residue Topographical Entropy from AEM (SER 124) : 8.9608
Residue Topographical Entropy from AEM (ALA 125) : -0.0000
Residue Topographical Entropy from AEM (ALA 126) : -0.0000
Residue Topographical Entropy from AEM (CSER 127) : 7.4976
____________________________________________________________
Total Topog. Entropy (AEM)               :        1106.349
------------------------------------------------------------
____________________________________________________________
Total Entropy                            :        1106.349
------------------------------------------------------------
------------------------------------------------------------
Topographical entropy of residue side chains 
computed using all the dihedrals with AEM method
------------------------------------------------------------
Residue Topographical Entropy from AEM (NALA 1) : 1.0913
Residue Topographical Entropy from AEM (GLU 2) : 22.3184
Residue Topographical Entropy from AEM (ALA 3) : -0.0000
Residue Topographical Entropy from AEM (GLY 4) : -0.0000
Residue Topographical Entropy from AEM (ILE 5) : 1.8900
Residue Topographical Entropy from AEM (THR 6) : 0.2690
Residue Topographical Entropy from AEM (GLY 7) : -0.0000
Residue Topographical Entropy from AEM (THR 8) : 1.1492
Residue Topographical Entropy from AEM (TRP 9) : 36.7207
Residue Topographical Entropy from AEM (TYR 10) : 20.4879
Residue Topographical Entropy from AEM (ALA 11) : -0.0000
Residue Topographical Entropy from AEM (GLN 12) : 13.7612
Residue Topographical Entropy from AEM (LEU 13) : 6.6076
Residue Topographical Entropy from AEM (GLY 14) : -0.0000
Residue Topographical Entropy from AEM (SER 15) : 7.7542
Residue Topographical Entropy from AEM (THR 16) : 5.7416
Residue Topographical Entropy from AEM (PHE 17) : 26.4542
Residue Topographical Entropy from AEM (ILE 18) : 7.5618
Residue Topographical Entropy from AEM (VAL 19) : 2.6883
Residue Topographical Entropy from AEM (THR 20) : 7.0562
Residue Topographical Entropy from AEM (ALA 21) : -0.0000
Residue Topographical Entropy from AEM (GLY 22) : -0.0000
Residue Topographical Entropy from AEM (ALA 23) : -0.0000
Residue Topographical Entropy from AEM (ASP 24) : 8.1988
Residue Topographical Entropy from AEM (GLY 25) : -0.0000
Residue Topographical Entropy from AEM (ALA 26) : -0.0000
Residue Topographical Entropy from AEM (LEU 27) : 8.8470
Residue Topographical Entropy from AEM (THR 28) : 8.6718
Residue Topographical Entropy from AEM (GLY 29) : -0.0000
Residue Topographical Entropy from AEM (THR 30) : 8.6416
Residue Topographical Entropy from AEM (TYR 31) : -0.0000
Residue Topographical Entropy from AEM (GLU 32) : 17.8341
Residue Topographical Entropy from AEM (SER 33) : 3.6444
Residue Topographical Entropy from AEM (ALA 34) : -0.0000
Residue Topographical Entropy from AEM (VAL 35) : 7.1969
Residue Topographical Entropy from AEM (GLY 36) : -0.0000
Residue Topographical Entropy from AEM (ASN 37) : 8.0965
Residue Topographical Entropy from AEM (ALA 38) : -0.0000
Residue Topographical Entropy from AEM (GLU 39) : 18.5488
Residue Topographical Entropy from AEM (SER 40) : 4.7010
Residue Topographical Entropy from AEM (ARG 41) : 13.0805
Residue Topographical Entropy from AEM (TYR 42) : -0.0000
Residue Topographical Entropy from AEM (VAL 43) : 0.1202
Residue Topographical Entropy from AEM (LEU 44) : 3.7133
Residue Topographical Entropy from AEM (THR 45) : 7.2765
Residue Topographical Entropy from AEM (GLY 46) : -0.0000
Residue Topographical Entropy from AEM (ARG 47) : 0.6864
Residue Topographical Entropy from AEM (TYR 48) : 23.8181
Residue Topographical Entropy from AEM (ASP 49) : 3.9931
Residue Topographical Entropy from AEM (SER 50) : 1.1314
Residue Topographical Entropy from AEM (ALA 51) : -0.0000
Residue Topographical Entropy from AEM (PRO 52) : 6.6034
Residue Topographical Entropy from AEM (ALA 53) : -0.0000
Residue Topographical Entropy from AEM (THR 54) : 5.9065
Residue Topographical Entropy from AEM (ASP 55) : 6.0426
Residue Topographical Entropy from AEM (GLY 56) : -0.0000
Residue Topographical Entropy from AEM (SER 57) : 1.4319
Residue Topographical Entropy from AEM (GLY 58) : -0.0000
Residue Topographical Entropy from AEM (THR 59) : 0.5909
Residue Topographical Entropy from AEM (ALA 60) : -0.0000
Residue Topographical Entropy from AEM (LEU 61) : 4.6392
Residue Topographical Entropy from AEM (GLY 62) : -0.0000
Residue Topographical Entropy from AEM (TRP 63) : 19.1512
Residue Topographical Entropy from AEM (THR 64) : -0.0000
Residue Topographical Entropy from AEM (VAL 65) : 0.0936
Residue Topographical Entropy from AEM (ALA 66) : -0.0000
Residue Topographical Entropy from AEM (TRP 67) : -0.0000
Residue Topographical Entropy from AEM (LYS 68) : 19.6311
Residue Topographical Entropy from AEM (ASN 69) : 9.1225
Residue Topographical Entropy from AEM (ASN 70) : 13.2681
Residue Topographical Entropy from AEM (TYR 71) : 32.5416
Residue Topographical Entropy from AEM (ARG 72) : 18.3285
Residue Topographical Entropy from AEM (ASN 73) : 2.0401
Residue Topographical Entropy from AEM (ALA 74) : -0.0000
Residue Topographical Entropy from AEM (HID 75) : 3.5194
Residue Topographical Entropy from AEM (SER 76) : 3.0041
Residue Topographical Entropy from AEM (ALA 77) : -0.0000
Residue Topographical Entropy from AEM (THR 78) : -0.0000
Residue Topographical Entropy from AEM (THR 79) : 1.8178
Residue Topographical Entropy from AEM (TRP 80) : -0.0000
Residue Topographical Entropy from AEM (SER 81) : -0.0000
Residue Topographical Entropy from AEM (GLY 82) : -0.0000
Residue Topographical Entropy from AEM (GLN 83) : 9.6753
Residue Topographical Entropy from AEM (TYR 84) : 24.2004
Residue Topographical Entropy from AEM (VAL 85) : 1.9259
Residue Topographical Entropy from AEM (GLY 86) : -0.0000
Residue Topographical Entropy from AEM (GLY 87) : -0.0000
Residue Topographical Entropy from AEM (ALA 88) : -0.0000
Residue Topographical Entropy from AEM (GLU 89) : 22.3785
Residue Topographical Entropy from AEM (ALA 90) : -0.0000
Residue Topographical Entropy from AEM (ARG 91) : 17.2100
Residue Topographical Entropy from AEM (ILE 92) : 0.3490
Residue Topographical Entropy from AEM (ASN 93) : 5.7745
Residue Topographical Entropy from AEM (THR 94) : 5.3721
Residue Topographical Entropy from AEM (GLN 95) : 7.1469
Residue Topographical Entropy from AEM (TRP 96) : -0.0000
Residue Topographical Entropy from AEM (LEU 97) : 5.3579
Residue Topographical Entropy from AEM (LEU 98) : 1.1556
Residue Topographical Entropy from AEM (THR 99) : 5.4264
Residue Topographical Entropy from AEM (SER 100) : 8.0996
Residue Topographical Entropy from AEM (GLY 101) : -0.0000
Residue Topographical Entropy from AEM (THR 102) : 2.5058
Residue Topographical Entropy from AEM (THR 103) : 0.4720
Residue Topographical Entropy from AEM (GLU 104) : 24.7534
Residue Topographical Entropy from AEM (ALA 105) : -0.0000
Residue Topographical Entropy from AEM (ASN 106) : 1.3476
Residue Topographical Entropy from AEM (ALA 107) : -0.0000
Residue Topographical Entropy from AEM (TRP 108) : -0.0000
Residue Topographical Entropy from AEM (LYS 109) : 14.3375
Residue Topographical Entropy from AEM (SER 110) : 1.9976
Residue Topographical Entropy from AEM (THR 111) : -0.0000
Residue Topographical Entropy from AEM (LEU 112) : 2.1558
Residue Topographical Entropy from AEM (VAL 113) : -0.0000
Residue Topographical Entropy from AEM (GLY 114) : -0.0000
Residue Topographical Entropy from AEM (HID 115) : 0.7935
Residue Topographical Entropy from AEM (ASP 116) : 5.7387
Residue Topographical Entropy from AEM (THR 117) : 5.4699
Residue Topographical Entropy from AEM (PHE 118) : -0.0000
Residue Topographical Entropy from AEM (THR 119) : 5.8596
Residue Topographical Entropy from AEM (LYS 120) : 14.3973
Residue Topographical Entropy from AEM (VAL 121) : 5.5480
Residue Topographical Entropy from AEM (LYS 122) : 16.8337
Residue Topographical Entropy from AEM (PRO 123) : 6.2370
Residue Topographical Entropy from AEM (SER 124) : 8.8145
Residue Topographical Entropy from AEM (ALA 125) : -0.0000
Residue Topographical Entropy from AEM (ALA 126) : -0.0000
Residue Topographical Entropy from AEM (CSER 127) : 5.7837
____________________________________________________________
Total Topog. Entropy (AEM)               :         694.602
------------------------------------------------------------
____________________________________________________________
Total Entropy                            :         694.602
------------------------------------------------------------
------------------------------------------------------------
Topographical entropy of residue side chains 
computed using all the dihedrals with AEM method
------------------------------------------------------------
Residue Topographical Entropy from AEM (NALA 1) : 1.9700
Residue Topographical Entropy from AEM (GLU 2) : 23.4647
Residue Topographical Entropy from AEM (ALA 3) : -0.0000
Residue Topographical Entropy from AEM (GLY 4) : -0.0000
Residue Topographical Entropy from AEM (ILE 5) : 2.0363
Residue Topographical Entropy from AEM (THR 6) : 1.7489
Residue Topographical Entropy from AEM (GLY 7) : -0.0000
Residue Topographical Entropy from AEM (THR 8) : 2.0885
Residue Topographical Entropy from AEM (TRP 9) : 39.8000
Residue Topographical Entropy from AEM (TYR 10) : 24.7930
Residue Topographical Entropy from AEM (ALA 11) : -0.0000
Residue Topographical Entropy from AEM (GLN 12) : 14.0469
Residue Topographical Entropy from AEM (LEU 13) : 8.0719
Residue Topographical Entropy from AEM (GLY 14) : -0.0000
Residue Topographical Entropy from AEM (SER 15) : 8.0957
Residue Topographical Entropy from AEM (THR 16) : 1.2624
Residue Topographical Entropy from AEM (PHE 17) : 9.6997
Residue Topographical Entropy from AEM (ILE 18) : 7.2133
Residue Topographical Entropy from AEM (VAL 19) : 9.0002
Residue Topographical Entropy from AEM (THR 20) : 5.8354
Residue Topographical Entropy from AEM (ALA 21) : -0.0000
Residue Topographical Entropy from AEM (GLY 22) : -0.0000
Residue Topographical Entropy from AEM (ALA 23) : -0.0000
Residue Topographical Entropy from AEM (ASP 24) : 11.8038
Residue Topographical Entropy from AEM (GLY 25) : -0.0000
Residue Topographical Entropy from AEM (ALA 26) : -0.0000
Residue Topographical Entropy from AEM (LEU 27) : 8.9024
Residue Topographical Entropy from AEM (THR 28) : 8.5877
Residue Topographical Entropy from AEM (GLY 29) : -0.0000
Residue Topographical Entropy from AEM (THR 30) : 6.3894
Residue Topographical Entropy from AEM (TYR 31) : 24.0685
Residue Topographical Entropy from AEM (GLU 32) : 21.4956
Residue Topographical Entropy from AEM (SER 33) : 6.4686
Residue Topographical Entropy from AEM (ALA 34) : -0.0000
Residue Topographical Entropy from AEM (VAL 35) : 8.9357
Residue Topographical Entropy from AEM (GLY 36) : -0.0000
Residue Topographical Entropy from AEM (ASN 37) : 13.2827
Residue Topographical Entropy from AEM (ALA 38) : -0.0000
Residue Topographical Entropy from AEM (GLU 39) : 15.8298
Residue Topographical Entropy from AEM (SER 40) : 8.2460
Residue Topographical Entropy from AEM (ARG 41) : 12.6771
Residue Topographical Entropy from AEM (TYR 42) : 24.5274
Residue Topographical Entropy from AEM (VAL 43) : 6.0502
Residue Topographical Entropy from AEM (LEU 44) : 11.2692
Residue Topographical Entropy from AEM (THR 45) : 7.7531
Residue Topographical Entropy from AEM (GLY 46) : -0.0000
Residue Topographical Entropy from AEM (ARG 47) : 0.5413
Residue Topographical Entropy from AEM (TYR 48) : 21.1488
Residue Topographical Entropy from AEM (ASP 49) : 0.3586
Residue Topographical Entropy from AEM (SER 50) : 2.2181
Residue Topographical Entropy from AEM (ALA 51) : -0.0000
Residue Topographical Entropy from AEM (PRO 52) : 8.6280
Residue Topographical Entropy from AEM (ALA 53) : -0.0000
Residue Topographical Entropy from AEM (THR 54) : 6.6867
Residue Topographical Entropy from AEM (ASP 55) : 6.6861
Residue Topographical Entropy from AEM (GLY 56) : -0.0000
Residue Topographical Entropy from AEM (SER 57) : 2.3661
Residue Topographical Entropy from AEM (GLY 58) : -0.0000
Residue Topographical Entropy from AEM (THR 59) : 0.1857
Residue Topographical Entropy from AEM (ALA 60) : -0.0000
Residue Topographical Entropy from AEM (LEU 61) : 6.4131
Residue Topographical Entropy from AEM (GLY 62) : -0.0000
Residue Topographical Entropy from AEM (TRP 63) : 19.1751
Residue Topographical Entropy from AEM (THR 64) : -0.0000
Residue Topographical Entropy from AEM (VAL 65) : 0.0461
Residue Topographical Entropy from AEM (ALA 66) : -0.0000
Residue Topographical Entropy from AEM (TRP 67) : 12.1673
Residue Topographical Entropy from AEM (LYS 68) : 25.0654
Residue Topographical Entropy from AEM (ASN 69) : 4.3371
Residue Topographical Entropy from AEM (ASN 70) : 13.1608
Residue Topographical Entropy from AEM (TYR 71) : 33.5508
Residue Topographical Entropy from AEM (ARG 72) : 21.8071
Residue Topographical Entropy from AEM (ASN 73) : 8.0715
Residue Topographical Entropy from AEM (ALA 74) : -0.0000
Residue Topographical Entropy from AEM (HID 75) : 29.6917
Residue Topographical Entropy from AEM (SER 76) : 6.8657
Residue Topographical Entropy from AEM (ALA 77) : -0.0000
Residue Topographical Entropy from AEM (THR 78) : -0.0000
Residue Topographical Entropy from AEM (THR 79) : 5.6572
Residue Topographical Entropy from AEM (TRP 80) : -0.0000
Residue Topographical Entropy from AEM (SER 81) : 0.0936
Residue Topographical Entropy from AEM (GLY 82) : -0.0000
Residue Topographical Entropy from AEM (GLN 83) : 7.7948
Residue Topographical Entropy from AEM (TYR 84) : 26.4834
Residue Topographical Entropy from AEM (VAL 85) : 2.1750
Residue Topographical Entropy from AEM (GLY 86) : -0.0000
Residue Topographical Entropy from AEM (GLY 87) : -0.0000
Residue Topographical Entropy from AEM (ALA 88) : -0.0000
Residue Topographical Entropy from AEM (GLU 89) : 16.6157
Residue Topographical Entropy from AEM (ALA 90) : -0.0000
Residue Topographical Entropy from AEM (ARG 91) : 17.7979
Residue Topographical Entropy from AEM (ILE 92) : 0.4909
Residue Topographical Entropy from AEM (ASN 93) : 4.5530
Residue Topographical Entropy from AEM (THR 94) : 5.2669
Residue Topographical Entropy from AEM (GLN 95) : 5.2540
Residue Topographical Entropy from AEM (TRP 96) : -0.0000
Residue Topographical Entropy from AEM (LEU 97) : 2.6768
Residue Topographical Entropy from AEM (LEU 98) : 0.7715
Residue Topographical Entropy from AEM (THR 99) : -0.0000
Residue Topographical Entropy from AEM (SER 100) : 8.7719
Residue Topographical Entropy from AEM (GLY 101) : -0.0000
Residue Topographical Entropy from AEM (THR 102) : 8.4348
Residue Topographical Entropy from AEM (THR 103) : 3.4448
Residue Topographical Entropy from AEM (GLU 104) : 25.3028
Residue Topographical Entropy from AEM (ALA 105) : -0.0000
Residue Topographical Entropy from AEM (ASN 106) : 4.2227
Residue Topographical Entropy from AEM (ALA 107) : -0.0000
Residue Topographical Entropy from AEM (TRP 108) : -0.0000
Residue Topographical Entropy from AEM (LYS 109) : 17.6593
Residue Topographical Entropy from AEM (SER 110) : 5.5638
Residue Topographical Entropy from AEM (THR 111) : 0.1370
Residue Topographical Entropy from AEM (LEU 112) : 2.6180
Residue Topographical Entropy from AEM (VAL 113) : -0.0000
Residue Topographical Entropy from AEM (GLY 114) : -0.0000
Residue Topographical Entropy from AEM (HID 115) : 5.5169
Residue Topographical Entropy from AEM (ASP 116) : 5.7515
Residue Topographical Entropy from AEM (THR 117) : 3.0258
Residue Topographical Entropy from AEM (PHE 118) : 0.4106
Residue Topographical Entropy from AEM (THR 119) : 5.8648
Residue Topographical Entropy from AEM (LYS 120) : 14.6441
Residue Topographical Entropy from AEM (VAL 121) : 5.7519
Residue Topographical Entropy from AEM (LYS 122) : 20.2089
Residue Topographical Entropy from AEM (PRO 123) : 8.1575
Residue Topographical Entropy from AEM (SER 124) : 8.7222
Residue Topographical Entropy from AEM (ALA 125) : -0.0000
Residue Topographical Entropy from AEM (ALA 126) : -0.0000
Residue Topographical Entropy from AEM (CSER 127) : 11.3500
____________________________________________________________
Total Topog. Entropy (AEM)               :         845.776
------------------------------------------------------------
____________________________________________________________
Total Entropy                            :         845.776
------------------------------------------------------------
------------------------------------------------------------
Topographical entropy of residue side chains 
computed using all the dihedrals with AEM method
------------------------------------------------------------
Residue Topographical Entropy from AEM (NALA 1) : 1.2798
Residue Topographical Entropy from AEM (GLU 2) : 25.2660
Residue Topographical Entropy from AEM (ALA 3) : -0.0000
Residue Topographical Entropy from AEM (GLY 4) : -0.0000
Residue Topographical Entropy from AEM (ILE 5) : 3.7723
Residue Topographical Entropy from AEM (THR 6) : 1.3955
Residue Topographical Entropy from AEM (GLY 7) : -0.0000
Residue Topographical Entropy from AEM (THR 8) : 1.9590
Residue Topographical Entropy from AEM (TRP 9) : 40.6870
Residue Topographical Entropy from AEM (TYR 10) : 26.8383
Residue Topographical Entropy from AEM (ALA 11) : -0.0000
Residue Topographical Entropy from AEM (GLN 12) : 14.1072
Residue Topographical Entropy from AEM (LEU 13) : 9.0645
Residue Topographical Entropy from AEM (GLY 14) : -0.0000
Residue Topographical Entropy from AEM (SER 15) : 4.6407
Residue Topographical Entropy from AEM (THR 16) : 6.2595
Residue Topographical Entropy from AEM (PHE 17) : 29.1649
Residue Topographical Entropy from AEM (ILE 18) : 10.2693
Residue Topographical Entropy from AEM (VAL 19) : 5.8070
Residue Topographical Entropy from AEM (THR 20) : 6.4027
Residue Topographical Entropy from AEM (ALA 21) : -0.0000
Residue Topographical Entropy from AEM (GLY 22) : -0.0000
Residue Topographical Entropy from AEM (ALA 23) : -0.0000
Residue Topographical Entropy from AEM (ASP 24) : 10.6932
Residue Topographical Entropy from AEM (GLY 25) : -0.0000
Residue Topographical Entropy from AEM (ALA 26) : -0.0000
Residue Topographical Entropy from AEM (LEU 27) : 9.0239
Residue Topographical Entropy from AEM (THR 28) : 8.9814
Residue Topographical Entropy from AEM (GLY 29) : -0.0000
Residue Topographical Entropy from AEM (THR 30) : 6.4651
Residue Topographical Entropy from AEM (TYR 31) : 25.5165
Residue Topographical Entropy from AEM (GLU 32) : 14.1608
Residue Topographical Entropy from AEM (SER 33) : 5.9650
Residue Topographical Entropy from AEM (ALA 34) : -0.0000
Residue Topographical Entropy from AEM (VAL 35) : 6.1996
Residue Topographical Entropy from AEM (GLY 36) : -0.0000
Residue Topographical Entropy from AEM (ASN 37) : 15.3903
Residue Topographical Entropy from AEM (ALA 38) : -0.0000
Residue Topographical Entropy from AEM (GLU 39) : 23.2974
Residue Topographical Entropy from AEM (SER 40) : 7.8330
Residue Topographical Entropy from AEM (ARG 41) : 19.7410
Residue Topographical Entropy from AEM (TYR 42) : 26.2772
Residue Topographical Entropy from AEM (VAL 43) : 2.3404
Residue Topographical Entropy from AEM (LEU 44) : 10.6204
Residue Topographical Entropy from AEM (THR 45) : 4.6063
Residue Topographical Entropy from AEM (GLY 46) : -0.0000
Residue Topographical Entropy from AEM (ARG 47) : 3.7153
Residue Topographical Entropy from AEM (TYR 48) : 26.2493
Residue Topographical Entropy from AEM (ASP 49) : 5.5463
Residue Topographical Entropy from AEM (SER 50) : 6.5366
Residue Topographical Entropy from AEM (ALA 51) : -0.0000
Residue Topographical Entropy from AEM (PRO 52) : 7.2751
Residue Topographical Entropy from AEM (ALA 53) : -0.0000
Residue Topographical Entropy from AEM (THR 54) : 8.4040
Residue Topographical Entropy from AEM (ASP 55) : 11.9075
Residue Topographical Entropy from AEM (GLY 56) : -0.0000
Residue Topographical Entropy from AEM (SER 57) : 7.3102
Residue Topographical Entropy from AEM (GLY 58) : -0.0000
Residue Topographical Entropy from AEM (THR 59) : 0.8526
Residue Topographical Entropy from AEM (ALA 60) : -0.0000
Residue Topographical Entropy from AEM (LEU 61) : 7.8523
Residue Topographical Entropy from AEM (GLY 62) : -0.0000
Residue Topographical Entropy from AEM (TRP 63) : 36.9950
Residue Topographical Entropy from AEM (THR 64) : 0.4323
Residue Topographical Entropy from AEM (VAL 65) : 4.2778
Residue Topographical Entropy from AEM (ALA 66) : -0.0000
Residue Topographical Entropy from AEM (TRP 67) : 44.4653
Residue Topographical Entropy from AEM (LYS 68) : 20.9610
Residue Topographical Entropy from AEM (ASN 69) : 14.7649
Residue Topographical Entropy from AEM (ASN 70) : 10.4437
Residue Topographical Entropy from AEM (TYR 71) : 34.9900
Residue Topographical Entropy from AEM (ARG 72) : 17.8348
Residue Topographical Entropy from AEM (ASN 73) : 4.6461
Residue Topographical Entropy from AEM (ALA 74) : -0.0000
Residue Topographical Entropy from AEM (HID 75) : 23.7949
Residue Topographical Entropy from AEM (SER 76) : 7.4358
Residue Topographical Entropy from AEM (ALA 77) : -0.0000
Residue Topographical Entropy from AEM (THR 78) : 0.2470
Residue Topographical Entropy from AEM (THR 79) : 1.4691
Residue Topographical Entropy from AEM (TRP 80) : 39.3738
Residue Topographical Entropy from AEM (SER 81) : 3.1703
Residue Topographical Entropy from AEM (GLY 82) : -0.0000
Residue Topographical Entropy from AEM (GLN 83) : 14.7359
Residue Topographical Entropy from AEM (TYR 84) : 22.3886
Residue Topographical Entropy from AEM (VAL 85) : 4.4513
Residue Topographical Entropy from AEM (GLY 86) : -0.0000
Residue Topographical Entropy from AEM (GLY 87) : -0.0000
Residue Topographical Entropy from AEM (ALA 88) : -0.0000
Residue Topographical Entropy from AEM (GLU 89) : 19.7037
Residue Topographical Entropy from AEM (ALA 90) : -0.0000
Residue Topographical Entropy from AEM (ARG 91) : 7.1664
Residue Topographical Entropy from AEM (ILE 92) : 1.8601
Residue Topographical Entropy from AEM (ASN 93) : 5.5380
Residue Topographical Entropy from AEM (THR 94) : 5.9165
Residue Topographical Entropy from AEM (GLN 95) : 3.2792
Residue Topographical Entropy from AEM (TRP 96) : 11.4213
Residue Topographical Entropy from AEM (LEU 97) : 4.8472
Residue Topographical Entropy from AEM (LEU 98) : 1.9898
Residue Topographical Entropy from AEM (THR 99) : 0.6242
Residue Topographical Entropy from AEM (SER 100) : 7.9766
Residue Topographical Entropy from AEM (GLY 101) : -0.0000
Residue Topographical Entropy from AEM (THR 102) : 6.0371
Residue Topographical Entropy from AEM (THR 103) : 6.5271
Residue Topographical Entropy from AEM (GLU 104) : 25.3331
Residue Topographical Entropy from AEM (ALA 105) : -0.0000
Residue Topographical Entropy from AEM (ASN 106) : 1.5753
Residue Topographical Entropy from AEM (ALA 107) : -0.0000
Residue Topographical Entropy from AEM (TRP 108) : -0.0000
Residue Topographical Entropy from AEM (LYS 109) : 13.4490
Residue Topographical Entropy from AEM (SER 110) : 3.0010
Residue Topographical Entropy from AEM (THR 111) : -0.0000
Residue Topographical Entropy from AEM (LEU 112) : 3.2493
Residue Topographical Entropy from AEM (VAL 113) : -0.0000
Residue Topographical Entropy from AEM (GLY 114) : -0.0000
Residue Topographical Entropy from AEM (HID 115) : 25.2854
Residue Topographical Entropy from AEM (ASP 116) : 9.3444
Residue Topographical Entropy from AEM (THR 117) : 3.9893
Residue Topographical Entropy from AEM (PHE 118) : 32.9287
Residue Topographical Entropy from AEM (THR 119) : 5.4586
Residue Topographical Entropy from AEM (LYS 120) : 16.3391
Residue Topographical Entropy from AEM (VAL 121) : 4.1624
Residue Topographical Entropy from AEM (LYS 122) : 19.3695
Residue Topographical Entropy from AEM (PRO 123) : 8.9128
Residue Topographical Entropy from AEM (SER 124) : 8.4854
Residue Topographical Entropy from AEM (ALA 125) : -0.0000
Residue Topographical Entropy from AEM (ALA 126) : -0.0000
Residue Topographical Entropy from AEM (CSER 127) : 7.4213
____________________________________________________________
Total Topog. Entropy (AEM)               :        1047.744
------------------------------------------------------------
____________________________________________________________
Total Entropy                            :        1047.744
------------------------------------------------------------
