------------------------------------------------------------
Topographical entropy of residue side chains 
computed using all the dihedrals with correlation/pLogp formalism
------------------------------------------------------------
Side Chain Topographical Entropy from corr. pLogP method (NALA 1) : -0.0000
Side Chain Topographical Entropy from corr. pLogP method (GLU 2) : 21.5811
Side Chain Topographical Entropy from corr. pLogP method (ALA 3) : -0.0000
Side Chain Topographical Entropy from corr. pLogP method (GLY 4) : -0.0000
Side Chain Topographical Entropy from corr. pLogP method (ILE 5) : 1.9068
Side Chain Topographical Entropy from corr. pLogP method (THR 6) : 1.4528
Side Chain Topographical Entropy from corr. pLogP method (GLY 7) : -0.0000
Side Chain Topographical Entropy from corr. pLogP method (THR 8) : 2.1941
Side Chain Topographical Entropy from corr. pLogP method (TRP 9) : 2.7038
Side Chain Topographical Entropy from corr. pLogP method (TYR 10) : 7.5837
Side Chain Topographical Entropy from corr. pLogP method (ALA 11) : -0.0000
Side Chain Topographical Entropy from corr. pLogP method (GLN 12) : 21.4648
Side Chain Topographical Entropy from corr. pLogP method (LEU 13) : 7.1686
Side Chain Topographical Entropy from corr. pLogP method (GLY 14) : -0.0000
Side Chain Topographical Entropy from corr. pLogP method (SER 15) : 6.2647
Side Chain Topographical Entropy from corr. pLogP method (THR 16) : 4.1459
Side Chain Topographical Entropy from corr. pLogP method (PHE 17) : 2.5107
Side Chain Topographical Entropy from corr. pLogP method (ILE 18) : 7.1944
Side Chain Topographical Entropy from corr. pLogP method (VAL 19) : 4.3492
Side Chain Topographical Entropy from corr. pLogP method (THR 20) : 6.0882
Side Chain Topographical Entropy from corr. pLogP method (ALA 21) : -0.0000
Side Chain Topographical Entropy from corr. pLogP method (GLY 22) : -0.0000
Side Chain Topographical Entropy from corr. pLogP method (ALA 23) : -0.0000
Side Chain Topographical Entropy from corr. pLogP method (ASP 24) : 16.7083
Side Chain Topographical Entropy from corr. pLogP method (GLY 25) : -0.0000
Side Chain Topographical Entropy from corr. pLogP method (ALA 26) : -0.0000
Side Chain Topographical Entropy from corr. pLogP method (LEU 27) : 10.1333
Side Chain Topographical Entropy from corr. pLogP method (THR 28) : 7.7601
Side Chain Topographical Entropy from corr. pLogP method (GLY 29) : -0.0000
Side Chain Topographical Entropy from corr. pLogP method (THR 30) : 7.7718
Side Chain Topographical Entropy from corr. pLogP method (TYR 31) : 12.3664
Side Chain Topographical Entropy from corr. pLogP method (GLU 32) : 18.6263
Side Chain Topographical Entropy from corr. pLogP method (SER 33) : 3.7577
Side Chain Topographical Entropy from corr. pLogP method (ALA 34) : -0.0000
Side Chain Topographical Entropy from corr. pLogP method (VAL 35) : 8.8812
Side Chain Topographical Entropy from corr. pLogP method (GLY 36) : -0.0000
Side Chain Topographical Entropy from corr. pLogP method (ASN 37) : 16.1790
Side Chain Topographical Entropy from corr. pLogP method (ALA 38) : -0.0000
Side Chain Topographical Entropy from corr. pLogP method (GLU 39) : 21.4631
Side Chain Topographical Entropy from corr. pLogP method (SER 40) : 9.0448
Side Chain Topographical Entropy from corr. pLogP method (ARG 41) : 13.8622
Side Chain Topographical Entropy from corr. pLogP method (TYR 42) : 14.8794
Side Chain Topographical Entropy from corr. pLogP method (VAL 43) : 3.9475
Side Chain Topographical Entropy from corr. pLogP method (LEU 44) : 5.5094
Side Chain Topographical Entropy from corr. pLogP method (THR 45) : 3.8701
Side Chain Topographical Entropy from corr. pLogP method (GLY 46) : -0.0000
Side Chain Topographical Entropy from corr. pLogP method (ARG 47) : 1.4441
Side Chain Topographical Entropy from corr. pLogP method (TYR 48) : 5.1721
Side Chain Topographical Entropy from corr. pLogP method (ASP 49) : 5.8845
Side Chain Topographical Entropy from corr. pLogP method (SER 50) : 4.1190
Side Chain Topographical Entropy from corr. pLogP method (ALA 51) : -0.0000
Side Chain Topographical Entropy from corr. pLogP method (PRO 52) : 12.7573
Side Chain Topographical Entropy from corr. pLogP method (ALA 53) : -0.0000
Side Chain Topographical Entropy from corr. pLogP method (THR 54) : 6.1583
Side Chain Topographical Entropy from corr. pLogP method (ASP 55) : 7.9613
Side Chain Topographical Entropy from corr. pLogP method (GLY 56) : -0.0000
Side Chain Topographical Entropy from corr. pLogP method (SER 57) : 1.5486
Side Chain Topographical Entropy from corr. pLogP method (GLY 58) : -0.0000
Side Chain Topographical Entropy from corr. pLogP method (THR 59) : 1.3097
Side Chain Topographical Entropy from corr. pLogP method (ALA 60) : -0.0000
Side Chain Topographical Entropy from corr. pLogP method (LEU 61) : 7.7854
Side Chain Topographical Entropy from corr. pLogP method (GLY 62) : -0.0000
Side Chain Topographical Entropy from corr. pLogP method (TRP 63) : 1.7352
Side Chain Topographical Entropy from corr. pLogP method (THR 64) : 0.3723
Side Chain Topographical Entropy from corr. pLogP method (VAL 65) : 1.5645
Side Chain Topographical Entropy from corr. pLogP method (ALA 66) : -0.0000
Side Chain Topographical Entropy from corr. pLogP method (TRP 67) : 3.0237
Side Chain Topographical Entropy from corr. pLogP method (LYS 68) : 22.7427
Side Chain Topographical Entropy from corr. pLogP method (ASN 69) : 8.6566
Side Chain Topographical Entropy from corr. pLogP method (ASN 70) : 14.3357
Side Chain Topographical Entropy from corr. pLogP method (TYR 71) : 17.3333
Side Chain Topographical Entropy from corr. pLogP method (ARG 72) : 21.2483
Side Chain Topographical Entropy from corr. pLogP method (ASN 73) : 10.6993
Side Chain Topographical Entropy from corr. pLogP method (ALA 74) : -0.0000
Side Chain Topographical Entropy from corr. pLogP method (HID 75) : 6.2727
Side Chain Topographical Entropy from corr. pLogP method (SER 76) : 2.9853
Side Chain Topographical Entropy from corr. pLogP method (ALA 77) : -0.0000
Side Chain Topographical Entropy from corr. pLogP method (THR 78) : 0.5577
Side Chain Topographical Entropy from corr. pLogP method (THR 79) : 0.9836
Side Chain Topographical Entropy from corr. pLogP method (TRP 80) : 5.2702
Side Chain Topographical Entropy from corr. pLogP method (SER 81) : 0.5361
Side Chain Topographical Entropy from corr. pLogP method (GLY 82) : -0.0000
Side Chain Topographical Entropy from corr. pLogP method (GLN 83) : 9.7672
Side Chain Topographical Entropy from corr. pLogP method (TYR 84) : 2.0127
Side Chain Topographical Entropy from corr. pLogP method (VAL 85) : 2.2937
Side Chain Topographical Entropy from corr. pLogP method (GLY 86) : -0.0000
Side Chain Topographical Entropy from corr. pLogP method (GLY 87) : -0.0000
Side Chain Topographical Entropy from corr. pLogP method (ALA 88) : -0.0000
Side Chain Topographical Entropy from corr. pLogP method (GLU 89) : 20.9128
Side Chain Topographical Entropy from corr. pLogP method (ALA 90) : -0.0000
Side Chain Topographical Entropy from corr. pLogP method (ARG 91) : 9.1060
Side Chain Topographical Entropy from corr. pLogP method (ILE 92) : 1.8437
Side Chain Topographical Entropy from corr. pLogP method (ASN 93) : 5.4105
Side Chain Topographical Entropy from corr. pLogP method (THR 94) : 5.9145
Side Chain Topographical Entropy from corr. pLogP method (GLN 95) : 5.4885
Side Chain Topographical Entropy from corr. pLogP method (TRP 96) : 1.6729
Side Chain Topographical Entropy from corr. pLogP method (LEU 97) : 1.4726
Side Chain Topographical Entropy from corr. pLogP method (LEU 98) : 3.0801
Side Chain Topographical Entropy from corr. pLogP method (THR 99) : 3.9098
Side Chain Topographical Entropy from corr. pLogP method (SER 100) : 8.4933
Side Chain Topographical Entropy from corr. pLogP method (GLY 101) : -0.0000
Side Chain Topographical Entropy from corr. pLogP method (THR 102) : 5.7589
Side Chain Topographical Entropy from corr. pLogP method (THR 103) : 2.4912
Side Chain Topographical Entropy from corr. pLogP method (GLU 104) : 23.5772
Side Chain Topographical Entropy from corr. pLogP method (ALA 105) : -0.0000
Side Chain Topographical Entropy from corr. pLogP method (ASN 106) : 7.8175
Side Chain Topographical Entropy from corr. pLogP method (ALA 107) : -0.0000
Side Chain Topographical Entropy from corr. pLogP method (TRP 108) : 7.6341
Side Chain Topographical Entropy from corr. pLogP method (LYS 109) : 17.3375
Side Chain Topographical Entropy from corr. pLogP method (SER 110) : 4.6709
Side Chain Topographical Entropy from corr. pLogP method (THR 111) : 0.0635
Side Chain Topographical Entropy from corr. pLogP method (LEU 112) : 1.3039
Side Chain Topographical Entropy from corr. pLogP method (VAL 113) : -0.0000
Side Chain Topographical Entropy from corr. pLogP method (GLY 114) : -0.0000
Side Chain Topographical Entropy from corr. pLogP method (HID 115) : 0.0778
Side Chain Topographical Entropy from corr. pLogP method (ASP 116) : 8.8059
Side Chain Topographical Entropy from corr. pLogP method (THR 117) : 0.0922
Side Chain Topographical Entropy from corr. pLogP method (PHE 118) : 0.5041
Side Chain Topographical Entropy from corr. pLogP method (THR 119) : 5.8700
Side Chain Topographical Entropy from corr. pLogP method (LYS 120) : 16.1026
Side Chain Topographical Entropy from corr. pLogP method (VAL 121) : 5.2430
Side Chain Topographical Entropy from corr. pLogP method (LYS 122) : 18.8261
Side Chain Topographical Entropy from corr. pLogP method (PRO 123) : 14.1510
Side Chain Topographical Entropy from corr. pLogP method (SER 124) : 8.5210
Side Chain Topographical Entropy from corr. pLogP method (ALA 125) : -0.0000
Side Chain Topographical Entropy from corr. pLogP method (ALA 126) : -0.0000
Side Chain Topographical Entropy from corr. pLogP method (CSER 127) : 5.2470
____________________________________________________________
Total SC Topog. Entropy (corr. pLogP)    :         679.301
------------------------------------------------------------
____________________________________________________________
Total BB Topog. Entropy (corr. pLogP)    :          37.453
------------------------------------------------------------
____________________________________________________________
Total Entropy                            :         716.754
------------------------------------------------------------
------------------------------------------------------------
Topographical entropy of residue side chains 
computed using all the dihedrals with correlation/pLogp formalism
------------------------------------------------------------
Side Chain Topographical Entropy from corr. pLogP method (NALA 1) : -0.0000
Side Chain Topographical Entropy from corr. pLogP method (GLU 2) : 21.2222
Side Chain Topographical Entropy from corr. pLogP method (ALA 3) : -0.0000
Side Chain Topographical Entropy from corr. pLogP method (GLY 4) : -0.0000
Side Chain Topographical Entropy from corr. pLogP method (ILE 5) : 1.6954
Side Chain Topographical Entropy from corr. pLogP method (THR 6) : 0.5853
Side Chain Topographical Entropy from corr. pLogP method (GLY 7) : -0.0000
Side Chain Topographical Entropy from corr. pLogP method (THR 8) : 2.1751
Side Chain Topographical Entropy from corr. pLogP method (TRP 9) : 1.6407
Side Chain Topographical Entropy from corr. pLogP method (TYR 10) : 7.9981
Side Chain Topographical Entropy from corr. pLogP method (ALA 11) : -0.0000
Side Chain Topographical Entropy from corr. pLogP method (GLN 12) : 21.9493
Side Chain Topographical Entropy from corr. pLogP method (LEU 13) : 10.5967
Side Chain Topographical Entropy from corr. pLogP method (GLY 14) : -0.0000
Side Chain Topographical Entropy from corr. pLogP method (SER 15) : 8.5280
Side Chain Topographical Entropy from corr. pLogP method (THR 16) : 1.1920
Side Chain Topographical Entropy from corr. pLogP method (PHE 17) : 1.6132
Side Chain Topographical Entropy from corr. pLogP method (ILE 18) : 4.6424
Side Chain Topographical Entropy from corr. pLogP method (VAL 19) : 1.9214
Side Chain Topographical Entropy from corr. pLogP method (THR 20) : 5.2175
Side Chain Topographical Entropy from corr. pLogP method (ALA 21) : -0.0000
Side Chain Topographical Entropy from corr. pLogP method (GLY 22) : -0.0000
Side Chain Topographical Entropy from corr. pLogP method (ALA 23) : -0.0000
Side Chain Topographical Entropy from corr. pLogP method (ASP 24) : 14.5774
Side Chain Topographical Entropy from corr. pLogP method (GLY 25) : -0.0000
Side Chain Topographical Entropy from corr. pLogP method (ALA 26) : -0.0000
Side Chain Topographical Entropy from corr. pLogP method (LEU 27) : 8.8244
Side Chain Topographical Entropy from corr. pLogP method (THR 28) : 8.2970
Side Chain Topographical Entropy from corr. pLogP method (GLY 29) : -0.0000
Side Chain Topographical Entropy from corr. pLogP method (THR 30) : 4.7703
Side Chain Topographical Entropy from corr. pLogP method (TYR 31) : 9.4461
Side Chain Topographical Entropy from corr. pLogP method (GLU 32) : 11.8841
Side Chain Topographical Entropy from corr. pLogP method (SER 33) : 4.8525
Side Chain Topographical Entropy from corr. pLogP method (ALA 34) : -0.0000
Side Chain Topographical Entropy from corr. pLogP method (VAL 35) : 6.4555
Side Chain Topographical Entropy from corr. pLogP method (GLY 36) : -0.0000
Side Chain Topographical Entropy from corr. pLogP method (ASN 37) : 14.0681
Side Chain Topographical Entropy from corr. pLogP method (ALA 38) : -0.0000
Side Chain Topographical Entropy from corr. pLogP method (GLU 39) : 25.3269
Side Chain Topographical Entropy from corr. pLogP method (SER 40) : 7.2714
Side Chain Topographical Entropy from corr. pLogP method (ARG 41) : 13.3652
Side Chain Topographical Entropy from corr. pLogP method (TYR 42) : 9.7433
Side Chain Topographical Entropy from corr. pLogP method (VAL 43) : 6.4486
Side Chain Topographical Entropy from corr. pLogP method (LEU 44) : 3.8834
Side Chain Topographical Entropy from corr. pLogP method (THR 45) : 3.4471
Side Chain Topographical Entropy from corr. pLogP method (GLY 46) : -0.0000
Side Chain Topographical Entropy from corr. pLogP method (ARG 47) : 0.4647
Side Chain Topographical Entropy from corr. pLogP method (TYR 48) : 4.7262
Side Chain Topographical Entropy from corr. pLogP method (ASP 49) : 6.5542
Side Chain Topographical Entropy from corr. pLogP method (SER 50) : 4.0624
Side Chain Topographical Entropy from corr. pLogP method (ALA 51) : -0.0000
Side Chain Topographical Entropy from corr. pLogP method (PRO 52) : 14.2677
Side Chain Topographical Entropy from corr. pLogP method (ALA 53) : -0.0000
Side Chain Topographical Entropy from corr. pLogP method (THR 54) : 8.5452
Side Chain Topographical Entropy from corr. pLogP method (ASP 55) : 14.6900
Side Chain Topographical Entropy from corr. pLogP method (GLY 56) : -0.0000
Side Chain Topographical Entropy from corr. pLogP method (SER 57) : 7.7024
Side Chain Topographical Entropy from corr. pLogP method (GLY 58) : -0.0000
Side Chain Topographical Entropy from corr. pLogP method (THR 59) : 0.5122
Side Chain Topographical Entropy from corr. pLogP method (ALA 60) : -0.0000
Side Chain Topographical Entropy from corr. pLogP method (LEU 61) : 4.9510
Side Chain Topographical Entropy from corr. pLogP method (GLY 62) : -0.0000
Side Chain Topographical Entropy from corr. pLogP method (TRP 63) : 1.3563
Side Chain Topographical Entropy from corr. pLogP method (THR 64) : 0.4078
Side Chain Topographical Entropy from corr. pLogP method (VAL 65) : 0.4284
Side Chain Topographical Entropy from corr. pLogP method (ALA 66) : -0.0000
Side Chain Topographical Entropy from corr. pLogP method (TRP 67) : 6.9958
Side Chain Topographical Entropy from corr. pLogP method (LYS 68) : 21.1907
Side Chain Topographical Entropy from corr. pLogP method (ASN 69) : 13.3531
Side Chain Topographical Entropy from corr. pLogP method (ASN 70) : 15.6786
Side Chain Topographical Entropy from corr. pLogP method (TYR 71) : 17.2162
Side Chain Topographical Entropy from corr. pLogP method (ARG 72) : 23.8592
Side Chain Topographical Entropy from corr. pLogP method (ASN 73) : 9.5717
Side Chain Topographical Entropy from corr. pLogP method (ALA 74) : -0.0000
Side Chain Topographical Entropy from corr. pLogP method (HID 75) : 11.2615
Side Chain Topographical Entropy from corr. pLogP method (SER 76) : 6.7847
Side Chain Topographical Entropy from corr. pLogP method (ALA 77) : -0.0000
Side Chain Topographical Entropy from corr. pLogP method (THR 78) : 0.7083
Side Chain Topographical Entropy from corr. pLogP method (THR 79) : 0.8610
Side Chain Topographical Entropy from corr. pLogP method (TRP 80) : 5.6339
Side Chain Topographical Entropy from corr. pLogP method (SER 81) : 0.8142
Side Chain Topographical Entropy from corr. pLogP method (GLY 82) : -0.0000
Side Chain Topographical Entropy from corr. pLogP method (GLN 83) : 10.6025
Side Chain Topographical Entropy from corr. pLogP method (TYR 84) : 2.5003
Side Chain Topographical Entropy from corr. pLogP method (VAL 85) : 3.9047
Side Chain Topographical Entropy from corr. pLogP method (GLY 86) : -0.0000
Side Chain Topographical Entropy from corr. pLogP method (GLY 87) : -0.0000
Side Chain Topographical Entropy from corr. pLogP method (ALA 88) : -0.0000
Side Chain Topographical Entropy from corr. pLogP method (GLU 89) : 22.9554
Side Chain Topographical Entropy from corr. pLogP method (ALA 90) : -0.0000
Side Chain Topographical Entropy from corr. pLogP method (ARG 91) : 16.2636
Side Chain Topographical Entropy from corr. pLogP method (ILE 92) : 1.5095
Side Chain Topographical Entropy from corr. pLogP method (ASN 93) : 7.7237
Side Chain Topographical Entropy from corr. pLogP method (THR 94) : 2.1844
Side Chain Topographical Entropy from corr. pLogP method (GLN 95) : 10.8392
Side Chain Topographical Entropy from corr. pLogP method (TRP 96) : 5.6792
Side Chain Topographical Entropy from corr. pLogP method (LEU 97) : 1.9601
Side Chain Topographical Entropy from corr. pLogP method (LEU 98) : 3.6755
Side Chain Topographical Entropy from corr. pLogP method (THR 99) : 6.1942
Side Chain Topographical Entropy from corr. pLogP method (SER 100) : 8.4070
Side Chain Topographical Entropy from corr. pLogP method (GLY 101) : -0.0000
Side Chain Topographical Entropy from corr. pLogP method (THR 102) : 6.5942
Side Chain Topographical Entropy from corr. pLogP method (THR 103) : 3.4607
Side Chain Topographical Entropy from corr. pLogP method (GLU 104) : 24.0579
Side Chain Topographical Entropy from corr. pLogP method (ALA 105) : -0.0000
Side Chain Topographical Entropy from corr. pLogP method (ASN 106) : 7.0610
Side Chain Topographical Entropy from corr. pLogP method (ALA 107) : -0.0000
Side Chain Topographical Entropy from corr. pLogP method (TRP 108) : 10.8400
Side Chain Topographical Entropy from corr. pLogP method (LYS 109) : 17.4299
Side Chain Topographical Entropy from corr. pLogP method (SER 110) : 2.2568
Side Chain Topographical Entropy from corr. pLogP method (THR 111) : 1.5038
Side Chain Topographical Entropy from corr. pLogP method (LEU 112) : 5.1805
Side Chain Topographical Entropy from corr. pLogP method (VAL 113) : 1.5239
Side Chain Topographical Entropy from corr. pLogP method (GLY 114) : -0.0000
Side Chain Topographical Entropy from corr. pLogP method (HID 115) : 14.8294
Side Chain Topographical Entropy from corr. pLogP method (ASP 116) : 9.1708
Side Chain Topographical Entropy from corr. pLogP method (THR 117) : 7.3665
Side Chain Topographical Entropy from corr. pLogP method (PHE 118) : 1.1503
Side Chain Topographical Entropy from corr. pLogP method (THR 119) : 5.7674
Side Chain Topographical Entropy from corr. pLogP method (LYS 120) : 13.1903
Side Chain Topographical Entropy from corr. pLogP method (VAL 121) : 5.0904
Side Chain Topographical Entropy from corr. pLogP method (LYS 122) : 19.6630
Side Chain Topographical Entropy from corr. pLogP method (PRO 123) : 17.8580
Side Chain Topographical Entropy from corr. pLogP method (SER 124) : 8.9328
Side Chain Topographical Entropy from corr. pLogP method (ALA 125) : -0.0000
Side Chain Topographical Entropy from corr. pLogP method (ALA 126) : -0.0000
Side Chain Topographical Entropy from corr. pLogP method (CSER 127) : 4.9539
____________________________________________________________
Total SC Topog. Entropy (corr. pLogP)    :         738.517
------------------------------------------------------------
____________________________________________________________
Total BB Topog. Entropy (corr. pLogP)    :          41.837
------------------------------------------------------------
____________________________________________________________
Total Entropy                            :         780.353
------------------------------------------------------------
------------------------------------------------------------
Topographical entropy of residue side chains 
computed using all the dihedrals with correlation/pLogp formalism
------------------------------------------------------------
Side Chain Topographical Entropy from corr. pLogP method (NALA 1) : -0.0000
Side Chain Topographical Entropy from corr. pLogP method (GLU 2) : 22.4632
Side Chain Topographical Entropy from corr. pLogP method (ALA 3) : -0.0000
Side Chain Topographical Entropy from corr. pLogP method (GLY 4) : -0.0000
Side Chain Topographical Entropy from corr. pLogP method (ILE 5) : 1.6647
Side Chain Topographical Entropy from corr. pLogP method (THR 6) : 0.1360
Side Chain Topographical Entropy from corr. pLogP method (GLY 7) : -0.0000
Side Chain Topographical Entropy from corr. pLogP method (THR 8) : 1.1165
Side Chain Topographical Entropy from corr. pLogP method (TRP 9) : 2.9960
Side Chain Topographical Entropy from corr. pLogP method (TYR 10) : 8.5001
Side Chain Topographical Entropy from corr. pLogP method (ALA 11) : -0.0000
Side Chain Topographical Entropy from corr. pLogP method (GLN 12) : 20.9595
Side Chain Topographical Entropy from corr. pLogP method (LEU 13) : 7.2457
Side Chain Topographical Entropy from corr. pLogP method (GLY 14) : -0.0000
Side Chain Topographical Entropy from corr. pLogP method (SER 15) : 7.7048
Side Chain Topographical Entropy from corr. pLogP method (THR 16) : 5.3060
Side Chain Topographical Entropy from corr. pLogP method (PHE 17) : 2.9107
Side Chain Topographical Entropy from corr. pLogP method (ILE 18) : 5.4643
Side Chain Topographical Entropy from corr. pLogP method (VAL 19) : 2.9517
Side Chain Topographical Entropy from corr. pLogP method (THR 20) : 7.0914
Side Chain Topographical Entropy from corr. pLogP method (ALA 21) : -0.0000
Side Chain Topographical Entropy from corr. pLogP method (GLY 22) : -0.0000
Side Chain Topographical Entropy from corr. pLogP method (ALA 23) : -0.0000
Side Chain Topographical Entropy from corr. pLogP method (ASP 24) : 13.2035
Side Chain Topographical Entropy from corr. pLogP method (GLY 25) : -0.0000
Side Chain Topographical Entropy from corr. pLogP method (ALA 26) : -0.0000
Side Chain Topographical Entropy from corr. pLogP method (LEU 27) : 9.2181
Side Chain Topographical Entropy from corr. pLogP method (THR 28) : 8.7612
Side Chain Topographical Entropy from corr. pLogP method (GLY 29) : -0.0000
Side Chain Topographical Entropy from corr. pLogP method (THR 30) : 8.3267
Side Chain Topographical Entropy from corr. pLogP method (TYR 31) : 10.3526
Side Chain Topographical Entropy from corr. pLogP method (GLU 32) : 17.4794
Side Chain Topographical Entropy from corr. pLogP method (SER 33) : 4.4194
Side Chain Topographical Entropy from corr. pLogP method (ALA 34) : -0.0000
Side Chain Topographical Entropy from corr. pLogP method (VAL 35) : 7.6431
Side Chain Topographical Entropy from corr. pLogP method (GLY 36) : -0.0000
Side Chain Topographical Entropy from corr. pLogP method (ASN 37) : 11.6029
Side Chain Topographical Entropy from corr. pLogP method (ALA 38) : -0.0000
Side Chain Topographical Entropy from corr. pLogP method (GLU 39) : 19.9041
Side Chain Topographical Entropy from corr. pLogP method (SER 40) : 5.2791
Side Chain Topographical Entropy from corr. pLogP method (ARG 41) : 15.3859
Side Chain Topographical Entropy from corr. pLogP method (TYR 42) : 3.7877
Side Chain Topographical Entropy from corr. pLogP method (VAL 43) : 1.0674
Side Chain Topographical Entropy from corr. pLogP method (LEU 44) : 4.6730
Side Chain Topographical Entropy from corr. pLogP method (THR 45) : 7.1694
Side Chain Topographical Entropy from corr. pLogP method (GLY 46) : -0.0000
Side Chain Topographical Entropy from corr. pLogP method (ARG 47) : 2.9000
Side Chain Topographical Entropy from corr. pLogP method (TYR 48) : 5.2694
Side Chain Topographical Entropy from corr. pLogP method (ASP 49) : 8.9807
Side Chain Topographical Entropy from corr. pLogP method (SER 50) : 1.5946
Side Chain Topographical Entropy from corr. pLogP method (ALA 51) : -0.0000
Side Chain Topographical Entropy from corr. pLogP method (PRO 52) : 13.3584
Side Chain Topographical Entropy from corr. pLogP method (ALA 53) : -0.0000
Side Chain Topographical Entropy from corr. pLogP method (THR 54) : 5.8106
Side Chain Topographical Entropy from corr. pLogP method (ASP 55) : 9.4977
Side Chain Topographical Entropy from corr. pLogP method (GLY 56) : -0.0000
Side Chain Topographical Entropy from corr. pLogP method (SER 57) : 1.9808
Side Chain Topographical Entropy from corr. pLogP method (GLY 58) : -0.0000
Side Chain Topographical Entropy from corr. pLogP method (THR 59) : 2.0062
Side Chain Topographical Entropy from corr. pLogP method (ALA 60) : -0.0000
Side Chain Topographical Entropy from corr. pLogP method (LEU 61) : 7.1048
Side Chain Topographical Entropy from corr. pLogP method (GLY 62) : -0.0000
Side Chain Topographical Entropy from corr. pLogP method (TRP 63) : 4.9108
Side Chain Topographical Entropy from corr. pLogP method (THR 64) : 0.2649
Side Chain Topographical Entropy from corr. pLogP method (VAL 65) : 0.6986
Side Chain Topographical Entropy from corr. pLogP method (ALA 66) : -0.0000
Side Chain Topographical Entropy from corr. pLogP method (TRP 67) : 6.5501
Side Chain Topographical Entropy from corr. pLogP method (LYS 68) : 21.1683
Side Chain Topographical Entropy from corr. pLogP method (ASN 69) : 12.5071
Side Chain Topographical Entropy from corr. pLogP method (ASN 70) : 14.8271
Side Chain Topographical Entropy from corr. pLogP method (TYR 71) : 14.4036
Side Chain Topographical Entropy from corr. pLogP method (ARG 72) : 19.4684
Side Chain Topographical Entropy from corr. pLogP method (ASN 73) : 8.5503
Side Chain Topographical Entropy from corr. pLogP method (ALA 74) : -0.0000
Side Chain Topographical Entropy from corr. pLogP method (HID 75) : 9.3270
Side Chain Topographical Entropy from corr. pLogP method (SER 76) : 4.1156
Side Chain Topographical Entropy from corr. pLogP method (ALA 77) : -0.0000
Side Chain Topographical Entropy from corr. pLogP method (THR 78) : 0.3027
Side Chain Topographical Entropy from corr. pLogP method (THR 79) : 1.9460
Side Chain Topographical Entropy from corr. pLogP method (TRP 80) : 4.9824
Side Chain Topographical Entropy from corr. pLogP method (SER 81) : 1.0518
Side Chain Topographical Entropy from corr. pLogP method (GLY 82) : -0.0000
Side Chain Topographical Entropy from corr. pLogP method (GLN 83) : 11.7038
Side Chain Topographical Entropy from corr. pLogP method (TYR 84) : 2.3866
Side Chain Topographical Entropy from corr. pLogP method (VAL 85) : 3.0370
Side Chain Topographical Entropy from corr. pLogP method (GLY 86) : -0.0000
Side Chain Topographical Entropy from corr. pLogP method (GLY 87) : -0.0000
Side Chain Topographical Entropy from corr. pLogP method (ALA 88) : -0.0000
Side Chain Topographical Entropy from corr. pLogP method (GLU 89) : 23.1308
Side Chain Topographical Entropy from corr. pLogP method (ALA 90) : -0.0000
Side Chain Topographical Entropy from corr. pLogP method (ARG 91) : 19.1643
Side Chain Topographical Entropy from corr. pLogP method (ILE 92) : 3.0423
Side Chain Topographical Entropy from corr. pLogP method (ASN 93) : 6.8324
Side Chain Topographical Entropy from corr. pLogP method (THR 94) : 6.4368
Side Chain Topographical Entropy from corr. pLogP method (GLN 95) : 10.8319
Side Chain Topographical Entropy from corr. pLogP method (TRP 96) : 1.5142
Side Chain Topographical Entropy from corr. pLogP method (LEU 97) : 5.2862
Side Chain Topographical Entropy from corr. pLogP method (LEU 98) : 2.7485
Side Chain Topographical Entropy from corr. pLogP method (THR 99) : 6.0120
Side Chain Topographical Entropy from corr. pLogP method (SER 100) : 8.4338
Side Chain Topographical Entropy from corr. pLogP method (GLY 101) : -0.0000
Side Chain Topographical Entropy from corr. pLogP method (THR 102) : 2.5432
Side Chain Topographical Entropy from corr. pLogP method (THR 103) : 1.1378
Side Chain Topographical Entropy from corr. pLogP method (GLU 104) : 23.5883
Side Chain Topographical Entropy from corr. pLogP method (ALA 105) : -0.0000
Side Chain Topographical Entropy from corr. pLogP method (ASN 106) : 5.2123
Side Chain Topographical Entropy from corr. pLogP method (ALA 107) : -0.0000
Side Chain Topographical Entropy from corr. pLogP method (TRP 108) : 7.4174
Side Chain Topographical Entropy from corr. pLogP method (LYS 109) : 16.3124
Side Chain Topographical Entropy from corr. pLogP method (SER 110) : 3.3883
Side Chain Topographical Entropy from corr. pLogP method (THR 111) : 0.2038
Side Chain Topographical Entropy from corr. pLogP method (LEU 112) : 2.0132
Side Chain Topographical Entropy from corr. pLogP method (VAL 113) : 0.0104
Side Chain Topographical Entropy from corr. pLogP method (GLY 114) : -0.0000
Side Chain Topographical Entropy from corr. pLogP method (HID 115) : 0.7516
Side Chain Topographical Entropy from corr. pLogP method (ASP 116) : 7.8680
Side Chain Topographical Entropy from corr. pLogP method (THR 117) : 5.6389
Side Chain Topographical Entropy from corr. pLogP method (PHE 118) : 4.0482
Side Chain Topographical Entropy from corr. pLogP method (THR 119) : 6.3712
Side Chain Topographical Entropy from corr. pLogP method (LYS 120) : 14.6713
Side Chain Topographical Entropy from corr. pLogP method (VAL 121) : 5.7523
Side Chain Topographical Entropy from corr. pLogP method (LYS 122) : 18.1154
Side Chain Topographical Entropy from corr. pLogP method (PRO 123) : 15.8479
Side Chain Topographical Entropy from corr. pLogP method (SER 124) : 8.8353
Side Chain Topographical Entropy from corr. pLogP method (ALA 125) : -0.0000
Side Chain Topographical Entropy from corr. pLogP method (ALA 126) : -0.0000
Side Chain Topographical Entropy from corr. pLogP method (CSER 127) : 4.9106
____________________________________________________________
Total SC Topog. Entropy (corr. pLogP)    :         693.561
------------------------------------------------------------
____________________________________________________________
Total BB Topog. Entropy (corr. pLogP)    :          33.637
------------------------------------------------------------
____________________________________________________________
Total Entropy                            :         727.198
------------------------------------------------------------
------------------------------------------------------------
Topographical entropy of residue side chains 
computed using all the dihedrals with correlation/pLogp formalism
------------------------------------------------------------
Side Chain Topographical Entropy from corr. pLogP method (NALA 1) : -0.0000
Side Chain Topographical Entropy from corr. pLogP method (GLU 2) : 22.3013
Side Chain Topographical Entropy from corr. pLogP method (ALA 3) : -0.0000
Side Chain Topographical Entropy from corr. pLogP method (GLY 4) : -0.0000
Side Chain Topographical Entropy from corr. pLogP method (ILE 5) : 3.6779
Side Chain Topographical Entropy from corr. pLogP method (THR 6) : 1.6225
Side Chain Topographical Entropy from corr. pLogP method (GLY 7) : -0.0000
Side Chain Topographical Entropy from corr. pLogP method (THR 8) : 2.0853
Side Chain Topographical Entropy from corr. pLogP method (TRP 9) : 3.0423
Side Chain Topographical Entropy from corr. pLogP method (TYR 10) : 8.7883
Side Chain Topographical Entropy from corr. pLogP method (ALA 11) : -0.0000
Side Chain Topographical Entropy from corr. pLogP method (GLN 12) : 21.5837
Side Chain Topographical Entropy from corr. pLogP method (LEU 13) : 9.6508
Side Chain Topographical Entropy from corr. pLogP method (GLY 14) : -0.0000
Side Chain Topographical Entropy from corr. pLogP method (SER 15) : 7.9008
Side Chain Topographical Entropy from corr. pLogP method (THR 16) : 1.8275
Side Chain Topographical Entropy from corr. pLogP method (PHE 17) : 6.8190
Side Chain Topographical Entropy from corr. pLogP method (ILE 18) : 6.1191
Side Chain Topographical Entropy from corr. pLogP method (VAL 19) : 8.9130
Side Chain Topographical Entropy from corr. pLogP method (THR 20) : 5.9389
Side Chain Topographical Entropy from corr. pLogP method (ALA 21) : -0.0000
Side Chain Topographical Entropy from corr. pLogP method (GLY 22) : -0.0000
Side Chain Topographical Entropy from corr. pLogP method (ALA 23) : -0.0000
Side Chain Topographical Entropy from corr. pLogP method (ASP 24) : 15.9084
Side Chain Topographical Entropy from corr. pLogP method (GLY 25) : -0.0000
Side Chain Topographical Entropy from corr. pLogP method (ALA 26) : -0.0000
Side Chain Topographical Entropy from corr. pLogP method (LEU 27) : 10.3658
Side Chain Topographical Entropy from corr. pLogP method (THR 28) : 8.5861
Side Chain Topographical Entropy from corr. pLogP method (GLY 29) : -0.0000
Side Chain Topographical Entropy from corr. pLogP method (THR 30) : 7.3858
Side Chain Topographical Entropy from corr. pLogP method (TYR 31) : 5.0511
Side Chain Topographical Entropy from corr. pLogP method (GLU 32) : 20.5327
Side Chain Topographical Entropy from corr. pLogP method (SER 33) : 6.0971
Side Chain Topographical Entropy from corr. pLogP method (ALA 34) : -0.0000
Side Chain Topographical Entropy from corr. pLogP method (VAL 35) : 8.5783
Side Chain Topographical Entropy from corr. pLogP method (GLY 36) : -0.0000
Side Chain Topographical Entropy from corr. pLogP method (ASN 37) : 15.9644
Side Chain Topographical Entropy from corr. pLogP method (ALA 38) : -0.0000
Side Chain Topographical Entropy from corr. pLogP method (GLU 39) : 18.2091
Side Chain Topographical Entropy from corr. pLogP method (SER 40) : 8.8595
Side Chain Topographical Entropy from corr. pLogP method (ARG 41) : 14.9460
Side Chain Topographical Entropy from corr. pLogP method (TYR 42) : 6.7570
Side Chain Topographical Entropy from corr. pLogP method (VAL 43) : 6.8286
Side Chain Topographical Entropy from corr. pLogP method (LEU 44) : 10.5180
Side Chain Topographical Entropy from corr. pLogP method (THR 45) : 8.0108
Side Chain Topographical Entropy from corr. pLogP method (GLY 46) : -0.0000
Side Chain Topographical Entropy from corr. pLogP method (ARG 47) : 0.6514
Side Chain Topographical Entropy from corr. pLogP method (TYR 48) : 6.6214
Side Chain Topographical Entropy from corr. pLogP method (ASP 49) : 5.7454
Side Chain Topographical Entropy from corr. pLogP method (SER 50) : 1.9176
Side Chain Topographical Entropy from corr. pLogP method (ALA 51) : -0.0000
Side Chain Topographical Entropy from corr. pLogP method (PRO 52) : 14.3279
Side Chain Topographical Entropy from corr. pLogP method (ALA 53) : -0.0000
Side Chain Topographical Entropy from corr. pLogP method (THR 54) : 6.7626
Side Chain Topographical Entropy from corr. pLogP method (ASP 55) : 9.7437
Side Chain Topographical Entropy from corr. pLogP method (GLY 56) : -0.0000
Side Chain Topographical Entropy from corr. pLogP method (SER 57) : 2.7281
Side Chain Topographical Entropy from corr. pLogP method (GLY 58) : -0.0000
Side Chain Topographical Entropy from corr. pLogP method (THR 59) : 0.1447
Side Chain Topographical Entropy from corr. pLogP method (ALA 60) : -0.0000
Side Chain Topographical Entropy from corr. pLogP method (LEU 61) : 7.4762
Side Chain Topographical Entropy from corr. pLogP method (GLY 62) : -0.0000
Side Chain Topographical Entropy from corr. pLogP method (TRP 63) : 2.5925
Side Chain Topographical Entropy from corr. pLogP method (THR 64) : 0.9682
Side Chain Topographical Entropy from corr. pLogP method (VAL 65) : 1.1598
Side Chain Topographical Entropy from corr. pLogP method (ALA 66) : -0.0000
Side Chain Topographical Entropy from corr. pLogP method (TRP 67) : 11.3119
Side Chain Topographical Entropy from corr. pLogP method (LYS 68) : 25.8007
Side Chain Topographical Entropy from corr. pLogP method (ASN 69) : 10.7059
Side Chain Topographical Entropy from corr. pLogP method (ASN 70) : 15.2861
Side Chain Topographical Entropy from corr. pLogP method (TYR 71) : 17.8509
Side Chain Topographical Entropy from corr. pLogP method (ARG 72) : 24.4059
Side Chain Topographical Entropy from corr. pLogP method (ASN 73) : 11.2041
Side Chain Topographical Entropy from corr. pLogP method (ALA 74) : -0.0000
Side Chain Topographical Entropy from corr. pLogP method (HID 75) : 14.7511
Side Chain Topographical Entropy from corr. pLogP method (SER 76) : 6.8565
Side Chain Topographical Entropy from corr. pLogP method (ALA 77) : -0.0000
Side Chain Topographical Entropy from corr. pLogP method (THR 78) : 0.7253
Side Chain Topographical Entropy from corr. pLogP method (THR 79) : 5.2665
Side Chain Topographical Entropy from corr. pLogP method (TRP 80) : 5.7310
Side Chain Topographical Entropy from corr. pLogP method (SER 81) : 0.3470
Side Chain Topographical Entropy from corr. pLogP method (GLY 82) : -0.0000
Side Chain Topographical Entropy from corr. pLogP method (GLN 83) : 11.1125
Side Chain Topographical Entropy from corr. pLogP method (TYR 84) : 3.1216
Side Chain Topographical Entropy from corr. pLogP method (VAL 85) : 2.7458
Side Chain Topographical Entropy from corr. pLogP method (GLY 86) : -0.0000
Side Chain Topographical Entropy from corr. pLogP method (GLY 87) : -0.0000
Side Chain Topographical Entropy from corr. pLogP method (ALA 88) : -0.0000
Side Chain Topographical Entropy from corr. pLogP method (GLU 89) : 20.0981
Side Chain Topographical Entropy from corr. pLogP method (ALA 90) : -0.0000
Side Chain Topographical Entropy from corr. pLogP method (ARG 91) : 21.1809
Side Chain Topographical Entropy from corr. pLogP method (ILE 92) : 1.7724
Side Chain Topographical Entropy from corr. pLogP method (ASN 93) : 4.9211
Side Chain Topographical Entropy from corr. pLogP method (THR 94) : 5.2410
Side Chain Topographical Entropy from corr. pLogP method (GLN 95) : 10.8794
Side Chain Topographical Entropy from corr. pLogP method (TRP 96) : 4.7125
Side Chain Topographical Entropy from corr. pLogP method (LEU 97) : 3.0259
Side Chain Topographical Entropy from corr. pLogP method (LEU 98) : 1.9839
Side Chain Topographical Entropy from corr. pLogP method (THR 99) : 0.4885
Side Chain Topographical Entropy from corr. pLogP method (SER 100) : 8.6830
Side Chain Topographical Entropy from corr. pLogP method (GLY 101) : -0.0000
Side Chain Topographical Entropy from corr. pLogP method (THR 102) : 8.4900
Side Chain Topographical Entropy from corr. pLogP method (THR 103) : 4.7970
Side Chain Topographical Entropy from corr. pLogP method (GLU 104) : 23.9000
Side Chain Topographical Entropy from corr. pLogP method (ALA 105) : -0.0000
Side Chain Topographical Entropy from corr. pLogP method (ASN 106) : 9.2766
Side Chain Topographical Entropy from corr. pLogP method (ALA 107) : -0.0000
Side Chain Topographical Entropy from corr. pLogP method (TRP 108) : 7.7789
Side Chain Topographical Entropy from corr. pLogP method (LYS 109) : 18.4768
Side Chain Topographical Entropy from corr. pLogP method (SER 110) : 5.7788
Side Chain Topographical Entropy from corr. pLogP method (THR 111) : 0.7227
Side Chain Topographical Entropy from corr. pLogP method (LEU 112) : 2.9597
Side Chain Topographical Entropy from corr. pLogP method (VAL 113) : 0.4799
Side Chain Topographical Entropy from corr. pLogP method (GLY 114) : -0.0000
Side Chain Topographical Entropy from corr. pLogP method (HID 115) : 8.0498
Side Chain Topographical Entropy from corr. pLogP method (ASP 116) : 10.0579
Side Chain Topographical Entropy from corr. pLogP method (THR 117) : 3.3800
Side Chain Topographical Entropy from corr. pLogP method (PHE 118) : 5.0605
Side Chain Topographical Entropy from corr. pLogP method (THR 119) : 5.6889
Side Chain Topographical Entropy from corr. pLogP method (LYS 120) : 13.7794
Side Chain Topographical Entropy from corr. pLogP method (VAL 121) : 5.2255
Side Chain Topographical Entropy from corr. pLogP method (LYS 122) : 19.9327
Side Chain Topographical Entropy from corr. pLogP method (PRO 123) : 16.1540
Side Chain Topographical Entropy from corr. pLogP method (SER 124) : 8.8929
Side Chain Topographical Entropy from corr. pLogP method (ALA 125) : -0.0000
Side Chain Topographical Entropy from corr. pLogP method (ALA 126) : -0.0000
Side Chain Topographical Entropy from corr. pLogP method (CSER 127) : 5.1702
____________________________________________________________
Total SC Topog. Entropy (corr. pLogP)    :         777.971
------------------------------------------------------------
____________________________________________________________
Total BB Topog. Entropy (corr. pLogP)    :          45.957
------------------------------------------------------------
____________________________________________________________
Total Entropy                            :         823.928
------------------------------------------------------------
------------------------------------------------------------
Topographical entropy of residue side chains 
computed using all the dihedrals with correlation/pLogp formalism
------------------------------------------------------------
Side Chain Topographical Entropy from corr. pLogP method (NALA 1) : -0.0000
Side Chain Topographical Entropy from corr. pLogP method (GLU 2) : 24.1887
Side Chain Topographical Entropy from corr. pLogP method (ALA 3) : -0.0000
Side Chain Topographical Entropy from corr. pLogP method (GLY 4) : -0.0000
Side Chain Topographical Entropy from corr. pLogP method (ILE 5) : 2.6522
Side Chain Topographical Entropy from corr. pLogP method (THR 6) : 0.5470
Side Chain Topographical Entropy from corr. pLogP method (GLY 7) : -0.0000
Side Chain Topographical Entropy from corr. pLogP method (THR 8) : 1.5326
Side Chain Topographical Entropy from corr. pLogP method (TRP 9) : 3.3679
Side Chain Topographical Entropy from corr. pLogP method (TYR 10) : 8.4207
Side Chain Topographical Entropy from corr. pLogP method (ALA 11) : -0.0000
Side Chain Topographical Entropy from corr. pLogP method (GLN 12) : 20.7084
Side Chain Topographical Entropy from corr. pLogP method (LEU 13) : 8.3896
Side Chain Topographical Entropy from corr. pLogP method (GLY 14) : -0.0000
Side Chain Topographical Entropy from corr. pLogP method (SER 15) : 4.5078
Side Chain Topographical Entropy from corr. pLogP method (THR 16) : 5.0147
Side Chain Topographical Entropy from corr. pLogP method (PHE 17) : 7.1717
Side Chain Topographical Entropy from corr. pLogP method (ILE 18) : 8.0767
Side Chain Topographical Entropy from corr. pLogP method (VAL 19) : 5.6576
Side Chain Topographical Entropy from corr. pLogP method (THR 20) : 6.2470
Side Chain Topographical Entropy from corr. pLogP method (ALA 21) : -0.0000
Side Chain Topographical Entropy from corr. pLogP method (GLY 22) : -0.0000
Side Chain Topographical Entropy from corr. pLogP method (ALA 23) : -0.0000
Side Chain Topographical Entropy from corr. pLogP method (ASP 24) : 15.9303
Side Chain Topographical Entropy from corr. pLogP method (GLY 25) : -0.0000
Side Chain Topographical Entropy from corr. pLogP method (ALA 26) : -0.0000
Side Chain Topographical Entropy from corr. pLogP method (LEU 27) : 7.7478
Side Chain Topographical Entropy from corr. pLogP method (THR 28) : 8.7583
Side Chain Topographical Entropy from corr. pLogP method (GLY 29) : -0.0000
Side Chain Topographical Entropy from corr. pLogP method (THR 30) : 6.4768
Side Chain Topographical Entropy from corr. pLogP method (TYR 31) : 7.7572
Side Chain Topographical Entropy from corr. pLogP method (GLU 32) : 18.1494
Side Chain Topographical Entropy from corr. pLogP method (SER 33) : 5.1980
Side Chain Topographical Entropy from corr. pLogP method (ALA 34) : -0.0000
Side Chain Topographical Entropy from corr. pLogP method (VAL 35) : 6.7841
Side Chain Topographical Entropy from corr. pLogP method (GLY 36) : -0.0000
Side Chain Topographical Entropy from corr. pLogP method (ASN 37) : 14.4599
Side Chain Topographical Entropy from corr. pLogP method (ALA 38) : -0.0000
Side Chain Topographical Entropy from corr. pLogP method (GLU 39) : 21.6279
Side Chain Topographical Entropy from corr. pLogP method (SER 40) : 7.8614
Side Chain Topographical Entropy from corr. pLogP method (ARG 41) : 20.4878
Side Chain Topographical Entropy from corr. pLogP method (TYR 42) : 5.2206
Side Chain Topographical Entropy from corr. pLogP method (VAL 43) : 3.8578
Side Chain Topographical Entropy from corr. pLogP method (LEU 44) : 10.4608
Side Chain Topographical Entropy from corr. pLogP method (THR 45) : 3.7172
Side Chain Topographical Entropy from corr. pLogP method (GLY 46) : -0.0000
Side Chain Topographical Entropy from corr. pLogP method (ARG 47) : 2.9947
Side Chain Topographical Entropy from corr. pLogP method (TYR 48) : 6.9518
Side Chain Topographical Entropy from corr. pLogP method (ASP 49) : 9.4423
Side Chain Topographical Entropy from corr. pLogP method (SER 50) : 7.2511
Side Chain Topographical Entropy from corr. pLogP method (ALA 51) : -0.0000
Side Chain Topographical Entropy from corr. pLogP method (PRO 52) : 15.1787
Side Chain Topographical Entropy from corr. pLogP method (ALA 53) : -0.0000
Side Chain Topographical Entropy from corr. pLogP method (THR 54) : 8.7324
Side Chain Topographical Entropy from corr. pLogP method (ASP 55) : 16.7539
Side Chain Topographical Entropy from corr. pLogP method (GLY 56) : -0.0000
Side Chain Topographical Entropy from corr. pLogP method (SER 57) : 8.2766
Side Chain Topographical Entropy from corr. pLogP method (GLY 58) : -0.0000
Side Chain Topographical Entropy from corr. pLogP method (THR 59) : 1.3679
Side Chain Topographical Entropy from corr. pLogP method (ALA 60) : -0.0000
Side Chain Topographical Entropy from corr. pLogP method (LEU 61) : 8.0898
Side Chain Topographical Entropy from corr. pLogP method (GLY 62) : -0.0000
Side Chain Topographical Entropy from corr. pLogP method (TRP 63) : 5.8708
Side Chain Topographical Entropy from corr. pLogP method (THR 64) : 0.3507
Side Chain Topographical Entropy from corr. pLogP method (VAL 65) : 5.4368
Side Chain Topographical Entropy from corr. pLogP method (ALA 66) : -0.0000
Side Chain Topographical Entropy from corr. pLogP method (TRP 67) : 7.8088
Side Chain Topographical Entropy from corr. pLogP method (LYS 68) : 20.0804
Side Chain Topographical Entropy from corr. pLogP method (ASN 69) : 15.5683
Side Chain Topographical Entropy from corr. pLogP method (ASN 70) : 14.5389
Side Chain Topographical Entropy from corr. pLogP method (TYR 71) : 18.6992
Side Chain Topographical Entropy from corr. pLogP method (ARG 72) : 18.1770
Side Chain Topographical Entropy from corr. pLogP method (ASN 73) : 5.7750
Side Chain Topographical Entropy from corr. pLogP method (ALA 74) : -0.0000
Side Chain Topographical Entropy from corr. pLogP method (HID 75) : 10.6885
Side Chain Topographical Entropy from corr. pLogP method (SER 76) : 6.5833
Side Chain Topographical Entropy from corr. pLogP method (ALA 77) : -0.0000
Side Chain Topographical Entropy from corr. pLogP method (THR 78) : 0.3889
Side Chain Topographical Entropy from corr. pLogP method (THR 79) : 1.2027
Side Chain Topographical Entropy from corr. pLogP method (TRP 80) : 4.7002
Side Chain Topographical Entropy from corr. pLogP method (SER 81) : 2.6077
Side Chain Topographical Entropy from corr. pLogP method (GLY 82) : -0.0000
Side Chain Topographical Entropy from corr. pLogP method (GLN 83) : 14.4554
Side Chain Topographical Entropy from corr. pLogP method (TYR 84) : 1.9535
Side Chain Topographical Entropy from corr. pLogP method (VAL 85) : 3.9832
Side Chain Topographical Entropy from corr. pLogP method (GLY 86) : -0.0000
Side Chain Topographical Entropy from corr. pLogP method (GLY 87) : -0.0000
Side Chain Topographical Entropy from corr. pLogP method (ALA 88) : -0.0000
Side Chain Topographical Entropy from corr. pLogP method (GLU 89) : 21.0014
Side Chain Topographical Entropy from corr. pLogP method (ALA 90) : -0.0000
Side Chain Topographical Entropy from corr. pLogP method (ARG 91) : 9.9034
Side Chain Topographical Entropy from corr. pLogP method (ILE 92) : 1.6068
Side Chain Topographical Entropy from corr. pLogP method (ASN 93) : 6.3171
Side Chain Topographical Entropy from corr. pLogP method (THR 94) : 5.8617
Side Chain Topographical Entropy from corr. pLogP method (GLN 95) : 8.0573
Side Chain Topographical Entropy from corr. pLogP method (TRP 96) : 1.5037
Side Chain Topographical Entropy from corr. pLogP method (LEU 97) : 4.5059
Side Chain Topographical Entropy from corr. pLogP method (LEU 98) : 2.1358
Side Chain Topographical Entropy from corr. pLogP method (THR 99) : 1.1661
Side Chain Topographical Entropy from corr. pLogP method (SER 100) : 8.2339
Side Chain Topographical Entropy from corr. pLogP method (GLY 101) : -0.0000
Side Chain Topographical Entropy from corr. pLogP method (THR 102) : 5.7101
Side Chain Topographical Entropy from corr. pLogP method (THR 103) : 6.4233
Side Chain Topographical Entropy from corr. pLogP method (GLU 104) : 23.5103
Side Chain Topographical Entropy from corr. pLogP method (ALA 105) : -0.0000
Side Chain Topographical Entropy from corr. pLogP method (ASN 106) : 6.1667
Side Chain Topographical Entropy from corr. pLogP method (ALA 107) : -0.0000
Side Chain Topographical Entropy from corr. pLogP method (TRP 108) : 7.2033
Side Chain Topographical Entropy from corr. pLogP method (LYS 109) : 13.9302
Side Chain Topographical Entropy from corr. pLogP method (SER 110) : 2.9637
Side Chain Topographical Entropy from corr. pLogP method (THR 111) : 0.3036
Side Chain Topographical Entropy from corr. pLogP method (LEU 112) : 2.6692
Side Chain Topographical Entropy from corr. pLogP method (VAL 113) : 0.0277
Side Chain Topographical Entropy from corr. pLogP method (GLY 114) : -0.0000
Side Chain Topographical Entropy from corr. pLogP method (HID 115) : 6.5485
Side Chain Topographical Entropy from corr. pLogP method (ASP 116) : 10.9328
Side Chain Topographical Entropy from corr. pLogP method (THR 117) : 3.4373
Side Chain Topographical Entropy from corr. pLogP method (PHE 118) : 11.2060
Side Chain Topographical Entropy from corr. pLogP method (THR 119) : 5.6079
Side Chain Topographical Entropy from corr. pLogP method (LYS 120) : 15.4928
Side Chain Topographical Entropy from corr. pLogP method (VAL 121) : 5.4788
Side Chain Topographical Entropy from corr. pLogP method (LYS 122) : 19.0673
Side Chain Topographical Entropy from corr. pLogP method (PRO 123) : 16.2602
Side Chain Topographical Entropy from corr. pLogP method (SER 124) : 8.4241
Side Chain Topographical Entropy from corr. pLogP method (ALA 125) : -0.0000
Side Chain Topographical Entropy from corr. pLogP method (ALA 126) : -0.0000
Side Chain Topographical Entropy from corr. pLogP method (CSER 127) : 5.0672
____________________________________________________________
Total SC Topog. Entropy (corr. pLogP)    :         761.610
------------------------------------------------------------
____________________________________________________________
Total BB Topog. Entropy (corr. pLogP)    :          46.135
------------------------------------------------------------
____________________________________________________________
Total Entropy                            :         807.745
------------------------------------------------------------
