------------------------------------------------------------
Topographical entropy of residue side chains 
computed using all the dihedrals with correlation/pLogp formalism
------------------------------------------------------------
Side Chain Topographical Entropy from corr. pLogP method (NALA 1) : -0.0000
Side Chain Topographical Entropy from corr. pLogP method (GLU 2) : 13.1244
Side Chain Topographical Entropy from corr. pLogP method (ALA 3) : -0.0000
Side Chain Topographical Entropy from corr. pLogP method (GLY 4) : -0.0000
Side Chain Topographical Entropy from corr. pLogP method (ILE 5) : 3.1838
Side Chain Topographical Entropy from corr. pLogP method (THR 6) : 0.5844
Side Chain Topographical Entropy from corr. pLogP method (GLY 7) : -0.0000
Side Chain Topographical Entropy from corr. pLogP method (THR 8) : 4.0522
Side Chain Topographical Entropy from corr. pLogP method (TRP 9) : 4.1552
Side Chain Topographical Entropy from corr. pLogP method (TYR 10) : 10.7499
Side Chain Topographical Entropy from corr. pLogP method (ALA 11) : -0.0000
Side Chain Topographical Entropy from corr. pLogP method (GLN 12) : 22.1615
Side Chain Topographical Entropy from corr. pLogP method (LEU 13) : 9.8072
Side Chain Topographical Entropy from corr. pLogP method (GLY 14) : -0.0000
Side Chain Topographical Entropy from corr. pLogP method (SER 15) : 7.8489
Side Chain Topographical Entropy from corr. pLogP method (THR 16) : 7.4115
Side Chain Topographical Entropy from corr. pLogP method (PHE 17) : 9.2958
Side Chain Topographical Entropy from corr. pLogP method (ILE 18) : 10.2049
Side Chain Topographical Entropy from corr. pLogP method (VAL 19) : 7.3447
Side Chain Topographical Entropy from corr. pLogP method (THR 20) : 6.8620
Side Chain Topographical Entropy from corr. pLogP method (ALA 21) : -0.0000
Side Chain Topographical Entropy from corr. pLogP method (GLY 22) : -0.0000
Side Chain Topographical Entropy from corr. pLogP method (ALA 23) : -0.0000
Side Chain Topographical Entropy from corr. pLogP method (ASP 24) : 12.4387
Side Chain Topographical Entropy from corr. pLogP method (GLY 25) : -0.0000
Side Chain Topographical Entropy from corr. pLogP method (ALA 26) : -0.0000
Side Chain Topographical Entropy from corr. pLogP method (LEU 27) : 8.1094
Side Chain Topographical Entropy from corr. pLogP method (THR 28) : 8.1695
Side Chain Topographical Entropy from corr. pLogP method (GLY 29) : -0.0000
Side Chain Topographical Entropy from corr. pLogP method (THR 30) : 8.7884
Side Chain Topographical Entropy from corr. pLogP method (TYR 31) : 9.6673
Side Chain Topographical Entropy from corr. pLogP method (GLU 32) : 19.0844
Side Chain Topographical Entropy from corr. pLogP method (SER 33) : 9.1000
Side Chain Topographical Entropy from corr. pLogP method (ALA 34) : -0.0000
Side Chain Topographical Entropy from corr. pLogP method (VAL 35) : 6.3335
Side Chain Topographical Entropy from corr. pLogP method (GLY 36) : -0.0000
Side Chain Topographical Entropy from corr. pLogP method (ASN 37) : 16.4317
Side Chain Topographical Entropy from corr. pLogP method (ALA 38) : -0.0000
Side Chain Topographical Entropy from corr. pLogP method (GLU 39) : 25.2317
Side Chain Topographical Entropy from corr. pLogP method (SER 40) : 7.7131
Side Chain Topographical Entropy from corr. pLogP method (ARG 41) : 13.5845
Side Chain Topographical Entropy from corr. pLogP method (TYR 42) : 4.6400
Side Chain Topographical Entropy from corr. pLogP method (VAL 43) : 1.9445
Side Chain Topographical Entropy from corr. pLogP method (LEU 44) : 2.1251
Side Chain Topographical Entropy from corr. pLogP method (THR 45) : 5.9951
Side Chain Topographical Entropy from corr. pLogP method (GLY 46) : -0.0000
Side Chain Topographical Entropy from corr. pLogP method (ARG 47) : 0.7933
Side Chain Topographical Entropy from corr. pLogP method (TYR 48) : 5.9348
Side Chain Topographical Entropy from corr. pLogP method (ASP 49) : 8.7511
Side Chain Topographical Entropy from corr. pLogP method (SER 50) : 2.6265
Side Chain Topographical Entropy from corr. pLogP method (ALA 51) : -0.0000
Side Chain Topographical Entropy from corr. pLogP method (PRO 52) : 14.1409
Side Chain Topographical Entropy from corr. pLogP method (ALA 53) : -0.0000
Side Chain Topographical Entropy from corr. pLogP method (THR 54) : 8.9080
Side Chain Topographical Entropy from corr. pLogP method (ASP 55) : 17.1644
Side Chain Topographical Entropy from corr. pLogP method (GLY 56) : -0.0000
Side Chain Topographical Entropy from corr. pLogP method (SER 57) : 8.2789
Side Chain Topographical Entropy from corr. pLogP method (GLY 58) : -0.0000
Side Chain Topographical Entropy from corr. pLogP method (THR 59) : 4.5311
Side Chain Topographical Entropy from corr. pLogP method (ALA 60) : -0.0000
Side Chain Topographical Entropy from corr. pLogP method (LEU 61) : 5.0786
Side Chain Topographical Entropy from corr. pLogP method (GLY 62) : -0.0000
Side Chain Topographical Entropy from corr. pLogP method (TRP 63) : 0.5659
Side Chain Topographical Entropy from corr. pLogP method (THR 64) : 1.6705
Side Chain Topographical Entropy from corr. pLogP method (VAL 65) : 0.2886
Side Chain Topographical Entropy from corr. pLogP method (ALA 66) : -0.0000
Side Chain Topographical Entropy from corr. pLogP method (TRP 67) : 5.5188
Side Chain Topographical Entropy from corr. pLogP method (LYS 68) : 22.1181
Side Chain Topographical Entropy from corr. pLogP method (ASN 69) : 12.1923
Side Chain Topographical Entropy from corr. pLogP method (ASN 70) : 14.0999
Side Chain Topographical Entropy from corr. pLogP method (TYR 71) : 17.5494
Side Chain Topographical Entropy from corr. pLogP method (ARG 72) : 22.3243
Side Chain Topographical Entropy from corr. pLogP method (ASN 73) : 11.6624
Side Chain Topographical Entropy from corr. pLogP method (ALA 74) : -0.0000
Side Chain Topographical Entropy from corr. pLogP method (HID 75) : 5.9220
Side Chain Topographical Entropy from corr. pLogP method (SER 76) : 4.6471
Side Chain Topographical Entropy from corr. pLogP method (ALA 77) : -0.0000
Side Chain Topographical Entropy from corr. pLogP method (THR 78) : 1.6065
Side Chain Topographical Entropy from corr. pLogP method (THR 79) : 3.8656
Side Chain Topographical Entropy from corr. pLogP method (TRP 80) : 3.5233
Side Chain Topographical Entropy from corr. pLogP method (SER 81) : 5.3413
Side Chain Topographical Entropy from corr. pLogP method (GLY 82) : -0.0000
Side Chain Topographical Entropy from corr. pLogP method (GLN 83) : 13.0353
Side Chain Topographical Entropy from corr. pLogP method (TYR 84) : 1.0807
Side Chain Topographical Entropy from corr. pLogP method (VAL 85) : 3.3586
Side Chain Topographical Entropy from corr. pLogP method (GLY 86) : -0.0000
Side Chain Topographical Entropy from corr. pLogP method (GLY 87) : -0.0000
Side Chain Topographical Entropy from corr. pLogP method (ALA 88) : -0.0000
Side Chain Topographical Entropy from corr. pLogP method (GLU 89) : 21.8301
Side Chain Topographical Entropy from corr. pLogP method (ALA 90) : -0.0000
Side Chain Topographical Entropy from corr. pLogP method (ARG 91) : 16.1604
Side Chain Topographical Entropy from corr. pLogP method (ILE 92) : 0.9547
Side Chain Topographical Entropy from corr. pLogP method (ASN 93) : 10.7169
Side Chain Topographical Entropy from corr. pLogP method (THR 94) : 6.1502
Side Chain Topographical Entropy from corr. pLogP method (GLN 95) : 11.0649
Side Chain Topographical Entropy from corr. pLogP method (TRP 96) : 6.3963
Side Chain Topographical Entropy from corr. pLogP method (LEU 97) : 1.8912
Side Chain Topographical Entropy from corr. pLogP method (LEU 98) : 3.1053
Side Chain Topographical Entropy from corr. pLogP method (THR 99) : 2.9395
Side Chain Topographical Entropy from corr. pLogP method (SER 100) : 8.0581
Side Chain Topographical Entropy from corr. pLogP method (GLY 101) : -0.0000
Side Chain Topographical Entropy from corr. pLogP method (THR 102) : 5.3146
Side Chain Topographical Entropy from corr. pLogP method (THR 103) : 4.7718
Side Chain Topographical Entropy from corr. pLogP method (GLU 104) : 22.8717
Side Chain Topographical Entropy from corr. pLogP method (ALA 105) : -0.0000
Side Chain Topographical Entropy from corr. pLogP method (ASN 106) : 6.1136
Side Chain Topographical Entropy from corr. pLogP method (ALA 107) : -0.0000
Side Chain Topographical Entropy from corr. pLogP method (TRP 108) : 8.9965
Side Chain Topographical Entropy from corr. pLogP method (LYS 109) : 13.6186
Side Chain Topographical Entropy from corr. pLogP method (SER 110) : 5.5339
Side Chain Topographical Entropy from corr. pLogP method (THR 111) : 1.1103
Side Chain Topographical Entropy from corr. pLogP method (LEU 112) : 4.5315
Side Chain Topographical Entropy from corr. pLogP method (VAL 113) : 1.3032
Side Chain Topographical Entropy from corr. pLogP method (GLY 114) : -0.0000
Side Chain Topographical Entropy from corr. pLogP method (HID 115) : 6.4112
Side Chain Topographical Entropy from corr. pLogP method (ASP 116) : 9.2303
Side Chain Topographical Entropy from corr. pLogP method (THR 117) : 6.7249
Side Chain Topographical Entropy from corr. pLogP method (PHE 118) : 10.6287
Side Chain Topographical Entropy from corr. pLogP method (THR 119) : 5.7376
Side Chain Topographical Entropy from corr. pLogP method (LYS 120) : 15.1722
Side Chain Topographical Entropy from corr. pLogP method (VAL 121) : 6.0097
Side Chain Topographical Entropy from corr. pLogP method (LYS 122) : 19.9382
Side Chain Topographical Entropy from corr. pLogP method (PRO 123) : 17.2787
Side Chain Topographical Entropy from corr. pLogP method (SER 124) : 8.9412
Side Chain Topographical Entropy from corr. pLogP method (ALA 125) : -0.0000
Side Chain Topographical Entropy from corr. pLogP method (ALA 126) : -0.0000
Side Chain Topographical Entropy from corr. pLogP method (CSER 127) : 5.3895
____________________________________________________________
Total SC Topog. Entropy (corr. pLogP)    :         777.617
------------------------------------------------------------
____________________________________________________________
Total BB Topog. Entropy (corr. pLogP)    :          48.713
------------------------------------------------------------
____________________________________________________________
Total Entropy                            :         826.330
------------------------------------------------------------
