------------------------------------------------------------
Topographical entropy of residue side chains 
computed using all the dihedrals with AEM method
------------------------------------------------------------
Residue Topographical Entropy from AEM (NALA 1) : 0.4309
Residue Topographical Entropy from AEM (GLU 2) : 19.9409
Residue Topographical Entropy from AEM (ALA 3) : -0.0000
Residue Topographical Entropy from AEM (GLY 4) : -0.0000
Residue Topographical Entropy from AEM (ILE 5) : 2.2529
Residue Topographical Entropy from AEM (THR 6) : -0.0000
Residue Topographical Entropy from AEM (GLY 7) : -0.0000
Residue Topographical Entropy from AEM (THR 8) : 1.7200
Residue Topographical Entropy from AEM (TRP 9) : 37.1318
Residue Topographical Entropy from AEM (TYR 10) : 26.6431
Residue Topographical Entropy from AEM (ALA 11) : -0.0000
Residue Topographical Entropy from AEM (GLN 12) : 14.3311
Residue Topographical Entropy from AEM (LEU 13) : 8.0442
Residue Topographical Entropy from AEM (GLY 14) : -0.0000
Residue Topographical Entropy from AEM (SER 15) : 8.6506
Residue Topographical Entropy from AEM (THR 16) : 4.8427
Residue Topographical Entropy from AEM (PHE 17) : 24.1729
Residue Topographical Entropy from AEM (ILE 18) : 10.7360
Residue Topographical Entropy from AEM (VAL 19) : 1.3408
Residue Topographical Entropy from AEM (THR 20) : 7.5289
Residue Topographical Entropy from AEM (ALA 21) : -0.0000
Residue Topographical Entropy from AEM (GLY 22) : -0.0000
Residue Topographical Entropy from AEM (ALA 23) : -0.0000
Residue Topographical Entropy from AEM (ASP 24) : 9.8790
Residue Topographical Entropy from AEM (GLY 25) : -0.0000
Residue Topographical Entropy from AEM (ALA 26) : -0.0000
Residue Topographical Entropy from AEM (LEU 27) : 7.7947
Residue Topographical Entropy from AEM (THR 28) : 8.4423
Residue Topographical Entropy from AEM (GLY 29) : -0.0000
Residue Topographical Entropy from AEM (THR 30) : 5.0479
Residue Topographical Entropy from AEM (TYR 31) : 26.7862
Residue Topographical Entropy from AEM (GLU 32) : 18.0148
Residue Topographical Entropy from AEM (SER 33) : 7.5654
Residue Topographical Entropy from AEM (ALA 34) : -0.0000
Residue Topographical Entropy from AEM (VAL 35) : 8.1237
Residue Topographical Entropy from AEM (GLY 36) : -0.0000
Residue Topographical Entropy from AEM (ASN 37) : 12.1089
Residue Topographical Entropy from AEM (ALA 38) : -0.0000
Residue Topographical Entropy from AEM (GLU 39) : 24.7124
Residue Topographical Entropy from AEM (SER 40) : 4.5368
Residue Topographical Entropy from AEM (ARG 41) : 13.9665
Residue Topographical Entropy from AEM (TYR 42) : 24.2125
Residue Topographical Entropy from AEM (VAL 43) : 0.7596
Residue Topographical Entropy from AEM (LEU 44) : 1.5271
Residue Topographical Entropy from AEM (THR 45) : 8.4293
Residue Topographical Entropy from AEM (GLY 46) : -0.0000
Residue Topographical Entropy from AEM (ARG 47) : 0.6359
Residue Topographical Entropy from AEM (TYR 48) : 23.4869
Residue Topographical Entropy from AEM (ASP 49) : 5.6100
Residue Topographical Entropy from AEM (SER 50) : 4.0896
Residue Topographical Entropy from AEM (ALA 51) : -0.0000
Residue Topographical Entropy from AEM (PRO 52) : 6.0213
Residue Topographical Entropy from AEM (ALA 53) : -0.0000
Residue Topographical Entropy from AEM (THR 54) : 6.9232
Residue Topographical Entropy from AEM (ASP 55) : 12.9830
Residue Topographical Entropy from AEM (GLY 56) : -0.0000
Residue Topographical Entropy from AEM (SER 57) : 8.9500
Residue Topographical Entropy from AEM (GLY 58) : -0.0000
Residue Topographical Entropy from AEM (THR 59) : 0.0455
Residue Topographical Entropy from AEM (ALA 60) : -0.0000
Residue Topographical Entropy from AEM (LEU 61) : 6.1416
Residue Topographical Entropy from AEM (GLY 62) : -0.0000
Residue Topographical Entropy from AEM (TRP 63) : 38.2190
Residue Topographical Entropy from AEM (THR 64) : 0.2448
Residue Topographical Entropy from AEM (VAL 65) : 0.2948
Residue Topographical Entropy from AEM (ALA 66) : -0.0000
Residue Topographical Entropy from AEM (TRP 67) : 36.7857
Residue Topographical Entropy from AEM (LYS 68) : 15.4532
Residue Topographical Entropy from AEM (ASN 69) : 0.2919
Residue Topographical Entropy from AEM (ASN 70) : 14.8304
Residue Topographical Entropy from AEM (TYR 71) : 26.5281
Residue Topographical Entropy from AEM (ARG 72) : 16.1771
Residue Topographical Entropy from AEM (ASN 73) : 4.8447
Residue Topographical Entropy from AEM (ALA 74) : -0.0000
Residue Topographical Entropy from AEM (HID 75) : 17.8795
Residue Topographical Entropy from AEM (SER 76) : 5.9854
Residue Topographical Entropy from AEM (ALA 77) : -0.0000
Residue Topographical Entropy from AEM (THR 78) : 0.2440
Residue Topographical Entropy from AEM (THR 79) : 6.0724
Residue Topographical Entropy from AEM (TRP 80) : 38.2495
Residue Topographical Entropy from AEM (SER 81) : 0.0085
Residue Topographical Entropy from AEM (GLY 82) : -0.0000
Residue Topographical Entropy from AEM (GLN 83) : 10.6098
Residue Topographical Entropy from AEM (TYR 84) : 11.5283
Residue Topographical Entropy from AEM (VAL 85) : 2.1304
Residue Topographical Entropy from AEM (GLY 86) : -0.0000
Residue Topographical Entropy from AEM (GLY 87) : -0.0000
Residue Topographical Entropy from AEM (ALA 88) : -0.0000
Residue Topographical Entropy from AEM (GLU 89) : 21.3776
Residue Topographical Entropy from AEM (ALA 90) : -0.0000
Residue Topographical Entropy from AEM (ARG 91) : 12.6384
Residue Topographical Entropy from AEM (ILE 92) : 0.2775
Residue Topographical Entropy from AEM (ASN 93) : 6.7857
Residue Topographical Entropy from AEM (THR 94) : 3.2091
Residue Topographical Entropy from AEM (GLN 95) : 1.0236
Residue Topographical Entropy from AEM (TRP 96) : 36.3532
Residue Topographical Entropy from AEM (LEU 97) : 0.6614
Residue Topographical Entropy from AEM (LEU 98) : 2.9888
Residue Topographical Entropy from AEM (THR 99) : 0.1773
Residue Topographical Entropy from AEM (SER 100) : 8.3486
Residue Topographical Entropy from AEM (GLY 101) : -0.0000
Residue Topographical Entropy from AEM (THR 102) : 8.9921
Residue Topographical Entropy from AEM (THR 103) : 5.1033
Residue Topographical Entropy from AEM (GLU 104) : 17.3111
Residue Topographical Entropy from AEM (ALA 105) : -0.0000
Residue Topographical Entropy from AEM (ASN 106) : 8.4421
Residue Topographical Entropy from AEM (ALA 107) : -0.0000
Residue Topographical Entropy from AEM (TRP 108) : 45.0066
Residue Topographical Entropy from AEM (LYS 109) : 15.8190
Residue Topographical Entropy from AEM (SER 110) : 3.6614
Residue Topographical Entropy from AEM (THR 111) : 0.8124
Residue Topographical Entropy from AEM (LEU 112) : 4.5469
Residue Topographical Entropy from AEM (VAL 113) : 0.5062
Residue Topographical Entropy from AEM (GLY 114) : -0.0000
Residue Topographical Entropy from AEM (HID 115) : 19.8051
Residue Topographical Entropy from AEM (ASP 116) : 6.3015
Residue Topographical Entropy from AEM (THR 117) : 5.5788
Residue Topographical Entropy from AEM (PHE 118) : 23.7929
Residue Topographical Entropy from AEM (THR 119) : 5.5171
Residue Topographical Entropy from AEM (LYS 120) : 12.8474
Residue Topographical Entropy from AEM (VAL 121) : 4.8511
Residue Topographical Entropy from AEM (LYS 122) : 16.3059
Residue Topographical Entropy from AEM (PRO 123) : 6.7388
Residue Topographical Entropy from AEM (SER 124) : 8.6530
Residue Topographical Entropy from AEM (ALA 125) : -0.0000
Residue Topographical Entropy from AEM (ALA 126) : -0.0000
Residue Topographical Entropy from AEM (CSER 127) : 5.1589
____________________________________________________________
Total Topog. Entropy (AEM)               :         990.531
------------------------------------------------------------
____________________________________________________________
Total Entropy                            :         990.531
------------------------------------------------------------
------------------------------------------------------------
Topographical entropy of residue side chains 
computed using all the dihedrals with AEM method
------------------------------------------------------------
Residue Topographical Entropy from AEM (NALA 1) : 0.9872
Residue Topographical Entropy from AEM (GLU 2) : 11.1490
Residue Topographical Entropy from AEM (ALA 3) : -0.0000
Residue Topographical Entropy from AEM (GLY 4) : -0.0000
Residue Topographical Entropy from AEM (ILE 5) : 3.9077
Residue Topographical Entropy from AEM (THR 6) : 0.8934
Residue Topographical Entropy from AEM (GLY 7) : -0.0000
Residue Topographical Entropy from AEM (THR 8) : 3.6019
Residue Topographical Entropy from AEM (TRP 9) : 44.6995
Residue Topographical Entropy from AEM (TYR 10) : 24.5687
Residue Topographical Entropy from AEM (ALA 11) : -0.0000
Residue Topographical Entropy from AEM (GLN 12) : 14.9844
Residue Topographical Entropy from AEM (LEU 13) : 10.2239
Residue Topographical Entropy from AEM (GLY 14) : -0.0000
Residue Topographical Entropy from AEM (SER 15) : 8.0652
Residue Topographical Entropy from AEM (THR 16) : 7.3792
Residue Topographical Entropy from AEM (PHE 17) : 31.1971
Residue Topographical Entropy from AEM (ILE 18) : 9.8377
Residue Topographical Entropy from AEM (VAL 19) : 7.2924
Residue Topographical Entropy from AEM (THR 20) : 6.9636
Residue Topographical Entropy from AEM (ALA 21) : -0.0000
Residue Topographical Entropy from AEM (GLY 22) : -0.0000
Residue Topographical Entropy from AEM (ALA 23) : -0.0000
Residue Topographical Entropy from AEM (ASP 24) : 8.0974
Residue Topographical Entropy from AEM (GLY 25) : -0.0000
Residue Topographical Entropy from AEM (ALA 26) : -0.0000
Residue Topographical Entropy from AEM (LEU 27) : 7.4342
Residue Topographical Entropy from AEM (THR 28) : 8.1706
Residue Topographical Entropy from AEM (GLY 29) : -0.0000
Residue Topographical Entropy from AEM (THR 30) : 8.9534
Residue Topographical Entropy from AEM (TYR 31) : 25.6193
Residue Topographical Entropy from AEM (GLU 32) : 15.7050
Residue Topographical Entropy from AEM (SER 33) : 9.1226
Residue Topographical Entropy from AEM (ALA 34) : -0.0000
Residue Topographical Entropy from AEM (VAL 35) : 6.3393
Residue Topographical Entropy from AEM (GLY 36) : -0.0000
Residue Topographical Entropy from AEM (ASN 37) : 16.7811
Residue Topographical Entropy from AEM (ALA 38) : -0.0000
Residue Topographical Entropy from AEM (GLU 39) : 27.0623
Residue Topographical Entropy from AEM (SER 40) : 7.8147
Residue Topographical Entropy from AEM (ARG 41) : 12.3627
Residue Topographical Entropy from AEM (TYR 42) : 27.5789
Residue Topographical Entropy from AEM (VAL 43) : 1.8857
Residue Topographical Entropy from AEM (LEU 44) : 2.0682
Residue Topographical Entropy from AEM (THR 45) : 6.1254
Residue Topographical Entropy from AEM (GLY 46) : -0.0000
Residue Topographical Entropy from AEM (ARG 47) : 0.6920
Residue Topographical Entropy from AEM (TYR 48) : 24.7195
Residue Topographical Entropy from AEM (ASP 49) : 6.2780
Residue Topographical Entropy from AEM (SER 50) : 1.7669
Residue Topographical Entropy from AEM (ALA 51) : -0.0000
Residue Topographical Entropy from AEM (PRO 52) : 7.5646
Residue Topographical Entropy from AEM (ALA 53) : -0.0000
Residue Topographical Entropy from AEM (THR 54) : 8.9846
Residue Topographical Entropy from AEM (ASP 55) : 13.2832
Residue Topographical Entropy from AEM (GLY 56) : -0.0000
Residue Topographical Entropy from AEM (SER 57) : 8.4297
Residue Topographical Entropy from AEM (GLY 58) : -0.0000
Residue Topographical Entropy from AEM (THR 59) : 4.8509
Residue Topographical Entropy from AEM (ALA 60) : -0.0000
Residue Topographical Entropy from AEM (LEU 61) : 5.3499
Residue Topographical Entropy from AEM (GLY 62) : -0.0000
Residue Topographical Entropy from AEM (TRP 63) : 36.4856
Residue Topographical Entropy from AEM (THR 64) : 0.3653
Residue Topographical Entropy from AEM (VAL 65) : 0.2295
Residue Topographical Entropy from AEM (ALA 66) : -0.0000
Residue Topographical Entropy from AEM (TRP 67) : 34.8817
Residue Topographical Entropy from AEM (LYS 68) : 21.2769
Residue Topographical Entropy from AEM (ASN 69) : 10.3297
Residue Topographical Entropy from AEM (ASN 70) : 11.7876
Residue Topographical Entropy from AEM (TYR 71) : 36.8044
Residue Topographical Entropy from AEM (ARG 72) : 21.0124
Residue Topographical Entropy from AEM (ASN 73) : 9.8768
Residue Topographical Entropy from AEM (ALA 74) : -0.0000
Residue Topographical Entropy from AEM (HID 75) : 21.5164
Residue Topographical Entropy from AEM (SER 76) : 4.3323
Residue Topographical Entropy from AEM (ALA 77) : -0.0000
Residue Topographical Entropy from AEM (THR 78) : 1.7198
Residue Topographical Entropy from AEM (THR 79) : 5.2407
Residue Topographical Entropy from AEM (TRP 80) : 43.6791
Residue Topographical Entropy from AEM (SER 81) : 1.4255
Residue Topographical Entropy from AEM (GLY 82) : -0.0000
Residue Topographical Entropy from AEM (GLN 83) : 13.1196
Residue Topographical Entropy from AEM (TYR 84) : 27.1891
Residue Topographical Entropy from AEM (VAL 85) : 3.3134
Residue Topographical Entropy from AEM (GLY 86) : -0.0000
Residue Topographical Entropy from AEM (GLY 87) : -0.0000
Residue Topographical Entropy from AEM (ALA 88) : -0.0000
Residue Topographical Entropy from AEM (GLU 89) : 22.9927
Residue Topographical Entropy from AEM (ALA 90) : -0.0000
Residue Topographical Entropy from AEM (ARG 91) : 15.8219
Residue Topographical Entropy from AEM (ILE 92) : 1.3298
Residue Topographical Entropy from AEM (ASN 93) : 9.6514
Residue Topographical Entropy from AEM (THR 94) : 6.4260
Residue Topographical Entropy from AEM (GLN 95) : 10.1222
Residue Topographical Entropy from AEM (TRP 96) : 46.6906
Residue Topographical Entropy from AEM (LEU 97) : 2.2145
Residue Topographical Entropy from AEM (LEU 98) : 2.9672
Residue Topographical Entropy from AEM (THR 99) : 1.2030
Residue Topographical Entropy from AEM (SER 100) : 8.2096
Residue Topographical Entropy from AEM (GLY 101) : -0.0000
Residue Topographical Entropy from AEM (THR 102) : 4.1620
Residue Topographical Entropy from AEM (THR 103) : 4.0519
Residue Topographical Entropy from AEM (GLU 104) : 22.1777
Residue Topographical Entropy from AEM (ALA 105) : -0.0000
Residue Topographical Entropy from AEM (ASN 106) : 1.3657
Residue Topographical Entropy from AEM (ALA 107) : -0.0000
Residue Topographical Entropy from AEM (TRP 108) : 43.1940
Residue Topographical Entropy from AEM (LYS 109) : 13.1086
Residue Topographical Entropy from AEM (SER 110) : 4.7916
Residue Topographical Entropy from AEM (THR 111) : 1.0704
Residue Topographical Entropy from AEM (LEU 112) : 4.3467
Residue Topographical Entropy from AEM (VAL 113) : 1.3124
Residue Topographical Entropy from AEM (GLY 114) : -0.0000
Residue Topographical Entropy from AEM (HID 115) : 22.7784
Residue Topographical Entropy from AEM (ASP 116) : 6.1126
Residue Topographical Entropy from AEM (THR 117) : 6.6456
Residue Topographical Entropy from AEM (PHE 118) : 29.1127
Residue Topographical Entropy from AEM (THR 119) : 6.5090
Residue Topographical Entropy from AEM (LYS 120) : 14.1865
Residue Topographical Entropy from AEM (VAL 121) : 6.0325
Residue Topographical Entropy from AEM (LYS 122) : 20.0676
Residue Topographical Entropy from AEM (PRO 123) : 8.9556
Residue Topographical Entropy from AEM (SER 124) : 9.0291
Residue Topographical Entropy from AEM (ALA 125) : -0.0000
Residue Topographical Entropy from AEM (ALA 126) : -0.0000
Residue Topographical Entropy from AEM (CSER 127) : 7.1824
____________________________________________________________
Total Topog. Entropy (AEM)               :        1127.199
------------------------------------------------------------
____________________________________________________________
Total Entropy                            :        1127.199
------------------------------------------------------------
------------------------------------------------------------
Topographical entropy of residue side chains 
computed using all the dihedrals with AEM method
------------------------------------------------------------
Residue Topographical Entropy from AEM (NALA 1) : 0.7025
Residue Topographical Entropy from AEM (GLU 2) : 23.2147
Residue Topographical Entropy from AEM (ALA 3) : -0.0000
Residue Topographical Entropy from AEM (GLY 4) : -0.0000
Residue Topographical Entropy from AEM (ILE 5) : 3.2324
Residue Topographical Entropy from AEM (THR 6) : 0.2964
Residue Topographical Entropy from AEM (GLY 7) : -0.0000
Residue Topographical Entropy from AEM (THR 8) : 1.8042
Residue Topographical Entropy from AEM (TRP 9) : -0.0000
Residue Topographical Entropy from AEM (TYR 10) : 26.5408
Residue Topographical Entropy from AEM (ALA 11) : -0.0000
Residue Topographical Entropy from AEM (GLN 12) : 15.3484
Residue Topographical Entropy from AEM (LEU 13) : 8.0475
Residue Topographical Entropy from AEM (GLY 14) : -0.0000
Residue Topographical Entropy from AEM (SER 15) : 7.3552
Residue Topographical Entropy from AEM (THR 16) : 6.5221
Residue Topographical Entropy from AEM (PHE 17) : 23.7235
Residue Topographical Entropy from AEM (ILE 18) : 10.0012
Residue Topographical Entropy from AEM (VAL 19) : 5.1822
Residue Topographical Entropy from AEM (THR 20) : 7.5419
Residue Topographical Entropy from AEM (ALA 21) : -0.0000
Residue Topographical Entropy from AEM (GLY 22) : -0.0000
Residue Topographical Entropy from AEM (ALA 23) : -0.0000
Residue Topographical Entropy from AEM (ASP 24) : 10.2753
Residue Topographical Entropy from AEM (GLY 25) : -0.0000
Residue Topographical Entropy from AEM (ALA 26) : -0.0000
Residue Topographical Entropy from AEM (LEU 27) : 9.3657
Residue Topographical Entropy from AEM (THR 28) : 9.1342
Residue Topographical Entropy from AEM (GLY 29) : -0.0000
Residue Topographical Entropy from AEM (THR 30) : 6.4091
Residue Topographical Entropy from AEM (TYR 31) : 23.7987
Residue Topographical Entropy from AEM (GLU 32) : 14.4096
Residue Topographical Entropy from AEM (SER 33) : 8.0544
Residue Topographical Entropy from AEM (ALA 34) : -0.0000
Residue Topographical Entropy from AEM (VAL 35) : 7.3378
Residue Topographical Entropy from AEM (GLY 36) : -0.0000
Residue Topographical Entropy from AEM (ASN 37) : 10.0057
Residue Topographical Entropy from AEM (ALA 38) : -0.0000
Residue Topographical Entropy from AEM (GLU 39) : 23.5195
Residue Topographical Entropy from AEM (SER 40) : 5.5069
Residue Topographical Entropy from AEM (ARG 41) : 9.5504
Residue Topographical Entropy from AEM (TYR 42) : 21.0925
Residue Topographical Entropy from AEM (VAL 43) : 1.2337
Residue Topographical Entropy from AEM (LEU 44) : 1.2976
Residue Topographical Entropy from AEM (THR 45) : 4.1045
Residue Topographical Entropy from AEM (GLY 46) : -0.0000
Residue Topographical Entropy from AEM (ARG 47) : 0.2734
Residue Topographical Entropy from AEM (TYR 48) : 16.0063
Residue Topographical Entropy from AEM (ASP 49) : 3.3628
Residue Topographical Entropy from AEM (SER 50) : 1.5917
Residue Topographical Entropy from AEM (ALA 51) : -0.0000
Residue Topographical Entropy from AEM (PRO 52) : 6.5482
Residue Topographical Entropy from AEM (ALA 53) : -0.0000
Residue Topographical Entropy from AEM (THR 54) : 8.2856
Residue Topographical Entropy from AEM (ASP 55) : 13.3743
Residue Topographical Entropy from AEM (GLY 56) : -0.0000
Residue Topographical Entropy from AEM (SER 57) : 8.6641
Residue Topographical Entropy from AEM (GLY 58) : -0.0000
Residue Topographical Entropy from AEM (THR 59) : 2.8245
Residue Topographical Entropy from AEM (ALA 60) : -0.0000
Residue Topographical Entropy from AEM (LEU 61) : 7.7966
Residue Topographical Entropy from AEM (GLY 62) : -0.0000
Residue Topographical Entropy from AEM (TRP 63) : -0.0000
Residue Topographical Entropy from AEM (THR 64) : 2.1346
Residue Topographical Entropy from AEM (VAL 65) : 0.2800
Residue Topographical Entropy from AEM (ALA 66) : -0.0000
Residue Topographical Entropy from AEM (TRP 67) : 33.6394
Residue Topographical Entropy from AEM (LYS 68) : 15.5606
Residue Topographical Entropy from AEM (ASN 69) : 0.7135
Residue Topographical Entropy from AEM (ASN 70) : 16.2923
Residue Topographical Entropy from AEM (TYR 71) : 25.5560
Residue Topographical Entropy from AEM (ARG 72) : 14.5405
Residue Topographical Entropy from AEM (ASN 73) : 3.3864
Residue Topographical Entropy from AEM (ALA 74) : -0.0000
Residue Topographical Entropy from AEM (HID 75) : 19.6288
Residue Topographical Entropy from AEM (SER 76) : 3.9924
Residue Topographical Entropy from AEM (ALA 77) : -0.0000
Residue Topographical Entropy from AEM (THR 78) : 0.0227
Residue Topographical Entropy from AEM (THR 79) : 3.3361
Residue Topographical Entropy from AEM (TRP 80) : 14.6113
Residue Topographical Entropy from AEM (SER 81) : 0.1921
Residue Topographical Entropy from AEM (GLY 82) : -0.0000
Residue Topographical Entropy from AEM (GLN 83) : 11.0632
Residue Topographical Entropy from AEM (TYR 84) : -0.0000
Residue Topographical Entropy from AEM (VAL 85) : 1.4272
Residue Topographical Entropy from AEM (GLY 86) : -0.0000
Residue Topographical Entropy from AEM (GLY 87) : -0.0000
Residue Topographical Entropy from AEM (ALA 88) : -0.0000
Residue Topographical Entropy from AEM (GLU 89) : 22.0976
Residue Topographical Entropy from AEM (ALA 90) : -0.0000
Residue Topographical Entropy from AEM (ARG 91) : 8.0718
Residue Topographical Entropy from AEM (ILE 92) : 0.0420
Residue Topographical Entropy from AEM (ASN 93) : 6.8778
Residue Topographical Entropy from AEM (THR 94) : 5.7631
Residue Topographical Entropy from AEM (GLN 95) : 7.0396
Residue Topographical Entropy from AEM (TRP 96) : -0.0000
Residue Topographical Entropy from AEM (LEU 97) : 0.2188
Residue Topographical Entropy from AEM (LEU 98) : 0.8084
Residue Topographical Entropy from AEM (THR 99) : 0.0657
Residue Topographical Entropy from AEM (SER 100) : 8.5847
Residue Topographical Entropy from AEM (GLY 101) : -0.0000
Residue Topographical Entropy from AEM (THR 102) : 2.2568
Residue Topographical Entropy from AEM (THR 103) : 3.8030
Residue Topographical Entropy from AEM (GLU 104) : 23.3468
Residue Topographical Entropy from AEM (ALA 105) : -0.0000
Residue Topographical Entropy from AEM (ASN 106) : 4.2959
Residue Topographical Entropy from AEM (ALA 107) : -0.0000
Residue Topographical Entropy from AEM (TRP 108) : 34.0437
Residue Topographical Entropy from AEM (LYS 109) : 15.7678
Residue Topographical Entropy from AEM (SER 110) : 1.2231
Residue Topographical Entropy from AEM (THR 111) : -0.0000
Residue Topographical Entropy from AEM (LEU 112) : 1.8554
Residue Topographical Entropy from AEM (VAL 113) : -0.0000
Residue Topographical Entropy from AEM (GLY 114) : -0.0000
Residue Topographical Entropy from AEM (HID 115) : 5.8021
Residue Topographical Entropy from AEM (ASP 116) : 5.6725
Residue Topographical Entropy from AEM (THR 117) : 5.8750
Residue Topographical Entropy from AEM (PHE 118) : 1.6967
Residue Topographical Entropy from AEM (THR 119) : 5.8504
Residue Topographical Entropy from AEM (LYS 120) : 13.7441
Residue Topographical Entropy from AEM (VAL 121) : 5.4753
Residue Topographical Entropy from AEM (LYS 122) : 19.5545
Residue Topographical Entropy from AEM (PRO 123) : 7.2282
Residue Topographical Entropy from AEM (SER 124) : 8.2628
Residue Topographical Entropy from AEM (ALA 125) : -0.0000
Residue Topographical Entropy from AEM (ALA 126) : -0.0000
Residue Topographical Entropy from AEM (CSER 127) : 11.2427
____________________________________________________________
Total Topog. Entropy (AEM)               :         776.279
------------------------------------------------------------
____________________________________________________________
Total Entropy                            :         776.279
------------------------------------------------------------
------------------------------------------------------------
Topographical entropy of residue side chains 
computed using all the dihedrals with AEM method
------------------------------------------------------------
Residue Topographical Entropy from AEM (NALA 1) : 1.1605
Residue Topographical Entropy from AEM (GLU 2) : 20.6296
Residue Topographical Entropy from AEM (ALA 3) : -0.0000
Residue Topographical Entropy from AEM (GLY 4) : -0.0000
Residue Topographical Entropy from AEM (ILE 5) : 4.2506
Residue Topographical Entropy from AEM (THR 6) : 1.0760
Residue Topographical Entropy from AEM (GLY 7) : -0.0000
Residue Topographical Entropy from AEM (THR 8) : 2.8876
Residue Topographical Entropy from AEM (TRP 9) : 38.2136
Residue Topographical Entropy from AEM (TYR 10) : 28.7710
Residue Topographical Entropy from AEM (ALA 11) : -0.0000
Residue Topographical Entropy from AEM (GLN 12) : 16.2379
Residue Topographical Entropy from AEM (LEU 13) : 8.7112
Residue Topographical Entropy from AEM (GLY 14) : -0.0000
Residue Topographical Entropy from AEM (SER 15) : 5.7949
Residue Topographical Entropy from AEM (THR 16) : 0.7122
Residue Topographical Entropy from AEM (PHE 17) : 25.5588
Residue Topographical Entropy from AEM (ILE 18) : 11.9964
Residue Topographical Entropy from AEM (VAL 19) : 3.3851
Residue Topographical Entropy from AEM (THR 20) : 8.0165
Residue Topographical Entropy from AEM (ALA 21) : -0.0000
Residue Topographical Entropy from AEM (GLY 22) : -0.0000
Residue Topographical Entropy from AEM (ALA 23) : -0.0000
Residue Topographical Entropy from AEM (ASP 24) : 11.1239
Residue Topographical Entropy from AEM (GLY 25) : -0.0000
Residue Topographical Entropy from AEM (ALA 26) : -0.0000
Residue Topographical Entropy from AEM (LEU 27) : 10.6289
Residue Topographical Entropy from AEM (THR 28) : 8.9116
Residue Topographical Entropy from AEM (GLY 29) : -0.0000
Residue Topographical Entropy from AEM (THR 30) : 5.5632
Residue Topographical Entropy from AEM (TYR 31) : 28.7515
Residue Topographical Entropy from AEM (GLU 32) : 9.6454
Residue Topographical Entropy from AEM (SER 33) : 8.5500
Residue Topographical Entropy from AEM (ALA 34) : -0.0000
Residue Topographical Entropy from AEM (VAL 35) : 6.2556
Residue Topographical Entropy from AEM (GLY 36) : -0.0000
Residue Topographical Entropy from AEM (ASN 37) : 16.2043
Residue Topographical Entropy from AEM (ALA 38) : -0.0000
Residue Topographical Entropy from AEM (GLU 39) : 25.2302
Residue Topographical Entropy from AEM (SER 40) : 6.8697
Residue Topographical Entropy from AEM (ARG 41) : 11.9990
Residue Topographical Entropy from AEM (TYR 42) : 29.7486
Residue Topographical Entropy from AEM (VAL 43) : 2.5883
Residue Topographical Entropy from AEM (LEU 44) : 3.0011
Residue Topographical Entropy from AEM (THR 45) : 7.6900
Residue Topographical Entropy from AEM (GLY 46) : -0.0000
Residue Topographical Entropy from AEM (ARG 47) : 3.9500
Residue Topographical Entropy from AEM (TYR 48) : 28.8181
Residue Topographical Entropy from AEM (ASP 49) : 2.0088
Residue Topographical Entropy from AEM (SER 50) : 2.2842
Residue Topographical Entropy from AEM (ALA 51) : -0.0000
Residue Topographical Entropy from AEM (PRO 52) : 6.7990
Residue Topographical Entropy from AEM (ALA 53) : -0.0000
Residue Topographical Entropy from AEM (THR 54) : 5.9984
Residue Topographical Entropy from AEM (ASP 55) : 7.5765
Residue Topographical Entropy from AEM (GLY 56) : -0.0000
Residue Topographical Entropy from AEM (SER 57) : 6.6196
Residue Topographical Entropy from AEM (GLY 58) : -0.0000
Residue Topographical Entropy from AEM (THR 59) : 2.0460
Residue Topographical Entropy from AEM (ALA 60) : -0.0000
Residue Topographical Entropy from AEM (LEU 61) : 7.3571
Residue Topographical Entropy from AEM (GLY 62) : -0.0000
Residue Topographical Entropy from AEM (TRP 63) : 43.6596
Residue Topographical Entropy from AEM (THR 64) : 1.3395
Residue Topographical Entropy from AEM (VAL 65) : 0.9563
Residue Topographical Entropy from AEM (ALA 66) : -0.0000
Residue Topographical Entropy from AEM (TRP 67) : 38.6115
Residue Topographical Entropy from AEM (LYS 68) : 18.6323
Residue Topographical Entropy from AEM (ASN 69) : 3.1367
Residue Topographical Entropy from AEM (ASN 70) : 14.7991
Residue Topographical Entropy from AEM (TYR 71) : 26.9041
Residue Topographical Entropy from AEM (ARG 72) : 18.5310
Residue Topographical Entropy from AEM (ASN 73) : 6.2824
Residue Topographical Entropy from AEM (ALA 74) : -0.0000
Residue Topographical Entropy from AEM (HID 75) : 21.4256
Residue Topographical Entropy from AEM (SER 76) : 3.0055
Residue Topographical Entropy from AEM (ALA 77) : -0.0000
Residue Topographical Entropy from AEM (THR 78) : 0.8337
Residue Topographical Entropy from AEM (THR 79) : 5.0207
Residue Topographical Entropy from AEM (TRP 80) : 33.2354
Residue Topographical Entropy from AEM (SER 81) : 1.4592
Residue Topographical Entropy from AEM (GLY 82) : -0.0000
Residue Topographical Entropy from AEM (GLN 83) : 8.6339
Residue Topographical Entropy from AEM (TYR 84) : 29.2361
Residue Topographical Entropy from AEM (VAL 85) : 4.2731
Residue Topographical Entropy from AEM (GLY 86) : -0.0000
Residue Topographical Entropy from AEM (GLY 87) : -0.0000
Residue Topographical Entropy from AEM (ALA 88) : -0.0000
Residue Topographical Entropy from AEM (GLU 89) : 22.7605
Residue Topographical Entropy from AEM (ALA 90) : -0.0000
Residue Topographical Entropy from AEM (ARG 91) : 15.5085
Residue Topographical Entropy from AEM (ILE 92) : 1.7100
Residue Topographical Entropy from AEM (ASN 93) : 8.2340
Residue Topographical Entropy from AEM (THR 94) : 2.6262
Residue Topographical Entropy from AEM (GLN 95) : 8.4146
Residue Topographical Entropy from AEM (TRP 96) : 36.8064
Residue Topographical Entropy from AEM (LEU 97) : 0.9317
Residue Topographical Entropy from AEM (LEU 98) : 2.1480
Residue Topographical Entropy from AEM (THR 99) : 0.5233
Residue Topographical Entropy from AEM (SER 100) : 7.6917
Residue Topographical Entropy from AEM (GLY 101) : -0.0000
Residue Topographical Entropy from AEM (THR 102) : 0.5947
Residue Topographical Entropy from AEM (THR 103) : 1.0160
Residue Topographical Entropy from AEM (GLU 104) : 26.1548
Residue Topographical Entropy from AEM (ALA 105) : -0.0000
Residue Topographical Entropy from AEM (ASN 106) : 1.5060
Residue Topographical Entropy from AEM (ALA 107) : -0.0000
Residue Topographical Entropy from AEM (TRP 108) : 41.5861
Residue Topographical Entropy from AEM (LYS 109) : 11.7899
Residue Topographical Entropy from AEM (SER 110) : 1.1635
Residue Topographical Entropy from AEM (THR 111) : 0.3053
Residue Topographical Entropy from AEM (LEU 112) : 2.5485
Residue Topographical Entropy from AEM (VAL 113) : 0.8363
Residue Topographical Entropy from AEM (GLY 114) : -0.0000
Residue Topographical Entropy from AEM (HID 115) : 24.6431
Residue Topographical Entropy from AEM (ASP 116) : 6.0874
Residue Topographical Entropy from AEM (THR 117) : 4.3679
Residue Topographical Entropy from AEM (PHE 118) : 28.4266
Residue Topographical Entropy from AEM (THR 119) : 5.7614
Residue Topographical Entropy from AEM (LYS 120) : 15.1183
Residue Topographical Entropy from AEM (VAL 121) : 6.4692
Residue Topographical Entropy from AEM (LYS 122) : 18.2709
Residue Topographical Entropy from AEM (PRO 123) : 9.1850
Residue Topographical Entropy from AEM (SER 124) : 8.4685
Residue Topographical Entropy from AEM (ALA 125) : -0.0000
Residue Topographical Entropy from AEM (ALA 126) : -0.0000
Residue Topographical Entropy from AEM (CSER 127) : 8.9659
____________________________________________________________
Total Topog. Entropy (AEM)               :        1054.217
------------------------------------------------------------
____________________________________________________________
Total Entropy                            :        1054.217
------------------------------------------------------------
------------------------------------------------------------
Topographical entropy of residue side chains 
computed using all the dihedrals with AEM method
------------------------------------------------------------
Residue Topographical Entropy from AEM (NALA 1) : 2.2419
Residue Topographical Entropy from AEM (GLU 2) : 21.7326
Residue Topographical Entropy from AEM (ALA 3) : -0.0000
Residue Topographical Entropy from AEM (GLY 4) : -0.0000
Residue Topographical Entropy from AEM (ILE 5) : 4.4479
Residue Topographical Entropy from AEM (THR 6) : 2.2362
Residue Topographical Entropy from AEM (GLY 7) : -0.0000
Residue Topographical Entropy from AEM (THR 8) : 6.2782
Residue Topographical Entropy from AEM (TRP 9) : 47.8268
Residue Topographical Entropy from AEM (TYR 10) : 33.9417
Residue Topographical Entropy from AEM (ALA 11) : -0.0000
Residue Topographical Entropy from AEM (GLN 12) : 16.2346
Residue Topographical Entropy from AEM (LEU 13) : 11.0191
Residue Topographical Entropy from AEM (GLY 14) : -0.0000
Residue Topographical Entropy from AEM (SER 15) : 8.4978
Residue Topographical Entropy from AEM (THR 16) : 5.9375
Residue Topographical Entropy from AEM (PHE 17) : 30.3983
Residue Topographical Entropy from AEM (ILE 18) : 12.3119
Residue Topographical Entropy from AEM (VAL 19) : 5.6679
Residue Topographical Entropy from AEM (THR 20) : 7.8931
Residue Topographical Entropy from AEM (ALA 21) : -0.0000
Residue Topographical Entropy from AEM (GLY 22) : -0.0000
Residue Topographical Entropy from AEM (ALA 23) : -0.0000
Residue Topographical Entropy from AEM (ASP 24) : 11.9148
Residue Topographical Entropy from AEM (GLY 25) : -0.0000
Residue Topographical Entropy from AEM (ALA 26) : -0.0000
Residue Topographical Entropy from AEM (LEU 27) : 9.1794
Residue Topographical Entropy from AEM (THR 28) : 8.6911
Residue Topographical Entropy from AEM (GLY 29) : -0.0000
Residue Topographical Entropy from AEM (THR 30) : 6.0198
Residue Topographical Entropy from AEM (TYR 31) : 27.1223
Residue Topographical Entropy from AEM (GLU 32) : 19.4940
Residue Topographical Entropy from AEM (SER 33) : 8.0982
Residue Topographical Entropy from AEM (ALA 34) : -0.0000
Residue Topographical Entropy from AEM (VAL 35) : 8.2220
Residue Topographical Entropy from AEM (GLY 36) : -0.0000
Residue Topographical Entropy from AEM (ASN 37) : 12.0174
Residue Topographical Entropy from AEM (ALA 38) : -0.0000
Residue Topographical Entropy from AEM (GLU 39) : 23.8819
Residue Topographical Entropy from AEM (SER 40) : 5.9660
Residue Topographical Entropy from AEM (ARG 41) : 12.5277
Residue Topographical Entropy from AEM (TYR 42) : 27.6445
Residue Topographical Entropy from AEM (VAL 43) : 1.3345
Residue Topographical Entropy from AEM (LEU 44) : 4.0271
Residue Topographical Entropy from AEM (THR 45) : 7.4354
Residue Topographical Entropy from AEM (GLY 46) : -0.0000
Residue Topographical Entropy from AEM (ARG 47) : 3.8353
Residue Topographical Entropy from AEM (TYR 48) : 26.7000
Residue Topographical Entropy from AEM (ASP 49) : 6.8912
Residue Topographical Entropy from AEM (SER 50) : 2.7109
Residue Topographical Entropy from AEM (ALA 51) : -0.0000
Residue Topographical Entropy from AEM (PRO 52) : 9.7102
Residue Topographical Entropy from AEM (ALA 53) : -0.0000
Residue Topographical Entropy from AEM (THR 54) : 6.8938
Residue Topographical Entropy from AEM (ASP 55) : 10.7799
Residue Topographical Entropy from AEM (GLY 56) : -0.0000
Residue Topographical Entropy from AEM (SER 57) : 8.2652
Residue Topographical Entropy from AEM (GLY 58) : -0.0000
Residue Topographical Entropy from AEM (THR 59) : 2.0569
Residue Topographical Entropy from AEM (ALA 60) : -0.0000
Residue Topographical Entropy from AEM (LEU 61) : 8.7183
Residue Topographical Entropy from AEM (GLY 62) : -0.0000
Residue Topographical Entropy from AEM (TRP 63) : 41.0058
Residue Topographical Entropy from AEM (THR 64) : 2.1516
Residue Topographical Entropy from AEM (VAL 65) : 1.9305
Residue Topographical Entropy from AEM (ALA 66) : -0.0000
Residue Topographical Entropy from AEM (TRP 67) : 44.5135
Residue Topographical Entropy from AEM (LYS 68) : 16.5305
Residue Topographical Entropy from AEM (ASN 69) : 3.3006
Residue Topographical Entropy from AEM (ASN 70) : 12.8714
Residue Topographical Entropy from AEM (TYR 71) : 30.2914
Residue Topographical Entropy from AEM (ARG 72) : 15.7104
Residue Topographical Entropy from AEM (ASN 73) : 7.6581
Residue Topographical Entropy from AEM (ALA 74) : -0.0000
Residue Topographical Entropy from AEM (HID 75) : 23.3518
Residue Topographical Entropy from AEM (SER 76) : 5.1247
Residue Topographical Entropy from AEM (ALA 77) : -0.0000
Residue Topographical Entropy from AEM (THR 78) : 2.1546
Residue Topographical Entropy from AEM (THR 79) : 5.5005
Residue Topographical Entropy from AEM (TRP 80) : 39.9065
Residue Topographical Entropy from AEM (SER 81) : 1.2988
Residue Topographical Entropy from AEM (GLY 82) : -0.0000
Residue Topographical Entropy from AEM (GLN 83) : 9.6773
Residue Topographical Entropy from AEM (TYR 84) : 25.8639
Residue Topographical Entropy from AEM (VAL 85) : 2.6837
Residue Topographical Entropy from AEM (GLY 86) : -0.0000
Residue Topographical Entropy from AEM (GLY 87) : -0.0000
Residue Topographical Entropy from AEM (ALA 88) : -0.0000
Residue Topographical Entropy from AEM (GLU 89) : 23.5673
Residue Topographical Entropy from AEM (ALA 90) : -0.0000
Residue Topographical Entropy from AEM (ARG 91) : 12.4410
Residue Topographical Entropy from AEM (ILE 92) : 1.6368
Residue Topographical Entropy from AEM (ASN 93) : 8.5987
Residue Topographical Entropy from AEM (THR 94) : 2.3212
Residue Topographical Entropy from AEM (GLN 95) : 3.2820
Residue Topographical Entropy from AEM (TRP 96) : 41.7553
Residue Topographical Entropy from AEM (LEU 97) : 3.6211
Residue Topographical Entropy from AEM (LEU 98) : 5.0223
Residue Topographical Entropy from AEM (THR 99) : 4.5305
Residue Topographical Entropy from AEM (SER 100) : 8.5485
Residue Topographical Entropy from AEM (GLY 101) : -0.0000
Residue Topographical Entropy from AEM (THR 102) : 8.5604
Residue Topographical Entropy from AEM (THR 103) : 5.2590
Residue Topographical Entropy from AEM (GLU 104) : 18.3365
Residue Topographical Entropy from AEM (ALA 105) : -0.0000
Residue Topographical Entropy from AEM (ASN 106) : 9.7501
Residue Topographical Entropy from AEM (ALA 107) : -0.0000
Residue Topographical Entropy from AEM (TRP 108) : 39.5128
Residue Topographical Entropy from AEM (LYS 109) : 17.7711
Residue Topographical Entropy from AEM (SER 110) : 8.2739
Residue Topographical Entropy from AEM (THR 111) : 2.0965
Residue Topographical Entropy from AEM (LEU 112) : 4.4660
Residue Topographical Entropy from AEM (VAL 113) : 1.6383
Residue Topographical Entropy from AEM (GLY 114) : -0.0000
Residue Topographical Entropy from AEM (HID 115) : 20.8344
Residue Topographical Entropy from AEM (ASP 116) : 6.5976
Residue Topographical Entropy from AEM (THR 117) : 2.6534
Residue Topographical Entropy from AEM (PHE 118) : 29.7212
Residue Topographical Entropy from AEM (THR 119) : 6.6436
Residue Topographical Entropy from AEM (LYS 120) : 14.1357
Residue Topographical Entropy from AEM (VAL 121) : 6.3412
Residue Topographical Entropy from AEM (LYS 122) : 21.4420
Residue Topographical Entropy from AEM (PRO 123) : 9.1038
Residue Topographical Entropy from AEM (SER 124) : 8.5343
Residue Topographical Entropy from AEM (ALA 125) : -0.0000
Residue Topographical Entropy from AEM (ALA 126) : -0.0000
Residue Topographical Entropy from AEM (CSER 127) : 7.6937
____________________________________________________________
Total Topog. Entropy (AEM)               :        1153.019
------------------------------------------------------------
____________________________________________________________
Total Entropy                            :        1153.019
------------------------------------------------------------
