------------------------------------------------------------
Topographical entropy of residue side chains 
computed using all the dihedrals with AEM method
------------------------------------------------------------
Residue Topographical Entropy from AEM (NALA 1) : 0.4416
Residue Topographical Entropy from AEM (GLU 2) : 21.0196
Residue Topographical Entropy from AEM (ALA 3) : -0.0000
Residue Topographical Entropy from AEM (GLY 4) : -0.0000
Residue Topographical Entropy from AEM (ILE 5) : 2.0939
Residue Topographical Entropy from AEM (THR 6) : -0.0000
Residue Topographical Entropy from AEM (GLY 7) : -0.0000
Residue Topographical Entropy from AEM (THR 8) : 1.3754
Residue Topographical Entropy from AEM (TRP 9) : -0.0000
Residue Topographical Entropy from AEM (TYR 10) : -0.0000
Residue Topographical Entropy from AEM (ALA 11) : -0.0000
Residue Topographical Entropy from AEM (GLN 12) : 14.3471
Residue Topographical Entropy from AEM (LEU 13) : 7.5809
Residue Topographical Entropy from AEM (GLY 14) : -0.0000
Residue Topographical Entropy from AEM (SER 15) : 8.4191
Residue Topographical Entropy from AEM (THR 16) : 5.3704
Residue Topographical Entropy from AEM (PHE 17) : 0.2617
Residue Topographical Entropy from AEM (ILE 18) : 10.5635
Residue Topographical Entropy from AEM (VAL 19) : 1.4581
Residue Topographical Entropy from AEM (THR 20) : 7.0215
Residue Topographical Entropy from AEM (ALA 21) : -0.0000
Residue Topographical Entropy from AEM (GLY 22) : -0.0000
Residue Topographical Entropy from AEM (ALA 23) : -0.0000
Residue Topographical Entropy from AEM (ASP 24) : 10.0883
Residue Topographical Entropy from AEM (GLY 25) : -0.0000
Residue Topographical Entropy from AEM (ALA 26) : -0.0000
Residue Topographical Entropy from AEM (LEU 27) : 7.3197
Residue Topographical Entropy from AEM (THR 28) : 8.0611
Residue Topographical Entropy from AEM (GLY 29) : -0.0000
Residue Topographical Entropy from AEM (THR 30) : 5.0826
Residue Topographical Entropy from AEM (TYR 31) : -0.0000
Residue Topographical Entropy from AEM (GLU 32) : 15.4397
Residue Topographical Entropy from AEM (SER 33) : 7.5093
Residue Topographical Entropy from AEM (ALA 34) : -0.0000
Residue Topographical Entropy from AEM (VAL 35) : 8.0882
Residue Topographical Entropy from AEM (GLY 36) : -0.0000
Residue Topographical Entropy from AEM (ASN 37) : 10.7974
Residue Topographical Entropy from AEM (ALA 38) : -0.0000
Residue Topographical Entropy from AEM (GLU 39) : 24.1144
Residue Topographical Entropy from AEM (SER 40) : 4.0150
Residue Topographical Entropy from AEM (ARG 41) : 14.1600
Residue Topographical Entropy from AEM (TYR 42) : -0.0000
Residue Topographical Entropy from AEM (VAL 43) : 0.5496
Residue Topographical Entropy from AEM (LEU 44) : 0.9313
Residue Topographical Entropy from AEM (THR 45) : 8.7105
Residue Topographical Entropy from AEM (GLY 46) : -0.0000
Residue Topographical Entropy from AEM (ARG 47) : 0.7694
Residue Topographical Entropy from AEM (TYR 48) : 26.5241
Residue Topographical Entropy from AEM (ASP 49) : 4.4450
Residue Topographical Entropy from AEM (SER 50) : 4.2048
Residue Topographical Entropy from AEM (ALA 51) : -0.0000
Residue Topographical Entropy from AEM (PRO 52) : 5.9861
Residue Topographical Entropy from AEM (ALA 53) : -0.0000
Residue Topographical Entropy from AEM (THR 54) : 6.4586
Residue Topographical Entropy from AEM (ASP 55) : 11.6497
Residue Topographical Entropy from AEM (GLY 56) : -0.0000
Residue Topographical Entropy from AEM (SER 57) : 8.4769
Residue Topographical Entropy from AEM (GLY 58) : -0.0000
Residue Topographical Entropy from AEM (THR 59) : 0.0554
Residue Topographical Entropy from AEM (ALA 60) : -0.0000
Residue Topographical Entropy from AEM (LEU 61) : 5.9643
Residue Topographical Entropy from AEM (GLY 62) : -0.0000
Residue Topographical Entropy from AEM (TRP 63) : -0.0000
Residue Topographical Entropy from AEM (THR 64) : 0.1515
Residue Topographical Entropy from AEM (VAL 65) : -0.0000
Residue Topographical Entropy from AEM (ALA 66) : -0.0000
Residue Topographical Entropy from AEM (TRP 67) : -0.0000
Residue Topographical Entropy from AEM (LYS 68) : 15.4487
Residue Topographical Entropy from AEM (ASN 69) : 0.0585
Residue Topographical Entropy from AEM (ASN 70) : 14.6963
Residue Topographical Entropy from AEM (TYR 71) : 5.4637
Residue Topographical Entropy from AEM (ARG 72) : 14.9433
Residue Topographical Entropy from AEM (ASN 73) : 4.9131
Residue Topographical Entropy from AEM (ALA 74) : -0.0000
Residue Topographical Entropy from AEM (HID 75) : 17.5783
Residue Topographical Entropy from AEM (SER 76) : 5.8638
Residue Topographical Entropy from AEM (ALA 77) : -0.0000
Residue Topographical Entropy from AEM (THR 78) : -0.0000
Residue Topographical Entropy from AEM (THR 79) : 6.4707
Residue Topographical Entropy from AEM (TRP 80) : -0.0000
Residue Topographical Entropy from AEM (SER 81) : -0.0000
Residue Topographical Entropy from AEM (GLY 82) : -0.0000
Residue Topographical Entropy from AEM (GLN 83) : 10.1286
Residue Topographical Entropy from AEM (TYR 84) : 19.3561
Residue Topographical Entropy from AEM (VAL 85) : 1.9226
Residue Topographical Entropy from AEM (GLY 86) : -0.0000
Residue Topographical Entropy from AEM (GLY 87) : -0.0000
Residue Topographical Entropy from AEM (ALA 88) : -0.0000
Residue Topographical Entropy from AEM (GLU 89) : 20.0238
Residue Topographical Entropy from AEM (ALA 90) : -0.0000
Residue Topographical Entropy from AEM (ARG 91) : 11.3847
Residue Topographical Entropy from AEM (ILE 92) : 0.0277
Residue Topographical Entropy from AEM (ASN 93) : 6.9564
Residue Topographical Entropy from AEM (THR 94) : 0.3267
Residue Topographical Entropy from AEM (GLN 95) : 0.4698
Residue Topographical Entropy from AEM (TRP 96) : -0.0000
Residue Topographical Entropy from AEM (LEU 97) : 0.0869
Residue Topographical Entropy from AEM (LEU 98) : 2.6842
Residue Topographical Entropy from AEM (THR 99) : 0.1200
Residue Topographical Entropy from AEM (SER 100) : 8.3352
Residue Topographical Entropy from AEM (GLY 101) : -0.0000
Residue Topographical Entropy from AEM (THR 102) : 8.9532
Residue Topographical Entropy from AEM (THR 103) : 5.0446
Residue Topographical Entropy from AEM (GLU 104) : 20.9926
Residue Topographical Entropy from AEM (ALA 105) : -0.0000
Residue Topographical Entropy from AEM (ASN 106) : 2.7598
Residue Topographical Entropy from AEM (ALA 107) : -0.0000
Residue Topographical Entropy from AEM (TRP 108) : 37.7688
Residue Topographical Entropy from AEM (LYS 109) : 13.6734
Residue Topographical Entropy from AEM (SER 110) : 3.6739
Residue Topographical Entropy from AEM (THR 111) : 0.3367
Residue Topographical Entropy from AEM (LEU 112) : 3.7854
Residue Topographical Entropy from AEM (VAL 113) : 0.0729
Residue Topographical Entropy from AEM (GLY 114) : -0.0000
Residue Topographical Entropy from AEM (HID 115) : -0.0000
Residue Topographical Entropy from AEM (ASP 116) : 5.3442
Residue Topographical Entropy from AEM (THR 117) : 5.7606
Residue Topographical Entropy from AEM (PHE 118) : 0.0193
Residue Topographical Entropy from AEM (THR 119) : 5.8807
Residue Topographical Entropy from AEM (LYS 120) : 12.0071
Residue Topographical Entropy from AEM (VAL 121) : 4.8450
Residue Topographical Entropy from AEM (LYS 122) : 16.2036
Residue Topographical Entropy from AEM (PRO 123) : 5.7080
Residue Topographical Entropy from AEM (SER 124) : 8.7902
Residue Topographical Entropy from AEM (ALA 125) : -0.0000
Residue Topographical Entropy from AEM (ALA 126) : -0.0000
Residue Topographical Entropy from AEM (CSER 127) : 4.2190
____________________________________________________________
Total Topog. Entropy (AEM)               :         612.604
------------------------------------------------------------
____________________________________________________________
Total Entropy                            :         612.604
------------------------------------------------------------
