------------------------------------------------------------
Topographical entropy of residue side chains 
computed using all the dihedrals with correlation/pLogp formalism
------------------------------------------------------------
Side Chain Topographical Entropy from corr. pLogP method (NALA 1) : -0.0000
Side Chain Topographical Entropy from corr. pLogP method (GLU 2) : 21.9878
Side Chain Topographical Entropy from corr. pLogP method (ALA 3) : -0.0000
Side Chain Topographical Entropy from corr. pLogP method (GLY 4) : -0.0000
Side Chain Topographical Entropy from corr. pLogP method (ILE 5) : 3.1190
Side Chain Topographical Entropy from corr. pLogP method (THR 6) : 0.3620
Side Chain Topographical Entropy from corr. pLogP method (GLY 7) : -0.0000
Side Chain Topographical Entropy from corr. pLogP method (THR 8) : 2.5154
Side Chain Topographical Entropy from corr. pLogP method (TRP 9) : 0.1593
Side Chain Topographical Entropy from corr. pLogP method (TYR 10) : 5.6389
Side Chain Topographical Entropy from corr. pLogP method (ALA 11) : -0.0000
Side Chain Topographical Entropy from corr. pLogP method (GLN 12) : 20.2646
Side Chain Topographical Entropy from corr. pLogP method (LEU 13) : 7.9741
Side Chain Topographical Entropy from corr. pLogP method (GLY 14) : -0.0000
Side Chain Topographical Entropy from corr. pLogP method (SER 15) : 5.2620
Side Chain Topographical Entropy from corr. pLogP method (THR 16) : 6.1148
Side Chain Topographical Entropy from corr. pLogP method (PHE 17) : 1.6324
Side Chain Topographical Entropy from corr. pLogP method (ILE 18) : 9.4948
Side Chain Topographical Entropy from corr. pLogP method (VAL 19) : 2.7659
Side Chain Topographical Entropy from corr. pLogP method (THR 20) : 6.4952
Side Chain Topographical Entropy from corr. pLogP method (ALA 21) : -0.0000
Side Chain Topographical Entropy from corr. pLogP method (GLY 22) : -0.0000
Side Chain Topographical Entropy from corr. pLogP method (ALA 23) : -0.0000
Side Chain Topographical Entropy from corr. pLogP method (ASP 24) : 15.9535
Side Chain Topographical Entropy from corr. pLogP method (GLY 25) : -0.0000
Side Chain Topographical Entropy from corr. pLogP method (ALA 26) : -0.0000
Side Chain Topographical Entropy from corr. pLogP method (LEU 27) : 10.4684
Side Chain Topographical Entropy from corr. pLogP method (THR 28) : 9.0866
Side Chain Topographical Entropy from corr. pLogP method (GLY 29) : -0.0000
Side Chain Topographical Entropy from corr. pLogP method (THR 30) : 7.5785
Side Chain Topographical Entropy from corr. pLogP method (TYR 31) : 5.9633
Side Chain Topographical Entropy from corr. pLogP method (GLU 32) : 17.0723
Side Chain Topographical Entropy from corr. pLogP method (SER 33) : 6.5153
Side Chain Topographical Entropy from corr. pLogP method (ALA 34) : -0.0000
Side Chain Topographical Entropy from corr. pLogP method (VAL 35) : 8.7845
Side Chain Topographical Entropy from corr. pLogP method (GLY 36) : -0.0000
Side Chain Topographical Entropy from corr. pLogP method (ASN 37) : 16.2605
Side Chain Topographical Entropy from corr. pLogP method (ALA 38) : -0.0000
Side Chain Topographical Entropy from corr. pLogP method (GLU 39) : 11.7781
Side Chain Topographical Entropy from corr. pLogP method (SER 40) : 7.4297
Side Chain Topographical Entropy from corr. pLogP method (ARG 41) : 6.6991
Side Chain Topographical Entropy from corr. pLogP method (TYR 42) : 0.1372
Side Chain Topographical Entropy from corr. pLogP method (VAL 43) : 0.5947
Side Chain Topographical Entropy from corr. pLogP method (LEU 44) : 8.7620
Side Chain Topographical Entropy from corr. pLogP method (THR 45) : 5.7192
Side Chain Topographical Entropy from corr. pLogP method (GLY 46) : -0.0000
Side Chain Topographical Entropy from corr. pLogP method (ARG 47) : 4.7691
Side Chain Topographical Entropy from corr. pLogP method (TYR 48) : 11.5863
Side Chain Topographical Entropy from corr. pLogP method (ASP 49) : 6.9262
Side Chain Topographical Entropy from corr. pLogP method (SER 50) : 6.1617
Side Chain Topographical Entropy from corr. pLogP method (ALA 51) : -0.0000
Side Chain Topographical Entropy from corr. pLogP method (PRO 52) : 16.2656
Side Chain Topographical Entropy from corr. pLogP method (ALA 53) : -0.0000
Side Chain Topographical Entropy from corr. pLogP method (THR 54) : 8.6331
Side Chain Topographical Entropy from corr. pLogP method (ASP 55) : 14.1621
Side Chain Topographical Entropy from corr. pLogP method (GLY 56) : -0.0000
Side Chain Topographical Entropy from corr. pLogP method (SER 57) : 6.4990
Side Chain Topographical Entropy from corr. pLogP method (GLY 58) : -0.0000
Side Chain Topographical Entropy from corr. pLogP method (THR 59) : 1.8064
Side Chain Topographical Entropy from corr. pLogP method (ALA 60) : -0.0000
Side Chain Topographical Entropy from corr. pLogP method (LEU 61) : 1.2347
Side Chain Topographical Entropy from corr. pLogP method (GLY 62) : -0.0000
Side Chain Topographical Entropy from corr. pLogP method (TRP 63) : 0.0358
Side Chain Topographical Entropy from corr. pLogP method (THR 64) : -0.0000
Side Chain Topographical Entropy from corr. pLogP method (VAL 65) : 4.8943
Side Chain Topographical Entropy from corr. pLogP method (ALA 66) : -0.0000
Side Chain Topographical Entropy from corr. pLogP method (TRP 67) : -0.0000
Side Chain Topographical Entropy from corr. pLogP method (LYS 68) : 9.8415
Side Chain Topographical Entropy from corr. pLogP method (ASN 69) : 7.1279
Side Chain Topographical Entropy from corr. pLogP method (ASN 70) : 14.8254
Side Chain Topographical Entropy from corr. pLogP method (TYR 71) : 10.4487
Side Chain Topographical Entropy from corr. pLogP method (ARG 72) : 16.5809
Side Chain Topographical Entropy from corr. pLogP method (ASN 73) : 0.1593
Side Chain Topographical Entropy from corr. pLogP method (ALA 74) : -0.0000
Side Chain Topographical Entropy from corr. pLogP method (HID 75) : 0.6125
Side Chain Topographical Entropy from corr. pLogP method (SER 76) : 1.0422
Side Chain Topographical Entropy from corr. pLogP method (ALA 77) : -0.0000
Side Chain Topographical Entropy from corr. pLogP method (THR 78) : -0.0000
Side Chain Topographical Entropy from corr. pLogP method (THR 79) : -0.0000
Side Chain Topographical Entropy from corr. pLogP method (TRP 80) : 2.8462
Side Chain Topographical Entropy from corr. pLogP method (SER 81) : 1.3939
Side Chain Topographical Entropy from corr. pLogP method (GLY 82) : -0.0000
Side Chain Topographical Entropy from corr. pLogP method (GLN 83) : 10.2343
Side Chain Topographical Entropy from corr. pLogP method (TYR 84) : 5.3462
Side Chain Topographical Entropy from corr. pLogP method (VAL 85) : 3.7599
Side Chain Topographical Entropy from corr. pLogP method (GLY 86) : -0.0000
Side Chain Topographical Entropy from corr. pLogP method (GLY 87) : -0.0000
Side Chain Topographical Entropy from corr. pLogP method (ALA 88) : -0.0000
Side Chain Topographical Entropy from corr. pLogP method (GLU 89) : 21.1678
Side Chain Topographical Entropy from corr. pLogP method (ALA 90) : -0.0000
Side Chain Topographical Entropy from corr. pLogP method (ARG 91) : 11.4239
Side Chain Topographical Entropy from corr. pLogP method (ILE 92) : 0.3183
Side Chain Topographical Entropy from corr. pLogP method (ASN 93) : 6.8648
Side Chain Topographical Entropy from corr. pLogP method (THR 94) : 3.4512
Side Chain Topographical Entropy from corr. pLogP method (GLN 95) : 5.8112
Side Chain Topographical Entropy from corr. pLogP method (TRP 96) : 1.7708
Side Chain Topographical Entropy from corr. pLogP method (LEU 97) : 4.2373
Side Chain Topographical Entropy from corr. pLogP method (LEU 98) : 1.1126
Side Chain Topographical Entropy from corr. pLogP method (THR 99) : -0.0000
Side Chain Topographical Entropy from corr. pLogP method (SER 100) : 5.9021
Side Chain Topographical Entropy from corr. pLogP method (GLY 101) : -0.0000
Side Chain Topographical Entropy from corr. pLogP method (THR 102) : 6.5048
Side Chain Topographical Entropy from corr. pLogP method (THR 103) : 7.1257
Side Chain Topographical Entropy from corr. pLogP method (GLU 104) : 24.3167
Side Chain Topographical Entropy from corr. pLogP method (ALA 105) : -0.0000
Side Chain Topographical Entropy from corr. pLogP method (ASN 106) : 4.2900
Side Chain Topographical Entropy from corr. pLogP method (ALA 107) : -0.0000
Side Chain Topographical Entropy from corr. pLogP method (TRP 108) : 5.7787
Side Chain Topographical Entropy from corr. pLogP method (LYS 109) : 10.0949
Side Chain Topographical Entropy from corr. pLogP method (SER 110) : 1.8361
Side Chain Topographical Entropy from corr. pLogP method (THR 111) : 0.0657
Side Chain Topographical Entropy from corr. pLogP method (LEU 112) : 1.3214
Side Chain Topographical Entropy from corr. pLogP method (VAL 113) : -0.0000
Side Chain Topographical Entropy from corr. pLogP method (GLY 114) : -0.0000
Side Chain Topographical Entropy from corr. pLogP method (HID 115) : 2.8197
Side Chain Topographical Entropy from corr. pLogP method (ASP 116) : 6.2079
Side Chain Topographical Entropy from corr. pLogP method (THR 117) : 0.0657
Side Chain Topographical Entropy from corr. pLogP method (PHE 118) : -0.0000
Side Chain Topographical Entropy from corr. pLogP method (THR 119) : 4.9103
Side Chain Topographical Entropy from corr. pLogP method (LYS 120) : 14.9742
Side Chain Topographical Entropy from corr. pLogP method (VAL 121) : 5.3635
Side Chain Topographical Entropy from corr. pLogP method (LYS 122) : 16.3165
Side Chain Topographical Entropy from corr. pLogP method (PRO 123) : 14.6992
Side Chain Topographical Entropy from corr. pLogP method (SER 124) : 8.5213
Side Chain Topographical Entropy from corr. pLogP method (ALA 125) : -0.0000
Side Chain Topographical Entropy from corr. pLogP method (ALA 126) : -0.0000
Side Chain Topographical Entropy from corr. pLogP method (CSER 127) : 4.8802
____________________________________________________________
Total SC Topog. Entropy (corr. pLogP)    :         601.935
------------------------------------------------------------
____________________________________________________________
Total BB Topog. Entropy (corr. pLogP)    :          35.110
------------------------------------------------------------
____________________________________________________________
Total Entropy                            :         637.045
------------------------------------------------------------
------------------------------------------------------------
Topographical entropy of residue side chains 
computed using all the dihedrals with correlation/pLogp formalism
------------------------------------------------------------
Side Chain Topographical Entropy from corr. pLogP method (NALA 1) : -0.0000
Side Chain Topographical Entropy from corr. pLogP method (GLU 2) : 18.4881
Side Chain Topographical Entropy from corr. pLogP method (ALA 3) : -0.0000
Side Chain Topographical Entropy from corr. pLogP method (GLY 4) : -0.0000
Side Chain Topographical Entropy from corr. pLogP method (ILE 5) : 4.0139
Side Chain Topographical Entropy from corr. pLogP method (THR 6) : 0.3260
Side Chain Topographical Entropy from corr. pLogP method (GLY 7) : -0.0000
Side Chain Topographical Entropy from corr. pLogP method (THR 8) : 0.5587
Side Chain Topographical Entropy from corr. pLogP method (TRP 9) : -0.0000
Side Chain Topographical Entropy from corr. pLogP method (TYR 10) : 5.5274
Side Chain Topographical Entropy from corr. pLogP method (ALA 11) : -0.0000
Side Chain Topographical Entropy from corr. pLogP method (GLN 12) : 21.2601
Side Chain Topographical Entropy from corr. pLogP method (LEU 13) : 7.1134
Side Chain Topographical Entropy from corr. pLogP method (GLY 14) : -0.0000
Side Chain Topographical Entropy from corr. pLogP method (SER 15) : 7.0547
Side Chain Topographical Entropy from corr. pLogP method (THR 16) : 3.7835
Side Chain Topographical Entropy from corr. pLogP method (PHE 17) : 0.1200
Side Chain Topographical Entropy from corr. pLogP method (ILE 18) : 7.7952
Side Chain Topographical Entropy from corr. pLogP method (VAL 19) : 1.2678
Side Chain Topographical Entropy from corr. pLogP method (THR 20) : 5.9542
Side Chain Topographical Entropy from corr. pLogP method (ALA 21) : -0.0000
Side Chain Topographical Entropy from corr. pLogP method (GLY 22) : -0.0000
Side Chain Topographical Entropy from corr. pLogP method (ALA 23) : -0.0000
Side Chain Topographical Entropy from corr. pLogP method (ASP 24) : 15.5200
Side Chain Topographical Entropy from corr. pLogP method (GLY 25) : -0.0000
Side Chain Topographical Entropy from corr. pLogP method (ALA 26) : -0.0000
Side Chain Topographical Entropy from corr. pLogP method (LEU 27) : 5.4192
Side Chain Topographical Entropy from corr. pLogP method (THR 28) : 8.0962
Side Chain Topographical Entropy from corr. pLogP method (GLY 29) : -0.0000
Side Chain Topographical Entropy from corr. pLogP method (THR 30) : -0.0000
Side Chain Topographical Entropy from corr. pLogP method (TYR 31) : 6.6754
Side Chain Topographical Entropy from corr. pLogP method (GLU 32) : 15.4798
Side Chain Topographical Entropy from corr. pLogP method (SER 33) : 6.9666
Side Chain Topographical Entropy from corr. pLogP method (ALA 34) : -0.0000
Side Chain Topographical Entropy from corr. pLogP method (VAL 35) : 8.6499
Side Chain Topographical Entropy from corr. pLogP method (GLY 36) : -0.0000
Side Chain Topographical Entropy from corr. pLogP method (ASN 37) : 13.3553
Side Chain Topographical Entropy from corr. pLogP method (ALA 38) : -0.0000
Side Chain Topographical Entropy from corr. pLogP method (GLU 39) : 19.2385
Side Chain Topographical Entropy from corr. pLogP method (SER 40) : 5.7460
Side Chain Topographical Entropy from corr. pLogP method (ARG 41) : 12.7135
Side Chain Topographical Entropy from corr. pLogP method (TYR 42) : 0.0358
Side Chain Topographical Entropy from corr. pLogP method (VAL 43) : 0.4430
Side Chain Topographical Entropy from corr. pLogP method (LEU 44) : 7.5839
Side Chain Topographical Entropy from corr. pLogP method (THR 45) : 7.5054
Side Chain Topographical Entropy from corr. pLogP method (GLY 46) : -0.0000
Side Chain Topographical Entropy from corr. pLogP method (ARG 47) : 0.0657
Side Chain Topographical Entropy from corr. pLogP method (TYR 48) : 3.4320
Side Chain Topographical Entropy from corr. pLogP method (ASP 49) : 1.3698
Side Chain Topographical Entropy from corr. pLogP method (SER 50) : 3.6687
Side Chain Topographical Entropy from corr. pLogP method (ALA 51) : -0.0000
Side Chain Topographical Entropy from corr. pLogP method (PRO 52) : 7.2801
Side Chain Topographical Entropy from corr. pLogP method (ALA 53) : -0.0000
Side Chain Topographical Entropy from corr. pLogP method (THR 54) : 4.5867
Side Chain Topographical Entropy from corr. pLogP method (ASP 55) : 5.0272
Side Chain Topographical Entropy from corr. pLogP method (GLY 56) : -0.0000
Side Chain Topographical Entropy from corr. pLogP method (SER 57) : 1.5428
Side Chain Topographical Entropy from corr. pLogP method (GLY 58) : -0.0000
Side Chain Topographical Entropy from corr. pLogP method (THR 59) : 0.0358
Side Chain Topographical Entropy from corr. pLogP method (ALA 60) : -0.0000
Side Chain Topographical Entropy from corr. pLogP method (LEU 61) : 5.1896
Side Chain Topographical Entropy from corr. pLogP method (GLY 62) : -0.0000
Side Chain Topographical Entropy from corr. pLogP method (TRP 63) : 0.0358
Side Chain Topographical Entropy from corr. pLogP method (THR 64) : 0.0358
Side Chain Topographical Entropy from corr. pLogP method (VAL 65) : -0.0000
Side Chain Topographical Entropy from corr. pLogP method (ALA 66) : -0.0000
Side Chain Topographical Entropy from corr. pLogP method (TRP 67) : -0.0000
Side Chain Topographical Entropy from corr. pLogP method (LYS 68) : 10.2443
Side Chain Topographical Entropy from corr. pLogP method (ASN 69) : 11.3536
Side Chain Topographical Entropy from corr. pLogP method (ASN 70) : 15.6693
Side Chain Topographical Entropy from corr. pLogP method (TYR 71) : 12.5673
Side Chain Topographical Entropy from corr. pLogP method (ARG 72) : 20.6400
Side Chain Topographical Entropy from corr. pLogP method (ASN 73) : 0.3632
Side Chain Topographical Entropy from corr. pLogP method (ALA 74) : -0.0000
Side Chain Topographical Entropy from corr. pLogP method (HID 75) : 1.3296
Side Chain Topographical Entropy from corr. pLogP method (SER 76) : 1.1146
Side Chain Topographical Entropy from corr. pLogP method (ALA 77) : -0.0000
Side Chain Topographical Entropy from corr. pLogP method (THR 78) : -0.0000
Side Chain Topographical Entropy from corr. pLogP method (THR 79) : 0.0936
Side Chain Topographical Entropy from corr. pLogP method (TRP 80) : 2.2460
Side Chain Topographical Entropy from corr. pLogP method (SER 81) : 6.0325
Side Chain Topographical Entropy from corr. pLogP method (GLY 82) : -0.0000
Side Chain Topographical Entropy from corr. pLogP method (GLN 83) : 8.7015
Side Chain Topographical Entropy from corr. pLogP method (TYR 84) : -0.0000
Side Chain Topographical Entropy from corr. pLogP method (VAL 85) : 1.7826
Side Chain Topographical Entropy from corr. pLogP method (GLY 86) : -0.0000
Side Chain Topographical Entropy from corr. pLogP method (GLY 87) : -0.0000
Side Chain Topographical Entropy from corr. pLogP method (ALA 88) : -0.0000
Side Chain Topographical Entropy from corr. pLogP method (GLU 89) : 22.7879
Side Chain Topographical Entropy from corr. pLogP method (ALA 90) : -0.0000
Side Chain Topographical Entropy from corr. pLogP method (ARG 91) : 14.9752
Side Chain Topographical Entropy from corr. pLogP method (ILE 92) : 0.3388
Side Chain Topographical Entropy from corr. pLogP method (ASN 93) : 9.7203
Side Chain Topographical Entropy from corr. pLogP method (THR 94) : 4.7777
Side Chain Topographical Entropy from corr. pLogP method (GLN 95) : 5.4241
Side Chain Topographical Entropy from corr. pLogP method (TRP 96) : 1.3431
Side Chain Topographical Entropy from corr. pLogP method (LEU 97) : 2.5789
Side Chain Topographical Entropy from corr. pLogP method (LEU 98) : 2.0683
Side Chain Topographical Entropy from corr. pLogP method (THR 99) : 0.0358
Side Chain Topographical Entropy from corr. pLogP method (SER 100) : 7.7788
Side Chain Topographical Entropy from corr. pLogP method (GLY 101) : -0.0000
Side Chain Topographical Entropy from corr. pLogP method (THR 102) : -0.0000
Side Chain Topographical Entropy from corr. pLogP method (THR 103) : 1.7708
Side Chain Topographical Entropy from corr. pLogP method (GLU 104) : 22.7348
Side Chain Topographical Entropy from corr. pLogP method (ALA 105) : -0.0000
Side Chain Topographical Entropy from corr. pLogP method (ASN 106) : 4.3044
Side Chain Topographical Entropy from corr. pLogP method (ALA 107) : -0.0000
Side Chain Topographical Entropy from corr. pLogP method (TRP 108) : 9.1229
Side Chain Topographical Entropy from corr. pLogP method (LYS 109) : 13.7088
Side Chain Topographical Entropy from corr. pLogP method (SER 110) : 0.7989
Side Chain Topographical Entropy from corr. pLogP method (THR 111) : 0.0358
Side Chain Topographical Entropy from corr. pLogP method (LEU 112) : 2.0676
Side Chain Topographical Entropy from corr. pLogP method (VAL 113) : 0.3633
Side Chain Topographical Entropy from corr. pLogP method (GLY 114) : -0.0000
Side Chain Topographical Entropy from corr. pLogP method (HID 115) : 12.1495
Side Chain Topographical Entropy from corr. pLogP method (ASP 116) : 8.7550
Side Chain Topographical Entropy from corr. pLogP method (THR 117) : 8.9536
Side Chain Topographical Entropy from corr. pLogP method (PHE 118) : 0.0936
Side Chain Topographical Entropy from corr. pLogP method (THR 119) : 5.7487
Side Chain Topographical Entropy from corr. pLogP method (LYS 120) : 12.4029
Side Chain Topographical Entropy from corr. pLogP method (VAL 121) : 6.0553
Side Chain Topographical Entropy from corr. pLogP method (LYS 122) : 15.1535
Side Chain Topographical Entropy from corr. pLogP method (PRO 123) : 13.8338
Side Chain Topographical Entropy from corr. pLogP method (SER 124) : 8.8867
Side Chain Topographical Entropy from corr. pLogP method (ALA 125) : -0.0000
Side Chain Topographical Entropy from corr. pLogP method (ALA 126) : -0.0000
Side Chain Topographical Entropy from corr. pLogP method (CSER 127) : 4.3802
____________________________________________________________
Total SC Topog. Entropy (corr. pLogP)    :         564.249
------------------------------------------------------------
____________________________________________________________
Total BB Topog. Entropy (corr. pLogP)    :          23.285
------------------------------------------------------------
____________________________________________________________
Total Entropy                            :         587.534
------------------------------------------------------------
------------------------------------------------------------
Topographical entropy of residue side chains 
computed using all the dihedrals with correlation/pLogp formalism
------------------------------------------------------------
Side Chain Topographical Entropy from corr. pLogP method (NALA 1) : -0.0000
Side Chain Topographical Entropy from corr. pLogP method (GLU 2) : 21.3857
Side Chain Topographical Entropy from corr. pLogP method (ALA 3) : -0.0000
Side Chain Topographical Entropy from corr. pLogP method (GLY 4) : -0.0000
Side Chain Topographical Entropy from corr. pLogP method (ILE 5) : 2.2224
Side Chain Topographical Entropy from corr. pLogP method (THR 6) : -0.0000
Side Chain Topographical Entropy from corr. pLogP method (GLY 7) : -0.0000
Side Chain Topographical Entropy from corr. pLogP method (THR 8) : -0.0000
Side Chain Topographical Entropy from corr. pLogP method (TRP 9) : -0.0000
Side Chain Topographical Entropy from corr. pLogP method (TYR 10) : 5.1072
Side Chain Topographical Entropy from corr. pLogP method (ALA 11) : -0.0000
Side Chain Topographical Entropy from corr. pLogP method (GLN 12) : 19.3521
Side Chain Topographical Entropy from corr. pLogP method (LEU 13) : 8.9140
Side Chain Topographical Entropy from corr. pLogP method (GLY 14) : -0.0000
Side Chain Topographical Entropy from corr. pLogP method (SER 15) : 8.0692
Side Chain Topographical Entropy from corr. pLogP method (THR 16) : 0.2168
Side Chain Topographical Entropy from corr. pLogP method (PHE 17) : 0.4073
Side Chain Topographical Entropy from corr. pLogP method (ILE 18) : 5.9339
Side Chain Topographical Entropy from corr. pLogP method (VAL 19) : 2.3381
Side Chain Topographical Entropy from corr. pLogP method (THR 20) : 2.7721
Side Chain Topographical Entropy from corr. pLogP method (ALA 21) : -0.0000
Side Chain Topographical Entropy from corr. pLogP method (GLY 22) : -0.0000
Side Chain Topographical Entropy from corr. pLogP method (ALA 23) : -0.0000
Side Chain Topographical Entropy from corr. pLogP method (ASP 24) : 13.5189
Side Chain Topographical Entropy from corr. pLogP method (GLY 25) : -0.0000
Side Chain Topographical Entropy from corr. pLogP method (ALA 26) : -0.0000
Side Chain Topographical Entropy from corr. pLogP method (LEU 27) : 7.6423
Side Chain Topographical Entropy from corr. pLogP method (THR 28) : 8.1423
Side Chain Topographical Entropy from corr. pLogP method (GLY 29) : -0.0000
Side Chain Topographical Entropy from corr. pLogP method (THR 30) : 3.7970
Side Chain Topographical Entropy from corr. pLogP method (TYR 31) : 6.3661
Side Chain Topographical Entropy from corr. pLogP method (GLU 32) : 11.6623
Side Chain Topographical Entropy from corr. pLogP method (SER 33) : 2.7825
Side Chain Topographical Entropy from corr. pLogP method (ALA 34) : -0.0000
Side Chain Topographical Entropy from corr. pLogP method (VAL 35) : 3.5250
Side Chain Topographical Entropy from corr. pLogP method (GLY 36) : -0.0000
Side Chain Topographical Entropy from corr. pLogP method (ASN 37) : 10.8969
Side Chain Topographical Entropy from corr. pLogP method (ALA 38) : -0.0000
Side Chain Topographical Entropy from corr. pLogP method (GLU 39) : 11.3180
Side Chain Topographical Entropy from corr. pLogP method (SER 40) : 6.7226
Side Chain Topographical Entropy from corr. pLogP method (ARG 41) : 5.5020
Side Chain Topographical Entropy from corr. pLogP method (TYR 42) : 0.0358
Side Chain Topographical Entropy from corr. pLogP method (VAL 43) : 0.6662
Side Chain Topographical Entropy from corr. pLogP method (LEU 44) : 2.0073
Side Chain Topographical Entropy from corr. pLogP method (THR 45) : 4.6885
Side Chain Topographical Entropy from corr. pLogP method (GLY 46) : -0.0000
Side Chain Topographical Entropy from corr. pLogP method (ARG 47) : 0.0936
Side Chain Topographical Entropy from corr. pLogP method (TYR 48) : 4.6621
Side Chain Topographical Entropy from corr. pLogP method (ASP 49) : 5.7616
Side Chain Topographical Entropy from corr. pLogP method (SER 50) : 0.2388
Side Chain Topographical Entropy from corr. pLogP method (ALA 51) : -0.0000
Side Chain Topographical Entropy from corr. pLogP method (PRO 52) : 12.5460
Side Chain Topographical Entropy from corr. pLogP method (ALA 53) : -0.0000
Side Chain Topographical Entropy from corr. pLogP method (THR 54) : 7.2464
Side Chain Topographical Entropy from corr. pLogP method (ASP 55) : 7.1150
Side Chain Topographical Entropy from corr. pLogP method (GLY 56) : -0.0000
Side Chain Topographical Entropy from corr. pLogP method (SER 57) : 6.3565
Side Chain Topographical Entropy from corr. pLogP method (GLY 58) : -0.0000
Side Chain Topographical Entropy from corr. pLogP method (THR 59) : -0.0000
Side Chain Topographical Entropy from corr. pLogP method (ALA 60) : -0.0000
Side Chain Topographical Entropy from corr. pLogP method (LEU 61) : 6.4294
Side Chain Topographical Entropy from corr. pLogP method (GLY 62) : -0.0000
Side Chain Topographical Entropy from corr. pLogP method (TRP 63) : -0.0000
Side Chain Topographical Entropy from corr. pLogP method (THR 64) : -0.0000
Side Chain Topographical Entropy from corr. pLogP method (VAL 65) : 0.9872
Side Chain Topographical Entropy from corr. pLogP method (ALA 66) : -0.0000
Side Chain Topographical Entropy from corr. pLogP method (TRP 67) : -0.0000
Side Chain Topographical Entropy from corr. pLogP method (LYS 68) : 9.4858
Side Chain Topographical Entropy from corr. pLogP method (ASN 69) : 6.2532
Side Chain Topographical Entropy from corr. pLogP method (ASN 70) : 13.0329
Side Chain Topographical Entropy from corr. pLogP method (TYR 71) : 13.2755
Side Chain Topographical Entropy from corr. pLogP method (ARG 72) : 10.4633
Side Chain Topographical Entropy from corr. pLogP method (ASN 73) : 0.2399
Side Chain Topographical Entropy from corr. pLogP method (ALA 74) : -0.0000
Side Chain Topographical Entropy from corr. pLogP method (HID 75) : 1.2132
Side Chain Topographical Entropy from corr. pLogP method (SER 76) : 0.6476
Side Chain Topographical Entropy from corr. pLogP method (ALA 77) : -0.0000
Side Chain Topographical Entropy from corr. pLogP method (THR 78) : -0.0000
Side Chain Topographical Entropy from corr. pLogP method (THR 79) : -0.0000
Side Chain Topographical Entropy from corr. pLogP method (TRP 80) : 1.4488
Side Chain Topographical Entropy from corr. pLogP method (SER 81) : 0.4562
Side Chain Topographical Entropy from corr. pLogP method (GLY 82) : -0.0000
Side Chain Topographical Entropy from corr. pLogP method (GLN 83) : 9.1636
Side Chain Topographical Entropy from corr. pLogP method (TYR 84) : -0.0000
Side Chain Topographical Entropy from corr. pLogP method (VAL 85) : 1.7637
Side Chain Topographical Entropy from corr. pLogP method (GLY 86) : -0.0000
Side Chain Topographical Entropy from corr. pLogP method (GLY 87) : -0.0000
Side Chain Topographical Entropy from corr. pLogP method (ALA 88) : -0.0000
Side Chain Topographical Entropy from corr. pLogP method (GLU 89) : 22.4574
Side Chain Topographical Entropy from corr. pLogP method (ALA 90) : -0.0000
Side Chain Topographical Entropy from corr. pLogP method (ARG 91) : 17.0669
Side Chain Topographical Entropy from corr. pLogP method (ILE 92) : 0.3409
Side Chain Topographical Entropy from corr. pLogP method (ASN 93) : 9.6719
Side Chain Topographical Entropy from corr. pLogP method (THR 94) : -0.0000
Side Chain Topographical Entropy from corr. pLogP method (GLN 95) : 3.9162
Side Chain Topographical Entropy from corr. pLogP method (TRP 96) : 1.1559
Side Chain Topographical Entropy from corr. pLogP method (LEU 97) : 5.3653
Side Chain Topographical Entropy from corr. pLogP method (LEU 98) : 0.8317
Side Chain Topographical Entropy from corr. pLogP method (THR 99) : -0.0000
Side Chain Topographical Entropy from corr. pLogP method (SER 100) : 8.6653
Side Chain Topographical Entropy from corr. pLogP method (GLY 101) : -0.0000
Side Chain Topographical Entropy from corr. pLogP method (THR 102) : 2.9923
Side Chain Topographical Entropy from corr. pLogP method (THR 103) : -0.0000
Side Chain Topographical Entropy from corr. pLogP method (GLU 104) : 22.8122
Side Chain Topographical Entropy from corr. pLogP method (ALA 105) : -0.0000
Side Chain Topographical Entropy from corr. pLogP method (ASN 106) : 3.6238
Side Chain Topographical Entropy from corr. pLogP method (ALA 107) : -0.0000
Side Chain Topographical Entropy from corr. pLogP method (TRP 108) : 5.7741
Side Chain Topographical Entropy from corr. pLogP method (LYS 109) : 13.7978
Side Chain Topographical Entropy from corr. pLogP method (SER 110) : 1.4362
Side Chain Topographical Entropy from corr. pLogP method (THR 111) : 0.0657
Side Chain Topographical Entropy from corr. pLogP method (LEU 112) : 4.4640
Side Chain Topographical Entropy from corr. pLogP method (VAL 113) : -0.0000
Side Chain Topographical Entropy from corr. pLogP method (GLY 114) : -0.0000
Side Chain Topographical Entropy from corr. pLogP method (HID 115) : 8.6517
Side Chain Topographical Entropy from corr. pLogP method (ASP 116) : 6.1120
Side Chain Topographical Entropy from corr. pLogP method (THR 117) : 5.7729
Side Chain Topographical Entropy from corr. pLogP method (PHE 118) : -0.0000
Side Chain Topographical Entropy from corr. pLogP method (THR 119) : 4.6057
Side Chain Topographical Entropy from corr. pLogP method (LYS 120) : 13.6751
Side Chain Topographical Entropy from corr. pLogP method (VAL 121) : 6.7339
Side Chain Topographical Entropy from corr. pLogP method (LYS 122) : 16.6619
Side Chain Topographical Entropy from corr. pLogP method (PRO 123) : 14.3329
Side Chain Topographical Entropy from corr. pLogP method (SER 124) : 8.6444
Side Chain Topographical Entropy from corr. pLogP method (ALA 125) : -0.0000
Side Chain Topographical Entropy from corr. pLogP method (ALA 126) : -0.0000
Side Chain Topographical Entropy from corr. pLogP method (CSER 127) : 3.9287
____________________________________________________________
Total SC Topog. Entropy (corr. pLogP)    :         508.429
------------------------------------------------------------
____________________________________________________________
Total BB Topog. Entropy (corr. pLogP)    :          15.985
------------------------------------------------------------
____________________________________________________________
Total Entropy                            :         524.414
------------------------------------------------------------
------------------------------------------------------------
Topographical entropy of residue side chains 
computed using all the dihedrals with correlation/pLogp formalism
------------------------------------------------------------
Side Chain Topographical Entropy from corr. pLogP method (NALA 1) : -0.0000
Side Chain Topographical Entropy from corr. pLogP method (GLU 2) : 20.3277
Side Chain Topographical Entropy from corr. pLogP method (ALA 3) : -0.0000
Side Chain Topographical Entropy from corr. pLogP method (GLY 4) : -0.0000
Side Chain Topographical Entropy from corr. pLogP method (ILE 5) : 2.1860
Side Chain Topographical Entropy from corr. pLogP method (THR 6) : -0.0000
Side Chain Topographical Entropy from corr. pLogP method (GLY 7) : -0.0000
Side Chain Topographical Entropy from corr. pLogP method (THR 8) : 0.0936
Side Chain Topographical Entropy from corr. pLogP method (TRP 9) : -0.0000
Side Chain Topographical Entropy from corr. pLogP method (TYR 10) : 5.7115
Side Chain Topographical Entropy from corr. pLogP method (ALA 11) : -0.0000
Side Chain Topographical Entropy from corr. pLogP method (GLN 12) : 18.1232
Side Chain Topographical Entropy from corr. pLogP method (LEU 13) : 6.5354
Side Chain Topographical Entropy from corr. pLogP method (GLY 14) : -0.0000
Side Chain Topographical Entropy from corr. pLogP method (SER 15) : 8.0542
Side Chain Topographical Entropy from corr. pLogP method (THR 16) : 8.2782
Side Chain Topographical Entropy from corr. pLogP method (PHE 17) : 0.2168
Side Chain Topographical Entropy from corr. pLogP method (ILE 18) : 8.0794
Side Chain Topographical Entropy from corr. pLogP method (VAL 19) : 1.3565
Side Chain Topographical Entropy from corr. pLogP method (THR 20) : 4.7435
Side Chain Topographical Entropy from corr. pLogP method (ALA 21) : -0.0000
Side Chain Topographical Entropy from corr. pLogP method (GLY 22) : -0.0000
Side Chain Topographical Entropy from corr. pLogP method (ALA 23) : -0.0000
Side Chain Topographical Entropy from corr. pLogP method (ASP 24) : 13.1251
Side Chain Topographical Entropy from corr. pLogP method (GLY 25) : -0.0000
Side Chain Topographical Entropy from corr. pLogP method (ALA 26) : -0.0000
Side Chain Topographical Entropy from corr. pLogP method (LEU 27) : 8.8997
Side Chain Topographical Entropy from corr. pLogP method (THR 28) : 7.6739
Side Chain Topographical Entropy from corr. pLogP method (GLY 29) : -0.0000
Side Chain Topographical Entropy from corr. pLogP method (THR 30) : 4.4710
Side Chain Topographical Entropy from corr. pLogP method (TYR 31) : 9.4614
Side Chain Topographical Entropy from corr. pLogP method (GLU 32) : 12.7296
Side Chain Topographical Entropy from corr. pLogP method (SER 33) : 6.2956
Side Chain Topographical Entropy from corr. pLogP method (ALA 34) : -0.0000
Side Chain Topographical Entropy from corr. pLogP method (VAL 35) : 8.1273
Side Chain Topographical Entropy from corr. pLogP method (GLY 36) : -0.0000
Side Chain Topographical Entropy from corr. pLogP method (ASN 37) : 15.9349
Side Chain Topographical Entropy from corr. pLogP method (ALA 38) : -0.0000
Side Chain Topographical Entropy from corr. pLogP method (GLU 39) : 17.2826
Side Chain Topographical Entropy from corr. pLogP method (SER 40) : 7.6894
Side Chain Topographical Entropy from corr. pLogP method (ARG 41) : 9.1917
Side Chain Topographical Entropy from corr. pLogP method (TYR 42) : 0.0936
Side Chain Topographical Entropy from corr. pLogP method (VAL 43) : 0.4430
Side Chain Topographical Entropy from corr. pLogP method (LEU 44) : 6.9631
Side Chain Topographical Entropy from corr. pLogP method (THR 45) : 6.2941
Side Chain Topographical Entropy from corr. pLogP method (GLY 46) : -0.0000
Side Chain Topographical Entropy from corr. pLogP method (ARG 47) : 1.0518
Side Chain Topographical Entropy from corr. pLogP method (TYR 48) : 4.2569
Side Chain Topographical Entropy from corr. pLogP method (ASP 49) : 6.8546
Side Chain Topographical Entropy from corr. pLogP method (SER 50) : 7.3017
Side Chain Topographical Entropy from corr. pLogP method (ALA 51) : -0.0000
Side Chain Topographical Entropy from corr. pLogP method (PRO 52) : 11.5725
Side Chain Topographical Entropy from corr. pLogP method (ALA 53) : -0.0000
Side Chain Topographical Entropy from corr. pLogP method (THR 54) : 8.6047
Side Chain Topographical Entropy from corr. pLogP method (ASP 55) : 7.3815
Side Chain Topographical Entropy from corr. pLogP method (GLY 56) : -0.0000
Side Chain Topographical Entropy from corr. pLogP method (SER 57) : 3.6623
Side Chain Topographical Entropy from corr. pLogP method (GLY 58) : -0.0000
Side Chain Topographical Entropy from corr. pLogP method (THR 59) : 5.3444
Side Chain Topographical Entropy from corr. pLogP method (ALA 60) : -0.0000
Side Chain Topographical Entropy from corr. pLogP method (LEU 61) : 7.4632
Side Chain Topographical Entropy from corr. pLogP method (GLY 62) : -0.0000
Side Chain Topographical Entropy from corr. pLogP method (TRP 63) : -0.0000
Side Chain Topographical Entropy from corr. pLogP method (THR 64) : -0.0000
Side Chain Topographical Entropy from corr. pLogP method (VAL 65) : 0.0936
Side Chain Topographical Entropy from corr. pLogP method (ALA 66) : -0.0000
Side Chain Topographical Entropy from corr. pLogP method (TRP 67) : -0.0000
Side Chain Topographical Entropy from corr. pLogP method (LYS 68) : 12.7495
Side Chain Topographical Entropy from corr. pLogP method (ASN 69) : 5.9858
Side Chain Topographical Entropy from corr. pLogP method (ASN 70) : 15.5299
Side Chain Topographical Entropy from corr. pLogP method (TYR 71) : 7.5405
Side Chain Topographical Entropy from corr. pLogP method (ARG 72) : 13.5862
Side Chain Topographical Entropy from corr. pLogP method (ASN 73) : 2.7926
Side Chain Topographical Entropy from corr. pLogP method (ALA 74) : -0.0000
Side Chain Topographical Entropy from corr. pLogP method (HID 75) : 3.1371
Side Chain Topographical Entropy from corr. pLogP method (SER 76) : 0.2168
Side Chain Topographical Entropy from corr. pLogP method (ALA 77) : -0.0000
Side Chain Topographical Entropy from corr. pLogP method (THR 78) : -0.0000
Side Chain Topographical Entropy from corr. pLogP method (THR 79) : -0.0000
Side Chain Topographical Entropy from corr. pLogP method (TRP 80) : 1.2476
Side Chain Topographical Entropy from corr. pLogP method (SER 81) : 3.3910
Side Chain Topographical Entropy from corr. pLogP method (GLY 82) : -0.0000
Side Chain Topographical Entropy from corr. pLogP method (GLN 83) : 14.2494
Side Chain Topographical Entropy from corr. pLogP method (TYR 84) : 0.0358
Side Chain Topographical Entropy from corr. pLogP method (VAL 85) : 2.3070
Side Chain Topographical Entropy from corr. pLogP method (GLY 86) : -0.0000
Side Chain Topographical Entropy from corr. pLogP method (GLY 87) : -0.0000
Side Chain Topographical Entropy from corr. pLogP method (ALA 88) : -0.0000
Side Chain Topographical Entropy from corr. pLogP method (GLU 89) : 21.7501
Side Chain Topographical Entropy from corr. pLogP method (ALA 90) : -0.0000
Side Chain Topographical Entropy from corr. pLogP method (ARG 91) : 10.2627
Side Chain Topographical Entropy from corr. pLogP method (ILE 92) : 0.2652
Side Chain Topographical Entropy from corr. pLogP method (ASN 93) : 3.2588
Side Chain Topographical Entropy from corr. pLogP method (THR 94) : 0.0358
Side Chain Topographical Entropy from corr. pLogP method (GLN 95) : 8.6069
Side Chain Topographical Entropy from corr. pLogP method (TRP 96) : 0.9872
Side Chain Topographical Entropy from corr. pLogP method (LEU 97) : 2.9787
Side Chain Topographical Entropy from corr. pLogP method (LEU 98) : 0.0358
Side Chain Topographical Entropy from corr. pLogP method (THR 99) : -0.0000
Side Chain Topographical Entropy from corr. pLogP method (SER 100) : 6.8827
Side Chain Topographical Entropy from corr. pLogP method (GLY 101) : -0.0000
Side Chain Topographical Entropy from corr. pLogP method (THR 102) : -0.0000
Side Chain Topographical Entropy from corr. pLogP method (THR 103) : -0.0000
Side Chain Topographical Entropy from corr. pLogP method (GLU 104) : 22.9251
Side Chain Topographical Entropy from corr. pLogP method (ALA 105) : -0.0000
Side Chain Topographical Entropy from corr. pLogP method (ASN 106) : 4.0470
Side Chain Topographical Entropy from corr. pLogP method (ALA 107) : -0.0000
Side Chain Topographical Entropy from corr. pLogP method (TRP 108) : 5.7314
Side Chain Topographical Entropy from corr. pLogP method (LYS 109) : 16.6239
Side Chain Topographical Entropy from corr. pLogP method (SER 110) : -0.0000
Side Chain Topographical Entropy from corr. pLogP method (THR 111) : 0.0657
Side Chain Topographical Entropy from corr. pLogP method (LEU 112) : 1.4004
Side Chain Topographical Entropy from corr. pLogP method (VAL 113) : -0.0000
Side Chain Topographical Entropy from corr. pLogP method (GLY 114) : -0.0000
Side Chain Topographical Entropy from corr. pLogP method (HID 115) : 5.7551
Side Chain Topographical Entropy from corr. pLogP method (ASP 116) : 7.5381
Side Chain Topographical Entropy from corr. pLogP method (THR 117) : 0.5947
Side Chain Topographical Entropy from corr. pLogP method (PHE 118) : -0.0000
Side Chain Topographical Entropy from corr. pLogP method (THR 119) : 5.0087
Side Chain Topographical Entropy from corr. pLogP method (LYS 120) : 12.7231
Side Chain Topographical Entropy from corr. pLogP method (VAL 121) : 6.5631
Side Chain Topographical Entropy from corr. pLogP method (LYS 122) : 17.9133
Side Chain Topographical Entropy from corr. pLogP method (PRO 123) : 14.6099
Side Chain Topographical Entropy from corr. pLogP method (SER 124) : 9.0569
Side Chain Topographical Entropy from corr. pLogP method (ALA 125) : -0.0000
Side Chain Topographical Entropy from corr. pLogP method (ALA 126) : -0.0000
Side Chain Topographical Entropy from corr. pLogP method (CSER 127) : 5.2439
____________________________________________________________
Total SC Topog. Entropy (corr. pLogP)    :         555.602
------------------------------------------------------------
____________________________________________________________
Total BB Topog. Entropy (corr. pLogP)    :          15.503
------------------------------------------------------------
____________________________________________________________
Total Entropy                            :         571.105
------------------------------------------------------------
------------------------------------------------------------
Topographical entropy of residue side chains 
computed using all the dihedrals with correlation/pLogp formalism
------------------------------------------------------------
Side Chain Topographical Entropy from corr. pLogP method (NALA 1) : -0.0000
Side Chain Topographical Entropy from corr. pLogP method (GLU 2) : 20.4646
Side Chain Topographical Entropy from corr. pLogP method (ALA 3) : -0.0000
Side Chain Topographical Entropy from corr. pLogP method (GLY 4) : -0.0000
Side Chain Topographical Entropy from corr. pLogP method (ILE 5) : 2.8712
Side Chain Topographical Entropy from corr. pLogP method (THR 6) : 2.7926
Side Chain Topographical Entropy from corr. pLogP method (GLY 7) : -0.0000
Side Chain Topographical Entropy from corr. pLogP method (THR 8) : 0.9771
Side Chain Topographical Entropy from corr. pLogP method (TRP 9) : -0.0000
Side Chain Topographical Entropy from corr. pLogP method (TYR 10) : 6.4962
Side Chain Topographical Entropy from corr. pLogP method (ALA 11) : -0.0000
Side Chain Topographical Entropy from corr. pLogP method (GLN 12) : 20.3833
Side Chain Topographical Entropy from corr. pLogP method (LEU 13) : 7.7463
Side Chain Topographical Entropy from corr. pLogP method (GLY 14) : -0.0000
Side Chain Topographical Entropy from corr. pLogP method (SER 15) : 6.5880
Side Chain Topographical Entropy from corr. pLogP method (THR 16) : 5.9829
Side Chain Topographical Entropy from corr. pLogP method (PHE 17) : 0.2395
Side Chain Topographical Entropy from corr. pLogP method (ILE 18) : 9.7528
Side Chain Topographical Entropy from corr. pLogP method (VAL 19) : 1.5763
Side Chain Topographical Entropy from corr. pLogP method (THR 20) : 8.2136
Side Chain Topographical Entropy from corr. pLogP method (ALA 21) : -0.0000
Side Chain Topographical Entropy from corr. pLogP method (GLY 22) : -0.0000
Side Chain Topographical Entropy from corr. pLogP method (ALA 23) : -0.0000
Side Chain Topographical Entropy from corr. pLogP method (ASP 24) : 14.8812
Side Chain Topographical Entropy from corr. pLogP method (GLY 25) : -0.0000
Side Chain Topographical Entropy from corr. pLogP method (ALA 26) : -0.0000
Side Chain Topographical Entropy from corr. pLogP method (LEU 27) : 6.0073
Side Chain Topographical Entropy from corr. pLogP method (THR 28) : 8.4608
Side Chain Topographical Entropy from corr. pLogP method (GLY 29) : -0.0000
Side Chain Topographical Entropy from corr. pLogP method (THR 30) : 3.3202
Side Chain Topographical Entropy from corr. pLogP method (TYR 31) : 8.8947
Side Chain Topographical Entropy from corr. pLogP method (GLU 32) : 11.3452
Side Chain Topographical Entropy from corr. pLogP method (SER 33) : 1.3459
Side Chain Topographical Entropy from corr. pLogP method (ALA 34) : -0.0000
Side Chain Topographical Entropy from corr. pLogP method (VAL 35) : 7.7255
Side Chain Topographical Entropy from corr. pLogP method (GLY 36) : -0.0000
Side Chain Topographical Entropy from corr. pLogP method (ASN 37) : 15.7021
Side Chain Topographical Entropy from corr. pLogP method (ALA 38) : -0.0000
Side Chain Topographical Entropy from corr. pLogP method (GLU 39) : 18.5709
Side Chain Topographical Entropy from corr. pLogP method (SER 40) : 2.4882
Side Chain Topographical Entropy from corr. pLogP method (ARG 41) : 6.7866
Side Chain Topographical Entropy from corr. pLogP method (TYR 42) : -0.0000
Side Chain Topographical Entropy from corr. pLogP method (VAL 43) : -0.0000
Side Chain Topographical Entropy from corr. pLogP method (LEU 44) : 3.4236
Side Chain Topographical Entropy from corr. pLogP method (THR 45) : 1.0913
Side Chain Topographical Entropy from corr. pLogP method (GLY 46) : -0.0000
Side Chain Topographical Entropy from corr. pLogP method (ARG 47) : 0.7754
Side Chain Topographical Entropy from corr. pLogP method (TYR 48) : 2.9288
Side Chain Topographical Entropy from corr. pLogP method (ASP 49) : 4.6892
Side Chain Topographical Entropy from corr. pLogP method (SER 50) : 1.8636
Side Chain Topographical Entropy from corr. pLogP method (ALA 51) : -0.0000
Side Chain Topographical Entropy from corr. pLogP method (PRO 52) : 13.6823
Side Chain Topographical Entropy from corr. pLogP method (ALA 53) : -0.0000
Side Chain Topographical Entropy from corr. pLogP method (THR 54) : 8.9319
Side Chain Topographical Entropy from corr. pLogP method (ASP 55) : 15.9708
Side Chain Topographical Entropy from corr. pLogP method (GLY 56) : -0.0000
Side Chain Topographical Entropy from corr. pLogP method (SER 57) : 8.0580
Side Chain Topographical Entropy from corr. pLogP method (GLY 58) : -0.0000
Side Chain Topographical Entropy from corr. pLogP method (THR 59) : 0.0358
Side Chain Topographical Entropy from corr. pLogP method (ALA 60) : -0.0000
Side Chain Topographical Entropy from corr. pLogP method (LEU 61) : 4.3894
Side Chain Topographical Entropy from corr. pLogP method (GLY 62) : -0.0000
Side Chain Topographical Entropy from corr. pLogP method (TRP 63) : -0.0000
Side Chain Topographical Entropy from corr. pLogP method (THR 64) : -0.0000
Side Chain Topographical Entropy from corr. pLogP method (VAL 65) : -0.0000
Side Chain Topographical Entropy from corr. pLogP method (ALA 66) : -0.0000
Side Chain Topographical Entropy from corr. pLogP method (TRP 67) : -0.0000
Side Chain Topographical Entropy from corr. pLogP method (LYS 68) : 14.0422
Side Chain Topographical Entropy from corr. pLogP method (ASN 69) : 8.3862
Side Chain Topographical Entropy from corr. pLogP method (ASN 70) : 15.0651
Side Chain Topographical Entropy from corr. pLogP method (TYR 71) : 11.8457
Side Chain Topographical Entropy from corr. pLogP method (ARG 72) : 15.1799
Side Chain Topographical Entropy from corr. pLogP method (ASN 73) : 7.4078
Side Chain Topographical Entropy from corr. pLogP method (ALA 74) : -0.0000
Side Chain Topographical Entropy from corr. pLogP method (HID 75) : 9.5354
Side Chain Topographical Entropy from corr. pLogP method (SER 76) : 0.0657
Side Chain Topographical Entropy from corr. pLogP method (ALA 77) : -0.0000
Side Chain Topographical Entropy from corr. pLogP method (THR 78) : -0.0000
Side Chain Topographical Entropy from corr. pLogP method (THR 79) : -0.0000
Side Chain Topographical Entropy from corr. pLogP method (TRP 80) : 0.9104
Side Chain Topographical Entropy from corr. pLogP method (SER 81) : -0.0000
Side Chain Topographical Entropy from corr. pLogP method (GLY 82) : -0.0000
Side Chain Topographical Entropy from corr. pLogP method (GLN 83) : 9.1712
Side Chain Topographical Entropy from corr. pLogP method (TYR 84) : -0.0000
Side Chain Topographical Entropy from corr. pLogP method (VAL 85) : 1.5017
Side Chain Topographical Entropy from corr. pLogP method (GLY 86) : -0.0000
Side Chain Topographical Entropy from corr. pLogP method (GLY 87) : -0.0000
Side Chain Topographical Entropy from corr. pLogP method (ALA 88) : -0.0000
Side Chain Topographical Entropy from corr. pLogP method (GLU 89) : 19.8793
Side Chain Topographical Entropy from corr. pLogP method (ALA 90) : -0.0000
Side Chain Topographical Entropy from corr. pLogP method (ARG 91) : 9.2166
Side Chain Topographical Entropy from corr. pLogP method (ILE 92) : 0.8451
Side Chain Topographical Entropy from corr. pLogP method (ASN 93) : 4.3174
Side Chain Topographical Entropy from corr. pLogP method (THR 94) : -0.0000
Side Chain Topographical Entropy from corr. pLogP method (GLN 95) : 3.9356
Side Chain Topographical Entropy from corr. pLogP method (TRP 96) : 1.6749
Side Chain Topographical Entropy from corr. pLogP method (LEU 97) : 2.7562
Side Chain Topographical Entropy from corr. pLogP method (LEU 98) : 2.3988
Side Chain Topographical Entropy from corr. pLogP method (THR 99) : -0.0000
Side Chain Topographical Entropy from corr. pLogP method (SER 100) : 6.5201
Side Chain Topographical Entropy from corr. pLogP method (GLY 101) : -0.0000
Side Chain Topographical Entropy from corr. pLogP method (THR 102) : 0.0358
Side Chain Topographical Entropy from corr. pLogP method (THR 103) : 0.0358
Side Chain Topographical Entropy from corr. pLogP method (GLU 104) : 21.5317
Side Chain Topographical Entropy from corr. pLogP method (ALA 105) : -0.0000
Side Chain Topographical Entropy from corr. pLogP method (ASN 106) : 4.7975
Side Chain Topographical Entropy from corr. pLogP method (ALA 107) : -0.0000
Side Chain Topographical Entropy from corr. pLogP method (TRP 108) : 5.6467
Side Chain Topographical Entropy from corr. pLogP method (LYS 109) : 18.6695
Side Chain Topographical Entropy from corr. pLogP method (SER 110) : 1.2198
Side Chain Topographical Entropy from corr. pLogP method (THR 111) : -0.0000
Side Chain Topographical Entropy from corr. pLogP method (LEU 112) : 2.3567
Side Chain Topographical Entropy from corr. pLogP method (VAL 113) : 0.7409
Side Chain Topographical Entropy from corr. pLogP method (GLY 114) : -0.0000
Side Chain Topographical Entropy from corr. pLogP method (HID 115) : 9.0958
Side Chain Topographical Entropy from corr. pLogP method (ASP 116) : 7.6744
Side Chain Topographical Entropy from corr. pLogP method (THR 117) : -0.0000
Side Chain Topographical Entropy from corr. pLogP method (PHE 118) : -0.0000
Side Chain Topographical Entropy from corr. pLogP method (THR 119) : 5.3584
Side Chain Topographical Entropy from corr. pLogP method (LYS 120) : 15.6722
Side Chain Topographical Entropy from corr. pLogP method (VAL 121) : 5.8764
Side Chain Topographical Entropy from corr. pLogP method (LYS 122) : 20.5706
Side Chain Topographical Entropy from corr. pLogP method (PRO 123) : 15.9522
Side Chain Topographical Entropy from corr. pLogP method (SER 124) : 7.9496
Side Chain Topographical Entropy from corr. pLogP method (ALA 125) : -0.0000
Side Chain Topographical Entropy from corr. pLogP method (ALA 126) : -0.0000
Side Chain Topographical Entropy from corr. pLogP method (CSER 127) : 4.7957
____________________________________________________________
Total SC Topog. Entropy (corr. pLogP)    :         558.088
------------------------------------------------------------
____________________________________________________________
Total BB Topog. Entropy (corr. pLogP)    :          25.293
------------------------------------------------------------
____________________________________________________________
Total Entropy                            :         583.381
------------------------------------------------------------
