------------------------------------------------------------
Topographical entropy of residue side chains 
computed using all the dihedrals with correlation/pLogp formalism
------------------------------------------------------------
Side Chain Topographical Entropy from corr. pLogP method (NALA 1) : -0.0000
Side Chain Topographical Entropy from corr. pLogP method (GLU 2) : 20.1237
Side Chain Topographical Entropy from corr. pLogP method (ALA 3) : -0.0000
Side Chain Topographical Entropy from corr. pLogP method (GLY 4) : -0.0000
Side Chain Topographical Entropy from corr. pLogP method (ILE 5) : 1.9013
Side Chain Topographical Entropy from corr. pLogP method (THR 6) : -0.0000
Side Chain Topographical Entropy from corr. pLogP method (GLY 7) : -0.0000
Side Chain Topographical Entropy from corr. pLogP method (THR 8) : 0.5127
Side Chain Topographical Entropy from corr. pLogP method (TRP 9) : -0.0000
Side Chain Topographical Entropy from corr. pLogP method (TYR 10) : 5.7155
Side Chain Topographical Entropy from corr. pLogP method (ALA 11) : -0.0000
Side Chain Topographical Entropy from corr. pLogP method (GLN 12) : 21.2488
Side Chain Topographical Entropy from corr. pLogP method (LEU 13) : 8.0037
Side Chain Topographical Entropy from corr. pLogP method (GLY 14) : -0.0000
Side Chain Topographical Entropy from corr. pLogP method (SER 15) : 5.8543
Side Chain Topographical Entropy from corr. pLogP method (THR 16) : 0.5217
Side Chain Topographical Entropy from corr. pLogP method (PHE 17) : 8.8627
Side Chain Topographical Entropy from corr. pLogP method (ILE 18) : 6.6211
Side Chain Topographical Entropy from corr. pLogP method (VAL 19) : 4.9714
Side Chain Topographical Entropy from corr. pLogP method (THR 20) : 6.1127
Side Chain Topographical Entropy from corr. pLogP method (ALA 21) : -0.0000
Side Chain Topographical Entropy from corr. pLogP method (GLY 22) : -0.0000
Side Chain Topographical Entropy from corr. pLogP method (ALA 23) : -0.0000
Side Chain Topographical Entropy from corr. pLogP method (ASP 24) : 14.5447
Side Chain Topographical Entropy from corr. pLogP method (GLY 25) : -0.0000
Side Chain Topographical Entropy from corr. pLogP method (ALA 26) : -0.0000
Side Chain Topographical Entropy from corr. pLogP method (LEU 27) : 8.1250
Side Chain Topographical Entropy from corr. pLogP method (THR 28) : 8.6065
Side Chain Topographical Entropy from corr. pLogP method (GLY 29) : -0.0000
Side Chain Topographical Entropy from corr. pLogP method (THR 30) : 6.0083
Side Chain Topographical Entropy from corr. pLogP method (TYR 31) : 6.7767
Side Chain Topographical Entropy from corr. pLogP method (GLU 32) : 9.4110
Side Chain Topographical Entropy from corr. pLogP method (SER 33) : 4.3482
Side Chain Topographical Entropy from corr. pLogP method (ALA 34) : -0.0000
Side Chain Topographical Entropy from corr. pLogP method (VAL 35) : 4.6909
Side Chain Topographical Entropy from corr. pLogP method (GLY 36) : -0.0000
Side Chain Topographical Entropy from corr. pLogP method (ASN 37) : 8.3905
Side Chain Topographical Entropy from corr. pLogP method (ALA 38) : -0.0000
Side Chain Topographical Entropy from corr. pLogP method (GLU 39) : 18.5311
Side Chain Topographical Entropy from corr. pLogP method (SER 40) : 5.0580
Side Chain Topographical Entropy from corr. pLogP method (ARG 41) : 3.9754
Side Chain Topographical Entropy from corr. pLogP method (TYR 42) : -0.0000
Side Chain Topographical Entropy from corr. pLogP method (VAL 43) : 1.4717
Side Chain Topographical Entropy from corr. pLogP method (LEU 44) : 0.2391
Side Chain Topographical Entropy from corr. pLogP method (THR 45) : 5.7945
Side Chain Topographical Entropy from corr. pLogP method (GLY 46) : -0.0000
Side Chain Topographical Entropy from corr. pLogP method (ARG 47) : 0.1818
Side Chain Topographical Entropy from corr. pLogP method (TYR 48) : 4.1330
Side Chain Topographical Entropy from corr. pLogP method (ASP 49) : 2.0629
Side Chain Topographical Entropy from corr. pLogP method (SER 50) : 1.3524
Side Chain Topographical Entropy from corr. pLogP method (ALA 51) : -0.0000
Side Chain Topographical Entropy from corr. pLogP method (PRO 52) : 10.1165
Side Chain Topographical Entropy from corr. pLogP method (ALA 53) : -0.0000
Side Chain Topographical Entropy from corr. pLogP method (THR 54) : 6.7156
Side Chain Topographical Entropy from corr. pLogP method (ASP 55) : 15.1165
Side Chain Topographical Entropy from corr. pLogP method (GLY 56) : -0.0000
Side Chain Topographical Entropy from corr. pLogP method (SER 57) : 5.6492
Side Chain Topographical Entropy from corr. pLogP method (GLY 58) : -0.0000
Side Chain Topographical Entropy from corr. pLogP method (THR 59) : 5.4146
Side Chain Topographical Entropy from corr. pLogP method (ALA 60) : -0.0000
Side Chain Topographical Entropy from corr. pLogP method (LEU 61) : 8.6233
Side Chain Topographical Entropy from corr. pLogP method (GLY 62) : -0.0000
Side Chain Topographical Entropy from corr. pLogP method (TRP 63) : 0.0193
Side Chain Topographical Entropy from corr. pLogP method (THR 64) : 0.2617
Side Chain Topographical Entropy from corr. pLogP method (VAL 65) : 0.0936
Side Chain Topographical Entropy from corr. pLogP method (ALA 66) : -0.0000
Side Chain Topographical Entropy from corr. pLogP method (TRP 67) : -0.0000
Side Chain Topographical Entropy from corr. pLogP method (LYS 68) : 12.3293
Side Chain Topographical Entropy from corr. pLogP method (ASN 69) : 5.6910
Side Chain Topographical Entropy from corr. pLogP method (ASN 70) : 13.8121
Side Chain Topographical Entropy from corr. pLogP method (TYR 71) : 3.8102
Side Chain Topographical Entropy from corr. pLogP method (ARG 72) : 14.0896
Side Chain Topographical Entropy from corr. pLogP method (ASN 73) : 4.7522
Side Chain Topographical Entropy from corr. pLogP method (ALA 74) : -0.0000
Side Chain Topographical Entropy from corr. pLogP method (HID 75) : 2.2621
Side Chain Topographical Entropy from corr. pLogP method (SER 76) : 5.0707
Side Chain Topographical Entropy from corr. pLogP method (ALA 77) : -0.0000
Side Chain Topographical Entropy from corr. pLogP method (THR 78) : -0.0000
Side Chain Topographical Entropy from corr. pLogP method (THR 79) : 0.2138
Side Chain Topographical Entropy from corr. pLogP method (TRP 80) : 1.9830
Side Chain Topographical Entropy from corr. pLogP method (SER 81) : 0.1200
Side Chain Topographical Entropy from corr. pLogP method (GLY 82) : -0.0000
Side Chain Topographical Entropy from corr. pLogP method (GLN 83) : 11.0091
Side Chain Topographical Entropy from corr. pLogP method (TYR 84) : -0.0000
Side Chain Topographical Entropy from corr. pLogP method (VAL 85) : 0.3874
Side Chain Topographical Entropy from corr. pLogP method (GLY 86) : -0.0000
Side Chain Topographical Entropy from corr. pLogP method (GLY 87) : -0.0000
Side Chain Topographical Entropy from corr. pLogP method (ALA 88) : -0.0000
Side Chain Topographical Entropy from corr. pLogP method (GLU 89) : 19.0340
Side Chain Topographical Entropy from corr. pLogP method (ALA 90) : -0.0000
Side Chain Topographical Entropy from corr. pLogP method (ARG 91) : 3.5327
Side Chain Topographical Entropy from corr. pLogP method (ILE 92) : 0.4343
Side Chain Topographical Entropy from corr. pLogP method (ASN 93) : 2.3342
Side Chain Topographical Entropy from corr. pLogP method (THR 94) : 0.0358
Side Chain Topographical Entropy from corr. pLogP method (GLN 95) : 9.5398
Side Chain Topographical Entropy from corr. pLogP method (TRP 96) : 0.7826
Side Chain Topographical Entropy from corr. pLogP method (LEU 97) : 0.9690
Side Chain Topographical Entropy from corr. pLogP method (LEU 98) : 0.6832
Side Chain Topographical Entropy from corr. pLogP method (THR 99) : -0.0000
Side Chain Topographical Entropy from corr. pLogP method (SER 100) : 7.8258
Side Chain Topographical Entropy from corr. pLogP method (GLY 101) : -0.0000
Side Chain Topographical Entropy from corr. pLogP method (THR 102) : 5.5547
Side Chain Topographical Entropy from corr. pLogP method (THR 103) : 0.0511
Side Chain Topographical Entropy from corr. pLogP method (GLU 104) : 19.8732
Side Chain Topographical Entropy from corr. pLogP method (ALA 105) : -0.0000
Side Chain Topographical Entropy from corr. pLogP method (ASN 106) : 3.6051
Side Chain Topographical Entropy from corr. pLogP method (ALA 107) : -0.0000
Side Chain Topographical Entropy from corr. pLogP method (TRP 108) : 5.7488
Side Chain Topographical Entropy from corr. pLogP method (LYS 109) : 14.0089
Side Chain Topographical Entropy from corr. pLogP method (SER 110) : 1.5929
Side Chain Topographical Entropy from corr. pLogP method (THR 111) : 0.0358
Side Chain Topographical Entropy from corr. pLogP method (LEU 112) : 1.8007
Side Chain Topographical Entropy from corr. pLogP method (VAL 113) : 0.0657
Side Chain Topographical Entropy from corr. pLogP method (GLY 114) : -0.0000
Side Chain Topographical Entropy from corr. pLogP method (HID 115) : 0.0704
Side Chain Topographical Entropy from corr. pLogP method (ASP 116) : 6.0329
Side Chain Topographical Entropy from corr. pLogP method (THR 117) : 0.0511
Side Chain Topographical Entropy from corr. pLogP method (PHE 118) : -0.0000
Side Chain Topographical Entropy from corr. pLogP method (THR 119) : 1.0766
Side Chain Topographical Entropy from corr. pLogP method (LYS 120) : 6.8409
Side Chain Topographical Entropy from corr. pLogP method (VAL 121) : -0.0000
Side Chain Topographical Entropy from corr. pLogP method (LYS 122) : 23.8144
Side Chain Topographical Entropy from corr. pLogP method (PRO 123) : 13.6401
Side Chain Topographical Entropy from corr. pLogP method (SER 124) : 2.6563
Side Chain Topographical Entropy from corr. pLogP method (ALA 125) : -0.0000
Side Chain Topographical Entropy from corr. pLogP method (ALA 126) : -0.0000
Side Chain Topographical Entropy from corr. pLogP method (CSER 127) : 6.3255
____________________________________________________________
Total SC Topog. Entropy (corr. pLogP)    :         489.709
------------------------------------------------------------
____________________________________________________________
Total BB Topog. Entropy (corr. pLogP)    :          21.877
------------------------------------------------------------
____________________________________________________________
Total Entropy                            :         511.586
------------------------------------------------------------
