------------------------------------------------------------
Topographical entropy of residue side chains 
computed using all the dihedrals with correlation/pLogp formalism
------------------------------------------------------------
Side Chain Topographical Entropy from corr. pLogP method (NALA 1) : -0.0000
Side Chain Topographical Entropy from corr. pLogP method (GLU 2) : 22.1767
Side Chain Topographical Entropy from corr. pLogP method (ALA 3) : -0.0000
Side Chain Topographical Entropy from corr. pLogP method (GLY 4) : -0.0000
Side Chain Topographical Entropy from corr. pLogP method (ILE 5) : 1.5319
Side Chain Topographical Entropy from corr. pLogP method (THR 6) : 0.6025
Side Chain Topographical Entropy from corr. pLogP method (GLY 7) : -0.0000
Side Chain Topographical Entropy from corr. pLogP method (THR 8) : 1.0089
Side Chain Topographical Entropy from corr. pLogP method (TRP 9) : 0.0134
Side Chain Topographical Entropy from corr. pLogP method (TYR 10) : 7.9905
Side Chain Topographical Entropy from corr. pLogP method (ALA 11) : -0.0000
Side Chain Topographical Entropy from corr. pLogP method (GLN 12) : 20.2957
Side Chain Topographical Entropy from corr. pLogP method (LEU 13) : 7.9833
Side Chain Topographical Entropy from corr. pLogP method (GLY 14) : -0.0000
Side Chain Topographical Entropy from corr. pLogP method (SER 15) : 8.1278
Side Chain Topographical Entropy from corr. pLogP method (THR 16) : 2.1314
Side Chain Topographical Entropy from corr. pLogP method (PHE 17) : 1.1389
Side Chain Topographical Entropy from corr. pLogP method (ILE 18) : 11.0755
Side Chain Topographical Entropy from corr. pLogP method (VAL 19) : 6.0338
Side Chain Topographical Entropy from corr. pLogP method (THR 20) : 2.6167
Side Chain Topographical Entropy from corr. pLogP method (ALA 21) : -0.0000
Side Chain Topographical Entropy from corr. pLogP method (GLY 22) : -0.0000
Side Chain Topographical Entropy from corr. pLogP method (ALA 23) : -0.0000
Side Chain Topographical Entropy from corr. pLogP method (ASP 24) : 13.2744
Side Chain Topographical Entropy from corr. pLogP method (GLY 25) : -0.0000
Side Chain Topographical Entropy from corr. pLogP method (ALA 26) : -0.0000
Side Chain Topographical Entropy from corr. pLogP method (LEU 27) : 8.8737
Side Chain Topographical Entropy from corr. pLogP method (THR 28) : 8.6234
Side Chain Topographical Entropy from corr. pLogP method (GLY 29) : -0.0000
Side Chain Topographical Entropy from corr. pLogP method (THR 30) : 4.2835
Side Chain Topographical Entropy from corr. pLogP method (TYR 31) : 7.4209
Side Chain Topographical Entropy from corr. pLogP method (GLU 32) : 16.5829
Side Chain Topographical Entropy from corr. pLogP method (SER 33) : 5.6705
Side Chain Topographical Entropy from corr. pLogP method (ALA 34) : -0.0000
Side Chain Topographical Entropy from corr. pLogP method (VAL 35) : 8.7109
Side Chain Topographical Entropy from corr. pLogP method (GLY 36) : -0.0000
Side Chain Topographical Entropy from corr. pLogP method (ASN 37) : 14.1102
Side Chain Topographical Entropy from corr. pLogP method (ALA 38) : -0.0000
Side Chain Topographical Entropy from corr. pLogP method (GLU 39) : 20.3822
Side Chain Topographical Entropy from corr. pLogP method (SER 40) : 8.1955
Side Chain Topographical Entropy from corr. pLogP method (ARG 41) : 12.3778
Side Chain Topographical Entropy from corr. pLogP method (TYR 42) : 1.7582
Side Chain Topographical Entropy from corr. pLogP method (VAL 43) : 1.5241
Side Chain Topographical Entropy from corr. pLogP method (LEU 44) : 1.9580
Side Chain Topographical Entropy from corr. pLogP method (THR 45) : 7.2525
Side Chain Topographical Entropy from corr. pLogP method (GLY 46) : -0.0000
Side Chain Topographical Entropy from corr. pLogP method (ARG 47) : 0.1617
Side Chain Topographical Entropy from corr. pLogP method (TYR 48) : 5.3266
Side Chain Topographical Entropy from corr. pLogP method (ASP 49) : 8.5569
Side Chain Topographical Entropy from corr. pLogP method (SER 50) : 0.4430
Side Chain Topographical Entropy from corr. pLogP method (ALA 51) : -0.0000
Side Chain Topographical Entropy from corr. pLogP method (PRO 52) : 12.7663
Side Chain Topographical Entropy from corr. pLogP method (ALA 53) : -0.0000
Side Chain Topographical Entropy from corr. pLogP method (THR 54) : 6.7171
Side Chain Topographical Entropy from corr. pLogP method (ASP 55) : 11.9682
Side Chain Topographical Entropy from corr. pLogP method (GLY 56) : -0.0000
Side Chain Topographical Entropy from corr. pLogP method (SER 57) : 5.9337
Side Chain Topographical Entropy from corr. pLogP method (GLY 58) : -0.0000
Side Chain Topographical Entropy from corr. pLogP method (THR 59) : 0.3260
Side Chain Topographical Entropy from corr. pLogP method (ALA 60) : -0.0000
Side Chain Topographical Entropy from corr. pLogP method (LEU 61) : 6.1640
Side Chain Topographical Entropy from corr. pLogP method (GLY 62) : -0.0000
Side Chain Topographical Entropy from corr. pLogP method (TRP 63) : 0.0134
Side Chain Topographical Entropy from corr. pLogP method (THR 64) : 0.0250
Side Chain Topographical Entropy from corr. pLogP method (VAL 65) : 0.4388
Side Chain Topographical Entropy from corr. pLogP method (ALA 66) : -0.0000
Side Chain Topographical Entropy from corr. pLogP method (TRP 67) : 1.4088
Side Chain Topographical Entropy from corr. pLogP method (LYS 68) : 16.5327
Side Chain Topographical Entropy from corr. pLogP method (ASN 69) : 9.7839
Side Chain Topographical Entropy from corr. pLogP method (ASN 70) : 14.7764
Side Chain Topographical Entropy from corr. pLogP method (TYR 71) : 15.4843
Side Chain Topographical Entropy from corr. pLogP method (ARG 72) : 18.0108
Side Chain Topographical Entropy from corr. pLogP method (ASN 73) : 11.3915
Side Chain Topographical Entropy from corr. pLogP method (ALA 74) : -0.0000
Side Chain Topographical Entropy from corr. pLogP method (HID 75) : 6.3328
Side Chain Topographical Entropy from corr. pLogP method (SER 76) : 0.8705
Side Chain Topographical Entropy from corr. pLogP method (ALA 77) : -0.0000
Side Chain Topographical Entropy from corr. pLogP method (THR 78) : -0.0000
Side Chain Topographical Entropy from corr. pLogP method (THR 79) : -0.0000
Side Chain Topographical Entropy from corr. pLogP method (TRP 80) : 1.2476
Side Chain Topographical Entropy from corr. pLogP method (SER 81) : 2.9360
Side Chain Topographical Entropy from corr. pLogP method (GLY 82) : -0.0000
Side Chain Topographical Entropy from corr. pLogP method (GLN 83) : 11.6934
Side Chain Topographical Entropy from corr. pLogP method (TYR 84) : -0.0000
Side Chain Topographical Entropy from corr. pLogP method (VAL 85) : 1.5230
Side Chain Topographical Entropy from corr. pLogP method (GLY 86) : -0.0000
Side Chain Topographical Entropy from corr. pLogP method (GLY 87) : -0.0000
Side Chain Topographical Entropy from corr. pLogP method (ALA 88) : -0.0000
Side Chain Topographical Entropy from corr. pLogP method (GLU 89) : 22.2517
Side Chain Topographical Entropy from corr. pLogP method (ALA 90) : -0.0000
Side Chain Topographical Entropy from corr. pLogP method (ARG 91) : 12.2935
Side Chain Topographical Entropy from corr. pLogP method (ILE 92) : 0.4691
Side Chain Topographical Entropy from corr. pLogP method (ASN 93) : 7.6344
Side Chain Topographical Entropy from corr. pLogP method (THR 94) : 0.0134
Side Chain Topographical Entropy from corr. pLogP method (GLN 95) : 4.5318
Side Chain Topographical Entropy from corr. pLogP method (TRP 96) : 0.8632
Side Chain Topographical Entropy from corr. pLogP method (LEU 97) : 6.1219
Side Chain Topographical Entropy from corr. pLogP method (LEU 98) : 0.3648
Side Chain Topographical Entropy from corr. pLogP method (THR 99) : 0.0269
Side Chain Topographical Entropy from corr. pLogP method (SER 100) : 8.5808
Side Chain Topographical Entropy from corr. pLogP method (GLY 101) : -0.0000
Side Chain Topographical Entropy from corr. pLogP method (THR 102) : 1.4010
Side Chain Topographical Entropy from corr. pLogP method (THR 103) : 0.7279
Side Chain Topographical Entropy from corr. pLogP method (GLU 104) : 23.9993
Side Chain Topographical Entropy from corr. pLogP method (ALA 105) : -0.0000
Side Chain Topographical Entropy from corr. pLogP method (ASN 106) : 3.0269
Side Chain Topographical Entropy from corr. pLogP method (ALA 107) : -0.0000
Side Chain Topographical Entropy from corr. pLogP method (TRP 108) : 5.7576
Side Chain Topographical Entropy from corr. pLogP method (LYS 109) : 11.5587
Side Chain Topographical Entropy from corr. pLogP method (SER 110) : 2.3137
Side Chain Topographical Entropy from corr. pLogP method (THR 111) : 0.0561
Side Chain Topographical Entropy from corr. pLogP method (LEU 112) : 3.1837
Side Chain Topographical Entropy from corr. pLogP method (VAL 113) : -0.0000
Side Chain Topographical Entropy from corr. pLogP method (GLY 114) : -0.0000
Side Chain Topographical Entropy from corr. pLogP method (HID 115) : 7.5415
Side Chain Topographical Entropy from corr. pLogP method (ASP 116) : 7.0103
Side Chain Topographical Entropy from corr. pLogP method (THR 117) : 3.6290
Side Chain Topographical Entropy from corr. pLogP method (PHE 118) : -0.0000
Side Chain Topographical Entropy from corr. pLogP method (THR 119) : 5.8119
Side Chain Topographical Entropy from corr. pLogP method (LYS 120) : 15.0705
Side Chain Topographical Entropy from corr. pLogP method (VAL 121) : 6.8926
Side Chain Topographical Entropy from corr. pLogP method (LYS 122) : 20.2270
Side Chain Topographical Entropy from corr. pLogP method (PRO 123) : 15.2771
Side Chain Topographical Entropy from corr. pLogP method (SER 124) : 8.4457
Side Chain Topographical Entropy from corr. pLogP method (ALA 125) : -0.0000
Side Chain Topographical Entropy from corr. pLogP method (ALA 126) : -0.0000
Side Chain Topographical Entropy from corr. pLogP method (CSER 127) : 5.3382
____________________________________________________________
Total SC Topog. Entropy (corr. pLogP)    :         614.978
------------------------------------------------------------
____________________________________________________________
Total BB Topog. Entropy (corr. pLogP)    :          26.768
------------------------------------------------------------
____________________________________________________________
Total Entropy                            :         641.746
------------------------------------------------------------
