------------------------------------------------------------
            Hierarchy level. --> United Atom <--            
------------------------------------------------------------
      RESNAME   RESID  FF_ENTROPY  TT_ENTROPY
UATOM NALA          1       9.074      38.606
UATOM GLU           2      21.479      21.486
UATOM ALA           3       5.275      24.426
UATOM GLY           4       2.281      12.281
UATOM ILE           5      22.198      50.878
UATOM THR           6      17.226      32.976
UATOM GLY           7       2.354      11.643
UATOM THR           8      17.736      32.446
UATOM TRP           9      37.793      36.596
UATOM TYR          10      34.333      34.545
UATOM ALA          11       5.692      23.967
UATOM GLN          12      23.921      32.354
UATOM LEU          13      20.914      50.047
UATOM GLY          14       2.183      11.331
UATOM SER          15       9.640      19.846
UATOM THR          16      16.697      33.541
UATOM PHE          17      26.075      33.132
UATOM ILE          18      21.828      50.608
UATOM VAL          19      16.187      42.226
UATOM THR          20      17.115      32.987
UATOM ALA          21       5.925      25.371
UATOM GLY          22       2.192      11.523
UATOM ALA          23       5.666      24.738
UATOM ASP          24      16.514      14.345
UATOM GLY          25       2.225      11.916
UATOM ALA          26       6.114      23.762
UATOM LEU          27      21.604      50.055
UATOM THR          28      17.056      32.800
UATOM GLY          29       2.517      11.502
UATOM THR          30      17.171      33.068
UATOM TYR          31      34.230      34.679
UATOM GLU          32      22.553      20.800
UATOM SER          33       9.597      20.461
UATOM ALA          34       5.481      24.118
UATOM VAL          35      16.055      42.474
UATOM GLY          36       2.109      11.348
UATOM ASN          37      18.249      24.661
UATOM ALA          38       5.336      24.538
UATOM GLU          39      21.850      21.446
UATOM SER          40       9.786      19.745
UATOM ARG          41      36.572      53.161
UATOM TYR          42      33.455      34.987
UATOM VAL          43      16.510      43.617
UATOM LEU          44      20.997      49.299
UATOM THR          45      17.292      33.536
UATOM GLY          46       2.671      12.082
UATOM ARG          47      38.708      53.835
UATOM TYR          48      33.928      34.853
UATOM ASP          49      18.755      14.559
UATOM SER          50      10.250      20.529
UATOM ALA          51       5.586      23.145
UATOM PRO          52      10.847      26.405
UATOM ALA          53       5.549      24.584
UATOM THR          54      16.738      32.904
UATOM ASP          55      16.730      14.210
UATOM GLY          56       2.254      12.495
UATOM SER          57      10.221      19.426
UATOM GLY          58       2.456      11.875
UATOM THR          59      17.131      32.343
UATOM ALA          60       5.649      24.539
UATOM LEU          61      21.491      49.815
UATOM GLY          62       2.406      12.112
UATOM TRP          63      38.013      37.895
UATOM THR          64      17.576      31.187
UATOM VAL          65      16.632      42.970
UATOM ALA          66       6.076      25.673
UATOM TRP          67      38.522      36.787
UATOM LYS          68      25.263      51.177
UATOM ASN          69      18.835      25.206
UATOM ASN          70      18.203      25.558
UATOM TYR          71      31.861      35.078
UATOM ARG          72      34.754      54.073
UATOM ASN          73      18.415      24.770
UATOM ALA          74       5.517      24.671
UATOM HID          75      21.026      26.274
UATOM SER          76      10.132      20.244
UATOM ALA          77       5.496      24.145
UATOM THR          78      17.387      32.565
UATOM THR          79      17.005      33.381
UATOM TRP          80      37.463      37.755
UATOM SER          81      10.362      19.722
UATOM GLY          82       2.956      11.570
UATOM GLN          83      25.178      31.947
UATOM TYR          84      34.114      35.192
UATOM VAL          85      16.836      41.765
UATOM GLY          86       2.266      11.634
UATOM GLY          87       2.322      11.814
UATOM ALA          88       5.706      25.001
UATOM GLU          89      21.985      21.514
UATOM ALA          90       5.886      24.752
UATOM ARG          91      35.441      53.185
UATOM ILE          92      22.247      49.801
UATOM ASN          93      19.152      24.509
UATOM THR          94      17.027      32.569
UATOM GLN          95      26.246      32.931
UATOM TRP          96      38.940      37.001
UATOM LEU          97      22.837      49.265
UATOM LEU          98      21.929      50.865
UATOM THR          99      17.783      32.826
UATOM SER         100       9.904      20.335
UATOM GLY         101       2.251      11.487
UATOM THR         102      16.844      32.601
UATOM THR         103      17.202      34.044
UATOM GLU         104      22.531      21.338
UATOM ALA         105       5.751      24.843
UATOM ASN         106      19.502      25.799
UATOM ALA         107       6.103      25.026
UATOM TRP         108      37.916      37.288
UATOM LYS         109      25.420      52.003
UATOM SER         110      10.566      20.679
UATOM THR         111      17.060      33.700
UATOM LEU         112      21.893      49.634
UATOM VAL         113      17.002      42.060
UATOM GLY         114       2.554      11.663
UATOM HID         115      23.780      26.951
UATOM ASP         116      18.277      13.986
UATOM THR         117      16.951      33.216
UATOM PHE         118      25.427      32.686
UATOM THR         119      17.016      33.952
UATOM LYS         120      25.202      51.616
UATOM VAL         121      15.672      43.395
UATOM LYS         122      25.447      50.879
UATOM PRO         123      10.633      26.041
UATOM SER         124       9.333      19.817
UATOM ALA         125       5.196      24.756
UATOM ALA         126       5.223      24.217
UATOM CSER        127      13.695      19.540
____________________________________________________________
Total Entropy FF (UA level) :        2090.165 J/mol/K
Total Entropy TT (UA level) :        3774.402 J/mol/K
------------------------------------------------------------
____________________________________________________________
Total Entropy                            :        5864.567
------------------------------------------------------------
