------------------------------------------------------------
            Hierarchy level. --> United Atom <--            
------------------------------------------------------------
      RESNAME   RESID  FF_ENTROPY  TT_ENTROPY
UATOM NALA          1       9.149      37.799
UATOM GLU           2      22.596      21.429
UATOM ALA           3       6.587      25.066
UATOM GLY           4       2.874      12.342
UATOM ILE           5      26.331      52.582
UATOM THR           6      20.640      35.120
UATOM GLY           7       2.598      11.860
UATOM THR           8      19.798      32.605
UATOM TRP           9      52.502      40.078
UATOM TYR          10      45.937      36.972
UATOM ALA          11       7.257      25.167
UATOM GLN          12      26.246      32.825
UATOM LEU          13      22.652      52.365
UATOM GLY          14       2.454      12.594
UATOM SER          15      11.255      21.749
UATOM THR          16      19.968      33.410
UATOM PHE          17      34.886      35.677
UATOM ILE          18      25.010      51.925
UATOM VAL          19      19.399      42.035
UATOM THR          20      19.238      34.735
UATOM ALA          21       7.323      26.174
UATOM GLY          22       2.516      12.588
UATOM ALA          23       7.583      25.705
UATOM ASP          24      18.939      15.132
UATOM GLY          25       3.031      13.687
UATOM ALA          26       7.797      25.154
UATOM LEU          27      25.856      50.091
UATOM THR          28      19.655      33.191
UATOM GLY          29       2.725      11.641
UATOM THR          30      20.335      34.119
UATOM TYR          31      44.627      37.779
UATOM GLU          32      26.782      22.946
UATOM SER          33      11.737      20.461
UATOM ALA          34       6.529      26.153
UATOM VAL          35      17.957      44.678
UATOM GLY          36       2.613      12.144
UATOM ASN          37      20.891      26.243
UATOM ALA          38       7.107      25.604
UATOM GLU          39      24.639      23.146
UATOM SER          40      12.046      21.954
UATOM ARG          41      41.009      57.089
UATOM TYR          42      44.620      37.070
UATOM VAL          43      20.805      43.125
UATOM LEU          44      27.471      52.275
UATOM THR          45      20.352      35.851
UATOM GLY          46       2.973      13.207
UATOM ARG          47      49.138      60.656
UATOM TYR          48      44.957      37.680
UATOM ASP          49      24.121      15.576
UATOM SER          50      11.758      21.358
UATOM ALA          51       6.515      24.745
UATOM PRO          52      11.758      26.558
UATOM ALA          53       5.928      24.469
UATOM THR          54      17.068      33.787
UATOM ASP          55      20.711      15.407
UATOM GLY          56       2.671      13.585
UATOM SER          57      12.144      20.274
UATOM GLY          58       2.290      13.244
UATOM THR          59      19.361      34.582
UATOM ALA          60       7.357      25.819
UATOM LEU          61      26.195      49.475
UATOM GLY          62       2.787      13.140
UATOM TRP          63      52.617      40.953
UATOM THR          64      20.193      34.847
UATOM VAL          65      19.790      43.680
UATOM ALA          66       7.475      24.212
UATOM TRP          67      53.542      42.357
UATOM LYS          68      29.794      53.001
UATOM ASN          69      23.933      26.111
UATOM ASN          70      20.837      26.204
UATOM TYR          71      44.151      37.229
UATOM ARG          72      40.272      56.292
UATOM ASN          73      24.192      26.431
UATOM ALA          74       7.246      24.978
UATOM HID          75      31.123      30.574
UATOM SER          76      12.151      21.710
UATOM ALA          77       6.744      25.287
UATOM THR          78      20.188      34.693
UATOM THR          79      19.594      36.500
UATOM TRP          80      51.373      41.389
UATOM SER          81      12.936      22.148
UATOM GLY          82       2.852      13.367
UATOM GLN          83      28.617      33.725
UATOM TYR          84      45.375      38.168
UATOM VAL          85      18.970      44.616
UATOM GLY          86       2.374      13.208
UATOM GLY          87       2.512      12.584
UATOM ALA          88       6.622      26.415
UATOM GLU          89      24.536      22.956
UATOM ALA          90       7.146      25.926
UATOM ARG          91      40.503      55.669
UATOM ILE          92      26.018      50.658
UATOM ASN          93      21.952      26.416
UATOM THR          94      20.056      33.756
UATOM GLN          95      31.527      35.636
UATOM TRP          96      51.977      40.890
UATOM LEU          97      27.296      51.647
UATOM LEU          98      24.875      51.245
UATOM THR          99      20.124      34.814
UATOM SER         100      11.845      21.712
UATOM GLY         101       2.464      13.572
UATOM THR         102      18.923      34.489
UATOM THR         103      19.522      35.714
UATOM GLU         104      24.611      22.766
UATOM ALA         105       6.915      25.642
UATOM ASN         106      22.715      27.914
UATOM ALA         107       6.998      25.414
UATOM TRP         108      48.766      39.275
UATOM LYS         109      29.591      52.838
UATOM SER         110      12.157      22.706
UATOM THR         111      21.511      35.064
UATOM LEU         112      25.974      50.931
UATOM VAL         113      19.881      42.411
UATOM GLY         114       2.936      12.785
UATOM HID         115      28.536      27.951
UATOM ASP         116      21.037      15.466
UATOM THR         117      19.800      37.512
UATOM PHE         118      35.911      36.686
UATOM THR         119      20.492      35.320
UATOM LYS         120      30.307      53.518
UATOM VAL         121      18.757      45.148
UATOM LYS         122      28.839      52.643
UATOM PRO         123      12.344      26.181
UATOM SER         124      10.454      21.154
UATOM ALA         125       5.691      24.893
UATOM ALA         126       5.177      24.162
UATOM CSER        127      14.055      20.523
____________________________________________________________
Total Entropy FF (UA level) :        2537.745 J/mol/K
Total Entropy TT (UA level) :        3970.576 J/mol/K
------------------------------------------------------------
____________________________________________________________
Total Entropy                            :        6508.321
------------------------------------------------------------
