------------------------------------------------------------
            Hierarchy level. --> United Atom <--            
------------------------------------------------------------
      RESNAME   RESID  FF_ENTROPY  TT_ENTROPY
UATOM NALA          1       9.073      38.523
UATOM GLU           2      21.670      21.618
UATOM ALA           3       5.220      24.710
UATOM GLY           4       2.323      11.589
UATOM ILE           5      24.245      51.609
UATOM THR           6      19.367      32.911
UATOM GLY           7       2.456      12.375
UATOM THR           8      18.357      33.107
UATOM TRP           9      47.004      38.649
UATOM TYR          10      38.323      35.044
UATOM ALA          11       5.948      24.338
UATOM GLN          12      24.652      32.997
UATOM LEU          13      22.464      51.096
UATOM GLY          14       2.724      12.438
UATOM SER          15      10.700      21.705
UATOM THR          16      17.792      33.059
UATOM PHE          17      27.050      33.131
UATOM ILE          18      23.072      51.428
UATOM VAL          19      17.316      42.578
UATOM THR          20      18.061      33.820
UATOM ALA          21       6.308      25.913
UATOM GLY          22       2.262      12.368
UATOM ALA          23       6.413      25.969
UATOM ASP          24      18.179      14.220
UATOM GLY          25       2.658      12.683
UATOM ALA          26       6.415      24.877
UATOM LEU          27      22.723      51.000
UATOM THR          28      18.249      33.307
UATOM GLY          29       2.933      12.111
UATOM THR          30      18.221      33.369
UATOM TYR          31      38.681      36.063
UATOM GLU          32      23.636      21.109
UATOM SER          33       9.999      19.856
UATOM ALA          34       6.139      25.244
UATOM VAL          35      16.100      43.477
UATOM GLY          36       2.550      11.969
UATOM ASN          37      20.175      25.889
UATOM ALA          38       6.514      24.287
UATOM GLU          39      23.553      21.935
UATOM SER          40      11.176      21.240
UATOM ARG          41      40.115      54.734
UATOM TYR          42      40.264      36.701
UATOM VAL          43      18.369      43.167
UATOM LEU          44      24.126      50.565
UATOM THR          45      17.968      33.521
UATOM GLY          46       2.670      12.639
UATOM ARG          47      42.420      54.831
UATOM TYR          48      39.870      36.335
UATOM ASP          49      21.916      15.855
UATOM SER          50      11.586      21.703
UATOM ALA          51       6.595      22.983
UATOM PRO          52      12.649      26.459
UATOM ALA          53       6.581      24.590
UATOM THR          54      17.973      34.060
UATOM ASP          55      18.754      14.691
UATOM GLY          56       2.591      13.263
UATOM SER          57      11.641      19.532
UATOM GLY          58       2.444      12.362
UATOM THR          59      18.694      33.494
UATOM ALA          60       7.042      25.468
UATOM LEU          61      23.783      50.125
UATOM GLY          62       2.688      13.055
UATOM TRP          63      46.247      38.977
UATOM THR          64      18.955      31.786
UATOM VAL          65      18.336      43.030
UATOM ALA          66       6.708      25.131
UATOM TRP          67      44.763      39.167
UATOM LYS          68      28.140      51.468
UATOM ASN          69      21.852      25.482
UATOM ASN          70      20.053      25.197
UATOM TYR          71      37.987      35.446
UATOM ARG          72      37.749      54.782
UATOM ASN          73      21.985      25.193
UATOM ALA          74       6.417      24.267
UATOM HID          75      27.044      28.300
UATOM SER          76      11.351      21.597
UATOM ALA          77       6.566      25.491
UATOM THR          78      18.424      34.452
UATOM THR          79      17.889      35.628
UATOM TRP          80      46.261      40.042
UATOM SER          81      11.769      21.302
UATOM GLY          82       2.642      12.842
UATOM GLN          83      29.484      32.874
UATOM TYR          84      38.568      36.370
UATOM VAL          85      18.486      42.923
UATOM GLY          86       2.333      12.397
UATOM GLY          87       2.239      12.273
UATOM ALA          88       6.332      25.311
UATOM GLU          89      23.079      21.816
UATOM ALA          90       6.491      25.396
UATOM ARG          91      41.977      55.784
UATOM ILE          92      24.795      50.575
UATOM ASN          93      22.408      26.418
UATOM THR          94      19.004      33.465
UATOM GLN          95      28.032      34.235
UATOM TRP          96      44.541      38.603
UATOM LEU          97      24.308      51.173
UATOM LEU          98      24.513      52.438
UATOM THR          99      19.050      34.284
UATOM SER         100      11.304      20.715
UATOM GLY         101       2.477      12.590
UATOM THR         102      18.658      35.254
UATOM THR         103      18.699      35.121
UATOM GLU         104      23.937      22.178
UATOM ALA         105       6.859      25.335
UATOM ASN         106      22.419      26.755
UATOM ALA         107       6.659      25.786
UATOM TRP         108      44.570      37.341
UATOM LYS         109      27.988      51.646
UATOM SER         110      11.274      21.359
UATOM THR         111      18.586      35.440
UATOM LEU         112      24.791      49.822
UATOM VAL         113      18.088      43.050
UATOM GLY         114       2.673      12.457
UATOM HID         115      26.274      28.591
UATOM ASP         116      20.193      15.203
UATOM THR         117      18.991      33.650
UATOM PHE         118      31.295      34.264
UATOM THR         119      18.280      33.417
UATOM LYS         120      28.335      51.294
UATOM VAL         121      16.945      43.098
UATOM LYS         122      26.047      51.979
UATOM PRO         123      11.540      26.424
UATOM SER         124      10.628      20.875
UATOM ALA         125       5.875      22.941
UATOM ALA         126       5.761      24.810
UATOM CSER        127      15.974      21.472
____________________________________________________________
Total Entropy FF (UA level) :        2333.338 J/mol/K
Total Entropy TT (UA level) :        3872.526 J/mol/K
------------------------------------------------------------
____________________________________________________________
Total Entropy                            :        6205.864
------------------------------------------------------------
