------------------------------------------------------------
            Hierarchy level. --> United Atom <--            
------------------------------------------------------------
      RESNAME   RESID  FF_ENTROPY  TT_ENTROPY
UATOM NALA          1       9.180      37.899
UATOM GLU           2      22.049      21.571
UATOM ALA           3       5.766      25.353
UATOM GLY           4       2.600      12.873
UATOM ILE           5      22.917      51.015
UATOM THR           6      17.664      33.122
UATOM GLY           7       2.719      12.615
UATOM THR           8      18.541      33.959
UATOM TRP           9      39.801      38.702
UATOM TYR          10      35.970      35.600
UATOM ALA          11       5.959      25.488
UATOM GLN          12      25.055      32.106
UATOM LEU          13      22.047      50.596
UATOM GLY          14       2.338      11.975
UATOM SER          15      10.366      19.859
UATOM THR          16      17.531      33.538
UATOM PHE          17      28.119      34.204
UATOM ILE          18      22.478      51.149
UATOM VAL          19      17.101      42.884
UATOM THR          20      18.005      34.547
UATOM ALA          21       6.097      25.876
UATOM GLY          22       2.355      12.282
UATOM ALA          23       5.827      24.628
UATOM ASP          24      17.139      14.088
UATOM GLY          25       2.459      11.730
UATOM ALA          26       6.264      25.278
UATOM LEU          27      23.531      52.340
UATOM THR          28      17.530      34.759
UATOM GLY          29       2.743      12.688
UATOM THR          30      17.861      33.631
UATOM TYR          31      35.713      35.781
UATOM GLU          32      22.211      21.719
UATOM SER          33      10.199      20.290
UATOM ALA          34       6.114      24.922
UATOM VAL          35      16.594      44.261
UATOM GLY          36       2.263      11.478
UATOM ASN          37      18.716      25.463
UATOM ALA          38       5.831      24.801
UATOM GLU          39      22.503      21.993
UATOM SER          40      10.446      20.639
UATOM ARG          41      38.429      55.938
UATOM TYR          42      36.168      36.273
UATOM VAL          43      17.574      44.320
UATOM LEU          44      23.476      50.794
UATOM THR          45      17.552      33.980
UATOM GLY          46       2.597      11.964
UATOM ARG          47      39.544      55.775
UATOM TYR          48      36.007      35.750
UATOM ASP          49      20.423      14.589
UATOM SER          50      10.615      20.792
UATOM ALA          51       6.002      24.552
UATOM PRO          52      11.350      26.676
UATOM ALA          53       5.590      24.712
UATOM THR          54      16.807      33.586
UATOM ASP          55      17.126      14.384
UATOM GLY          56       2.125      11.962
UATOM SER          57       9.926      20.082
UATOM GLY          58       2.305      11.869
UATOM THR          59      17.649      33.827
UATOM ALA          60       6.387      25.514
UATOM LEU          61      22.538      50.350
UATOM GLY          62       2.471      11.932
UATOM TRP          63      41.127      38.316
UATOM THR          64      18.083      31.849
UATOM VAL          65      17.207      42.157
UATOM ALA          66       5.983      23.745
UATOM TRP          67      41.139      38.048
UATOM LYS          68      26.258      51.214
UATOM ASN          69      20.318      26.137
UATOM ASN          70      19.070      26.514
UATOM TYR          71      32.363      35.214
UATOM ARG          72      36.556      54.530
UATOM ASN          73      20.394      25.172
UATOM ALA          74       5.745      24.384
UATOM HID          75      24.121      27.598
UATOM SER          76      10.173      20.924
UATOM ALA          77       5.766      24.308
UATOM THR          78      17.312      32.560
UATOM THR          79      18.056      33.291
UATOM TRP          80      40.545      38.593
UATOM SER          81      11.055      20.312
UATOM GLY          82       2.711      12.178
UATOM GLN          83      27.035      32.557
UATOM TYR          84      36.306      35.795
UATOM VAL          85      16.860      43.258
UATOM GLY          86       2.300      11.723
UATOM GLY          87       2.131      11.882
UATOM ALA          88       5.471      25.040
UATOM GLU          89      22.694      21.580
UATOM ALA          90       5.961      25.520
UATOM ARG          91      39.236      53.857
UATOM ILE          92      23.297      49.771
UATOM ASN          93      20.396      25.568
UATOM THR          94      17.532      32.409
UATOM GLN          95      27.669      33.056
UATOM TRP          96      41.934      38.795
UATOM LEU          97      24.355      50.848
UATOM LEU          98      22.584      51.705
UATOM THR          99      18.056      34.078
UATOM SER         100       9.884      20.348
UATOM GLY         101       2.358      11.882
UATOM THR         102      17.660      33.782
UATOM THR         103      18.372      35.136
UATOM GLU         104      22.483      21.849
UATOM ALA         105       5.908      24.899
UATOM ASN         106      20.358      25.920
UATOM ALA         107       6.060      25.482
UATOM TRP         108      40.953      39.541
UATOM LYS         109      25.619      52.222
UATOM SER         110      10.508      22.045
UATOM THR         111      17.537      35.696
UATOM LEU         112      22.658      49.968
UATOM VAL         113      16.910      42.934
UATOM GLY         114       2.578      11.662
UATOM HID         115      23.616      27.148
UATOM ASP         116      19.393      14.496
UATOM THR         117      18.375      33.858
UATOM PHE         118      28.793      34.470
UATOM THR         119      16.935      33.167
UATOM LYS         120      26.180      51.591
UATOM VAL         121      16.036      43.636
UATOM LYS         122      25.788      51.728
UATOM PRO         123      10.582      26.290
UATOM SER         124       9.454      20.030
UATOM ALA         125       5.428      24.709
UATOM ALA         126       5.123      24.586
UATOM CSER        127      14.337      19.762
____________________________________________________________
Total Entropy FF (UA level) :        2188.952 J/mol/K
Total Entropy TT (UA level) :        3850.642 J/mol/K
------------------------------------------------------------
____________________________________________________________
Total Entropy                            :        6039.595
------------------------------------------------------------
