------------------------------------------------------------
            Hierarchy level. --> United Atom <--            
------------------------------------------------------------
      RESNAME   RESID  FF_ENTROPY  TT_ENTROPY
UATOM NALA          1       9.161      38.227
UATOM GLU           2      21.377      20.912
UATOM ALA           3       5.278      24.282
UATOM GLY           4       2.127      11.735
UATOM ILE           5      21.075      50.256
UATOM THR           6      16.425      32.850
UATOM GLY           7       2.218      11.509
UATOM THR           8      16.317      32.428
UATOM TRP           9      35.930      37.046
UATOM TYR          10      31.511      34.848
UATOM ALA          11       5.408      22.593
UATOM GLN          12      23.315      32.003
UATOM LEU          13      21.242      49.611
UATOM GLY          14       2.242      11.180
UATOM SER          15       9.691      20.195
UATOM THR          16      16.493      32.419
UATOM PHE          17      24.765      32.627
UATOM ILE          18      21.723      50.281
UATOM VAL          19      15.995      42.545
UATOM THR          20      16.344      33.104
UATOM ALA          21       5.396      24.523
UATOM GLY          22       2.256      11.197
UATOM ALA          23       5.418      24.448
UATOM ASP          24      16.429      14.336
UATOM GLY          25       2.333      11.222
UATOM ALA          26       5.336      24.042
UATOM LEU          27      21.155      50.057
UATOM THR          28      16.590      32.689
UATOM GLY          29       2.250      11.713
UATOM THR          30      16.804      32.792
UATOM TYR          31      31.131      34.780
UATOM GLU          32      22.555      20.755
UATOM SER          33       9.617      20.258
UATOM ALA          34       5.243      24.456
UATOM VAL          35      15.508      42.756
UATOM GLY          36       2.208      11.737
UATOM ASN          37      17.841      25.019
UATOM ALA          38       5.205      24.582
UATOM GLU          39      21.575      21.307
UATOM SER          40       9.731      20.099
UATOM ARG          41      34.808      53.401
UATOM TYR          42      31.655      34.749
UATOM VAL          43      16.443      43.251
UATOM LEU          44      20.925      48.446
UATOM THR          45      16.449      33.242
UATOM GLY          46       2.170      10.939
UATOM ARG          47      36.069      52.481
UATOM TYR          48      31.245      34.209
UATOM ASP          49      16.722      14.076
UATOM SER          50       9.959      20.383
UATOM ALA          51       5.417      23.854
UATOM PRO          52      10.308      26.017
UATOM ALA          53       5.284      24.505
UATOM THR          54      16.467      33.450
UATOM ASP          55      16.403      14.305
UATOM GLY          56       2.173      11.347
UATOM SER          57       9.440      19.414
UATOM GLY          58       2.192      11.405
UATOM THR          59      16.662      33.203
UATOM ALA          60       5.528      25.421
UATOM LEU          61      21.437      48.344
UATOM GLY          62       2.233      11.165
UATOM TRP          63      35.532      37.561
UATOM THR          64      16.630      30.515
UATOM VAL          65      15.983      41.538
UATOM ALA          66       5.395      24.173
UATOM TRP          67      36.032      35.870
UATOM LYS          68      24.624      51.209
UATOM ASN          69      18.417      24.886
UATOM ASN          70      17.868      25.258
UATOM TYR          71      31.760      35.145
UATOM ARG          72      35.052      54.462
UATOM ASN          73      18.461      24.235
UATOM ALA          74       5.381      24.713
UATOM HID          75      20.504      25.532
UATOM SER          76       9.636      19.913
UATOM ALA          77       5.406      24.339
UATOM THR          78      17.005      31.724
UATOM THR          79      16.452      33.539
UATOM TRP          80      36.538      36.533
UATOM SER          81       9.613      20.020
UATOM GLY          82       2.251      11.439
UATOM GLN          83      23.657      32.068
UATOM TYR          84      31.953      35.563
UATOM VAL          85      15.894      42.553
UATOM GLY          86       2.269      12.048
UATOM GLY          87       2.137      11.392
UATOM ALA          88       5.476      24.869
UATOM GLU          89      21.596      21.068
UATOM ALA          90       5.387      24.124
UATOM ARG          91      34.991      53.058
UATOM ILE          92      21.117      50.052
UATOM ASN          93      18.679      25.447
UATOM THR          94      16.742      32.272
UATOM GLN          95      24.751      32.103
UATOM TRP          96      35.696      36.584
UATOM LEU          97      21.702      49.814
UATOM LEU          98      21.189      50.289
UATOM THR          99      16.472      32.905
UATOM SER         100       9.775      19.634
UATOM GLY         101       2.098      11.828
UATOM THR         102      16.321      33.499
UATOM THR         103      16.713      34.364
UATOM GLU         104      22.090      21.147
UATOM ALA         105       5.434      25.004
UATOM ASN         106      18.543      25.273
UATOM ALA         107       5.301      24.885
UATOM TRP         108      35.528      37.180
UATOM LYS         109      25.115      51.130
UATOM SER         110      10.054      20.787
UATOM THR         111      16.673      33.417
UATOM LEU         112      21.236      48.223
UATOM VAL         113      15.799      41.882
UATOM GLY         114       2.244      11.590
UATOM HID         115      21.423      26.928
UATOM ASP         116      16.894      14.719
UATOM THR         117      16.529      33.624
UATOM PHE         118      24.639      33.564
UATOM THR         119      16.384      33.137
UATOM LYS         120      24.798      50.907
UATOM VAL         121      16.138      42.251
UATOM LYS         122      24.418      50.623
UATOM PRO         123      10.910      26.229
UATOM SER         124       9.810      20.309
UATOM ALA         125       5.273      25.205
UATOM ALA         126       5.354      23.423
UATOM CSER        127      14.658      20.461
____________________________________________________________
Total Entropy FF (UA level) :        2011.608 J/mol/K
Total Entropy TT (UA level) :        3751.062 J/mol/K
------------------------------------------------------------
____________________________________________________________
Total Entropy                            :        5762.670
------------------------------------------------------------
