------------------------------------------------------------
            Hierarchy level. --> United Atom <--            
------------------------------------------------------------
      RESNAME   RESID  FF_ENTROPY  TT_ENTROPY
UATOM NALA          1       9.082      38.050
UATOM GLU           2      22.098      20.886
UATOM ALA           3       5.440      24.471
UATOM GLY           4       2.287      11.798
UATOM ILE           5      21.850      51.510
UATOM THR           6      18.039      33.097
UATOM GLY           7       2.404      11.347
UATOM THR           8      16.797      33.127
UATOM TRP           9      37.342      35.946
UATOM TYR          10      34.620      34.838
UATOM ALA          11       5.710      24.819
UATOM GLN          12      23.668      32.534
UATOM LEU          13      20.803      50.120
UATOM GLY          14       2.258      11.456
UATOM SER          15       9.395      19.950
UATOM THR          16      16.858      32.937
UATOM PHE          17      26.351      32.621
UATOM ILE          18      22.091      50.187
UATOM VAL          19      16.565      41.633
UATOM THR          20      17.245      33.371
UATOM ALA          21       5.404      25.109
UATOM GLY          22       2.297      11.731
UATOM ALA          23       6.090      24.970
UATOM ASP          24      16.497      14.675
UATOM GLY          25       2.383      11.963
UATOM ALA          26       6.014      23.717
UATOM LEU          27      21.800      50.250
UATOM THR          28      17.047      33.508
UATOM GLY          29       2.342      11.677
UATOM THR          30      17.067      32.835
UATOM TYR          31      32.643      35.116
UATOM GLU          32      22.168      21.052
UATOM SER          33      10.267      19.736
UATOM ALA          34       5.316      24.945
UATOM VAL          35      16.108      43.073
UATOM GLY          36       2.422      11.729
UATOM ASN          37      18.217      25.485
UATOM ALA          38       5.356      23.824
UATOM GLU          39      22.225      21.246
UATOM SER          40       9.872      20.370
UATOM ARG          41      36.222      53.669
UATOM TYR          42      32.644      35.084
UATOM VAL          43      16.607      43.063
UATOM LEU          44      22.350      49.583
UATOM THR          45      17.088      33.379
UATOM GLY          46       2.760      11.892
UATOM ARG          47      38.317      54.390
UATOM TYR          48      33.214      33.986
UATOM ASP          49      18.655      14.349
UATOM SER          50      10.107      20.263
UATOM ALA          51       5.590      22.871
UATOM PRO          52      10.538      26.362
UATOM ALA          53       5.448      24.345
UATOM THR          54      16.592      33.237
UATOM ASP          55      16.978      14.681
UATOM GLY          56       2.187      11.647
UATOM SER          57      10.627      19.537
UATOM GLY          58       2.165      11.373
UATOM THR          59      17.061      32.719
UATOM ALA          60       5.618      25.218
UATOM LEU          61      22.348      48.717
UATOM GLY          62       2.681      11.525
UATOM TRP          63      38.387      36.930
UATOM THR          64      16.626      30.645
UATOM VAL          65      16.357      41.776
UATOM ALA          66       5.563      23.942
UATOM TRP          67      37.226      37.529
UATOM LYS          68      25.015      50.933
UATOM ASN          69      19.368      25.466
UATOM ASN          70      18.373      25.247
UATOM TYR          71      31.392      35.180
UATOM ARG          72      34.914      54.290
UATOM ASN          73      19.156      24.998
UATOM ALA          74       5.456      24.457
UATOM HID          75      22.229      25.866
UATOM SER          76      10.276      20.169
UATOM ALA          77       5.984      24.070
UATOM THR          78      16.756      31.819
UATOM THR          79      16.431      32.453
UATOM TRP          80      37.253      36.178
UATOM SER          81      10.233      19.417
UATOM GLY          82       2.467      11.165
UATOM GLN          83      25.323      31.749
UATOM TYR          84      33.036      35.346
UATOM VAL          85      16.392      43.066
UATOM GLY          86       2.098      11.926
UATOM GLY          87       2.361      11.704
UATOM ALA          88       6.006      24.833
UATOM GLU          89      22.587      21.340
UATOM ALA          90       5.941      24.600
UATOM ARG          91      36.083      53.910
UATOM ILE          92      21.593      49.985
UATOM ASN          93      20.231      25.542
UATOM THR          94      16.570      32.797
UATOM GLN          95      25.909      33.221
UATOM TRP          96      36.962      35.667
UATOM LEU          97      22.278      49.098
UATOM LEU          98      23.159      49.990
UATOM THR          99      17.173      33.374
UATOM SER         100      10.717      19.967
UATOM GLY         101       2.321      11.810
UATOM THR         102      17.216      33.445
UATOM THR         103      16.667      34.118
UATOM GLU         104      22.535      21.336
UATOM ALA         105       5.522      24.844
UATOM ASN         106      18.498      25.629
UATOM ALA         107       5.613      24.862
UATOM TRP         108      35.940      38.144
UATOM LYS         109      25.139      50.722
UATOM SER         110      10.047      20.882
UATOM THR         111      17.618      33.702
UATOM LEU         112      21.651      48.885
UATOM VAL         113      15.556      41.462
UATOM GLY         114       2.501      11.768
UATOM HID         115      22.679      26.578
UATOM ASP         116      17.849      14.414
UATOM THR         117      17.502      33.435
UATOM PHE         118      26.183      33.685
UATOM THR         119      16.330      33.681
UATOM LYS         120      26.335      51.876
UATOM VAL         121      16.271      43.099
UATOM LYS         122      25.964      51.259
UATOM PRO         123      10.699      26.420
UATOM SER         124       9.754      20.419
UATOM ALA         125       5.363      24.431
UATOM ALA         126       5.177      24.467
UATOM CSER        127      14.170      19.766
____________________________________________________________
Total Entropy FF (UA level) :        2083.218 J/mol/K
Total Entropy TT (UA level) :        3769.382 J/mol/K
------------------------------------------------------------
____________________________________________________________
Total Entropy                            :        5852.600
------------------------------------------------------------
