------------------------------------------------------------
            Hierarchy level. --> United Atom <--            
------------------------------------------------------------
      RESNAME   RESID  FF_ENTROPY  TT_ENTROPY
UATOM NALA          1       8.944      38.089
UATOM GLU           2      21.276      20.900
UATOM ALA           3       5.305      24.390
UATOM GLY           4       2.240      11.717
UATOM ILE           5      22.134      50.794
UATOM THR           6      16.941      33.282
UATOM GLY           7       2.289      11.392
UATOM THR           8      16.453      32.805
UATOM TRP           9      37.295      36.255
UATOM TYR          10      31.988      34.667
UATOM ALA          11       5.384      24.095
UATOM GLN          12      23.417      32.021
UATOM LEU          13      21.042      50.267
UATOM GLY          14       2.277      11.556
UATOM SER          15       9.591      19.915
UATOM THR          16      16.931      32.957
UATOM PHE          17      25.147      32.368
UATOM ILE          18      21.637      50.576
UATOM VAL          19      15.874      41.326
UATOM THR          20      16.721      33.312
UATOM ALA          21       5.403      25.451
UATOM GLY          22       2.186      11.691
UATOM ALA          23       5.683      24.548
UATOM ASP          24      16.969      14.240
UATOM GLY          25       2.254      11.460
UATOM ALA          26       5.628      23.641
UATOM LEU          27      21.309      49.416
UATOM THR          28      16.715      32.904
UATOM GLY          29       2.365      11.175
UATOM THR          30      16.483      32.949
UATOM TYR          31      33.538      35.115
UATOM GLU          32      22.407      21.067
UATOM SER          33       9.654      20.334
UATOM ALA          34       5.235      24.708
UATOM VAL          35      15.997      43.171
UATOM GLY          36       2.203      11.712
UATOM ASN          37      18.217      24.391
UATOM ALA          38       5.639      24.596
UATOM GLU          39      22.047      21.436
UATOM SER          40       9.490      19.807
UATOM ARG          41      34.869      54.339
UATOM TYR          42      31.429      34.615
UATOM VAL          43      15.992      43.129
UATOM LEU          44      21.156      49.134
UATOM THR          45      16.687      33.782
UATOM GLY          46       2.538      11.297
UATOM ARG          47      36.603      52.407
UATOM TYR          48      31.647      34.589
UATOM ASP          49      18.069      14.101
UATOM SER          50       9.824      19.799
UATOM ALA          51       5.309      23.750
UATOM PRO          52      10.661      26.084
UATOM ALA          53       5.254      24.274
UATOM THR          54      16.756      33.204
UATOM ASP          55      16.789      14.407
UATOM GLY          56       2.183      11.294
UATOM SER          57       9.616      19.505
UATOM GLY          58       2.159      11.305
UATOM THR          59      17.090      32.619
UATOM ALA          60       5.865      25.094
UATOM LEU          61      21.450      48.014
UATOM GLY          62       2.393      11.099
UATOM TRP          63      36.337      36.870
UATOM THR          64      16.461      32.280
UATOM VAL          65      16.107      41.706
UATOM ALA          66       5.469      23.933
UATOM TRP          67      35.574      35.922
UATOM LYS          68      25.405      50.260
UATOM ASN          69      18.465      25.307
UATOM ASN          70      17.736      25.619
UATOM TYR          71      31.468      35.116
UATOM ARG          72      34.469      53.800
UATOM ASN          73      18.492      24.812
UATOM ALA          74       5.332      24.050
UATOM HID          75      21.655      25.765
UATOM SER          76       9.616      19.786
UATOM ALA          77       5.457      23.617
UATOM THR          78      16.564      31.759
UATOM THR          79      16.683      32.914
UATOM TRP          80      36.247      35.949
UATOM SER          81      10.235      20.416
UATOM GLY          82       2.262      10.820
UATOM GLN          83      24.707      31.481
UATOM TYR          84      32.510      35.170
UATOM VAL          85      15.774      42.402
UATOM GLY          86       2.243      11.206
UATOM GLY          87       2.220      11.409
UATOM ALA          88       5.368      24.808
UATOM GLU          89      21.920      21.045
UATOM ALA          90       5.583      24.216
UATOM ARG          91      35.820      53.627
UATOM ILE          92      21.936      49.581
UATOM ASN          93      18.302      25.015
UATOM THR          94      17.195      31.863
UATOM GLN          95      24.921      33.040
UATOM TRP          96      36.211      35.651
UATOM LEU          97      21.451      49.584
UATOM LEU          98      21.502      50.053
UATOM THR          99      17.062      32.660
UATOM SER         100       9.747      19.833
UATOM GLY         101       2.120      11.370
UATOM THR         102      16.779      33.174
UATOM THR         103      16.578      33.970
UATOM GLU         104      22.170      21.201
UATOM ALA         105       5.729      24.848
UATOM ASN         106      18.411      24.805
UATOM ALA         107       5.417      24.884
UATOM TRP         108      34.948      36.906
UATOM LYS         109      24.846      51.365
UATOM SER         110       9.612      20.311
UATOM THR         111      16.816      32.704
UATOM LEU         112      21.422      48.659
UATOM VAL         113      15.860      41.921
UATOM GLY         114       2.438      11.428
UATOM HID         115      22.615      26.152
UATOM ASP         116      16.867      14.035
UATOM THR         117      17.151      32.850
UATOM PHE         118      25.658      32.691
UATOM THR         119      16.877      33.580
UATOM LYS         120      25.091      51.752
UATOM VAL         121      15.745      43.107
UATOM LYS         122      23.937      50.770
UATOM PRO         123      10.412      26.461
UATOM SER         124       9.480      19.853
UATOM ALA         125       5.065      24.404
UATOM ALA         126       5.083      24.627
UATOM CSER        127      13.768      19.868
____________________________________________________________
Total Entropy FF (UA level) :        2032.048 J/mol/K
Total Entropy TT (UA level) :        3745.384 J/mol/K
------------------------------------------------------------
____________________________________________________________
Total Entropy                            :        5777.433
------------------------------------------------------------
