RESNAME,RESID,FF_ENTROPY(J/mol/K),TT_ENTROPY(J/mol/K)
NALA,1,9.457109113677815,38.36197229348387
GLU,2,25.149343246738294,22.529341652572455
ALA,3,7.035679592950255,24.969812756944005
GLY,4,3.0539289414919906,14.03110460277341
ILE,5,27.052207102296872,54.7034798534843
THR,6,21.615219176221288,34.985233866710715
GLY,7,2.6869649019172814,13.566085271119594
THR,8,21.415245460595536,34.18180669725521
TRP,9,54.99475838855366,42.565163249271116
TYR,10,46.03455603849184,37.082825638034834
ALA,11,7.273655075772809,24.501951567737436
GLN,12,26.499314047431014,32.842891858211026
LEU,13,23.664234617821474,52.097880588509426
GLY,14,2.848737113670522,12.197784953903447
SER,15,12.421438111282082,22.054056804078183
THR,16,20.612606851379113,36.5867954713615
PHE,17,37.92038256788739,36.5818231744744
ILE,18,25.789523294486894,53.43864956055638
VAL,19,20.40176635516146,43.74512451386562
THR,20,21.283275841004322,35.37513780173883
ALA,21,7.645132122438892,27.03754803638609
GLY,22,2.5075127526622993,13.122447228973925
ALA,23,6.896500859847827,26.645029580134658
ASP,24,18.380575746807857,14.389879560779493
GLY,25,3.0135301960467453,13.601573421851404
ALA,26,7.398862518837059,25.58276196188403
LEU,27,27.769409369198538,52.423985094413126
THR,28,20.205483344345488,35.60049234268085
GLY,29,2.6883821616456562,13.38182214211551
THR,30,20.98503411155865,35.40607991099673
TYR,31,46.72466867337368,38.32752483342425
GLU,32,27.99914367621933,22.75060488740057
SER,33,12.62807385584122,21.46969304446522
ALA,34,6.718707023517541,26.38100903099365
VAL,35,19.064461307271692,42.55263876395589
GLY,36,2.242658123952395,13.558533328952603
ASN,37,20.42211702412017,26.391899868800866
ALA,38,6.612349866168855,24.57894670554556
GLU,39,25.565733247223356,21.937992784202713
SER,40,11.596449086867308,20.34725132229481
ARG,41,45.42690488084349,56.7915653296783
TYR,42,45.55810571368393,39.06498745054624
VAL,43,19.63111862239076,44.999457237278705
LEU,44,25.0821828341769,52.49019264823204
THR,45,20.37188756863841,35.385157315872476
GLY,46,2.6884293341301024,13.932108811749561
ARG,47,50.18080428054214,59.75700310284807
TYR,48,47.414891571464715,39.938942716552305
ASP,49,25.45722136320517,16.380507968990504
SER,50,12.585796885693384,22.338103498194368
ALA,51,7.3182285442616015,24.35483151556284
PRO,52,14.233782615766556,27.006281557389478
ALA,53,7.193035470364673,26.26683427411093
THR,54,19.542278735993232,35.46057922099573
ASP,55,21.34214606043147,15.022464932821439
GLY,56,2.9378427797147917,13.100624063093798
SER,57,12.541060796678282,21.000186000004017
GLY,58,2.654666418265661,13.427200173838289
THR,59,20.616761684486843,34.26289998195559
ALA,60,7.374522059817875,26.67445558102511
LEU,61,25.582875048084873,51.35998379838307
GLY,62,2.911508776036495,14.170165621310135
TRP,63,54.21916604705824,42.867774524629645
THR,64,21.74585526092472,35.61520342700451
VAL,65,20.42989754810434,43.265803223226
ALA,66,7.652890654600055,26.561156463557875
TRP,67,54.87783853929255,41.93185581003204
LYS,68,30.71377021022176,52.52857991859644
ASN,69,21.218884512055737,27.3842814590135
ASN,70,20.96130990131392,27.780329100037857
TYR,71,36.214511945165555,36.9379325583702
ARG,72,38.82268911575383,55.71525206257306
ASN,73,24.946966610495764,26.70257060880484
ALA,74,7.352328337064328,25.712812453307418
HID,75,32.33247510541546,31.252422487523273
SER,76,11.749312316611556,21.778161628472915
ALA,77,7.381175028482594,26.210959351828173
THR,78,21.9801514301981,35.63010057307012
THR,79,21.94362509082429,36.55599594044201
TRP,80,55.29331126772158,43.273615682533645
SER,81,12.287883284362133,22.72963608566123
GLY,82,2.863115809170847,13.708995238677984
GLN,83,31.747137209388153,35.1980537652327
TYR,84,46.86876729500964,39.04237918220524
VAL,85,19.501605158080448,43.43735291162594
GLY,86,2.4534037707032352,13.248587846273193
GLY,87,2.4296078731463737,13.076499012957346
ALA,88,6.765504826633922,25.910906222674427
GLU,89,23.66705672821927,22.035978156830385
ALA,90,7.403663112135188,26.204376128998756
ARG,91,41.37018145517757,53.38492487766317
ILE,92,26.69880295103369,51.63859623377904
ASN,93,22.31215248202205,26.124122581767264
THR,94,19.789829413568203,34.90557090249286
GLN,95,28.548957002181684,35.54426382499547
TRP,96,55.649361032161764,43.13185739383081
LEU,97,28.12686253189916,52.25632705654286
LEU,98,27.406817303592202,52.15352306266016
THR,99,21.29784845045937,37.996074669753156
SER,100,12.188569678330056,21.795210093039287
GLY,101,2.600462826229423,13.845328020796082
THR,102,20.275915203693042,36.429170454313194
THR,103,20.441798496001454,36.91006326762227
GLU,104,26.20727972164458,23.32002585053713
ALA,105,7.187842738233998,25.45641474236303
ASN,106,23.79026530598662,27.78437022061797
ALA,107,7.349208817480937,26.76268914296034
TRP,108,52.50255179567227,41.15508735535831
LYS,109,31.72247535309069,53.874939229937205
SER,110,13.189396919062384,24.569181968976345
THR,111,20.952472337687333,36.63284162053368
LEU,112,27.08384111194358,51.260301834324906
VAL,113,19.23331243782692,42.64895581120153
GLY,114,2.6475461967227285,13.678914165133353
HID,115,32.21252816411021,31.146737904120922
ASP,116,23.51254424568283,16.196307106104168
THR,117,20.619720407017862,34.65320202916455
PHE,118,36.46798588534584,37.64481039325326
THR,119,20.038252836765594,33.72853516302402
LYS,120,29.708345935803315,53.72565196807409
VAL,121,17.652822222643838,45.27294225597389
LYS,122,28.79337118535124,53.98258977798809
PRO,123,12.664855404080804,26.83160658234223
SER,124,10.567692512892224,20.41096587674725
ALA,125,5.6593241730333,23.909523079968597
ALA,126,5.191219607261675,24.80138672332944
CSER,127,13.981847043826166,20.04555930793597
