------------------------------------------------------------
            Hierarchy level. --> United Atom <--            
------------------------------------------------------------
      RESNAME   RESID  FF_ENTROPY  TT_ENTROPY
UATOM NALA          1       9.150      37.891
UATOM GLU           2      22.626      21.037
UATOM ALA           3       5.798      24.279
UATOM GLY           4       2.259      11.597
UATOM ILE           5      21.962      50.929
UATOM THR           6      17.561      33.533
UATOM GLY           7       2.435      11.186
UATOM THR           8      17.281      32.104
UATOM TRP           9      41.253      37.448
UATOM TYR          10      33.961      34.662
UATOM ALA          11       5.990      24.018
UATOM GLN          12      24.093      32.336
UATOM LEU          13      21.420      49.985
UATOM GLY          14       2.124      11.518
UATOM SER          15       9.728      20.242
UATOM THR          16      17.245      33.305
UATOM PHE          17      25.477      33.112
UATOM ILE          18      21.833      50.479
UATOM VAL          19      16.267      42.363
UATOM THR          20      17.139      33.199
UATOM ALA          21       5.377      24.402
UATOM GLY          22       2.272      11.469
UATOM ALA          23       5.958      24.851
UATOM ASP          24      17.641      14.248
UATOM GLY          25       2.373      11.439
UATOM ALA          26       5.851      23.929
UATOM LEU          27      21.345      49.575
UATOM THR          28      17.029      32.775
UATOM GLY          29       2.586      11.261
UATOM THR          30      16.826      32.615
UATOM TYR          31      33.891      35.194
UATOM GLU          32      21.930      20.821
UATOM SER          33       9.486      20.129
UATOM ALA          34       5.200      24.784
UATOM VAL          35      16.419      43.480
UATOM GLY          36       2.267      11.823
UATOM ASN          37      18.487      25.109
UATOM ALA          38       5.465      24.694
UATOM GLU          39      22.333      21.673
UATOM SER          40       9.891      19.931
UATOM ARG          41      36.363      53.887
UATOM TYR          42      33.618      35.142
UATOM VAL          43      17.134      42.185
UATOM LEU          44      21.683      49.470
UATOM THR          45      17.120      33.358
UATOM GLY          46       2.605      11.866
UATOM ARG          47      38.912      53.511
UATOM TYR          48      34.199      35.345
UATOM ASP          49      19.102      14.928
UATOM SER          50      10.267      20.445
UATOM ALA          51       5.475      23.842
UATOM PRO          52      11.041      26.120
UATOM ALA          53       5.480      24.435
UATOM THR          54      16.595      32.996
UATOM ASP          55      16.641      14.304
UATOM GLY          56       2.115      11.667
UATOM SER          57      10.141      20.398
UATOM GLY          58       2.337      11.743
UATOM THR          59      17.285      32.262
UATOM ALA          60       6.277      24.953
UATOM LEU          61      22.171      49.651
UATOM GLY          62       2.662      12.044
UATOM TRP          63      38.943      38.233
UATOM THR          64      17.212      31.898
UATOM VAL          65      16.342      42.347
UATOM ALA          66       5.547      24.078
UATOM TRP          67      36.846      36.173
UATOM LYS          68      25.962      51.477
UATOM ASN          69      18.791      25.019
UATOM ASN          70      18.310      25.370
UATOM TYR          71      32.431      34.866
UATOM ARG          72      35.356      54.067
UATOM ASN          73      19.246      24.580
UATOM ALA          74       5.431      24.806
UATOM HID          75      21.825      27.010
UATOM SER          76       9.659      19.984
UATOM ALA          77       5.523      24.000
UATOM THR          78      16.603      32.891
UATOM THR          79      16.962      32.104
UATOM TRP          80      39.303      37.255
UATOM SER          81      10.452      21.684
UATOM GLY          82       2.492      11.875
UATOM GLN          83      25.556      32.547
UATOM TYR          84      34.838      35.437
UATOM VAL          85      17.282      42.255
UATOM GLY          86       2.398      11.680
UATOM GLY          87       2.321      11.765
UATOM ALA          88       5.806      24.882
UATOM GLU          89      22.438      21.168
UATOM ALA          90       5.487      24.024
UATOM ARG          91      35.797      54.330
UATOM ILE          92      22.688      49.848
UATOM ASN          93      20.107      25.336
UATOM THR          94      17.462      32.546
UATOM GLN          95      25.519      32.873
UATOM TRP          96      39.525      36.880
UATOM LEU          97      22.065      49.714
UATOM LEU          98      22.263      50.527
UATOM THR          99      17.318      33.503
UATOM SER         100      10.238      20.196
UATOM GLY         101       2.192      11.878
UATOM THR         102      17.573      33.409
UATOM THR         103      16.833      33.930
UATOM GLU         104      23.398      21.613
UATOM ALA         105       6.181      24.659
UATOM ASN         106      19.959      25.218
UATOM ALA         107       5.871      24.859
UATOM TRP         108      39.762      37.412
UATOM LYS         109      26.231      51.181
UATOM SER         110      10.286      20.895
UATOM THR         111      16.939      33.760
UATOM LEU         112      22.162      48.888
UATOM VAL         113      16.974      42.266
UATOM GLY         114       2.474      11.958
UATOM HID         115      23.665      26.987
UATOM ASP         116      18.378      14.317
UATOM THR         117      17.670      33.926
UATOM PHE         118      27.125      32.784
UATOM THR         119      17.305      33.255
UATOM LYS         120      26.281      51.549
UATOM VAL         121      16.095      42.991
UATOM LYS         122      25.142      50.964
UATOM PRO         123      10.658      26.291
UATOM SER         124       9.580      20.049
UATOM ALA         125       5.300      24.361
UATOM ALA         126       5.193      24.317
UATOM CSER        127      14.117      19.765
____________________________________________________________
Total Entropy FF (UA level) :        2113.136 J/mol/K
Total Entropy TT (UA level) :        3776.688 J/mol/K
------------------------------------------------------------
____________________________________________________________
Total Entropy                            :        5889.824
------------------------------------------------------------
