------------------------------------------------------------
            Hierarchy level. --> United Atom <--            
------------------------------------------------------------
      RESNAME   RESID  FF_ENTROPY  TT_ENTROPY
UATOM NALA          1       8.857      38.239
UATOM GLU           2      21.672      21.197
UATOM ALA           3       5.366      24.228
UATOM GLY           4       2.208      11.479
UATOM ILE           5      22.764      50.681
UATOM THR           6      17.493      32.569
UATOM GLY           7       2.347      12.087
UATOM THR           8      17.516      32.979
UATOM TRP           9      38.184      37.204
UATOM TYR          10      34.508      34.513
UATOM ALA          11       5.569      24.519
UATOM GLN          12      23.824      31.880
UATOM LEU          13      20.982      50.281
UATOM GLY          14       2.261      11.340
UATOM SER          15      10.152      20.416
UATOM THR          16      17.176      32.668
UATOM PHE          17      26.723      32.885
UATOM ILE          18      21.788      50.542
UATOM VAL          19      16.774      41.475
UATOM THR          20      17.233      33.254
UATOM ALA          21       5.955      25.502
UATOM GLY          22       2.094      12.163
UATOM ALA          23       5.630      25.243
UATOM ASP          24      16.778      14.169
UATOM GLY          25       2.176      11.790
UATOM ALA          26       6.095      23.988
UATOM LEU          27      22.076      50.515
UATOM THR          28      16.715      33.466
UATOM GLY          29       2.556      11.999
UATOM THR          30      16.711      32.812
UATOM TYR          31      33.908      35.135
UATOM GLU          32      22.561      20.852
UATOM SER          33      10.124      20.477
UATOM ALA          34       5.596      24.621
UATOM VAL          35      15.915      43.210
UATOM GLY          36       2.351      11.147
UATOM ASN          37      18.221      24.268
UATOM ALA          38       5.677      24.324
UATOM GLU          39      22.752      21.129
UATOM SER          40       9.819      19.869
UATOM ARG          41      35.995      54.081
UATOM TYR          42      34.306      34.981
UATOM VAL          43      16.727      42.971
UATOM LEU          44      21.876      50.195
UATOM THR          45      17.102      33.385
UATOM GLY          46       2.587      12.287
UATOM ARG          47      38.396      53.849
UATOM TYR          48      33.773      34.930
UATOM ASP          49      19.308      14.401
UATOM SER          50      10.388      20.437
UATOM ALA          51       5.594      22.850
UATOM PRO          52      11.079      25.889
UATOM ALA          53       6.163      24.620
UATOM THR          54      17.041      33.681
UATOM ASP          55      17.431      14.328
UATOM GLY          56       2.170      12.508
UATOM SER          57      10.593      18.882
UATOM GLY          58       2.379      11.912
UATOM THR          59      17.106      32.652
UATOM ALA          60       5.794      25.426
UATOM LEU          61      21.983      50.025
UATOM GLY          62       2.423      11.838
UATOM TRP          63      38.004      37.496
UATOM THR          64      18.042      32.355
UATOM VAL          65      16.565      42.537
UATOM ALA          66       6.075      25.370
UATOM TRP          67      37.464      37.487
UATOM LYS          68      25.646      51.910
UATOM ASN          69      20.160      24.943
UATOM ASN          70      18.565      25.660
UATOM TYR          71      32.988      35.004
UATOM ARG          72      36.331      54.061
UATOM ASN          73      20.189      24.333
UATOM ALA          74       5.656      24.142
UATOM HID          75      22.612      26.457
UATOM SER          76      10.343      20.420
UATOM ALA          77       5.581      24.037
UATOM THR          78      17.028      32.851
UATOM THR          79      17.377      32.764
UATOM TRP          80      37.527      36.857
UATOM SER          81      10.332      21.162
UATOM GLY          82       2.891      11.316
UATOM GLN          83      26.126      32.192
UATOM TYR          84      33.952      33.842
UATOM VAL          85      16.761      42.118
UATOM GLY          86       2.261      11.791
UATOM GLY          87       2.240      11.922
UATOM ALA          88       5.936      24.598
UATOM GLU          89      22.499      21.535
UATOM ALA          90       5.729      24.067
UATOM ARG          91      36.691      53.825
UATOM ILE          92      22.069      49.980
UATOM ASN          93      19.171      25.282
UATOM THR          94      17.131      31.924
UATOM GLN          95      25.917      32.494
UATOM TRP          96      39.445      36.248
UATOM LEU          97      22.640      49.769
UATOM LEU          98      21.865      51.173
UATOM THR          99      18.016      33.209
UATOM SER         100      10.168      20.294
UATOM GLY         101       2.335      12.022
UATOM THR         102      17.111      34.221
UATOM THR         103      17.838      34.216
UATOM GLU         104      22.344      21.518
UATOM ALA         105       5.585      24.656
UATOM ASN         106      19.608      25.879
UATOM ALA         107       5.848      24.985
UATOM TRP         108      38.347      37.466
UATOM LYS         109      25.839      51.733
UATOM SER         110      10.660      20.909
UATOM THR         111      17.204      34.449
UATOM LEU         112      22.175      49.913
UATOM VAL         113      16.746      42.266
UATOM GLY         114       2.656      11.559
UATOM HID         115      23.513      26.221
UATOM ASP         116      18.499      14.339
UATOM THR         117      17.559      32.999
UATOM PHE         118      26.919      33.551
UATOM THR         119      17.300      33.482
UATOM LYS         120      25.667      51.774
UATOM VAL         121      15.745      43.604
UATOM LYS         122      25.313      51.401
UATOM PRO         123      10.600      26.208
UATOM SER         124       9.402      20.036
UATOM ALA         125       5.184      24.408
UATOM ALA         126       5.157      24.216
UATOM CSER        127      14.014      19.972
____________________________________________________________
Total Entropy FF (UA level) :        2114.483 J/mol/K
Total Entropy TT (UA level) :        3782.666 J/mol/K
------------------------------------------------------------
____________________________________________________________
Total Entropy                            :        5897.148
------------------------------------------------------------
