------------------------------------------------------------
            Hierarchy level. --> United Atom <--            
------------------------------------------------------------
      RESNAME   RESID  FF_ENTROPY  TT_ENTROPY
UATOM NALA          1       9.276      38.954
UATOM GLU           2      23.239      21.457
UATOM ALA           3       6.283      25.488
UATOM GLY           4       2.770      12.245
UATOM ILE           5      24.897      53.777
UATOM THR           6      19.272      36.128
UATOM GLY           7       2.646      12.501
UATOM THR           8      19.137      32.932
UATOM TRP           9      44.727      41.089
UATOM TYR          10      39.530      37.273
UATOM ALA          11       6.160      24.604
UATOM GLN          12      25.425      32.946
UATOM LEU          13      23.531      51.861
UATOM GLY          14       2.649      11.091
UATOM SER          15      10.656      19.824
UATOM THR          16      18.521      33.616
UATOM PHE          17      30.504      35.509
UATOM ILE          18      24.299      52.465
UATOM VAL          19      18.136      43.170
UATOM THR          20      19.036      35.040
UATOM ALA          21       6.945      26.232
UATOM GLY          22       2.276      12.050
UATOM ALA          23       5.824      25.818
UATOM ASP          24      18.511      15.308
UATOM GLY          25       2.494      11.602
UATOM ALA          26       7.093      24.703
UATOM LEU          27      24.997      51.680
UATOM THR          28      19.156      33.668
UATOM GLY          29       2.609      12.261
UATOM THR          30      17.533      33.226
UATOM TYR          31      38.349      38.503
UATOM GLU          32      23.230      21.260
UATOM SER          33      10.695      20.742
UATOM ALA          34       5.653      25.365
UATOM VAL          35      16.844      42.621
UATOM GLY          36       2.329      11.979
UATOM ASN          37      18.368      24.661
UATOM ALA          38       5.517      24.236
UATOM GLU          39      23.549      21.204
UATOM SER          40      10.450      19.797
UATOM ARG          41      38.671      54.892
UATOM TYR          42      39.597      38.503
UATOM VAL          43      18.697      43.587
UATOM LEU          44      24.365      49.350
UATOM THR          45      19.029      34.283
UATOM GLY          46       2.651      11.779
UATOM ARG          47      41.070      57.708
UATOM TYR          48      39.091      37.682
UATOM ASP          49      22.387      16.110
UATOM SER          50      12.142      21.725
UATOM ALA          51       6.878      23.233
UATOM PRO          52      12.267      25.799
UATOM ALA          53       6.826      25.489
UATOM THR          54      17.999      35.086
UATOM ASP          55      19.340      15.181
UATOM GLY          56       2.717      12.986
UATOM SER          57      12.039      21.401
UATOM GLY          58       2.699      12.788
UATOM THR          59      18.282      33.971
UATOM ALA          60       6.654      25.747
UATOM LEU          61      24.407      52.102
UATOM GLY          62       2.350      12.849
UATOM TRP          63      45.196      42.218
UATOM THR          64      19.595      33.618
UATOM VAL          65      18.594      43.436
UATOM ALA          66       6.622      25.612
UATOM TRP          67      45.155      37.910
UATOM LYS          68      28.678      53.164
UATOM ASN          69      22.583      27.616
UATOM ASN          70      19.820      26.225
UATOM TYR          71      37.037      38.316
UATOM ARG          72      40.049      58.185
UATOM ASN          73      22.565      27.167
UATOM ALA          74       6.914      24.447
UATOM HID          75      26.700      28.702
UATOM SER          76      11.803      21.331
UATOM ALA          77       6.218      23.893
UATOM THR          78      18.701      33.513
UATOM THR          79      19.164      33.990
UATOM TRP          80      45.538      41.737
UATOM SER          81      11.833      21.474
UATOM GLY          82       2.797      13.473
UATOM GLN          83      28.815      33.941
UATOM TYR          84      39.721      38.521
UATOM VAL          85      17.349      42.734
UATOM GLY          86       2.255      12.378
UATOM GLY          87       2.254      12.395
UATOM ALA          88       5.877      24.753
UATOM GLU          89      22.981      21.855
UATOM ALA          90       6.347      24.034
UATOM ARG          91      42.197      56.071
UATOM ILE          92      25.089      52.235
UATOM ASN          93      21.373      26.184
UATOM THR          94      18.359      35.691
UATOM GLN          95      30.388      35.551
UATOM TRP          96      47.466      41.757
UATOM LEU          97      24.902      51.327
UATOM LEU          98      24.550      52.077
UATOM THR          99      20.233      34.499
UATOM SER         100      11.273      20.411
UATOM GLY         101       2.772      13.167
UATOM THR         102      18.133      34.371
UATOM THR         103      20.296      35.975
UATOM GLU         104      23.860      21.893
UATOM ALA         105       6.695      24.878
UATOM ASN         106      22.064      26.788
UATOM ALA         107       6.633      25.690
UATOM TRP         108      44.016      41.164
UATOM LYS         109      29.110      53.271
UATOM SER         110      11.379      21.441
UATOM THR         111      18.726      34.546
UATOM LEU         112      24.862      50.930
UATOM VAL         113      18.313      43.264
UATOM GLY         114       2.651      13.419
UATOM HID         115      28.024      28.629
UATOM ASP         116      19.925      15.730
UATOM THR         117      18.544      35.212
UATOM PHE         118      31.214      35.700
UATOM THR         119      18.359      34.696
UATOM LYS         120      27.286      53.191
UATOM VAL         121      16.640      43.637
UATOM LYS         122      26.467      51.897
UATOM PRO         123      11.393      26.676
UATOM SER         124       9.969      20.491
UATOM ALA         125       5.592      25.094
UATOM ALA         126       4.856      24.836
UATOM CSER        127      14.163      19.593
____________________________________________________________
Total Entropy FF (UA level) :        2352.210 J/mol/K
Total Entropy TT (UA level) :        3939.759 J/mol/K
------------------------------------------------------------
____________________________________________________________
Total Entropy                            :        6291.969
------------------------------------------------------------
