------------------------------------------------------------
            Hierarchy level. --> United Atom <--            
------------------------------------------------------------
      RESNAME   RESID  FF_ENTROPY  TT_ENTROPY
UATOM NALA          1       9.419      37.945
UATOM GLU           2      22.092      21.064
UATOM ALA           3       5.481      24.242
UATOM GLY           4       2.263      11.505
UATOM ILE           5      21.295      50.661
UATOM THR           6      17.199      33.115
UATOM GLY           7       2.483      11.230
UATOM THR           8      17.216      32.087
UATOM TRP           9      36.624      36.625
UATOM TYR          10      32.704      34.140
UATOM ALA          11       5.487      23.907
UATOM GLN          12      23.734      32.222
UATOM LEU          13      20.914      49.841
UATOM GLY          14       2.147      11.421
UATOM SER          15       9.483      19.891
UATOM THR          16      16.884      32.972
UATOM PHE          17      24.463      32.560
UATOM ILE          18      21.468      50.569
UATOM VAL          19      15.940      41.946
UATOM THR          20      16.740      33.005
UATOM ALA          21       5.296      24.147
UATOM GLY          22       2.159      11.275
UATOM ALA          23       5.447      24.471
UATOM ASP          24      16.638      14.129
UATOM GLY          25       2.329      11.194
UATOM ALA          26       5.483      23.833
UATOM LEU          27      21.112      49.478
UATOM THR          28      16.731      32.922
UATOM GLY          29       2.538      11.216
UATOM THR          30      16.737      32.515
UATOM TYR          31      31.999      34.856
UATOM GLU          32      21.425      20.700
UATOM SER          33       9.276      19.843
UATOM ALA          34       5.090      24.655
UATOM VAL          35      15.834      43.517
UATOM GLY          36       2.205      11.575
UATOM ASN          37      18.085      24.971
UATOM ALA          38       5.341      24.729
UATOM GLU          39      21.731      21.485
UATOM SER          40       9.527      19.986
UATOM ARG          41      34.798      53.083
UATOM TYR          42      31.986      34.827
UATOM VAL          43      16.393      42.302
UATOM LEU          44      20.995      49.141
UATOM THR          45      16.530      33.113
UATOM GLY          46       2.316      11.591
UATOM ARG          47      36.976      52.785
UATOM TYR          48      32.249      34.413
UATOM ASP          49      17.758      14.567
UATOM SER          50       9.883      20.093
UATOM ALA          51       5.369      23.574
UATOM PRO          52      10.564      26.152
UATOM ALA          53       5.271      24.264
UATOM THR          54      16.449      32.856
UATOM ASP          55      16.175      14.237
UATOM GLY          56       2.144      11.527
UATOM SER          57       9.809      20.188
UATOM GLY          58       2.291      11.497
UATOM THR          59      16.686      32.331
UATOM ALA          60       5.777      24.822
UATOM LEU          61      21.291      49.552
UATOM GLY          62       2.299      11.618
UATOM TRP          63      36.816      37.238
UATOM THR          64      16.726      31.302
UATOM VAL          65      16.067      42.302
UATOM ALA          66       5.367      24.121
UATOM TRP          67      35.858      35.925
UATOM LYS          68      25.241      51.249
UATOM ASN          69      18.467      25.057
UATOM ASN          70      17.863      25.202
UATOM TYR          71      31.066      34.619
UATOM ARG          72      34.675      53.971
UATOM ASN          73      18.630      24.572
UATOM ALA          74       5.353      24.692
UATOM HID          75      20.827      26.342
UATOM SER          76       9.526      20.112
UATOM ALA          77       5.237      23.929
UATOM THR          78      16.384      32.329
UATOM THR          79      16.473      32.015
UATOM TRP          80      36.083      36.153
UATOM SER          81       9.924      20.860
UATOM GLY          82       2.366      11.430
UATOM GLN          83      24.429      32.086
UATOM TYR          84      32.502      34.809
UATOM VAL          85      16.787      42.188
UATOM GLY          86       2.272      11.501
UATOM GLY          87       2.200      11.426
UATOM ALA          88       5.569      24.932
UATOM GLU          89      21.787      20.982
UATOM ALA          90       5.332      24.116
UATOM ARG          91      34.712      53.551
UATOM ILE          92      21.928      49.268
UATOM ASN          93      19.303      24.963
UATOM THR          94      16.840      32.478
UATOM GLN          95      24.399      32.434
UATOM TRP          96      37.289      36.114
UATOM LEU          97      21.695      49.357
UATOM LEU          98      21.587      49.831
UATOM THR          99      16.743      33.120
UATOM SER         100       9.837      19.896
UATOM GLY         101       2.148      11.778
UATOM THR         102      16.784      33.176
UATOM THR         103      16.569      33.745
UATOM GLU         104      22.580      21.360
UATOM ALA         105       5.489      24.531
UATOM ASN         106      19.129      24.939
UATOM ALA         107       5.584      24.704
UATOM TRP         108      36.968      37.027
UATOM LYS         109      25.305      50.600
UATOM SER         110       9.977      20.893
UATOM THR         111      16.583      33.116
UATOM LEU         112      21.398      48.530
UATOM VAL         113      16.404      41.904
UATOM GLY         114       2.408      11.500
UATOM HID         115      21.931      26.097
UATOM ASP         116      17.694      13.967
UATOM THR         117      16.975      33.697
UATOM PHE         118      25.567      32.693
UATOM THR         119      16.817      33.030
UATOM LYS         120      25.199      51.225
UATOM VAL         121      15.545      42.792
UATOM LYS         122      24.469      50.757
UATOM PRO         123      10.292      26.141
UATOM SER         124       9.417      20.026
UATOM ALA         125       5.182      24.269
UATOM ALA         126       5.154      24.336
UATOM CSER        127      14.040      19.784
____________________________________________________________
Total Entropy FF (UA level) :        2032.798 J/mol/K
Total Entropy TT (UA level) :        3744.069 J/mol/K
------------------------------------------------------------
____________________________________________________________
Total Entropy                            :        5776.867
------------------------------------------------------------
