------------------------------------------------------------
            Hierarchy level. --> United Atom <--            
------------------------------------------------------------
      RESNAME   RESID  FF_ENTROPY  TT_ENTROPY
UATOM NALA          1       9.212      38.327
UATOM GLU           2      22.416      20.938
UATOM ALA           3       5.684      24.661
UATOM GLY           4       2.272      12.292
UATOM ILE           5      22.651      51.603
UATOM THR           6      17.785      33.216
UATOM GLY           7       2.461      12.263
UATOM THR           8      17.610      33.210
UATOM TRP           9      40.442      39.288
UATOM TYR          10      35.671      35.202
UATOM ALA          11       6.105      22.614
UATOM GLN          12      25.020      32.963
UATOM LEU          13      21.902      50.345
UATOM GLY          14       2.585      11.332
UATOM SER          15      10.256      20.757
UATOM THR          16      16.759      32.447
UATOM PHE          17      27.713      33.952
UATOM ILE          18      22.921      51.381
UATOM VAL          19      17.226      43.050
UATOM THR          20      17.042      33.908
UATOM ALA          21       5.800      25.487
UATOM GLY          22       2.299      11.450
UATOM ALA          23       5.475      24.846
UATOM ASP          24      16.884      14.214
UATOM GLY          25       2.332      11.592
UATOM ALA          26       6.111      24.943
UATOM LEU          27      22.437      51.280
UATOM THR          28      17.554      33.851
UATOM GLY          29       2.667      12.733
UATOM THR          30      18.406      33.799
UATOM TYR          31      34.535      35.368
UATOM GLU          32      25.203      21.162
UATOM SER          33      10.036      20.953
UATOM ALA          34       5.918      24.879
UATOM VAL          35      16.820      44.043
UATOM GLY          36       2.587      12.141
UATOM ASN          37      19.295      25.062
UATOM ALA          38       6.324      24.900
UATOM GLU          39      23.135      21.903
UATOM SER          40      10.489      20.284
UATOM ARG          41      38.878      55.118
UATOM TYR          42      37.084      37.043
UATOM VAL          43      18.022      44.005
UATOM LEU          44      22.930      48.808
UATOM THR          45      17.269      34.512
UATOM GLY          46       2.383      11.093
UATOM ARG          47      40.276      53.645
UATOM TYR          48      34.396      35.709
UATOM ASP          49      19.809      14.898
UATOM SER          50      11.091      21.455
UATOM ALA          51       6.068      23.998
UATOM PRO          52      11.352      26.646
UATOM ALA          53       6.220      24.511
UATOM THR          54      17.682      34.355
UATOM ASP          55      17.661      14.719
UATOM GLY          56       2.408      11.938
UATOM SER          57      10.859      19.913
UATOM GLY          58       2.366      12.390
UATOM THR          59      17.996      33.931
UATOM ALA          60       6.217      25.209
UATOM LEU          61      23.013      47.951
UATOM GLY          62       2.433      12.360
UATOM TRP          63      41.399      39.108
UATOM THR          64      17.852      32.016
UATOM VAL          65      16.954      43.044
UATOM ALA          66       6.188      24.645
UATOM TRP          67      39.691      37.776
UATOM LYS          68      26.719      51.357
UATOM ASN          69      20.932      25.277
UATOM ASN          70      18.734      25.704
UATOM TYR          71      34.902      35.693
UATOM ARG          72      38.254      55.363
UATOM ASN          73      20.512      25.781
UATOM ALA          74       6.002      24.608
UATOM HID          75      23.468      27.257
UATOM SER          76      10.454      20.547
UATOM ALA          77       5.822      25.232
UATOM THR          78      17.910      33.187
UATOM THR          79      17.969      34.825
UATOM TRP          80      40.735      38.883
UATOM SER          81      10.870      21.027
UATOM GLY          82       2.691      12.476
UATOM GLN          83      26.007      34.092
UATOM TYR          84      35.677      36.501
UATOM VAL          85      17.305      42.730
UATOM GLY          86       2.290      12.457
UATOM GLY          87       2.273      11.771
UATOM ALA          88       5.943      24.870
UATOM GLU          89      22.254      21.510
UATOM ALA          90       6.047      24.649
UATOM ARG          91      38.071      53.433
UATOM ILE          92      23.157      50.665
UATOM ASN          93      20.060      25.780
UATOM THR          94      17.936      33.640
UATOM GLN          95      25.983      34.301
UATOM TRP          96      42.270      39.075
UATOM LEU          97      23.374      51.160
UATOM LEU          98      22.495      50.882
UATOM THR          99      18.185      34.167
UATOM SER         100      10.449      20.334
UATOM GLY         101       2.283      12.583
UATOM THR         102      17.611      35.081
UATOM THR         103      18.225      34.725
UATOM GLU         104      22.620      21.733
UATOM ALA         105       6.186      24.994
UATOM ASN         106      20.715      25.874
UATOM ALA         107       5.989      25.858
UATOM TRP         108      40.210      38.507
UATOM LYS         109      26.578      52.059
UATOM SER         110      11.106      21.679
UATOM THR         111      17.722      34.370
UATOM LEU         112      23.065      49.145
UATOM VAL         113      17.188      42.633
UATOM GLY         114       2.769      12.588
UATOM HID         115      24.517      28.303
UATOM ASP         116      18.458      15.594
UATOM THR         117      18.244      33.808
UATOM PHE         118      27.314      34.337
UATOM THR         119      16.852      33.341
UATOM LYS         120      26.645      51.723
UATOM VAL         121      17.088      41.632
UATOM LYS         122      25.693      51.376
UATOM PRO         123      11.729      26.232
UATOM SER         124      10.622      20.662
UATOM ALA         125       5.949      25.741
UATOM ALA         126       5.998      23.932
UATOM CSER        127      16.178      21.228
____________________________________________________________
Total Entropy FF (UA level) :        2199.842 J/mol/K
Total Entropy TT (UA level) :        3848.408 J/mol/K
------------------------------------------------------------
____________________________________________________________
Total Entropy                            :        6048.250
------------------------------------------------------------
