------------------------------------------------------------
Topographical entropy of residue side chains 
computed using all the dihedrals with correlation/pLogp formalism
------------------------------------------------------------
Side Chain Topographical Entropy from corr. pLogP method (NALA 1) : -0.0000
Side Chain Topographical Entropy from corr. pLogP method (GLU 2) : 16.8349
Side Chain Topographical Entropy from corr. pLogP method (ALA 3) : -0.0000
Side Chain Topographical Entropy from corr. pLogP method (GLY 4) : -0.0000
Side Chain Topographical Entropy from corr. pLogP method (ILE 5) : 0.3816
Side Chain Topographical Entropy from corr. pLogP method (THR 6) : -0.0000
Side Chain Topographical Entropy from corr. pLogP method (GLY 7) : -0.0000
Side Chain Topographical Entropy from corr. pLogP method (THR 8) : 5.6153
Side Chain Topographical Entropy from corr. pLogP method (TRP 9) : -0.0000
Side Chain Topographical Entropy from corr. pLogP method (TYR 10) : 5.7592
Side Chain Topographical Entropy from corr. pLogP method (ALA 11) : -0.0000
Side Chain Topographical Entropy from corr. pLogP method (GLN 12) : 21.5490
Side Chain Topographical Entropy from corr. pLogP method (LEU 13) : 11.8659
Side Chain Topographical Entropy from corr. pLogP method (GLY 14) : -0.0000
Side Chain Topographical Entropy from corr. pLogP method (SER 15) : 2.7399
Side Chain Topographical Entropy from corr. pLogP method (THR 16) : 4.1187
Side Chain Topographical Entropy from corr. pLogP method (PHE 17) : 0.2617
Side Chain Topographical Entropy from corr. pLogP method (ILE 18) : 3.4737
Side Chain Topographical Entropy from corr. pLogP method (VAL 19) : 8.2809
Side Chain Topographical Entropy from corr. pLogP method (THR 20) : 2.5916
Side Chain Topographical Entropy from corr. pLogP method (ALA 21) : -0.0000
Side Chain Topographical Entropy from corr. pLogP method (GLY 22) : -0.0000
Side Chain Topographical Entropy from corr. pLogP method (ALA 23) : -0.0000
Side Chain Topographical Entropy from corr. pLogP method (ASP 24) : 14.5075
Side Chain Topographical Entropy from corr. pLogP method (GLY 25) : -0.0000
Side Chain Topographical Entropy from corr. pLogP method (ALA 26) : -0.0000
Side Chain Topographical Entropy from corr. pLogP method (LEU 27) : 8.6203
Side Chain Topographical Entropy from corr. pLogP method (THR 28) : 7.8049
Side Chain Topographical Entropy from corr. pLogP method (GLY 29) : -0.0000
Side Chain Topographical Entropy from corr. pLogP method (THR 30) : 8.8630
Side Chain Topographical Entropy from corr. pLogP method (TYR 31) : 4.9457
Side Chain Topographical Entropy from corr. pLogP method (GLU 32) : 16.9767
Side Chain Topographical Entropy from corr. pLogP method (SER 33) : 3.6640
Side Chain Topographical Entropy from corr. pLogP method (ALA 34) : -0.0000
Side Chain Topographical Entropy from corr. pLogP method (VAL 35) : 6.9748
Side Chain Topographical Entropy from corr. pLogP method (GLY 36) : -0.0000
Side Chain Topographical Entropy from corr. pLogP method (ASN 37) : 10.7903
Side Chain Topographical Entropy from corr. pLogP method (ALA 38) : -0.0000
Side Chain Topographical Entropy from corr. pLogP method (GLU 39) : 19.9743
Side Chain Topographical Entropy from corr. pLogP method (SER 40) : 7.1305
Side Chain Topographical Entropy from corr. pLogP method (ARG 41) : 16.0705
Side Chain Topographical Entropy from corr. pLogP method (TYR 42) : 0.2168
Side Chain Topographical Entropy from corr. pLogP method (VAL 43) : 3.0895
Side Chain Topographical Entropy from corr. pLogP method (LEU 44) : 0.3050
Side Chain Topographical Entropy from corr. pLogP method (THR 45) : 4.9448
Side Chain Topographical Entropy from corr. pLogP method (GLY 46) : -0.0000
Side Chain Topographical Entropy from corr. pLogP method (ARG 47) : 0.1200
Side Chain Topographical Entropy from corr. pLogP method (TYR 48) : 3.3326
Side Chain Topographical Entropy from corr. pLogP method (ASP 49) : 5.5923
Side Chain Topographical Entropy from corr. pLogP method (SER 50) : -0.0000
Side Chain Topographical Entropy from corr. pLogP method (ALA 51) : -0.0000
Side Chain Topographical Entropy from corr. pLogP method (PRO 52) : 11.6818
Side Chain Topographical Entropy from corr. pLogP method (ALA 53) : -0.0000
Side Chain Topographical Entropy from corr. pLogP method (THR 54) : 6.5314
Side Chain Topographical Entropy from corr. pLogP method (ASP 55) : 6.4826
Side Chain Topographical Entropy from corr. pLogP method (GLY 56) : -0.0000
Side Chain Topographical Entropy from corr. pLogP method (SER 57) : 0.8151
Side Chain Topographical Entropy from corr. pLogP method (GLY 58) : -0.0000
Side Chain Topographical Entropy from corr. pLogP method (THR 59) : -0.0000
Side Chain Topographical Entropy from corr. pLogP method (ALA 60) : -0.0000
Side Chain Topographical Entropy from corr. pLogP method (LEU 61) : 8.1270
Side Chain Topographical Entropy from corr. pLogP method (GLY 62) : -0.0000
Side Chain Topographical Entropy from corr. pLogP method (TRP 63) : -0.0000
Side Chain Topographical Entropy from corr. pLogP method (THR 64) : 1.2548
Side Chain Topographical Entropy from corr. pLogP method (VAL 65) : 0.0657
Side Chain Topographical Entropy from corr. pLogP method (ALA 66) : -0.0000
Side Chain Topographical Entropy from corr. pLogP method (TRP 67) : -0.0000
Side Chain Topographical Entropy from corr. pLogP method (LYS 68) : 15.9984
Side Chain Topographical Entropy from corr. pLogP method (ASN 69) : 5.4350
Side Chain Topographical Entropy from corr. pLogP method (ASN 70) : 14.3506
Side Chain Topographical Entropy from corr. pLogP method (TYR 71) : 7.9647
Side Chain Topographical Entropy from corr. pLogP method (ARG 72) : 11.5392
Side Chain Topographical Entropy from corr. pLogP method (ASN 73) : 0.1315
Side Chain Topographical Entropy from corr. pLogP method (ALA 74) : -0.0000
Side Chain Topographical Entropy from corr. pLogP method (HID 75) : 0.4125
Side Chain Topographical Entropy from corr. pLogP method (SER 76) : 5.9418
Side Chain Topographical Entropy from corr. pLogP method (ALA 77) : -0.0000
Side Chain Topographical Entropy from corr. pLogP method (THR 78) : -0.0000
Side Chain Topographical Entropy from corr. pLogP method (THR 79) : -0.0000
Side Chain Topographical Entropy from corr. pLogP method (TRP 80) : 1.5004
Side Chain Topographical Entropy from corr. pLogP method (SER 81) : 0.3050
Side Chain Topographical Entropy from corr. pLogP method (GLY 82) : -0.0000
Side Chain Topographical Entropy from corr. pLogP method (GLN 83) : 11.5468
Side Chain Topographical Entropy from corr. pLogP method (TYR 84) : -0.0000
Side Chain Topographical Entropy from corr. pLogP method (VAL 85) : 0.1200
Side Chain Topographical Entropy from corr. pLogP method (GLY 86) : -0.0000
Side Chain Topographical Entropy from corr. pLogP method (GLY 87) : -0.0000
Side Chain Topographical Entropy from corr. pLogP method (ALA 88) : -0.0000
Side Chain Topographical Entropy from corr. pLogP method (GLU 89) : 21.5399
Side Chain Topographical Entropy from corr. pLogP method (ALA 90) : -0.0000
Side Chain Topographical Entropy from corr. pLogP method (ARG 91) : 3.5081
Side Chain Topographical Entropy from corr. pLogP method (ILE 92) : 0.3816
Side Chain Topographical Entropy from corr. pLogP method (ASN 93) : 2.7347
Side Chain Topographical Entropy from corr. pLogP method (THR 94) : 0.0657
Side Chain Topographical Entropy from corr. pLogP method (GLN 95) : 10.0544
Side Chain Topographical Entropy from corr. pLogP method (TRP 96) : 1.2337
Side Chain Topographical Entropy from corr. pLogP method (LEU 97) : 5.2056
Side Chain Topographical Entropy from corr. pLogP method (LEU 98) : 1.2146
Side Chain Topographical Entropy from corr. pLogP method (THR 99) : -0.0000
Side Chain Topographical Entropy from corr. pLogP method (SER 100) : 7.2025
Side Chain Topographical Entropy from corr. pLogP method (GLY 101) : -0.0000
Side Chain Topographical Entropy from corr. pLogP method (THR 102) : 4.6199
Side Chain Topographical Entropy from corr. pLogP method (THR 103) : 7.9069
Side Chain Topographical Entropy from corr. pLogP method (GLU 104) : 20.0199
Side Chain Topographical Entropy from corr. pLogP method (ALA 105) : -0.0000
Side Chain Topographical Entropy from corr. pLogP method (ASN 106) : 5.9028
Side Chain Topographical Entropy from corr. pLogP method (ALA 107) : -0.0000
Side Chain Topographical Entropy from corr. pLogP method (TRP 108) : 5.5784
Side Chain Topographical Entropy from corr. pLogP method (LYS 109) : 18.5759
Side Chain Topographical Entropy from corr. pLogP method (SER 110) : 4.8562
Side Chain Topographical Entropy from corr. pLogP method (THR 111) : 0.1698
Side Chain Topographical Entropy from corr. pLogP method (LEU 112) : 5.9255
Side Chain Topographical Entropy from corr. pLogP method (VAL 113) : -0.0000
Side Chain Topographical Entropy from corr. pLogP method (GLY 114) : -0.0000
Side Chain Topographical Entropy from corr. pLogP method (HID 115) : -0.0000
Side Chain Topographical Entropy from corr. pLogP method (ASP 116) : 7.4943
Side Chain Topographical Entropy from corr. pLogP method (THR 117) : 0.0657
Side Chain Topographical Entropy from corr. pLogP method (PHE 118) : 0.0657
Side Chain Topographical Entropy from corr. pLogP method (THR 119) : 5.6089
Side Chain Topographical Entropy from corr. pLogP method (LYS 120) : 11.3075
Side Chain Topographical Entropy from corr. pLogP method (VAL 121) : -0.0000
Side Chain Topographical Entropy from corr. pLogP method (LYS 122) : 22.6216
Side Chain Topographical Entropy from corr. pLogP method (PRO 123) : 15.2817
Side Chain Topographical Entropy from corr. pLogP method (SER 124) : 5.5915
Side Chain Topographical Entropy from corr. pLogP method (ALA 125) : -0.0000
Side Chain Topographical Entropy from corr. pLogP method (ALA 126) : -0.0000
Side Chain Topographical Entropy from corr. pLogP method (CSER 127) : 4.2768
____________________________________________________________
Total SC Topog. Entropy (corr. pLogP)    :         536.610
------------------------------------------------------------
____________________________________________________________
Total BB Topog. Entropy (corr. pLogP)    :          21.743
------------------------------------------------------------
____________________________________________________________
Total Entropy                            :         558.354
------------------------------------------------------------
