------------------------------------------------------------
            Hierarchy level. --> United Atom <--            
------------------------------------------------------------
      RESNAME   RESID  FF_ENTROPY  TT_ENTROPY
UATOM NALA          1       9.132      39.252
UATOM GLU           2      22.106      21.152
UATOM ALA           3       5.408      25.107
UATOM GLY           4       2.410      11.812
UATOM ILE           5      23.756      51.079
UATOM THR           6      19.530      36.395
UATOM GLY           7       2.490      12.448
UATOM THR           8      19.835      33.989
UATOM TRP           9      48.560      41.339
UATOM TYR          10      41.608      38.515
UATOM ALA          11       6.790      25.939
UATOM GLN          12      25.816      33.152
UATOM LEU          13      23.466      50.873
UATOM GLY          14       2.695      12.788
UATOM SER          15      11.202      20.522
UATOM THR          16      20.504      35.825
UATOM PHE          17      32.890      36.648
UATOM ILE          18      24.659      53.408
UATOM VAL          19      18.178      42.357
UATOM THR          20      17.977      34.753
UATOM ALA          21       6.549      24.267
UATOM GLY          22       2.672      13.131
UATOM ALA          23       6.937      25.541
UATOM ASP          24      19.451      15.618
UATOM GLY          25       2.651      12.378
UATOM ALA          26       6.363      25.216
UATOM LEU          27      24.574      51.221
UATOM THR          28      18.564      34.222
UATOM GLY          29       2.671      12.585
UATOM THR          30      18.220      34.878
UATOM TYR          31      41.666      38.544
UATOM GLU          32      26.952      22.255
UATOM SER          33      11.807      20.704
UATOM ALA          34       6.372      26.310
UATOM VAL          35      17.082      43.794
UATOM GLY          36       2.578      13.211
UATOM ASN          37      20.923      25.865
UATOM ALA          38       6.948      24.687
UATOM GLU          39      24.367      22.282
UATOM SER          40      11.866      20.456
UATOM ARG          41      40.586      56.610
UATOM TYR          42      42.949      38.199
UATOM VAL          43      19.631      45.172
UATOM LEU          44      24.882      51.441
UATOM THR          45      18.600      34.563
UATOM GLY          46       2.760      12.630
UATOM ARG          47      45.324      58.402
UATOM TYR          48      41.559      37.434
UATOM ASP          49      22.116      15.430
UATOM SER          50      11.548      20.502
UATOM ALA          51       6.365      24.194
UATOM PRO          52      12.197      27.006
UATOM ALA          53       6.501      24.527
UATOM THR          54      17.571      33.701
UATOM ASP          55      19.530      15.792
UATOM GLY          56       2.477      12.648
UATOM SER          57      10.491      19.629
UATOM GLY          58       2.354      11.849
UATOM THR          59      19.037      33.905
UATOM ALA          60       6.857      25.600
UATOM LEU          61      24.609      50.215
UATOM GLY          62       2.697      12.776
UATOM TRP          63      49.664      42.074
UATOM THR          64      18.735      33.711
UATOM VAL          65      19.311      42.813
UATOM ALA          66       7.373      25.892
UATOM TRP          67      50.937      39.305
UATOM LYS          68      29.565      51.765
UATOM ASN          69      22.590      26.820
UATOM ASN          70      20.308      27.752
UATOM TYR          71      39.079      38.775
UATOM ARG          72      39.751      57.200
UATOM ASN          73      23.241      25.668
UATOM ALA          74       6.659      25.639
UATOM HID          75      27.737      28.236
UATOM SER          76      11.072      20.527
UATOM ALA          77       6.705      24.564
UATOM THR          78      19.186      32.139
UATOM THR          79      19.181      35.294
UATOM TRP          80      49.319      39.567
UATOM SER          81      12.536      21.696
UATOM GLY          82       2.714      12.502
UATOM GLN          83      29.414      33.660
UATOM TYR          84      43.173      37.412
UATOM VAL          85      18.869      44.278
UATOM GLY          86       2.408      12.283
UATOM GLY          87       2.490      12.630
UATOM ALA          88       6.289      25.517
UATOM GLU          89      23.951      21.122
UATOM ALA          90       6.812      25.055
UATOM ARG          91      43.312      55.010
UATOM ILE          92      25.027      51.858
UATOM ASN          93      22.195      27.635
UATOM THR          94      20.484      32.619
UATOM GLN          95      31.574      33.630
UATOM TRP          96      49.588      38.871
UATOM LEU          97      25.327      51.212
UATOM LEU          98      24.884      51.271
UATOM THR          99      19.112      35.052
UATOM SER         100      11.414      21.220
UATOM GLY         101       2.284      11.369
UATOM THR         102      18.013      33.062
UATOM THR         103      19.550      35.153
UATOM GLU         104      25.015      22.613
UATOM ALA         105       6.700      25.885
UATOM ASN         106      21.919      26.395
UATOM ALA         107       6.963      25.401
UATOM TRP         108      45.552      41.308
UATOM LYS         109      28.898      54.572
UATOM SER         110      11.474      20.593
UATOM THR         111      18.884      33.503
UATOM LEU         112      25.308      49.886
UATOM VAL         113      19.462      44.209
UATOM GLY         114       2.849      11.945
UATOM HID         115      28.388      28.293
UATOM ASP         116      20.762      15.333
UATOM THR         117      20.263      34.156
UATOM PHE         118      33.404      35.536
UATOM THR         119      18.952      35.233
UATOM LYS         120      28.057      53.085
UATOM VAL         121      16.771      44.254
UATOM LYS         122      27.190      50.373
UATOM PRO         123      12.031      26.620
UATOM SER         124      10.509      21.128
UATOM ALA         125       6.019      24.956
UATOM ALA         126       5.793      24.732
UATOM CSER        127      15.678      19.847
____________________________________________________________
Total Entropy FF (UA level) :        2437.542 J/mol/K
Total Entropy TT (UA level) :        3938.454 J/mol/K
------------------------------------------------------------
____________________________________________________________
Total Entropy                            :        6375.996
------------------------------------------------------------
