------------------------------------------------------------
            Hierarchy level. --> United Atom <--            
------------------------------------------------------------
      RESNAME   RESID  FF_ENTROPY  TT_ENTROPY
UATOM NALA          1       9.013      38.228
UATOM GLU           2      21.928      20.850
UATOM ALA           3       5.390      24.448
UATOM GLY           4       2.269      11.814
UATOM ILE           5      22.470      51.723
UATOM THR           6      17.862      34.199
UATOM GLY           7       2.338      11.284
UATOM THR           8      16.781      33.299
UATOM TRP           9      38.403      37.715
UATOM TYR          10      34.884      36.211
UATOM ALA          11       5.788      24.493
UATOM GLN          12      23.707      32.145
UATOM LEU          13      21.146      49.765
UATOM GLY          14       2.166      11.593
UATOM SER          15       9.656      20.130
UATOM THR          16      17.559      33.223
UATOM PHE          17      26.555      33.241
UATOM ILE          18      22.331      50.496
UATOM VAL          19      16.158      41.223
UATOM THR          20      16.858      32.821
UATOM ALA          21       5.575      25.254
UATOM GLY          22       2.324      11.753
UATOM ALA          23       6.189      25.123
UATOM ASP          24      16.899      14.750
UATOM GLY          25       2.473      11.527
UATOM ALA          26       6.187      25.021
UATOM LEU          27      21.494      49.616
UATOM THR          28      17.035      33.136
UATOM GLY          29       2.412      11.212
UATOM THR          30      17.483      32.700
UATOM TYR          31      35.267      36.108
UATOM GLU          32      22.434      21.669
UATOM SER          33      10.112      20.136
UATOM ALA          34       5.389      24.971
UATOM VAL          35      16.010      43.414
UATOM GLY          36       2.127      12.389
UATOM ASN          37      17.937      25.043
UATOM ALA          38       5.233      24.434
UATOM GLU          39      21.643      21.192
UATOM SER          40       9.680      20.456
UATOM ARG          41      36.357      54.454
UATOM TYR          42      33.358      34.760
UATOM VAL          43      16.276      43.058
UATOM LEU          44      21.617      49.672
UATOM THR          45      17.378      33.791
UATOM GLY          46       2.957      11.930
UATOM ARG          47      39.549      54.347
UATOM TYR          48      33.329      35.497
UATOM ASP          49      19.082      14.903
UATOM SER          50       9.720      20.116
UATOM ALA          51       5.776      23.045
UATOM PRO          52      10.871      26.540
UATOM ALA          53       5.938      25.055
UATOM THR          54      16.888      33.972
UATOM ASP          55      17.393      14.540
UATOM GLY          56       2.249      11.897
UATOM SER          57      10.434      19.910
UATOM GLY          58       2.259      11.738
UATOM THR          59      16.754      32.478
UATOM ALA          60       6.198      25.341
UATOM LEU          61      22.040      49.803
UATOM GLY          62       2.784      11.930
UATOM TRP          63      38.113      38.873
UATOM THR          64      17.158      32.109
UATOM VAL          65      16.414      41.885
UATOM ALA          66       5.804      24.375
UATOM TRP          67      37.328      37.845
UATOM LYS          68      25.141      51.518
UATOM ASN          69      18.396      24.599
UATOM ASN          70      18.282      25.152
UATOM TYR          71      30.849      35.065
UATOM ARG          72      34.633      54.136
UATOM ASN          73      18.589      25.495
UATOM ALA          74       5.467      24.417
UATOM HID          75      22.323      26.664
UATOM SER          76      10.361      20.122
UATOM ALA          77       5.751      23.140
UATOM THR          78      17.292      31.879
UATOM THR          79      16.996      34.512
UATOM TRP          80      37.250      36.966
UATOM SER          81      10.302      20.373
UATOM GLY          82       2.465      11.505
UATOM GLN          83      26.032      32.020
UATOM TYR          84      32.721      35.798
UATOM VAL          85      17.121      42.482
UATOM GLY          86       2.262      11.633
UATOM GLY          87       2.391      11.835
UATOM ALA          88       5.875      25.273
UATOM GLU          89      22.510      20.928
UATOM ALA          90       5.916      24.413
UATOM ARG          91      36.599      53.685
UATOM ILE          92      22.069      49.968
UATOM ASN          93      19.922      26.048
UATOM THR          94      16.642      31.919
UATOM GLN          95      25.941      32.807
UATOM TRP          96      38.104      36.825
UATOM LEU          97      22.793      50.316
UATOM LEU          98      22.367      50.295
UATOM THR          99      17.402      33.917
UATOM SER         100      10.097      19.876
UATOM GLY         101       2.431      11.783
UATOM THR         102      17.802      33.583
UATOM THR         103      16.659      34.544
UATOM GLU         104      22.406      21.285
UATOM ALA         105       5.657      25.116
UATOM ASN         106      19.121      24.995
UATOM ALA         107       5.623      24.700
UATOM TRP         108      37.268      38.129
UATOM LYS         109      25.307      50.870
UATOM SER         110      10.265      20.323
UATOM THR         111      17.402      33.768
UATOM LEU         112      21.957      49.318
UATOM VAL         113      16.393      42.220
UATOM GLY         114       2.512      12.034
UATOM HID         115      23.075      26.486
UATOM ASP         116      18.572      14.508
UATOM THR         117      17.077      33.484
UATOM PHE         118      26.546      33.514
UATOM THR         119      16.781      33.574
UATOM LYS         120      25.656      51.745
UATOM VAL         121      15.889      43.118
UATOM LYS         122      25.584      50.430
UATOM PRO         123      10.761      26.336
UATOM SER         124       9.786      20.099
UATOM ALA         125       5.133      24.131
UATOM ALA         126       5.262      24.532
UATOM CSER        127      13.979      19.793
____________________________________________________________
Total Entropy FF (UA level) :        2096.956 J/mol/K
Total Entropy TT (UA level) :        3792.671 J/mol/K
------------------------------------------------------------
____________________________________________________________
Total Entropy                            :        5889.627
------------------------------------------------------------
