------------------------------------------------------------
            Hierarchy level. --> United Atom <--            
------------------------------------------------------------
      RESNAME   RESID  FF_ENTROPY  TT_ENTROPY
UATOM NALA          1       9.122      38.104
UATOM GLU           2      21.585      20.846
UATOM ALA           3       5.268      24.538
UATOM GLY           4       2.250      11.661
UATOM ILE           5      21.679      51.059
UATOM THR           6      17.439      32.843
UATOM GLY           7       2.443      11.434
UATOM THR           8      16.951      32.770
UATOM TRP           9      35.708      35.861
UATOM TYR          10      33.345      34.374
UATOM ALA          11       5.574      24.616
UATOM GLN          12      23.543      32.171
UATOM LEU          13      20.656      50.299
UATOM GLY          14       2.227      11.564
UATOM SER          15       9.363      19.866
UATOM THR          16      16.317      32.911
UATOM PHE          17      25.110      32.290
UATOM ILE          18      21.405      50.226
UATOM VAL          19      15.914      41.199
UATOM THR          20      16.759      33.137
UATOM ALA          21       5.172      25.023
UATOM GLY          22       2.178      11.415
UATOM ALA          23       5.669      24.806
UATOM ASP          24      16.361      14.174
UATOM GLY          25       2.324      11.787
UATOM ALA          26       5.660      23.753
UATOM LEU          27      21.442      50.128
UATOM THR          28      16.657      33.429
UATOM GLY          29       2.379      11.488
UATOM THR          30      16.965      32.509
UATOM TYR          31      31.189      34.722
UATOM GLU          32      21.980      20.943
UATOM SER          33       9.746      19.458
UATOM ALA          34       5.256      24.774
UATOM VAL          35      15.886      43.228
UATOM GLY          36       2.352      11.449
UATOM ASN          37      17.873      25.416
UATOM ALA          38       5.283      24.085
UATOM GLU          39      21.608      21.225
UATOM SER          40       9.544      20.127
UATOM ARG          41      35.015      53.393
UATOM TYR          42      32.284      34.710
UATOM VAL          43      16.678      42.924
UATOM LEU          44      21.673      49.238
UATOM THR          45      16.899      33.103
UATOM GLY          46       2.513      11.612
UATOM ARG          47      36.453      52.990
UATOM TYR          48      32.126      33.782
UATOM ASP          49      17.298      14.229
UATOM SER          50       9.764      19.959
UATOM ALA          51       5.399      22.904
UATOM PRO          52      10.432      26.314
UATOM ALA          53       5.349      24.297
UATOM THR          54      16.474      33.155
UATOM ASP          55      16.554      14.293
UATOM GLY          56       2.072      11.640
UATOM SER          57      10.433      19.297
UATOM GLY          58       2.117      11.202
UATOM THR          59      16.626      32.437
UATOM ALA          60       5.388      24.727
UATOM LEU          61      21.230      48.783
UATOM GLY          62       2.358      11.436
UATOM TRP          63      37.316      36.814
UATOM THR          64      16.505      30.599
UATOM VAL          65      16.129      41.665
UATOM ALA          66       5.430      24.114
UATOM TRP          67      36.032      36.550
UATOM LYS          68      24.421      50.932
UATOM ASN          69      18.577      25.097
UATOM ASN          70      17.974      25.195
UATOM TYR          71      30.744      34.911
UATOM ARG          72      34.295      53.992
UATOM ASN          73      18.553      24.742
UATOM ALA          74       5.306      24.356
UATOM HID          75      21.166      25.850
UATOM SER          76       9.924      20.194
UATOM ALA          77       5.554      23.954
UATOM THR          78      16.386      31.554
UATOM THR          79      16.165      32.579
UATOM TRP          80      36.233      36.083
UATOM SER          81       9.982      19.547
UATOM GLY          82       2.505      11.226
UATOM GLN          83      24.936      31.639
UATOM TYR          84      31.375      34.722
UATOM VAL          85      16.183      42.620
UATOM GLY          86       2.146      11.546
UATOM GLY          87       2.217      11.651
UATOM ALA          88       5.654      24.561
UATOM GLU          89      21.962      20.989
UATOM ALA          90       5.379      24.522
UATOM ARG          91      34.886      53.510
UATOM ILE          92      21.471      49.840
UATOM ASN          93      19.562      24.857
UATOM THR          94      16.726      32.428
UATOM GLN          95      25.084      32.734
UATOM TRP          96      36.579      35.687
UATOM LEU          97      21.694      48.923
UATOM LEU          98      22.066      50.116
UATOM THR          99      16.857      33.349
UATOM SER         100      10.067      19.661
UATOM GLY         101       2.135      11.666
UATOM THR         102      16.832      33.015
UATOM THR         103      16.446      33.836
UATOM GLU         104      21.928      21.498
UATOM ALA         105       5.390      24.589
UATOM ASN         106      18.163      25.095
UATOM ALA         107       5.628      24.816
UATOM TRP         108      36.202      37.292
UATOM LYS         109      24.454      50.722
UATOM SER         110       9.714      20.633
UATOM THR         111      16.634      33.503
UATOM LEU         112      21.223      48.868
UATOM VAL         113      15.460      41.305
UATOM GLY         114       2.368      11.723
UATOM HID         115      21.650      26.187
UATOM ASP         116      17.780      14.068
UATOM THR         117      17.111      33.126
UATOM PHE         118      24.571      33.007
UATOM THR         119      16.177      33.129
UATOM LYS         120      25.790      51.131
UATOM VAL         121      15.789      43.015
UATOM LYS         122      25.082      50.938
UATOM PRO         123      10.561      26.245
UATOM SER         124       9.568      20.082
UATOM ALA         125       5.263      24.345
UATOM ALA         126       5.140      24.421
UATOM CSER        127      14.128      19.715
____________________________________________________________
Total Entropy FF (UA level) :        2028.548 J/mol/K
Total Entropy TT (UA level) :        3743.412 J/mol/K
------------------------------------------------------------
____________________________________________________________
Total Entropy                            :        5771.960
------------------------------------------------------------
