------------------------------------------------------------
Topographical entropy of residue side chains 
 computed using all the dihedrals with pLogp formalism
------------------------------------------------------------
Side Chain Topographical Entropy (NALA 1) : 0.0000
Dihedral 16   19   22   23    : 8.9519
Dihedral 16   19   22   24    : 9.0199
Dihedral 12   14   16   19    : 7.5070
Dihedral 19   16   14   25    : 7.5120
Dihedral 14   16   19   22    : 7.9586
Side Chain Topographical Entropy (GLU 2) : 40.9494
Side Chain Topographical Entropy (ALA 3) : 0.0000
Side Chain Topographical Entropy (GLY 4) : 0.0000
Dihedral 50   48   46   61    : -0.0000
Dihedral 44   46   48   54    : 0.3468
Dihedral 50   48   54   57    : 3.1603
Dihedral 44   46   48   50    : 0.0657
Dihedral 54   48   46   61    : -0.0000
Dihedral 46   48   54   57    : 3.2885
Side Chain Topographical Entropy (ILE 5) : 6.8614
Dihedral 69   67   65   75    : -0.0000
Dihedral 73   67   65   75    : -0.0000
Dihedral 63   65   67   69    : -0.0000
Dihedral 63   65   67   73    : -0.0000
Side Chain Topographical Entropy (THR 6) : 0.0000
Side Chain Topographical Entropy (GLY 7) : 0.0000
Dihedral 84   86   88   94    : 0.1200
Dihedral 94   88   86   96    : 0.1200
Dihedral 84   86   88   90    : -0.0000
Dihedral 90   88   86   96    : -0.0000
Side Chain Topographical Entropy (THR 8) : 0.2399
Dihedral 108  110  111  113   : -0.0000
Dihedral 102  105  119  117   : -0.0000
Dihedral 106  105  119  110   : -0.0000
Dihedral 105  119  110  111   : -0.0000
Dihedral 102  105  119  110   : -0.0000
Dihedral 105  119  110  108   : -0.0000
Dihedral 113  115  117  119   : -0.0000
Dihedral 105  102  100  120   : -0.0000
Dihedral 113  111  110  119   : -0.0000
Dihedral 106  108  110  119   : -0.0000
Dihedral 111  113  115  117   : -0.0000
Dihedral 98   100  102  105   : -0.0000
Dihedral 106  105  119  117   : -0.0000
Dihedral 100  102  105  119   : -0.0000
Dihedral 105  106  108  110   : -0.0000
Dihedral 102  105  106  108   : -0.0000
Dihedral 105  119  117  115   : -0.0000
Dihedral 108  106  105  119   : -0.0000
Dihedral 106  108  110  111   : -0.0000
Dihedral 110  111  113  115   : -0.0000
Dihedral 108  110  119  117   : -0.0000
Dihedral 111  110  119  117   : -0.0000
Dihedral 110  119  117  115   : -0.0000
Side Chain Topographical Entropy (TRP 9) : 0.0000
Dihedral 126  129  130  132   : -0.0000
Dihedral 130  129  139  137   : -0.0000
Dihedral 124  126  129  130   : -0.0000
Dihedral 126  129  139  137   : -0.0000
Dihedral 129  130  132  134   : -0.0000
Dihedral 129  126  124  141   : 0.1200
Dihedral 122  124  126  129   : 0.1698
Dihedral 132  130  129  139   : -0.0000
Dihedral 129  139  137  134   : -0.0000
Dihedral 130  132  134  137   : -0.0000
Dihedral 132  134  137  139   : -0.0000
Dihedral 130  132  134  135   : -0.0000
Dihedral 135  134  137  139   : -0.0000
Dihedral 124  126  129  139   : 5.6991
Side Chain Topographical Entropy (TYR 10) : 5.9888
Side Chain Topographical Entropy (ALA 11) : 0.0000
Dihedral 155  157  160  163   : 8.9759
Dihedral 157  160  163  165   : 6.7870
Dihedral 160  157  155  168   : 6.7256
Dihedral 153  155  157  160   : 6.7062
Side Chain Topographical Entropy (GLN 12) : 29.1947
Dihedral 177  174  172  187   : 5.2245
Dihedral 172  174  177  183   : 5.8473
Dihedral 170  172  174  177   : 5.2683
Dihedral 172  174  177  179   : 5.8473
Side Chain Topographical Entropy (LEU 13) : 22.1875
Side Chain Topographical Entropy (GLY 14) : 0.0000
Dihedral 196  198  200  203   : 6.4054
Dihedral 203  200  198  205   : 6.3883
Side Chain Topographical Entropy (SER 15) : 12.7938
Dihedral 207  209  211  217   : 4.4966
Dihedral 207  209  211  213   : 4.4534
Dihedral 213  211  209  219   : 4.4227
Dihedral 217  211  209  219   : 4.4227
Side Chain Topographical Entropy (THR 16) : 17.7954
Dihedral 221  223  225  228   : 0.9720
Dihedral 229  228  237  235   : -0.0000
Dihedral 231  229  228  237   : -0.0000
Dihedral 228  225  223  239   : 0.3050
Dihedral 223  225  228  229   : 4.8822
Dihedral 223  225  228  237   : -0.0000
Dihedral 225  228  229  231   : -0.0000
Dihedral 225  228  237  235   : -0.0000
Dihedral 228  229  231  233   : -0.0000
Dihedral 229  231  233  235   : -0.0000
Dihedral 228  237  235  233   : -0.0000
Dihedral 231  233  235  237   : -0.0000
Side Chain Topographical Entropy (PHE 17) : 6.1592
Dihedral 247  245  251  254   : 5.1181
Dihedral 241  243  245  251   : 4.9188
Dihedral 247  245  243  258   : 4.8192
Dihedral 243  245  251  254   : 5.6398
Dihedral 241  243  245  247   : 4.8192
Dihedral 251  245  243  258   : 4.8831
Side Chain Topographical Entropy (ILE 18) : 30.1981
Dihedral 260  262  264  270   : 3.5433
Dihedral 266  264  262  274   : 1.5004
Dihedral 260  262  264  266   : 2.5346
Dihedral 270  264  262  274   : 1.9326
Side Chain Topographical Entropy (VAL 19) : 9.5109
Dihedral 276  278  280  282   : 5.4654
Dihedral 276  278  280  286   : 5.4609
Dihedral 282  280  278  288   : 5.5274
Dihedral 286  280  278  288   : 5.4609
Side Chain Topographical Entropy (THR 20) : 21.9145
Side Chain Topographical Entropy (ALA 21) : 0.0000
Side Chain Topographical Entropy (GLY 22) : 0.0000
Side Chain Topographical Entropy (ALA 23) : 0.0000
Dihedral 317  319  321  324   : 7.1160
Dihedral 324  321  319  327   : 6.9677
Dihedral 319  321  324  326   : 8.6046
Dihedral 319  321  324  325   : 8.4605
Side Chain Topographical Entropy (ASP 24) : 31.1488
Side Chain Topographical Entropy (GLY 25) : 0.0000
Side Chain Topographical Entropy (ALA 26) : 0.0000
Dihedral 348  350  353  355   : 5.6742
Dihedral 346  348  350  353   : 5.4470
Dihedral 353  350  348  363   : 5.4423
Dihedral 348  350  353  359   : 5.6589
Side Chain Topographical Entropy (LEU 27) : 22.2225
Dihedral 371  369  367  377   : 8.2606
Dihedral 365  367  369  371   : 8.2079
Dihedral 375  369  367  377   : 8.2482
Dihedral 365  367  369  375   : 8.2562
Side Chain Topographical Entropy (THR 28) : 32.9729
Side Chain Topographical Entropy (GLY 29) : 0.0000
Dihedral 396  390  388  398   : 3.5208
Dihedral 386  388  390  392   : 3.5004
Dihedral 392  390  388  398   : 3.5345
Dihedral 386  388  390  396   : 3.5004
Side Chain Topographical Entropy (THR 30) : 14.0562
Dihedral 402  404  407  417   : 3.7238
Dihedral 407  404  402  419   : 0.8473
Dihedral 404  407  417  415   : -0.0000
Dihedral 404  407  408  410   : -0.0000
Dihedral 408  407  417  415   : -0.0000
Dihedral 400  402  404  407   : 1.4488
Dihedral 407  408  410  412   : -0.0000
Dihedral 408  410  412  415   : -0.0000
Dihedral 410  408  407  417   : -0.0000
Dihedral 410  412  415  417   : -0.0000
Dihedral 402  404  407  408   : -0.0000
Dihedral 407  417  415  412   : -0.0000
Dihedral 408  410  412  413   : -0.0000
Dihedral 413  412  415  417   : -0.0000
Side Chain Topographical Entropy (TYR 31) : 6.0199
Dihedral 425  428  431  432   : 8.7133
Dihedral 421  423  425  428   : 5.5209
Dihedral 423  425  428  431   : 2.0656
Dihedral 425  428  431  433   : 6.2883
Dihedral 428  425  423  434   : 5.3955
Side Chain Topographical Entropy (GLU 32) : 27.9837
Dihedral 443  440  438  445   : 7.3882
Dihedral 436  438  440  443   : 7.3382
Side Chain Topographical Entropy (SER 33) : 14.7264
Side Chain Topographical Entropy (ALA 34) : 0.0000
Dihedral 463  461  459  471   : 7.9633
Dihedral 457  459  461  463   : 7.9445
Dihedral 467  461  459  471   : 7.9537
Dihedral 457  459  461  467   : 7.9064
Side Chain Topographical Entropy (VAL 35) : 31.7678
Side Chain Topographical Entropy (GLY 36) : 0.0000
Dihedral 482  484  487  489   : 8.5560
Dihedral 480  482  484  487   : 4.8076
Dihedral 487  484  482  492   : 4.7820
Side Chain Topographical Entropy (ASN 37) : 18.1455
Side Chain Topographical Entropy (ALA 38) : 0.0000
Dihedral 511  508  506  517   : 7.6085
Dihedral 504  506  508  511   : 7.7061
Dihedral 508  511  514  515   : 8.8464
Dihedral 506  508  511  514   : 5.8433
Dihedral 508  511  514  516   : 8.9015
Side Chain Topographical Entropy (GLU 39) : 38.9058
Dihedral 519  521  523  526   : 1.2842
Dihedral 526  523  521  528   : 1.2466
Side Chain Topographical Entropy (SER 40) : 2.5308
Dihedral 532  534  537  540   : 0.4125
Dihedral 540  543  545  549   : 0.1200
Dihedral 534  537  540  543   : 8.2364
Dihedral 530  532  534  537   : 5.9072
Dihedral 537  534  532  552   : 5.8649
Dihedral 540  543  545  546   : 0.0657
Side Chain Topographical Entropy (ARG 41) : 20.6067
Dihedral 556  558  561  571   : 0.1200
Dihedral 567  566  569  571   : -0.0000
Dihedral 554  556  558  561   : 0.3050
Dihedral 561  562  564  566   : -0.0000
Dihedral 556  558  561  562   : 5.2183
Dihedral 564  566  569  571   : -0.0000
Dihedral 558  561  562  564   : -0.0000
Dihedral 561  558  556  573   : 0.1698
Dihedral 558  561  571  569   : -0.0000
Dihedral 562  561  571  569   : -0.0000
Dihedral 561  571  569  566   : -0.0000
Dihedral 562  564  566  569   : -0.0000
Dihedral 562  564  566  567   : -0.0000
Dihedral 564  562  561  571   : -0.0000
Side Chain Topographical Entropy (TYR 42) : 5.8130
Dihedral 581  579  577  589   : 1.9931
Dihedral 575  577  579  585   : 1.8269
Dihedral 575  577  579  581   : 1.8833
Dihedral 585  579  577  589   : 1.9660
Side Chain Topographical Entropy (VAL 43) : 7.6694
Dihedral 593  595  598  600   : 1.6749
Dihedral 593  595  598  604   : 1.6012
Dihedral 598  595  593  608   : 1.1491
Dihedral 591  593  595  598   : 1.0323
Side Chain Topographical Entropy (LEU 44) : 5.4575
Dihedral 616  614  612  622   : 7.8190
Dihedral 610  612  614  620   : 7.8701
Dihedral 620  614  612  622   : 7.8323
Dihedral 610  612  614  616   : 7.8571
Side Chain Topographical Entropy (THR 45) : 31.3786
Side Chain Topographical Entropy (GLY 46) : 0.0000
Dihedral 631  633  635  638   : -0.0000
Dihedral 641  644  646  650   : 0.0657
Dihedral 638  635  633  653   : -0.0000
Dihedral 635  638  641  644   : -0.0000
Dihedral 641  644  646  647   : -0.0000
Dihedral 633  635  638  641   : -0.0000
Side Chain Topographical Entropy (ARG 47) : 0.0657
Dihedral 665  667  670  672   : -0.0000
Dihedral 665  663  662  672   : -0.0000
Dihedral 659  662  672  670   : -0.0000
Dihedral 657  659  662  663   : -0.0000
Dihedral 655  657  659  662   : 2.4573
Dihedral 668  667  670  672   : -0.0000
Dihedral 662  659  657  674   : 0.7826
Dihedral 657  659  662  672   : 2.8637
Dihedral 659  662  663  665   : -0.0000
Dihedral 663  662  672  670   : -0.0000
Dihedral 662  672  670  667   : -0.0000
Dihedral 663  665  667  668   : -0.0000
Dihedral 663  665  667  670   : -0.0000
Dihedral 662  663  665  667   : -0.0000
Side Chain Topographical Entropy (TYR 48) : 6.1035
Dihedral 678  680  683  685   : 0.1200
Dihedral 676  678  680  683   : -0.0000
Dihedral 683  680  678  686   : -0.0000
Dihedral 678  680  683  684   : 0.1200
Side Chain Topographical Entropy (ASP 49) : 0.2399
Dihedral 695  692  690  697   : 0.1698
Dihedral 688  690  692  695   : 0.3816
Side Chain Topographical Entropy (SER 50) : 0.5514
Side Chain Topographical Entropy (ALA 51) : 0.0000
Dihedral 707  709  710  713   : 1.8871
Dihedral 710  713  716  719   : 5.4232
Dihedral 709  719  716  713   : 1.3964
Dihedral 709  710  713  716   : 3.5290
Dihedral 713  716  719  721   : 2.5916
Side Chain Topographical Entropy (PRO 52) : 14.8272
Side Chain Topographical Entropy (ALA 53) : 0.0000
Dihedral 733  735  737  743   : 4.6937
Dihedral 743  737  735  745   : 4.7295
Dihedral 733  735  737  739   : 4.6846
Dihedral 739  737  735  745   : 4.7206
Side Chain Topographical Entropy (THR 54) : 18.8285
Dihedral 749  751  754  756   : 6.4422
Dihedral 747  749  751  754   : -0.0000
Dihedral 749  751  754  755   : 5.9623
Dihedral 754  751  749  757   : -0.0000
Side Chain Topographical Entropy (ASP 55) : 12.4044
Side Chain Topographical Entropy (GLY 56) : 0.0000
Dihedral 766  768  770  773   : -0.0000
Dihedral 773  770  768  775   : -0.0000
Side Chain Topographical Entropy (SER 57) : 0.0000
Side Chain Topographical Entropy (GLY 58) : 0.0000
Dihedral 794  788  786  796   : -0.0000
Dihedral 790  788  786  796   : -0.0000
Dihedral 784  786  788  790   : -0.0000
Dihedral 784  786  788  794   : -0.0000
Side Chain Topographical Entropy (THR 59) : 0.0000
Side Chain Topographical Entropy (ALA 60) : 0.0000
Dihedral 815  812  810  825   : 0.1315
Dihedral 810  812  815  817   : 0.5405
Dihedral 810  812  815  821   : 0.5768
Dihedral 808  810  812  815   : 0.8482
Side Chain Topographical Entropy (LEU 61) : 2.0969
Side Chain Topographical Entropy (GLY 62) : 0.0000
Dihedral 842  844  846  855   : -0.0000
Dihedral 849  851  853  855   : -0.0000
Dihedral 844  846  855  853   : -0.0000
Dihedral 841  842  844  846   : -0.0000
Dihedral 836  838  841  855   : -0.0000
Dihedral 849  847  846  855   : -0.0000
Dihedral 842  844  846  847   : -0.0000
Dihedral 844  842  841  855   : -0.0000
Dihedral 847  849  851  853   : -0.0000
Dihedral 838  841  855  846   : -0.0000
Dihedral 838  841  855  853   : -0.0000
Dihedral 838  841  842  844   : -0.0000
Dihedral 841  855  846  847   : -0.0000
Dihedral 834  836  838  841   : 0.1698
Dihedral 846  855  853  851   : -0.0000
Dihedral 841  838  836  856   : -0.0000
Dihedral 841  855  846  844   : -0.0000
Dihedral 842  841  855  846   : -0.0000
Dihedral 844  846  847  849   : -0.0000
Dihedral 847  846  855  853   : -0.0000
Dihedral 846  847  849  851   : -0.0000
Dihedral 841  855  853  851   : -0.0000
Dihedral 842  841  855  853   : -0.0000
Side Chain Topographical Entropy (TRP 63) : 0.1698
Dihedral 868  862  860  870   : 1.1877
Dihedral 858  860  862  864   : 0.9167
Dihedral 864  862  860  870   : 0.9989
Dihedral 858  860  862  868   : 1.1515
Side Chain Topographical Entropy (THR 64) : 4.2549
Dihedral 872  874  876  882   : -0.0000
Dihedral 878  876  874  886   : -0.0000
Dihedral 882  876  874  886   : -0.0000
Dihedral 872  874  876  878   : -0.0000
Side Chain Topographical Entropy (VAL 65) : 0.0000
Side Chain Topographical Entropy (ALA 66) : 0.0000
Dihedral 906  908  910  919   : -0.0000
Dihedral 905  919  910  911   : -0.0000
Dihedral 908  910  911  913   : -0.0000
Dihedral 906  905  919  910   : -0.0000
Dihedral 906  908  910  911   : -0.0000
Dihedral 911  910  919  917   : -0.0000
Dihedral 905  902  900  920   : -0.0000
Dihedral 905  906  908  910   : -0.0000
Dihedral 898  900  902  905   : -0.0000
Dihedral 908  910  919  917   : -0.0000
Dihedral 905  919  917  915   : -0.0000
Dihedral 910  911  913  915   : -0.0000
Dihedral 910  919  917  915   : -0.0000
Dihedral 906  905  919  917   : -0.0000
Dihedral 900  902  905  919   : 1.9099
Dihedral 911  913  915  917   : -0.0000
Dihedral 902  905  906  908   : -0.0000
Dihedral 908  906  905  919   : -0.0000
Dihedral 913  915  917  919   : -0.0000
Dihedral 905  919  910  908   : -0.0000
Dihedral 902  905  919  910   : -0.0000
Dihedral 913  911  910  919   : -0.0000
Dihedral 902  905  919  917   : -0.0000
Side Chain Topographical Entropy (TRP 67) : 1.9099
Dihedral 922  924  926  929   : 0.1200
Dihedral 929  932  935  938   : 6.3154
Dihedral 929  926  924  942   : 0.1200
Dihedral 926  929  932  935   : 1.5893
Dihedral 924  926  929  932   : 1.1776
Side Chain Topographical Entropy (LYS 68) : 9.3222
Dihedral 946  948  951  953   : 5.5490
Dihedral 944  946  948  951   : -0.0000
Dihedral 951  948  946  956   : -0.0000
Side Chain Topographical Entropy (ASN 69) : 5.5490
Dihedral 960  962  965  967   : 8.5806
Dihedral 958  960  962  965   : 7.1377
Dihedral 965  962  960  970   : 7.1076
Side Chain Topographical Entropy (ASN 70) : 22.8259
Dihedral 980  982  984  987   : -0.0000
Dihedral 979  976  974  991   : -0.0000
Dihedral 980  979  989  987   : -0.0000
Dihedral 982  984  987  989   : -0.0000
Dihedral 979  989  987  984   : -0.0000
Dihedral 974  976  979  980   : -0.0000
Dihedral 976  979  980  982   : -0.0000
Dihedral 979  980  982  984   : -0.0000
Dihedral 976  979  989  987   : -0.0000
Dihedral 980  982  984  985   : -0.0000
Dihedral 982  980  979  989   : -0.0000
Dihedral 972  974  976  979   : 0.1698
Dihedral 985  984  987  989   : -0.0000
Dihedral 974  976  979  989   : 4.8903
Side Chain Topographical Entropy (TYR 71) : 5.0601
Dihedral 997  1000 1003 1006  : 2.5721
Dihedral 995  997  1000 1003  : 0.5216
Dihedral 1000 997  995  1015  : 0.4270
Dihedral 1003 1006 1008 1012  : -0.0000
Dihedral 1003 1006 1008 1009  : 0.2168
Dihedral 993  995  997  1000  : 0.4927
Side Chain Topographical Entropy (ARG 72) : 4.2301
Dihedral 1019 1021 1024 1026  : 0.0657
Dihedral 1017 1019 1021 1024  : 0.1200
Dihedral 1024 1021 1019 1029  : -0.0000
Side Chain Topographical Entropy (ASN 73) : 0.1857
Side Chain Topographical Entropy (ALA 74) : 0.0000
Dihedral 1045 1048 1054 1053  : -0.0000
Dihedral 1041 1043 1045 1048  : -0.0000
Dihedral 1048 1045 1043 1056  : -0.0000
Dihedral 1043 1045 1048 1049  : 0.0657
Dihedral 1049 1048 1054 1053  : -0.0000
Dihedral 1043 1045 1048 1054  : 0.7161
Dihedral 1048 1054 1053 1051  : -0.0000
Dihedral 1049 1051 1053 1054  : -0.0000
Dihedral 1051 1049 1048 1054  : -0.0000
Dihedral 1045 1048 1049 1051  : -0.0000
Dihedral 1048 1049 1051 1053  : -0.0000
Side Chain Topographical Entropy (HID 75) : 0.7818
Dihedral 1058 1060 1062 1065  : 5.9738
Dihedral 1065 1062 1060 1067  : 5.8626
Side Chain Topographical Entropy (SER 76) : 11.8364
Side Chain Topographical Entropy (ALA 77) : 0.0000
Dihedral 1079 1081 1083 1085  : 0.0657
Dihedral 1085 1083 1081 1091  : 0.0657
Dihedral 1079 1081 1083 1089  : -0.0000
Dihedral 1089 1083 1081 1091  : -0.0000
Side Chain Topographical Entropy (THR 78) : 0.1315
Dihedral 1093 1095 1097 1103  : 0.1200
Dihedral 1099 1097 1095 1105  : -0.0000
Dihedral 1093 1095 1097 1099  : 0.0657
Dihedral 1103 1097 1095 1105  : -0.0000
Side Chain Topographical Entropy (THR 79) : 0.1857
Dihedral 1114 1115 1117 1119  : -0.0000
Dihedral 1120 1119 1128 1126  : -0.0000
Dihedral 1114 1128 1119 1120  : -0.0000
Dihedral 1122 1124 1126 1128  : -0.0000
Dihedral 1117 1119 1120 1122  : -0.0000
Dihedral 1114 1111 1109 1129  : -0.0000
Dihedral 1117 1119 1128 1126  : -0.0000
Dihedral 1122 1120 1119 1128  : -0.0000
Dihedral 1111 1114 1128 1126  : -0.0000
Dihedral 1117 1115 1114 1128  : -0.0000
Dihedral 1120 1122 1124 1126  : -0.0000
Dihedral 1119 1128 1126 1124  : -0.0000
Dihedral 1114 1128 1119 1117  : -0.0000
Dihedral 1107 1109 1111 1114  : -0.0000
Dihedral 1115 1117 1119 1128  : -0.0000
Dihedral 1109 1111 1114 1128  : 2.1303
Dihedral 1111 1114 1128 1119  : -0.0000
Dihedral 1115 1117 1119 1120  : -0.0000
Dihedral 1115 1114 1128 1126  : -0.0000
Dihedral 1119 1120 1122 1124  : -0.0000
Dihedral 1115 1114 1128 1119  : -0.0000
Dihedral 1111 1114 1115 1117  : -0.0000
Dihedral 1114 1128 1126 1124  : -0.0000
Side Chain Topographical Entropy (TRP 80) : 2.1303
Dihedral 1131 1133 1135 1138  : 0.1200
Dihedral 1138 1135 1133 1140  : 0.1200
Side Chain Topographical Entropy (SER 81) : 0.2399
Side Chain Topographical Entropy (GLY 82) : 0.0000
Dihedral 1149 1151 1153 1156  : 5.5734
Dihedral 1151 1153 1156 1159  : 0.2617
Dihedral 1153 1156 1159 1161  : 5.0019
Dihedral 1156 1153 1151 1164  : 5.5277
Side Chain Topographical Entropy (GLN 83) : 16.3648
Dihedral 1170 1173 1183 1181  : -0.0000
Dihedral 1176 1178 1181 1183  : -0.0000
Dihedral 1173 1170 1168 1185  : -0.0000
Dihedral 1174 1173 1183 1181  : -0.0000
Dihedral 1174 1176 1178 1179  : -0.0000
Dihedral 1179 1178 1181 1183  : -0.0000
Dihedral 1173 1174 1176 1178  : -0.0000
Dihedral 1168 1170 1173 1183  : -0.0000
Dihedral 1173 1183 1181 1178  : -0.0000
Dihedral 1168 1170 1173 1174  : 5.6814
Dihedral 1176 1174 1173 1183  : -0.0000
Dihedral 1166 1168 1170 1173  : -0.0000
Dihedral 1174 1176 1178 1181  : -0.0000
Dihedral 1170 1173 1174 1176  : -0.0000
Side Chain Topographical Entropy (TYR 84) : 5.6814
Dihedral 1197 1191 1189 1201  : 2.7964
Dihedral 1187 1189 1191 1197  : 3.1232
Dihedral 1187 1189 1191 1193  : 3.0485
Dihedral 1193 1191 1189 1201  : 2.8149
Side Chain Topographical Entropy (VAL 85) : 11.7829
Side Chain Topographical Entropy (GLY 86) : 0.0000
Side Chain Topographical Entropy (GLY 87) : 0.0000
Side Chain Topographical Entropy (ALA 88) : 0.0000
Dihedral 1227 1229 1231 1234  : 5.5415
Dihedral 1231 1234 1237 1238  : 9.0941
Dihedral 1229 1231 1234 1237  : 7.5418
Dihedral 1234 1231 1229 1240  : 5.5590
Dihedral 1231 1234 1237 1239  : 8.6540
Side Chain Topographical Entropy (GLU 89) : 36.3904
Side Chain Topographical Entropy (ALA 90) : 0.0000
Dihedral 1262 1265 1267 1268  : 0.0657
Dihedral 1259 1256 1254 1274  : 4.5259
Dihedral 1262 1265 1267 1271  : -0.0000
Dihedral 1252 1254 1256 1259  : 4.9869
Dihedral 1254 1256 1259 1262  : 3.6694
Dihedral 1256 1259 1262 1265  : 5.3909
Side Chain Topographical Entropy (ARG 91) : 18.6388
Dihedral 1282 1280 1278 1293  : 0.1698
Dihedral 1286 1280 1278 1293  : 0.2617
Dihedral 1282 1280 1286 1289  : 0.4531
Dihedral 1276 1278 1280 1286  : 0.3468
Dihedral 1278 1280 1286 1289  : 0.2825
Dihedral 1276 1278 1280 1282  : 0.1698
Side Chain Topographical Entropy (ILE 92) : 1.6837
Dihedral 1295 1297 1299 1302  : 1.5090
Dihedral 1302 1299 1297 1307  : 1.3747
Dihedral 1297 1299 1302 1304  : 5.0907
Side Chain Topographical Entropy (ASN 93) : 7.9745
Dihedral 1315 1313 1311 1321  : -0.0000
Dihedral 1309 1311 1313 1319  : 0.6476
Dihedral 1309 1311 1313 1315  : 0.5405
Dihedral 1319 1313 1311 1321  : 0.0657
Side Chain Topographical Entropy (THR 94) : 1.2538
Dihedral 1330 1327 1325 1338  : 0.0657
Dihedral 1327 1330 1333 1335  : 1.9326
Dihedral 1323 1325 1327 1330  : 0.0657
Dihedral 1325 1327 1330 1333  : 1.0619
Side Chain Topographical Entropy (GLN 95) : 3.1260
Dihedral 1348 1347 1361 1352  : -0.0000
Dihedral 1348 1350 1352 1361  : -0.0000
Dihedral 1352 1353 1355 1357  : -0.0000
Dihedral 1355 1353 1352 1361  : -0.0000
Dihedral 1350 1352 1353 1355  : -0.0000
Dihedral 1340 1342 1344 1347  : -0.0000
Dihedral 1342 1344 1347 1361  : 0.8473
Dihedral 1348 1350 1352 1353  : -0.0000
Dihedral 1344 1347 1361 1352  : -0.0000
Dihedral 1347 1361 1352 1353  : -0.0000
Dihedral 1347 1348 1350 1352  : -0.0000
Dihedral 1344 1347 1348 1350  : -0.0000
Dihedral 1353 1355 1357 1359  : -0.0000
Dihedral 1347 1361 1359 1357  : -0.0000
Dihedral 1347 1344 1342 1362  : -0.0000
Dihedral 1344 1347 1361 1359  : -0.0000
Dihedral 1352 1361 1359 1357  : -0.0000
Dihedral 1353 1352 1361 1359  : -0.0000
Dihedral 1347 1361 1352 1350  : -0.0000
Dihedral 1348 1347 1361 1359  : -0.0000
Dihedral 1355 1357 1359 1361  : -0.0000
Dihedral 1350 1352 1361 1359  : -0.0000
Dihedral 1350 1348 1347 1361  : -0.0000
Side Chain Topographical Entropy (TRP 96) : 0.8473
Dihedral 1364 1366 1368 1371  : 0.1200
Dihedral 1366 1368 1371 1373  : 0.1315
Dihedral 1366 1368 1371 1377  : 0.0657
Dihedral 1371 1368 1366 1381  : -0.0000
Side Chain Topographical Entropy (LEU 97) : 0.3172
Dihedral 1385 1387 1390 1392  : 2.4180
Dihedral 1390 1387 1385 1400  : 0.1200
Dihedral 1385 1387 1390 1396  : 2.4377
Dihedral 1383 1385 1387 1390  : 0.2399
Side Chain Topographical Entropy (LEU 98) : 5.2155
Dihedral 1402 1404 1406 1408  : 1.9326
Dihedral 1408 1406 1404 1414  : 0.3050
Dihedral 1412 1406 1404 1414  : 0.2168
Dihedral 1402 1404 1406 1412  : 1.7944
Side Chain Topographical Entropy (THR 99) : 4.2488
Dihedral 1416 1418 1420 1423  : 7.7364
Dihedral 1423 1420 1418 1425  : 7.7403
Side Chain Topographical Entropy (SER 100) : 15.4768
Side Chain Topographical Entropy (GLY 101) : 0.0000
Dihedral 1444 1438 1436 1446  : -0.0000
Dihedral 1440 1438 1436 1446  : -0.0000
Dihedral 1434 1436 1438 1440  : -0.0000
Dihedral 1434 1436 1438 1444  : 0.1200
Side Chain Topographical Entropy (THR 102) : 0.1200
Dihedral 1454 1452 1450 1460  : -0.0000
Dihedral 1458 1452 1450 1460  : -0.0000
Dihedral 1448 1450 1452 1454  : 0.0657
Dihedral 1448 1450 1452 1458  : 0.0657
Side Chain Topographical Entropy (THR 103) : 0.1315
Dihedral 1469 1466 1464 1475  : 7.6454
Dihedral 1466 1469 1472 1473  : 9.0006
Dihedral 1462 1464 1466 1469  : 7.6458
Dihedral 1464 1466 1469 1472  : 8.2811
Dihedral 1466 1469 1472 1474  : 9.1121
Side Chain Topographical Entropy (GLU 104) : 41.6851
Side Chain Topographical Entropy (ALA 105) : 0.0000
Dihedral 1487 1489 1491 1494  : 0.6821
Dihedral 1494 1491 1489 1499  : 0.8473
Dihedral 1489 1491 1494 1496  : 3.8729
Side Chain Topographical Entropy (ASN 106) : 5.4022
Side Chain Topographical Entropy (ALA 107) : 0.0000
Dihedral 1526 1528 1530 1532  : -0.0000
Dihedral 1521 1523 1524 1526  : -0.0000
Dihedral 1515 1518 1532 1530  : -0.0000
Dihedral 1519 1521 1523 1532  : -0.0000
Dihedral 1521 1519 1518 1532  : -0.0000
Dihedral 1519 1521 1523 1524  : -0.0000
Dihedral 1518 1532 1530 1528  : -0.0000
Dihedral 1523 1532 1530 1528  : -0.0000
Dihedral 1524 1526 1528 1530  : -0.0000
Dihedral 1515 1518 1532 1523  : -0.0000
Dihedral 1518 1519 1521 1523  : -0.0000
Dihedral 1515 1518 1519 1521  : -0.0000
Dihedral 1518 1532 1523 1524  : -0.0000
Dihedral 1523 1524 1526 1528  : -0.0000
Dihedral 1511 1513 1515 1518  : 0.0657
Dihedral 1519 1518 1532 1523  : -0.0000
Dihedral 1519 1518 1532 1530  : -0.0000
Dihedral 1513 1515 1518 1532  : 5.7618
Dihedral 1518 1532 1523 1521  : -0.0000
Dihedral 1526 1524 1523 1532  : -0.0000
Dihedral 1524 1523 1532 1530  : -0.0000
Dihedral 1521 1523 1532 1530  : -0.0000
Dihedral 1518 1515 1513 1533  : -0.0000
Side Chain Topographical Entropy (TRP 108) : 5.8275
Dihedral 1542 1539 1537 1555  : -0.0000
Dihedral 1542 1545 1548 1551  : 3.0079
Dihedral 1539 1542 1545 1548  : 4.9399
Dihedral 1537 1539 1542 1545  : 0.1857
Dihedral 1535 1537 1539 1542  : -0.0000
Side Chain Topographical Entropy (LYS 109) : 8.1335
Dihedral 1564 1561 1559 1566  : 1.1203
Dihedral 1557 1559 1561 1564  : 1.0913
Side Chain Topographical Entropy (SER 110) : 2.2116
Dihedral 1568 1570 1572 1574  : 0.0657
Dihedral 1568 1570 1572 1578  : -0.0000
Dihedral 1578 1572 1570 1580  : -0.0000
Dihedral 1574 1572 1570 1580  : -0.0000
Side Chain Topographical Entropy (THR 111) : 0.0657
Dihedral 1584 1586 1589 1591  : 2.5916
Dihedral 1582 1584 1586 1589  : 1.0978
Dihedral 1589 1586 1584 1599  : 1.1568
Dihedral 1584 1586 1589 1595  : 2.6662
Side Chain Topographical Entropy (LEU 112) : 7.5123
Dihedral 1611 1605 1603 1615  : 0.1698
Dihedral 1601 1603 1605 1611  : 0.4656
Dihedral 1607 1605 1603 1615  : 0.1698
Dihedral 1601 1603 1605 1607  : 0.2168
Side Chain Topographical Entropy (VAL 113) : 1.0221
Side Chain Topographical Entropy (GLY 114) : 0.0000
Dihedral 1632 1634 1636 1637  : -0.0000
Dihedral 1626 1628 1631 1637  : 5.6742
Dihedral 1628 1631 1637 1636  : -0.0000
Dihedral 1631 1637 1636 1634  : -0.0000
Dihedral 1628 1631 1632 1634  : -0.0000
Dihedral 1624 1626 1628 1631  : 0.1698
Dihedral 1631 1632 1634 1636  : -0.0000
Dihedral 1631 1628 1626 1639  : 0.0657
Dihedral 1634 1632 1631 1637  : -0.0000
Dihedral 1626 1628 1631 1632  : -0.0000
Dihedral 1632 1631 1637 1636  : -0.0000
Side Chain Topographical Entropy (HID 115) : 5.9098
Dihedral 1648 1645 1643 1651  : 0.6125
Dihedral 1641 1643 1645 1648  : 0.3468
Dihedral 1643 1645 1648 1650  : 6.4742
Dihedral 1643 1645 1648 1649  : 4.3720
Side Chain Topographical Entropy (ASP 116) : 11.8054
Dihedral 1663 1657 1655 1665  : -0.0000
Dihedral 1659 1657 1655 1665  : -0.0000
Dihedral 1653 1655 1657 1663  : -0.0000
Dihedral 1653 1655 1657 1659  : -0.0000
Side Chain Topographical Entropy (THR 117) : 0.0000
Dihedral 1674 1675 1677 1679  : -0.0000
Dihedral 1677 1679 1681 1683  : -0.0000
Dihedral 1677 1675 1674 1683  : -0.0000
Dihedral 1675 1674 1683 1681  : -0.0000
Dihedral 1675 1677 1679 1681  : -0.0000
Dihedral 1674 1671 1669 1685  : -0.0000
Dihedral 1671 1674 1675 1677  : -0.0000
Dihedral 1669 1671 1674 1675  : 5.6717
Dihedral 1671 1674 1683 1681  : -0.0000
Dihedral 1669 1671 1674 1683  : -0.0000
Dihedral 1674 1683 1681 1679  : -0.0000
Dihedral 1667 1669 1671 1674  : 0.0657
Side Chain Topographical Entropy (PHE 118) : 5.7375
Dihedral 1687 1689 1691 1693  : 5.4789
Dihedral 1697 1691 1689 1699  : 5.5319
Dihedral 1693 1691 1689 1699  : 5.4789
Dihedral 1687 1689 1691 1697  : 5.6102
Side Chain Topographical Entropy (THR 119) : 22.0997
Dihedral 1705 1708 1711 1714  : 3.8463
Dihedral 1703 1705 1708 1711  : 2.1001
Dihedral 1708 1705 1703 1721  : 5.3243
Dihedral 1701 1703 1705 1708  : 3.7904
Dihedral 1708 1711 1714 1717  : 2.0093
Side Chain Topographical Entropy (LYS 120) : 17.0705
Dihedral 1729 1727 1725 1737  : 6.8425
Dihedral 1723 1725 1727 1729  : 6.8416
Dihedral 1723 1725 1727 1733  : 6.8396
Dihedral 1733 1727 1725 1737  : 6.8421
Side Chain Topographical Entropy (VAL 121) : 27.3657
Dihedral 1746 1743 1741 1759  : 6.6754
Dihedral 1741 1743 1746 1749  : 0.7315
Dihedral 1739 1741 1743 1746  : 6.6693
Dihedral 1746 1749 1752 1755  : 5.1900
Dihedral 1743 1746 1749 1752  : 7.7300
Side Chain Topographical Entropy (LYS 122) : 26.9962
Dihedral 1762 1765 1768 1771  : 5.2610
Dihedral 1765 1768 1771 1773  : 3.9694
Dihedral 1761 1771 1768 1765  : 2.8984
Dihedral 1761 1762 1765 1768  : 4.7733
Dihedral 1759 1761 1762 1765  : 2.9499
Side Chain Topographical Entropy (PRO 123) : 19.8521
Dihedral 1782 1779 1777 1784  : 7.8958
Dihedral 1775 1777 1779 1782  : 7.8924
Side Chain Topographical Entropy (SER 124) : 15.7882
Side Chain Topographical Entropy (ALA 125) : 0.0000
Side Chain Topographical Entropy (ALA 126) : 0.0000
Dihedral 1813 1810 1808 1815  : 5.6316
Dihedral 1806 1808 1810 1813  : 5.7057
Side Chain Topographical Entropy (CSER 127) : 11.3372
____________________________________________________________
Total SC Topog. Entropy                  :        1004.205
------------------------------------------------------------
------------------------------------------------------------
Topographical entropy of BB dihedrals 
 computed using the pLogp formalism
------------------------------------------------------------
Dihedral 145  151  153  155   : 0.4270 (-10000)
Dihedral 331  334  336  338   : -0.0000 (-10000)
Dihedral 590  589  591  593   : -0.0000 (-10000)
Dihedral 76   75   77   79    : 0.1200 (-10000)
Dihedral 1700 1699 1701 1703  : -0.0000 (-10000)
Dihedral 142  141  143  145   : 1.0023 (-10000)
Dihedral 746  745  747  749   : 0.0657 (-10000)
Dihedral 765  764  766  768   : 0.3050 (-10000)
Dihedral 155  168  170  172   : 0.0657 (-10000)
Dihedral 423  434  436  438   : -0.0000 (-10000)
Dihedral 687  686  688  690   : -0.0000 (-10000)
Dihedral 124  141  143  145   : -0.0000 (-10000)
Dihedral 1623 1622 1624 1626  : -0.0000 (-10000)
Dihedral 121  120  122  124   : -0.0000 (-10000)
Dihedral 874  886  888  890   : -0.0000 (-10000)
Dihedral 14   25   27   29    : 0.0657 (-10000)
Dihedral 1297 1307 1309 1311  : 0.1200 (-10000)
Dihedral 1760 1759 1761 1762  : -0.0000 (-10000)
Dihedral 1464 1475 1477 1479  : -0.0000 (-10000)
Dihedral 897  896  898  900   : -0.0000 (-10000)
Dihedral 1741 1759 1761 1771  : -0.0000 (-10000)
Dihedral 833  832  834  836   : -0.0000 (-10000)
Dihedral 957  956  958  960   : -0.0000 (-10000)
Dihedral 1322 1321 1323 1325  : 2.2770 (-10000)
Dihedral 328  327  329  331   : 0.6476 (-10000)
Dihedral 1774 1773 1775 1777  : 0.1698 (-10000)
Dihedral 974  991  993  995   : 0.1200 (-10000)
Dihedral 1600 1599 1601 1603  : -0.0000 (-10000)
Dihedral 1165 1164 1166 1168  : 0.5405 (-10000)
Dihedral 1643 1651 1653 1655  : -0.0000 (-10000)
Dihedral 776  775  777  779   : 0.1200 (-10000)
Dihedral 860  870  872  874   : -0.0000 (-10000)
Dihedral 1489 1499 1501 1503  : 0.1200 (-10000)
Dihedral 1513 1533 1535 1537  : 0.0657 (-10000)
Dihedral 100  120  122  124   : 0.1698 (-10000)
Dihedral 735  745  747  749   : 0.2168 (-10000)
Dihedral 1486 1485 1487 1489  : -0.0000 (-10000)
Dihedral 1308 1307 1309 1311  : -0.0000 (-10000)
Dihedral 364  363  365  367   : -0.0000 (-10000)
Dihedral 319  327  329  331   : -0.0000 (-10000)
Dihedral 259  258  260  262   : -0.0000 (-10000)
Dihedral 1415 1414 1416 1418  : 0.4270 (-10000)
Dihedral 493  492  494  496   : -0.0000 (-10000)
Dihedral 388  398  400  402   : -0.0000 (-10000)
Dihedral 1325 1338 1340 1342  : 0.1200 (-10000)
Dihedral 1461 1460 1462 1464  : -0.0000 (-10000)
Dihedral 1479 1485 1487 1489  : 0.0657 (-10000)
Dihedral 309  315  317  319   : 0.1200 (-10000)
Dihedral 496  502  504  506   : -0.0000 (-10000)
Dihedral 348  363  365  367   : 0.0657 (-10000)
Dihedral 1030 1029 1031 1033  : -0.0000 (-10000)
Dihedral 1785 1784 1786 1788  : -0.0000 (-10000)
Dihedral 1404 1414 1416 1418  : 0.2168 (-10000)
Dihedral 1366 1381 1383 1385  : -0.0000 (-10000)
Dihedral 220  219  221  223   : 0.5768 (-10000)
Dihedral 1244 1250 1252 1254  : 0.2168 (-10000)
Dihedral 1144 1147 1149 1151  : -0.0000 (-10000)
Dihedral 1148 1147 1149 1151  : -0.0000 (-10000)
Dihedral 518  517  519  521   : -0.0000 (-10000)
Dihedral 690  697  699  701   : -0.0000 (-10000)
Dihedral 1040 1039 1041 1043  : 0.1698 (-10000)
Dihedral 1109 1129 1131 1133  : -0.0000 (-10000)
Dihedral 367  377  379  381   : 0.1698 (-10000)
Dihedral 1503 1509 1511 1513  : -0.0000 (-10000)
Dihedral 65   75   77   79    : -0.0000 (-10000)
Dihedral 1294 1293 1295 1297  : 0.3874 (-10000)
Dihedral 1019 1029 1031 1033  : -0.0000 (-10000)
Dihedral 960  970  972  974   : -0.0000 (-10000)
Dihedral 299  298  300  302   : 0.3468 (-10000)
Dihedral 678  686  688  690   : -0.0000 (-10000)
Dihedral 1722 1721 1723 1725  : 0.0657 (-10000)
Dihedral 1016 1015 1017 1019  : 0.2168 (-10000)
Dihedral 1738 1737 1739 1741  : -0.0000 (-10000)
Dihedral 1655 1665 1667 1669  : -0.0000 (-10000)
Dihedral 698  697  699  701   : 0.2617 (-10000)
Dihedral 240  239  241  243   : 0.1698 (-10000)
Dihedral 1534 1533 1535 1537  : -0.0000 (-10000)
Dihedral 675  674  676  678   : 0.1698 (-10000)
Dihedral 1071 1077 1079 1081  : -0.0000 (-10000)
Dihedral 1133 1140 1142 1144  : 0.0657 (-10000)
Dihedral 1804 1806 1808 1815  : 2.9750 (  127)
Dihedral 1363 1362 1364 1366  : 0.4270 (-10000)
Dihedral 86   96   98   100   : 0.1200 (-10000)
Dihedral 1033 1039 1041 1043  : -0.0000 (-10000)
Dihedral 612  622  624  626   : 0.0657 (-10000)
Dihedral 943  942  944  946   : 0.2617 (-10000)
Dihedral 971  970  972  974   : -0.0000 (-10000)
Dihedral 946  956  958  960   : -0.0000 (-10000)
Dihedral 1447 1446 1448 1450  : 0.7826 (-10000)
Dihedral 479  478  480  482   : -0.0000 (-10000)
Dihedral 79   82   84   86    : -0.0000 (-10000)
Dihedral 992  991  993  995   : -0.0000 (-10000)
Dihedral 39   42   44   46    : -0.0000 (-10000)
Dihedral 574  573  575  577   : -0.0000 (-10000)
Dihedral 1219 1225 1227 1229  : -0.0000 (-10000)
Dihedral 701  707  709  710   : -0.0000 (-10000)
Dihedral 623  622  624  626   : -0.0000 (-10000)
Dihedral 1510 1509 1511 1513  : 0.0657 (-10000)
Dihedral 1669 1685 1687 1689  : -0.0000 (-10000)
Dihedral 4    10   12   14    : -0.0000 (-10000)
Dihedral 399  398  400  402   : 0.1200 (-10000)
Dihedral 800  806  808  810   : -0.0000 (-10000)
Dihedral 449  455  457  459   : 0.3874 (-10000)
Dihedral 1652 1651 1653 1655  : 0.2617 (-10000)
Dihedral 475  478  480  482   : 0.2168 (-10000)
Dihedral 890  896  898  900   : 0.5768 (-10000)
Dihedral 195  194  196  198   : 0.1200 (-10000)
Dihedral 1189 1201 1203 1205  : 0.1200 (-10000)
Dihedral 1429 1432 1434 1436  : 0.1200 (-10000)
Dihedral 1686 1685 1687 1689  : -0.0000 (-10000)
Dihedral 1212 1215 1217 1219  : 0.0657 (-10000)
Dihedral 316  315  317  319   : -0.0000 (-10000)
Dihedral 779  782  784  786   : -0.0000 (-10000)
Dihedral 857  856  858  860   : -0.0000 (-10000)
Dihedral 1804 1806 1808 1810  : 3.4971 (  127)
Dihedral 1418 1425 1427 1429  : -0.0000 (-10000)
Dihedral 1339 1338 1340 1342  : -0.0000 (-10000)
Dihedral 1619 1622 1624 1626  : 0.0657 (-10000)
Dihedral 1226 1225 1227 1229  : 0.3050 (-10000)
Dihedral 1741 1759 1761 1762  : 0.7161 (-10000)
Dihedral 1068 1067 1069 1071  : -0.0000 (-10000)
Dihedral 1537 1555 1557 1559  : -0.0000 (-10000)
Dihedral 191  194  196  198   : 0.2168 (-10000)
Dihedral 378  377  379  381   : 0.1200 (-10000)
Dihedral 381  384  386  388   : -0.0000 (-10000)
Dihedral 1081 1091 1093 1095  : -0.0000 (-10000)
Dihedral 1202 1201 1203 1205  : -0.0000 (-10000)
Dihedral 1584 1599 1601 1603  : 0.0657 (-10000)
Dihedral 1229 1240 1242 1244  : 0.1200 (-10000)
Dihedral 243  258  260  262   : 0.5768 (-10000)
Dihedral 725  731  733  735   : 0.0657 (-10000)
Dihedral 482  492  494  496   : 0.0657 (-10000)
Dihedral 719  721  723  725   : -0.0000 (-10000)
Dihedral 1241 1240 1242 1244  : -0.0000 (-10000)
Dihedral 1556 1555 1557 1559  : -0.0000 (-10000)
Dihedral 521  528  530  532   : -0.0000 (-10000)
Dihedral 1777 1784 1786 1788  : -0.0000 (-10000)
Dihedral 924  942  944  946   : -0.0000 (-10000)
Dihedral 1603 1615 1617 1619  : -0.0000 (-10000)
Dihedral 1689 1699 1701 1703  : 0.1200 (-10000)
Dihedral 438  445  447  449   : -0.0000 (-10000)
Dihedral 1450 1460 1462 1464  : 0.1200 (-10000)
Dihedral 786  796  798  800   : -0.0000 (-10000)
Dihedral 223  239  241  243   : -0.0000 (-10000)
Dihedral 198  205  207  209   : 0.0657 (-10000)
Dihedral 609  608  610  612   : 0.1698 (-10000)
Dihedral 1476 1475 1477 1479  : -0.0000 (-10000)
Dihedral 1275 1274 1276 1278  : 0.2617 (-10000)
Dihedral 1311 1321 1323 1325  : -0.0000 (-10000)
Dihedral 1342 1362 1364 1366  : -0.0000 (-10000)
Dihedral 633  653  655  657   : -0.0000 (-10000)
Dihedral 169  168  170  172   : 0.3050 (-10000)
Dihedral 345  344  346  348   : 0.1698 (-10000)
Dihedral 654  653  655  657   : -0.0000 (-10000)
Dihedral 995  1015 1017 1019  : -0.0000 (-10000)
Dihedral 1640 1639 1641 1643  : -0.0000 (-10000)
Dihedral 1798 1804 1806 1808  : -0.0000 (-10000)
Dihedral 1151 1164 1166 1168  : -0.0000 (-10000)
Dihedral 1725 1737 1739 1741  : 0.2168 (-10000)
Dihedral 1760 1759 1761 1771  : 0.0657 (-10000)
Dihedral 1581 1580 1582 1584  : 0.3050 (-10000)
Dihedral 630  629  631  633   : -0.0000 (-10000)
Dihedral 1433 1432 1434 1436  : -0.0000 (-10000)
Dihedral 810  825  827  829   : -0.0000 (-10000)
Dihedral 420  419  421  423   : -0.0000 (-10000)
Dihedral 732  731  733  735   : -0.0000 (-10000)
Dihedral 459  471  473  475   : -0.0000 (-10000)
Dihedral 1703 1721 1723 1725  : 0.0657 (-10000)
Dihedral 797  796  798  800   : 0.1200 (-10000)
Dihedral 292  298  300  302   : 0.0657 (-10000)
Dihedral 26   25   27   29    : 0.1200 (-10000)
Dihedral 1205 1208 1210 1212  : 0.2168 (-10000)
Dihedral 1426 1425 1427 1429  : 1.3698 (-10000)
Dihedral 1401 1400 1402 1404  : -0.0000 (-10000)
Dihedral 556  573  575  577   : -0.0000 (-10000)
Dihedral 206  205  207  209   : -0.0000 (-10000)
Dihedral 1626 1639 1641 1643  : 0.0657 (-10000)
Dihedral 593  608  610  612   : -0.0000 (-10000)
Dihedral 1382 1381 1383 1385  : -0.0000 (-10000)
Dihedral 1385 1400 1402 1404  : -0.0000 (-10000)
Dihedral 553  552  554  556   : -0.0000 (-10000)
Dihedral 43   42   44   46    : 0.0657 (-10000)
Dihedral 836  856  858  860   : -0.0000 (-10000)
Dihedral 503  502  504  506   : -0.0000 (-10000)
Dihedral 871  870  872  874   : 0.3874 (-10000)
Dihedral 921  920  922  924   : 0.1698 (-10000)
Dihedral 1254 1274 1276 1278  : -0.0000 (-10000)
Dihedral 783  782  784  786   : -0.0000 (-10000)
Dihedral 1278 1293 1295 1297  : -0.0000 (-10000)
Dihedral 1095 1105 1107 1109  : -0.0000 (-10000)
Dihedral 577  589  591  593   : -0.0000 (-10000)
Dihedral 626  629  631  633   : 0.0657 (-10000)
Dihedral 1092 1091 1093 1095  : -0.0000 (-10000)
Dihedral 1168 1185 1187 1189  : -0.0000 (-10000)
Dihedral 1216 1215 1217 1219  : 0.2168 (-10000)
Dihedral 1130 1129 1131 1133  : 0.1200 (-10000)
Dihedral 829  832  834  836   : 0.0657 (-10000)
Dihedral 1078 1077 1079 1081  : -0.0000 (-10000)
Dihedral 335  334  336  338   : -0.0000 (-10000)
Dihedral 657  674  676  678   : -0.0000 (-10000)
Dihedral 1436 1446 1448 1450  : -0.0000 (-10000)
Dihedral 722  721  723  725   : 0.0657 (-10000)
Dihedral 1559 1566 1568 1570  : -0.0000 (-10000)
Dihedral 278  288  290  292   : 0.2168 (-10000)
Dihedral 435  434  436  438   : -0.0000 (-10000)
Dihedral 338  344  346  348   : -0.0000 (-10000)
Dihedral 62   61   63   65    : -0.0000 (-10000)
Dihedral 529  528  530  532   : 0.0657 (-10000)
Dihedral 900  920  922  924   : 0.1200 (-10000)
Dihedral 761  764  766  768   : -0.0000 (-10000)
Dihedral 1186 1185 1187 1189  : -0.0000 (-10000)
Dihedral 1567 1566 1568 1570  : -0.0000 (-10000)
Dihedral 1209 1208 1210 1212  : -0.0000 (-10000)
Dihedral 768  775  777  779   : -0.0000 (-10000)
Dihedral 887  886  888  890   : 1.3964 (-10000)
Dihedral 1788 1794 1796 1798  : 0.0657 (-10000)
Dihedral 1060 1067 1069 1071  : -0.0000 (-10000)
Dihedral 1805 1804 1806 1808  : 0.0657 (-10000)
Dihedral 1141 1140 1142 1144  : -0.0000 (-10000)
Dihedral 749  757  759  761   : -0.0000 (-10000)
Dihedral 262  274  276  278   : -0.0000 (-10000)
Dihedral 1570 1580 1582 1584  : -0.0000 (-10000)
Dihedral 306  305  307  309   : -0.0000 (-10000)
Dihedral 1251 1250 1252 1254  : -0.0000 (-10000)
Dihedral 701  707  709  719   : -0.0000 (-10000)
Dihedral 36   35   37   39    : 0.0657 (-10000)
Dihedral 188  187  189  191   : 0.5034 (-10000)
Dihedral 97   96   98   100   : -0.0000 (-10000)
Dihedral 807  806  808  810   : -0.0000 (-10000)
Dihedral 1057 1056 1058 1060  : -0.0000 (-10000)
Dihedral 1106 1105 1107 1109  : -0.0000 (-10000)
Dihedral 1795 1794 1796 1798  : 0.0657 (-10000)
Dihedral 446  445  447  449   : 0.0657 (-10000)
Dihedral 289  288  290  292   : 0.1200 (-10000)
Dihedral 532  552  554  556   : 0.1698 (-10000)
Dihedral 275  274  276  278   : 0.1698 (-10000)
Dihedral 402  419  421  423   : 0.0657 (-10000)
Dihedral 826  825  827  829   : 0.0657 (-10000)
Dihedral 29   35   37   39    : 0.1200 (-10000)
Dihedral 6    4    10   12    : 0.5034 (    1)
Dihedral 83   82   84   86    : 0.2617 (-10000)
Dihedral 1043 1056 1058 1060  : 0.6821 (-10000)
Dihedral 209  219  221  223   : -0.0000 (-10000)
Dihedral 1500 1499 1501 1503  : -0.0000 (-10000)
Dihedral 172  187  189  191   : 0.2168 (-10000)
Dihedral 11   10   12   14    : 0.3468 (-10000)
Dihedral 456  455  457  459   : -0.0000 (-10000)
Dihedral 758  757  759  761   : -0.0000 (-10000)
Dihedral 506  517  519  521   : -0.0000 (-10000)
Dihedral 708  707  709  710   : -0.0000 (-10000)
Dihedral 1666 1665 1667 1669  : -0.0000 (-10000)
Dihedral 1771 1773 1775 1777  : 0.1200 (-10000)
Dihedral 152  151  153  155   : 0.0657 (-10000)
Dihedral 472  471  473  475   : 0.3874 (-10000)
Dihedral 708  707  709  719   : -0.0000 (-10000)
Dihedral 385  384  386  388   : -0.0000 (-10000)
Dihedral 1616 1615 1617 1619  : -0.0000 (-10000)
Dihedral 46   61   63   65    : -0.0000 (-10000)
Dihedral 302  305  307  309   : 0.3468 (-10000)
____________________________________________________________
Total BB Topog. Entropy                  :          34.204
------------------------------------------------------------
____________________________________________________________
Total Entropy                            :        1038.410
------------------------------------------------------------
