RESNAME,RESID,FF_ENTROPY(J/mol/K),TT_ENTROPY(J/mol/K)
NALA,1,9.275873895554419,38.95427583308464
GLU,2,23.238569412871293,21.45661687925613
ALA,3,6.282697618329462,25.487656552583864
GLY,4,2.76967498228703,12.24465372880922
ILE,5,24.896771169106238,53.777382958925905
THR,6,19.272039550955217,36.12759794357489
GLY,7,2.6461649570141637,12.501167785170036
THR,8,19.13671032216368,32.932352442344474
TRP,9,44.726901197649106,41.08886140689495
TYR,10,39.529843732369464,37.272667771690664
ALA,11,6.159837475825822,24.604109338551822
GLN,12,25.425348144856187,32.945595988868554
LEU,13,23.531253937966998,51.86095617749867
GLY,14,2.649482879590156,11.091137918472208
SER,15,10.65582350269832,19.823928222342396
THR,16,18.521001695753224,33.616328904370874
PHE,17,30.50378580593361,35.508679107534526
ILE,18,24.299486368624326,52.46497702089242
VAL,19,18.135537052772246,43.16979932769702
THR,20,19.036174252685058,35.03972886738067
ALA,21,6.945378415217456,26.231978924013966
GLY,22,2.2755156029316783,12.049871906370402
ALA,23,5.824109838582033,25.817773781347135
ASP,24,18.51119760909085,15.307821687337597
GLY,25,2.4938719184422493,11.602441470819109
ALA,26,7.0926872978941375,24.70287482937116
LEU,27,24.997182384332675,51.680497382939244
THR,28,19.155686966101655,33.66750551503391
GLY,29,2.609168755525303,12.261056868316693
THR,30,17.53314941973187,33.22568332785748
TYR,31,38.349481181160996,38.50343042161053
GLU,32,23.230436328527837,21.260154191037813
SER,33,10.695299182315098,20.742021069991786
ALA,34,5.653033122757719,25.365458127968854
VAL,35,16.844044778274405,42.62106490873269
GLY,36,2.3291132839317994,11.979234996941393
ASN,37,18.367523418340504,24.661393032643616
ALA,38,5.517324278242683,24.236034826752565
GLU,39,23.549041530307424,21.203803254365205
SER,40,10.450354371435694,19.797321259358498
ARG,41,38.67143153114074,54.89228432698842
TYR,42,39.596976606304715,38.50331961522368
VAL,43,18.69691225539667,43.586621725670334
LEU,44,24.364870925677693,49.34968144998028
THR,45,19.028791958511814,34.28271461402551
GLY,46,2.6505126777135404,11.779005614629943
ARG,47,41.06955144811193,57.70757753388816
TYR,48,39.09118542625909,37.68183294228214
ASP,49,22.387321290012327,16.10999716744454
SER,50,12.142149229753269,21.72516563696084
ALA,51,6.8778930142309145,23.23310294127047
PRO,52,12.267393105842988,25.799200527265086
ALA,53,6.8256684974027,25.48913312724864
THR,54,17.99888086403148,35.08637487789747
ASP,55,19.339987044332666,15.180889572847272
GLY,56,2.7172010575212515,12.98571836019003
SER,57,12.039331459310354,21.400593664128667
GLY,58,2.699150619523426,12.787926508363267
THR,59,18.28233916237688,33.97135983709067
ALA,60,6.65428683558829,25.746940679271614
LEU,61,24.407386931107542,52.10213301626287
GLY,62,2.350059459485273,12.849032594089072
TRP,63,45.19594079896151,42.21810563921183
THR,64,19.59545083381489,33.61798598692838
VAL,65,18.593610490598444,43.436429964356215
ALA,66,6.621833805495781,25.61223310505771
TRP,67,45.15455424361204,37.910349745570834
LYS,68,28.67788898450244,53.164197506114995
ASN,69,22.582824565498747,27.61602433044434
ASN,70,19.820315623283655,26.22451659752151
TYR,71,37.036575079841796,38.31621641670125
ARG,72,40.049370639008394,58.18455270135921
ASN,73,22.564906316878293,27.16692160156417
ALA,74,6.913697416495893,24.446750248396924
HID,75,26.69968997560285,28.702077032991376
SER,76,11.80281609268545,21.330882769830893
ALA,77,6.218369525518076,23.89321178898741
THR,78,18.70136214790534,33.512641536241915
THR,79,19.16421774038162,33.989946768072144
TRP,80,45.53751831136263,41.737064008803095
SER,81,11.832943297531907,21.474347537647823
GLY,82,2.796521668032347,13.473282434532736
GLN,83,28.815063327360846,33.94061412964616
TYR,84,39.721340699707966,38.521111614944374
VAL,85,17.348780309830925,42.73403493448877
GLY,86,2.2548060287415956,12.377552372118071
GLY,87,2.254484886476449,12.39537594153995
ALA,88,5.876659529518939,24.75316916828126
GLU,89,22.981064143681994,21.854879839057453
ALA,90,6.347446854664362,24.034424504400956
ARG,91,42.19682708545163,56.07090406415577
ILE,92,25.089209241014,52.23545057763556
ASN,93,21.373261724327502,26.184250132756365
THR,94,18.35874079173086,35.69098375479574
GLN,95,30.387887253368493,35.55050339217341
TRP,96,47.465705647162615,41.75703356656511
LEU,97,24.902103596406945,51.32699779351563
LEU,98,24.549898249350516,52.07688090113852
THR,99,20.233468855930912,34.49939729028589
SER,100,11.272957227015313,20.411184763530837
GLY,101,2.7720420860873274,13.16678266274533
THR,102,18.133282338605593,34.371159435605286
THR,103,20.295840274770708,35.97527781477549
GLU,104,23.859560088471145,21.893087406312304
ALA,105,6.694614235610816,24.877843373052052
ASN,106,22.06437769556792,26.788335934584822
ALA,107,6.633392642292915,25.689595064776086
TRP,108,44.016144295790774,41.16448238217516
LYS,109,29.110135882685157,53.27086548836614
SER,110,11.379443289841301,21.440921473671185
THR,111,18.726221721452752,34.54647629250973
LEU,112,24.86236033260546,50.92996186414876
VAL,113,18.31276606475313,43.2640765970321
GLY,114,2.6510551235742765,13.419379870535648
HID,115,28.024370161005265,28.628790708946863
ASP,116,19.925281351037995,15.730368460766433
THR,117,18.543694726521565,35.21196367532949
PHE,118,31.21420438975746,35.700465610133755
THR,119,18.358631309024542,34.69573334130113
LYS,120,27.286274095413237,53.19068393320444
VAL,121,16.640403016697526,43.63678045126505
LYS,122,26.46702470399091,51.89716551945621
PRO,123,11.393465876876585,26.676298583355432
SER,124,9.968582817431551,20.49089406355373
ALA,125,5.59233095767022,25.09358546951414
ALA,126,4.855822232383604,24.835579398388425
CSER,127,14.163007720635877,19.593300715503208
