------------------------------------------------------------
Topographical entropy of residue side chains 
computed using all the dihedrals with correlation/pLogp formalism
------------------------------------------------------------
Side Chain Topographical Entropy from corr. pLogP method (NALA 1) : -0.0000
Side Chain Topographical Entropy from corr. pLogP method (GLU 2) : 21.7983
Side Chain Topographical Entropy from corr. pLogP method (ALA 3) : -0.0000
Side Chain Topographical Entropy from corr. pLogP method (GLY 4) : -0.0000
Side Chain Topographical Entropy from corr. pLogP method (ILE 5) : 1.0609
Side Chain Topographical Entropy from corr. pLogP method (THR 6) : 0.7161
Side Chain Topographical Entropy from corr. pLogP method (GLY 7) : -0.0000
Side Chain Topographical Entropy from corr. pLogP method (THR 8) : 0.0657
Side Chain Topographical Entropy from corr. pLogP method (TRP 9) : -0.0000
Side Chain Topographical Entropy from corr. pLogP method (TYR 10) : 5.5319
Side Chain Topographical Entropy from corr. pLogP method (ALA 11) : -0.0000
Side Chain Topographical Entropy from corr. pLogP method (GLN 12) : 20.0800
Side Chain Topographical Entropy from corr. pLogP method (LEU 13) : 6.8188
Side Chain Topographical Entropy from corr. pLogP method (GLY 14) : -0.0000
Side Chain Topographical Entropy from corr. pLogP method (SER 15) : 7.9480
Side Chain Topographical Entropy from corr. pLogP method (THR 16) : 0.0657
Side Chain Topographical Entropy from corr. pLogP method (PHE 17) : 0.2825
Side Chain Topographical Entropy from corr. pLogP method (ILE 18) : 10.1466
Side Chain Topographical Entropy from corr. pLogP method (VAL 19) : 1.5004
Side Chain Topographical Entropy from corr. pLogP method (THR 20) : 6.5410
Side Chain Topographical Entropy from corr. pLogP method (ALA 21) : -0.0000
Side Chain Topographical Entropy from corr. pLogP method (GLY 22) : -0.0000
Side Chain Topographical Entropy from corr. pLogP method (ALA 23) : -0.0000
Side Chain Topographical Entropy from corr. pLogP method (ASP 24) : 15.2962
Side Chain Topographical Entropy from corr. pLogP method (GLY 25) : -0.0000
Side Chain Topographical Entropy from corr. pLogP method (ALA 26) : -0.0000
Side Chain Topographical Entropy from corr. pLogP method (LEU 27) : 7.6865
Side Chain Topographical Entropy from corr. pLogP method (THR 28) : 4.6082
Side Chain Topographical Entropy from corr. pLogP method (GLY 29) : -0.0000
Side Chain Topographical Entropy from corr. pLogP method (THR 30) : 2.0438
Side Chain Topographical Entropy from corr. pLogP method (TYR 31) : 4.1378
Side Chain Topographical Entropy from corr. pLogP method (GLU 32) : 14.8936
Side Chain Topographical Entropy from corr. pLogP method (SER 33) : 7.2848
Side Chain Topographical Entropy from corr. pLogP method (ALA 34) : -0.0000
Side Chain Topographical Entropy from corr. pLogP method (VAL 35) : 6.2049
Side Chain Topographical Entropy from corr. pLogP method (GLY 36) : -0.0000
Side Chain Topographical Entropy from corr. pLogP method (ASN 37) : 10.7801
Side Chain Topographical Entropy from corr. pLogP method (ALA 38) : -0.0000
Side Chain Topographical Entropy from corr. pLogP method (GLU 39) : 20.4611
Side Chain Topographical Entropy from corr. pLogP method (SER 40) : 6.7438
Side Chain Topographical Entropy from corr. pLogP method (ARG 41) : 15.7568
Side Chain Topographical Entropy from corr. pLogP method (TYR 42) : 0.0657
Side Chain Topographical Entropy from corr. pLogP method (VAL 43) : 0.6125
Side Chain Topographical Entropy from corr. pLogP method (LEU 44) : 1.4024
Side Chain Topographical Entropy from corr. pLogP method (THR 45) : 0.2168
Side Chain Topographical Entropy from corr. pLogP method (GLY 46) : -0.0000
Side Chain Topographical Entropy from corr. pLogP method (ARG 47) : 0.2168
Side Chain Topographical Entropy from corr. pLogP method (TYR 48) : 4.1057
Side Chain Topographical Entropy from corr. pLogP method (ASP 49) : 3.8427
Side Chain Topographical Entropy from corr. pLogP method (SER 50) : 1.9223
Side Chain Topographical Entropy from corr. pLogP method (ALA 51) : -0.0000
Side Chain Topographical Entropy from corr. pLogP method (PRO 52) : 12.4500
Side Chain Topographical Entropy from corr. pLogP method (ALA 53) : -0.0000
Side Chain Topographical Entropy from corr. pLogP method (THR 54) : 6.9385
Side Chain Topographical Entropy from corr. pLogP method (ASP 55) : 5.9947
Side Chain Topographical Entropy from corr. pLogP method (GLY 56) : -0.0000
Side Chain Topographical Entropy from corr. pLogP method (SER 57) : -0.0000
Side Chain Topographical Entropy from corr. pLogP method (GLY 58) : -0.0000
Side Chain Topographical Entropy from corr. pLogP method (THR 59) : 2.9329
Side Chain Topographical Entropy from corr. pLogP method (ALA 60) : -0.0000
Side Chain Topographical Entropy from corr. pLogP method (LEU 61) : 3.7569
Side Chain Topographical Entropy from corr. pLogP method (GLY 62) : -0.0000
Side Chain Topographical Entropy from corr. pLogP method (TRP 63) : 0.1200
Side Chain Topographical Entropy from corr. pLogP method (THR 64) : 2.0245
Side Chain Topographical Entropy from corr. pLogP method (VAL 65) : -0.0000
Side Chain Topographical Entropy from corr. pLogP method (ALA 66) : -0.0000
Side Chain Topographical Entropy from corr. pLogP method (TRP 67) : -0.0000
Side Chain Topographical Entropy from corr. pLogP method (LYS 68) : 11.2961
Side Chain Topographical Entropy from corr. pLogP method (ASN 69) : 5.6277
Side Chain Topographical Entropy from corr. pLogP method (ASN 70) : 14.0587
Side Chain Topographical Entropy from corr. pLogP method (TYR 71) : 5.0838
Side Chain Topographical Entropy from corr. pLogP method (ARG 72) : 14.1756
Side Chain Topographical Entropy from corr. pLogP method (ASN 73) : 2.7489
Side Chain Topographical Entropy from corr. pLogP method (ALA 74) : -0.0000
Side Chain Topographical Entropy from corr. pLogP method (HID 75) : 0.3874
Side Chain Topographical Entropy from corr. pLogP method (SER 76) : 5.8623
Side Chain Topographical Entropy from corr. pLogP method (ALA 77) : -0.0000
Side Chain Topographical Entropy from corr. pLogP method (THR 78) : -0.0000
Side Chain Topographical Entropy from corr. pLogP method (THR 79) : 0.1200
Side Chain Topographical Entropy from corr. pLogP method (TRP 80) : 2.0656
Side Chain Topographical Entropy from corr. pLogP method (SER 81) : 0.8473
Side Chain Topographical Entropy from corr. pLogP method (GLY 82) : -0.0000
Side Chain Topographical Entropy from corr. pLogP method (GLN 83) : 10.5593
Side Chain Topographical Entropy from corr. pLogP method (TYR 84) : -0.0000
Side Chain Topographical Entropy from corr. pLogP method (VAL 85) : 0.6821
Side Chain Topographical Entropy from corr. pLogP method (GLY 86) : -0.0000
Side Chain Topographical Entropy from corr. pLogP method (GLY 87) : -0.0000
Side Chain Topographical Entropy from corr. pLogP method (ALA 88) : -0.0000
Side Chain Topographical Entropy from corr. pLogP method (GLU 89) : 17.2079
Side Chain Topographical Entropy from corr. pLogP method (ALA 90) : -0.0000
Side Chain Topographical Entropy from corr. pLogP method (ARG 91) : 13.1539
Side Chain Topographical Entropy from corr. pLogP method (ILE 92) : 0.2897
Side Chain Topographical Entropy from corr. pLogP method (ASN 93) : 6.4769
Side Chain Topographical Entropy from corr. pLogP method (THR 94) : 0.0657
Side Chain Topographical Entropy from corr. pLogP method (GLN 95) : 8.6515
Side Chain Topographical Entropy from corr. pLogP method (TRP 96) : 1.0023
Side Chain Topographical Entropy from corr. pLogP method (LEU 97) : -0.0000
Side Chain Topographical Entropy from corr. pLogP method (LEU 98) : 5.5805
Side Chain Topographical Entropy from corr. pLogP method (THR 99) : -0.0000
Side Chain Topographical Entropy from corr. pLogP method (SER 100) : 8.5435
Side Chain Topographical Entropy from corr. pLogP method (GLY 101) : -0.0000
Side Chain Topographical Entropy from corr. pLogP method (THR 102) : 5.5043
Side Chain Topographical Entropy from corr. pLogP method (THR 103) : 0.0657
Side Chain Topographical Entropy from corr. pLogP method (GLU 104) : 19.5856
Side Chain Topographical Entropy from corr. pLogP method (ALA 105) : -0.0000
Side Chain Topographical Entropy from corr. pLogP method (ASN 106) : 2.6272
Side Chain Topographical Entropy from corr. pLogP method (ALA 107) : -0.0000
Side Chain Topographical Entropy from corr. pLogP method (TRP 108) : 5.7984
Side Chain Topographical Entropy from corr. pLogP method (LYS 109) : 12.0454
Side Chain Topographical Entropy from corr. pLogP method (SER 110) : 2.4483
Side Chain Topographical Entropy from corr. pLogP method (THR 111) : -0.0000
Side Chain Topographical Entropy from corr. pLogP method (LEU 112) : 2.3063
Side Chain Topographical Entropy from corr. pLogP method (VAL 113) : -0.0000
Side Chain Topographical Entropy from corr. pLogP method (GLY 114) : -0.0000
Side Chain Topographical Entropy from corr. pLogP method (HID 115) : 5.1558
Side Chain Topographical Entropy from corr. pLogP method (ASP 116) : 8.8508
Side Chain Topographical Entropy from corr. pLogP method (THR 117) : 2.2148
Side Chain Topographical Entropy from corr. pLogP method (PHE 118) : -0.0000
Side Chain Topographical Entropy from corr. pLogP method (THR 119) : -0.0000
Side Chain Topographical Entropy from corr. pLogP method (LYS 120) : 9.4670
Side Chain Topographical Entropy from corr. pLogP method (VAL 121) : 2.0926
Side Chain Topographical Entropy from corr. pLogP method (LYS 122) : 16.7476
Side Chain Topographical Entropy from corr. pLogP method (PRO 123) : 13.8604
Side Chain Topographical Entropy from corr. pLogP method (SER 124) : 7.6357
Side Chain Topographical Entropy from corr. pLogP method (ALA 125) : -0.0000
Side Chain Topographical Entropy from corr. pLogP method (ALA 126) : -0.0000
Side Chain Topographical Entropy from corr. pLogP method (CSER 127) : 3.6105
____________________________________________________________
Total SC Topog. Entropy (corr. pLogP)    :         499.559
------------------------------------------------------------
____________________________________________________________
Total BB Topog. Entropy (corr. pLogP)    :          18.732
------------------------------------------------------------
____________________________________________________________
Total Entropy                            :         518.291
------------------------------------------------------------
