------------------------------------------------------------
Topographical entropy of residue side chains 
computed using all the dihedrals with correlation/pLogp formalism
------------------------------------------------------------
Side Chain Topographical Entropy from corr. pLogP method (NALA 1) : -0.0000
Side Chain Topographical Entropy from corr. pLogP method (GLU 2) : 23.3882
Side Chain Topographical Entropy from corr. pLogP method (ALA 3) : -0.0000
Side Chain Topographical Entropy from corr. pLogP method (GLY 4) : -0.0000
Side Chain Topographical Entropy from corr. pLogP method (ILE 5) : 1.5034
Side Chain Topographical Entropy from corr. pLogP method (THR 6) : -0.0000
Side Chain Topographical Entropy from corr. pLogP method (GLY 7) : -0.0000
Side Chain Topographical Entropy from corr. pLogP method (THR 8) : 0.0657
Side Chain Topographical Entropy from corr. pLogP method (TRP 9) : -0.0000
Side Chain Topographical Entropy from corr. pLogP method (TYR 10) : 5.7972
Side Chain Topographical Entropy from corr. pLogP method (ALA 11) : -0.0000
Side Chain Topographical Entropy from corr. pLogP method (GLN 12) : 21.6436
Side Chain Topographical Entropy from corr. pLogP method (LEU 13) : 4.4010
Side Chain Topographical Entropy from corr. pLogP method (GLY 14) : -0.0000
Side Chain Topographical Entropy from corr. pLogP method (SER 15) : 5.8114
Side Chain Topographical Entropy from corr. pLogP method (THR 16) : 5.6216
Side Chain Topographical Entropy from corr. pLogP method (PHE 17) : -0.0000
Side Chain Topographical Entropy from corr. pLogP method (ILE 18) : 7.1625
Side Chain Topographical Entropy from corr. pLogP method (VAL 19) : 3.2342
Side Chain Topographical Entropy from corr. pLogP method (THR 20) : 0.0657
Side Chain Topographical Entropy from corr. pLogP method (ALA 21) : -0.0000
Side Chain Topographical Entropy from corr. pLogP method (GLY 22) : -0.0000
Side Chain Topographical Entropy from corr. pLogP method (ALA 23) : -0.0000
Side Chain Topographical Entropy from corr. pLogP method (ASP 24) : 8.5574
Side Chain Topographical Entropy from corr. pLogP method (GLY 25) : -0.0000
Side Chain Topographical Entropy from corr. pLogP method (ALA 26) : -0.0000
Side Chain Topographical Entropy from corr. pLogP method (LEU 27) : 5.3378
Side Chain Topographical Entropy from corr. pLogP method (THR 28) : 6.0977
Side Chain Topographical Entropy from corr. pLogP method (GLY 29) : -0.0000
Side Chain Topographical Entropy from corr. pLogP method (THR 30) : 4.0905
Side Chain Topographical Entropy from corr. pLogP method (TYR 31) : 8.4554
Side Chain Topographical Entropy from corr. pLogP method (GLU 32) : 13.6239
Side Chain Topographical Entropy from corr. pLogP method (SER 33) : 8.4662
Side Chain Topographical Entropy from corr. pLogP method (ALA 34) : -0.0000
Side Chain Topographical Entropy from corr. pLogP method (VAL 35) : 6.8552
Side Chain Topographical Entropy from corr. pLogP method (GLY 36) : -0.0000
Side Chain Topographical Entropy from corr. pLogP method (ASN 37) : 13.4759
Side Chain Topographical Entropy from corr. pLogP method (ALA 38) : -0.0000
Side Chain Topographical Entropy from corr. pLogP method (GLU 39) : 17.5953
Side Chain Topographical Entropy from corr. pLogP method (SER 40) : 7.9734
Side Chain Topographical Entropy from corr. pLogP method (ARG 41) : 12.6386
Side Chain Topographical Entropy from corr. pLogP method (TYR 42) : -0.0000
Side Chain Topographical Entropy from corr. pLogP method (VAL 43) : -0.0000
Side Chain Topographical Entropy from corr. pLogP method (LEU 44) : 2.5441
Side Chain Topographical Entropy from corr. pLogP method (THR 45) : 4.9980
Side Chain Topographical Entropy from corr. pLogP method (GLY 46) : -0.0000
Side Chain Topographical Entropy from corr. pLogP method (ARG 47) : 7.4161
Side Chain Topographical Entropy from corr. pLogP method (TYR 48) : 3.6312
Side Chain Topographical Entropy from corr. pLogP method (ASP 49) : 0.7495
Side Chain Topographical Entropy from corr. pLogP method (SER 50) : 0.0657
Side Chain Topographical Entropy from corr. pLogP method (ALA 51) : -0.0000
Side Chain Topographical Entropy from corr. pLogP method (PRO 52) : 7.5400
Side Chain Topographical Entropy from corr. pLogP method (ALA 53) : -0.0000
Side Chain Topographical Entropy from corr. pLogP method (THR 54) : 4.7820
Side Chain Topographical Entropy from corr. pLogP method (ASP 55) : 7.0729
Side Chain Topographical Entropy from corr. pLogP method (GLY 56) : -0.0000
Side Chain Topographical Entropy from corr. pLogP method (SER 57) : -0.0000
Side Chain Topographical Entropy from corr. pLogP method (GLY 58) : -0.0000
Side Chain Topographical Entropy from corr. pLogP method (THR 59) : -0.0000
Side Chain Topographical Entropy from corr. pLogP method (ALA 60) : -0.0000
Side Chain Topographical Entropy from corr. pLogP method (LEU 61) : 4.7540
Side Chain Topographical Entropy from corr. pLogP method (GLY 62) : -0.0000
Side Chain Topographical Entropy from corr. pLogP method (TRP 63) : -0.0000
Side Chain Topographical Entropy from corr. pLogP method (THR 64) : -0.0000
Side Chain Topographical Entropy from corr. pLogP method (VAL 65) : -0.0000
Side Chain Topographical Entropy from corr. pLogP method (ALA 66) : -0.0000
Side Chain Topographical Entropy from corr. pLogP method (TRP 67) : -0.0000
Side Chain Topographical Entropy from corr. pLogP method (LYS 68) : 11.0092
Side Chain Topographical Entropy from corr. pLogP method (ASN 69) : 5.7472
Side Chain Topographical Entropy from corr. pLogP method (ASN 70) : 15.1716
Side Chain Topographical Entropy from corr. pLogP method (TYR 71) : 6.7709
Side Chain Topographical Entropy from corr. pLogP method (ARG 72) : 14.6966
Side Chain Topographical Entropy from corr. pLogP method (ASN 73) : 0.1200
Side Chain Topographical Entropy from corr. pLogP method (ALA 74) : -0.0000
Side Chain Topographical Entropy from corr. pLogP method (HID 75) : 0.4656
Side Chain Topographical Entropy from corr. pLogP method (SER 76) : 0.4784
Side Chain Topographical Entropy from corr. pLogP method (ALA 77) : -0.0000
Side Chain Topographical Entropy from corr. pLogP method (THR 78) : -0.0000
Side Chain Topographical Entropy from corr. pLogP method (THR 79) : -0.0000
Side Chain Topographical Entropy from corr. pLogP method (TRP 80) : 1.7708
Side Chain Topographical Entropy from corr. pLogP method (SER 81) : 0.0657
Side Chain Topographical Entropy from corr. pLogP method (GLY 82) : -0.0000
Side Chain Topographical Entropy from corr. pLogP method (GLN 83) : 8.6585
Side Chain Topographical Entropy from corr. pLogP method (TYR 84) : 0.0657
Side Chain Topographical Entropy from corr. pLogP method (VAL 85) : 2.1581
Side Chain Topographical Entropy from corr. pLogP method (GLY 86) : -0.0000
Side Chain Topographical Entropy from corr. pLogP method (GLY 87) : -0.0000
Side Chain Topographical Entropy from corr. pLogP method (ALA 88) : -0.0000
Side Chain Topographical Entropy from corr. pLogP method (GLU 89) : 20.8073
Side Chain Topographical Entropy from corr. pLogP method (ALA 90) : -0.0000
Side Chain Topographical Entropy from corr. pLogP method (ARG 91) : 7.9148
Side Chain Topographical Entropy from corr. pLogP method (ILE 92) : 0.3056
Side Chain Topographical Entropy from corr. pLogP method (ASN 93) : 10.1215
Side Chain Topographical Entropy from corr. pLogP method (THR 94) : -0.0000
Side Chain Topographical Entropy from corr. pLogP method (GLN 95) : 2.5263
Side Chain Topographical Entropy from corr. pLogP method (TRP 96) : 0.6125
Side Chain Topographical Entropy from corr. pLogP method (LEU 97) : 0.1698
Side Chain Topographical Entropy from corr. pLogP method (LEU 98) : 0.1200
Side Chain Topographical Entropy from corr. pLogP method (THR 99) : -0.0000
Side Chain Topographical Entropy from corr. pLogP method (SER 100) : 4.8161
Side Chain Topographical Entropy from corr. pLogP method (GLY 101) : -0.0000
Side Chain Topographical Entropy from corr. pLogP method (THR 102) : 3.4564
Side Chain Topographical Entropy from corr. pLogP method (THR 103) : -0.0000
Side Chain Topographical Entropy from corr. pLogP method (GLU 104) : 22.5396
Side Chain Topographical Entropy from corr. pLogP method (ALA 105) : -0.0000
Side Chain Topographical Entropy from corr. pLogP method (ASN 106) : 3.0248
Side Chain Topographical Entropy from corr. pLogP method (ALA 107) : -0.0000
Side Chain Topographical Entropy from corr. pLogP method (TRP 108) : 5.6905
Side Chain Topographical Entropy from corr. pLogP method (LYS 109) : 8.0932
Side Chain Topographical Entropy from corr. pLogP method (SER 110) : 0.0657
Side Chain Topographical Entropy from corr. pLogP method (THR 111) : -0.0000
Side Chain Topographical Entropy from corr. pLogP method (LEU 112) : 0.8794
Side Chain Topographical Entropy from corr. pLogP method (VAL 113) : -0.0000
Side Chain Topographical Entropy from corr. pLogP method (GLY 114) : -0.0000
Side Chain Topographical Entropy from corr. pLogP method (HID 115) : 5.7787
Side Chain Topographical Entropy from corr. pLogP method (ASP 116) : 9.4701
Side Chain Topographical Entropy from corr. pLogP method (THR 117) : 5.7294
Side Chain Topographical Entropy from corr. pLogP method (PHE 118) : 0.0657
Side Chain Topographical Entropy from corr. pLogP method (THR 119) : 3.9194
Side Chain Topographical Entropy from corr. pLogP method (LYS 120) : 13.4279
Side Chain Topographical Entropy from corr. pLogP method (VAL 121) : 7.2542
Side Chain Topographical Entropy from corr. pLogP method (LYS 122) : 18.8691
Side Chain Topographical Entropy from corr. pLogP method (PRO 123) : 14.0760
Side Chain Topographical Entropy from corr. pLogP method (SER 124) : 7.7629
Side Chain Topographical Entropy from corr. pLogP method (ALA 125) : -0.0000
Side Chain Topographical Entropy from corr. pLogP method (ALA 126) : -0.0000
Side Chain Topographical Entropy from corr. pLogP method (CSER 127) : 3.4765
____________________________________________________________
Total SC Topog. Entropy (corr. pLogP)    :         483.567
------------------------------------------------------------
____________________________________________________________
Total BB Topog. Entropy (corr. pLogP)    :          18.898
------------------------------------------------------------
____________________________________________________________
Total Entropy                            :         502.465
------------------------------------------------------------
