------------------------------------------------------------
            Hierarchy level. --> United Atom <--            
------------------------------------------------------------
      RESNAME   RESID  FF_ENTROPY  TT_ENTROPY
UATOM NALA          1       9.325      38.338
UATOM GLU           2      23.433      20.861
UATOM ALA           3       6.485      24.413
UATOM GLY           4       2.933      13.097
UATOM ILE           5      25.016      51.094
UATOM THR           6      20.521      35.182
UATOM GLY           7       2.802      13.734
UATOM THR           8      20.102      35.581
UATOM TRP           9      52.209      41.660
UATOM TYR          10      44.898      38.112
UATOM ALA          11       6.601      25.184
UATOM GLN          12      26.828      32.964
UATOM LEU          13      23.874      50.925
UATOM GLY          14       2.673      12.846
UATOM SER          15      11.723      20.785
UATOM THR          16      19.813      35.119
UATOM PHE          17      32.958      35.957
UATOM ILE          18      25.158      52.412
UATOM VAL          19      19.148      43.154
UATOM THR          20      18.709      34.463
UATOM ALA          21       7.012      26.880
UATOM GLY          22       2.676      13.550
UATOM ALA          23       6.918      26.236
UATOM ASP          24      18.588      14.911
UATOM GLY          25       2.817      12.312
UATOM ALA          26       7.531      25.938
UATOM LEU          27      25.519      52.293
UATOM THR          28      18.507      34.430
UATOM GLY          29       2.552      13.404
UATOM THR          30      20.311      34.341
UATOM TYR          31      43.963      38.048
UATOM GLU          32      25.063      22.668
UATOM SER          33      11.774      21.280
UATOM ALA          34       6.295      23.692
UATOM VAL          35      16.859      43.966
UATOM GLY          36       2.341      11.715
UATOM ASN          37      18.927      25.348
UATOM ALA          38       6.182      24.412
UATOM GLU          39      23.641      22.293
UATOM SER          40      11.482      20.315
UATOM ARG          41      42.268      56.350
UATOM TYR          42      43.190      38.632
UATOM VAL          43      19.508      44.938
UATOM LEU          44      26.508      50.797
UATOM THR          45      20.440      35.425
UATOM GLY          46       2.864      13.093
UATOM ARG          47      45.033      58.024
UATOM TYR          48      44.801      39.121
UATOM ASP          49      24.776      15.676
UATOM SER          50      12.171      23.013
UATOM ALA          51       6.939      24.045
UATOM PRO          52      13.650      27.166
UATOM ALA          53       7.354      26.553
UATOM THR          54      17.891      33.945
UATOM ASP          55      20.610      15.377
UATOM GLY          56       2.873      13.267
UATOM SER          57      12.190      20.164
UATOM GLY          58       2.421      13.017
UATOM THR          59      19.873      33.137
UATOM ALA          60       7.275      25.599
UATOM LEU          61      24.424      51.809
UATOM GLY          62       2.766      13.195
UATOM TRP          63      52.077      41.851
UATOM THR          64      20.216      34.085
UATOM VAL          65      19.470      43.687
UATOM ALA          66       7.910      25.401
UATOM TRP          67      53.022      42.052
UATOM LYS          68      28.916      53.601
UATOM ASN          69      21.679      26.846
UATOM ASN          70      20.423      26.897
UATOM TYR          71      38.010      38.478
UATOM ARG          72      38.784      57.051
UATOM ASN          73      23.400      26.555
UATOM ALA          74       7.053      26.351
UATOM HID          75      30.834      30.103
UATOM SER          76      12.844      22.880
UATOM ALA          77       7.210      25.139
UATOM THR          78      20.694      34.467
UATOM THR          79      21.306      34.578
UATOM TRP          80      52.643      40.988
UATOM SER          81      12.394      20.366
UATOM GLY          82       2.903      13.362
UATOM GLN          83      29.274      33.864
UATOM TYR          84      44.390      37.916
UATOM VAL          85      19.083      43.058
UATOM GLY          86       2.670      11.742
UATOM GLY          87       2.543      13.338
UATOM ALA          88       6.802      25.911
UATOM GLU          89      25.576      21.868
UATOM ALA          90       6.726      24.159
UATOM ARG          91      40.609      55.675
UATOM ILE          92      26.112      51.014
UATOM ASN          93      22.878      25.849
UATOM THR          94      20.445      33.253
UATOM GLN          95      31.430      33.900
UATOM TRP          96      54.582      41.748
UATOM LEU          97      26.736      51.856
UATOM LEU          98      27.584      53.184
UATOM THR          99      20.187      35.505
UATOM SER         100      12.335      21.905
UATOM GLY         101       2.435      12.420
UATOM THR         102      19.849      35.864
UATOM THR         103      20.096      35.591
UATOM GLU         104      24.859      22.552
UATOM ALA         105       6.571      26.085
UATOM ASN         106      22.354      27.659
UATOM ALA         107       6.663      26.038
UATOM TRP         108      50.206      41.727
UATOM LYS         109      28.955      52.158
UATOM SER         110      12.632      21.580
UATOM THR         111      20.455      36.274
UATOM LEU         112      26.214      50.595
UATOM VAL         113      20.314      42.994
UATOM GLY         114       2.694      12.500
UATOM HID         115      29.750      27.823
UATOM ASP         116      20.768      14.456
UATOM THR         117      20.729      34.246
UATOM PHE         118      35.132      35.067
UATOM THR         119      19.679      34.129
UATOM LYS         120      29.792      53.166
UATOM VAL         121      18.705      45.109
UATOM LYS         122      27.994      53.696
UATOM PRO         123      12.107      26.401
UATOM SER         124      10.495      20.828
UATOM ALA         125       5.425      26.029
UATOM ALA         126       5.192      24.240
UATOM CSER        127      13.833      19.673
____________________________________________________________
Total Entropy FF (UA level) :        2519.641 J/mol/K
Total Entropy TT (UA level) :        3975.639 J/mol/K
------------------------------------------------------------
____________________________________________________________
Total Entropy                            :        6495.279
------------------------------------------------------------
