------------------------------------------------------------
Topographical entropy of residue side chains 
computed using all the dihedrals with correlation/pLogp formalism
------------------------------------------------------------
Side Chain Topographical Entropy from corr. pLogP method (NALA 1) : -0.0000
Side Chain Topographical Entropy from corr. pLogP method (GLU 2) : 13.8557
Side Chain Topographical Entropy from corr. pLogP method (ALA 3) : -0.0000
Side Chain Topographical Entropy from corr. pLogP method (GLY 4) : -0.0000
Side Chain Topographical Entropy from corr. pLogP method (ILE 5) : 1.0069
Side Chain Topographical Entropy from corr. pLogP method (THR 6) : 2.6477
Side Chain Topographical Entropy from corr. pLogP method (GLY 7) : -0.0000
Side Chain Topographical Entropy from corr. pLogP method (THR 8) : 0.1200
Side Chain Topographical Entropy from corr. pLogP method (TRP 9) : -0.0000
Side Chain Topographical Entropy from corr. pLogP method (TYR 10) : 5.7071
Side Chain Topographical Entropy from corr. pLogP method (ALA 11) : -0.0000
Side Chain Topographical Entropy from corr. pLogP method (GLN 12) : 20.5768
Side Chain Topographical Entropy from corr. pLogP method (LEU 13) : 5.9510
Side Chain Topographical Entropy from corr. pLogP method (GLY 14) : -0.0000
Side Chain Topographical Entropy from corr. pLogP method (SER 15) : 2.2807
Side Chain Topographical Entropy from corr. pLogP method (THR 16) : 1.2058
Side Chain Topographical Entropy from corr. pLogP method (PHE 17) : 8.7319
Side Chain Topographical Entropy from corr. pLogP method (ILE 18) : 7.6776
Side Chain Topographical Entropy from corr. pLogP method (VAL 19) : 6.6156
Side Chain Topographical Entropy from corr. pLogP method (THR 20) : 7.7603
Side Chain Topographical Entropy from corr. pLogP method (ALA 21) : -0.0000
Side Chain Topographical Entropy from corr. pLogP method (GLY 22) : -0.0000
Side Chain Topographical Entropy from corr. pLogP method (ALA 23) : -0.0000
Side Chain Topographical Entropy from corr. pLogP method (ASP 24) : 16.9605
Side Chain Topographical Entropy from corr. pLogP method (GLY 25) : -0.0000
Side Chain Topographical Entropy from corr. pLogP method (ALA 26) : -0.0000
Side Chain Topographical Entropy from corr. pLogP method (LEU 27) : 9.0465
Side Chain Topographical Entropy from corr. pLogP method (THR 28) : 8.3274
Side Chain Topographical Entropy from corr. pLogP method (GLY 29) : -0.0000
Side Chain Topographical Entropy from corr. pLogP method (THR 30) : -0.0000
Side Chain Topographical Entropy from corr. pLogP method (TYR 31) : 8.7007
Side Chain Topographical Entropy from corr. pLogP method (GLU 32) : 8.3712
Side Chain Topographical Entropy from corr. pLogP method (SER 33) : 8.2943
Side Chain Topographical Entropy from corr. pLogP method (ALA 34) : -0.0000
Side Chain Topographical Entropy from corr. pLogP method (VAL 35) : 3.9174
Side Chain Topographical Entropy from corr. pLogP method (GLY 36) : -0.0000
Side Chain Topographical Entropy from corr. pLogP method (ASN 37) : 9.9582
Side Chain Topographical Entropy from corr. pLogP method (ALA 38) : -0.0000
Side Chain Topographical Entropy from corr. pLogP method (GLU 39) : 18.7778
Side Chain Topographical Entropy from corr. pLogP method (SER 40) : 4.6578
Side Chain Topographical Entropy from corr. pLogP method (ARG 41) : 0.5889
Side Chain Topographical Entropy from corr. pLogP method (TYR 42) : -0.0000
Side Chain Topographical Entropy from corr. pLogP method (VAL 43) : 0.1200
Side Chain Topographical Entropy from corr. pLogP method (LEU 44) : 0.1698
Side Chain Topographical Entropy from corr. pLogP method (THR 45) : 1.9751
Side Chain Topographical Entropy from corr. pLogP method (GLY 46) : -0.0000
Side Chain Topographical Entropy from corr. pLogP method (ARG 47) : 0.1200
Side Chain Topographical Entropy from corr. pLogP method (TYR 48) : 4.3648
Side Chain Topographical Entropy from corr. pLogP method (ASP 49) : 1.9099
Side Chain Topographical Entropy from corr. pLogP method (SER 50) : 0.3816
Side Chain Topographical Entropy from corr. pLogP method (ALA 51) : -0.0000
Side Chain Topographical Entropy from corr. pLogP method (PRO 52) : 12.5835
Side Chain Topographical Entropy from corr. pLogP method (ALA 53) : -0.0000
Side Chain Topographical Entropy from corr. pLogP method (THR 54) : 1.1776
Side Chain Topographical Entropy from corr. pLogP method (ASP 55) : 11.9113
Side Chain Topographical Entropy from corr. pLogP method (GLY 56) : -0.0000
Side Chain Topographical Entropy from corr. pLogP method (SER 57) : 7.1665
Side Chain Topographical Entropy from corr. pLogP method (GLY 58) : -0.0000
Side Chain Topographical Entropy from corr. pLogP method (THR 59) : -0.0000
Side Chain Topographical Entropy from corr. pLogP method (ALA 60) : -0.0000
Side Chain Topographical Entropy from corr. pLogP method (LEU 61) : -0.0000
Side Chain Topographical Entropy from corr. pLogP method (GLY 62) : -0.0000
Side Chain Topographical Entropy from corr. pLogP method (TRP 63) : -0.0000
Side Chain Topographical Entropy from corr. pLogP method (THR 64) : 5.6667
Side Chain Topographical Entropy from corr. pLogP method (VAL 65) : -0.0000
Side Chain Topographical Entropy from corr. pLogP method (ALA 66) : -0.0000
Side Chain Topographical Entropy from corr. pLogP method (TRP 67) : -0.0000
Side Chain Topographical Entropy from corr. pLogP method (LYS 68) : 14.1351
Side Chain Topographical Entropy from corr. pLogP method (ASN 69) : 5.6891
Side Chain Topographical Entropy from corr. pLogP method (ASN 70) : 13.0396
Side Chain Topographical Entropy from corr. pLogP method (TYR 71) : 4.5235
Side Chain Topographical Entropy from corr. pLogP method (ARG 72) : 8.0898
Side Chain Topographical Entropy from corr. pLogP method (ASN 73) : 0.0657
Side Chain Topographical Entropy from corr. pLogP method (ALA 74) : -0.0000
Side Chain Topographical Entropy from corr. pLogP method (HID 75) : 0.2168
Side Chain Topographical Entropy from corr. pLogP method (SER 76) : 1.3808
Side Chain Topographical Entropy from corr. pLogP method (ALA 77) : -0.0000
Side Chain Topographical Entropy from corr. pLogP method (THR 78) : 0.0657
Side Chain Topographical Entropy from corr. pLogP method (THR 79) : -0.0000
Side Chain Topographical Entropy from corr. pLogP method (TRP 80) : 1.9997
Side Chain Topographical Entropy from corr. pLogP method (SER 81) : 0.1200
Side Chain Topographical Entropy from corr. pLogP method (GLY 82) : -0.0000
Side Chain Topographical Entropy from corr. pLogP method (GLN 83) : 6.8888
Side Chain Topographical Entropy from corr. pLogP method (TYR 84) : -0.0000
Side Chain Topographical Entropy from corr. pLogP method (VAL 85) : 0.2825
Side Chain Topographical Entropy from corr. pLogP method (GLY 86) : -0.0000
Side Chain Topographical Entropy from corr. pLogP method (GLY 87) : -0.0000
Side Chain Topographical Entropy from corr. pLogP method (ALA 88) : -0.0000
Side Chain Topographical Entropy from corr. pLogP method (GLU 89) : 17.8873
Side Chain Topographical Entropy from corr. pLogP method (ALA 90) : -0.0000
Side Chain Topographical Entropy from corr. pLogP method (ARG 91) : 6.5309
Side Chain Topographical Entropy from corr. pLogP method (ILE 92) : 1.7138
Side Chain Topographical Entropy from corr. pLogP method (ASN 93) : 2.0156
Side Chain Topographical Entropy from corr. pLogP method (THR 94) : 0.0657
Side Chain Topographical Entropy from corr. pLogP method (GLN 95) : 3.8356
Side Chain Topographical Entropy from corr. pLogP method (TRP 96) : 0.3050
Side Chain Topographical Entropy from corr. pLogP method (LEU 97) : 6.4331
Side Chain Topographical Entropy from corr. pLogP method (LEU 98) : 1.4624
Side Chain Topographical Entropy from corr. pLogP method (THR 99) : -0.0000
Side Chain Topographical Entropy from corr. pLogP method (SER 100) : 7.7299
Side Chain Topographical Entropy from corr. pLogP method (GLY 101) : -0.0000
Side Chain Topographical Entropy from corr. pLogP method (THR 102) : 0.0657
Side Chain Topographical Entropy from corr. pLogP method (THR 103) : 7.3140
Side Chain Topographical Entropy from corr. pLogP method (GLU 104) : 22.4465
Side Chain Topographical Entropy from corr. pLogP method (ALA 105) : -0.0000
Side Chain Topographical Entropy from corr. pLogP method (ASN 106) : 4.5160
Side Chain Topographical Entropy from corr. pLogP method (ALA 107) : -0.0000
Side Chain Topographical Entropy from corr. pLogP method (TRP 108) : 5.7482
Side Chain Topographical Entropy from corr. pLogP method (LYS 109) : 12.7882
Side Chain Topographical Entropy from corr. pLogP method (SER 110) : -0.0000
Side Chain Topographical Entropy from corr. pLogP method (THR 111) : 0.0657
Side Chain Topographical Entropy from corr. pLogP method (LEU 112) : 1.6968
Side Chain Topographical Entropy from corr. pLogP method (VAL 113) : -0.0000
Side Chain Topographical Entropy from corr. pLogP method (GLY 114) : -0.0000
Side Chain Topographical Entropy from corr. pLogP method (HID 115) : 7.4143
Side Chain Topographical Entropy from corr. pLogP method (ASP 116) : 11.0538
Side Chain Topographical Entropy from corr. pLogP method (THR 117) : 0.0657
Side Chain Topographical Entropy from corr. pLogP method (PHE 118) : -0.0000
Side Chain Topographical Entropy from corr. pLogP method (THR 119) : -0.0000
Side Chain Topographical Entropy from corr. pLogP method (LYS 120) : 8.1028
Side Chain Topographical Entropy from corr. pLogP method (VAL 121) : 1.8178
Side Chain Topographical Entropy from corr. pLogP method (LYS 122) : 24.3110
Side Chain Topographical Entropy from corr. pLogP method (PRO 123) : 13.8263
Side Chain Topographical Entropy from corr. pLogP method (SER 124) : 5.3144
Side Chain Topographical Entropy from corr. pLogP method (ALA 125) : -0.0000
Side Chain Topographical Entropy from corr. pLogP method (ALA 126) : -0.0000
Side Chain Topographical Entropy from corr. pLogP method (CSER 127) : 3.9720
____________________________________________________________
Total SC Topog. Entropy (corr. pLogP)    :         464.280
------------------------------------------------------------
____________________________________________________________
Total BB Topog. Entropy (corr. pLogP)    :          22.179
------------------------------------------------------------
____________________________________________________________
Total Entropy                            :         486.459
------------------------------------------------------------
