------------------------------------------------------------
            Hierarchy level. --> United Atom <--            
------------------------------------------------------------
      RESNAME   RESID  FF_ENTROPY  TT_ENTROPY
UATOM NALA          1       9.172      38.111
UATOM GLU           2      21.091      20.843
UATOM ALA           3       5.099      24.444
UATOM GLY           4       2.070      11.297
UATOM ILE           5      21.680      50.852
UATOM THR           6      16.375      32.682
UATOM GLY           7       2.248      11.753
UATOM THR           8      16.816      32.711
UATOM TRP           9      36.799      36.711
UATOM TYR          10      31.447      34.551
UATOM ALA          11       5.212      23.610
UATOM GLN          12      22.977      32.242
UATOM LEU          13      20.645      49.931
UATOM GLY          14       2.309      11.843
UATOM SER          15       9.454      19.959
UATOM THR          16      16.734      33.110
UATOM PHE          17      24.243      32.805
UATOM ILE          18      21.992      50.508
UATOM VAL          19      16.150      42.826
UATOM THR          20      16.418      33.249
UATOM ALA          21       5.399      25.592
UATOM GLY          22       2.016      11.929
UATOM ALA          23       5.503      24.879
UATOM ASP          24      16.159      14.174
UATOM GLY          25       2.268      11.478
UATOM ALA          26       5.266      24.269
UATOM LEU          27      20.992      49.959
UATOM THR          28      16.450      33.197
UATOM GLY          29       2.280      11.978
UATOM THR          30      16.903      33.072
UATOM TYR          31      31.524      35.090
UATOM GLU          32      22.045      21.283
UATOM SER          33       9.607      20.167
UATOM ALA          34       5.199      24.091
UATOM VAL          35      15.846      42.822
UATOM GLY          36       2.098      11.543
UATOM ASN          37      18.626      24.861
UATOM ALA          38       5.867      24.174
UATOM GLU          39      22.041      21.594
UATOM SER          40       9.775      20.063
UATOM ARG          41      35.910      54.011
UATOM TYR          42      32.691      34.795
UATOM VAL          43      16.374      42.989
UATOM LEU          44      22.291      48.689
UATOM THR          45      16.353      33.098
UATOM GLY          46       2.174      11.725
UATOM ARG          47      35.849      53.013
UATOM TYR          48      32.558      34.611
UATOM ASP          49      17.384      14.571
UATOM SER          50       9.759      20.740
UATOM ALA          51       5.419      22.725
UATOM PRO          52      10.679      26.252
UATOM ALA          53       5.334      24.650
UATOM THR          54      16.213      33.485
UATOM ASP          55      16.189      14.416
UATOM GLY          56       2.200      11.700
UATOM SER          57       9.384      19.387
UATOM GLY          58       2.164      11.488
UATOM THR          59      16.923      32.848
UATOM ALA          60       5.545      25.137
UATOM LEU          61      21.364      48.372
UATOM GLY          62       2.395      11.399
UATOM TRP          63      36.932      36.875
UATOM THR          64      16.736      31.015
UATOM VAL          65      16.337      42.059
UATOM ALA          66       5.635      24.431
UATOM TRP          67      35.580      36.362
UATOM LYS          68      24.986      51.073
UATOM ASN          69      18.617      25.481
UATOM ASN          70      18.206      25.278
UATOM TYR          71      32.241      35.166
UATOM ARG          72      35.351      54.278
UATOM ASN          73      18.666      23.857
UATOM ALA          74       5.371      24.376
UATOM HID          75      20.899      25.664
UATOM SER          76       9.946      20.058
UATOM ALA          77       5.723      24.551
UATOM THR          78      16.948      32.660
UATOM THR          79      15.941      32.734
UATOM TRP          80      37.635      37.045
UATOM SER          81       9.885      19.814
UATOM GLY          82       2.116      11.256
UATOM GLN          83      24.891      31.846
UATOM TYR          84      31.873      35.012
UATOM VAL          85      16.091      42.897
UATOM GLY          86       2.112      11.749
UATOM GLY          87       2.144      11.676
UATOM ALA          88       5.556      24.618
UATOM GLU          89      21.827      21.074
UATOM ALA          90       5.580      24.456
UATOM ARG          91      35.068      53.482
UATOM ILE          92      21.712      49.665
UATOM ASN          93      18.971      24.988
UATOM THR          94      17.070      33.063
UATOM GLN          95      23.888      32.789
UATOM TRP          96      35.445      36.305
UATOM LEU          97      21.519      50.164
UATOM LEU          98      21.730      51.015
UATOM THR          99      16.323      33.239
UATOM SER         100      10.045      19.946
UATOM GLY         101       2.161      11.691
UATOM THR         102      16.469      33.203
UATOM THR         103      16.493      33.621
UATOM GLU         104      21.891      21.673
UATOM ALA         105       5.626      24.740
UATOM ASN         106      18.623      25.682
UATOM ALA         107       5.548      25.079
UATOM TRP         108      35.716      37.030
UATOM LYS         109      25.067      50.790
UATOM SER         110       9.711      20.331
UATOM THR         111      17.051      33.785
UATOM LEU         112      21.697      48.409
UATOM VAL         113      16.211      42.185
UATOM GLY         114       2.085      11.414
UATOM HID         115      21.015      26.512
UATOM ASP         116      17.337      14.172
UATOM THR         117      16.903      32.648
UATOM PHE         118      24.829      33.083
UATOM THR         119      16.668      33.391
UATOM LYS         120      24.809      50.670
UATOM VAL         121      16.027      42.707
UATOM LYS         122      24.647      51.127
UATOM PRO         123      10.607      26.021
UATOM SER         124       9.625      19.884
UATOM ALA         125       5.494      24.004
UATOM ALA         126       5.359      24.065
UATOM CSER        127      14.406      19.976
____________________________________________________________
Total Entropy FF (UA level) :        2027.623 J/mol/K
Total Entropy TT (UA level) :        3760.267 J/mol/K
------------------------------------------------------------
____________________________________________________________
Total Entropy                            :        5787.890
------------------------------------------------------------
