------------------------------------------------------------
            Hierarchy level. --> United Atom <--            
------------------------------------------------------------
      RESNAME   RESID  FF_ENTROPY  TT_ENTROPY
UATOM NALA          1       9.301      38.243
UATOM GLU           2      21.393      20.958
UATOM ALA           3       5.232      24.226
UATOM GLY           4       2.171      11.801
UATOM ILE           5      21.059      51.920
UATOM THR           6      16.648      32.674
UATOM GLY           7       2.250      11.529
UATOM THR           8      16.976      32.164
UATOM TRP           9      35.820      36.196
UATOM TYR          10      32.211      34.390
UATOM ALA          11       5.409      24.338
UATOM GLN          12      23.891      32.103
UATOM LEU          13      20.414      49.884
UATOM GLY          14       2.171      11.502
UATOM SER          15       9.896      19.936
UATOM THR          16      16.430      32.566
UATOM PHE          17      25.321      32.397
UATOM ILE          18      21.324      50.732
UATOM VAL          19      16.065      41.678
UATOM THR          20      16.850      33.859
UATOM ALA          21       5.580      25.382
UATOM GLY          22       2.208      11.595
UATOM ALA          23       5.429      24.888
UATOM ASP          24      16.409      14.003
UATOM GLY          25       2.225      11.642
UATOM ALA          26       5.320      23.661
UATOM LEU          27      21.416      49.410
UATOM THR          28      16.859      33.240
UATOM GLY          29       2.447      11.737
UATOM THR          30      16.835      33.164
UATOM TYR          31      32.424      34.575
UATOM GLU          32      22.243      20.753
UATOM SER          33       9.698      20.026
UATOM ALA          34       5.405      24.731
UATOM VAL          35      15.485      43.148
UATOM GLY          36       2.107      11.571
UATOM ASN          37      18.022      24.789
UATOM ALA          38       5.515      25.095
UATOM GLU          39      22.226      21.846
UATOM SER          40      10.065      20.249
UATOM ARG          41      34.937      53.117
UATOM TYR          42      32.967      35.043
UATOM VAL          43      16.402      43.107
UATOM LEU          44      21.778      49.978
UATOM THR          45      16.688      33.868
UATOM GLY          46       2.229      11.289
UATOM ARG          47      36.483      53.960
UATOM TYR          48      32.374      33.889
UATOM ASP          49      17.898      14.102
UATOM SER          50      10.039      20.418
UATOM ALA          51       5.494      22.628
UATOM PRO          52      10.769      26.514
UATOM ALA          53       5.496      24.943
UATOM THR          54      16.351      34.346
UATOM ASP          55      16.904      14.249
UATOM GLY          56       2.207      11.899
UATOM SER          57       9.505      19.113
UATOM GLY          58       2.251      11.445
UATOM THR          59      16.719      33.373
UATOM ALA          60       5.304      24.991
UATOM LEU          61      21.125      48.074
UATOM GLY          62       2.225      11.211
UATOM TRP          63      36.558      36.597
UATOM THR          64      16.702      31.194
UATOM VAL          65      16.489      41.881
UATOM ALA          66       5.584      23.659
UATOM TRP          67      37.105      36.172
UATOM LYS          68      24.903      50.527
UATOM ASN          69      18.626      24.365
UATOM ASN          70      17.890      25.536
UATOM TYR          71      31.662      34.385
UATOM ARG          72      35.788      54.209
UATOM ASN          73      18.917      24.405
UATOM ALA          74       5.502      24.595
UATOM HID          75      20.746      26.560
UATOM SER          76       9.552      20.487
UATOM ALA          77       5.412      23.770
UATOM THR          78      17.170      32.125
UATOM THR          79      16.608      33.396
UATOM TRP          80      36.180      36.550
UATOM SER          81      10.121      21.442
UATOM GLY          82       2.357      11.440
UATOM GLN          83      24.346      31.870
UATOM TYR          84      32.527      34.876
UATOM VAL          85      15.765      42.638
UATOM GLY          86       2.062      11.358
UATOM GLY          87       2.099      11.537
UATOM ALA          88       5.278      24.617
UATOM GLU          89      21.179      20.794
UATOM ALA          90       5.453      24.292
UATOM ARG          91      36.122      53.770
UATOM ILE          92      21.170      49.765
UATOM ASN          93      18.335      24.738
UATOM THR          94      16.703      32.303
UATOM GLN          95      24.599      32.669
UATOM TRP          96      36.275      36.818
UATOM LEU          97      21.318      50.218
UATOM LEU          98      21.286      50.330
UATOM THR          99      17.209      33.292
UATOM SER         100      10.029      20.142
UATOM GLY         101       2.202      11.948
UATOM THR         102      16.651      33.287
UATOM THR         103      16.947      34.323
UATOM GLU         104      21.992      21.407
UATOM ALA         105       5.575      24.495
UATOM ASN         106      18.509      25.129
UATOM ALA         107       5.411      24.425
UATOM TRP         108      35.785      37.385
UATOM LYS         109      25.420      51.412
UATOM SER         110       9.812      20.979
UATOM THR         111      16.739      33.783
UATOM LEU         112      21.844      48.992
UATOM VAL         113      16.034      42.389
UATOM GLY         114       2.323      11.597
UATOM HID         115      21.189      26.313
UATOM ASP         116      17.159      14.064
UATOM THR         117      17.121      32.979
UATOM PHE         118      24.647      33.927
UATOM THR         119      16.616      32.563
UATOM LYS         120      25.122      50.641
UATOM VAL         121      15.932      43.341
UATOM LYS         122      24.655      50.677
UATOM PRO         123      10.639      26.052
UATOM SER         124       9.404      20.196
UATOM ALA         125       5.316      24.591
UATOM ALA         126       5.164      24.062
UATOM CSER        127      13.612      19.658
____________________________________________________________
Total Entropy FF (UA level) :        2032.341 J/mol/K
Total Entropy TT (UA level) :        3760.099 J/mol/K
------------------------------------------------------------
____________________________________________________________
Total Entropy                            :        5792.440
------------------------------------------------------------
