------------------------------------------------------------
Topographical entropy of residue side chains 
computed using all the dihedrals with correlation/pLogp formalism
------------------------------------------------------------
Side Chain Topographical Entropy from corr. pLogP method (NALA 1) : -0.0000
Side Chain Topographical Entropy from corr. pLogP method (GLU 2) : 18.9638
Side Chain Topographical Entropy from corr. pLogP method (ALA 3) : -0.0000
Side Chain Topographical Entropy from corr. pLogP method (GLY 4) : -0.0000
Side Chain Topographical Entropy from corr. pLogP method (ILE 5) : 1.9980
Side Chain Topographical Entropy from corr. pLogP method (THR 6) : -0.0000
Side Chain Topographical Entropy from corr. pLogP method (GLY 7) : -0.0000
Side Chain Topographical Entropy from corr. pLogP method (THR 8) : 2.1939
Side Chain Topographical Entropy from corr. pLogP method (TRP 9) : -0.0000
Side Chain Topographical Entropy from corr. pLogP method (TYR 10) : 6.6421
Side Chain Topographical Entropy from corr. pLogP method (ALA 11) : -0.0000
Side Chain Topographical Entropy from corr. pLogP method (GLN 12) : 20.5512
Side Chain Topographical Entropy from corr. pLogP method (LEU 13) : 1.6594
Side Chain Topographical Entropy from corr. pLogP method (GLY 14) : -0.0000
Side Chain Topographical Entropy from corr. pLogP method (SER 15) : 5.3560
Side Chain Topographical Entropy from corr. pLogP method (THR 16) : 0.4656
Side Chain Topographical Entropy from corr. pLogP method (PHE 17) : 0.3056
Side Chain Topographical Entropy from corr. pLogP method (ILE 18) : 7.4933
Side Chain Topographical Entropy from corr. pLogP method (VAL 19) : 6.8591
Side Chain Topographical Entropy from corr. pLogP method (THR 20) : 3.6140
Side Chain Topographical Entropy from corr. pLogP method (ALA 21) : -0.0000
Side Chain Topographical Entropy from corr. pLogP method (GLY 22) : -0.0000
Side Chain Topographical Entropy from corr. pLogP method (ALA 23) : -0.0000
Side Chain Topographical Entropy from corr. pLogP method (ASP 24) : 8.4047
Side Chain Topographical Entropy from corr. pLogP method (GLY 25) : -0.0000
Side Chain Topographical Entropy from corr. pLogP method (ALA 26) : -0.0000
Side Chain Topographical Entropy from corr. pLogP method (LEU 27) : 7.1121
Side Chain Topographical Entropy from corr. pLogP method (THR 28) : 9.0945
Side Chain Topographical Entropy from corr. pLogP method (GLY 29) : -0.0000
Side Chain Topographical Entropy from corr. pLogP method (THR 30) : -0.0000
Side Chain Topographical Entropy from corr. pLogP method (TYR 31) : 9.0949
Side Chain Topographical Entropy from corr. pLogP method (GLU 32) : 16.8705
Side Chain Topographical Entropy from corr. pLogP method (SER 33) : 6.0188
Side Chain Topographical Entropy from corr. pLogP method (ALA 34) : -0.0000
Side Chain Topographical Entropy from corr. pLogP method (VAL 35) : 7.5545
Side Chain Topographical Entropy from corr. pLogP method (GLY 36) : -0.0000
Side Chain Topographical Entropy from corr. pLogP method (ASN 37) : 11.0773
Side Chain Topographical Entropy from corr. pLogP method (ALA 38) : -0.0000
Side Chain Topographical Entropy from corr. pLogP method (GLU 39) : 20.6795
Side Chain Topographical Entropy from corr. pLogP method (SER 40) : 6.7597
Side Chain Topographical Entropy from corr. pLogP method (ARG 41) : 0.9700
Side Chain Topographical Entropy from corr. pLogP method (TYR 42) : -0.0000
Side Chain Topographical Entropy from corr. pLogP method (VAL 43) : 0.1200
Side Chain Topographical Entropy from corr. pLogP method (LEU 44) : 0.0657
Side Chain Topographical Entropy from corr. pLogP method (THR 45) : 1.4747
Side Chain Topographical Entropy from corr. pLogP method (GLY 46) : -0.0000
Side Chain Topographical Entropy from corr. pLogP method (ARG 47) : 0.1698
Side Chain Topographical Entropy from corr. pLogP method (TYR 48) : 4.4970
Side Chain Topographical Entropy from corr. pLogP method (ASP 49) : 0.4270
Side Chain Topographical Entropy from corr. pLogP method (SER 50) : 0.1698
Side Chain Topographical Entropy from corr. pLogP method (ALA 51) : -0.0000
Side Chain Topographical Entropy from corr. pLogP method (PRO 52) : 8.9518
Side Chain Topographical Entropy from corr. pLogP method (ALA 53) : -0.0000
Side Chain Topographical Entropy from corr. pLogP method (THR 54) : 4.9991
Side Chain Topographical Entropy from corr. pLogP method (ASP 55) : 7.2209
Side Chain Topographical Entropy from corr. pLogP method (GLY 56) : -0.0000
Side Chain Topographical Entropy from corr. pLogP method (SER 57) : -0.0000
Side Chain Topographical Entropy from corr. pLogP method (GLY 58) : -0.0000
Side Chain Topographical Entropy from corr. pLogP method (THR 59) : -0.0000
Side Chain Topographical Entropy from corr. pLogP method (ALA 60) : -0.0000
Side Chain Topographical Entropy from corr. pLogP method (LEU 61) : 5.3256
Side Chain Topographical Entropy from corr. pLogP method (GLY 62) : -0.0000
Side Chain Topographical Entropy from corr. pLogP method (TRP 63) : -0.0000
Side Chain Topographical Entropy from corr. pLogP method (THR 64) : 5.7534
Side Chain Topographical Entropy from corr. pLogP method (VAL 65) : -0.0000
Side Chain Topographical Entropy from corr. pLogP method (ALA 66) : -0.0000
Side Chain Topographical Entropy from corr. pLogP method (TRP 67) : -0.0000
Side Chain Topographical Entropy from corr. pLogP method (LYS 68) : 11.1492
Side Chain Topographical Entropy from corr. pLogP method (ASN 69) : 5.7181
Side Chain Topographical Entropy from corr. pLogP method (ASN 70) : 13.6395
Side Chain Topographical Entropy from corr. pLogP method (TYR 71) : 4.4915
Side Chain Topographical Entropy from corr. pLogP method (ARG 72) : 9.2851
Side Chain Topographical Entropy from corr. pLogP method (ASN 73) : 0.2168
Side Chain Topographical Entropy from corr. pLogP method (ALA 74) : -0.0000
Side Chain Topographical Entropy from corr. pLogP method (HID 75) : 0.2168
Side Chain Topographical Entropy from corr. pLogP method (SER 76) : 0.3468
Side Chain Topographical Entropy from corr. pLogP method (ALA 77) : -0.0000
Side Chain Topographical Entropy from corr. pLogP method (THR 78) : -0.0000
Side Chain Topographical Entropy from corr. pLogP method (THR 79) : 0.1200
Side Chain Topographical Entropy from corr. pLogP method (TRP 80) : 2.5916
Side Chain Topographical Entropy from corr. pLogP method (SER 81) : -0.0000
Side Chain Topographical Entropy from corr. pLogP method (GLY 82) : -0.0000
Side Chain Topographical Entropy from corr. pLogP method (GLN 83) : 6.2305
Side Chain Topographical Entropy from corr. pLogP method (TYR 84) : -0.0000
Side Chain Topographical Entropy from corr. pLogP method (VAL 85) : 3.9194
Side Chain Topographical Entropy from corr. pLogP method (GLY 86) : -0.0000
Side Chain Topographical Entropy from corr. pLogP method (GLY 87) : -0.0000
Side Chain Topographical Entropy from corr. pLogP method (ALA 88) : -0.0000
Side Chain Topographical Entropy from corr. pLogP method (GLU 89) : 17.3410
Side Chain Topographical Entropy from corr. pLogP method (ALA 90) : -0.0000
Side Chain Topographical Entropy from corr. pLogP method (ARG 91) : 5.3563
Side Chain Topographical Entropy from corr. pLogP method (ILE 92) : 0.2825
Side Chain Topographical Entropy from corr. pLogP method (ASN 93) : 9.1217
Side Chain Topographical Entropy from corr. pLogP method (THR 94) : -0.0000
Side Chain Topographical Entropy from corr. pLogP method (GLN 95) : 10.5199
Side Chain Topographical Entropy from corr. pLogP method (TRP 96) : 0.7495
Side Chain Topographical Entropy from corr. pLogP method (LEU 97) : 0.1857
Side Chain Topographical Entropy from corr. pLogP method (LEU 98) : 3.5737
Side Chain Topographical Entropy from corr. pLogP method (THR 99) : -0.0000
Side Chain Topographical Entropy from corr. pLogP method (SER 100) : 8.7910
Side Chain Topographical Entropy from corr. pLogP method (GLY 101) : -0.0000
Side Chain Topographical Entropy from corr. pLogP method (THR 102) : -0.0000
Side Chain Topographical Entropy from corr. pLogP method (THR 103) : -0.0000
Side Chain Topographical Entropy from corr. pLogP method (GLU 104) : 19.6139
Side Chain Topographical Entropy from corr. pLogP method (ALA 105) : -0.0000
Side Chain Topographical Entropy from corr. pLogP method (ASN 106) : 3.6430
Side Chain Topographical Entropy from corr. pLogP method (ALA 107) : -0.0000
Side Chain Topographical Entropy from corr. pLogP method (TRP 108) : 5.8688
Side Chain Topographical Entropy from corr. pLogP method (LYS 109) : 8.4571
Side Chain Topographical Entropy from corr. pLogP method (SER 110) : -0.0000
Side Chain Topographical Entropy from corr. pLogP method (THR 111) : 0.1698
Side Chain Topographical Entropy from corr. pLogP method (LEU 112) : 2.9589
Side Chain Topographical Entropy from corr. pLogP method (VAL 113) : 0.2168
Side Chain Topographical Entropy from corr. pLogP method (GLY 114) : -0.0000
Side Chain Topographical Entropy from corr. pLogP method (HID 115) : 7.5978
Side Chain Topographical Entropy from corr. pLogP method (ASP 116) : 0.5034
Side Chain Topographical Entropy from corr. pLogP method (THR 117) : -0.0000
Side Chain Topographical Entropy from corr. pLogP method (PHE 118) : -0.0000
Side Chain Topographical Entropy from corr. pLogP method (THR 119) : 4.2063
Side Chain Topographical Entropy from corr. pLogP method (LYS 120) : 13.1178
Side Chain Topographical Entropy from corr. pLogP method (VAL 121) : 2.7599
Side Chain Topographical Entropy from corr. pLogP method (LYS 122) : 23.2636
Side Chain Topographical Entropy from corr. pLogP method (PRO 123) : 16.6540
Side Chain Topographical Entropy from corr. pLogP method (SER 124) : 4.8473
Side Chain Topographical Entropy from corr. pLogP method (ALA 125) : -0.0000
Side Chain Topographical Entropy from corr. pLogP method (ALA 126) : -0.0000
Side Chain Topographical Entropy from corr. pLogP method (CSER 127) : 1.9872
____________________________________________________________
Total SC Topog. Entropy (corr. pLogP)    :         448.626
------------------------------------------------------------
____________________________________________________________
Total BB Topog. Entropy (corr. pLogP)    :          20.224
------------------------------------------------------------
____________________________________________________________
Total Entropy                            :         468.850
------------------------------------------------------------
