------------------------------------------------------------
            Hierarchy level. --> United Atom <--            
------------------------------------------------------------
      RESNAME   RESID  FF_ENTROPY  TT_ENTROPY
UATOM NALA          1       9.141      37.780
UATOM GLU           2      21.822      21.109
UATOM ALA           3       5.546      24.097
UATOM GLY           4       2.526      11.576
UATOM ILE           5      24.071      51.093
UATOM THR           6      18.688      33.405
UATOM GLY           7       2.562      13.308
UATOM THR           8      19.092      34.069
UATOM TRP           9      45.425      39.982
UATOM TYR          10      38.897      36.122
UATOM ALA          11       6.608      23.463
UATOM GLN          12      25.732      32.897
UATOM LEU          13      22.750      51.570
UATOM GLY          14       2.628      13.011
UATOM SER          15      11.292      21.472
UATOM THR          16      18.650      35.138
UATOM PHE          17      30.441      35.430
UATOM ILE          18      23.988      52.052
UATOM VAL          19      17.717      43.433
UATOM THR          20      18.504      34.064
UATOM ALA          21       6.298      26.364
UATOM GLY          22       2.291      12.615
UATOM ALA          23       6.501      24.915
UATOM ASP          24      18.373      14.637
UATOM GLY          25       2.797      12.052
UATOM ALA          26       6.849      25.461
UATOM LEU          27      23.511      50.910
UATOM THR          28      17.782      34.020
UATOM GLY          29       2.541      13.057
UATOM THR          30      18.796      33.721
UATOM TYR          31      39.433      37.347
UATOM GLU          32      26.248      22.646
UATOM SER          33      11.344      21.743
UATOM ALA          34       5.813      24.866
UATOM VAL          35      16.699      43.197
UATOM GLY          36       2.543      12.119
UATOM ASN          37      20.128      25.114
UATOM ALA          38       6.695      25.017
UATOM GLU          39      23.801      21.941
UATOM SER          40      11.446      20.681
UATOM ARG          41      41.008      56.764
UATOM TYR          42      39.912      37.762
UATOM VAL          43      18.352      44.265
UATOM LEU          44      25.256      49.105
UATOM THR          45      18.936      36.550
UATOM GLY          46       2.685      12.941
UATOM ARG          47      44.670      58.210
UATOM TYR          48      40.552      37.793
UATOM ASP          49      21.456      15.076
UATOM SER          50      11.658      21.875
UATOM ALA          51       6.566      23.527
UATOM PRO          52      12.739      26.894
UATOM ALA          53       6.623      25.259
UATOM THR          54      17.425      33.257
UATOM ASP          55      17.951      14.678
UATOM GLY          56       2.658      12.825
UATOM SER          57      10.785      20.074
UATOM GLY          58       2.408      12.482
UATOM THR          59      18.757      33.369
UATOM ALA          60       6.603      24.654
UATOM LEU          61      23.077      50.831
UATOM GLY          62       2.573      12.670
UATOM TRP          63      45.931      39.726
UATOM THR          64      19.206      33.283
UATOM VAL          65      18.596      43.278
UATOM ALA          66       7.441      24.172
UATOM TRP          67      47.540      40.762
UATOM LYS          68      27.924      52.444
UATOM ASN          69      21.649      26.690
UATOM ASN          70      20.309      26.012
UATOM TYR          71      37.596      38.300
UATOM ARG          72      38.793      54.760
UATOM ASN          73      20.581      24.850
UATOM ALA          74       6.493      25.117
UATOM HID          75      26.754      27.915
UATOM SER          76      11.253      21.359
UATOM ALA          77       6.666      25.366
UATOM THR          78      18.878      33.898
UATOM THR          79      18.544      36.622
UATOM TRP          80      45.729      39.817
UATOM SER          81      11.770      21.267
UATOM GLY          82       2.611      11.746
UATOM GLN          83      27.530      33.525
UATOM TYR          84      38.953      36.112
UATOM VAL          85      17.818      42.680
UATOM GLY          86       2.363      11.839
UATOM GLY          87       2.470      12.735
UATOM ALA          88       6.510      25.839
UATOM GLU          89      24.402      21.662
UATOM ALA          90       6.846      25.137
UATOM ARG          91      42.510      53.922
UATOM ILE          92      24.450      50.486
UATOM ASN          93      21.455      25.612
UATOM THR          94      18.521      32.987
UATOM GLN          95      26.837      34.271
UATOM TRP          96      45.012      39.216
UATOM LEU          97      25.055      50.646
UATOM LEU          98      24.880      52.915
UATOM THR          99      19.173      34.993
UATOM SER         100      11.412      21.925
UATOM GLY         101       2.419      12.435
UATOM THR         102      18.362      33.707
UATOM THR         103      19.021      34.224
UATOM GLU         104      24.171      23.622
UATOM ALA         105       6.526      25.700
UATOM ASN         106      20.965      28.002
UATOM ALA         107       6.944      26.143
UATOM TRP         108      45.519      40.913
UATOM LYS         109      28.326      52.854
UATOM SER         110      11.611      21.546
UATOM THR         111      19.266      34.561
UATOM LEU         112      25.028      50.395
UATOM VAL         113      18.740      43.108
UATOM GLY         114       2.542      12.093
UATOM HID         115      26.740      27.269
UATOM ASP         116      20.677      14.129
UATOM THR         117      18.505      34.138
UATOM PHE         118      30.611      34.107
UATOM THR         119      18.507      34.211
UATOM LYS         120      28.311      52.035
UATOM VAL         121      17.875      43.835
UATOM LYS         122      26.788      51.647
UATOM PRO         123      12.620      26.933
UATOM SER         124      11.217      21.214
UATOM ALA         125       6.567      26.391
UATOM ALA         126       6.337      23.637
UATOM CSER        127      15.920      20.354
____________________________________________________________
Total Entropy FF (UA level) :        2359.196 J/mol/K
Total Entropy TT (UA level) :        3911.437 J/mol/K
------------------------------------------------------------
____________________________________________________________
Total Entropy                            :        6270.633
------------------------------------------------------------
