------------------------------------------------------------
            Hierarchy level. --> United Atom <--            
------------------------------------------------------------
      RESNAME   RESID  FF_ENTROPY  TT_ENTROPY
UATOM NALA          1       9.110      38.109
UATOM GLU           2      21.586      20.998
UATOM ALA           3       5.404      24.176
UATOM GLY           4       2.193      11.680
UATOM ILE           5      22.066      51.297
UATOM THR           6      16.556      33.352
UATOM GLY           7       2.043      11.780
UATOM THR           8      16.876      31.688
UATOM TRP           9      36.264      36.520
UATOM TYR          10      32.111      34.418
UATOM ALA          11       5.621      23.068
UATOM GLN          12      23.112      31.856
UATOM LEU          13      21.332      48.898
UATOM GLY          14       2.268      11.542
UATOM SER          15       9.903      19.720
UATOM THR          16      16.686      31.779
UATOM PHE          17      24.176      32.618
UATOM ILE          18      21.362      50.687
UATOM VAL          19      15.997      41.434
UATOM THR          20      16.695      32.937
UATOM ALA          21       5.421      23.965
UATOM GLY          22       2.215      11.622
UATOM ALA          23       5.458      24.782
UATOM ASP          24      16.514      14.178
UATOM GLY          25       2.321      11.601
UATOM ALA          26       5.648      23.532
UATOM LEU          27      21.392      50.134
UATOM THR          28      16.667      32.945
UATOM GLY          29       2.431      11.367
UATOM THR          30      16.881      32.412
UATOM TYR          31      31.738      34.510
UATOM GLU          32      22.515      20.988
UATOM SER          33       9.523      19.995
UATOM ALA          34       5.498      24.672
UATOM VAL          35      16.064      43.355
UATOM GLY          36       2.128      11.702
UATOM ASN          37      18.226      25.233
UATOM ALA          38       5.661      24.799
UATOM GLU          39      22.104      21.584
UATOM SER          40       9.698      19.979
UATOM ARG          41      35.859      53.462
UATOM TYR          42      32.489      34.577
UATOM VAL          43      16.250      43.015
UATOM LEU          44      21.850      49.123
UATOM THR          45      16.554      33.842
UATOM GLY          46       2.308      11.446
UATOM ARG          47      36.896      52.797
UATOM TYR          48      31.912      33.668
UATOM ASP          49      17.210      13.909
UATOM SER          50       9.766      20.225
UATOM ALA          51       5.209      23.064
UATOM PRO          52      10.243      26.218
UATOM ALA          53       5.393      24.764
UATOM THR          54      16.342      33.583
UATOM ASP          55      16.401      14.053
UATOM GLY          56       2.097      11.829
UATOM SER          57       9.731      19.491
UATOM GLY          58       2.057      11.576
UATOM THR          59      16.994      32.940
UATOM ALA          60       5.767      24.667
UATOM LEU          61      21.102      48.668
UATOM GLY          62       2.329      11.403
UATOM TRP          63      36.746      36.905
UATOM THR          64      16.471      30.859
UATOM VAL          65      15.867      41.973
UATOM ALA          66       5.478      24.046
UATOM TRP          67      35.827      36.209
UATOM LYS          68      25.039      51.553
UATOM ASN          69      18.837      24.826
UATOM ASN          70      17.842      25.364
UATOM TYR          71      32.471      34.463
UATOM ARG          72      34.724      54.030
UATOM ASN          73      18.676      24.246
UATOM ALA          74       5.443      24.558
UATOM HID          75      20.395      26.054
UATOM SER          76       9.942      20.386
UATOM ALA          77       5.550      24.604
UATOM THR          78      16.712      31.931
UATOM THR          79      16.486      32.841
UATOM TRP          80      36.626      36.500
UATOM SER          81       9.715      19.001
UATOM GLY          82       2.266      11.188
UATOM GLN          83      24.662      31.553
UATOM TYR          84      32.197      34.551
UATOM VAL          85      16.022      42.064
UATOM GLY          86       2.095      11.528
UATOM GLY          87       2.184      11.340
UATOM ALA          88       5.549      24.775
UATOM GLU          89      21.730      21.080
UATOM ALA          90       5.565      24.379
UATOM ARG          91      35.779      53.698
UATOM ILE          92      22.062      49.548
UATOM ASN          93      18.550      25.152
UATOM THR          94      17.338      33.249
UATOM GLN          95      24.123      32.295
UATOM TRP          96      36.741      36.064
UATOM LEU          97      21.806      49.635
UATOM LEU          98      21.339      49.945
UATOM THR          99      16.598      33.139
UATOM SER         100      10.075      19.792
UATOM GLY         101       2.164      11.426
UATOM THR         102      16.301      32.903
UATOM THR         103      16.523      34.100
UATOM GLU         104      22.138      21.172
UATOM ALA         105       5.435      24.643
UATOM ASN         106      18.720      24.852
UATOM ALA         107       5.642      24.691
UATOM TRP         108      35.703      37.096
UATOM LYS         109      24.916      51.003
UATOM SER         110       9.991      20.796
UATOM THR         111      16.946      33.675
UATOM LEU         112      21.601      48.847
UATOM VAL         113      16.048      41.301
UATOM GLY         114       2.440      11.257
UATOM HID         115      21.852      26.352
UATOM ASP         116      17.111      13.949
UATOM THR         117      16.903      33.539
UATOM PHE         118      25.544      32.699
UATOM THR         119      16.500      34.105
UATOM LYS         120      25.082      51.479
UATOM VAL         121      15.875      42.385
UATOM LYS         122      24.481      50.939
UATOM PRO         123      10.774      26.000
UATOM SER         124       9.869      19.978
UATOM ALA         125       5.489      25.688
UATOM ALA         126       5.527      24.010
UATOM CSER        127      14.802      20.175
____________________________________________________________
Total Entropy FF (UA level) :        2034.133 J/mol/K
Total Entropy TT (UA level) :        3744.615 J/mol/K
------------------------------------------------------------
____________________________________________________________
Total Entropy                            :        5778.749
------------------------------------------------------------
