RESNAME,RESID,FF_ENTROPY(J/mol/K),TT_ENTROPY(J/mol/K)
NALA,1,9.132261399743538,38.10980785618384
GLU,2,23.66951763327031,21.671151475667934
ALA,3,6.885278928416419,26.190753791096338
GLY,4,2.8374736229905153,13.632726454947186
ILE,5,26.587563674440187,51.27090809124353
THR,6,20.719512654778434,34.76384753379015
GLY,7,2.8701925840963503,13.465768353058753
THR,8,19.838484784101425,34.29583906578475
TRP,9,54.143079534770685,41.19102748809075
TYR,10,43.74324584709056,39.94304465316144
ALA,11,6.781419514031772,25.496007277184145
GLN,12,26.491941209926782,32.60192884838862
LEU,13,23.017378516881635,50.83713232852676
GLY,14,2.6237896795349087,12.117366975593976
SER,15,10.643274444545275,20.195754511776094
THR,16,20.015335662917895,35.65447517136939
PHE,17,36.304828574515135,38.92486662564016
ILE,18,25.007435023606494,51.959882810646825
VAL,19,19.859543441747686,43.62525531781821
THR,20,19.600360997136676,36.36907769911197
ALA,21,7.155144506770023,25.90821304219987
GLY,22,2.5563093299146926,13.329981393721823
ALA,23,7.347934906791851,26.527709707420975
ASP,24,19.335807180630393,15.037596126321311
GLY,25,2.869787737927277,12.865766629584524
ALA,26,7.823085316592185,26.00763259545181
LEU,27,26.63876958268477,52.312053074896035
THR,28,18.42842871398325,34.9987061727483
GLY,29,2.8770939663003086,13.292828618934085
THR,30,20.38525959700801,33.76734391912768
TYR,31,44.66958802827849,39.066218345371325
GLU,32,26.925982489156553,23.28474663341955
SER,33,13.100745476285397,21.41398276978589
ALA,34,6.572402101891082,23.772168533834293
VAL,35,17.39207029531593,44.3337854051632
GLY,36,2.5843898477243754,12.556372231223795
ASN,37,19.857503328409166,24.23089986936688
ALA,38,6.060976838857999,26.003849445669136
GLU,39,24.418076549847946,22.779525966997
SER,40,11.137287675447807,21.079670722513153
ARG,41,41.807222055814485,57.213290456018974
TYR,42,43.76999971313161,38.9117611262785
VAL,43,18.731261259888214,45.56376074306911
LEU,44,24.46312589560532,52.160399027505605
THR,45,20.000550192719405,36.867480093487856
GLY,46,2.7601105809273747,13.452514619978635
ARG,47,48.319423109369225,60.09990059276242
TYR,48,45.80739268600077,39.200972136659665
ASP,49,23.469278332965438,16.035998701073197
SER,50,12.02625570973483,22.07561095678147
ALA,51,6.21017589083157,23.970653588215235
PRO,52,11.510745928384365,26.59970116675877
ALA,53,6.087665936683134,24.665140950207892
THR,54,17.678771354001658,33.61472156502722
ASP,55,18.90355255380374,14.78099228491801
GLY,56,2.755901783690237,13.19778087438664
SER,57,11.635875299504335,19.402525957733136
GLY,58,2.506643283693646,12.713397101585858
THR,59,20.562112832103377,32.69418202025297
ALA,60,7.296448262056323,25.384495850388486
LEU,61,25.332497015632736,51.543861548624996
GLY,62,2.8750312312522994,12.610762457471072
TRP,63,54.95879945211503,41.89289953721535
THR,64,20.67850945193655,33.84504637715338
VAL,65,19.933317977818252,44.61371595261333
ALA,66,7.106148080782003,27.168923017037717
TRP,67,51.19316292396281,41.19734338715557
LYS,68,29.49055247719892,52.937245612403004
ASN,69,21.553001923628415,26.751202708250496
ASN,70,20.87996269115789,26.437781432414383
TYR,71,39.40717020641841,37.696974144478844
ARG,72,39.64745592508373,56.145164210887266
ASN,73,24.401121636237477,27.35661259911399
ALA,74,7.086048579740339,26.162160722295447
HID,75,31.421387793591823,30.159252027331526
SER,76,11.842192629719737,21.19872281879305
ALA,77,6.774465001970801,25.102575726503574
THR,78,20.69738077571114,35.001528889363136
THR,79,19.810317650657655,36.26255113310067
TRP,80,55.82815279045411,41.25156653243371
SER,81,12.150305287791632,21.623260297693687
GLY,82,2.8490337318088255,12.768342077365816
GLN,83,30.13224639898268,33.278773624872
TYR,84,44.16516397380022,37.663540208140375
VAL,85,18.246679397913276,42.19408129651111
GLY,86,2.515855848624659,12.017221098645441
GLY,87,2.6526839135453195,12.864533127927613
ALA,88,6.874779541828441,26.34354284716674
GLU,89,26.33197341882984,22.979328276265168
ALA,90,7.30031955115444,25.272997643146894
ARG,91,43.657666662737654,55.458876714260825
ILE,92,27.18163709537741,50.64193138697987
ASN,93,21.48241309945243,26.14333891503147
THR,94,19.48895230024675,33.07199977979692
GLN,95,30.221517417681483,33.094952768829316
TRP,96,52.83358867000233,41.858760278990715
LEU,97,26.88521267556549,51.121707719103824
LEU,98,26.72651965955922,52.03123187740205
THR,99,20.002708450460997,36.801299668559906
SER,100,11.48867081328588,22.068081096311015
GLY,101,2.3810527198343547,12.602823893423352
THR,102,18.54609614153571,34.04224829702062
THR,103,18.311156955833816,33.439070766827314
GLU,104,24.403209853864823,23.473281956588533
ALA,105,7.239008841061889,26.004580825822732
ASN,106,21.714579414833764,27.56338481237013
ALA,107,7.036044828973517,25.58315846666174
TRP,108,51.15948866584308,41.92040673538726
LYS,109,30.15863076228666,54.665829907662655
SER,110,12.421195310276921,21.701864004864817
THR,111,20.057102108446994,35.274773598121634
LEU,112,26.131459554180985,51.6237664252349
VAL,113,20.268569127697038,43.66166219481432
GLY,114,2.748109017170652,12.261316019220391
HID,115,30.135467298651616,28.400393538421977
ASP,116,21.919501501039704,13.751476762490391
THR,117,20.1630163096614,34.50533147327878
PHE,118,35.360564971519274,35.781305536167736
THR,119,20.89816092967249,34.46314799027165
LYS,120,29.50647170006184,53.805658915355984
VAL,121,18.986802929367602,44.00966027520385
LYS,122,28.766020012317743,53.62918638839015
PRO,123,12.479981268412578,26.43576071441574
SER,124,10.721356408088477,21.213040948596706
ALA,125,5.584876193763889,25.3090921187416
ALA,126,5.360622450475394,23.442158203212543
CSER,127,14.152782676426382,19.958741274239348
