RESNAME,RESID,FF_ENTROPY(J/mol/K),TT_ENTROPY(J/mol/K)
NALA,1,9.200799538664164,39.143838226752955
GLU,2,21.747726306568293,21.784237605446705
ALA,3,6.04585809997369,25.126162337968214
GLY,4,2.350525520062894,12.840883297166378
ILE,5,24.28734805633258,53.257845181555126
THR,6,18.102836957436736,34.18898453512372
GLY,7,2.4415389271769357,12.499033072608052
THR,8,19.073165274779246,32.38116312022097
TRP,9,45.658741687403655,41.060729688050316
TYR,10,39.331676687176305,37.52718868684698
ALA,11,6.208731623969598,24.94627657028169
GLN,12,25.395621664591953,33.265712713060374
LEU,13,22.17669087643469,51.13576789716464
GLY,14,2.5048842719588573,12.369766299997975
SER,15,11.057830670587517,20.23287296265958
THR,16,19.126820894544238,34.72474005631991
PHE,17,31.56645914344293,36.226116352942036
ILE,18,24.116393888148146,52.45351093793138
VAL,19,18.891848964633905,42.210495335292585
THR,20,19.492962598555767,34.52452155632115
ALA,21,6.804656490990279,25.47629159072199
GLY,22,2.516494672761037,12.019700518148792
ALA,23,6.779787466201081,26.172959629771242
ASP,24,17.464657840244012,15.719216319643113
GLY,25,2.660849293519043,11.918559305362823
ALA,26,6.4723365130610855,24.204479171631565
LEU,27,23.87656639441215,50.90552622234049
THR,28,18.61220114559588,33.76929635982082
GLY,29,2.5227320078163062,11.913541189179167
THR,30,17.769787860115773,32.99345391533808
TYR,31,39.34926147489907,37.23737322793917
GLU,32,23.92562075990571,22.317800735588893
SER,33,11.804262981835763,22.00961984071857
ALA,34,5.918532314415271,25.190288379884972
VAL,35,17.343255288864174,43.98089313329833
GLY,36,2.0383289160538176,11.658978629212067
ASN,37,18.905726513222962,24.923176807447593
ALA,38,6.328175115587918,24.810641544138118
GLU,39,24.64141692224109,21.30831920199818
SER,40,11.753775824771973,20.2486831081652
ARG,41,40.12272997512594,56.811658180129335
TYR,42,41.264505230682595,38.098815041258916
VAL,43,18.226037955412014,44.225060500068636
LEU,44,25.867768351653506,50.414372939601485
THR,45,17.73246463221074,34.226604808328695
GLY,46,2.5504807798059943,11.418166174911653
ARG,47,43.11498014931753,59.669019012756465
TYR,48,40.116113047070606,38.585021247910284
ASP,49,20.974526566687306,15.7044303217999
SER,50,11.702625353886678,21.743941155914893
ALA,51,6.4541625462797745,23.801343846047597
PRO,52,12.399256967963023,26.285777063804147
ALA,53,5.982495551570415,24.64839976894082
THR,54,18.00725501729642,34.38787781520018
ASP,55,19.145028432746393,15.107399772187817
GLY,56,2.7424612157214416,12.823247342588655
SER,57,11.55052553003808,20.192752209489147
GLY,58,2.6375993954132064,12.38206484773862
THR,59,18.802797303303258,35.021885665162806
ALA,60,6.623294623309519,26.173653949357846
LEU,61,23.895479787750244,51.12073785795655
GLY,62,2.654555201445798,12.176634298607107
TRP,63,45.36772466159256,40.56294521654411
THR,64,18.782070144831057,32.170917449712405
VAL,65,19.244109405443417,42.266573080565934
ALA,66,6.6720832244322175,24.550940480995443
TRP,67,48.72151168302714,39.2764210859393
LYS,68,28.66004186743651,53.75041276807554
ASN,69,22.0478965482715,27.405108090471273
ASN,70,20.135082597536947,25.16478599772045
TYR,71,38.83251393321134,38.41038854790215
ARG,72,41.45623657207899,55.74371542513552
ASN,73,21.667989123182927,25.54071206721293
ALA,74,6.722289925458933,24.5051037708624
HID,75,27.37132614183127,29.143395559762737
SER,76,11.86892459885257,20.249977668777653
ALA,77,6.719131875236948,24.777675492625573
THR,78,19.979960270615816,33.69352745481758
THR,79,17.864284463118594,35.29380779088877
TRP,80,46.87712036735719,40.832826981553374
SER,81,11.341897649032449,22.668155128385273
GLY,82,2.5216555425749467,12.457032097706886
GLN,83,28.756195481514972,33.719894467101454
TYR,84,38.3685192142289,38.016910379328614
VAL,85,17.943627696389285,43.70109407680032
GLY,86,2.345335736388195,12.878399890210726
GLY,87,2.2037004264324884,12.131545265852486
ALA,88,5.950320459617822,25.60036643798619
GLU,89,24.73680103899535,21.73898885473134
ALA,90,5.788614806255683,24.892886879621198
ARG,91,40.09562314926731,56.15662521651188
ILE,92,24.3138699367711,50.28620939003027
ASN,93,20.177660913259857,26.419743112856274
THR,94,19.74391948817196,33.723978171667554
GLN,95,28.81309377058687,34.1048051280571
TRP,96,44.43991092829771,39.52151001802572
LEU,97,24.58708630398087,50.49361770800303
LEU,98,24.956804815140522,52.04421416249308
THR,99,18.517944474707555,33.528491186162015
SER,100,11.441014185964077,21.075928780583833
GLY,101,2.3577515622711807,12.179645629549057
THR,102,17.77792344974666,34.47715631548308
THR,103,17.871326684401204,35.206860419051026
GLU,104,24.866542022050538,23.6636852608344
ALA,105,6.910066623458972,26.047508006632142
ASN,106,21.2792778276276,27.440695619444693
ALA,107,6.517110020905601,25.78042438934544
TRP,108,43.40254963865397,40.161926627605645
LYS,109,28.5615825504084,53.82058753742911
SER,110,12.041966823945238,21.86866489069689
THR,111,19.200854726904115,33.601768598653464
LEU,112,25.307083981240698,50.640799321721005
VAL,113,18.356919454149814,42.42628215636745
GLY,114,2.608173840212878,12.858878425369303
HID,115,26.904414536001088,28.616687835179228
ASP,116,19.660082207422978,15.310104593386765
THR,117,18.313377205931843,34.02565835973521
PHE,118,31.865437601734374,34.37959373429064
THR,119,17.491979779065836,35.50279346891317
LYS,120,28.483915924769786,52.68514348379023
VAL,121,16.88496098570854,44.13542212774344
LYS,122,26.16048970532839,51.58160644337626
PRO,123,12.24243931143926,26.73318903303598
SER,124,9.846048526097405,20.901664946582066
ALA,125,5.266305930333477,24.273070022825074
ALA,126,5.120376585867486,24.610354547777202
CSER,127,14.015718905986693,19.314578247868
