------------------------------------------------------------
            Hierarchy level. --> United Atom <--            
------------------------------------------------------------
      RESNAME   RESID  FF_ENTROPY  TT_ENTROPY
UATOM NALA          1       9.018      38.383
UATOM GLU           2      21.881      21.101
UATOM ALA           3       5.359      24.554
UATOM GLY           4       1.960      11.607
UATOM ILE           5      21.404      51.467
UATOM THR           6      16.709      33.239
UATOM GLY           7       2.188      11.649
UATOM THR           8      16.720      32.383
UATOM TRP           9      37.465      36.034
UATOM TYR          10      31.641      34.750
UATOM ALA          11       5.444      24.395
UATOM GLN          12      23.382      31.800
UATOM LEU          13      20.997      50.308
UATOM GLY          14       2.153      11.317
UATOM SER          15       9.394      19.420
UATOM THR          16      16.599      32.857
UATOM PHE          17      25.675      32.625
UATOM ILE          18      21.300      50.150
UATOM VAL          19      16.261      41.414
UATOM THR          20      17.482      33.325
UATOM ALA          21       5.609      25.098
UATOM GLY          22       2.235      11.468
UATOM ALA          23       5.742      24.372
UATOM ASP          24      16.462      14.016
UATOM GLY          25       2.252      11.492
UATOM ALA          26       5.466      23.742
UATOM LEU          27      20.818      49.356
UATOM THR          28      16.582      33.252
UATOM GLY          29       2.247      11.426
UATOM THR          30      16.664      32.153
UATOM TYR          31      33.291      35.052
UATOM GLU          32      21.605      20.734
UATOM SER          33       9.611      20.121
UATOM ALA          34       5.224      24.389
UATOM VAL          35      15.697      42.732
UATOM GLY          36       2.107      11.390
UATOM ASN          37      17.984      25.065
UATOM ALA          38       5.102      24.598
UATOM GLU          39      21.804      20.867
UATOM SER          40       9.559      20.093
UATOM ARG          41      35.493      53.904
UATOM TYR          42      31.741      34.972
UATOM VAL          43      15.690      42.375
UATOM LEU          44      20.820      49.283
UATOM THR          45      16.781      32.984
UATOM GLY          46       2.402      11.434
UATOM ARG          47      36.617      52.997
UATOM TYR          48      32.175      34.025
UATOM ASP          49      18.021      14.400
UATOM SER          50      10.091      20.101
UATOM ALA          51       5.350      23.315
UATOM PRO          52      10.439      26.165
UATOM ALA          53       5.244      24.044
UATOM THR          54      16.532      33.117
UATOM ASP          55      16.936      13.882
UATOM GLY          56       2.060      11.746
UATOM SER          57      10.000      19.565
UATOM GLY          58       2.206      11.352
UATOM THR          59      16.428      32.462
UATOM ALA          60       5.978      24.729
UATOM LEU          61      21.107      48.910
UATOM GLY          62       2.603      11.196
UATOM TRP          63      36.020      37.224
UATOM THR          64      16.260      30.767
UATOM VAL          65      15.920      41.729
UATOM ALA          66       5.528      24.109
UATOM TRP          67      36.261      36.010
UATOM LYS          68      25.250      51.966
UATOM ASN          69      18.558      25.023
UATOM ASN          70      18.455      25.444
UATOM TYR          71      32.037      34.337
UATOM ARG          72      35.063      54.295
UATOM ASN          73      18.106      24.478
UATOM ALA          74       5.411      24.095
UATOM HID          75      21.181      25.614
UATOM SER          76       9.813      19.873
UATOM ALA          77       5.542      23.450
UATOM THR          78      16.684      31.935
UATOM THR          79      16.683      32.313
UATOM TRP          80      35.707      36.363
UATOM SER          81       9.773      19.536
UATOM GLY          82       2.323      11.527
UATOM GLN          83      24.190      31.970
UATOM TYR          84      32.604      35.054
UATOM VAL          85      16.133      42.935
UATOM GLY          86       2.192      11.559
UATOM GLY          87       2.207      11.519
UATOM ALA          88       5.288      24.934
UATOM GLU          89      21.542      20.865
UATOM ALA          90       5.475      23.887
UATOM ARG          91      35.159      53.716
UATOM ILE          92      21.964      49.508
UATOM ASN          93      18.386      25.299
UATOM THR          94      16.979      32.463
UATOM GLN          95      24.514      32.824
UATOM TRP          96      35.893      36.010
UATOM LEU          97      21.093      48.702
UATOM LEU          98      21.523      50.387
UATOM THR          99      16.913      32.804
UATOM SER         100       9.704      19.924
UATOM GLY         101       2.083      11.529
UATOM THR         102      16.578      33.828
UATOM THR         103      16.690      34.033
UATOM GLU         104      22.274      21.249
UATOM ALA         105       5.716      24.400
UATOM ASN         106      18.883      24.661
UATOM ALA         107       5.171      25.029
UATOM TRP         108      34.604      37.098
UATOM LYS         109      25.127      50.910
UATOM SER         110       9.823      20.644
UATOM THR         111      16.602      33.214
UATOM LEU         112      21.861      48.465
UATOM VAL         113      15.942      41.580
UATOM GLY         114       2.305      11.424
UATOM HID         115      22.409      26.133
UATOM ASP         116      17.015      14.440
UATOM THR         117      16.904      32.876
UATOM PHE         118      25.924      33.022
UATOM THR         119      17.134      32.974
UATOM LYS         120      24.963      51.169
UATOM VAL         121      15.806      42.875
UATOM LYS         122      24.344      50.475
UATOM PRO         123      10.379      26.111
UATOM SER         124       9.367      19.947
UATOM ALA         125       4.983      24.323
UATOM ALA         126       5.145      24.345
UATOM CSER        127      13.873      19.767
____________________________________________________________
Total Entropy FF (UA level) :        2028.045 J/mol/K
Total Entropy TT (UA level) :        3742.122 J/mol/K
------------------------------------------------------------
____________________________________________________________
Total Entropy                            :        5770.167
------------------------------------------------------------
