------------------------------------------------------------
            Hierarchy level. --> United Atom <--            
------------------------------------------------------------
      RESNAME   RESID  FF_ENTROPY  TT_ENTROPY
UATOM BTN           1     104.644      64.215
____________________________________________________________
Total Entropy FF (UA level) :         104.644 J/mol/K
Total Entropy TT (UA level) :          64.215 J/mol/K
------------------------------------------------------------
____________________________________________________________
Total Entropy                            :         168.859
------------------------------------------------------------
------------------------------------------------------------
            Hierarchy level. --> United Atom <--            
------------------------------------------------------------
      RESNAME   RESID  FF_ENTROPY  TT_ENTROPY
UATOM BTN           1     110.689      64.434
____________________________________________________________
Total Entropy FF (UA level) :         110.689 J/mol/K
Total Entropy TT (UA level) :          64.434 J/mol/K
------------------------------------------------------------
____________________________________________________________
Total Entropy                            :         175.123
------------------------------------------------------------
------------------------------------------------------------
            Hierarchy level. --> United Atom <--            
------------------------------------------------------------
      RESNAME   RESID  FF_ENTROPY  TT_ENTROPY
UATOM BTN           1     104.298      65.966
____________________________________________________________
Total Entropy FF (UA level) :         104.298 J/mol/K
Total Entropy TT (UA level) :          65.966 J/mol/K
------------------------------------------------------------
____________________________________________________________
Total Entropy                            :         170.263
------------------------------------------------------------
------------------------------------------------------------
            Hierarchy level. --> United Atom <--            
------------------------------------------------------------
      RESNAME   RESID  FF_ENTROPY  TT_ENTROPY
UATOM BTN           1     108.618      68.043
____________________________________________________________
Total Entropy FF (UA level) :         108.618 J/mol/K
Total Entropy TT (UA level) :          68.043 J/mol/K
------------------------------------------------------------
____________________________________________________________
Total Entropy                            :         176.661
------------------------------------------------------------
------------------------------------------------------------
            Hierarchy level. --> United Atom <--            
------------------------------------------------------------
      RESNAME   RESID  FF_ENTROPY  TT_ENTROPY
UATOM BTN           1     100.848      64.869
____________________________________________________________
Total Entropy FF (UA level) :         100.848 J/mol/K
Total Entropy TT (UA level) :          64.869 J/mol/K
------------------------------------------------------------
____________________________________________________________
Total Entropy                            :         165.717
------------------------------------------------------------
