------------------------------------------------------------
Topographical entropy of residue side chains 
 computed using all the dihedrals with pLogp formalism
------------------------------------------------------------
Dihedral 0    7    8    1     : 4.7647
Dihedral 0    7    6    2     : -0.0000
Dihedral 0    7    6    3     : -0.0000
Dihedral 6    2    9    10    : 0.0657
Dihedral 2    1    8    7     : 0.0657
Dihedral 1    2    9    10    : 0.0657
Dihedral 10   11   12   13    : 2.5537
Dihedral 7    6    2    9     : -0.0000
Dihedral 3    6    2    9     : -0.0000
Dihedral 3    4    0    7     : -0.0000
Dihedral 4    0    7    8     : -0.0000
Dihedral 4    0    7    6     : -0.0000
Dihedral 11   12   13   15    : 4.8983
Dihedral 1    2    6    3     : -0.0000
Dihedral 1    2    6    7     : -0.0000
Dihedral 2    6    7    8     : 0.1200
Dihedral 0    4    3    6     : -0.0000
Dihedral 9    10   11   12    : 0.5405
Dihedral 2    9    10   11    : 2.5727
Dihedral 6    2    1    8     : 0.3874
Dihedral 5    4    3    6     : -0.0000
Dihedral 3    6    7    8     : 0.7161
Dihedral 11   12   13   14    : -0.0000
Dihedral 1    8    7    6     : 3.6556
Dihedral 4    3    6    7     : -0.0000
Dihedral 2    6    3    4     : -0.0000
Dihedral 5    4    0    7     : -0.0000
Dihedral 8    1    2    9     : 0.0657
Side Chain Topographical Entropy (BTN 1) : 20.4719
____________________________________________________________
Total SC Topog. Entropy                  :          20.472
------------------------------------------------------------
------------------------------------------------------------
Topographical entropy of BB dihedrals 
 computed using the pLogp formalism
------------------------------------------------------------
____________________________________________________________
Total BB Topog. Entropy                  :           0.000
------------------------------------------------------------
____________________________________________________________
Total Entropy                            :          20.472
------------------------------------------------------------
------------------------------------------------------------
Topographical entropy of residue side chains 
 computed using all the dihedrals with pLogp formalism
------------------------------------------------------------
Dihedral 3    4    0    7     : -0.0000
Dihedral 10   11   12   13    : 2.0438
Dihedral 5    4    0    7     : -0.0000
Dihedral 0    7    6    2     : -0.0000
Dihedral 6    2    9    10    : -0.0000
Dihedral 4    0    7    6     : -0.0000
Dihedral 4    0    7    8     : -0.0000
Dihedral 5    4    3    6     : -0.0000
Dihedral 0    7    6    3     : -0.0000
Dihedral 0    4    3    6     : -0.0000
Dihedral 3    6    7    8     : 1.0023
Dihedral 9    10   11   12    : 0.3468
Dihedral 4    3    6    7     : -0.0000
Dihedral 2    1    8    7     : -0.0000
Dihedral 2    6    7    8     : 0.1200
Dihedral 2    9    10   11    : 1.9326
Dihedral 11   12   13   14    : -0.0000
Dihedral 11   12   13   15    : 4.6846
Dihedral 3    6    2    9     : -0.0000
Dihedral 2    6    3    4     : -0.0000
Dihedral 6    2    1    8     : 0.3468
Dihedral 1    2    9    10    : -0.0000
Dihedral 0    7    8    1     : 5.2729
Dihedral 1    2    6    3     : -0.0000
Dihedral 1    8    7    6     : 3.0342
Dihedral 7    6    2    9     : -0.0000
Dihedral 1    2    6    7     : -0.0000
Dihedral 8    1    2    9     : 0.1698
Side Chain Topographical Entropy (BTN 1) : 18.9536
____________________________________________________________
Total SC Topog. Entropy                  :          18.954
------------------------------------------------------------
------------------------------------------------------------
Topographical entropy of BB dihedrals 
 computed using the pLogp formalism
------------------------------------------------------------
____________________________________________________________
Total BB Topog. Entropy                  :           0.000
------------------------------------------------------------
____________________________________________________________
Total Entropy                            :          18.954
------------------------------------------------------------
------------------------------------------------------------
Topographical entropy of residue side chains 
 computed using all the dihedrals with pLogp formalism
------------------------------------------------------------
Dihedral 2    6    3    4     : -0.0000
Dihedral 1    2    9    10    : 1.4747
Dihedral 2    6    7    8     : 0.1698
Dihedral 10   11   12   13    : 4.6386
Dihedral 0    7    6    2     : -0.0000
Dihedral 8    1    2    9     : 0.1200
Dihedral 2    1    8    7     : -0.0000
Dihedral 3    6    7    8     : 0.7826
Dihedral 3    4    0    7     : -0.0000
Dihedral 5    4    3    6     : -0.0000
Dihedral 1    8    7    6     : 4.1835
Dihedral 3    6    2    9     : -0.0000
Dihedral 1    2    6    7     : -0.0000
Dihedral 9    10   11   12    : 2.4962
Dihedral 4    3    6    7     : -0.0000
Dihedral 4    0    7    6     : -0.0000
Dihedral 0    4    3    6     : -0.0000
Dihedral 11   12   13   14    : -0.0000
Dihedral 5    4    0    7     : -0.0000
Dihedral 4    0    7    8     : -0.0000
Dihedral 0    7    6    3     : -0.0000
Dihedral 0    7    8    1     : 4.6755
Dihedral 7    6    2    9     : -0.0000
Dihedral 2    9    10   11    : 4.0306
Dihedral 11   12   13   15    : 5.1607
Dihedral 1    2    6    3     : -0.0000
Dihedral 6    2    1    8     : 0.7495
Dihedral 6    2    9    10    : 1.4747
Side Chain Topographical Entropy (BTN 1) : 29.9564
____________________________________________________________
Total SC Topog. Entropy                  :          29.956
------------------------------------------------------------
------------------------------------------------------------
Topographical entropy of BB dihedrals 
 computed using the pLogp formalism
------------------------------------------------------------
____________________________________________________________
Total BB Topog. Entropy                  :           0.000
------------------------------------------------------------
____________________________________________________________
Total Entropy                            :          29.956
------------------------------------------------------------
------------------------------------------------------------
Topographical entropy of residue side chains 
 computed using all the dihedrals with pLogp formalism
------------------------------------------------------------
Dihedral 1    2    6    3     : -0.0000
Dihedral 2    1    8    7     : -0.0000
Dihedral 3    6    7    8     : 0.5768
Dihedral 0    7    8    1     : 3.8036
Dihedral 4    0    7    6     : -0.0000
Dihedral 2    6    3    4     : -0.0000
Dihedral 3    4    0    7     : -0.0000
Dihedral 2    9    10   11    : 3.0007
Dihedral 9    10   11   12    : 1.3964
Dihedral 11   12   13   15    : 4.7906
Dihedral 0    4    3    6     : -0.0000
Dihedral 5    4    0    7     : -0.0000
Dihedral 1    2    6    7     : -0.0000
Dihedral 10   11   12   13    : 3.0007
Dihedral 2    6    7    8     : 0.1698
Dihedral 7    6    2    9     : -0.0000
Dihedral 1    8    7    6     : 4.8741
Dihedral 1    2    9    10    : 0.5405
Dihedral 3    6    2    9     : -0.0000
Dihedral 4    0    7    8     : -0.0000
Dihedral 8    1    2    9     : -0.0000
Dihedral 6    2    1    8     : 0.4656
Dihedral 5    4    3    6     : -0.0000
Dihedral 0    7    6    2     : -0.0000
Dihedral 6    2    9    10    : 0.5405
Dihedral 4    3    6    7     : -0.0000
Dihedral 11   12   13   14    : -0.0000
Dihedral 0    7    6    3     : -0.0000
Side Chain Topographical Entropy (BTN 1) : 23.1592
____________________________________________________________
Total SC Topog. Entropy                  :          23.159
------------------------------------------------------------
------------------------------------------------------------
Topographical entropy of BB dihedrals 
 computed using the pLogp formalism
------------------------------------------------------------
____________________________________________________________
Total BB Topog. Entropy                  :           0.000
------------------------------------------------------------
____________________________________________________________
Total Entropy                            :          23.159
------------------------------------------------------------
------------------------------------------------------------
Topographical entropy of residue side chains 
 computed using all the dihedrals with pLogp formalism
------------------------------------------------------------
Dihedral 0    7    6    2     : -0.0000
Dihedral 2    6    7    8     : -0.0000
Dihedral 1    2    9    10    : 0.9720
Dihedral 0    7    6    3     : -0.0000
Dihedral 11   12   13   15    : 4.7820
Dihedral 1    2    6    3     : -0.0000
Dihedral 9    10   11   12    : 1.8642
Dihedral 5    4    0    7     : -0.0000
Dihedral 4    3    6    7     : -0.0000
Dihedral 11   12   13   14    : -0.0000
Dihedral 7    6    2    9     : -0.0000
Dihedral 4    0    7    6     : -0.0000
Dihedral 3    6    7    8     : 0.6821
Dihedral 2    6    3    4     : -0.0000
Dihedral 8    1    2    9     : 0.1200
Dihedral 10   11   12   13    : 4.1587
Dihedral 1    8    7    6     : 4.9535
Dihedral 6    2    1    8     : 0.9104
Dihedral 4    0    7    8     : -0.0000
Dihedral 0    4    3    6     : -0.0000
Dihedral 0    7    8    1     : 3.8297
Dihedral 3    4    0    7     : -0.0000
Dihedral 5    4    3    6     : -0.0000
Dihedral 2    9    10   11    : 4.0703
Dihedral 1    2    6    7     : -0.0000
Dihedral 6    2    9    10    : 0.9720
Dihedral 2    1    8    7     : -0.0000
Dihedral 3    6    2    9     : -0.0000
Side Chain Topographical Entropy (BTN 1) : 27.3148
____________________________________________________________
Total SC Topog. Entropy                  :          27.315
------------------------------------------------------------
------------------------------------------------------------
Topographical entropy of BB dihedrals 
 computed using the pLogp formalism
------------------------------------------------------------
____________________________________________________________
Total BB Topog. Entropy                  :           0.000
------------------------------------------------------------
____________________________________________________________
Total Entropy                            :          27.315
------------------------------------------------------------
