------------------------------------------------------------
Topographical entropy of residue side chains 
 computed using all the dihedrals with pLogp formalism
------------------------------------------------------------
Dihedral 4    0    7    6     : -0.0000
Dihedral 10   11   12   13    : 5.7510
Dihedral 8    1    2    9     : 0.0657
Dihedral 3    6    7    8     : 0.8151
Dihedral 11   12   13   15    : -0.0000
Dihedral 0    7    8    1     : 3.8297
Dihedral 1    2    9    10    : 0.1698
Dihedral 4    3    6    7     : -0.0000
Dihedral 11   12   13   14    : 4.9535
Dihedral 5    4    0    7     : -0.0000
Dihedral 6    2    1    8     : 0.6476
Dihedral 3    4    0    7     : -0.0000
Dihedral 3    6    2    9     : -0.0000
Dihedral 6    2    9    10    : 0.1698
Dihedral 2    1    8    7     : -0.0000
Dihedral 0    7    6    2     : -0.0000
Dihedral 7    6    2    9     : -0.0000
Dihedral 1    2    6    3     : -0.0000
Dihedral 5    4    3    6     : -0.0000
Dihedral 4    0    7    8     : -0.0000
Dihedral 2    9    10   11    : 5.7565
Dihedral 9    10   11   12    : 2.3982
Dihedral 1    8    7    6     : 5.1000
Dihedral 0    4    3    6     : -0.0000
Dihedral 2    6    3    4     : -0.0000
Dihedral 2    6    7    8     : 0.1200
Dihedral 1    2    6    7     : -0.0000
Dihedral 0    7    6    3     : -0.0000
Side Chain Topographical Entropy (BTN 1) : 29.7768
____________________________________________________________
Total SC Topog. Entropy                  :          29.777
------------------------------------------------------------
------------------------------------------------------------
Topographical entropy of BB dihedrals 
 computed using the pLogp formalism
------------------------------------------------------------
____________________________________________________________
Total BB Topog. Entropy                  :           0.000
------------------------------------------------------------
____________________________________________________________
Total Entropy                            :          29.777
------------------------------------------------------------
