------------------------------------------------------------
Topographical entropy of residue side chains 
computed using all the dihedrals with AEM method
------------------------------------------------------------
Residue Topographical Entropy from AEM (BTN 1) : 6.5108
____________________________________________________________
Total Topog. Entropy (AEM)               :           6.511
------------------------------------------------------------
____________________________________________________________
Total Entropy                            :           6.511
------------------------------------------------------------
------------------------------------------------------------
Topographical entropy of residue side chains 
computed using all the dihedrals with AEM method
------------------------------------------------------------
Residue Topographical Entropy from AEM (BTN 1) : 4.0760
____________________________________________________________
Total Topog. Entropy (AEM)               :           4.076
------------------------------------------------------------
____________________________________________________________
Total Entropy                            :           4.076
------------------------------------------------------------
------------------------------------------------------------
Topographical entropy of residue side chains 
computed using all the dihedrals with AEM method
------------------------------------------------------------
Residue Topographical Entropy from AEM (BTN 1) : 3.0425
____________________________________________________________
Total Topog. Entropy (AEM)               :           3.042
------------------------------------------------------------
____________________________________________________________
Total Entropy                            :           3.042
------------------------------------------------------------
------------------------------------------------------------
Topographical entropy of residue side chains 
computed using all the dihedrals with AEM method
------------------------------------------------------------
Residue Topographical Entropy from AEM (BTN 1) : 2.0811
____________________________________________________________
Total Topog. Entropy (AEM)               :           2.081
------------------------------------------------------------
____________________________________________________________
Total Entropy                            :           2.081
------------------------------------------------------------
------------------------------------------------------------
Topographical entropy of residue side chains 
computed using all the dihedrals with AEM method
------------------------------------------------------------
Residue Topographical Entropy from AEM (BTN 1) : 2.6014
____________________________________________________________
Total Topog. Entropy (AEM)               :           2.601
------------------------------------------------------------
____________________________________________________________
Total Entropy                            :           2.601
------------------------------------------------------------
