------------------------------------------------------------
Topographical entropy of residue side chains 
 computed using all the dihedrals with pLogp formalism
------------------------------------------------------------
Dihedral 11   12   13   15    : -0.0000
Dihedral 2    1    8    7     : -0.0000
Dihedral 4    0    7    6     : -0.0000
Dihedral 5    4    3    6     : -0.0000
Dihedral 0    7    8    1     : 5.1475
Dihedral 0    4    3    6     : -0.0000
Dihedral 8    1    2    9     : -0.0000
Dihedral 2    6    3    4     : -0.0000
Dihedral 2    6    7    8     : -0.0000
Dihedral 1    2    9    10    : -0.0000
Dihedral 9    10   11   12    : 0.6821
Dihedral 6    2    1    8     : 0.2617
Dihedral 5    4    0    7     : -0.0000
Dihedral 0    7    6    3     : -0.0000
Dihedral 1    2    6    3     : -0.0000
Dihedral 1    8    7    6     : 3.3821
Dihedral 2    9    10   11    : 3.2126
Dihedral 3    6    7    8     : 0.9104
Dihedral 4    0    7    8     : -0.0000
Dihedral 1    2    6    7     : -0.0000
Dihedral 6    2    9    10    : -0.0000
Dihedral 11   12   13   14    : 4.5334
Dihedral 3    4    0    7     : -0.0000
Dihedral 10   11   12   13    : 3.3398
Dihedral 3    6    2    9     : -0.0000
Dihedral 0    7    6    2     : -0.0000
Dihedral 4    3    6    7     : -0.0000
Dihedral 7    6    2    9     : -0.0000
Side Chain Topographical Entropy (BTN 1) : 21.4696
____________________________________________________________
Total SC Topog. Entropy                  :          21.470
------------------------------------------------------------
------------------------------------------------------------
Topographical entropy of BB dihedrals 
 computed using the pLogp formalism
------------------------------------------------------------
____________________________________________________________
Total BB Topog. Entropy                  :           0.000
------------------------------------------------------------
____________________________________________________________
Total Entropy                            :          21.470
------------------------------------------------------------
------------------------------------------------------------
Topographical entropy of residue side chains 
 computed using all the dihedrals with pLogp formalism
------------------------------------------------------------
Dihedral 4    0    7    6     : -0.0000
Dihedral 1    2    6    7     : -0.0000
Dihedral 1    2    9    10    : 0.2168
Dihedral 2    1    8    7     : -0.0000
Dihedral 11   12   13   15    : -0.0000
Dihedral 3    6    7    8     : 1.1203
Dihedral 6    2    1    8     : 0.5768
Dihedral 5    4    3    6     : -0.0000
Dihedral 2    9    10   11    : 3.3519
Dihedral 8    1    2    9     : 0.1698
Dihedral 11   12   13   14    : 4.8659
Dihedral 0    7    6    3     : -0.0000
Dihedral 4    3    6    7     : -0.0000
Dihedral 0    4    3    6     : -0.0000
Dihedral 7    6    2    9     : -0.0000
Dihedral 0    7    8    1     : 4.9991
Dihedral 3    6    2    9     : -0.0000
Dihedral 0    7    6    2     : -0.0000
Dihedral 5    4    0    7     : -0.0000
Dihedral 2    6    7    8     : 0.3050
Dihedral 1    8    7    6     : 3.3061
Dihedral 10   11   12   13    : 3.3821
Dihedral 4    0    7    8     : -0.0000
Dihedral 3    4    0    7     : -0.0000
Dihedral 6    2    9    10    : 0.2168
Dihedral 2    6    3    4     : -0.0000
Dihedral 1    2    6    3     : -0.0000
Dihedral 9    10   11   12    : 1.1776
Side Chain Topographical Entropy (BTN 1) : 23.6883
____________________________________________________________
Total SC Topog. Entropy                  :          23.688
------------------------------------------------------------
------------------------------------------------------------
Topographical entropy of BB dihedrals 
 computed using the pLogp formalism
------------------------------------------------------------
____________________________________________________________
Total BB Topog. Entropy                  :           0.000
------------------------------------------------------------
____________________________________________________________
Total Entropy                            :          23.688
------------------------------------------------------------
------------------------------------------------------------
Topographical entropy of residue side chains 
 computed using all the dihedrals with pLogp formalism
------------------------------------------------------------
Dihedral 6    2    9    10    : 0.1200
Dihedral 1    2    9    10    : 0.1200
Dihedral 0    7    6    3     : -0.0000
Dihedral 3    4    0    7     : -0.0000
Dihedral 8    1    2    9     : -0.0000
Dihedral 2    6    7    8     : 0.0657
Dihedral 11   12   13   15    : -0.0000
Dihedral 2    9    10   11    : 2.0656
Dihedral 0    4    3    6     : -0.0000
Dihedral 0    7    8    1     : 4.6479
Dihedral 4    0    7    8     : -0.0000
Dihedral 0    7    6    2     : -0.0000
Dihedral 2    6    3    4     : -0.0000
Dihedral 5    4    0    7     : -0.0000
Dihedral 3    6    2    9     : -0.0000
Dihedral 9    10   11   12    : 0.5405
Dihedral 5    4    3    6     : -0.0000
Dihedral 2    1    8    7     : -0.0000
Dihedral 11   12   13   14    : 4.6572
Dihedral 1    2    6    7     : -0.0000
Dihedral 6    2    1    8     : 0.2617
Dihedral 4    3    6    7     : -0.0000
Dihedral 1    2    6    3     : -0.0000
Dihedral 1    8    7    6     : 4.0786
Dihedral 4    0    7    6     : -0.0000
Dihedral 7    6    2    9     : -0.0000
Dihedral 10   11   12   13    : 2.0438
Dihedral 3    6    7    8     : 0.7161
Side Chain Topographical Entropy (BTN 1) : 19.3169
____________________________________________________________
Total SC Topog. Entropy                  :          19.317
------------------------------------------------------------
------------------------------------------------------------
Topographical entropy of BB dihedrals 
 computed using the pLogp formalism
------------------------------------------------------------
____________________________________________________________
Total BB Topog. Entropy                  :           0.000
------------------------------------------------------------
____________________________________________________________
Total Entropy                            :          19.317
------------------------------------------------------------
------------------------------------------------------------
Topographical entropy of residue side chains 
 computed using all the dihedrals with pLogp formalism
------------------------------------------------------------
Dihedral 11   12   13   14    : 4.5530
Dihedral 4    0    7    8     : -0.0000
Dihedral 0    7    6    2     : -0.0000
Dihedral 2    1    8    7     : -0.0000
Dihedral 1    2    9    10    : 0.3874
Dihedral 11   12   13   15    : -0.0000
Dihedral 3    4    0    7     : -0.0000
Dihedral 8    1    2    9     : 0.0657
Dihedral 10   11   12   13    : 2.7392
Dihedral 5    4    0    7     : -0.0000
Dihedral 3    6    7    8     : 0.9414
Dihedral 1    8    7    6     : 3.4856
Dihedral 0    4    3    6     : -0.0000
Dihedral 1    2    6    3     : -0.0000
Dihedral 4    3    6    7     : -0.0000
Dihedral 0    7    8    1     : 4.9063
Dihedral 3    6    2    9     : -0.0000
Dihedral 6    2    9    10    : 0.3874
Dihedral 7    6    2    9     : -0.0000
Dihedral 2    9    10   11    : 2.7573
Dihedral 2    6    7    8     : 0.1200
Dihedral 1    2    6    7     : -0.0000
Dihedral 9    10   11   12    : 0.7495
Dihedral 5    4    3    6     : -0.0000
Dihedral 0    7    6    3     : 0.0657
Dihedral 2    6    3    4     : 0.0657
Dihedral 4    0    7    6     : -0.0000
Dihedral 6    2    1    8     : 0.3050
Side Chain Topographical Entropy (BTN 1) : 21.5294
____________________________________________________________
Total SC Topog. Entropy                  :          21.529
------------------------------------------------------------
------------------------------------------------------------
Topographical entropy of BB dihedrals 
 computed using the pLogp formalism
------------------------------------------------------------
____________________________________________________________
Total BB Topog. Entropy                  :           0.000
------------------------------------------------------------
____________________________________________________________
Total Entropy                            :          21.529
------------------------------------------------------------
------------------------------------------------------------
Topographical entropy of residue side chains 
 computed using all the dihedrals with pLogp formalism
------------------------------------------------------------
Dihedral 5    4    3    6     : -0.0000
Dihedral 4    0    7    6     : -0.0000
Dihedral 2    6    3    4     : -0.0000
Dihedral 1    8    7    6     : 3.7238
Dihedral 2    9    10   11    : 3.6556
Dihedral 0    7    6    3     : 0.0657
Dihedral 11   12   13   14    : 4.9143
Dihedral 3    6    7    8     : 0.8151
Dihedral 2    1    8    7     : -0.0000
Dihedral 10   11   12   13    : 3.6556
Dihedral 1    2    6    3     : -0.0000
Dihedral 0    4    3    6     : -0.0000
Dihedral 8    1    2    9     : 0.1698
Dihedral 1    2    6    7     : -0.0000
Dihedral 4    3    6    7     : -0.0000
Dihedral 11   12   13   15    : -0.0000
Dihedral 0    7    8    1     : 4.9535
Dihedral 2    6    7    8     : 0.2168
Dihedral 3    6    2    9     : -0.0000
Dihedral 5    4    0    7     : -0.0000
Dihedral 6    2    1    8     : 0.5405
Dihedral 9    10   11   12    : 1.6260
Dihedral 4    0    7    8     : -0.0000
Dihedral 3    4    0    7     : -0.0000
Dihedral 0    7    6    2     : 0.0657
Dihedral 6    2    9    10    : 0.1200
Dihedral 7    6    2    9     : -0.0000
Dihedral 1    2    9    10    : 0.1200
Side Chain Topographical Entropy (BTN 1) : 24.6424
____________________________________________________________
Total SC Topog. Entropy                  :          24.642
------------------------------------------------------------
------------------------------------------------------------
Topographical entropy of BB dihedrals 
 computed using the pLogp formalism
------------------------------------------------------------
____________________________________________________________
Total BB Topog. Entropy                  :           0.000
------------------------------------------------------------
____________________________________________________________
Total Entropy                            :          24.642
------------------------------------------------------------
