------------------------------------------------------------
Topographical entropy of residue side chains 
computed using all the dihedrals with AEM method
------------------------------------------------------------
Residue Topographical Entropy from AEM (BTN 1) : 2.7485
____________________________________________________________
Total Topog. Entropy (AEM)               :           2.749
------------------------------------------------------------
____________________________________________________________
Total Entropy                            :           2.749
------------------------------------------------------------
------------------------------------------------------------
Topographical entropy of residue side chains 
computed using all the dihedrals with AEM method
------------------------------------------------------------
Residue Topographical Entropy from AEM (BTN 1) : 2.3262
____________________________________________________________
Total Topog. Entropy (AEM)               :           2.326
------------------------------------------------------------
____________________________________________________________
Total Entropy                            :           2.326
------------------------------------------------------------
------------------------------------------------------------
Topographical entropy of residue side chains 
computed using all the dihedrals with AEM method
------------------------------------------------------------
Residue Topographical Entropy from AEM (BTN 1) : 8.1941
____________________________________________________________
Total Topog. Entropy (AEM)               :           8.194
------------------------------------------------------------
____________________________________________________________
Total Entropy                            :           8.194
------------------------------------------------------------
------------------------------------------------------------
Topographical entropy of residue side chains 
computed using all the dihedrals with AEM method
------------------------------------------------------------
Residue Topographical Entropy from AEM (BTN 1) : 3.8773
____________________________________________________________
Total Topog. Entropy (AEM)               :           3.877
------------------------------------------------------------
____________________________________________________________
Total Entropy                            :           3.877
------------------------------------------------------------
------------------------------------------------------------
Topographical entropy of residue side chains 
computed using all the dihedrals with AEM method
------------------------------------------------------------
Residue Topographical Entropy from AEM (BTN 1) : 5.5938
____________________________________________________________
Total Topog. Entropy (AEM)               :           5.594
------------------------------------------------------------
____________________________________________________________
Total Entropy                            :           5.594
------------------------------------------------------------
