------------------------------------------------------------
          Hierarchy level. --> Whole molecule <--           
------------------------------------------------------------
Total number of beads at the whole molecule level = 1
FF Entropy (Whole mol level)             : 58.2039 J/mol/K
TT Entropy (Whole mol level)             : 53.0039 J/mol/K
____________________________________________________________
Total Entropy                            :         111.208
------------------------------------------------------------
------------------------------------------------------------
          Hierarchy level. --> Whole molecule <--           
------------------------------------------------------------
Total number of beads at the whole molecule level = 1
FF Entropy (Whole mol level)             : 58.9224 J/mol/K
TT Entropy (Whole mol level)             : 52.5267 J/mol/K
____________________________________________________________
Total Entropy                            :         111.449
------------------------------------------------------------
------------------------------------------------------------
          Hierarchy level. --> Whole molecule <--           
------------------------------------------------------------
Total number of beads at the whole molecule level = 1
FF Entropy (Whole mol level)             : 58.7467 J/mol/K
TT Entropy (Whole mol level)             : 52.8528 J/mol/K
____________________________________________________________
Total Entropy                            :         111.599
------------------------------------------------------------
------------------------------------------------------------
          Hierarchy level. --> Whole molecule <--           
------------------------------------------------------------
Total number of beads at the whole molecule level = 1
FF Entropy (Whole mol level)             : 59.1700 J/mol/K
TT Entropy (Whole mol level)             : 53.4645 J/mol/K
____________________________________________________________
Total Entropy                            :         112.635
------------------------------------------------------------
------------------------------------------------------------
          Hierarchy level. --> Whole molecule <--           
------------------------------------------------------------
Total number of beads at the whole molecule level = 1
FF Entropy (Whole mol level)             : 58.4087 J/mol/K
TT Entropy (Whole mol level)             : 52.4153 J/mol/K
____________________________________________________________
Total Entropy                            :         110.824
------------------------------------------------------------
