------------------------------------------------------------
Topographical entropy of residue side chains 
 computed using all the dihedrals with pLogp formalism
------------------------------------------------------------
Dihedral 4    3    6    7     : -0.0000
Dihedral 5    4    3    6     : -0.0000
Dihedral 8    1    2    9     : -0.0000
Dihedral 10   11   12   13    : 5.5565
Dihedral 9    10   11   12    : 1.8642
Dihedral 0    7    6    3     : -0.0000
Dihedral 0    7    8    1     : 4.1374
Dihedral 1    2    9    10    : 0.2617
Dihedral 1    2    6    3     : -0.0000
Dihedral 11   12   13   15    : 4.7647
Dihedral 1    2    6    7     : -0.0000
Dihedral 3    6    2    9     : -0.0000
Dihedral 11   12   13   14    : -0.0000
Dihedral 3    4    0    7     : -0.0000
Dihedral 0    7    6    2     : -0.0000
Dihedral 0    4    3    6     : -0.0000
Dihedral 6    2    9    10    : 0.2617
Dihedral 2    1    8    7     : -0.0000
Dihedral 7    6    2    9     : -0.0000
Dihedral 2    6    7    8     : -0.0000
Dihedral 4    0    7    6     : -0.0000
Dihedral 2    9    10   11    : 5.5676
Dihedral 2    6    3    4     : -0.0000
Dihedral 1    8    7    6     : 4.8329
Dihedral 3    6    7    8     : 0.5034
Dihedral 6    2    1    8     : 0.3874
Dihedral 5    4    0    7     : -0.0000
Dihedral 4    0    7    8     : -0.0000
Side Chain Topographical Entropy (BTN 1) : 28.1376
____________________________________________________________
Total SC Topog. Entropy                  :          28.138
------------------------------------------------------------
------------------------------------------------------------
Topographical entropy of BB dihedrals 
 computed using the pLogp formalism
------------------------------------------------------------
____________________________________________________________
Total BB Topog. Entropy                  :           0.000
------------------------------------------------------------
____________________________________________________________
Total Entropy                            :          28.138
------------------------------------------------------------
