------------------------------------------------------------
Topographical entropy of residue side chains 
computed using all the dihedrals with correlation/pLogp formalism
------------------------------------------------------------
Side Chain Topographical Entropy from corr. pLogP method (BTN 1) : 12.7342
____________________________________________________________
Total SC Topog. Entropy (corr. pLogP)    :          12.734
------------------------------------------------------------
------------------------------------------------------------
Topographical entropy of BB dihedrals 
computed using the correlated-pLogp formalism
------------------------------------------------------------
____________________________________________________________
Total BB Topog. Entropy (corr. pLogP)    :          -0.000
------------------------------------------------------------
____________________________________________________________
Total Entropy                            :          12.734
------------------------------------------------------------
------------------------------------------------------------
Topographical entropy of residue side chains 
computed using all the dihedrals with correlation/pLogp formalism
------------------------------------------------------------
Side Chain Topographical Entropy from corr. pLogP method (BTN 1) : 10.3027
____________________________________________________________
Total SC Topog. Entropy (corr. pLogP)    :          10.303
------------------------------------------------------------
------------------------------------------------------------
Topographical entropy of BB dihedrals 
computed using the correlated-pLogp formalism
------------------------------------------------------------
____________________________________________________________
Total BB Topog. Entropy (corr. pLogP)    :          -0.000
------------------------------------------------------------
____________________________________________________________
Total Entropy                            :          10.303
------------------------------------------------------------
------------------------------------------------------------
Topographical entropy of residue side chains 
computed using all the dihedrals with correlation/pLogp formalism
------------------------------------------------------------
Side Chain Topographical Entropy from corr. pLogP method (BTN 1) : 17.4450
____________________________________________________________
Total SC Topog. Entropy (corr. pLogP)    :          17.445
------------------------------------------------------------
------------------------------------------------------------
Topographical entropy of BB dihedrals 
computed using the correlated-pLogp formalism
------------------------------------------------------------
____________________________________________________________
Total BB Topog. Entropy (corr. pLogP)    :          -0.000
------------------------------------------------------------
____________________________________________________________
Total Entropy                            :          17.445
------------------------------------------------------------
------------------------------------------------------------
Topographical entropy of residue side chains 
computed using all the dihedrals with correlation/pLogp formalism
------------------------------------------------------------
Side Chain Topographical Entropy from corr. pLogP method (BTN 1) : 13.8111
____________________________________________________________
Total SC Topog. Entropy (corr. pLogP)    :          13.811
------------------------------------------------------------
------------------------------------------------------------
Topographical entropy of BB dihedrals 
computed using the correlated-pLogp formalism
------------------------------------------------------------
____________________________________________________________
Total BB Topog. Entropy (corr. pLogP)    :          -0.000
------------------------------------------------------------
____________________________________________________________
Total Entropy                            :          13.811
------------------------------------------------------------
------------------------------------------------------------
Topographical entropy of residue side chains 
computed using all the dihedrals with correlation/pLogp formalism
------------------------------------------------------------
Side Chain Topographical Entropy from corr. pLogP method (BTN 1) : 14.9426
____________________________________________________________
Total SC Topog. Entropy (corr. pLogP)    :          14.943
------------------------------------------------------------
------------------------------------------------------------
Topographical entropy of BB dihedrals 
computed using the correlated-pLogp formalism
------------------------------------------------------------
____________________________________________________________
Total BB Topog. Entropy (corr. pLogP)    :          -0.000
------------------------------------------------------------
____________________________________________________________
Total Entropy                            :          14.943
------------------------------------------------------------
