------------------------------------------------------------
Topographical entropy of residue side chains 
computed using all the dihedrals with correlation/pLogp formalism
------------------------------------------------------------
Side Chain Topographical Entropy from corr. pLogP method (BTN 1) : 13.1437
____________________________________________________________
Total SC Topog. Entropy (corr. pLogP)    :          13.144
------------------------------------------------------------
------------------------------------------------------------
Topographical entropy of BB dihedrals 
computed using the correlated-pLogp formalism
------------------------------------------------------------
____________________________________________________________
Total BB Topog. Entropy (corr. pLogP)    :          -0.000
------------------------------------------------------------
____________________________________________________________
Total Entropy                            :          13.144
------------------------------------------------------------
------------------------------------------------------------
Topographical entropy of residue side chains 
computed using all the dihedrals with correlation/pLogp formalism
------------------------------------------------------------
Side Chain Topographical Entropy from corr. pLogP method (BTN 1) : 16.3667
____________________________________________________________
Total SC Topog. Entropy (corr. pLogP)    :          16.367
------------------------------------------------------------
------------------------------------------------------------
Topographical entropy of BB dihedrals 
computed using the correlated-pLogp formalism
------------------------------------------------------------
____________________________________________________________
Total BB Topog. Entropy (corr. pLogP)    :          -0.000
------------------------------------------------------------
____________________________________________________________
Total Entropy                            :          16.367
------------------------------------------------------------
------------------------------------------------------------
Topographical entropy of residue side chains 
computed using all the dihedrals with correlation/pLogp formalism
------------------------------------------------------------
Side Chain Topographical Entropy from corr. pLogP method (BTN 1) : 11.0386
____________________________________________________________
Total SC Topog. Entropy (corr. pLogP)    :          11.039
------------------------------------------------------------
------------------------------------------------------------
Topographical entropy of BB dihedrals 
computed using the correlated-pLogp formalism
------------------------------------------------------------
____________________________________________________________
Total BB Topog. Entropy (corr. pLogP)    :          -0.000
------------------------------------------------------------
____________________________________________________________
Total Entropy                            :          11.039
------------------------------------------------------------
------------------------------------------------------------
Topographical entropy of residue side chains 
computed using all the dihedrals with correlation/pLogp formalism
------------------------------------------------------------
Side Chain Topographical Entropy from corr. pLogP method (BTN 1) : 10.5106
____________________________________________________________
Total SC Topog. Entropy (corr. pLogP)    :          10.511
------------------------------------------------------------
------------------------------------------------------------
Topographical entropy of BB dihedrals 
computed using the correlated-pLogp formalism
------------------------------------------------------------
____________________________________________________________
Total BB Topog. Entropy (corr. pLogP)    :          -0.000
------------------------------------------------------------
____________________________________________________________
Total Entropy                            :          10.511
------------------------------------------------------------
------------------------------------------------------------
Topographical entropy of residue side chains 
computed using all the dihedrals with correlation/pLogp formalism
------------------------------------------------------------
Side Chain Topographical Entropy from corr. pLogP method (BTN 1) : 13.5456
____________________________________________________________
Total SC Topog. Entropy (corr. pLogP)    :          13.546
------------------------------------------------------------
------------------------------------------------------------
Topographical entropy of BB dihedrals 
computed using the correlated-pLogp formalism
------------------------------------------------------------
____________________________________________________________
Total BB Topog. Entropy (corr. pLogP)    :          -0.000
------------------------------------------------------------
____________________________________________________________
Total Entropy                            :          13.546
------------------------------------------------------------
