------------------------------------------------------------
Topographical entropy of residue side chains 
computed using all the dihedrals with correlation/pLogp formalism
------------------------------------------------------------
Side Chain Topographical Entropy from corr. pLogP method (BTN 1) : 17.0188
____________________________________________________________
Total SC Topog. Entropy (corr. pLogP)    :          17.019
------------------------------------------------------------
------------------------------------------------------------
Topographical entropy of BB dihedrals 
computed using the correlated-pLogp formalism
------------------------------------------------------------
____________________________________________________________
Total BB Topog. Entropy (corr. pLogP)    :          -0.000
------------------------------------------------------------
____________________________________________________________
Total Entropy                            :          17.019
------------------------------------------------------------
------------------------------------------------------------
Topographical entropy of residue side chains 
computed using all the dihedrals with correlation/pLogp formalism
------------------------------------------------------------
Side Chain Topographical Entropy from corr. pLogP method (BTN 1) : 12.5370
____________________________________________________________
Total SC Topog. Entropy (corr. pLogP)    :          12.537
------------------------------------------------------------
------------------------------------------------------------
Topographical entropy of BB dihedrals 
computed using the correlated-pLogp formalism
------------------------------------------------------------
____________________________________________________________
Total BB Topog. Entropy (corr. pLogP)    :          -0.000
------------------------------------------------------------
____________________________________________________________
Total Entropy                            :          12.537
------------------------------------------------------------
------------------------------------------------------------
Topographical entropy of residue side chains 
computed using all the dihedrals with correlation/pLogp formalism
------------------------------------------------------------
Side Chain Topographical Entropy from corr. pLogP method (BTN 1) : 13.8270
____________________________________________________________
Total SC Topog. Entropy (corr. pLogP)    :          13.827
------------------------------------------------------------
------------------------------------------------------------
Topographical entropy of BB dihedrals 
computed using the correlated-pLogp formalism
------------------------------------------------------------
____________________________________________________________
Total BB Topog. Entropy (corr. pLogP)    :          -0.000
------------------------------------------------------------
____________________________________________________________
Total Entropy                            :          13.827
------------------------------------------------------------
------------------------------------------------------------
Topographical entropy of residue side chains 
computed using all the dihedrals with correlation/pLogp formalism
------------------------------------------------------------
Side Chain Topographical Entropy from corr. pLogP method (BTN 1) : 12.1365
____________________________________________________________
Total SC Topog. Entropy (corr. pLogP)    :          12.137
------------------------------------------------------------
------------------------------------------------------------
Topographical entropy of BB dihedrals 
computed using the correlated-pLogp formalism
------------------------------------------------------------
____________________________________________________________
Total BB Topog. Entropy (corr. pLogP)    :          -0.000
------------------------------------------------------------
____________________________________________________________
Total Entropy                            :          12.137
------------------------------------------------------------
------------------------------------------------------------
Topographical entropy of residue side chains 
computed using all the dihedrals with correlation/pLogp formalism
------------------------------------------------------------
Side Chain Topographical Entropy from corr. pLogP method (BTN 1) : 12.7722
____________________________________________________________
Total SC Topog. Entropy (corr. pLogP)    :          12.772
------------------------------------------------------------
------------------------------------------------------------
Topographical entropy of BB dihedrals 
computed using the correlated-pLogp formalism
------------------------------------------------------------
____________________________________________________________
Total BB Topog. Entropy (corr. pLogP)    :          -0.000
------------------------------------------------------------
____________________________________________________________
Total Entropy                            :          12.772
------------------------------------------------------------
