------------------------------------------------------------
          Hierarchy level. --> Whole molecule <--           
------------------------------------------------------------
Total number of beads at the whole molecule level = 1
FF Entropy (Whole mol level)             : 59.3135 J/mol/K
TT Entropy (Whole mol level)             : 52.6213 J/mol/K
____________________________________________________________
Total Entropy                            :         111.935
------------------------------------------------------------
------------------------------------------------------------
          Hierarchy level. --> Whole molecule <--           
------------------------------------------------------------
Total number of beads at the whole molecule level = 1
FF Entropy (Whole mol level)             : 58.6255 J/mol/K
TT Entropy (Whole mol level)             : 52.8346 J/mol/K
____________________________________________________________
Total Entropy                            :         111.460
------------------------------------------------------------
------------------------------------------------------------
          Hierarchy level. --> Whole molecule <--           
------------------------------------------------------------
Total number of beads at the whole molecule level = 1
FF Entropy (Whole mol level)             : 58.2256 J/mol/K
TT Entropy (Whole mol level)             : 52.7364 J/mol/K
____________________________________________________________
Total Entropy                            :         110.962
------------------------------------------------------------
------------------------------------------------------------
          Hierarchy level. --> Whole molecule <--           
------------------------------------------------------------
Total number of beads at the whole molecule level = 1
FF Entropy (Whole mol level)             : 59.3428 J/mol/K
TT Entropy (Whole mol level)             : 53.2970 J/mol/K
____________________________________________________________
Total Entropy                            :         112.640
------------------------------------------------------------
------------------------------------------------------------
          Hierarchy level. --> Whole molecule <--           
------------------------------------------------------------
Total number of beads at the whole molecule level = 1
FF Entropy (Whole mol level)             : 58.6411 J/mol/K
TT Entropy (Whole mol level)             : 52.8858 J/mol/K
____________________________________________________________
Total Entropy                            :         111.527
------------------------------------------------------------
