------------------------------------------------------------
Topographical entropy of residue side chains 
 computed using all the dihedrals with pLogp formalism
------------------------------------------------------------
Dihedral 4    0    7    6     : -0.0000
Dihedral 1    2    6    7     : -0.0000
Dihedral 1    2    9    10    : 0.2168
Dihedral 2    1    8    7     : -0.0000
Dihedral 11   12   13   15    : -0.0000
Dihedral 3    6    7    8     : 1.1203
Dihedral 6    2    1    8     : 0.5768
Dihedral 5    4    3    6     : -0.0000
Dihedral 2    9    10   11    : 3.3519
Dihedral 8    1    2    9     : 0.1698
Dihedral 11   12   13   14    : 4.8659
Dihedral 0    7    6    3     : -0.0000
Dihedral 4    3    6    7     : -0.0000
Dihedral 0    4    3    6     : -0.0000
Dihedral 7    6    2    9     : -0.0000
Dihedral 0    7    8    1     : 4.9991
Dihedral 3    6    2    9     : -0.0000
Dihedral 0    7    6    2     : -0.0000
Dihedral 5    4    0    7     : -0.0000
Dihedral 2    6    7    8     : 0.3050
Dihedral 1    8    7    6     : 3.3061
Dihedral 10   11   12   13    : 3.3821
Dihedral 4    0    7    8     : -0.0000
Dihedral 3    4    0    7     : -0.0000
Dihedral 6    2    9    10    : 0.2168
Dihedral 2    6    3    4     : -0.0000
Dihedral 1    2    6    3     : -0.0000
Dihedral 9    10   11   12    : 1.1776
Side Chain Topographical Entropy (BTN 1) : 23.6883
____________________________________________________________
Total SC Topog. Entropy                  :          23.688
------------------------------------------------------------
------------------------------------------------------------
Topographical entropy of BB dihedrals 
 computed using the pLogp formalism
------------------------------------------------------------
____________________________________________________________
Total BB Topog. Entropy                  :           0.000
------------------------------------------------------------
____________________________________________________________
Total Entropy                            :          23.688
------------------------------------------------------------
