------------------------------------------------------------
Topographical entropy of residue side chains 
 computed using all the dihedrals with pLogp formalism
------------------------------------------------------------
Dihedral 1    2    6    7     : -0.0000
Dihedral 9    10   11   12    : 0.5768
Dihedral 8    1    2    9     : 0.0657
Dihedral 0    4    3    6     : -0.0000
Dihedral 3    6    7    8     : 1.2337
Dihedral 4    3    6    7     : -0.0000
Dihedral 10   11   12   13    : 1.6165
Dihedral 5    4    0    7     : -0.0000
Dihedral 3    4    0    7     : -0.0000
Dihedral 1    8    7    6     : 3.2752
Dihedral 3    6    2    9     : -0.0000
Dihedral 5    4    3    6     : -0.0000
Dihedral 4    0    7    6     : -0.0000
Dihedral 2    6    7    8     : 0.1698
Dihedral 7    6    2    9     : -0.0000
Dihedral 6    2    1    8     : 0.4656
Dihedral 0    7    8    1     : 5.3676
Dihedral 6    2    9    10    : 0.1200
Dihedral 2    6    3    4     : -0.0000
Dihedral 4    0    7    8     : -0.0000
Dihedral 11   12   13   14    : -0.0000
Dihedral 0    7    6    3     : 0.0657
Dihedral 0    7    6    2     : -0.0000
Dihedral 1    2    9    10    : 0.1200
Dihedral 11   12   13   15    : 4.6010
Dihedral 1    2    6    3     : -0.0000
Dihedral 2    1    8    7     : -0.0000
Dihedral 2    9    10   11    : 1.6260
Side Chain Topographical Entropy (BTN 1) : 19.3037
____________________________________________________________
Total SC Topog. Entropy                  :          19.304
------------------------------------------------------------
------------------------------------------------------------
Topographical entropy of BB dihedrals 
 computed using the pLogp formalism
------------------------------------------------------------
____________________________________________________________
Total BB Topog. Entropy                  :           0.000
------------------------------------------------------------
____________________________________________________________
Total Entropy                            :          19.304
------------------------------------------------------------
