------------------------------------------------------------
Topographical entropy of residue side chains 
computed using all the dihedrals with correlation/pLogp formalism
------------------------------------------------------------
Side Chain Topographical Entropy from corr. pLogP method (BTN 1) : 9.0366
____________________________________________________________
Total SC Topog. Entropy (corr. pLogP)    :           9.037
------------------------------------------------------------
------------------------------------------------------------
Topographical entropy of BB dihedrals 
computed using the correlated-pLogp formalism
------------------------------------------------------------
____________________________________________________________
Total BB Topog. Entropy (corr. pLogP)    :          -0.000
------------------------------------------------------------
____________________________________________________________
Total Entropy                            :           9.037
------------------------------------------------------------
------------------------------------------------------------
Topographical entropy of residue side chains 
computed using all the dihedrals with correlation/pLogp formalism
------------------------------------------------------------
Side Chain Topographical Entropy from corr. pLogP method (BTN 1) : 9.5565
____________________________________________________________
Total SC Topog. Entropy (corr. pLogP)    :           9.556
------------------------------------------------------------
------------------------------------------------------------
Topographical entropy of BB dihedrals 
computed using the correlated-pLogp formalism
------------------------------------------------------------
____________________________________________________________
Total BB Topog. Entropy (corr. pLogP)    :          -0.000
------------------------------------------------------------
____________________________________________________________
Total Entropy                            :           9.556
------------------------------------------------------------
------------------------------------------------------------
Topographical entropy of residue side chains 
computed using all the dihedrals with correlation/pLogp formalism
------------------------------------------------------------
Side Chain Topographical Entropy from corr. pLogP method (BTN 1) : 7.6693
____________________________________________________________
Total SC Topog. Entropy (corr. pLogP)    :           7.669
------------------------------------------------------------
------------------------------------------------------------
Topographical entropy of BB dihedrals 
computed using the correlated-pLogp formalism
------------------------------------------------------------
____________________________________________________________
Total BB Topog. Entropy (corr. pLogP)    :          -0.000
------------------------------------------------------------
____________________________________________________________
Total Entropy                            :           7.669
------------------------------------------------------------
------------------------------------------------------------
Topographical entropy of residue side chains 
computed using all the dihedrals with correlation/pLogp formalism
------------------------------------------------------------
Side Chain Topographical Entropy from corr. pLogP method (BTN 1) : 6.9887
____________________________________________________________
Total SC Topog. Entropy (corr. pLogP)    :           6.989
------------------------------------------------------------
------------------------------------------------------------
Topographical entropy of BB dihedrals 
computed using the correlated-pLogp formalism
------------------------------------------------------------
____________________________________________________________
Total BB Topog. Entropy (corr. pLogP)    :          -0.000
------------------------------------------------------------
____________________________________________________________
Total Entropy                            :           6.989
------------------------------------------------------------
------------------------------------------------------------
Topographical entropy of residue side chains 
computed using all the dihedrals with correlation/pLogp formalism
------------------------------------------------------------
Side Chain Topographical Entropy from corr. pLogP method (BTN 1) : 10.3267
____________________________________________________________
Total SC Topog. Entropy (corr. pLogP)    :          10.327
------------------------------------------------------------
------------------------------------------------------------
Topographical entropy of BB dihedrals 
computed using the correlated-pLogp formalism
------------------------------------------------------------
____________________________________________________________
Total BB Topog. Entropy (corr. pLogP)    :          -0.000
------------------------------------------------------------
____________________________________________________________
Total Entropy                            :          10.327
------------------------------------------------------------
