------------------------------------------------------------
            Hierarchy level. --> United Atom <--            
------------------------------------------------------------
      RESNAME   RESID  FF_ENTROPY  TT_ENTROPY
UATOM BTN           1     111.630      68.266
____________________________________________________________
Total Entropy FF (UA level) :         111.630 J/mol/K
Total Entropy TT (UA level) :          68.266 J/mol/K
------------------------------------------------------------
____________________________________________________________
Total Entropy                            :         179.895
------------------------------------------------------------
------------------------------------------------------------
            Hierarchy level. --> United Atom <--            
------------------------------------------------------------
      RESNAME   RESID  FF_ENTROPY  TT_ENTROPY
UATOM BTN           1     109.614      68.951
____________________________________________________________
Total Entropy FF (UA level) :         109.614 J/mol/K
Total Entropy TT (UA level) :          68.951 J/mol/K
------------------------------------------------------------
____________________________________________________________
Total Entropy                            :         178.565
------------------------------------------------------------
------------------------------------------------------------
            Hierarchy level. --> United Atom <--            
------------------------------------------------------------
      RESNAME   RESID  FF_ENTROPY  TT_ENTROPY
UATOM BTN           1     100.591      66.460
____________________________________________________________
Total Entropy FF (UA level) :         100.591 J/mol/K
Total Entropy TT (UA level) :          66.460 J/mol/K
------------------------------------------------------------
____________________________________________________________
Total Entropy                            :         167.051
------------------------------------------------------------
------------------------------------------------------------
            Hierarchy level. --> United Atom <--            
------------------------------------------------------------
      RESNAME   RESID  FF_ENTROPY  TT_ENTROPY
UATOM BTN           1     109.173      67.970
____________________________________________________________
Total Entropy FF (UA level) :         109.173 J/mol/K
Total Entropy TT (UA level) :          67.970 J/mol/K
------------------------------------------------------------
____________________________________________________________
Total Entropy                            :         177.142
------------------------------------------------------------
------------------------------------------------------------
            Hierarchy level. --> United Atom <--            
------------------------------------------------------------
      RESNAME   RESID  FF_ENTROPY  TT_ENTROPY
UATOM BTN           1     102.764      63.791
____________________________________________________________
Total Entropy FF (UA level) :         102.764 J/mol/K
Total Entropy TT (UA level) :          63.791 J/mol/K
------------------------------------------------------------
____________________________________________________________
Total Entropy                            :         166.555
------------------------------------------------------------
