------------------------------------------------------------
Topographical entropy of residue side chains 
 computed using all the dihedrals with pLogp formalism
------------------------------------------------------------
Dihedral 11   12   13   14    : 4.5530
Dihedral 4    0    7    8     : -0.0000
Dihedral 0    7    6    2     : -0.0000
Dihedral 2    1    8    7     : -0.0000
Dihedral 1    2    9    10    : 0.3874
Dihedral 11   12   13   15    : -0.0000
Dihedral 3    4    0    7     : -0.0000
Dihedral 8    1    2    9     : 0.0657
Dihedral 10   11   12   13    : 2.7392
Dihedral 5    4    0    7     : -0.0000
Dihedral 3    6    7    8     : 0.9414
Dihedral 1    8    7    6     : 3.4856
Dihedral 0    4    3    6     : -0.0000
Dihedral 1    2    6    3     : -0.0000
Dihedral 4    3    6    7     : -0.0000
Dihedral 0    7    8    1     : 4.9063
Dihedral 3    6    2    9     : -0.0000
Dihedral 6    2    9    10    : 0.3874
Dihedral 7    6    2    9     : -0.0000
Dihedral 2    9    10   11    : 2.7573
Dihedral 2    6    7    8     : 0.1200
Dihedral 1    2    6    7     : -0.0000
Dihedral 9    10   11   12    : 0.7495
Dihedral 5    4    3    6     : -0.0000
Dihedral 0    7    6    3     : 0.0657
Dihedral 2    6    3    4     : 0.0657
Dihedral 4    0    7    6     : -0.0000
Dihedral 6    2    1    8     : 0.3050
Side Chain Topographical Entropy (BTN 1) : 21.5294
____________________________________________________________
Total SC Topog. Entropy                  :          21.529
------------------------------------------------------------
------------------------------------------------------------
Topographical entropy of BB dihedrals 
 computed using the pLogp formalism
------------------------------------------------------------
____________________________________________________________
Total BB Topog. Entropy                  :           0.000
------------------------------------------------------------
____________________________________________________________
Total Entropy                            :          21.529
------------------------------------------------------------
