------------------------------------------------------------
Topographical entropy of residue side chains 
computed using all the dihedrals with correlation/pLogp formalism
------------------------------------------------------------
Side Chain Topographical Entropy from corr. pLogP method (NALA 1) : -0.0000
Side Chain Topographical Entropy from corr. pLogP method (GLU 2) : 22.0696
Side Chain Topographical Entropy from corr. pLogP method (ALA 3) : -0.0000
Side Chain Topographical Entropy from corr. pLogP method (GLY 4) : -0.0000
Side Chain Topographical Entropy from corr. pLogP method (ILE 5) : 1.4583
Side Chain Topographical Entropy from corr. pLogP method (THR 6) : 0.1069
Side Chain Topographical Entropy from corr. pLogP method (GLY 7) : -0.0000
Side Chain Topographical Entropy from corr. pLogP method (THR 8) : 1.3632
Side Chain Topographical Entropy from corr. pLogP method (TRP 9) : -0.0000
Side Chain Topographical Entropy from corr. pLogP method (TYR 10) : 5.8396
Side Chain Topographical Entropy from corr. pLogP method (ALA 11) : -0.0000
Side Chain Topographical Entropy from corr. pLogP method (GLN 12) : 19.8546
Side Chain Topographical Entropy from corr. pLogP method (LEU 13) : 6.8119
Side Chain Topographical Entropy from corr. pLogP method (GLY 14) : -0.0000
Side Chain Topographical Entropy from corr. pLogP method (SER 15) : 8.3868
Side Chain Topographical Entropy from corr. pLogP method (THR 16) : 6.4658
Side Chain Topographical Entropy from corr. pLogP method (PHE 17) : 0.2053
Side Chain Topographical Entropy from corr. pLogP method (ILE 18) : 6.1180
Side Chain Topographical Entropy from corr. pLogP method (VAL 19) : 1.7052
Side Chain Topographical Entropy from corr. pLogP method (THR 20) : 6.9765
Side Chain Topographical Entropy from corr. pLogP method (ALA 21) : -0.0000
Side Chain Topographical Entropy from corr. pLogP method (GLY 22) : -0.0000
Side Chain Topographical Entropy from corr. pLogP method (ALA 23) : -0.0000
Side Chain Topographical Entropy from corr. pLogP method (ASP 24) : 12.7211
Side Chain Topographical Entropy from corr. pLogP method (GLY 25) : -0.0000
Side Chain Topographical Entropy from corr. pLogP method (ALA 26) : -0.0000
Side Chain Topographical Entropy from corr. pLogP method (LEU 27) : 7.4869
Side Chain Topographical Entropy from corr. pLogP method (THR 28) : 8.4110
Side Chain Topographical Entropy from corr. pLogP method (GLY 29) : -0.0000
Side Chain Topographical Entropy from corr. pLogP method (THR 30) : 7.2579
Side Chain Topographical Entropy from corr. pLogP method (TYR 31) : 5.2290
Side Chain Topographical Entropy from corr. pLogP method (GLU 32) : 18.8298
Side Chain Topographical Entropy from corr. pLogP method (SER 33) : 3.9679
Side Chain Topographical Entropy from corr. pLogP method (ALA 34) : -0.0000
Side Chain Topographical Entropy from corr. pLogP method (VAL 35) : 7.7166
Side Chain Topographical Entropy from corr. pLogP method (GLY 36) : -0.0000
Side Chain Topographical Entropy from corr. pLogP method (ASN 37) : 11.7371
Side Chain Topographical Entropy from corr. pLogP method (ALA 38) : -0.0000
Side Chain Topographical Entropy from corr. pLogP method (GLU 39) : 17.7461
Side Chain Topographical Entropy from corr. pLogP method (SER 40) : 3.8464
Side Chain Topographical Entropy from corr. pLogP method (ARG 41) : 11.6580
Side Chain Topographical Entropy from corr. pLogP method (TYR 42) : 0.1580
Side Chain Topographical Entropy from corr. pLogP method (VAL 43) : 0.1710
Side Chain Topographical Entropy from corr. pLogP method (LEU 44) : 5.0513
Side Chain Topographical Entropy from corr. pLogP method (THR 45) : 7.0240
Side Chain Topographical Entropy from corr. pLogP method (GLY 46) : -0.0000
Side Chain Topographical Entropy from corr. pLogP method (ARG 47) : 0.1818
Side Chain Topographical Entropy from corr. pLogP method (TYR 48) : 3.3615
Side Chain Topographical Entropy from corr. pLogP method (ASP 49) : 5.4195
Side Chain Topographical Entropy from corr. pLogP method (SER 50) : 0.2175
Side Chain Topographical Entropy from corr. pLogP method (ALA 51) : -0.0000
Side Chain Topographical Entropy from corr. pLogP method (PRO 52) : 12.1886
Side Chain Topographical Entropy from corr. pLogP method (ALA 53) : -0.0000
Side Chain Topographical Entropy from corr. pLogP method (THR 54) : 6.2299
Side Chain Topographical Entropy from corr. pLogP method (ASP 55) : 8.2170
Side Chain Topographical Entropy from corr. pLogP method (GLY 56) : -0.0000
Side Chain Topographical Entropy from corr. pLogP method (SER 57) : 1.3111
Side Chain Topographical Entropy from corr. pLogP method (GLY 58) : -0.0000
Side Chain Topographical Entropy from corr. pLogP method (THR 59) : 0.0511
Side Chain Topographical Entropy from corr. pLogP method (ALA 60) : -0.0000
Side Chain Topographical Entropy from corr. pLogP method (LEU 61) : 3.1454
Side Chain Topographical Entropy from corr. pLogP method (GLY 62) : -0.0000
Side Chain Topographical Entropy from corr. pLogP method (TRP 63) : -0.0000
Side Chain Topographical Entropy from corr. pLogP method (THR 64) : -0.0000
Side Chain Topographical Entropy from corr. pLogP method (VAL 65) : 0.1069
Side Chain Topographical Entropy from corr. pLogP method (ALA 66) : -0.0000
Side Chain Topographical Entropy from corr. pLogP method (TRP 67) : 0.0936
Side Chain Topographical Entropy from corr. pLogP method (LYS 68) : 20.2420
Side Chain Topographical Entropy from corr. pLogP method (ASN 69) : 8.1510
Side Chain Topographical Entropy from corr. pLogP method (ASN 70) : 13.4829
Side Chain Topographical Entropy from corr. pLogP method (TYR 71) : 12.7135
Side Chain Topographical Entropy from corr. pLogP method (ARG 72) : 19.6464
Side Chain Topographical Entropy from corr. pLogP method (ASN 73) : 5.5832
Side Chain Topographical Entropy from corr. pLogP method (ALA 74) : -0.0000
Side Chain Topographical Entropy from corr. pLogP method (HID 75) : 3.2441
Side Chain Topographical Entropy from corr. pLogP method (SER 76) : 2.5546
Side Chain Topographical Entropy from corr. pLogP method (ALA 77) : -0.0000
Side Chain Topographical Entropy from corr. pLogP method (THR 78) : 0.0193
Side Chain Topographical Entropy from corr. pLogP method (THR 79) : 2.0523
Side Chain Topographical Entropy from corr. pLogP method (TRP 80) : 1.8178
Side Chain Topographical Entropy from corr. pLogP method (SER 81) : 0.0511
Side Chain Topographical Entropy from corr. pLogP method (GLY 82) : -0.0000
Side Chain Topographical Entropy from corr. pLogP method (GLN 83) : 7.3072
Side Chain Topographical Entropy from corr. pLogP method (TYR 84) : -0.0000
Side Chain Topographical Entropy from corr. pLogP method (VAL 85) : 1.5898
Side Chain Topographical Entropy from corr. pLogP method (GLY 86) : -0.0000
Side Chain Topographical Entropy from corr. pLogP method (GLY 87) : -0.0000
Side Chain Topographical Entropy from corr. pLogP method (ALA 88) : -0.0000
Side Chain Topographical Entropy from corr. pLogP method (GLU 89) : 23.2251
Side Chain Topographical Entropy from corr. pLogP method (ALA 90) : -0.0000
Side Chain Topographical Entropy from corr. pLogP method (ARG 91) : 16.1267
Side Chain Topographical Entropy from corr. pLogP method (ILE 92) : 0.2732
Side Chain Topographical Entropy from corr. pLogP method (ASN 93) : 6.8173
Side Chain Topographical Entropy from corr. pLogP method (THR 94) : 0.0704
Side Chain Topographical Entropy from corr. pLogP method (GLN 95) : 9.2445
Side Chain Topographical Entropy from corr. pLogP method (TRP 96) : 0.9720
Side Chain Topographical Entropy from corr. pLogP method (LEU 97) : 4.0314
Side Chain Topographical Entropy from corr. pLogP method (LEU 98) : 1.5949
Side Chain Topographical Entropy from corr. pLogP method (THR 99) : 2.3064
Side Chain Topographical Entropy from corr. pLogP method (SER 100) : 6.7051
Side Chain Topographical Entropy from corr. pLogP method (GLY 101) : -0.0000
Side Chain Topographical Entropy from corr. pLogP method (THR 102) : 3.2865
Side Chain Topographical Entropy from corr. pLogP method (THR 103) : 0.6562
Side Chain Topographical Entropy from corr. pLogP method (GLU 104) : 22.5115
Side Chain Topographical Entropy from corr. pLogP method (ALA 105) : -0.0000
Side Chain Topographical Entropy from corr. pLogP method (ASN 106) : 4.8844
Side Chain Topographical Entropy from corr. pLogP method (ALA 107) : -0.0000
Side Chain Topographical Entropy from corr. pLogP method (TRP 108) : 5.7736
Side Chain Topographical Entropy from corr. pLogP method (LYS 109) : 16.4167
Side Chain Topographical Entropy from corr. pLogP method (SER 110) : 2.5155
Side Chain Topographical Entropy from corr. pLogP method (THR 111) : 0.0511
Side Chain Topographical Entropy from corr. pLogP method (LEU 112) : 2.4661
Side Chain Topographical Entropy from corr. pLogP method (VAL 113) : -0.0000
Side Chain Topographical Entropy from corr. pLogP method (GLY 114) : -0.0000
Side Chain Topographical Entropy from corr. pLogP method (HID 115) : 1.1105
Side Chain Topographical Entropy from corr. pLogP method (ASP 116) : 8.6867
Side Chain Topographical Entropy from corr. pLogP method (THR 117) : 5.7181
Side Chain Topographical Entropy from corr. pLogP method (PHE 118) : 0.0511
Side Chain Topographical Entropy from corr. pLogP method (THR 119) : 5.0198
Side Chain Topographical Entropy from corr. pLogP method (LYS 120) : 13.5639
Side Chain Topographical Entropy from corr. pLogP method (VAL 121) : 5.5624
Side Chain Topographical Entropy from corr. pLogP method (LYS 122) : 16.7984
Side Chain Topographical Entropy from corr. pLogP method (PRO 123) : 14.4879
Side Chain Topographical Entropy from corr. pLogP method (SER 124) : 8.8429
Side Chain Topographical Entropy from corr. pLogP method (ALA 125) : -0.0000
Side Chain Topographical Entropy from corr. pLogP method (ALA 126) : -0.0000
Side Chain Topographical Entropy from corr. pLogP method (CSER 127) : 5.0115
____________________________________________________________
Total SC Topog. Entropy (corr. pLogP)    :         570.135
------------------------------------------------------------
____________________________________________________________
Total BB Topog. Entropy (corr. pLogP)    :          19.038
------------------------------------------------------------
____________________________________________________________
Total Entropy                            :         589.173
------------------------------------------------------------
