------------------------------------------------------------
Topographical entropy of residue side chains 
computed using all the dihedrals with correlation/pLogp formalism
------------------------------------------------------------
Side Chain Topographical Entropy from corr. pLogP method (NALA 1) : -0.0000
Side Chain Topographical Entropy from corr. pLogP method (GLU 2) : 22.9145
Side Chain Topographical Entropy from corr. pLogP method (ALA 3) : -0.0000
Side Chain Topographical Entropy from corr. pLogP method (GLY 4) : -0.0000
Side Chain Topographical Entropy from corr. pLogP method (ILE 5) : 3.8976
Side Chain Topographical Entropy from corr. pLogP method (THR 6) : 1.6529
Side Chain Topographical Entropy from corr. pLogP method (GLY 7) : -0.0000
Side Chain Topographical Entropy from corr. pLogP method (THR 8) : 2.7734
Side Chain Topographical Entropy from corr. pLogP method (TRP 9) : 8.8734
Side Chain Topographical Entropy from corr. pLogP method (TYR 10) : 14.4194
Side Chain Topographical Entropy from corr. pLogP method (ALA 11) : -0.0000
Side Chain Topographical Entropy from corr. pLogP method (GLN 12) : 21.9870
Side Chain Topographical Entropy from corr. pLogP method (LEU 13) : 8.6827
Side Chain Topographical Entropy from corr. pLogP method (GLY 14) : -0.0000
Side Chain Topographical Entropy from corr. pLogP method (SER 15) : 5.6806
Side Chain Topographical Entropy from corr. pLogP method (THR 16) : 3.4639
Side Chain Topographical Entropy from corr. pLogP method (PHE 17) : 5.8682
Side Chain Topographical Entropy from corr. pLogP method (ILE 18) : 10.0394
Side Chain Topographical Entropy from corr. pLogP method (VAL 19) : 4.3324
Side Chain Topographical Entropy from corr. pLogP method (THR 20) : 6.7152
Side Chain Topographical Entropy from corr. pLogP method (ALA 21) : -0.0000
Side Chain Topographical Entropy from corr. pLogP method (GLY 22) : -0.0000
Side Chain Topographical Entropy from corr. pLogP method (ALA 23) : -0.0000
Side Chain Topographical Entropy from corr. pLogP method (ASP 24) : 15.6768
Side Chain Topographical Entropy from corr. pLogP method (GLY 25) : -0.0000
Side Chain Topographical Entropy from corr. pLogP method (ALA 26) : -0.0000
Side Chain Topographical Entropy from corr. pLogP method (LEU 27) : 10.5267
Side Chain Topographical Entropy from corr. pLogP method (THR 28) : 8.8034
Side Chain Topographical Entropy from corr. pLogP method (GLY 29) : -0.0000
Side Chain Topographical Entropy from corr. pLogP method (THR 30) : 7.8857
Side Chain Topographical Entropy from corr. pLogP method (TYR 31) : 11.1491
Side Chain Topographical Entropy from corr. pLogP method (GLU 32) : 18.4647
Side Chain Topographical Entropy from corr. pLogP method (SER 33) : 8.3737
Side Chain Topographical Entropy from corr. pLogP method (ALA 34) : -0.0000
Side Chain Topographical Entropy from corr. pLogP method (VAL 35) : 8.9187
Side Chain Topographical Entropy from corr. pLogP method (GLY 36) : -0.0000
Side Chain Topographical Entropy from corr. pLogP method (ASN 37) : 15.6560
Side Chain Topographical Entropy from corr. pLogP method (ALA 38) : -0.0000
Side Chain Topographical Entropy from corr. pLogP method (GLU 39) : 21.1529
Side Chain Topographical Entropy from corr. pLogP method (SER 40) : 6.2186
Side Chain Topographical Entropy from corr. pLogP method (ARG 41) : 15.6184
Side Chain Topographical Entropy from corr. pLogP method (TYR 42) : 5.2183
Side Chain Topographical Entropy from corr. pLogP method (VAL 43) : 1.7916
Side Chain Topographical Entropy from corr. pLogP method (LEU 44) : 4.0793
Side Chain Topographical Entropy from corr. pLogP method (THR 45) : 5.1446
Side Chain Topographical Entropy from corr. pLogP method (GLY 46) : -0.0000
Side Chain Topographical Entropy from corr. pLogP method (ARG 47) : 11.3064
Side Chain Topographical Entropy from corr. pLogP method (TYR 48) : 10.8603
Side Chain Topographical Entropy from corr. pLogP method (ASP 49) : 10.7519
Side Chain Topographical Entropy from corr. pLogP method (SER 50) : 6.7965
Side Chain Topographical Entropy from corr. pLogP method (ALA 51) : -0.0000
Side Chain Topographical Entropy from corr. pLogP method (PRO 52) : 16.0346
Side Chain Topographical Entropy from corr. pLogP method (ALA 53) : -0.0000
Side Chain Topographical Entropy from corr. pLogP method (THR 54) : 8.7009
Side Chain Topographical Entropy from corr. pLogP method (ASP 55) : 15.9358
Side Chain Topographical Entropy from corr. pLogP method (GLY 56) : -0.0000
Side Chain Topographical Entropy from corr. pLogP method (SER 57) : 8.1777
Side Chain Topographical Entropy from corr. pLogP method (GLY 58) : -0.0000
Side Chain Topographical Entropy from corr. pLogP method (THR 59) : 1.5360
Side Chain Topographical Entropy from corr. pLogP method (ALA 60) : -0.0000
Side Chain Topographical Entropy from corr. pLogP method (LEU 61) : 5.8271
Side Chain Topographical Entropy from corr. pLogP method (GLY 62) : -0.0000
Side Chain Topographical Entropy from corr. pLogP method (TRP 63) : 5.7411
Side Chain Topographical Entropy from corr. pLogP method (THR 64) : 0.8061
Side Chain Topographical Entropy from corr. pLogP method (VAL 65) : 1.1874
Side Chain Topographical Entropy from corr. pLogP method (ALA 66) : -0.0000
Side Chain Topographical Entropy from corr. pLogP method (TRP 67) : 6.4646
Side Chain Topographical Entropy from corr. pLogP method (LYS 68) : 17.1922
Side Chain Topographical Entropy from corr. pLogP method (ASN 69) : 9.6881
Side Chain Topographical Entropy from corr. pLogP method (ASN 70) : 15.2475
Side Chain Topographical Entropy from corr. pLogP method (TYR 71) : 15.5310
Side Chain Topographical Entropy from corr. pLogP method (ARG 72) : 19.4391
Side Chain Topographical Entropy from corr. pLogP method (ASN 73) : 10.9644
Side Chain Topographical Entropy from corr. pLogP method (ALA 74) : -0.0000
Side Chain Topographical Entropy from corr. pLogP method (HID 75) : 8.1581
Side Chain Topographical Entropy from corr. pLogP method (SER 76) : 2.2930
Side Chain Topographical Entropy from corr. pLogP method (ALA 77) : -0.0000
Side Chain Topographical Entropy from corr. pLogP method (THR 78) : 1.0571
Side Chain Topographical Entropy from corr. pLogP method (THR 79) : 1.0717
Side Chain Topographical Entropy from corr. pLogP method (TRP 80) : 7.6038
Side Chain Topographical Entropy from corr. pLogP method (SER 81) : 1.0744
Side Chain Topographical Entropy from corr. pLogP method (GLY 82) : -0.0000
Side Chain Topographical Entropy from corr. pLogP method (GLN 83) : 14.8659
Side Chain Topographical Entropy from corr. pLogP method (TYR 84) : 13.8722
Side Chain Topographical Entropy from corr. pLogP method (VAL 85) : 2.8925
Side Chain Topographical Entropy from corr. pLogP method (GLY 86) : -0.0000
Side Chain Topographical Entropy from corr. pLogP method (GLY 87) : -0.0000
Side Chain Topographical Entropy from corr. pLogP method (ALA 88) : -0.0000
Side Chain Topographical Entropy from corr. pLogP method (GLU 89) : 21.5117
Side Chain Topographical Entropy from corr. pLogP method (ALA 90) : -0.0000
Side Chain Topographical Entropy from corr. pLogP method (ARG 91) : 14.5385
Side Chain Topographical Entropy from corr. pLogP method (ILE 92) : 3.3165
Side Chain Topographical Entropy from corr. pLogP method (ASN 93) : 9.2945
Side Chain Topographical Entropy from corr. pLogP method (THR 94) : 6.1769
Side Chain Topographical Entropy from corr. pLogP method (GLN 95) : 5.0185
Side Chain Topographical Entropy from corr. pLogP method (TRP 96) : 7.8606
Side Chain Topographical Entropy from corr. pLogP method (LEU 97) : 3.7551
Side Chain Topographical Entropy from corr. pLogP method (LEU 98) : 4.2501
Side Chain Topographical Entropy from corr. pLogP method (THR 99) : 2.1987
Side Chain Topographical Entropy from corr. pLogP method (SER 100) : 8.5972
Side Chain Topographical Entropy from corr. pLogP method (GLY 101) : -0.0000
Side Chain Topographical Entropy from corr. pLogP method (THR 102) : 5.1343
Side Chain Topographical Entropy from corr. pLogP method (THR 103) : 4.5848
Side Chain Topographical Entropy from corr. pLogP method (GLU 104) : 21.1051
Side Chain Topographical Entropy from corr. pLogP method (ALA 105) : -0.0000
Side Chain Topographical Entropy from corr. pLogP method (ASN 106) : 7.4952
Side Chain Topographical Entropy from corr. pLogP method (ALA 107) : -0.0000
Side Chain Topographical Entropy from corr. pLogP method (TRP 108) : 13.9104
Side Chain Topographical Entropy from corr. pLogP method (LYS 109) : 21.2507
Side Chain Topographical Entropy from corr. pLogP method (SER 110) : 3.7556
Side Chain Topographical Entropy from corr. pLogP method (THR 111) : 1.3985
Side Chain Topographical Entropy from corr. pLogP method (LEU 112) : 5.0742
Side Chain Topographical Entropy from corr. pLogP method (VAL 113) : 1.9483
Side Chain Topographical Entropy from corr. pLogP method (GLY 114) : -0.0000
Side Chain Topographical Entropy from corr. pLogP method (HID 115) : 13.3955
Side Chain Topographical Entropy from corr. pLogP method (ASP 116) : 10.6178
Side Chain Topographical Entropy from corr. pLogP method (THR 117) : 7.4737
Side Chain Topographical Entropy from corr. pLogP method (PHE 118) : 7.1332
Side Chain Topographical Entropy from corr. pLogP method (THR 119) : 5.7295
Side Chain Topographical Entropy from corr. pLogP method (LYS 120) : 18.6341
Side Chain Topographical Entropy from corr. pLogP method (VAL 121) : 6.0258
Side Chain Topographical Entropy from corr. pLogP method (LYS 122) : 21.7023
Side Chain Topographical Entropy from corr. pLogP method (PRO 123) : 18.8900
Side Chain Topographical Entropy from corr. pLogP method (SER 124) : 8.5405
Side Chain Topographical Entropy from corr. pLogP method (ALA 125) : -0.0000
Side Chain Topographical Entropy from corr. pLogP method (ALA 126) : -0.0000
Side Chain Topographical Entropy from corr. pLogP method (CSER 127) : 4.8660
____________________________________________________________
Total SC Topog. Entropy (corr. pLogP)    :         832.240
------------------------------------------------------------
____________________________________________________________
Total BB Topog. Entropy (corr. pLogP)    :          62.246
------------------------------------------------------------
____________________________________________________________
Total Entropy                            :         894.486
------------------------------------------------------------
