------------------------------------------------------------
Topographical entropy of residue side chains 
computed using all the dihedrals with correlation/pLogp formalism
------------------------------------------------------------
Side Chain Topographical Entropy from corr. pLogP method (NALA 1) : -0.0000
Side Chain Topographical Entropy from corr. pLogP method (GLU 2) : 21.5811
Side Chain Topographical Entropy from corr. pLogP method (ALA 3) : -0.0000
Side Chain Topographical Entropy from corr. pLogP method (GLY 4) : -0.0000
Side Chain Topographical Entropy from corr. pLogP method (ILE 5) : 1.9068
Side Chain Topographical Entropy from corr. pLogP method (THR 6) : 1.4528
Side Chain Topographical Entropy from corr. pLogP method (GLY 7) : -0.0000
Side Chain Topographical Entropy from corr. pLogP method (THR 8) : 2.1941
Side Chain Topographical Entropy from corr. pLogP method (TRP 9) : 2.7038
Side Chain Topographical Entropy from corr. pLogP method (TYR 10) : 7.5837
Side Chain Topographical Entropy from corr. pLogP method (ALA 11) : -0.0000
Side Chain Topographical Entropy from corr. pLogP method (GLN 12) : 21.4648
Side Chain Topographical Entropy from corr. pLogP method (LEU 13) : 7.1686
Side Chain Topographical Entropy from corr. pLogP method (GLY 14) : -0.0000
Side Chain Topographical Entropy from corr. pLogP method (SER 15) : 6.2647
Side Chain Topographical Entropy from corr. pLogP method (THR 16) : 4.1459
Side Chain Topographical Entropy from corr. pLogP method (PHE 17) : 2.5107
Side Chain Topographical Entropy from corr. pLogP method (ILE 18) : 7.1944
Side Chain Topographical Entropy from corr. pLogP method (VAL 19) : 4.3492
Side Chain Topographical Entropy from corr. pLogP method (THR 20) : 6.0882
Side Chain Topographical Entropy from corr. pLogP method (ALA 21) : -0.0000
Side Chain Topographical Entropy from corr. pLogP method (GLY 22) : -0.0000
Side Chain Topographical Entropy from corr. pLogP method (ALA 23) : -0.0000
Side Chain Topographical Entropy from corr. pLogP method (ASP 24) : 16.7083
Side Chain Topographical Entropy from corr. pLogP method (GLY 25) : -0.0000
Side Chain Topographical Entropy from corr. pLogP method (ALA 26) : -0.0000
Side Chain Topographical Entropy from corr. pLogP method (LEU 27) : 10.1333
Side Chain Topographical Entropy from corr. pLogP method (THR 28) : 7.7601
Side Chain Topographical Entropy from corr. pLogP method (GLY 29) : -0.0000
Side Chain Topographical Entropy from corr. pLogP method (THR 30) : 7.7718
Side Chain Topographical Entropy from corr. pLogP method (TYR 31) : 12.3664
Side Chain Topographical Entropy from corr. pLogP method (GLU 32) : 18.6263
Side Chain Topographical Entropy from corr. pLogP method (SER 33) : 3.7577
Side Chain Topographical Entropy from corr. pLogP method (ALA 34) : -0.0000
Side Chain Topographical Entropy from corr. pLogP method (VAL 35) : 8.8812
Side Chain Topographical Entropy from corr. pLogP method (GLY 36) : -0.0000
Side Chain Topographical Entropy from corr. pLogP method (ASN 37) : 16.1790
Side Chain Topographical Entropy from corr. pLogP method (ALA 38) : -0.0000
Side Chain Topographical Entropy from corr. pLogP method (GLU 39) : 21.4631
Side Chain Topographical Entropy from corr. pLogP method (SER 40) : 9.0448
Side Chain Topographical Entropy from corr. pLogP method (ARG 41) : 13.8622
Side Chain Topographical Entropy from corr. pLogP method (TYR 42) : 14.8794
Side Chain Topographical Entropy from corr. pLogP method (VAL 43) : 3.9475
Side Chain Topographical Entropy from corr. pLogP method (LEU 44) : 5.5094
Side Chain Topographical Entropy from corr. pLogP method (THR 45) : 3.8701
Side Chain Topographical Entropy from corr. pLogP method (GLY 46) : -0.0000
Side Chain Topographical Entropy from corr. pLogP method (ARG 47) : 1.4441
Side Chain Topographical Entropy from corr. pLogP method (TYR 48) : 5.1721
Side Chain Topographical Entropy from corr. pLogP method (ASP 49) : 5.8845
Side Chain Topographical Entropy from corr. pLogP method (SER 50) : 4.1190
Side Chain Topographical Entropy from corr. pLogP method (ALA 51) : -0.0000
Side Chain Topographical Entropy from corr. pLogP method (PRO 52) : 12.7573
Side Chain Topographical Entropy from corr. pLogP method (ALA 53) : -0.0000
Side Chain Topographical Entropy from corr. pLogP method (THR 54) : 6.1583
Side Chain Topographical Entropy from corr. pLogP method (ASP 55) : 7.9613
Side Chain Topographical Entropy from corr. pLogP method (GLY 56) : -0.0000
Side Chain Topographical Entropy from corr. pLogP method (SER 57) : 1.5486
Side Chain Topographical Entropy from corr. pLogP method (GLY 58) : -0.0000
Side Chain Topographical Entropy from corr. pLogP method (THR 59) : 1.3097
Side Chain Topographical Entropy from corr. pLogP method (ALA 60) : -0.0000
Side Chain Topographical Entropy from corr. pLogP method (LEU 61) : 7.7854
Side Chain Topographical Entropy from corr. pLogP method (GLY 62) : -0.0000
Side Chain Topographical Entropy from corr. pLogP method (TRP 63) : 1.7352
Side Chain Topographical Entropy from corr. pLogP method (THR 64) : 0.3723
Side Chain Topographical Entropy from corr. pLogP method (VAL 65) : 1.5645
Side Chain Topographical Entropy from corr. pLogP method (ALA 66) : -0.0000
Side Chain Topographical Entropy from corr. pLogP method (TRP 67) : 3.0237
Side Chain Topographical Entropy from corr. pLogP method (LYS 68) : 22.7427
Side Chain Topographical Entropy from corr. pLogP method (ASN 69) : 8.6566
Side Chain Topographical Entropy from corr. pLogP method (ASN 70) : 14.3357
Side Chain Topographical Entropy from corr. pLogP method (TYR 71) : 17.3333
Side Chain Topographical Entropy from corr. pLogP method (ARG 72) : 21.2483
Side Chain Topographical Entropy from corr. pLogP method (ASN 73) : 10.6993
Side Chain Topographical Entropy from corr. pLogP method (ALA 74) : -0.0000
Side Chain Topographical Entropy from corr. pLogP method (HID 75) : 6.2727
Side Chain Topographical Entropy from corr. pLogP method (SER 76) : 2.9853
Side Chain Topographical Entropy from corr. pLogP method (ALA 77) : -0.0000
Side Chain Topographical Entropy from corr. pLogP method (THR 78) : 0.5577
Side Chain Topographical Entropy from corr. pLogP method (THR 79) : 0.9836
Side Chain Topographical Entropy from corr. pLogP method (TRP 80) : 5.2702
Side Chain Topographical Entropy from corr. pLogP method (SER 81) : 0.5361
Side Chain Topographical Entropy from corr. pLogP method (GLY 82) : -0.0000
Side Chain Topographical Entropy from corr. pLogP method (GLN 83) : 9.7672
Side Chain Topographical Entropy from corr. pLogP method (TYR 84) : 2.0127
Side Chain Topographical Entropy from corr. pLogP method (VAL 85) : 2.2937
Side Chain Topographical Entropy from corr. pLogP method (GLY 86) : -0.0000
Side Chain Topographical Entropy from corr. pLogP method (GLY 87) : -0.0000
Side Chain Topographical Entropy from corr. pLogP method (ALA 88) : -0.0000
Side Chain Topographical Entropy from corr. pLogP method (GLU 89) : 20.9128
Side Chain Topographical Entropy from corr. pLogP method (ALA 90) : -0.0000
Side Chain Topographical Entropy from corr. pLogP method (ARG 91) : 9.1060
Side Chain Topographical Entropy from corr. pLogP method (ILE 92) : 1.8437
Side Chain Topographical Entropy from corr. pLogP method (ASN 93) : 5.4105
Side Chain Topographical Entropy from corr. pLogP method (THR 94) : 5.9145
Side Chain Topographical Entropy from corr. pLogP method (GLN 95) : 5.4885
Side Chain Topographical Entropy from corr. pLogP method (TRP 96) : 1.6729
Side Chain Topographical Entropy from corr. pLogP method (LEU 97) : 1.4726
Side Chain Topographical Entropy from corr. pLogP method (LEU 98) : 3.0801
Side Chain Topographical Entropy from corr. pLogP method (THR 99) : 3.9098
Side Chain Topographical Entropy from corr. pLogP method (SER 100) : 8.4933
Side Chain Topographical Entropy from corr. pLogP method (GLY 101) : -0.0000
Side Chain Topographical Entropy from corr. pLogP method (THR 102) : 5.7589
Side Chain Topographical Entropy from corr. pLogP method (THR 103) : 2.4912
Side Chain Topographical Entropy from corr. pLogP method (GLU 104) : 23.5772
Side Chain Topographical Entropy from corr. pLogP method (ALA 105) : -0.0000
Side Chain Topographical Entropy from corr. pLogP method (ASN 106) : 7.8175
Side Chain Topographical Entropy from corr. pLogP method (ALA 107) : -0.0000
Side Chain Topographical Entropy from corr. pLogP method (TRP 108) : 7.6341
Side Chain Topographical Entropy from corr. pLogP method (LYS 109) : 17.3375
Side Chain Topographical Entropy from corr. pLogP method (SER 110) : 4.6709
Side Chain Topographical Entropy from corr. pLogP method (THR 111) : 0.0635
Side Chain Topographical Entropy from corr. pLogP method (LEU 112) : 1.3039
Side Chain Topographical Entropy from corr. pLogP method (VAL 113) : -0.0000
Side Chain Topographical Entropy from corr. pLogP method (GLY 114) : -0.0000
Side Chain Topographical Entropy from corr. pLogP method (HID 115) : 0.0778
Side Chain Topographical Entropy from corr. pLogP method (ASP 116) : 8.8059
Side Chain Topographical Entropy from corr. pLogP method (THR 117) : 0.0922
Side Chain Topographical Entropy from corr. pLogP method (PHE 118) : 0.5041
Side Chain Topographical Entropy from corr. pLogP method (THR 119) : 5.8700
Side Chain Topographical Entropy from corr. pLogP method (LYS 120) : 16.1026
Side Chain Topographical Entropy from corr. pLogP method (VAL 121) : 5.2430
Side Chain Topographical Entropy from corr. pLogP method (LYS 122) : 18.8261
Side Chain Topographical Entropy from corr. pLogP method (PRO 123) : 14.1510
Side Chain Topographical Entropy from corr. pLogP method (SER 124) : 8.5210
Side Chain Topographical Entropy from corr. pLogP method (ALA 125) : -0.0000
Side Chain Topographical Entropy from corr. pLogP method (ALA 126) : -0.0000
Side Chain Topographical Entropy from corr. pLogP method (CSER 127) : 5.2470
____________________________________________________________
Total SC Topog. Entropy (corr. pLogP)    :         679.301
------------------------------------------------------------
____________________________________________________________
Total BB Topog. Entropy (corr. pLogP)    :          37.453
------------------------------------------------------------
____________________________________________________________
Total Entropy                            :         716.754
------------------------------------------------------------
