------------------------------------------------------------
Topographical entropy of residue side chains 
computed using all the dihedrals with AEM method
------------------------------------------------------------
Residue Topographical Entropy from AEM (NALA 1) : 1.0913
Residue Topographical Entropy from AEM (GLU 2) : 20.2337
Residue Topographical Entropy from AEM (ALA 3) : -0.0000
Residue Topographical Entropy from AEM (GLY 4) : -0.0000
Residue Topographical Entropy from AEM (ILE 5) : 2.3469
Residue Topographical Entropy from AEM (THR 6) : -0.0000
Residue Topographical Entropy from AEM (GLY 7) : -0.0000
Residue Topographical Entropy from AEM (THR 8) : 4.4724
Residue Topographical Entropy from AEM (TRP 9) : 41.7003
Residue Topographical Entropy from AEM (TYR 10) : 27.2591
Residue Topographical Entropy from AEM (ALA 11) : -0.0000
Residue Topographical Entropy from AEM (GLN 12) : 21.7611
Residue Topographical Entropy from AEM (LEU 13) : 8.8265
Residue Topographical Entropy from AEM (GLY 14) : -0.0000
Residue Topographical Entropy from AEM (SER 15) : 7.2064
Residue Topographical Entropy from AEM (THR 16) : 3.5397
Residue Topographical Entropy from AEM (PHE 17) : 40.1792
Residue Topographical Entropy from AEM (ILE 18) : 9.1484
Residue Topographical Entropy from AEM (VAL 19) : 6.3464
Residue Topographical Entropy from AEM (THR 20) : 6.7701
Residue Topographical Entropy from AEM (ALA 21) : -0.0000
Residue Topographical Entropy from AEM (GLY 22) : -0.0000
Residue Topographical Entropy from AEM (ALA 23) : -0.0000
Residue Topographical Entropy from AEM (ASP 24) : 11.6518
Residue Topographical Entropy from AEM (GLY 25) : -0.0000
Residue Topographical Entropy from AEM (ALA 26) : -0.0000
Residue Topographical Entropy from AEM (LEU 27) : 10.2546
Residue Topographical Entropy from AEM (THR 28) : 5.7241
Residue Topographical Entropy from AEM (GLY 29) : -0.0000
Residue Topographical Entropy from AEM (THR 30) : 8.8604
Residue Topographical Entropy from AEM (TYR 31) : 25.6935
Residue Topographical Entropy from AEM (GLU 32) : 18.4915
Residue Topographical Entropy from AEM (SER 33) : 8.2736
Residue Topographical Entropy from AEM (ALA 34) : -0.0000
Residue Topographical Entropy from AEM (VAL 35) : 7.3732
Residue Topographical Entropy from AEM (GLY 36) : -0.0000
Residue Topographical Entropy from AEM (ASN 37) : 14.1321
Residue Topographical Entropy from AEM (ALA 38) : -0.0000
Residue Topographical Entropy from AEM (GLU 39) : 18.8208
Residue Topographical Entropy from AEM (SER 40) : 6.0355
Residue Topographical Entropy from AEM (ARG 41) : 10.0520
Residue Topographical Entropy from AEM (TYR 42) : 22.4960
Residue Topographical Entropy from AEM (VAL 43) : 1.0429
Residue Topographical Entropy from AEM (LEU 44) : 2.2768
Residue Topographical Entropy from AEM (THR 45) : 6.7524
Residue Topographical Entropy from AEM (GLY 46) : -0.0000
Residue Topographical Entropy from AEM (ARG 47) : 9.4282
Residue Topographical Entropy from AEM (TYR 48) : 28.0237
Residue Topographical Entropy from AEM (ASP 49) : 1.5967
Residue Topographical Entropy from AEM (SER 50) : 1.5333
Residue Topographical Entropy from AEM (ALA 51) : -0.0000
Residue Topographical Entropy from AEM (PRO 52) : 4.7250
Residue Topographical Entropy from AEM (ALA 53) : -0.0000
Residue Topographical Entropy from AEM (THR 54) : 7.1408
Residue Topographical Entropy from AEM (ASP 55) : 8.4215
Residue Topographical Entropy from AEM (GLY 56) : -0.0000
Residue Topographical Entropy from AEM (SER 57) : 2.6295
Residue Topographical Entropy from AEM (GLY 58) : -0.0000
Residue Topographical Entropy from AEM (THR 59) : 0.4940
Residue Topographical Entropy from AEM (ALA 60) : -0.0000
Residue Topographical Entropy from AEM (LEU 61) : 5.4123
Residue Topographical Entropy from AEM (GLY 62) : -0.0000
Residue Topographical Entropy from AEM (TRP 63) : 37.8563
Residue Topographical Entropy from AEM (THR 64) : 1.9382
Residue Topographical Entropy from AEM (VAL 65) : 1.3498
Residue Topographical Entropy from AEM (ALA 66) : -0.0000
Residue Topographical Entropy from AEM (TRP 67) : 42.3396
Residue Topographical Entropy from AEM (LYS 68) : 14.2140
Residue Topographical Entropy from AEM (ASN 69) : 0.6990
Residue Topographical Entropy from AEM (ASN 70) : 11.2056
Residue Topographical Entropy from AEM (TYR 71) : 28.2346
Residue Topographical Entropy from AEM (ARG 72) : 13.5462
Residue Topographical Entropy from AEM (ASN 73) : 0.2997
Residue Topographical Entropy from AEM (ALA 74) : -0.0000
Residue Topographical Entropy from AEM (HID 75) : -0.0000
Residue Topographical Entropy from AEM (SER 76) : 4.7013
Residue Topographical Entropy from AEM (ALA 77) : -0.0000
Residue Topographical Entropy from AEM (THR 78) : 0.0358
Residue Topographical Entropy from AEM (THR 79) : 1.2521
Residue Topographical Entropy from AEM (TRP 80) : 35.8542
Residue Topographical Entropy from AEM (SER 81) : 0.8985
Residue Topographical Entropy from AEM (GLY 82) : -0.0000
Residue Topographical Entropy from AEM (GLN 83) : 6.0600
Residue Topographical Entropy from AEM (TYR 84) : 27.1440
Residue Topographical Entropy from AEM (VAL 85) : 2.0660
Residue Topographical Entropy from AEM (GLY 86) : -0.0000
Residue Topographical Entropy from AEM (GLY 87) : -0.0000
Residue Topographical Entropy from AEM (ALA 88) : -0.0000
Residue Topographical Entropy from AEM (GLU 89) : 20.9988
Residue Topographical Entropy from AEM (ALA 90) : -0.0000
Residue Topographical Entropy from AEM (ARG 91) : 8.3335
Residue Topographical Entropy from AEM (ILE 92) : 2.0079
Residue Topographical Entropy from AEM (ASN 93) : 2.4276
Residue Topographical Entropy from AEM (THR 94) : 0.9408
Residue Topographical Entropy from AEM (GLN 95) : 7.4704
Residue Topographical Entropy from AEM (TRP 96) : 9.5747
Residue Topographical Entropy from AEM (LEU 97) : 0.0869
Residue Topographical Entropy from AEM (LEU 98) : 1.8428
Residue Topographical Entropy from AEM (THR 99) : -0.0000
Residue Topographical Entropy from AEM (SER 100) : 7.6900
Residue Topographical Entropy from AEM (GLY 101) : -0.0000
Residue Topographical Entropy from AEM (THR 102) : 5.9004
Residue Topographical Entropy from AEM (THR 103) : 2.6155
Residue Topographical Entropy from AEM (GLU 104) : 25.2980
Residue Topographical Entropy from AEM (ALA 105) : -0.0000
Residue Topographical Entropy from AEM (ASN 106) : 6.3147
Residue Topographical Entropy from AEM (ALA 107) : -0.0000
Residue Topographical Entropy from AEM (TRP 108) : -0.0000
Residue Topographical Entropy from AEM (LYS 109) : 10.4503
Residue Topographical Entropy from AEM (SER 110) : 7.6699
Residue Topographical Entropy from AEM (THR 111) : -0.0000
Residue Topographical Entropy from AEM (LEU 112) : 1.3398
Residue Topographical Entropy from AEM (VAL 113) : -0.0000
Residue Topographical Entropy from AEM (GLY 114) : -0.0000
Residue Topographical Entropy from AEM (HID 115) : 0.0511
Residue Topographical Entropy from AEM (ASP 116) : 6.9573
Residue Topographical Entropy from AEM (THR 117) : 1.4790
Residue Topographical Entropy from AEM (PHE 118) : 28.1478
Residue Topographical Entropy from AEM (THR 119) : 5.6381
Residue Topographical Entropy from AEM (LYS 120) : 8.1791
Residue Topographical Entropy from AEM (VAL 121) : 4.5017
Residue Topographical Entropy from AEM (LYS 122) : 24.0650
Residue Topographical Entropy from AEM (PRO 123) : 7.2457
Residue Topographical Entropy from AEM (SER 124) : 6.5414
Residue Topographical Entropy from AEM (ALA 125) : -0.0000
Residue Topographical Entropy from AEM (ALA 126) : -0.0000
Residue Topographical Entropy from AEM (CSER 127) : 6.7935
____________________________________________________________
Total Topog. Entropy (AEM)               :         898.474
------------------------------------------------------------
____________________________________________________________
Total Entropy                            :         898.474
------------------------------------------------------------
