------------------------------------------------------------
Topographical entropy of residue side chains 
computed using all the dihedrals with correlation/pLogp formalism
------------------------------------------------------------
Side Chain Topographical Entropy from corr. pLogP method (NALA 1) : -0.0000
Side Chain Topographical Entropy from corr. pLogP method (GLU 2) : 22.4911
Side Chain Topographical Entropy from corr. pLogP method (ALA 3) : -0.0000
Side Chain Topographical Entropy from corr. pLogP method (GLY 4) : -0.0000
Side Chain Topographical Entropy from corr. pLogP method (ILE 5) : 1.7428
Side Chain Topographical Entropy from corr. pLogP method (THR 6) : 3.5621
Side Chain Topographical Entropy from corr. pLogP method (GLY 7) : -0.0000
Side Chain Topographical Entropy from corr. pLogP method (THR 8) : 7.4271
Side Chain Topographical Entropy from corr. pLogP method (TRP 9) : 2.6933
Side Chain Topographical Entropy from corr. pLogP method (TYR 10) : 9.0482
Side Chain Topographical Entropy from corr. pLogP method (ALA 11) : -0.0000
Side Chain Topographical Entropy from corr. pLogP method (GLN 12) : 20.4750
Side Chain Topographical Entropy from corr. pLogP method (LEU 13) : 3.8334
Side Chain Topographical Entropy from corr. pLogP method (GLY 14) : -0.0000
Side Chain Topographical Entropy from corr. pLogP method (SER 15) : 0.3525
Side Chain Topographical Entropy from corr. pLogP method (THR 16) : 1.7662
Side Chain Topographical Entropy from corr. pLogP method (PHE 17) : 9.5637
Side Chain Topographical Entropy from corr. pLogP method (ILE 18) : 4.8647
Side Chain Topographical Entropy from corr. pLogP method (VAL 19) : 4.0118
Side Chain Topographical Entropy from corr. pLogP method (THR 20) : 6.3435
Side Chain Topographical Entropy from corr. pLogP method (ALA 21) : -0.0000
Side Chain Topographical Entropy from corr. pLogP method (GLY 22) : -0.0000
Side Chain Topographical Entropy from corr. pLogP method (ALA 23) : -0.0000
Side Chain Topographical Entropy from corr. pLogP method (ASP 24) : 15.8382
Side Chain Topographical Entropy from corr. pLogP method (GLY 25) : -0.0000
Side Chain Topographical Entropy from corr. pLogP method (ALA 26) : -0.0000
Side Chain Topographical Entropy from corr. pLogP method (LEU 27) : 10.4083
Side Chain Topographical Entropy from corr. pLogP method (THR 28) : 8.6456
Side Chain Topographical Entropy from corr. pLogP method (GLY 29) : -0.0000
Side Chain Topographical Entropy from corr. pLogP method (THR 30) : 3.9276
Side Chain Topographical Entropy from corr. pLogP method (TYR 31) : 9.9330
Side Chain Topographical Entropy from corr. pLogP method (GLU 32) : 10.3523
Side Chain Topographical Entropy from corr. pLogP method (SER 33) : 6.0480
Side Chain Topographical Entropy from corr. pLogP method (ALA 34) : -0.0000
Side Chain Topographical Entropy from corr. pLogP method (VAL 35) : 6.2782
Side Chain Topographical Entropy from corr. pLogP method (GLY 36) : -0.0000
Side Chain Topographical Entropy from corr. pLogP method (ASN 37) : 12.5423
Side Chain Topographical Entropy from corr. pLogP method (ALA 38) : -0.0000
Side Chain Topographical Entropy from corr. pLogP method (GLU 39) : 20.6940
Side Chain Topographical Entropy from corr. pLogP method (SER 40) : 4.9140
Side Chain Topographical Entropy from corr. pLogP method (ARG 41) : 4.1586
Side Chain Topographical Entropy from corr. pLogP method (TYR 42) : 1.8921
Side Chain Topographical Entropy from corr. pLogP method (VAL 43) : 0.9708
Side Chain Topographical Entropy from corr. pLogP method (LEU 44) : 0.9494
Side Chain Topographical Entropy from corr. pLogP method (THR 45) : 5.7712
Side Chain Topographical Entropy from corr. pLogP method (GLY 46) : -0.0000
Side Chain Topographical Entropy from corr. pLogP method (ARG 47) : 1.9601
Side Chain Topographical Entropy from corr. pLogP method (TYR 48) : 6.3665
Side Chain Topographical Entropy from corr. pLogP method (ASP 49) : 8.9011
Side Chain Topographical Entropy from corr. pLogP method (SER 50) : 2.0580
Side Chain Topographical Entropy from corr. pLogP method (ALA 51) : -0.0000
Side Chain Topographical Entropy from corr. pLogP method (PRO 52) : 14.3604
Side Chain Topographical Entropy from corr. pLogP method (ALA 53) : -0.0000
Side Chain Topographical Entropy from corr. pLogP method (THR 54) : 7.3888
Side Chain Topographical Entropy from corr. pLogP method (ASP 55) : 13.5612
Side Chain Topographical Entropy from corr. pLogP method (GLY 56) : -0.0000
Side Chain Topographical Entropy from corr. pLogP method (SER 57) : 4.8146
Side Chain Topographical Entropy from corr. pLogP method (GLY 58) : -0.0000
Side Chain Topographical Entropy from corr. pLogP method (THR 59) : 3.4269
Side Chain Topographical Entropy from corr. pLogP method (ALA 60) : -0.0000
Side Chain Topographical Entropy from corr. pLogP method (LEU 61) : 5.6811
Side Chain Topographical Entropy from corr. pLogP method (GLY 62) : -0.0000
Side Chain Topographical Entropy from corr. pLogP method (TRP 63) : 2.2015
Side Chain Topographical Entropy from corr. pLogP method (THR 64) : 1.6568
Side Chain Topographical Entropy from corr. pLogP method (VAL 65) : 0.5801
Side Chain Topographical Entropy from corr. pLogP method (ALA 66) : -0.0000
Side Chain Topographical Entropy from corr. pLogP method (TRP 67) : 3.4357
Side Chain Topographical Entropy from corr. pLogP method (LYS 68) : 15.5895
Side Chain Topographical Entropy from corr. pLogP method (ASN 69) : 6.7010
Side Chain Topographical Entropy from corr. pLogP method (ASN 70) : 14.0617
Side Chain Topographical Entropy from corr. pLogP method (TYR 71) : 11.1696
Side Chain Topographical Entropy from corr. pLogP method (ARG 72) : 15.5090
Side Chain Topographical Entropy from corr. pLogP method (ASN 73) : 10.4377
Side Chain Topographical Entropy from corr. pLogP method (ALA 74) : -0.0000
Side Chain Topographical Entropy from corr. pLogP method (HID 75) : 2.6974
Side Chain Topographical Entropy from corr. pLogP method (SER 76) : 4.0038
Side Chain Topographical Entropy from corr. pLogP method (ALA 77) : -0.0000
Side Chain Topographical Entropy from corr. pLogP method (THR 78) : 0.3362
Side Chain Topographical Entropy from corr. pLogP method (THR 79) : 1.9781
Side Chain Topographical Entropy from corr. pLogP method (TRP 80) : 4.9700
Side Chain Topographical Entropy from corr. pLogP method (SER 81) : 1.2276
Side Chain Topographical Entropy from corr. pLogP method (GLY 82) : -0.0000
Side Chain Topographical Entropy from corr. pLogP method (GLN 83) : 9.7337
Side Chain Topographical Entropy from corr. pLogP method (TYR 84) : 2.7702
Side Chain Topographical Entropy from corr. pLogP method (VAL 85) : 1.9863
Side Chain Topographical Entropy from corr. pLogP method (GLY 86) : -0.0000
Side Chain Topographical Entropy from corr. pLogP method (GLY 87) : -0.0000
Side Chain Topographical Entropy from corr. pLogP method (ALA 88) : -0.0000
Side Chain Topographical Entropy from corr. pLogP method (GLU 89) : 19.7215
Side Chain Topographical Entropy from corr. pLogP method (ALA 90) : -0.0000
Side Chain Topographical Entropy from corr. pLogP method (ARG 91) : 11.3365
Side Chain Topographical Entropy from corr. pLogP method (ILE 92) : 1.5717
Side Chain Topographical Entropy from corr. pLogP method (ASN 93) : 6.5315
Side Chain Topographical Entropy from corr. pLogP method (THR 94) : 5.3005
Side Chain Topographical Entropy from corr. pLogP method (GLN 95) : 4.3633
Side Chain Topographical Entropy from corr. pLogP method (TRP 96) : 4.4739
Side Chain Topographical Entropy from corr. pLogP method (LEU 97) : 1.2718
Side Chain Topographical Entropy from corr. pLogP method (LEU 98) : 2.9301
Side Chain Topographical Entropy from corr. pLogP method (THR 99) : 0.2287
Side Chain Topographical Entropy from corr. pLogP method (SER 100) : 8.0078
Side Chain Topographical Entropy from corr. pLogP method (GLY 101) : -0.0000
Side Chain Topographical Entropy from corr. pLogP method (THR 102) : 3.8006
Side Chain Topographical Entropy from corr. pLogP method (THR 103) : 0.5519
Side Chain Topographical Entropy from corr. pLogP method (GLU 104) : 21.4227
Side Chain Topographical Entropy from corr. pLogP method (ALA 105) : -0.0000
Side Chain Topographical Entropy from corr. pLogP method (ASN 106) : 4.1608
Side Chain Topographical Entropy from corr. pLogP method (ALA 107) : -0.0000
Side Chain Topographical Entropy from corr. pLogP method (TRP 108) : 7.2182
Side Chain Topographical Entropy from corr. pLogP method (LYS 109) : 14.4803
Side Chain Topographical Entropy from corr. pLogP method (SER 110) : 0.8484
Side Chain Topographical Entropy from corr. pLogP method (THR 111) : 0.6691
Side Chain Topographical Entropy from corr. pLogP method (LEU 112) : 2.7186
Side Chain Topographical Entropy from corr. pLogP method (VAL 113) : 0.6429
Side Chain Topographical Entropy from corr. pLogP method (GLY 114) : -0.0000
Side Chain Topographical Entropy from corr. pLogP method (HID 115) : 2.8365
Side Chain Topographical Entropy from corr. pLogP method (ASP 116) : 7.5564
Side Chain Topographical Entropy from corr. pLogP method (THR 117) : 2.6161
Side Chain Topographical Entropy from corr. pLogP method (PHE 118) : 1.9156
Side Chain Topographical Entropy from corr. pLogP method (THR 119) : 5.8390
Side Chain Topographical Entropy from corr. pLogP method (LYS 120) : 17.7564
Side Chain Topographical Entropy from corr. pLogP method (VAL 121) : 5.5429
Side Chain Topographical Entropy from corr. pLogP method (LYS 122) : 24.6560
Side Chain Topographical Entropy from corr. pLogP method (PRO 123) : 19.2778
Side Chain Topographical Entropy from corr. pLogP method (SER 124) : 7.7947
Side Chain Topographical Entropy from corr. pLogP method (ALA 125) : -0.0000
Side Chain Topographical Entropy from corr. pLogP method (ALA 126) : -0.0000
Side Chain Topographical Entropy from corr. pLogP method (CSER 127) : 0.7976
____________________________________________________________
Total SC Topog. Entropy (corr. pLogP)    :         619.904
------------------------------------------------------------
____________________________________________________________
Total BB Topog. Entropy (corr. pLogP)    :          42.228
------------------------------------------------------------
____________________________________________________________
Total Entropy                            :         662.131
------------------------------------------------------------
------------------------------------------------------------
Topographical entropy of residue side chains 
computed using all the dihedrals with correlation/pLogp formalism
------------------------------------------------------------
Side Chain Topographical Entropy from corr. pLogP method (NALA 1) : -0.0000
Side Chain Topographical Entropy from corr. pLogP method (GLU 2) : 23.5050
Side Chain Topographical Entropy from corr. pLogP method (ALA 3) : -0.0000
Side Chain Topographical Entropy from corr. pLogP method (GLY 4) : -0.0000
Side Chain Topographical Entropy from corr. pLogP method (ILE 5) : 2.3853
Side Chain Topographical Entropy from corr. pLogP method (THR 6) : 5.9172
Side Chain Topographical Entropy from corr. pLogP method (GLY 7) : -0.0000
Side Chain Topographical Entropy from corr. pLogP method (THR 8) : 0.6653
Side Chain Topographical Entropy from corr. pLogP method (TRP 9) : 1.5756
Side Chain Topographical Entropy from corr. pLogP method (TYR 10) : 7.7070
Side Chain Topographical Entropy from corr. pLogP method (ALA 11) : -0.0000
Side Chain Topographical Entropy from corr. pLogP method (GLN 12) : 21.1210
Side Chain Topographical Entropy from corr. pLogP method (LEU 13) : 1.9971
Side Chain Topographical Entropy from corr. pLogP method (GLY 14) : -0.0000
Side Chain Topographical Entropy from corr. pLogP method (SER 15) : 3.7847
Side Chain Topographical Entropy from corr. pLogP method (THR 16) : 6.5743
Side Chain Topographical Entropy from corr. pLogP method (PHE 17) : 15.8852
Side Chain Topographical Entropy from corr. pLogP method (ILE 18) : 6.0086
Side Chain Topographical Entropy from corr. pLogP method (VAL 19) : 5.2009
Side Chain Topographical Entropy from corr. pLogP method (THR 20) : 7.0896
Side Chain Topographical Entropy from corr. pLogP method (ALA 21) : -0.0000
Side Chain Topographical Entropy from corr. pLogP method (GLY 22) : -0.0000
Side Chain Topographical Entropy from corr. pLogP method (ALA 23) : -0.0000
Side Chain Topographical Entropy from corr. pLogP method (ASP 24) : 16.6309
Side Chain Topographical Entropy from corr. pLogP method (GLY 25) : -0.0000
Side Chain Topographical Entropy from corr. pLogP method (ALA 26) : -0.0000
Side Chain Topographical Entropy from corr. pLogP method (LEU 27) : 9.7013
Side Chain Topographical Entropy from corr. pLogP method (THR 28) : 8.7695
Side Chain Topographical Entropy from corr. pLogP method (GLY 29) : -0.0000
Side Chain Topographical Entropy from corr. pLogP method (THR 30) : 7.8460
Side Chain Topographical Entropy from corr. pLogP method (TYR 31) : 4.8719
Side Chain Topographical Entropy from corr. pLogP method (GLU 32) : 13.1580
Side Chain Topographical Entropy from corr. pLogP method (SER 33) : 6.6481
Side Chain Topographical Entropy from corr. pLogP method (ALA 34) : -0.0000
Side Chain Topographical Entropy from corr. pLogP method (VAL 35) : 3.2965
Side Chain Topographical Entropy from corr. pLogP method (GLY 36) : -0.0000
Side Chain Topographical Entropy from corr. pLogP method (ASN 37) : 11.8714
Side Chain Topographical Entropy from corr. pLogP method (ALA 38) : -0.0000
Side Chain Topographical Entropy from corr. pLogP method (GLU 39) : 21.4206
Side Chain Topographical Entropy from corr. pLogP method (SER 40) : 4.3399
Side Chain Topographical Entropy from corr. pLogP method (ARG 41) : 11.1574
Side Chain Topographical Entropy from corr. pLogP method (TYR 42) : 1.0164
Side Chain Topographical Entropy from corr. pLogP method (VAL 43) : 1.7457
Side Chain Topographical Entropy from corr. pLogP method (LEU 44) : 0.6179
Side Chain Topographical Entropy from corr. pLogP method (THR 45) : 4.6096
Side Chain Topographical Entropy from corr. pLogP method (GLY 46) : -0.0000
Side Chain Topographical Entropy from corr. pLogP method (ARG 47) : 1.9666
Side Chain Topographical Entropy from corr. pLogP method (TYR 48) : 8.9291
Side Chain Topographical Entropy from corr. pLogP method (ASP 49) : 6.6443
Side Chain Topographical Entropy from corr. pLogP method (SER 50) : 5.4672
Side Chain Topographical Entropy from corr. pLogP method (ALA 51) : -0.0000
Side Chain Topographical Entropy from corr. pLogP method (PRO 52) : 14.4661
Side Chain Topographical Entropy from corr. pLogP method (ALA 53) : -0.0000
Side Chain Topographical Entropy from corr. pLogP method (THR 54) : 8.5596
Side Chain Topographical Entropy from corr. pLogP method (ASP 55) : 17.0295
Side Chain Topographical Entropy from corr. pLogP method (GLY 56) : -0.0000
Side Chain Topographical Entropy from corr. pLogP method (SER 57) : 9.0119
Side Chain Topographical Entropy from corr. pLogP method (GLY 58) : -0.0000
Side Chain Topographical Entropy from corr. pLogP method (THR 59) : 1.4349
Side Chain Topographical Entropy from corr. pLogP method (ALA 60) : -0.0000
Side Chain Topographical Entropy from corr. pLogP method (LEU 61) : 5.1041
Side Chain Topographical Entropy from corr. pLogP method (GLY 62) : -0.0000
Side Chain Topographical Entropy from corr. pLogP method (TRP 63) : 1.3941
Side Chain Topographical Entropy from corr. pLogP method (THR 64) : 0.1867
Side Chain Topographical Entropy from corr. pLogP method (VAL 65) : 0.1218
Side Chain Topographical Entropy from corr. pLogP method (ALA 66) : -0.0000
Side Chain Topographical Entropy from corr. pLogP method (TRP 67) : 1.1073
Side Chain Topographical Entropy from corr. pLogP method (LYS 68) : 18.3128
Side Chain Topographical Entropy from corr. pLogP method (ASN 69) : 6.5689
Side Chain Topographical Entropy from corr. pLogP method (ASN 70) : 13.9934
Side Chain Topographical Entropy from corr. pLogP method (TYR 71) : 9.1819
Side Chain Topographical Entropy from corr. pLogP method (ARG 72) : 12.8679
Side Chain Topographical Entropy from corr. pLogP method (ASN 73) : 13.8454
Side Chain Topographical Entropy from corr. pLogP method (ALA 74) : -0.0000
Side Chain Topographical Entropy from corr. pLogP method (HID 75) : 5.5781
Side Chain Topographical Entropy from corr. pLogP method (SER 76) : 3.3615
Side Chain Topographical Entropy from corr. pLogP method (ALA 77) : -0.0000
Side Chain Topographical Entropy from corr. pLogP method (THR 78) : 0.3648
Side Chain Topographical Entropy from corr. pLogP method (THR 79) : 2.1189
Side Chain Topographical Entropy from corr. pLogP method (TRP 80) : 4.1099
Side Chain Topographical Entropy from corr. pLogP method (SER 81) : 0.8369
Side Chain Topographical Entropy from corr. pLogP method (GLY 82) : -0.0000
Side Chain Topographical Entropy from corr. pLogP method (GLN 83) : 10.6156
Side Chain Topographical Entropy from corr. pLogP method (TYR 84) : 7.9257
Side Chain Topographical Entropy from corr. pLogP method (VAL 85) : 3.7874
Side Chain Topographical Entropy from corr. pLogP method (GLY 86) : -0.0000
Side Chain Topographical Entropy from corr. pLogP method (GLY 87) : -0.0000
Side Chain Topographical Entropy from corr. pLogP method (ALA 88) : -0.0000
Side Chain Topographical Entropy from corr. pLogP method (GLU 89) : 21.7864
Side Chain Topographical Entropy from corr. pLogP method (ALA 90) : -0.0000
Side Chain Topographical Entropy from corr. pLogP method (ARG 91) : 13.6838
Side Chain Topographical Entropy from corr. pLogP method (ILE 92) : 1.7784
Side Chain Topographical Entropy from corr. pLogP method (ASN 93) : 6.8947
Side Chain Topographical Entropy from corr. pLogP method (THR 94) : 2.6927
Side Chain Topographical Entropy from corr. pLogP method (GLN 95) : 12.5324
Side Chain Topographical Entropy from corr. pLogP method (TRP 96) : 3.2081
Side Chain Topographical Entropy from corr. pLogP method (LEU 97) : 2.2532
Side Chain Topographical Entropy from corr. pLogP method (LEU 98) : 4.5894
Side Chain Topographical Entropy from corr. pLogP method (THR 99) : 1.6530
Side Chain Topographical Entropy from corr. pLogP method (SER 100) : 7.8082
Side Chain Topographical Entropy from corr. pLogP method (GLY 101) : -0.0000
Side Chain Topographical Entropy from corr. pLogP method (THR 102) : 4.2528
Side Chain Topographical Entropy from corr. pLogP method (THR 103) : 3.8141
Side Chain Topographical Entropy from corr. pLogP method (GLU 104) : 22.8737
Side Chain Topographical Entropy from corr. pLogP method (ALA 105) : -0.0000
Side Chain Topographical Entropy from corr. pLogP method (ASN 106) : 6.4292
Side Chain Topographical Entropy from corr. pLogP method (ALA 107) : -0.0000
Side Chain Topographical Entropy from corr. pLogP method (TRP 108) : 10.7830
Side Chain Topographical Entropy from corr. pLogP method (LYS 109) : 15.7459
Side Chain Topographical Entropy from corr. pLogP method (SER 110) : 4.5943
Side Chain Topographical Entropy from corr. pLogP method (THR 111) : 1.0030
Side Chain Topographical Entropy from corr. pLogP method (LEU 112) : 3.3119
Side Chain Topographical Entropy from corr. pLogP method (VAL 113) : 1.0651
Side Chain Topographical Entropy from corr. pLogP method (GLY 114) : -0.0000
Side Chain Topographical Entropy from corr. pLogP method (HID 115) : 2.7552
Side Chain Topographical Entropy from corr. pLogP method (ASP 116) : 7.6982
Side Chain Topographical Entropy from corr. pLogP method (THR 117) : 6.4539
Side Chain Topographical Entropy from corr. pLogP method (PHE 118) : 8.0129
Side Chain Topographical Entropy from corr. pLogP method (THR 119) : 5.7183
Side Chain Topographical Entropy from corr. pLogP method (LYS 120) : 6.6868
Side Chain Topographical Entropy from corr. pLogP method (VAL 121) : 2.1129
Side Chain Topographical Entropy from corr. pLogP method (LYS 122) : 24.3847
Side Chain Topographical Entropy from corr. pLogP method (PRO 123) : 16.1403
Side Chain Topographical Entropy from corr. pLogP method (SER 124) : 1.8854
Side Chain Topographical Entropy from corr. pLogP method (ALA 125) : -0.0000
Side Chain Topographical Entropy from corr. pLogP method (ALA 126) : -0.0000
Side Chain Topographical Entropy from corr. pLogP method (CSER 127) : 5.4384
____________________________________________________________
Total SC Topog. Entropy (corr. pLogP)    :         672.051
------------------------------------------------------------
____________________________________________________________
Total BB Topog. Entropy (corr. pLogP)    :          42.841
------------------------------------------------------------
____________________________________________________________
Total Entropy                            :         714.892
------------------------------------------------------------
------------------------------------------------------------
Topographical entropy of residue side chains 
computed using all the dihedrals with correlation/pLogp formalism
------------------------------------------------------------
Side Chain Topographical Entropy from corr. pLogP method (NALA 1) : -0.0000
Side Chain Topographical Entropy from corr. pLogP method (GLU 2) : 21.6540
Side Chain Topographical Entropy from corr. pLogP method (ALA 3) : -0.0000
Side Chain Topographical Entropy from corr. pLogP method (GLY 4) : -0.0000
Side Chain Topographical Entropy from corr. pLogP method (ILE 5) : 2.7030
Side Chain Topographical Entropy from corr. pLogP method (THR 6) : 0.6585
Side Chain Topographical Entropy from corr. pLogP method (GLY 7) : -0.0000
Side Chain Topographical Entropy from corr. pLogP method (THR 8) : 1.2485
Side Chain Topographical Entropy from corr. pLogP method (TRP 9) : 1.3318
Side Chain Topographical Entropy from corr. pLogP method (TYR 10) : 7.7324
Side Chain Topographical Entropy from corr. pLogP method (ALA 11) : -0.0000
Side Chain Topographical Entropy from corr. pLogP method (GLN 12) : 20.4464
Side Chain Topographical Entropy from corr. pLogP method (LEU 13) : 8.2118
Side Chain Topographical Entropy from corr. pLogP method (GLY 14) : -0.0000
Side Chain Topographical Entropy from corr. pLogP method (SER 15) : 6.2102
Side Chain Topographical Entropy from corr. pLogP method (THR 16) : 1.4093
Side Chain Topographical Entropy from corr. pLogP method (PHE 17) : 8.4639
Side Chain Topographical Entropy from corr. pLogP method (ILE 18) : 5.9475
Side Chain Topographical Entropy from corr. pLogP method (VAL 19) : 4.9171
Side Chain Topographical Entropy from corr. pLogP method (THR 20) : 6.0422
Side Chain Topographical Entropy from corr. pLogP method (ALA 21) : -0.0000
Side Chain Topographical Entropy from corr. pLogP method (GLY 22) : -0.0000
Side Chain Topographical Entropy from corr. pLogP method (ALA 23) : -0.0000
Side Chain Topographical Entropy from corr. pLogP method (ASP 24) : 15.3622
Side Chain Topographical Entropy from corr. pLogP method (GLY 25) : -0.0000
Side Chain Topographical Entropy from corr. pLogP method (ALA 26) : -0.0000
Side Chain Topographical Entropy from corr. pLogP method (LEU 27) : 9.7738
Side Chain Topographical Entropy from corr. pLogP method (THR 28) : 8.5804
Side Chain Topographical Entropy from corr. pLogP method (GLY 29) : -0.0000
Side Chain Topographical Entropy from corr. pLogP method (THR 30) : 6.3694
Side Chain Topographical Entropy from corr. pLogP method (TYR 31) : 9.6950
Side Chain Topographical Entropy from corr. pLogP method (GLU 32) : 11.0588
Side Chain Topographical Entropy from corr. pLogP method (SER 33) : 6.1233
Side Chain Topographical Entropy from corr. pLogP method (ALA 34) : -0.0000
Side Chain Topographical Entropy from corr. pLogP method (VAL 35) : 6.5367
Side Chain Topographical Entropy from corr. pLogP method (GLY 36) : -0.0000
Side Chain Topographical Entropy from corr. pLogP method (ASN 37) : 10.3216
Side Chain Topographical Entropy from corr. pLogP method (ALA 38) : -0.0000
Side Chain Topographical Entropy from corr. pLogP method (GLU 39) : 20.6439
Side Chain Topographical Entropy from corr. pLogP method (SER 40) : 6.0848
Side Chain Topographical Entropy from corr. pLogP method (ARG 41) : 6.4179
Side Chain Topographical Entropy from corr. pLogP method (TYR 42) : 1.2005
Side Chain Topographical Entropy from corr. pLogP method (VAL 43) : 1.2947
Side Chain Topographical Entropy from corr. pLogP method (LEU 44) : 0.4027
Side Chain Topographical Entropy from corr. pLogP method (THR 45) : 4.2119
Side Chain Topographical Entropy from corr. pLogP method (GLY 46) : -0.0000
Side Chain Topographical Entropy from corr. pLogP method (ARG 47) : 0.8909
Side Chain Topographical Entropy from corr. pLogP method (TYR 48) : 4.9535
Side Chain Topographical Entropy from corr. pLogP method (ASP 49) : 7.3235
Side Chain Topographical Entropy from corr. pLogP method (SER 50) : 1.2664
Side Chain Topographical Entropy from corr. pLogP method (ALA 51) : -0.0000
Side Chain Topographical Entropy from corr. pLogP method (PRO 52) : 14.2879
Side Chain Topographical Entropy from corr. pLogP method (ALA 53) : -0.0000
Side Chain Topographical Entropy from corr. pLogP method (THR 54) : 9.0164
Side Chain Topographical Entropy from corr. pLogP method (ASP 55) : 16.8667
Side Chain Topographical Entropy from corr. pLogP method (GLY 56) : -0.0000
Side Chain Topographical Entropy from corr. pLogP method (SER 57) : 7.7000
Side Chain Topographical Entropy from corr. pLogP method (GLY 58) : -0.0000
Side Chain Topographical Entropy from corr. pLogP method (THR 59) : 5.7203
Side Chain Topographical Entropy from corr. pLogP method (ALA 60) : -0.0000
Side Chain Topographical Entropy from corr. pLogP method (LEU 61) : 7.6820
Side Chain Topographical Entropy from corr. pLogP method (GLY 62) : -0.0000
Side Chain Topographical Entropy from corr. pLogP method (TRP 63) : 0.0826
Side Chain Topographical Entropy from corr. pLogP method (THR 64) : 0.0657
Side Chain Topographical Entropy from corr. pLogP method (VAL 65) : 0.3436
Side Chain Topographical Entropy from corr. pLogP method (ALA 66) : -0.0000
Side Chain Topographical Entropy from corr. pLogP method (TRP 67) : 0.2493
Side Chain Topographical Entropy from corr. pLogP method (LYS 68) : 15.2065
Side Chain Topographical Entropy from corr. pLogP method (ASN 69) : 6.2705
Side Chain Topographical Entropy from corr. pLogP method (ASN 70) : 14.3169
Side Chain Topographical Entropy from corr. pLogP method (TYR 71) : 11.0580
Side Chain Topographical Entropy from corr. pLogP method (ARG 72) : 13.9277
Side Chain Topographical Entropy from corr. pLogP method (ASN 73) : 10.8554
Side Chain Topographical Entropy from corr. pLogP method (ALA 74) : -0.0000
Side Chain Topographical Entropy from corr. pLogP method (HID 75) : 4.2241
Side Chain Topographical Entropy from corr. pLogP method (SER 76) : 3.0663
Side Chain Topographical Entropy from corr. pLogP method (ALA 77) : -0.0000
Side Chain Topographical Entropy from corr. pLogP method (THR 78) : 0.1406
Side Chain Topographical Entropy from corr. pLogP method (THR 79) : 0.8770
Side Chain Topographical Entropy from corr. pLogP method (TRP 80) : 3.5138
Side Chain Topographical Entropy from corr. pLogP method (SER 81) : 0.0752
Side Chain Topographical Entropy from corr. pLogP method (GLY 82) : -0.0000
Side Chain Topographical Entropy from corr. pLogP method (GLN 83) : 13.0415
Side Chain Topographical Entropy from corr. pLogP method (TYR 84) : 3.2913
Side Chain Topographical Entropy from corr. pLogP method (VAL 85) : 2.0507
Side Chain Topographical Entropy from corr. pLogP method (GLY 86) : -0.0000
Side Chain Topographical Entropy from corr. pLogP method (GLY 87) : -0.0000
Side Chain Topographical Entropy from corr. pLogP method (ALA 88) : -0.0000
Side Chain Topographical Entropy from corr. pLogP method (GLU 89) : 20.4360
Side Chain Topographical Entropy from corr. pLogP method (ALA 90) : -0.0000
Side Chain Topographical Entropy from corr. pLogP method (ARG 91) : 8.4957
Side Chain Topographical Entropy from corr. pLogP method (ILE 92) : 0.2861
Side Chain Topographical Entropy from corr. pLogP method (ASN 93) : 6.5959
Side Chain Topographical Entropy from corr. pLogP method (THR 94) : 5.7583
Side Chain Topographical Entropy from corr. pLogP method (GLN 95) : 8.2399
Side Chain Topographical Entropy from corr. pLogP method (TRP 96) : 1.2693
Side Chain Topographical Entropy from corr. pLogP method (LEU 97) : 1.2178
Side Chain Topographical Entropy from corr. pLogP method (LEU 98) : 3.3262
Side Chain Topographical Entropy from corr. pLogP method (THR 99) : 0.0304
Side Chain Topographical Entropy from corr. pLogP method (SER 100) : 7.8900
Side Chain Topographical Entropy from corr. pLogP method (GLY 101) : -0.0000
Side Chain Topographical Entropy from corr. pLogP method (THR 102) : 6.2164
Side Chain Topographical Entropy from corr. pLogP method (THR 103) : 3.7336
Side Chain Topographical Entropy from corr. pLogP method (GLU 104) : 20.6174
Side Chain Topographical Entropy from corr. pLogP method (ALA 105) : -0.0000
Side Chain Topographical Entropy from corr. pLogP method (ASN 106) : 5.1678
Side Chain Topographical Entropy from corr. pLogP method (ALA 107) : -0.0000
Side Chain Topographical Entropy from corr. pLogP method (TRP 108) : 6.2055
Side Chain Topographical Entropy from corr. pLogP method (LYS 109) : 14.7214
Side Chain Topographical Entropy from corr. pLogP method (SER 110) : 1.6777
Side Chain Topographical Entropy from corr. pLogP method (THR 111) : 0.0609
Side Chain Topographical Entropy from corr. pLogP method (LEU 112) : 2.0227
Side Chain Topographical Entropy from corr. pLogP method (VAL 113) : 0.0250
Side Chain Topographical Entropy from corr. pLogP method (GLY 114) : -0.0000
Side Chain Topographical Entropy from corr. pLogP method (HID 115) : 0.3847
Side Chain Topographical Entropy from corr. pLogP method (ASP 116) : 11.0253
Side Chain Topographical Entropy from corr. pLogP method (THR 117) : 5.9383
Side Chain Topographical Entropy from corr. pLogP method (PHE 118) : 0.5636
Side Chain Topographical Entropy from corr. pLogP method (THR 119) : 5.9975
Side Chain Topographical Entropy from corr. pLogP method (LYS 120) : 10.0056
Side Chain Topographical Entropy from corr. pLogP method (VAL 121) : 0.8460
Side Chain Topographical Entropy from corr. pLogP method (LYS 122) : 25.0155
Side Chain Topographical Entropy from corr. pLogP method (PRO 123) : 14.4802
Side Chain Topographical Entropy from corr. pLogP method (SER 124) : 2.6410
Side Chain Topographical Entropy from corr. pLogP method (ALA 125) : -0.0000
Side Chain Topographical Entropy from corr. pLogP method (ALA 126) : -0.0000
Side Chain Topographical Entropy from corr. pLogP method (CSER 127) : 6.9772
____________________________________________________________
Total SC Topog. Entropy (corr. pLogP)    :         607.287
------------------------------------------------------------
____________________________________________________________
Total BB Topog. Entropy (corr. pLogP)    :          32.149
------------------------------------------------------------
____________________________________________________________
Total Entropy                            :         639.437
------------------------------------------------------------
------------------------------------------------------------
Topographical entropy of residue side chains 
computed using all the dihedrals with correlation/pLogp formalism
------------------------------------------------------------
Side Chain Topographical Entropy from corr. pLogP method (NALA 1) : -0.0000
Side Chain Topographical Entropy from corr. pLogP method (GLU 2) : 23.4974
Side Chain Topographical Entropy from corr. pLogP method (ALA 3) : -0.0000
Side Chain Topographical Entropy from corr. pLogP method (GLY 4) : -0.0000
Side Chain Topographical Entropy from corr. pLogP method (ILE 5) : 3.6137
Side Chain Topographical Entropy from corr. pLogP method (THR 6) : 1.7064
Side Chain Topographical Entropy from corr. pLogP method (GLY 7) : -0.0000
Side Chain Topographical Entropy from corr. pLogP method (THR 8) : 3.6925
Side Chain Topographical Entropy from corr. pLogP method (TRP 9) : 5.8616
Side Chain Topographical Entropy from corr. pLogP method (TYR 10) : 11.9628
Side Chain Topographical Entropy from corr. pLogP method (ALA 11) : -0.0000
Side Chain Topographical Entropy from corr. pLogP method (GLN 12) : 22.4426
Side Chain Topographical Entropy from corr. pLogP method (LEU 13) : 10.5401
Side Chain Topographical Entropy from corr. pLogP method (GLY 14) : -0.0000
Side Chain Topographical Entropy from corr. pLogP method (SER 15) : 6.8634
Side Chain Topographical Entropy from corr. pLogP method (THR 16) : 2.7131
Side Chain Topographical Entropy from corr. pLogP method (PHE 17) : 16.6179
Side Chain Topographical Entropy from corr. pLogP method (ILE 18) : 7.9884
Side Chain Topographical Entropy from corr. pLogP method (VAL 19) : 5.6555
Side Chain Topographical Entropy from corr. pLogP method (THR 20) : 7.0742
Side Chain Topographical Entropy from corr. pLogP method (ALA 21) : -0.0000
Side Chain Topographical Entropy from corr. pLogP method (GLY 22) : -0.0000
Side Chain Topographical Entropy from corr. pLogP method (ALA 23) : -0.0000
Side Chain Topographical Entropy from corr. pLogP method (ASP 24) : 15.8489
Side Chain Topographical Entropy from corr. pLogP method (GLY 25) : -0.0000
Side Chain Topographical Entropy from corr. pLogP method (ALA 26) : -0.0000
Side Chain Topographical Entropy from corr. pLogP method (LEU 27) : 11.0253
Side Chain Topographical Entropy from corr. pLogP method (THR 28) : 8.5646
Side Chain Topographical Entropy from corr. pLogP method (GLY 29) : -0.0000
Side Chain Topographical Entropy from corr. pLogP method (THR 30) : 7.4277
Side Chain Topographical Entropy from corr. pLogP method (TYR 31) : 17.7219
Side Chain Topographical Entropy from corr. pLogP method (GLU 32) : 17.5427
Side Chain Topographical Entropy from corr. pLogP method (SER 33) : 6.7256
Side Chain Topographical Entropy from corr. pLogP method (ALA 34) : -0.0000
Side Chain Topographical Entropy from corr. pLogP method (VAL 35) : 7.4106
Side Chain Topographical Entropy from corr. pLogP method (GLY 36) : -0.0000
Side Chain Topographical Entropy from corr. pLogP method (ASN 37) : 12.9760
Side Chain Topographical Entropy from corr. pLogP method (ALA 38) : -0.0000
Side Chain Topographical Entropy from corr. pLogP method (GLU 39) : 21.7763
Side Chain Topographical Entropy from corr. pLogP method (SER 40) : 5.2983
Side Chain Topographical Entropy from corr. pLogP method (ARG 41) : 9.3766
Side Chain Topographical Entropy from corr. pLogP method (TYR 42) : 7.8854
Side Chain Topographical Entropy from corr. pLogP method (VAL 43) : 2.5005
Side Chain Topographical Entropy from corr. pLogP method (LEU 44) : 3.3425
Side Chain Topographical Entropy from corr. pLogP method (THR 45) : 6.9718
Side Chain Topographical Entropy from corr. pLogP method (GLY 46) : -0.0000
Side Chain Topographical Entropy from corr. pLogP method (ARG 47) : 12.4255
Side Chain Topographical Entropy from corr. pLogP method (TYR 48) : 7.9665
Side Chain Topographical Entropy from corr. pLogP method (ASP 49) : 8.7439
Side Chain Topographical Entropy from corr. pLogP method (SER 50) : 2.5261
Side Chain Topographical Entropy from corr. pLogP method (ALA 51) : -0.0000
Side Chain Topographical Entropy from corr. pLogP method (PRO 52) : 13.7386
Side Chain Topographical Entropy from corr. pLogP method (ALA 53) : -0.0000
Side Chain Topographical Entropy from corr. pLogP method (THR 54) : 7.7676
Side Chain Topographical Entropy from corr. pLogP method (ASP 55) : 16.0099
Side Chain Topographical Entropy from corr. pLogP method (GLY 56) : -0.0000
Side Chain Topographical Entropy from corr. pLogP method (SER 57) : 7.1388
Side Chain Topographical Entropy from corr. pLogP method (GLY 58) : -0.0000
Side Chain Topographical Entropy from corr. pLogP method (THR 59) : 1.4321
Side Chain Topographical Entropy from corr. pLogP method (ALA 60) : -0.0000
Side Chain Topographical Entropy from corr. pLogP method (LEU 61) : 5.4028
Side Chain Topographical Entropy from corr. pLogP method (GLY 62) : -0.0000
Side Chain Topographical Entropy from corr. pLogP method (TRP 63) : 6.6786
Side Chain Topographical Entropy from corr. pLogP method (THR 64) : 1.3297
Side Chain Topographical Entropy from corr. pLogP method (VAL 65) : 2.2420
Side Chain Topographical Entropy from corr. pLogP method (ALA 66) : -0.0000
Side Chain Topographical Entropy from corr. pLogP method (TRP 67) : 10.1713
Side Chain Topographical Entropy from corr. pLogP method (LYS 68) : 16.0402
Side Chain Topographical Entropy from corr. pLogP method (ASN 69) : 7.3028
Side Chain Topographical Entropy from corr. pLogP method (ASN 70) : 14.5583
Side Chain Topographical Entropy from corr. pLogP method (TYR 71) : 13.3683
Side Chain Topographical Entropy from corr. pLogP method (ARG 72) : 14.5003
Side Chain Topographical Entropy from corr. pLogP method (ASN 73) : 3.1045
Side Chain Topographical Entropy from corr. pLogP method (ALA 74) : -0.0000
Side Chain Topographical Entropy from corr. pLogP method (HID 75) : 6.0829
Side Chain Topographical Entropy from corr. pLogP method (SER 76) : 4.6506
Side Chain Topographical Entropy from corr. pLogP method (ALA 77) : -0.0000
Side Chain Topographical Entropy from corr. pLogP method (THR 78) : 1.6117
Side Chain Topographical Entropy from corr. pLogP method (THR 79) : 5.0933
Side Chain Topographical Entropy from corr. pLogP method (TRP 80) : 8.2073
Side Chain Topographical Entropy from corr. pLogP method (SER 81) : 1.0468
Side Chain Topographical Entropy from corr. pLogP method (GLY 82) : -0.0000
Side Chain Topographical Entropy from corr. pLogP method (GLN 83) : 8.6637
Side Chain Topographical Entropy from corr. pLogP method (TYR 84) : 3.4350
Side Chain Topographical Entropy from corr. pLogP method (VAL 85) : 2.3974
Side Chain Topographical Entropy from corr. pLogP method (GLY 86) : -0.0000
Side Chain Topographical Entropy from corr. pLogP method (GLY 87) : -0.0000
Side Chain Topographical Entropy from corr. pLogP method (ALA 88) : -0.0000
Side Chain Topographical Entropy from corr. pLogP method (GLU 89) : 20.7728
Side Chain Topographical Entropy from corr. pLogP method (ALA 90) : -0.0000
Side Chain Topographical Entropy from corr. pLogP method (ARG 91) : 10.4840
Side Chain Topographical Entropy from corr. pLogP method (ILE 92) : 2.8465
Side Chain Topographical Entropy from corr. pLogP method (ASN 93) : 6.1642
Side Chain Topographical Entropy from corr. pLogP method (THR 94) : 1.7844
Side Chain Topographical Entropy from corr. pLogP method (GLN 95) : 7.1440
Side Chain Topographical Entropy from corr. pLogP method (TRP 96) : 6.5096
Side Chain Topographical Entropy from corr. pLogP method (LEU 97) : 2.5968
Side Chain Topographical Entropy from corr. pLogP method (LEU 98) : 3.6380
Side Chain Topographical Entropy from corr. pLogP method (THR 99) : 1.2604
Side Chain Topographical Entropy from corr. pLogP method (SER 100) : 8.1937
Side Chain Topographical Entropy from corr. pLogP method (GLY 101) : -0.0000
Side Chain Topographical Entropy from corr. pLogP method (THR 102) : 7.8362
Side Chain Topographical Entropy from corr. pLogP method (THR 103) : 4.0205
Side Chain Topographical Entropy from corr. pLogP method (GLU 104) : 23.8769
Side Chain Topographical Entropy from corr. pLogP method (ALA 105) : -0.0000
Side Chain Topographical Entropy from corr. pLogP method (ASN 106) : 7.7566
Side Chain Topographical Entropy from corr. pLogP method (ALA 107) : -0.0000
Side Chain Topographical Entropy from corr. pLogP method (TRP 108) : 13.9243
Side Chain Topographical Entropy from corr. pLogP method (LYS 109) : 16.2528
Side Chain Topographical Entropy from corr. pLogP method (SER 110) : 6.3926
Side Chain Topographical Entropy from corr. pLogP method (THR 111) : 1.3381
Side Chain Topographical Entropy from corr. pLogP method (LEU 112) : 3.6011
Side Chain Topographical Entropy from corr. pLogP method (VAL 113) : 1.2676
Side Chain Topographical Entropy from corr. pLogP method (GLY 114) : -0.0000
Side Chain Topographical Entropy from corr. pLogP method (HID 115) : 4.8492
Side Chain Topographical Entropy from corr. pLogP method (ASP 116) : 10.3220
Side Chain Topographical Entropy from corr. pLogP method (THR 117) : 2.2274
Side Chain Topographical Entropy from corr. pLogP method (PHE 118) : 9.7818
Side Chain Topographical Entropy from corr. pLogP method (THR 119) : 5.6756
Side Chain Topographical Entropy from corr. pLogP method (LYS 120) : 11.3807
Side Chain Topographical Entropy from corr. pLogP method (VAL 121) : 2.7901
Side Chain Topographical Entropy from corr. pLogP method (LYS 122) : 25.5954
Side Chain Topographical Entropy from corr. pLogP method (PRO 123) : 16.9210
Side Chain Topographical Entropy from corr. pLogP method (SER 124) : 6.0552
Side Chain Topographical Entropy from corr. pLogP method (ALA 125) : -0.0000
Side Chain Topographical Entropy from corr. pLogP method (ALA 126) : -0.0000
Side Chain Topographical Entropy from corr. pLogP method (CSER 127) : 6.8488
____________________________________________________________
Total SC Topog. Entropy (corr. pLogP)    :         766.370
------------------------------------------------------------
____________________________________________________________
Total BB Topog. Entropy (corr. pLogP)    :          54.448
------------------------------------------------------------
____________________________________________________________
Total Entropy                            :         820.818
------------------------------------------------------------
------------------------------------------------------------
Topographical entropy of residue side chains 
computed using all the dihedrals with correlation/pLogp formalism
------------------------------------------------------------
Side Chain Topographical Entropy from corr. pLogP method (NALA 1) : -0.0000
Side Chain Topographical Entropy from corr. pLogP method (GLU 2) : 22.3003
Side Chain Topographical Entropy from corr. pLogP method (ALA 3) : -0.0000
Side Chain Topographical Entropy from corr. pLogP method (GLY 4) : -0.0000
Side Chain Topographical Entropy from corr. pLogP method (ILE 5) : 10.9007
Side Chain Topographical Entropy from corr. pLogP method (THR 6) : 1.2619
Side Chain Topographical Entropy from corr. pLogP method (GLY 7) : -0.0000
Side Chain Topographical Entropy from corr. pLogP method (THR 8) : 4.4842
Side Chain Topographical Entropy from corr. pLogP method (TRP 9) : 8.5933
Side Chain Topographical Entropy from corr. pLogP method (TYR 10) : 12.0967
Side Chain Topographical Entropy from corr. pLogP method (ALA 11) : -0.0000
Side Chain Topographical Entropy from corr. pLogP method (GLN 12) : 22.1679
Side Chain Topographical Entropy from corr. pLogP method (LEU 13) : 10.6951
Side Chain Topographical Entropy from corr. pLogP method (GLY 14) : -0.0000
Side Chain Topographical Entropy from corr. pLogP method (SER 15) : 5.6819
Side Chain Topographical Entropy from corr. pLogP method (THR 16) : 8.2238
Side Chain Topographical Entropy from corr. pLogP method (PHE 17) : 13.9016
Side Chain Topographical Entropy from corr. pLogP method (ILE 18) : 9.2313
Side Chain Topographical Entropy from corr. pLogP method (VAL 19) : 6.7735
Side Chain Topographical Entropy from corr. pLogP method (THR 20) : 7.4658
Side Chain Topographical Entropy from corr. pLogP method (ALA 21) : -0.0000
Side Chain Topographical Entropy from corr. pLogP method (GLY 22) : -0.0000
Side Chain Topographical Entropy from corr. pLogP method (ALA 23) : -0.0000
Side Chain Topographical Entropy from corr. pLogP method (ASP 24) : 13.8126
Side Chain Topographical Entropy from corr. pLogP method (GLY 25) : -0.0000
Side Chain Topographical Entropy from corr. pLogP method (ALA 26) : -0.0000
Side Chain Topographical Entropy from corr. pLogP method (LEU 27) : 10.5553
Side Chain Topographical Entropy from corr. pLogP method (THR 28) : 8.2115
Side Chain Topographical Entropy from corr. pLogP method (GLY 29) : -0.0000
Side Chain Topographical Entropy from corr. pLogP method (THR 30) : 8.1306
Side Chain Topographical Entropy from corr. pLogP method (TYR 31) : 18.4218
Side Chain Topographical Entropy from corr. pLogP method (GLU 32) : 14.0681
Side Chain Topographical Entropy from corr. pLogP method (SER 33) : 8.9609
Side Chain Topographical Entropy from corr. pLogP method (ALA 34) : -0.0000
Side Chain Topographical Entropy from corr. pLogP method (VAL 35) : 8.7199
Side Chain Topographical Entropy from corr. pLogP method (GLY 36) : -0.0000
Side Chain Topographical Entropy from corr. pLogP method (ASN 37) : 16.3117
Side Chain Topographical Entropy from corr. pLogP method (ALA 38) : -0.0000
Side Chain Topographical Entropy from corr. pLogP method (GLU 39) : 22.5316
Side Chain Topographical Entropy from corr. pLogP method (SER 40) : 6.4237
Side Chain Topographical Entropy from corr. pLogP method (ARG 41) : 8.7160
Side Chain Topographical Entropy from corr. pLogP method (TYR 42) : 7.4171
Side Chain Topographical Entropy from corr. pLogP method (VAL 43) : 3.7635
Side Chain Topographical Entropy from corr. pLogP method (LEU 44) : 9.7720
Side Chain Topographical Entropy from corr. pLogP method (THR 45) : 6.7471
Side Chain Topographical Entropy from corr. pLogP method (GLY 46) : -0.0000
Side Chain Topographical Entropy from corr. pLogP method (ARG 47) : 4.8122
Side Chain Topographical Entropy from corr. pLogP method (TYR 48) : 13.0399
Side Chain Topographical Entropy from corr. pLogP method (ASP 49) : 10.9303
Side Chain Topographical Entropy from corr. pLogP method (SER 50) : 5.5265
Side Chain Topographical Entropy from corr. pLogP method (ALA 51) : -0.0000
Side Chain Topographical Entropy from corr. pLogP method (PRO 52) : 14.9263
Side Chain Topographical Entropy from corr. pLogP method (ALA 53) : -0.0000
Side Chain Topographical Entropy from corr. pLogP method (THR 54) : 7.5280
Side Chain Topographical Entropy from corr. pLogP method (ASP 55) : 17.0554
Side Chain Topographical Entropy from corr. pLogP method (GLY 56) : -0.0000
Side Chain Topographical Entropy from corr. pLogP method (SER 57) : 8.7805
Side Chain Topographical Entropy from corr. pLogP method (GLY 58) : -0.0000
Side Chain Topographical Entropy from corr. pLogP method (THR 59) : 2.7495
Side Chain Topographical Entropy from corr. pLogP method (ALA 60) : -0.0000
Side Chain Topographical Entropy from corr. pLogP method (LEU 61) : 9.2224
Side Chain Topographical Entropy from corr. pLogP method (GLY 62) : -0.0000
Side Chain Topographical Entropy from corr. pLogP method (TRP 63) : 7.4660
Side Chain Topographical Entropy from corr. pLogP method (THR 64) : 2.2496
Side Chain Topographical Entropy from corr. pLogP method (VAL 65) : 2.4037
Side Chain Topographical Entropy from corr. pLogP method (ALA 66) : -0.0000
Side Chain Topographical Entropy from corr. pLogP method (TRP 67) : 8.1022
Side Chain Topographical Entropy from corr. pLogP method (LYS 68) : 16.3113
Side Chain Topographical Entropy from corr. pLogP method (ASN 69) : 8.2937
Side Chain Topographical Entropy from corr. pLogP method (ASN 70) : 15.0825
Side Chain Topographical Entropy from corr. pLogP method (TYR 71) : 16.2788
Side Chain Topographical Entropy from corr. pLogP method (ARG 72) : 18.0707
Side Chain Topographical Entropy from corr. pLogP method (ASN 73) : 9.7068
Side Chain Topographical Entropy from corr. pLogP method (ALA 74) : -0.0000
Side Chain Topographical Entropy from corr. pLogP method (HID 75) : 7.8254
Side Chain Topographical Entropy from corr. pLogP method (SER 76) : 4.4491
Side Chain Topographical Entropy from corr. pLogP method (ALA 77) : -0.0000
Side Chain Topographical Entropy from corr. pLogP method (THR 78) : 2.0524
Side Chain Topographical Entropy from corr. pLogP method (THR 79) : 2.0315
Side Chain Topographical Entropy from corr. pLogP method (TRP 80) : 11.1980
Side Chain Topographical Entropy from corr. pLogP method (SER 81) : 2.4128
Side Chain Topographical Entropy from corr. pLogP method (GLY 82) : -0.0000
Side Chain Topographical Entropy from corr. pLogP method (GLN 83) : 16.3849
Side Chain Topographical Entropy from corr. pLogP method (TYR 84) : 6.4304
Side Chain Topographical Entropy from corr. pLogP method (VAL 85) : 4.6059
Side Chain Topographical Entropy from corr. pLogP method (GLY 86) : -0.0000
Side Chain Topographical Entropy from corr. pLogP method (GLY 87) : -0.0000
Side Chain Topographical Entropy from corr. pLogP method (ALA 88) : -0.0000
Side Chain Topographical Entropy from corr. pLogP method (GLU 89) : 21.6526
Side Chain Topographical Entropy from corr. pLogP method (ALA 90) : -0.0000
Side Chain Topographical Entropy from corr. pLogP method (ARG 91) : 13.5554
Side Chain Topographical Entropy from corr. pLogP method (ILE 92) : 5.2379
Side Chain Topographical Entropy from corr. pLogP method (ASN 93) : 7.9964
Side Chain Topographical Entropy from corr. pLogP method (THR 94) : 5.9345
Side Chain Topographical Entropy from corr. pLogP method (GLN 95) : 13.8905
Side Chain Topographical Entropy from corr. pLogP method (TRP 96) : 8.8105
Side Chain Topographical Entropy from corr. pLogP method (LEU 97) : 2.6805
Side Chain Topographical Entropy from corr. pLogP method (LEU 98) : 3.6224
Side Chain Topographical Entropy from corr. pLogP method (THR 99) : 1.9131
Side Chain Topographical Entropy from corr. pLogP method (SER 100) : 7.9567
Side Chain Topographical Entropy from corr. pLogP method (GLY 101) : -0.0000
Side Chain Topographical Entropy from corr. pLogP method (THR 102) : 5.6929
Side Chain Topographical Entropy from corr. pLogP method (THR 103) : 5.5296
Side Chain Topographical Entropy from corr. pLogP method (GLU 104) : 23.4832
Side Chain Topographical Entropy from corr. pLogP method (ALA 105) : -0.0000
Side Chain Topographical Entropy from corr. pLogP method (ASN 106) : 6.9614
Side Chain Topographical Entropy from corr. pLogP method (ALA 107) : -0.0000
Side Chain Topographical Entropy from corr. pLogP method (TRP 108) : 7.7646
Side Chain Topographical Entropy from corr. pLogP method (LYS 109) : 18.0610
Side Chain Topographical Entropy from corr. pLogP method (SER 110) : 2.8918
Side Chain Topographical Entropy from corr. pLogP method (THR 111) : 0.8469
Side Chain Topographical Entropy from corr. pLogP method (LEU 112) : 3.2365
Side Chain Topographical Entropy from corr. pLogP method (VAL 113) : 1.2515
Side Chain Topographical Entropy from corr. pLogP method (GLY 114) : -0.0000
Side Chain Topographical Entropy from corr. pLogP method (HID 115) : 6.4750
Side Chain Topographical Entropy from corr. pLogP method (ASP 116) : 11.5487
Side Chain Topographical Entropy from corr. pLogP method (THR 117) : 7.0350
Side Chain Topographical Entropy from corr. pLogP method (PHE 118) : 14.0301
Side Chain Topographical Entropy from corr. pLogP method (THR 119) : 5.0893
Side Chain Topographical Entropy from corr. pLogP method (LYS 120) : 11.8488
Side Chain Topographical Entropy from corr. pLogP method (VAL 121) : 1.3927
Side Chain Topographical Entropy from corr. pLogP method (LYS 122) : 26.1907
Side Chain Topographical Entropy from corr. pLogP method (PRO 123) : 18.7703
Side Chain Topographical Entropy from corr. pLogP method (SER 124) : 7.3753
Side Chain Topographical Entropy from corr. pLogP method (ALA 125) : -0.0000
Side Chain Topographical Entropy from corr. pLogP method (ALA 126) : -0.0000
Side Chain Topographical Entropy from corr. pLogP method (CSER 127) : 5.6582
____________________________________________________________
Total SC Topog. Entropy (corr. pLogP)    :         856.652
------------------------------------------------------------
____________________________________________________________
Total BB Topog. Entropy (corr. pLogP)    :          54.659
------------------------------------------------------------
____________________________________________________________
Total Entropy                            :         911.311
------------------------------------------------------------
