------------------------------------------------------------
Topographical entropy of residue side chains 
computed using all the dihedrals with AEM method
------------------------------------------------------------
Residue Topographical Entropy from AEM (NALA 1) : 2.0602
Residue Topographical Entropy from AEM (GLU 2) : 24.0424
Residue Topographical Entropy from AEM (ALA 3) : -0.0000
Residue Topographical Entropy from AEM (GLY 4) : -0.0000
Residue Topographical Entropy from AEM (ILE 5) : 1.4136
Residue Topographical Entropy from AEM (THR 6) : 0.7171
Residue Topographical Entropy from AEM (GLY 7) : -0.0000
Residue Topographical Entropy from AEM (THR 8) : 3.4007
Residue Topographical Entropy from AEM (TRP 9) : 33.7485
Residue Topographical Entropy from AEM (TYR 10) : 28.7652
Residue Topographical Entropy from AEM (ALA 11) : -0.0000
Residue Topographical Entropy from AEM (GLN 12) : 18.5227
Residue Topographical Entropy from AEM (LEU 13) : 4.3600
Residue Topographical Entropy from AEM (GLY 14) : -0.0000
Residue Topographical Entropy from AEM (SER 15) : 0.3360
Residue Topographical Entropy from AEM (THR 16) : 0.7287
Residue Topographical Entropy from AEM (PHE 17) : 24.6395
Residue Topographical Entropy from AEM (ILE 18) : 4.3554
Residue Topographical Entropy from AEM (VAL 19) : 3.9012
Residue Topographical Entropy from AEM (THR 20) : 6.8002
Residue Topographical Entropy from AEM (ALA 21) : -0.0000
Residue Topographical Entropy from AEM (GLY 22) : -0.0000
Residue Topographical Entropy from AEM (ALA 23) : -0.0000
Residue Topographical Entropy from AEM (ASP 24) : 12.3228
Residue Topographical Entropy from AEM (GLY 25) : -0.0000
Residue Topographical Entropy from AEM (ALA 26) : -0.0000
Residue Topographical Entropy from AEM (LEU 27) : 9.1072
Residue Topographical Entropy from AEM (THR 28) : 8.7398
Residue Topographical Entropy from AEM (GLY 29) : -0.0000
Residue Topographical Entropy from AEM (THR 30) : 4.3942
Residue Topographical Entropy from AEM (TYR 31) : 24.6874
Residue Topographical Entropy from AEM (GLU 32) : 7.8794
Residue Topographical Entropy from AEM (SER 33) : 6.1520
Residue Topographical Entropy from AEM (ALA 34) : -0.0000
Residue Topographical Entropy from AEM (VAL 35) : 6.2517
Residue Topographical Entropy from AEM (GLY 36) : -0.0000
Residue Topographical Entropy from AEM (ASN 37) : 8.4101
Residue Topographical Entropy from AEM (ALA 38) : -0.0000
Residue Topographical Entropy from AEM (GLU 39) : 23.1259
Residue Topographical Entropy from AEM (SER 40) : 5.7879
Residue Topographical Entropy from AEM (ARG 41) : 3.9733
Residue Topographical Entropy from AEM (TYR 42) : 24.8848
Residue Topographical Entropy from AEM (VAL 43) : 1.1373
Residue Topographical Entropy from AEM (LEU 44) : 0.5654
Residue Topographical Entropy from AEM (THR 45) : 6.6711
Residue Topographical Entropy from AEM (GLY 46) : -0.0000
Residue Topographical Entropy from AEM (ARG 47) : -0.0000
Residue Topographical Entropy from AEM (TYR 48) : -0.0000
Residue Topographical Entropy from AEM (ASP 49) : 4.0306
Residue Topographical Entropy from AEM (SER 50) : 1.0862
Residue Topographical Entropy from AEM (ALA 51) : -0.0000
Residue Topographical Entropy from AEM (PRO 52) : 6.0915
Residue Topographical Entropy from AEM (ALA 53) : -0.0000
Residue Topographical Entropy from AEM (THR 54) : 6.4647
Residue Topographical Entropy from AEM (ASP 55) : 7.3059
Residue Topographical Entropy from AEM (GLY 56) : -0.0000
Residue Topographical Entropy from AEM (SER 57) : 2.2478
Residue Topographical Entropy from AEM (GLY 58) : -0.0000
Residue Topographical Entropy from AEM (THR 59) : 3.6702
Residue Topographical Entropy from AEM (ALA 60) : -0.0000
Residue Topographical Entropy from AEM (LEU 61) : 4.7410
Residue Topographical Entropy from AEM (GLY 62) : -0.0000
Residue Topographical Entropy from AEM (TRP 63) : -0.0000
Residue Topographical Entropy from AEM (THR 64) : 1.5950
Residue Topographical Entropy from AEM (VAL 65) : 0.1570
Residue Topographical Entropy from AEM (ALA 66) : -0.0000
Residue Topographical Entropy from AEM (TRP 67) : 42.1224
Residue Topographical Entropy from AEM (LYS 68) : 13.3645
Residue Topographical Entropy from AEM (ASN 69) : 1.6110
Residue Topographical Entropy from AEM (ASN 70) : 14.4244
Residue Topographical Entropy from AEM (TYR 71) : 29.7241
Residue Topographical Entropy from AEM (ARG 72) : 14.7758
Residue Topographical Entropy from AEM (ASN 73) : 3.1600
Residue Topographical Entropy from AEM (ALA 74) : -0.0000
Residue Topographical Entropy from AEM (HID 75) : 19.8054
Residue Topographical Entropy from AEM (SER 76) : 3.6899
Residue Topographical Entropy from AEM (ALA 77) : -0.0000
Residue Topographical Entropy from AEM (THR 78) : 0.1758
Residue Topographical Entropy from AEM (THR 79) : 0.9143
Residue Topographical Entropy from AEM (TRP 80) : 18.6320
Residue Topographical Entropy from AEM (SER 81) : -0.0000
Residue Topographical Entropy from AEM (GLY 82) : -0.0000
Residue Topographical Entropy from AEM (GLN 83) : 4.4671
Residue Topographical Entropy from AEM (TYR 84) : 23.6550
Residue Topographical Entropy from AEM (VAL 85) : 1.3140
Residue Topographical Entropy from AEM (GLY 86) : -0.0000
Residue Topographical Entropy from AEM (GLY 87) : -0.0000
Residue Topographical Entropy from AEM (ALA 88) : -0.0000
Residue Topographical Entropy from AEM (GLU 89) : 20.8822
Residue Topographical Entropy from AEM (ALA 90) : -0.0000
Residue Topographical Entropy from AEM (ARG 91) : 10.8648
Residue Topographical Entropy from AEM (ILE 92) : 0.0104
Residue Topographical Entropy from AEM (ASN 93) : 7.5012
Residue Topographical Entropy from AEM (THR 94) : 5.6073
Residue Topographical Entropy from AEM (GLN 95) : 0.8028
Residue Topographical Entropy from AEM (TRP 96) : -0.0000
Residue Topographical Entropy from AEM (LEU 97) : 0.5934
Residue Topographical Entropy from AEM (LEU 98) : 1.5876
Residue Topographical Entropy from AEM (THR 99) : -0.0000
Residue Topographical Entropy from AEM (SER 100) : 7.7643
Residue Topographical Entropy from AEM (GLY 101) : -0.0000
Residue Topographical Entropy from AEM (THR 102) : 3.5362
Residue Topographical Entropy from AEM (THR 103) : 0.3641
Residue Topographical Entropy from AEM (GLU 104) : 23.4358
Residue Topographical Entropy from AEM (ALA 105) : -0.0000
Residue Topographical Entropy from AEM (ASN 106) : 2.1790
Residue Topographical Entropy from AEM (ALA 107) : -0.0000
Residue Topographical Entropy from AEM (TRP 108) : 19.2641
Residue Topographical Entropy from AEM (LYS 109) : 12.2320
Residue Topographical Entropy from AEM (SER 110) : 0.5723
Residue Topographical Entropy from AEM (THR 111) : -0.0000
Residue Topographical Entropy from AEM (LEU 112) : 2.3093
Residue Topographical Entropy from AEM (VAL 113) : 0.0193
Residue Topographical Entropy from AEM (GLY 114) : -0.0000
Residue Topographical Entropy from AEM (HID 115) : 16.6536
Residue Topographical Entropy from AEM (ASP 116) : 4.2288
Residue Topographical Entropy from AEM (THR 117) : 2.4450
Residue Topographical Entropy from AEM (PHE 118) : 23.6146
Residue Topographical Entropy from AEM (THR 119) : 3.5450
Residue Topographical Entropy from AEM (LYS 120) : 14.5866
Residue Topographical Entropy from AEM (VAL 121) : 4.6214
Residue Topographical Entropy from AEM (LYS 122) : 25.0893
Residue Topographical Entropy from AEM (PRO 123) : 7.8093
Residue Topographical Entropy from AEM (SER 124) : 7.8884
Residue Topographical Entropy from AEM (ALA 125) : -0.0000
Residue Topographical Entropy from AEM (ALA 126) : -0.0000
Residue Topographical Entropy from AEM (CSER 127) : 1.6113
____________________________________________________________
Total Topog. Entropy (AEM)               :         772.727
------------------------------------------------------------
____________________________________________________________
Total Entropy                            :         772.727
------------------------------------------------------------
------------------------------------------------------------
Topographical entropy of residue side chains 
computed using all the dihedrals with AEM method
------------------------------------------------------------
Residue Topographical Entropy from AEM (NALA 1) : 1.1633
Residue Topographical Entropy from AEM (GLU 2) : 23.3819
Residue Topographical Entropy from AEM (ALA 3) : -0.0000
Residue Topographical Entropy from AEM (GLY 4) : -0.0000
Residue Topographical Entropy from AEM (ILE 5) : 0.9957
Residue Topographical Entropy from AEM (THR 6) : 6.3226
Residue Topographical Entropy from AEM (GLY 7) : -0.0000
Residue Topographical Entropy from AEM (THR 8) : 0.8139
Residue Topographical Entropy from AEM (TRP 9) : 37.9364
Residue Topographical Entropy from AEM (TYR 10) : 28.3232
Residue Topographical Entropy from AEM (ALA 11) : -0.0000
Residue Topographical Entropy from AEM (GLN 12) : 21.5519
Residue Topographical Entropy from AEM (LEU 13) : 2.1263
Residue Topographical Entropy from AEM (GLY 14) : -0.0000
Residue Topographical Entropy from AEM (SER 15) : 4.4708
Residue Topographical Entropy from AEM (THR 16) : 4.1912
Residue Topographical Entropy from AEM (PHE 17) : 34.5857
Residue Topographical Entropy from AEM (ILE 18) : 9.2505
Residue Topographical Entropy from AEM (VAL 19) : 5.6924
Residue Topographical Entropy from AEM (THR 20) : 7.4417
Residue Topographical Entropy from AEM (ALA 21) : -0.0000
Residue Topographical Entropy from AEM (GLY 22) : -0.0000
Residue Topographical Entropy from AEM (ALA 23) : -0.0000
Residue Topographical Entropy from AEM (ASP 24) : 10.2508
Residue Topographical Entropy from AEM (GLY 25) : -0.0000
Residue Topographical Entropy from AEM (ALA 26) : -0.0000
Residue Topographical Entropy from AEM (LEU 27) : 9.1700
Residue Topographical Entropy from AEM (THR 28) : 8.6087
Residue Topographical Entropy from AEM (GLY 29) : -0.0000
Residue Topographical Entropy from AEM (THR 30) : 6.9679
Residue Topographical Entropy from AEM (TYR 31) : 27.3541
Residue Topographical Entropy from AEM (GLU 32) : 10.8516
Residue Topographical Entropy from AEM (SER 33) : 6.6486
Residue Topographical Entropy from AEM (ALA 34) : -0.0000
Residue Topographical Entropy from AEM (VAL 35) : 4.0951
Residue Topographical Entropy from AEM (GLY 36) : -0.0000
Residue Topographical Entropy from AEM (ASN 37) : 9.0411
Residue Topographical Entropy from AEM (ALA 38) : -0.0000
Residue Topographical Entropy from AEM (GLU 39) : 24.1852
Residue Topographical Entropy from AEM (SER 40) : 4.7177
Residue Topographical Entropy from AEM (ARG 41) : 11.0389
Residue Topographical Entropy from AEM (TYR 42) : 27.3502
Residue Topographical Entropy from AEM (VAL 43) : 2.0613
Residue Topographical Entropy from AEM (LEU 44) : 0.8388
Residue Topographical Entropy from AEM (THR 45) : 5.3738
Residue Topographical Entropy from AEM (GLY 46) : -0.0000
Residue Topographical Entropy from AEM (ARG 47) : 1.2881
Residue Topographical Entropy from AEM (TYR 48) : 27.2620
Residue Topographical Entropy from AEM (ASP 49) : 1.0631
Residue Topographical Entropy from AEM (SER 50) : 4.4155
Residue Topographical Entropy from AEM (ALA 51) : -0.0000
Residue Topographical Entropy from AEM (PRO 52) : 8.2122
Residue Topographical Entropy from AEM (ALA 53) : -0.0000
Residue Topographical Entropy from AEM (THR 54) : 8.4892
Residue Topographical Entropy from AEM (ASP 55) : 12.8656
Residue Topographical Entropy from AEM (GLY 56) : -0.0000
Residue Topographical Entropy from AEM (SER 57) : 8.9547
Residue Topographical Entropy from AEM (GLY 58) : -0.0000
Residue Topographical Entropy from AEM (THR 59) : 1.1679
Residue Topographical Entropy from AEM (ALA 60) : -0.0000
Residue Topographical Entropy from AEM (LEU 61) : 5.0080
Residue Topographical Entropy from AEM (GLY 62) : -0.0000
Residue Topographical Entropy from AEM (TRP 63) : 40.8230
Residue Topographical Entropy from AEM (THR 64) : 0.1135
Residue Topographical Entropy from AEM (VAL 65) : 0.1003
Residue Topographical Entropy from AEM (ALA 66) : -0.0000
Residue Topographical Entropy from AEM (TRP 67) : 36.9701
Residue Topographical Entropy from AEM (LYS 68) : 17.8152
Residue Topographical Entropy from AEM (ASN 69) : 1.2528
Residue Topographical Entropy from AEM (ASN 70) : 14.5951
Residue Topographical Entropy from AEM (TYR 71) : 24.9038
Residue Topographical Entropy from AEM (ARG 72) : 13.1201
Residue Topographical Entropy from AEM (ASN 73) : 11.4053
Residue Topographical Entropy from AEM (ALA 74) : -0.0000
Residue Topographical Entropy from AEM (HID 75) : 22.8149
Residue Topographical Entropy from AEM (SER 76) : 3.7259
Residue Topographical Entropy from AEM (ALA 77) : -0.0000
Residue Topographical Entropy from AEM (THR 78) : 0.5724
Residue Topographical Entropy from AEM (THR 79) : 2.7860
Residue Topographical Entropy from AEM (TRP 80) : 41.1922
Residue Topographical Entropy from AEM (SER 81) : 1.0777
Residue Topographical Entropy from AEM (GLY 82) : -0.0000
Residue Topographical Entropy from AEM (GLN 83) : 9.2971
Residue Topographical Entropy from AEM (TYR 84) : 29.7955
Residue Topographical Entropy from AEM (VAL 85) : 3.6477
Residue Topographical Entropy from AEM (GLY 86) : -0.0000
Residue Topographical Entropy from AEM (GLY 87) : -0.0000
Residue Topographical Entropy from AEM (ALA 88) : -0.0000
Residue Topographical Entropy from AEM (GLU 89) : 17.6673
Residue Topographical Entropy from AEM (ALA 90) : -0.0000
Residue Topographical Entropy from AEM (ARG 91) : 13.5315
Residue Topographical Entropy from AEM (ILE 92) : 2.0849
Residue Topographical Entropy from AEM (ASN 93) : 7.4863
Residue Topographical Entropy from AEM (THR 94) : 3.3935
Residue Topographical Entropy from AEM (GLN 95) : 11.6828
Residue Topographical Entropy from AEM (TRP 96) : 37.6979
Residue Topographical Entropy from AEM (LEU 97) : 3.0675
Residue Topographical Entropy from AEM (LEU 98) : 4.7709
Residue Topographical Entropy from AEM (THR 99) : 2.4328
Residue Topographical Entropy from AEM (SER 100) : 7.7312
Residue Topographical Entropy from AEM (GLY 101) : -0.0000
Residue Topographical Entropy from AEM (THR 102) : 5.7695
Residue Topographical Entropy from AEM (THR 103) : 4.0191
Residue Topographical Entropy from AEM (GLU 104) : 25.9931
Residue Topographical Entropy from AEM (ALA 105) : -0.0000
Residue Topographical Entropy from AEM (ASN 106) : 4.7302
Residue Topographical Entropy from AEM (ALA 107) : -0.0000
Residue Topographical Entropy from AEM (TRP 108) : 42.1119
Residue Topographical Entropy from AEM (LYS 109) : 17.1533
Residue Topographical Entropy from AEM (SER 110) : 5.4444
Residue Topographical Entropy from AEM (THR 111) : 1.2957
Residue Topographical Entropy from AEM (LEU 112) : 4.2682
Residue Topographical Entropy from AEM (VAL 113) : 2.3757
Residue Topographical Entropy from AEM (GLY 114) : -0.0000
Residue Topographical Entropy from AEM (HID 115) : 19.6681
Residue Topographical Entropy from AEM (ASP 116) : 6.0945
Residue Topographical Entropy from AEM (THR 117) : 7.3393
Residue Topographical Entropy from AEM (PHE 118) : 28.9051
Residue Topographical Entropy from AEM (THR 119) : 5.6920
Residue Topographical Entropy from AEM (LYS 120) : 8.0548
Residue Topographical Entropy from AEM (VAL 121) : 2.7984
Residue Topographical Entropy from AEM (LYS 122) : 24.5547
Residue Topographical Entropy from AEM (PRO 123) : 7.9704
Residue Topographical Entropy from AEM (SER 124) : 2.3561
Residue Topographical Entropy from AEM (ALA 125) : -0.0000
Residue Topographical Entropy from AEM (ALA 126) : -0.0000
Residue Topographical Entropy from AEM (CSER 127) : 6.5132
____________________________________________________________
Total Topog. Entropy (AEM)               :        1056.190
------------------------------------------------------------
____________________________________________________________
Total Entropy                            :        1056.190
------------------------------------------------------------
------------------------------------------------------------
Topographical entropy of residue side chains 
computed using all the dihedrals with AEM method
------------------------------------------------------------
Residue Topographical Entropy from AEM (NALA 1) : 1.6628
Residue Topographical Entropy from AEM (GLU 2) : 22.5825
Residue Topographical Entropy from AEM (ALA 3) : -0.0000
Residue Topographical Entropy from AEM (GLY 4) : -0.0000
Residue Topographical Entropy from AEM (ILE 5) : 3.0178
Residue Topographical Entropy from AEM (THR 6) : 0.8203
Residue Topographical Entropy from AEM (GLY 7) : -0.0000
Residue Topographical Entropy from AEM (THR 8) : 0.4106
Residue Topographical Entropy from AEM (TRP 9) : 40.4582
Residue Topographical Entropy from AEM (TYR 10) : 22.1638
Residue Topographical Entropy from AEM (ALA 11) : -0.0000
Residue Topographical Entropy from AEM (GLN 12) : 18.0025
Residue Topographical Entropy from AEM (LEU 13) : 8.0380
Residue Topographical Entropy from AEM (GLY 14) : -0.0000
Residue Topographical Entropy from AEM (SER 15) : 6.4046
Residue Topographical Entropy from AEM (THR 16) : 1.8536
Residue Topographical Entropy from AEM (PHE 17) : 32.2116
Residue Topographical Entropy from AEM (ILE 18) : 8.2345
Residue Topographical Entropy from AEM (VAL 19) : 3.7801
Residue Topographical Entropy from AEM (THR 20) : 5.8227
Residue Topographical Entropy from AEM (ALA 21) : -0.0000
Residue Topographical Entropy from AEM (GLY 22) : -0.0000
Residue Topographical Entropy from AEM (ALA 23) : -0.0000
Residue Topographical Entropy from AEM (ASP 24) : 11.4940
Residue Topographical Entropy from AEM (GLY 25) : -0.0000
Residue Topographical Entropy from AEM (ALA 26) : -0.0000
Residue Topographical Entropy from AEM (LEU 27) : 9.1538
Residue Topographical Entropy from AEM (THR 28) : 8.6002
Residue Topographical Entropy from AEM (GLY 29) : -0.0000
Residue Topographical Entropy from AEM (THR 30) : 6.7916
Residue Topographical Entropy from AEM (TYR 31) : 27.4137
Residue Topographical Entropy from AEM (GLU 32) : 8.9297
Residue Topographical Entropy from AEM (SER 33) : 5.2517
Residue Topographical Entropy from AEM (ALA 34) : -0.0000
Residue Topographical Entropy from AEM (VAL 35) : 6.0939
Residue Topographical Entropy from AEM (GLY 36) : -0.0000
Residue Topographical Entropy from AEM (ASN 37) : 8.4679
Residue Topographical Entropy from AEM (ALA 38) : -0.0000
Residue Topographical Entropy from AEM (GLU 39) : 22.4554
Residue Topographical Entropy from AEM (SER 40) : 5.6803
Residue Topographical Entropy from AEM (ARG 41) : 5.4210
Residue Topographical Entropy from AEM (TYR 42) : 26.9012
Residue Topographical Entropy from AEM (VAL 43) : 1.2841
Residue Topographical Entropy from AEM (LEU 44) : 0.4351
Residue Topographical Entropy from AEM (THR 45) : 4.8327
Residue Topographical Entropy from AEM (GLY 46) : -0.0000
Residue Topographical Entropy from AEM (ARG 47) : 0.7027
Residue Topographical Entropy from AEM (TYR 48) : 24.4444
Residue Topographical Entropy from AEM (ASP 49) : 6.6674
Residue Topographical Entropy from AEM (SER 50) : 1.5531
Residue Topographical Entropy from AEM (ALA 51) : -0.0000
Residue Topographical Entropy from AEM (PRO 52) : 6.4377
Residue Topographical Entropy from AEM (ALA 53) : -0.0000
Residue Topographical Entropy from AEM (THR 54) : 8.7128
Residue Topographical Entropy from AEM (ASP 55) : 13.1437
Residue Topographical Entropy from AEM (GLY 56) : -0.0000
Residue Topographical Entropy from AEM (SER 57) : 7.4888
Residue Topographical Entropy from AEM (GLY 58) : -0.0000
Residue Topographical Entropy from AEM (THR 59) : 5.5542
Residue Topographical Entropy from AEM (ALA 60) : -0.0000
Residue Topographical Entropy from AEM (LEU 61) : 8.4782
Residue Topographical Entropy from AEM (GLY 62) : -0.0000
Residue Topographical Entropy from AEM (TRP 63) : 32.3249
Residue Topographical Entropy from AEM (THR 64) : -0.0000
Residue Topographical Entropy from AEM (VAL 65) : 0.1003
Residue Topographical Entropy from AEM (ALA 66) : -0.0000
Residue Topographical Entropy from AEM (TRP 67) : 35.9414
Residue Topographical Entropy from AEM (LYS 68) : 13.5484
Residue Topographical Entropy from AEM (ASN 69) : 0.9267
Residue Topographical Entropy from AEM (ASN 70) : 12.2951
Residue Topographical Entropy from AEM (TYR 71) : 27.0451
Residue Topographical Entropy from AEM (ARG 72) : 14.7282
Residue Topographical Entropy from AEM (ASN 73) : 1.8391
Residue Topographical Entropy from AEM (ALA 74) : -0.0000
Residue Topographical Entropy from AEM (HID 75) : 21.4250
Residue Topographical Entropy from AEM (SER 76) : 3.8747
Residue Topographical Entropy from AEM (ALA 77) : -0.0000
Residue Topographical Entropy from AEM (THR 78) : 0.1934
Residue Topographical Entropy from AEM (THR 79) : -0.0000
Residue Topographical Entropy from AEM (TRP 80) : 35.1145
Residue Topographical Entropy from AEM (SER 81) : -0.0000
Residue Topographical Entropy from AEM (GLY 82) : -0.0000
Residue Topographical Entropy from AEM (GLN 83) : 12.4293
Residue Topographical Entropy from AEM (TYR 84) : 23.5227
Residue Topographical Entropy from AEM (VAL 85) : 1.6817
Residue Topographical Entropy from AEM (GLY 86) : -0.0000
Residue Topographical Entropy from AEM (GLY 87) : -0.0000
Residue Topographical Entropy from AEM (ALA 88) : -0.0000
Residue Topographical Entropy from AEM (GLU 89) : 21.0159
Residue Topographical Entropy from AEM (ALA 90) : -0.0000
Residue Topographical Entropy from AEM (ARG 91) : 6.6923
Residue Topographical Entropy from AEM (ILE 92) : 0.2726
Residue Topographical Entropy from AEM (ASN 93) : 5.4223
Residue Topographical Entropy from AEM (THR 94) : 4.8913
Residue Topographical Entropy from AEM (GLN 95) : 4.7476
Residue Topographical Entropy from AEM (TRP 96) : 39.7613
Residue Topographical Entropy from AEM (LEU 97) : 0.8734
Residue Topographical Entropy from AEM (LEU 98) : 2.8515
Residue Topographical Entropy from AEM (THR 99) : 0.0461
Residue Topographical Entropy from AEM (SER 100) : 8.0890
Residue Topographical Entropy from AEM (GLY 101) : -0.0000
Residue Topographical Entropy from AEM (THR 102) : 4.0979
Residue Topographical Entropy from AEM (THR 103) : 2.5406
Residue Topographical Entropy from AEM (GLU 104) : 19.5131
Residue Topographical Entropy from AEM (ALA 105) : -0.0000
Residue Topographical Entropy from AEM (ASN 106) : 2.8571
Residue Topographical Entropy from AEM (ALA 107) : -0.0000
Residue Topographical Entropy from AEM (TRP 108) : 30.7346
Residue Topographical Entropy from AEM (LYS 109) : 14.7017
Residue Topographical Entropy from AEM (SER 110) : 2.1683
Residue Topographical Entropy from AEM (THR 111) : -0.0000
Residue Topographical Entropy from AEM (LEU 112) : 2.5711
Residue Topographical Entropy from AEM (VAL 113) : -0.0000
Residue Topographical Entropy from AEM (GLY 114) : -0.0000
Residue Topographical Entropy from AEM (HID 115) : 19.3043
Residue Topographical Entropy from AEM (ASP 116) : 9.0167
Residue Topographical Entropy from AEM (THR 117) : 5.1491
Residue Topographical Entropy from AEM (PHE 118) : 26.6753
Residue Topographical Entropy from AEM (THR 119) : 4.5873
Residue Topographical Entropy from AEM (LYS 120) : 10.6466
Residue Topographical Entropy from AEM (VAL 121) : 0.9834
Residue Topographical Entropy from AEM (LYS 122) : 25.3003
Residue Topographical Entropy from AEM (PRO 123) : 7.1055
Residue Topographical Entropy from AEM (SER 124) : 2.9297
Residue Topographical Entropy from AEM (ALA 125) : -0.0000
Residue Topographical Entropy from AEM (ALA 126) : -0.0000
Residue Topographical Entropy from AEM (CSER 127) : 12.1496
____________________________________________________________
Total Topog. Entropy (AEM)               :         952.539
------------------------------------------------------------
____________________________________________________________
Total Entropy                            :         952.539
------------------------------------------------------------
------------------------------------------------------------
Topographical entropy of residue side chains 
computed using all the dihedrals with AEM method
------------------------------------------------------------
Residue Topographical Entropy from AEM (NALA 1) : 1.3025
Residue Topographical Entropy from AEM (GLU 2) : 21.1396
Residue Topographical Entropy from AEM (ALA 3) : -0.0000
Residue Topographical Entropy from AEM (GLY 4) : -0.0000
Residue Topographical Entropy from AEM (ILE 5) : 2.2645
Residue Topographical Entropy from AEM (THR 6) : 0.8232
Residue Topographical Entropy from AEM (GLY 7) : -0.0000
Residue Topographical Entropy from AEM (THR 8) : 3.6181
Residue Topographical Entropy from AEM (TRP 9) : 36.8147
Residue Topographical Entropy from AEM (TYR 10) : 27.8743
Residue Topographical Entropy from AEM (ALA 11) : -0.0000
Residue Topographical Entropy from AEM (GLN 12) : 19.0260
Residue Topographical Entropy from AEM (LEU 13) : 8.9106
Residue Topographical Entropy from AEM (GLY 14) : -0.0000
Residue Topographical Entropy from AEM (SER 15) : 6.7303
Residue Topographical Entropy from AEM (THR 16) : 2.2615
Residue Topographical Entropy from AEM (PHE 17) : 36.6126
Residue Topographical Entropy from AEM (ILE 18) : 9.0891
Residue Topographical Entropy from AEM (VAL 19) : 5.4053
Residue Topographical Entropy from AEM (THR 20) : 7.1102
Residue Topographical Entropy from AEM (ALA 21) : -0.0000
Residue Topographical Entropy from AEM (GLY 22) : -0.0000
Residue Topographical Entropy from AEM (ALA 23) : -0.0000
Residue Topographical Entropy from AEM (ASP 24) : 11.0351
Residue Topographical Entropy from AEM (GLY 25) : -0.0000
Residue Topographical Entropy from AEM (ALA 26) : -0.0000
Residue Topographical Entropy from AEM (LEU 27) : 10.2509
Residue Topographical Entropy from AEM (THR 28) : 8.8445
Residue Topographical Entropy from AEM (GLY 29) : -0.0000
Residue Topographical Entropy from AEM (THR 30) : 7.6801
Residue Topographical Entropy from AEM (TYR 31) : 34.0666
Residue Topographical Entropy from AEM (GLU 32) : 15.1155
Residue Topographical Entropy from AEM (SER 33) : 7.7164
Residue Topographical Entropy from AEM (ALA 34) : -0.0000
Residue Topographical Entropy from AEM (VAL 35) : 7.3895
Residue Topographical Entropy from AEM (GLY 36) : -0.0000
Residue Topographical Entropy from AEM (ASN 37) : 12.2937
Residue Topographical Entropy from AEM (ALA 38) : -0.0000
Residue Topographical Entropy from AEM (GLU 39) : 22.2399
Residue Topographical Entropy from AEM (SER 40) : 5.4472
Residue Topographical Entropy from AEM (ARG 41) : 8.0135
Residue Topographical Entropy from AEM (TYR 42) : 28.9398
Residue Topographical Entropy from AEM (VAL 43) : 1.9663
Residue Topographical Entropy from AEM (LEU 44) : 2.3788
Residue Topographical Entropy from AEM (THR 45) : 7.0317
Residue Topographical Entropy from AEM (GLY 46) : -0.0000
Residue Topographical Entropy from AEM (ARG 47) : 7.2065
Residue Topographical Entropy from AEM (TYR 48) : 25.0920
Residue Topographical Entropy from AEM (ASP 49) : 1.4725
Residue Topographical Entropy from AEM (SER 50) : 1.8067
Residue Topographical Entropy from AEM (ALA 51) : -0.0000
Residue Topographical Entropy from AEM (PRO 52) : 6.2228
Residue Topographical Entropy from AEM (ALA 53) : -0.0000
Residue Topographical Entropy from AEM (THR 54) : 7.4284
Residue Topographical Entropy from AEM (ASP 55) : 11.8189
Residue Topographical Entropy from AEM (GLY 56) : -0.0000
Residue Topographical Entropy from AEM (SER 57) : 6.3014
Residue Topographical Entropy from AEM (GLY 58) : -0.0000
Residue Topographical Entropy from AEM (THR 59) : 0.5081
Residue Topographical Entropy from AEM (ALA 60) : -0.0000
Residue Topographical Entropy from AEM (LEU 61) : 4.2221
Residue Topographical Entropy from AEM (GLY 62) : -0.0000
Residue Topographical Entropy from AEM (TRP 63) : 38.6393
Residue Topographical Entropy from AEM (THR 64) : 1.2855
Residue Topographical Entropy from AEM (VAL 65) : 1.2717
Residue Topographical Entropy from AEM (ALA 66) : -0.0000
Residue Topographical Entropy from AEM (TRP 67) : 38.0623
Residue Topographical Entropy from AEM (LYS 68) : 14.6789
Residue Topographical Entropy from AEM (ASN 69) : 0.8060
Residue Topographical Entropy from AEM (ASN 70) : 11.0940
Residue Topographical Entropy from AEM (TYR 71) : 29.9112
Residue Topographical Entropy from AEM (ARG 72) : 14.5877
Residue Topographical Entropy from AEM (ASN 73) : 0.6880
Residue Topographical Entropy from AEM (ALA 74) : -0.0000
Residue Topographical Entropy from AEM (HID 75) : 20.6998
Residue Topographical Entropy from AEM (SER 76) : 4.0587
Residue Topographical Entropy from AEM (ALA 77) : -0.0000
Residue Topographical Entropy from AEM (THR 78) : 0.2293
Residue Topographical Entropy from AEM (THR 79) : 6.3290
Residue Topographical Entropy from AEM (TRP 80) : 39.3712
Residue Topographical Entropy from AEM (SER 81) : 0.6453
Residue Topographical Entropy from AEM (GLY 82) : -0.0000
Residue Topographical Entropy from AEM (GLN 83) : 8.6445
Residue Topographical Entropy from AEM (TYR 84) : 27.6337
Residue Topographical Entropy from AEM (VAL 85) : 2.1532
Residue Topographical Entropy from AEM (GLY 86) : -0.0000
Residue Topographical Entropy from AEM (GLY 87) : -0.0000
Residue Topographical Entropy from AEM (ALA 88) : -0.0000
Residue Topographical Entropy from AEM (GLU 89) : 20.5052
Residue Topographical Entropy from AEM (ALA 90) : -0.0000
Residue Topographical Entropy from AEM (ARG 91) : 8.1632
Residue Topographical Entropy from AEM (ILE 92) : 1.5196
Residue Topographical Entropy from AEM (ASN 93) : 4.7718
Residue Topographical Entropy from AEM (THR 94) : 1.7959
Residue Topographical Entropy from AEM (GLN 95) : 6.3758
Residue Topographical Entropy from AEM (TRP 96) : 35.9615
Residue Topographical Entropy from AEM (LEU 97) : 0.5819
Residue Topographical Entropy from AEM (LEU 98) : 1.6501
Residue Topographical Entropy from AEM (THR 99) : 0.3692
Residue Topographical Entropy from AEM (SER 100) : 7.9998
Residue Topographical Entropy from AEM (GLY 101) : -0.0000
Residue Topographical Entropy from AEM (THR 102) : 8.4897
Residue Topographical Entropy from AEM (THR 103) : 4.2647
Residue Topographical Entropy from AEM (GLU 104) : 26.0876
Residue Topographical Entropy from AEM (ALA 105) : -0.0000
Residue Topographical Entropy from AEM (ASN 106) : 8.1479
Residue Topographical Entropy from AEM (ALA 107) : -0.0000
Residue Topographical Entropy from AEM (TRP 108) : 41.7004
Residue Topographical Entropy from AEM (LYS 109) : 15.7473
Residue Topographical Entropy from AEM (SER 110) : 6.8002
Residue Topographical Entropy from AEM (THR 111) : 0.0585
Residue Topographical Entropy from AEM (LEU 112) : 1.8731
Residue Topographical Entropy from AEM (VAL 113) : 0.7476
Residue Topographical Entropy from AEM (GLY 114) : -0.0000
Residue Topographical Entropy from AEM (HID 115) : 18.7646
Residue Topographical Entropy from AEM (ASP 116) : 7.7316
Residue Topographical Entropy from AEM (THR 117) : 1.4555
Residue Topographical Entropy from AEM (PHE 118) : 25.8484
Residue Topographical Entropy from AEM (THR 119) : 5.3089
Residue Topographical Entropy from AEM (LYS 120) : 8.5344
Residue Topographical Entropy from AEM (VAL 121) : 3.3200
Residue Topographical Entropy from AEM (LYS 122) : 24.4300
Residue Topographical Entropy from AEM (PRO 123) : 7.5619
Residue Topographical Entropy from AEM (SER 124) : 5.7173
Residue Topographical Entropy from AEM (ALA 125) : -0.0000
Residue Topographical Entropy from AEM (ALA 126) : -0.0000
Residue Topographical Entropy from AEM (CSER 127) : 8.6123
____________________________________________________________
Total Topog. Entropy (AEM)               :        1033.157
------------------------------------------------------------
____________________________________________________________
Total Entropy                            :        1033.157
------------------------------------------------------------
------------------------------------------------------------
Topographical entropy of residue side chains 
computed using all the dihedrals with AEM method
------------------------------------------------------------
Residue Topographical Entropy from AEM (NALA 1) : 0.9375
Residue Topographical Entropy from AEM (GLU 2) : 17.7791
Residue Topographical Entropy from AEM (ALA 3) : -0.0000
Residue Topographical Entropy from AEM (GLY 4) : -0.0000
Residue Topographical Entropy from AEM (ILE 5) : 12.8831
Residue Topographical Entropy from AEM (THR 6) : 0.6538
Residue Topographical Entropy from AEM (GLY 7) : -0.0000
Residue Topographical Entropy from AEM (THR 8) : 4.9752
Residue Topographical Entropy from AEM (TRP 9) : 42.1154
Residue Topographical Entropy from AEM (TYR 10) : 28.9678
Residue Topographical Entropy from AEM (ALA 11) : -0.0000
Residue Topographical Entropy from AEM (GLN 12) : 20.3015
Residue Topographical Entropy from AEM (LEU 13) : 7.8459
Residue Topographical Entropy from AEM (GLY 14) : -0.0000
Residue Topographical Entropy from AEM (SER 15) : 4.8022
Residue Topographical Entropy from AEM (THR 16) : 7.6553
Residue Topographical Entropy from AEM (PHE 17) : 35.1576
Residue Topographical Entropy from AEM (ILE 18) : 9.9740
Residue Topographical Entropy from AEM (VAL 19) : 6.7784
Residue Topographical Entropy from AEM (THR 20) : 7.3832
Residue Topographical Entropy from AEM (ALA 21) : -0.0000
Residue Topographical Entropy from AEM (GLY 22) : -0.0000
Residue Topographical Entropy from AEM (ALA 23) : -0.0000
Residue Topographical Entropy from AEM (ASP 24) : 10.2091
Residue Topographical Entropy from AEM (GLY 25) : -0.0000
Residue Topographical Entropy from AEM (ALA 26) : -0.0000
Residue Topographical Entropy from AEM (LEU 27) : 10.0910
Residue Topographical Entropy from AEM (THR 28) : 8.1456
Residue Topographical Entropy from AEM (GLY 29) : -0.0000
Residue Topographical Entropy from AEM (THR 30) : 8.1175
Residue Topographical Entropy from AEM (TYR 31) : 33.5571
Residue Topographical Entropy from AEM (GLU 32) : 9.5613
Residue Topographical Entropy from AEM (SER 33) : 9.0904
Residue Topographical Entropy from AEM (ALA 34) : -0.0000
Residue Topographical Entropy from AEM (VAL 35) : 8.3242
Residue Topographical Entropy from AEM (GLY 36) : -0.0000
Residue Topographical Entropy from AEM (ASN 37) : 13.8791
Residue Topographical Entropy from AEM (ALA 38) : -0.0000
Residue Topographical Entropy from AEM (GLU 39) : 18.5389
Residue Topographical Entropy from AEM (SER 40) : 7.2278
Residue Topographical Entropy from AEM (ARG 41) : 4.9613
Residue Topographical Entropy from AEM (TYR 42) : 26.0848
Residue Topographical Entropy from AEM (VAL 43) : 3.3502
Residue Topographical Entropy from AEM (LEU 44) : 8.4362
Residue Topographical Entropy from AEM (THR 45) : 6.6106
Residue Topographical Entropy from AEM (GLY 46) : -0.0000
Residue Topographical Entropy from AEM (ARG 47) : 1.9092
Residue Topographical Entropy from AEM (TYR 48) : 35.8032
Residue Topographical Entropy from AEM (ASP 49) : 6.7331
Residue Topographical Entropy from AEM (SER 50) : 6.2046
Residue Topographical Entropy from AEM (ALA 51) : -0.0000
Residue Topographical Entropy from AEM (PRO 52) : 7.2013
Residue Topographical Entropy from AEM (ALA 53) : -0.0000
Residue Topographical Entropy from AEM (THR 54) : 6.5449
Residue Topographical Entropy from AEM (ASP 55) : 12.5209
Residue Topographical Entropy from AEM (GLY 56) : -0.0000
Residue Topographical Entropy from AEM (SER 57) : 8.9389
Residue Topographical Entropy from AEM (GLY 58) : -0.0000
Residue Topographical Entropy from AEM (THR 59) : 3.1214
Residue Topographical Entropy from AEM (ALA 60) : -0.0000
Residue Topographical Entropy from AEM (LEU 61) : 9.1779
Residue Topographical Entropy from AEM (GLY 62) : -0.0000
Residue Topographical Entropy from AEM (TRP 63) : 40.1133
Residue Topographical Entropy from AEM (THR 64) : 1.7960
Residue Topographical Entropy from AEM (VAL 65) : 1.1290
Residue Topographical Entropy from AEM (ALA 66) : -0.0000
Residue Topographical Entropy from AEM (TRP 67) : 39.9693
Residue Topographical Entropy from AEM (LYS 68) : 13.9051
Residue Topographical Entropy from AEM (ASN 69) : 2.6272
Residue Topographical Entropy from AEM (ASN 70) : 15.6872
Residue Topographical Entropy from AEM (TYR 71) : 30.9392
Residue Topographical Entropy from AEM (ARG 72) : 15.3868
Residue Topographical Entropy from AEM (ASN 73) : 4.2917
Residue Topographical Entropy from AEM (ALA 74) : -0.0000
Residue Topographical Entropy from AEM (HID 75) : 21.8560
Residue Topographical Entropy from AEM (SER 76) : 4.1452
Residue Topographical Entropy from AEM (ALA 77) : -0.0000
Residue Topographical Entropy from AEM (THR 78) : 1.0698
Residue Topographical Entropy from AEM (THR 79) : 2.0162
Residue Topographical Entropy from AEM (TRP 80) : 36.9780
Residue Topographical Entropy from AEM (SER 81) : 0.4725
Residue Topographical Entropy from AEM (GLY 82) : -0.0000
Residue Topographical Entropy from AEM (GLN 83) : 9.3734
Residue Topographical Entropy from AEM (TYR 84) : 25.7369
Residue Topographical Entropy from AEM (VAL 85) : 4.1380
Residue Topographical Entropy from AEM (GLY 86) : -0.0000
Residue Topographical Entropy from AEM (GLY 87) : -0.0000
Residue Topographical Entropy from AEM (ALA 88) : -0.0000
Residue Topographical Entropy from AEM (GLU 89) : 21.0990
Residue Topographical Entropy from AEM (ALA 90) : -0.0000
Residue Topographical Entropy from AEM (ARG 91) : 8.6892
Residue Topographical Entropy from AEM (ILE 92) : 2.3193
Residue Topographical Entropy from AEM (ASN 93) : 6.6860
Residue Topographical Entropy from AEM (THR 94) : 5.9113
Residue Topographical Entropy from AEM (GLN 95) : 8.6232
Residue Topographical Entropy from AEM (TRP 96) : 41.6504
Residue Topographical Entropy from AEM (LEU 97) : 0.5291
Residue Topographical Entropy from AEM (LEU 98) : 3.0451
Residue Topographical Entropy from AEM (THR 99) : 0.2521
Residue Topographical Entropy from AEM (SER 100) : 7.8438
Residue Topographical Entropy from AEM (GLY 101) : -0.0000
Residue Topographical Entropy from AEM (THR 102) : 5.7097
Residue Topographical Entropy from AEM (THR 103) : 4.6755
Residue Topographical Entropy from AEM (GLU 104) : 24.7558
Residue Topographical Entropy from AEM (ALA 105) : -0.0000
Residue Topographical Entropy from AEM (ASN 106) : 4.4073
Residue Topographical Entropy from AEM (ALA 107) : -0.0000
Residue Topographical Entropy from AEM (TRP 108) : 35.9003
Residue Topographical Entropy from AEM (LYS 109) : 14.9197
Residue Topographical Entropy from AEM (SER 110) : 2.3050
Residue Topographical Entropy from AEM (THR 111) : -0.0000
Residue Topographical Entropy from AEM (LEU 112) : 2.5898
Residue Topographical Entropy from AEM (VAL 113) : 0.6008
Residue Topographical Entropy from AEM (GLY 114) : -0.0000
Residue Topographical Entropy from AEM (HID 115) : 19.6614
Residue Topographical Entropy from AEM (ASP 116) : 8.5119
Residue Topographical Entropy from AEM (THR 117) : 4.1824
Residue Topographical Entropy from AEM (PHE 118) : 33.5189
Residue Topographical Entropy from AEM (THR 119) : 4.7285
Residue Topographical Entropy from AEM (LYS 120) : 8.8763
Residue Topographical Entropy from AEM (VAL 121) : 1.2233
Residue Topographical Entropy from AEM (LYS 122) : 25.7936
Residue Topographical Entropy from AEM (PRO 123) : 8.0764
Residue Topographical Entropy from AEM (SER 124) : 6.2690
Residue Topographical Entropy from AEM (ALA 125) : -0.0000
Residue Topographical Entropy from AEM (ALA 126) : -0.0000
Residue Topographical Entropy from AEM (CSER 127) : 6.6406
____________________________________________________________
Total Topog. Entropy (AEM)               :        1094.176
------------------------------------------------------------
____________________________________________________________
Total Entropy                            :        1094.176
------------------------------------------------------------
