------------------------------------------------------------
Topographical entropy of residue side chains 
computed using all the dihedrals with correlation/pLogp formalism
------------------------------------------------------------
Side Chain Topographical Entropy from corr. pLogP method (NALA 1) : -0.0000
Side Chain Topographical Entropy from corr. pLogP method (GLU 2) : 24.1446
Side Chain Topographical Entropy from corr. pLogP method (ALA 3) : -0.0000
Side Chain Topographical Entropy from corr. pLogP method (GLY 4) : -0.0000
Side Chain Topographical Entropy from corr. pLogP method (ILE 5) : 2.9292
Side Chain Topographical Entropy from corr. pLogP method (THR 6) : 6.3508
Side Chain Topographical Entropy from corr. pLogP method (GLY 7) : -0.0000
Side Chain Topographical Entropy from corr. pLogP method (THR 8) : 0.8696
Side Chain Topographical Entropy from corr. pLogP method (TRP 9) : 2.6389
Side Chain Topographical Entropy from corr. pLogP method (TYR 10) : 8.6022
Side Chain Topographical Entropy from corr. pLogP method (ALA 11) : -0.0000
Side Chain Topographical Entropy from corr. pLogP method (GLN 12) : 21.0918
Side Chain Topographical Entropy from corr. pLogP method (LEU 13) : 2.6385
Side Chain Topographical Entropy from corr. pLogP method (GLY 14) : -0.0000
Side Chain Topographical Entropy from corr. pLogP method (SER 15) : 4.4623
Side Chain Topographical Entropy from corr. pLogP method (THR 16) : 4.4551
Side Chain Topographical Entropy from corr. pLogP method (PHE 17) : 15.6211
Side Chain Topographical Entropy from corr. pLogP method (ILE 18) : 6.9063
Side Chain Topographical Entropy from corr. pLogP method (VAL 19) : 5.8942
Side Chain Topographical Entropy from corr. pLogP method (THR 20) : 7.4415
Side Chain Topographical Entropy from corr. pLogP method (ALA 21) : -0.0000
Side Chain Topographical Entropy from corr. pLogP method (GLY 22) : -0.0000
Side Chain Topographical Entropy from corr. pLogP method (ALA 23) : -0.0000
Side Chain Topographical Entropy from corr. pLogP method (ASP 24) : 13.2974
Side Chain Topographical Entropy from corr. pLogP method (GLY 25) : -0.0000
Side Chain Topographical Entropy from corr. pLogP method (ALA 26) : -0.0000
Side Chain Topographical Entropy from corr. pLogP method (LEU 27) : 9.4417
Side Chain Topographical Entropy from corr. pLogP method (THR 28) : 8.5602
Side Chain Topographical Entropy from corr. pLogP method (GLY 29) : -0.0000
Side Chain Topographical Entropy from corr. pLogP method (THR 30) : 7.0070
Side Chain Topographical Entropy from corr. pLogP method (TYR 31) : 5.1838
Side Chain Topographical Entropy from corr. pLogP method (GLU 32) : 14.2780
Side Chain Topographical Entropy from corr. pLogP method (SER 33) : 6.6265
Side Chain Topographical Entropy from corr. pLogP method (ALA 34) : -0.0000
Side Chain Topographical Entropy from corr. pLogP method (VAL 35) : 4.0853
Side Chain Topographical Entropy from corr. pLogP method (GLY 36) : -0.0000
Side Chain Topographical Entropy from corr. pLogP method (ASN 37) : 13.0865
Side Chain Topographical Entropy from corr. pLogP method (ALA 38) : -0.0000
Side Chain Topographical Entropy from corr. pLogP method (GLU 39) : 21.9292
Side Chain Topographical Entropy from corr. pLogP method (SER 40) : 4.6362
Side Chain Topographical Entropy from corr. pLogP method (ARG 41) : 11.5900
Side Chain Topographical Entropy from corr. pLogP method (TYR 42) : 1.8384
Side Chain Topographical Entropy from corr. pLogP method (VAL 43) : 2.0269
Side Chain Topographical Entropy from corr. pLogP method (LEU 44) : 0.8576
Side Chain Topographical Entropy from corr. pLogP method (THR 45) : 5.5066
Side Chain Topographical Entropy from corr. pLogP method (GLY 46) : -0.0000
Side Chain Topographical Entropy from corr. pLogP method (ARG 47) : 1.3949
Side Chain Topographical Entropy from corr. pLogP method (TYR 48) : 7.6238
Side Chain Topographical Entropy from corr. pLogP method (ASP 49) : 6.5334
Side Chain Topographical Entropy from corr. pLogP method (SER 50) : 4.4318
Side Chain Topographical Entropy from corr. pLogP method (ALA 51) : -0.0000
Side Chain Topographical Entropy from corr. pLogP method (PRO 52) : 14.2941
Side Chain Topographical Entropy from corr. pLogP method (ALA 53) : -0.0000
Side Chain Topographical Entropy from corr. pLogP method (THR 54) : 8.4366
Side Chain Topographical Entropy from corr. pLogP method (ASP 55) : 16.2019
Side Chain Topographical Entropy from corr. pLogP method (GLY 56) : -0.0000
Side Chain Topographical Entropy from corr. pLogP method (SER 57) : 8.9314
Side Chain Topographical Entropy from corr. pLogP method (GLY 58) : -0.0000
Side Chain Topographical Entropy from corr. pLogP method (THR 59) : 2.1019
Side Chain Topographical Entropy from corr. pLogP method (ALA 60) : -0.0000
Side Chain Topographical Entropy from corr. pLogP method (LEU 61) : 5.7009
Side Chain Topographical Entropy from corr. pLogP method (GLY 62) : -0.0000
Side Chain Topographical Entropy from corr. pLogP method (TRP 63) : 2.0350
Side Chain Topographical Entropy from corr. pLogP method (THR 64) : 0.2649
Side Chain Topographical Entropy from corr. pLogP method (VAL 65) : 0.1003
Side Chain Topographical Entropy from corr. pLogP method (ALA 66) : -0.0000
Side Chain Topographical Entropy from corr. pLogP method (TRP 67) : 1.5802
Side Chain Topographical Entropy from corr. pLogP method (LYS 68) : 18.5210
Side Chain Topographical Entropy from corr. pLogP method (ASN 69) : 6.8565
Side Chain Topographical Entropy from corr. pLogP method (ASN 70) : 13.9403
Side Chain Topographical Entropy from corr. pLogP method (TYR 71) : 7.1747
Side Chain Topographical Entropy from corr. pLogP method (ARG 72) : 13.0843
Side Chain Topographical Entropy from corr. pLogP method (ASN 73) : 11.0293
Side Chain Topographical Entropy from corr. pLogP method (ALA 74) : -0.0000
Side Chain Topographical Entropy from corr. pLogP method (HID 75) : 6.9452
Side Chain Topographical Entropy from corr. pLogP method (SER 76) : 3.7592
Side Chain Topographical Entropy from corr. pLogP method (ALA 77) : -0.0000
Side Chain Topographical Entropy from corr. pLogP method (THR 78) : 0.5028
Side Chain Topographical Entropy from corr. pLogP method (THR 79) : 2.8117
Side Chain Topographical Entropy from corr. pLogP method (TRP 80) : 4.9343
Side Chain Topographical Entropy from corr. pLogP method (SER 81) : 1.0720
Side Chain Topographical Entropy from corr. pLogP method (GLY 82) : -0.0000
Side Chain Topographical Entropy from corr. pLogP method (GLN 83) : 12.0017
Side Chain Topographical Entropy from corr. pLogP method (TYR 84) : 7.8450
Side Chain Topographical Entropy from corr. pLogP method (VAL 85) : 3.9378
Side Chain Topographical Entropy from corr. pLogP method (GLY 86) : -0.0000
Side Chain Topographical Entropy from corr. pLogP method (GLY 87) : -0.0000
Side Chain Topographical Entropy from corr. pLogP method (ALA 88) : -0.0000
Side Chain Topographical Entropy from corr. pLogP method (GLU 89) : 21.2361
Side Chain Topographical Entropy from corr. pLogP method (ALA 90) : -0.0000
Side Chain Topographical Entropy from corr. pLogP method (ARG 91) : 14.4315
Side Chain Topographical Entropy from corr. pLogP method (ILE 92) : 2.3103
Side Chain Topographical Entropy from corr. pLogP method (ASN 93) : 7.1515
Side Chain Topographical Entropy from corr. pLogP method (THR 94) : 3.3157
Side Chain Topographical Entropy from corr. pLogP method (GLN 95) : 14.3344
Side Chain Topographical Entropy from corr. pLogP method (TRP 96) : 4.2271
Side Chain Topographical Entropy from corr. pLogP method (LEU 97) : 3.0983
Side Chain Topographical Entropy from corr. pLogP method (LEU 98) : 4.9700
Side Chain Topographical Entropy from corr. pLogP method (THR 99) : 2.2311
Side Chain Topographical Entropy from corr. pLogP method (SER 100) : 7.7305
Side Chain Topographical Entropy from corr. pLogP method (GLY 101) : -0.0000
Side Chain Topographical Entropy from corr. pLogP method (THR 102) : 5.6375
Side Chain Topographical Entropy from corr. pLogP method (THR 103) : 3.9891
Side Chain Topographical Entropy from corr. pLogP method (GLU 104) : 23.6434
Side Chain Topographical Entropy from corr. pLogP method (ALA 105) : -0.0000
Side Chain Topographical Entropy from corr. pLogP method (ASN 106) : 7.1278
Side Chain Topographical Entropy from corr. pLogP method (ALA 107) : -0.0000
Side Chain Topographical Entropy from corr. pLogP method (TRP 108) : 12.2879
Side Chain Topographical Entropy from corr. pLogP method (LYS 109) : 17.1030
Side Chain Topographical Entropy from corr. pLogP method (SER 110) : 5.4318
Side Chain Topographical Entropy from corr. pLogP method (THR 111) : 1.3444
Side Chain Topographical Entropy from corr. pLogP method (LEU 112) : 3.7364
Side Chain Topographical Entropy from corr. pLogP method (VAL 113) : 2.7688
Side Chain Topographical Entropy from corr. pLogP method (GLY 114) : -0.0000
Side Chain Topographical Entropy from corr. pLogP method (HID 115) : 3.8457
Side Chain Topographical Entropy from corr. pLogP method (ASP 116) : 7.7109
Side Chain Topographical Entropy from corr. pLogP method (THR 117) : 7.3496
Side Chain Topographical Entropy from corr. pLogP method (PHE 118) : 5.6212
Side Chain Topographical Entropy from corr. pLogP method (THR 119) : 5.1409
Side Chain Topographical Entropy from corr. pLogP method (LYS 120) : 8.0979
Side Chain Topographical Entropy from corr. pLogP method (VAL 121) : 2.8172
Side Chain Topographical Entropy from corr. pLogP method (LYS 122) : 24.6217
Side Chain Topographical Entropy from corr. pLogP method (PRO 123) : 16.5810
Side Chain Topographical Entropy from corr. pLogP method (SER 124) : 2.2074
Side Chain Topographical Entropy from corr. pLogP method (ALA 125) : -0.0000
Side Chain Topographical Entropy from corr. pLogP method (ALA 126) : -0.0000
Side Chain Topographical Entropy from corr. pLogP method (CSER 127) : 5.3395
____________________________________________________________
Total SC Topog. Entropy (corr. pLogP)    :         695.484
------------------------------------------------------------
____________________________________________________________
Total BB Topog. Entropy (corr. pLogP)    :          44.323
------------------------------------------------------------
____________________________________________________________
Total Entropy                            :         739.806
------------------------------------------------------------
