------------------------------------------------------------
Topographical entropy of residue side chains 
computed using all the dihedrals with correlation/pLogp formalism
------------------------------------------------------------
Side Chain Topographical Entropy from corr. pLogP method (NALA 1) : -0.0000
Side Chain Topographical Entropy from corr. pLogP method (GLU 2) : 24.3936
Side Chain Topographical Entropy from corr. pLogP method (ALA 3) : -0.0000
Side Chain Topographical Entropy from corr. pLogP method (GLY 4) : -0.0000
Side Chain Topographical Entropy from corr. pLogP method (ILE 5) : 3.1611
Side Chain Topographical Entropy from corr. pLogP method (THR 6) : 0.6885
Side Chain Topographical Entropy from corr. pLogP method (GLY 7) : -0.0000
Side Chain Topographical Entropy from corr. pLogP method (THR 8) : 1.7461
Side Chain Topographical Entropy from corr. pLogP method (TRP 9) : 4.2245
Side Chain Topographical Entropy from corr. pLogP method (TYR 10) : 9.7464
Side Chain Topographical Entropy from corr. pLogP method (ALA 11) : -0.0000
Side Chain Topographical Entropy from corr. pLogP method (GLN 12) : 20.8529
Side Chain Topographical Entropy from corr. pLogP method (LEU 13) : 8.6983
Side Chain Topographical Entropy from corr. pLogP method (GLY 14) : -0.0000
Side Chain Topographical Entropy from corr. pLogP method (SER 15) : 4.5881
Side Chain Topographical Entropy from corr. pLogP method (THR 16) : 5.3566
Side Chain Topographical Entropy from corr. pLogP method (PHE 17) : 7.3103
Side Chain Topographical Entropy from corr. pLogP method (ILE 18) : 8.1001
Side Chain Topographical Entropy from corr. pLogP method (VAL 19) : 6.0823
Side Chain Topographical Entropy from corr. pLogP method (THR 20) : 6.4014
Side Chain Topographical Entropy from corr. pLogP method (ALA 21) : -0.0000
Side Chain Topographical Entropy from corr. pLogP method (GLY 22) : -0.0000
Side Chain Topographical Entropy from corr. pLogP method (ALA 23) : -0.0000
Side Chain Topographical Entropy from corr. pLogP method (ASP 24) : 15.2204
Side Chain Topographical Entropy from corr. pLogP method (GLY 25) : -0.0000
Side Chain Topographical Entropy from corr. pLogP method (ALA 26) : -0.0000
Side Chain Topographical Entropy from corr. pLogP method (LEU 27) : 9.0723
Side Chain Topographical Entropy from corr. pLogP method (THR 28) : 8.9607
Side Chain Topographical Entropy from corr. pLogP method (GLY 29) : -0.0000
Side Chain Topographical Entropy from corr. pLogP method (THR 30) : 5.9558
Side Chain Topographical Entropy from corr. pLogP method (TYR 31) : 8.1170
Side Chain Topographical Entropy from corr. pLogP method (GLU 32) : 17.8074
Side Chain Topographical Entropy from corr. pLogP method (SER 33) : 5.9307
Side Chain Topographical Entropy from corr. pLogP method (ALA 34) : -0.0000
Side Chain Topographical Entropy from corr. pLogP method (VAL 35) : 6.1961
Side Chain Topographical Entropy from corr. pLogP method (GLY 36) : -0.0000
Side Chain Topographical Entropy from corr. pLogP method (ASN 37) : 13.6318
Side Chain Topographical Entropy from corr. pLogP method (ALA 38) : -0.0000
Side Chain Topographical Entropy from corr. pLogP method (GLU 39) : 21.9695
Side Chain Topographical Entropy from corr. pLogP method (SER 40) : 7.9294
Side Chain Topographical Entropy from corr. pLogP method (ARG 41) : 20.1982
Side Chain Topographical Entropy from corr. pLogP method (TYR 42) : 3.9489
Side Chain Topographical Entropy from corr. pLogP method (VAL 43) : 2.2063
Side Chain Topographical Entropy from corr. pLogP method (LEU 44) : 11.9582
Side Chain Topographical Entropy from corr. pLogP method (THR 45) : 4.5220
Side Chain Topographical Entropy from corr. pLogP method (GLY 46) : -0.0000
Side Chain Topographical Entropy from corr. pLogP method (ARG 47) : 3.7257
Side Chain Topographical Entropy from corr. pLogP method (TYR 48) : 8.1425
Side Chain Topographical Entropy from corr. pLogP method (ASP 49) : 9.6639
Side Chain Topographical Entropy from corr. pLogP method (SER 50) : 6.5523
Side Chain Topographical Entropy from corr. pLogP method (ALA 51) : -0.0000
Side Chain Topographical Entropy from corr. pLogP method (PRO 52) : 15.2467
Side Chain Topographical Entropy from corr. pLogP method (ALA 53) : -0.0000
Side Chain Topographical Entropy from corr. pLogP method (THR 54) : 8.3601
Side Chain Topographical Entropy from corr. pLogP method (ASP 55) : 15.4244
Side Chain Topographical Entropy from corr. pLogP method (GLY 56) : -0.0000
Side Chain Topographical Entropy from corr. pLogP method (SER 57) : 7.3060
Side Chain Topographical Entropy from corr. pLogP method (GLY 58) : -0.0000
Side Chain Topographical Entropy from corr. pLogP method (THR 59) : 1.0176
Side Chain Topographical Entropy from corr. pLogP method (ALA 60) : -0.0000
Side Chain Topographical Entropy from corr. pLogP method (LEU 61) : 7.4040
Side Chain Topographical Entropy from corr. pLogP method (GLY 62) : -0.0000
Side Chain Topographical Entropy from corr. pLogP method (TRP 63) : 5.9297
Side Chain Topographical Entropy from corr. pLogP method (THR 64) : 0.1536
Side Chain Topographical Entropy from corr. pLogP method (VAL 65) : 4.2760
Side Chain Topographical Entropy from corr. pLogP method (ALA 66) : -0.0000
Side Chain Topographical Entropy from corr. pLogP method (TRP 67) : 8.2524
Side Chain Topographical Entropy from corr. pLogP method (LYS 68) : 21.1207
Side Chain Topographical Entropy from corr. pLogP method (ASN 69) : 15.1335
Side Chain Topographical Entropy from corr. pLogP method (ASN 70) : 13.8823
Side Chain Topographical Entropy from corr. pLogP method (TYR 71) : 18.3628
Side Chain Topographical Entropy from corr. pLogP method (ARG 72) : 18.1320
Side Chain Topographical Entropy from corr. pLogP method (ASN 73) : 4.7356
Side Chain Topographical Entropy from corr. pLogP method (ALA 74) : -0.0000
Side Chain Topographical Entropy from corr. pLogP method (HID 75) : 7.2571
Side Chain Topographical Entropy from corr. pLogP method (SER 76) : 7.4418
Side Chain Topographical Entropy from corr. pLogP method (ALA 77) : -0.0000
Side Chain Topographical Entropy from corr. pLogP method (THR 78) : 0.3889
Side Chain Topographical Entropy from corr. pLogP method (THR 79) : 1.2935
Side Chain Topographical Entropy from corr. pLogP method (TRP 80) : 5.1721
Side Chain Topographical Entropy from corr. pLogP method (SER 81) : 3.1741
Side Chain Topographical Entropy from corr. pLogP method (GLY 82) : -0.0000
Side Chain Topographical Entropy from corr. pLogP method (GLN 83) : 14.6212
Side Chain Topographical Entropy from corr. pLogP method (TYR 84) : 2.3979
Side Chain Topographical Entropy from corr. pLogP method (VAL 85) : 4.1526
Side Chain Topographical Entropy from corr. pLogP method (GLY 86) : -0.0000
Side Chain Topographical Entropy from corr. pLogP method (GLY 87) : -0.0000
Side Chain Topographical Entropy from corr. pLogP method (ALA 88) : -0.0000
Side Chain Topographical Entropy from corr. pLogP method (GLU 89) : 19.4936
Side Chain Topographical Entropy from corr. pLogP method (ALA 90) : -0.0000
Side Chain Topographical Entropy from corr. pLogP method (ARG 91) : 8.7948
Side Chain Topographical Entropy from corr. pLogP method (ILE 92) : 1.6222
Side Chain Topographical Entropy from corr. pLogP method (ASN 93) : 6.6363
Side Chain Topographical Entropy from corr. pLogP method (THR 94) : 5.9486
Side Chain Topographical Entropy from corr. pLogP method (GLN 95) : 8.5373
Side Chain Topographical Entropy from corr. pLogP method (TRP 96) : 1.6073
Side Chain Topographical Entropy from corr. pLogP method (LEU 97) : 5.1148
Side Chain Topographical Entropy from corr. pLogP method (LEU 98) : 2.0373
Side Chain Topographical Entropy from corr. pLogP method (THR 99) : 0.6242
Side Chain Topographical Entropy from corr. pLogP method (SER 100) : 7.9924
Side Chain Topographical Entropy from corr. pLogP method (GLY 101) : -0.0000
Side Chain Topographical Entropy from corr. pLogP method (THR 102) : 5.9941
Side Chain Topographical Entropy from corr. pLogP method (THR 103) : 6.5852
Side Chain Topographical Entropy from corr. pLogP method (GLU 104) : 23.2129
Side Chain Topographical Entropy from corr. pLogP method (ALA 105) : -0.0000
Side Chain Topographical Entropy from corr. pLogP method (ASN 106) : 5.2418
Side Chain Topographical Entropy from corr. pLogP method (ALA 107) : -0.0000
Side Chain Topographical Entropy from corr. pLogP method (TRP 108) : 5.8070
Side Chain Topographical Entropy from corr. pLogP method (LYS 109) : 13.4806
Side Chain Topographical Entropy from corr. pLogP method (SER 110) : 3.0002
Side Chain Topographical Entropy from corr. pLogP method (THR 111) : 0.0561
Side Chain Topographical Entropy from corr. pLogP method (LEU 112) : 3.1001
Side Chain Topographical Entropy from corr. pLogP method (VAL 113) : 0.0134
Side Chain Topographical Entropy from corr. pLogP method (GLY 114) : -0.0000
Side Chain Topographical Entropy from corr. pLogP method (HID 115) : 7.9605
Side Chain Topographical Entropy from corr. pLogP method (ASP 116) : 11.4897
Side Chain Topographical Entropy from corr. pLogP method (THR 117) : 3.8083
Side Chain Topographical Entropy from corr. pLogP method (PHE 118) : 12.2489
Side Chain Topographical Entropy from corr. pLogP method (THR 119) : 5.5629
Side Chain Topographical Entropy from corr. pLogP method (LYS 120) : 16.1360
Side Chain Topographical Entropy from corr. pLogP method (VAL 121) : 4.1864
Side Chain Topographical Entropy from corr. pLogP method (LYS 122) : 19.2009
Side Chain Topographical Entropy from corr. pLogP method (PRO 123) : 16.6249
Side Chain Topographical Entropy from corr. pLogP method (SER 124) : 8.4479
Side Chain Topographical Entropy from corr. pLogP method (ALA 125) : -0.0000
Side Chain Topographical Entropy from corr. pLogP method (ALA 126) : -0.0000
Side Chain Topographical Entropy from corr. pLogP method (CSER 127) : 5.3428
____________________________________________________________
Total SC Topog. Entropy (corr. pLogP)    :         759.605
------------------------------------------------------------
____________________________________________________________
Total BB Topog. Entropy (corr. pLogP)    :          45.390
------------------------------------------------------------
____________________________________________________________
Total Entropy                            :         804.995
------------------------------------------------------------
