------------------------------------------------------------
Topographical entropy of residue side chains 
computed using all the dihedrals with correlation/pLogp formalism
------------------------------------------------------------
Side Chain Topographical Entropy from corr. pLogP method (NALA 1) : -0.0000
Side Chain Topographical Entropy from corr. pLogP method (GLU 2) : 17.7046
Side Chain Topographical Entropy from corr. pLogP method (ALA 3) : -0.0000
Side Chain Topographical Entropy from corr. pLogP method (GLY 4) : -0.0000
Side Chain Topographical Entropy from corr. pLogP method (ILE 5) : 1.3121
Side Chain Topographical Entropy from corr. pLogP method (THR 6) : -0.0000
Side Chain Topographical Entropy from corr. pLogP method (GLY 7) : -0.0000
Side Chain Topographical Entropy from corr. pLogP method (THR 8) : 2.5727
Side Chain Topographical Entropy from corr. pLogP method (TRP 9) : -0.0000
Side Chain Topographical Entropy from corr. pLogP method (TYR 10) : 5.5867
Side Chain Topographical Entropy from corr. pLogP method (ALA 11) : -0.0000
Side Chain Topographical Entropy from corr. pLogP method (GLN 12) : 19.1393
Side Chain Topographical Entropy from corr. pLogP method (LEU 13) : 7.9185
Side Chain Topographical Entropy from corr. pLogP method (GLY 14) : -0.0000
Side Chain Topographical Entropy from corr. pLogP method (SER 15) : 6.7453
Side Chain Topographical Entropy from corr. pLogP method (THR 16) : 0.1200
Side Chain Topographical Entropy from corr. pLogP method (PHE 17) : 0.2168
Side Chain Topographical Entropy from corr. pLogP method (ILE 18) : 4.6839
Side Chain Topographical Entropy from corr. pLogP method (VAL 19) : 2.7931
Side Chain Topographical Entropy from corr. pLogP method (THR 20) : 7.3325
Side Chain Topographical Entropy from corr. pLogP method (ALA 21) : -0.0000
Side Chain Topographical Entropy from corr. pLogP method (GLY 22) : -0.0000
Side Chain Topographical Entropy from corr. pLogP method (ALA 23) : -0.0000
Side Chain Topographical Entropy from corr. pLogP method (ASP 24) : 17.3596
Side Chain Topographical Entropy from corr. pLogP method (GLY 25) : -0.0000
Side Chain Topographical Entropy from corr. pLogP method (ALA 26) : -0.0000
Side Chain Topographical Entropy from corr. pLogP method (LEU 27) : 9.6731
Side Chain Topographical Entropy from corr. pLogP method (THR 28) : 6.5091
Side Chain Topographical Entropy from corr. pLogP method (GLY 29) : -0.0000
Side Chain Topographical Entropy from corr. pLogP method (THR 30) : 2.1089
Side Chain Topographical Entropy from corr. pLogP method (TYR 31) : 7.9603
Side Chain Topographical Entropy from corr. pLogP method (GLU 32) : 7.9702
Side Chain Topographical Entropy from corr. pLogP method (SER 33) : 3.6102
Side Chain Topographical Entropy from corr. pLogP method (ALA 34) : -0.0000
Side Chain Topographical Entropy from corr. pLogP method (VAL 35) : 2.8637
Side Chain Topographical Entropy from corr. pLogP method (GLY 36) : -0.0000
Side Chain Topographical Entropy from corr. pLogP method (ASN 37) : 12.5166
Side Chain Topographical Entropy from corr. pLogP method (ALA 38) : -0.0000
Side Chain Topographical Entropy from corr. pLogP method (GLU 39) : 22.0163
Side Chain Topographical Entropy from corr. pLogP method (SER 40) : 5.7107
Side Chain Topographical Entropy from corr. pLogP method (ARG 41) : 11.9991
Side Chain Topographical Entropy from corr. pLogP method (TYR 42) : -0.0000
Side Chain Topographical Entropy from corr. pLogP method (VAL 43) : 3.2365
Side Chain Topographical Entropy from corr. pLogP method (LEU 44) : 8.0734
Side Chain Topographical Entropy from corr. pLogP method (THR 45) : 2.7211
Side Chain Topographical Entropy from corr. pLogP method (GLY 46) : -0.0000
Side Chain Topographical Entropy from corr. pLogP method (ARG 47) : 0.1200
Side Chain Topographical Entropy from corr. pLogP method (TYR 48) : 2.6334
Side Chain Topographical Entropy from corr. pLogP method (ASP 49) : 0.5405
Side Chain Topographical Entropy from corr. pLogP method (SER 50) : 0.9446
Side Chain Topographical Entropy from corr. pLogP method (ALA 51) : -0.0000
Side Chain Topographical Entropy from corr. pLogP method (PRO 52) : 7.9323
Side Chain Topographical Entropy from corr. pLogP method (ALA 53) : -0.0000
Side Chain Topographical Entropy from corr. pLogP method (THR 54) : 2.4962
Side Chain Topographical Entropy from corr. pLogP method (ASP 55) : 4.7414
Side Chain Topographical Entropy from corr. pLogP method (GLY 56) : -0.0000
Side Chain Topographical Entropy from corr. pLogP method (SER 57) : -0.0000
Side Chain Topographical Entropy from corr. pLogP method (GLY 58) : -0.0000
Side Chain Topographical Entropy from corr. pLogP method (THR 59) : -0.0000
Side Chain Topographical Entropy from corr. pLogP method (ALA 60) : -0.0000
Side Chain Topographical Entropy from corr. pLogP method (LEU 61) : 6.5267
Side Chain Topographical Entropy from corr. pLogP method (GLY 62) : -0.0000
Side Chain Topographical Entropy from corr. pLogP method (TRP 63) : -0.0000
Side Chain Topographical Entropy from corr. pLogP method (THR 64) : -0.0000
Side Chain Topographical Entropy from corr. pLogP method (VAL 65) : -0.0000
Side Chain Topographical Entropy from corr. pLogP method (ALA 66) : -0.0000
Side Chain Topographical Entropy from corr. pLogP method (TRP 67) : 0.2168
Side Chain Topographical Entropy from corr. pLogP method (LYS 68) : 15.9411
Side Chain Topographical Entropy from corr. pLogP method (ASN 69) : 11.1375
Side Chain Topographical Entropy from corr. pLogP method (ASN 70) : 9.2828
Side Chain Topographical Entropy from corr. pLogP method (TYR 71) : 9.9603
Side Chain Topographical Entropy from corr. pLogP method (ARG 72) : 19.4043
Side Chain Topographical Entropy from corr. pLogP method (ASN 73) : 11.6016
Side Chain Topographical Entropy from corr. pLogP method (ALA 74) : -0.0000
Side Chain Topographical Entropy from corr. pLogP method (HID 75) : 7.5622
Side Chain Topographical Entropy from corr. pLogP method (SER 76) : 4.8623
Side Chain Topographical Entropy from corr. pLogP method (ALA 77) : -0.0000
Side Chain Topographical Entropy from corr. pLogP method (THR 78) : 0.1200
Side Chain Topographical Entropy from corr. pLogP method (THR 79) : 0.2168
Side Chain Topographical Entropy from corr. pLogP method (TRP 80) : 2.5537
Side Chain Topographical Entropy from corr. pLogP method (SER 81) : 0.1698
Side Chain Topographical Entropy from corr. pLogP method (GLY 82) : -0.0000
Side Chain Topographical Entropy from corr. pLogP method (GLN 83) : 5.7770
Side Chain Topographical Entropy from corr. pLogP method (TYR 84) : -0.0000
Side Chain Topographical Entropy from corr. pLogP method (VAL 85) : 0.4270
Side Chain Topographical Entropy from corr. pLogP method (GLY 86) : -0.0000
Side Chain Topographical Entropy from corr. pLogP method (GLY 87) : -0.0000
Side Chain Topographical Entropy from corr. pLogP method (ALA 88) : -0.0000
Side Chain Topographical Entropy from corr. pLogP method (GLU 89) : 20.3841
Side Chain Topographical Entropy from corr. pLogP method (ALA 90) : -0.0000
Side Chain Topographical Entropy from corr. pLogP method (ARG 91) : 6.4784
Side Chain Topographical Entropy from corr. pLogP method (ILE 92) : 0.2355
Side Chain Topographical Entropy from corr. pLogP method (ASN 93) : 3.0173
Side Chain Topographical Entropy from corr. pLogP method (THR 94) : 0.0657
Side Chain Topographical Entropy from corr. pLogP method (GLN 95) : 4.4865
Side Chain Topographical Entropy from corr. pLogP method (TRP 96) : 1.2614
Side Chain Topographical Entropy from corr. pLogP method (LEU 97) : 0.2168
Side Chain Topographical Entropy from corr. pLogP method (LEU 98) : 5.7635
Side Chain Topographical Entropy from corr. pLogP method (THR 99) : 5.7492
Side Chain Topographical Entropy from corr. pLogP method (SER 100) : 9.0545
Side Chain Topographical Entropy from corr. pLogP method (GLY 101) : -0.0000
Side Chain Topographical Entropy from corr. pLogP method (THR 102) : 0.5966
Side Chain Topographical Entropy from corr. pLogP method (THR 103) : 1.4485
Side Chain Topographical Entropy from corr. pLogP method (GLU 104) : 21.8217
Side Chain Topographical Entropy from corr. pLogP method (ALA 105) : -0.0000
Side Chain Topographical Entropy from corr. pLogP method (ASN 106) : 5.6276
Side Chain Topographical Entropy from corr. pLogP method (ALA 107) : -0.0000
Side Chain Topographical Entropy from corr. pLogP method (TRP 108) : 5.7599
Side Chain Topographical Entropy from corr. pLogP method (LYS 109) : 14.2989
Side Chain Topographical Entropy from corr. pLogP method (SER 110) : 0.0657
Side Chain Topographical Entropy from corr. pLogP method (THR 111) : -0.0000
Side Chain Topographical Entropy from corr. pLogP method (LEU 112) : 1.7674
Side Chain Topographical Entropy from corr. pLogP method (VAL 113) : -0.0000
Side Chain Topographical Entropy from corr. pLogP method (GLY 114) : -0.0000
Side Chain Topographical Entropy from corr. pLogP method (HID 115) : 0.1200
Side Chain Topographical Entropy from corr. pLogP method (ASP 116) : 8.0962
Side Chain Topographical Entropy from corr. pLogP method (THR 117) : -0.0000
Side Chain Topographical Entropy from corr. pLogP method (PHE 118) : -0.0000
Side Chain Topographical Entropy from corr. pLogP method (THR 119) : 5.6814
Side Chain Topographical Entropy from corr. pLogP method (LYS 120) : 10.9759
Side Chain Topographical Entropy from corr. pLogP method (VAL 121) : 5.2479
Side Chain Topographical Entropy from corr. pLogP method (LYS 122) : 17.3344
Side Chain Topographical Entropy from corr. pLogP method (PRO 123) : 13.7214
Side Chain Topographical Entropy from corr. pLogP method (SER 124) : 8.1690
Side Chain Topographical Entropy from corr. pLogP method (ALA 125) : -0.0000
Side Chain Topographical Entropy from corr. pLogP method (ALA 126) : -0.0000
Side Chain Topographical Entropy from corr. pLogP method (CSER 127) : 4.4010
____________________________________________________________
Total SC Topog. Entropy (corr. pLogP)    :         507.469
------------------------------------------------------------
____________________________________________________________
Total BB Topog. Entropy (corr. pLogP)    :          21.181
------------------------------------------------------------
____________________________________________________________
Total Entropy                            :         528.650
------------------------------------------------------------
------------------------------------------------------------
Topographical entropy of residue side chains 
computed using all the dihedrals with correlation/pLogp formalism
------------------------------------------------------------
Side Chain Topographical Entropy from corr. pLogP method (NALA 1) : -0.0000
Side Chain Topographical Entropy from corr. pLogP method (GLU 2) : 20.8205
Side Chain Topographical Entropy from corr. pLogP method (ALA 3) : -0.0000
Side Chain Topographical Entropy from corr. pLogP method (GLY 4) : -0.0000
Side Chain Topographical Entropy from corr. pLogP method (ILE 5) : 2.8124
Side Chain Topographical Entropy from corr. pLogP method (THR 6) : -0.0000
Side Chain Topographical Entropy from corr. pLogP method (GLY 7) : -0.0000
Side Chain Topographical Entropy from corr. pLogP method (THR 8) : -0.0000
Side Chain Topographical Entropy from corr. pLogP method (TRP 9) : -0.0000
Side Chain Topographical Entropy from corr. pLogP method (TYR 10) : 5.6269
Side Chain Topographical Entropy from corr. pLogP method (ALA 11) : -0.0000
Side Chain Topographical Entropy from corr. pLogP method (GLN 12) : 17.9137
Side Chain Topographical Entropy from corr. pLogP method (LEU 13) : 6.8280
Side Chain Topographical Entropy from corr. pLogP method (GLY 14) : -0.0000
Side Chain Topographical Entropy from corr. pLogP method (SER 15) : 8.8832
Side Chain Topographical Entropy from corr. pLogP method (THR 16) : 3.0508
Side Chain Topographical Entropy from corr. pLogP method (PHE 17) : 0.5034
Side Chain Topographical Entropy from corr. pLogP method (ILE 18) : 3.3427
Side Chain Topographical Entropy from corr. pLogP method (VAL 19) : 1.5004
Side Chain Topographical Entropy from corr. pLogP method (THR 20) : 3.7448
Side Chain Topographical Entropy from corr. pLogP method (ALA 21) : -0.0000
Side Chain Topographical Entropy from corr. pLogP method (GLY 22) : -0.0000
Side Chain Topographical Entropy from corr. pLogP method (ALA 23) : -0.0000
Side Chain Topographical Entropy from corr. pLogP method (ASP 24) : 15.8383
Side Chain Topographical Entropy from corr. pLogP method (GLY 25) : -0.0000
Side Chain Topographical Entropy from corr. pLogP method (ALA 26) : -0.0000
Side Chain Topographical Entropy from corr. pLogP method (LEU 27) : 2.4327
Side Chain Topographical Entropy from corr. pLogP method (THR 28) : 7.2301
Side Chain Topographical Entropy from corr. pLogP method (GLY 29) : -0.0000
Side Chain Topographical Entropy from corr. pLogP method (THR 30) : 6.4269
Side Chain Topographical Entropy from corr. pLogP method (TYR 31) : 8.2509
Side Chain Topographical Entropy from corr. pLogP method (GLU 32) : 19.4007
Side Chain Topographical Entropy from corr. pLogP method (SER 33) : 1.6032
Side Chain Topographical Entropy from corr. pLogP method (ALA 34) : -0.0000
Side Chain Topographical Entropy from corr. pLogP method (VAL 35) : 4.8329
Side Chain Topographical Entropy from corr. pLogP method (GLY 36) : -0.0000
Side Chain Topographical Entropy from corr. pLogP method (ASN 37) : 13.5533
Side Chain Topographical Entropy from corr. pLogP method (ALA 38) : -0.0000
Side Chain Topographical Entropy from corr. pLogP method (GLU 39) : 26.0566
Side Chain Topographical Entropy from corr. pLogP method (SER 40) : 6.3559
Side Chain Topographical Entropy from corr. pLogP method (ARG 41) : 16.3039
Side Chain Topographical Entropy from corr. pLogP method (TYR 42) : 0.0657
Side Chain Topographical Entropy from corr. pLogP method (VAL 43) : 5.8023
Side Chain Topographical Entropy from corr. pLogP method (LEU 44) : 7.0197
Side Chain Topographical Entropy from corr. pLogP method (THR 45) : 3.2297
Side Chain Topographical Entropy from corr. pLogP method (GLY 46) : -0.0000
Side Chain Topographical Entropy from corr. pLogP method (ARG 47) : 0.0657
Side Chain Topographical Entropy from corr. pLogP method (TYR 48) : 2.8563
Side Chain Topographical Entropy from corr. pLogP method (ASP 49) : 4.4838
Side Chain Topographical Entropy from corr. pLogP method (SER 50) : 0.0657
Side Chain Topographical Entropy from corr. pLogP method (ALA 51) : -0.0000
Side Chain Topographical Entropy from corr. pLogP method (PRO 52) : 10.2877
Side Chain Topographical Entropy from corr. pLogP method (ALA 53) : -0.0000
Side Chain Topographical Entropy from corr. pLogP method (THR 54) : 1.3698
Side Chain Topographical Entropy from corr. pLogP method (ASP 55) : 14.2192
Side Chain Topographical Entropy from corr. pLogP method (GLY 56) : -0.0000
Side Chain Topographical Entropy from corr. pLogP method (SER 57) : 5.6905
Side Chain Topographical Entropy from corr. pLogP method (GLY 58) : -0.0000
Side Chain Topographical Entropy from corr. pLogP method (THR 59) : -0.0000
Side Chain Topographical Entropy from corr. pLogP method (ALA 60) : -0.0000
Side Chain Topographical Entropy from corr. pLogP method (LEU 61) : 7.7431
Side Chain Topographical Entropy from corr. pLogP method (GLY 62) : -0.0000
Side Chain Topographical Entropy from corr. pLogP method (TRP 63) : -0.0000
Side Chain Topographical Entropy from corr. pLogP method (THR 64) : -0.0000
Side Chain Topographical Entropy from corr. pLogP method (VAL 65) : -0.0000
Side Chain Topographical Entropy from corr. pLogP method (ALA 66) : -0.0000
Side Chain Topographical Entropy from corr. pLogP method (TRP 67) : -0.0000
Side Chain Topographical Entropy from corr. pLogP method (LYS 68) : 20.3204
Side Chain Topographical Entropy from corr. pLogP method (ASN 69) : 14.5365
Side Chain Topographical Entropy from corr. pLogP method (ASN 70) : 14.2080
Side Chain Topographical Entropy from corr. pLogP method (TYR 71) : 13.5398
Side Chain Topographical Entropy from corr. pLogP method (ARG 72) : 17.8321
Side Chain Topographical Entropy from corr. pLogP method (ASN 73) : 0.8018
Side Chain Topographical Entropy from corr. pLogP method (ALA 74) : -0.0000
Side Chain Topographical Entropy from corr. pLogP method (HID 75) : 0.2617
Side Chain Topographical Entropy from corr. pLogP method (SER 76) : 6.8927
Side Chain Topographical Entropy from corr. pLogP method (ALA 77) : -0.0000
Side Chain Topographical Entropy from corr. pLogP method (THR 78) : -0.0000
Side Chain Topographical Entropy from corr. pLogP method (THR 79) : 0.4270
Side Chain Topographical Entropy from corr. pLogP method (TRP 80) : 3.5718
Side Chain Topographical Entropy from corr. pLogP method (SER 81) : 0.0657
Side Chain Topographical Entropy from corr. pLogP method (GLY 82) : -0.0000
Side Chain Topographical Entropy from corr. pLogP method (GLN 83) : 9.3601
Side Chain Topographical Entropy from corr. pLogP method (TYR 84) : -0.0000
Side Chain Topographical Entropy from corr. pLogP method (VAL 85) : 7.8856
Side Chain Topographical Entropy from corr. pLogP method (GLY 86) : -0.0000
Side Chain Topographical Entropy from corr. pLogP method (GLY 87) : -0.0000
Side Chain Topographical Entropy from corr. pLogP method (ALA 88) : -0.0000
Side Chain Topographical Entropy from corr. pLogP method (GLU 89) : 19.2635
Side Chain Topographical Entropy from corr. pLogP method (ALA 90) : -0.0000
Side Chain Topographical Entropy from corr. pLogP method (ARG 91) : 11.6612
Side Chain Topographical Entropy from corr. pLogP method (ILE 92) : 0.1857
Side Chain Topographical Entropy from corr. pLogP method (ASN 93) : 2.6486
Side Chain Topographical Entropy from corr. pLogP method (THR 94) : 5.5294
Side Chain Topographical Entropy from corr. pLogP method (GLN 95) : 2.9419
Side Chain Topographical Entropy from corr. pLogP method (TRP 96) : 1.0323
Side Chain Topographical Entropy from corr. pLogP method (LEU 97) : 0.1698
Side Chain Topographical Entropy from corr. pLogP method (LEU 98) : 0.6125
Side Chain Topographical Entropy from corr. pLogP method (THR 99) : 0.1698
Side Chain Topographical Entropy from corr. pLogP method (SER 100) : 8.8051
Side Chain Topographical Entropy from corr. pLogP method (GLY 101) : -0.0000
Side Chain Topographical Entropy from corr. pLogP method (THR 102) : 4.1023
Side Chain Topographical Entropy from corr. pLogP method (THR 103) : 2.3512
Side Chain Topographical Entropy from corr. pLogP method (GLU 104) : 24.7240
Side Chain Topographical Entropy from corr. pLogP method (ALA 105) : -0.0000
Side Chain Topographical Entropy from corr. pLogP method (ASN 106) : 5.0917
Side Chain Topographical Entropy from corr. pLogP method (ALA 107) : -0.0000
Side Chain Topographical Entropy from corr. pLogP method (TRP 108) : 5.7181
Side Chain Topographical Entropy from corr. pLogP method (LYS 109) : 12.2900
Side Chain Topographical Entropy from corr. pLogP method (SER 110) : -0.0000
Side Chain Topographical Entropy from corr. pLogP method (THR 111) : 0.1698
Side Chain Topographical Entropy from corr. pLogP method (LEU 112) : 2.0667
Side Chain Topographical Entropy from corr. pLogP method (VAL 113) : -0.0000
Side Chain Topographical Entropy from corr. pLogP method (GLY 114) : -0.0000
Side Chain Topographical Entropy from corr. pLogP method (HID 115) : 8.8630
Side Chain Topographical Entropy from corr. pLogP method (ASP 116) : 9.9707
Side Chain Topographical Entropy from corr. pLogP method (THR 117) : 5.6024
Side Chain Topographical Entropy from corr. pLogP method (PHE 118) : -0.0000
Side Chain Topographical Entropy from corr. pLogP method (THR 119) : -0.0000
Side Chain Topographical Entropy from corr. pLogP method (LYS 120) : 11.1426
Side Chain Topographical Entropy from corr. pLogP method (VAL 121) : 3.0670
Side Chain Topographical Entropy from corr. pLogP method (LYS 122) : 18.3820
Side Chain Topographical Entropy from corr. pLogP method (PRO 123) : 15.0198
Side Chain Topographical Entropy from corr. pLogP method (SER 124) : 7.5916
Side Chain Topographical Entropy from corr. pLogP method (ALA 125) : -0.0000
Side Chain Topographical Entropy from corr. pLogP method (ALA 126) : -0.0000
Side Chain Topographical Entropy from corr. pLogP method (CSER 127) : 5.6678
____________________________________________________________
Total SC Topog. Entropy (corr. pLogP)    :         570.755
------------------------------------------------------------
____________________________________________________________
Total BB Topog. Entropy (corr. pLogP)    :          15.751
------------------------------------------------------------
____________________________________________________________
Total Entropy                            :         586.506
------------------------------------------------------------
------------------------------------------------------------
Topographical entropy of residue side chains 
computed using all the dihedrals with correlation/pLogp formalism
------------------------------------------------------------
Side Chain Topographical Entropy from corr. pLogP method (NALA 1) : -0.0000
Side Chain Topographical Entropy from corr. pLogP method (GLU 2) : 22.7608
Side Chain Topographical Entropy from corr. pLogP method (ALA 3) : -0.0000
Side Chain Topographical Entropy from corr. pLogP method (GLY 4) : -0.0000
Side Chain Topographical Entropy from corr. pLogP method (ILE 5) : 0.8811
Side Chain Topographical Entropy from corr. pLogP method (THR 6) : -0.0000
Side Chain Topographical Entropy from corr. pLogP method (GLY 7) : -0.0000
Side Chain Topographical Entropy from corr. pLogP method (THR 8) : 0.1200
Side Chain Topographical Entropy from corr. pLogP method (TRP 9) : -0.0000
Side Chain Topographical Entropy from corr. pLogP method (TYR 10) : 5.7051
Side Chain Topographical Entropy from corr. pLogP method (ALA 11) : -0.0000
Side Chain Topographical Entropy from corr. pLogP method (GLN 12) : 16.9648
Side Chain Topographical Entropy from corr. pLogP method (LEU 13) : 7.8538
Side Chain Topographical Entropy from corr. pLogP method (GLY 14) : -0.0000
Side Chain Topographical Entropy from corr. pLogP method (SER 15) : 7.4944
Side Chain Topographical Entropy from corr. pLogP method (THR 16) : 2.1516
Side Chain Topographical Entropy from corr. pLogP method (PHE 17) : -0.0000
Side Chain Topographical Entropy from corr. pLogP method (ILE 18) : 4.9331
Side Chain Topographical Entropy from corr. pLogP method (VAL 19) : 0.9720
Side Chain Topographical Entropy from corr. pLogP method (THR 20) : 4.0191
Side Chain Topographical Entropy from corr. pLogP method (ALA 21) : -0.0000
Side Chain Topographical Entropy from corr. pLogP method (GLY 22) : -0.0000
Side Chain Topographical Entropy from corr. pLogP method (ALA 23) : -0.0000
Side Chain Topographical Entropy from corr. pLogP method (ASP 24) : 9.9248
Side Chain Topographical Entropy from corr. pLogP method (GLY 25) : -0.0000
Side Chain Topographical Entropy from corr. pLogP method (ALA 26) : -0.0000
Side Chain Topographical Entropy from corr. pLogP method (LEU 27) : 4.6570
Side Chain Topographical Entropy from corr. pLogP method (THR 28) : 4.9457
Side Chain Topographical Entropy from corr. pLogP method (GLY 29) : -0.0000
Side Chain Topographical Entropy from corr. pLogP method (THR 30) : 8.8691
Side Chain Topographical Entropy from corr. pLogP method (TYR 31) : 6.3097
Side Chain Topographical Entropy from corr. pLogP method (GLU 32) : 16.3509
Side Chain Topographical Entropy from corr. pLogP method (SER 33) : 6.5879
Side Chain Topographical Entropy from corr. pLogP method (ALA 34) : -0.0000
Side Chain Topographical Entropy from corr. pLogP method (VAL 35) : 5.3132
Side Chain Topographical Entropy from corr. pLogP method (GLY 36) : -0.0000
Side Chain Topographical Entropy from corr. pLogP method (ASN 37) : 13.7791
Side Chain Topographical Entropy from corr. pLogP method (ALA 38) : -0.0000
Side Chain Topographical Entropy from corr. pLogP method (GLU 39) : 15.4826
Side Chain Topographical Entropy from corr. pLogP method (SER 40) : 0.0657
Side Chain Topographical Entropy from corr. pLogP method (ARG 41) : 15.4859
Side Chain Topographical Entropy from corr. pLogP method (TYR 42) : 0.4248
Side Chain Topographical Entropy from corr. pLogP method (VAL 43) : 0.1698
Side Chain Topographical Entropy from corr. pLogP method (LEU 44) : 7.3479
Side Chain Topographical Entropy from corr. pLogP method (THR 45) : 6.6340
Side Chain Topographical Entropy from corr. pLogP method (GLY 46) : -0.0000
Side Chain Topographical Entropy from corr. pLogP method (ARG 47) : 0.2617
Side Chain Topographical Entropy from corr. pLogP method (TYR 48) : 2.7665
Side Chain Topographical Entropy from corr. pLogP method (ASP 49) : 3.3671
Side Chain Topographical Entropy from corr. pLogP method (SER 50) : 0.3050
Side Chain Topographical Entropy from corr. pLogP method (ALA 51) : -0.0000
Side Chain Topographical Entropy from corr. pLogP method (PRO 52) : 11.3255
Side Chain Topographical Entropy from corr. pLogP method (ALA 53) : -0.0000
Side Chain Topographical Entropy from corr. pLogP method (THR 54) : 6.9078
Side Chain Topographical Entropy from corr. pLogP method (ASP 55) : 7.1816
Side Chain Topographical Entropy from corr. pLogP method (GLY 56) : -0.0000
Side Chain Topographical Entropy from corr. pLogP method (SER 57) : 0.8151
Side Chain Topographical Entropy from corr. pLogP method (GLY 58) : -0.0000
Side Chain Topographical Entropy from corr. pLogP method (THR 59) : 0.0657
Side Chain Topographical Entropy from corr. pLogP method (ALA 60) : -0.0000
Side Chain Topographical Entropy from corr. pLogP method (LEU 61) : 3.3144
Side Chain Topographical Entropy from corr. pLogP method (GLY 62) : -0.0000
Side Chain Topographical Entropy from corr. pLogP method (TRP 63) : -0.0000
Side Chain Topographical Entropy from corr. pLogP method (THR 64) : -0.0000
Side Chain Topographical Entropy from corr. pLogP method (VAL 65) : -0.0000
Side Chain Topographical Entropy from corr. pLogP method (ALA 66) : -0.0000
Side Chain Topographical Entropy from corr. pLogP method (TRP 67) : 0.2168
Side Chain Topographical Entropy from corr. pLogP method (LYS 68) : 13.6543
Side Chain Topographical Entropy from corr. pLogP method (ASN 69) : 4.7559
Side Chain Topographical Entropy from corr. pLogP method (ASN 70) : 9.5172
Side Chain Topographical Entropy from corr. pLogP method (TYR 71) : 10.7728
Side Chain Topographical Entropy from corr. pLogP method (ARG 72) : 15.7608
Side Chain Topographical Entropy from corr. pLogP method (ASN 73) : 5.1668
Side Chain Topographical Entropy from corr. pLogP method (ALA 74) : -0.0000
Side Chain Topographical Entropy from corr. pLogP method (HID 75) : 2.1089
Side Chain Topographical Entropy from corr. pLogP method (SER 76) : 2.1159
Side Chain Topographical Entropy from corr. pLogP method (ALA 77) : -0.0000
Side Chain Topographical Entropy from corr. pLogP method (THR 78) : 0.0657
Side Chain Topographical Entropy from corr. pLogP method (THR 79) : 0.3050
Side Chain Topographical Entropy from corr. pLogP method (TRP 80) : 1.8178
Side Chain Topographical Entropy from corr. pLogP method (SER 81) : 0.1200
Side Chain Topographical Entropy from corr. pLogP method (GLY 82) : -0.0000
Side Chain Topographical Entropy from corr. pLogP method (GLN 83) : 6.9757
Side Chain Topographical Entropy from corr. pLogP method (TYR 84) : -0.0000
Side Chain Topographical Entropy from corr. pLogP method (VAL 85) : 1.8723
Side Chain Topographical Entropy from corr. pLogP method (GLY 86) : -0.0000
Side Chain Topographical Entropy from corr. pLogP method (GLY 87) : -0.0000
Side Chain Topographical Entropy from corr. pLogP method (ALA 88) : -0.0000
Side Chain Topographical Entropy from corr. pLogP method (GLU 89) : 20.9503
Side Chain Topographical Entropy from corr. pLogP method (ALA 90) : -0.0000
Side Chain Topographical Entropy from corr. pLogP method (ARG 91) : 9.3396
Side Chain Topographical Entropy from corr. pLogP method (ILE 92) : 0.1315
Side Chain Topographical Entropy from corr. pLogP method (ASN 93) : 5.1726
Side Chain Topographical Entropy from corr. pLogP method (THR 94) : 0.0657
Side Chain Topographical Entropy from corr. pLogP method (GLN 95) : 10.5445
Side Chain Topographical Entropy from corr. pLogP method (TRP 96) : 0.7161
Side Chain Topographical Entropy from corr. pLogP method (LEU 97) : 1.3648
Side Chain Topographical Entropy from corr. pLogP method (LEU 98) : 2.6187
Side Chain Topographical Entropy from corr. pLogP method (THR 99) : 2.6662
Side Chain Topographical Entropy from corr. pLogP method (SER 100) : 5.6264
Side Chain Topographical Entropy from corr. pLogP method (GLY 101) : -0.0000
Side Chain Topographical Entropy from corr. pLogP method (THR 102) : 5.5090
Side Chain Topographical Entropy from corr. pLogP method (THR 103) : 1.9099
Side Chain Topographical Entropy from corr. pLogP method (GLU 104) : 20.9713
Side Chain Topographical Entropy from corr. pLogP method (ALA 105) : -0.0000
Side Chain Topographical Entropy from corr. pLogP method (ASN 106) : 6.7315
Side Chain Topographical Entropy from corr. pLogP method (ALA 107) : -0.0000
Side Chain Topographical Entropy from corr. pLogP method (TRP 108) : 5.6830
Side Chain Topographical Entropy from corr. pLogP method (LYS 109) : 18.7250
Side Chain Topographical Entropy from corr. pLogP method (SER 110) : 1.0678
Side Chain Topographical Entropy from corr. pLogP method (THR 111) : 0.0657
Side Chain Topographical Entropy from corr. pLogP method (LEU 112) : 3.4096
Side Chain Topographical Entropy from corr. pLogP method (VAL 113) : -0.0000
Side Chain Topographical Entropy from corr. pLogP method (GLY 114) : -0.0000
Side Chain Topographical Entropy from corr. pLogP method (HID 115) : -0.0000
Side Chain Topographical Entropy from corr. pLogP method (ASP 116) : 4.1651
Side Chain Topographical Entropy from corr. pLogP method (THR 117) : -0.0000
Side Chain Topographical Entropy from corr. pLogP method (PHE 118) : -0.0000
Side Chain Topographical Entropy from corr. pLogP method (THR 119) : 0.4656
Side Chain Topographical Entropy from corr. pLogP method (LYS 120) : 12.8900
Side Chain Topographical Entropy from corr. pLogP method (VAL 121) : 5.4336
Side Chain Topographical Entropy from corr. pLogP method (LYS 122) : 16.3974
Side Chain Topographical Entropy from corr. pLogP method (PRO 123) : 14.6353
Side Chain Topographical Entropy from corr. pLogP method (SER 124) : 8.4588
Side Chain Topographical Entropy from corr. pLogP method (ALA 125) : -0.0000
Side Chain Topographical Entropy from corr. pLogP method (ALA 126) : -0.0000
Side Chain Topographical Entropy from corr. pLogP method (CSER 127) : 5.0277
____________________________________________________________
Total SC Topog. Entropy (corr. pLogP)    :         498.483
------------------------------------------------------------
____________________________________________________________
Total BB Topog. Entropy (corr. pLogP)    :          17.815
------------------------------------------------------------
____________________________________________________________
Total Entropy                            :         516.298
------------------------------------------------------------
------------------------------------------------------------
Topographical entropy of residue side chains 
computed using all the dihedrals with correlation/pLogp formalism
------------------------------------------------------------
Side Chain Topographical Entropy from corr. pLogP method (NALA 1) : -0.0000
Side Chain Topographical Entropy from corr. pLogP method (GLU 2) : 18.8590
Side Chain Topographical Entropy from corr. pLogP method (ALA 3) : -0.0000
Side Chain Topographical Entropy from corr. pLogP method (GLY 4) : -0.0000
Side Chain Topographical Entropy from corr. pLogP method (ILE 5) : 0.7463
Side Chain Topographical Entropy from corr. pLogP method (THR 6) : -0.0000
Side Chain Topographical Entropy from corr. pLogP method (GLY 7) : -0.0000
Side Chain Topographical Entropy from corr. pLogP method (THR 8) : 0.5034
Side Chain Topographical Entropy from corr. pLogP method (TRP 9) : -0.0000
Side Chain Topographical Entropy from corr. pLogP method (TYR 10) : 5.8348
Side Chain Topographical Entropy from corr. pLogP method (ALA 11) : -0.0000
Side Chain Topographical Entropy from corr. pLogP method (GLN 12) : 20.8925
Side Chain Topographical Entropy from corr. pLogP method (LEU 13) : 7.0365
Side Chain Topographical Entropy from corr. pLogP method (GLY 14) : -0.0000
Side Chain Topographical Entropy from corr. pLogP method (SER 15) : 7.6538
Side Chain Topographical Entropy from corr. pLogP method (THR 16) : 1.8411
Side Chain Topographical Entropy from corr. pLogP method (PHE 17) : 1.6192
Side Chain Topographical Entropy from corr. pLogP method (ILE 18) : 3.9709
Side Chain Topographical Entropy from corr. pLogP method (VAL 19) : 6.4308
Side Chain Topographical Entropy from corr. pLogP method (THR 20) : 4.4082
Side Chain Topographical Entropy from corr. pLogP method (ALA 21) : -0.0000
Side Chain Topographical Entropy from corr. pLogP method (GLY 22) : -0.0000
Side Chain Topographical Entropy from corr. pLogP method (ALA 23) : -0.0000
Side Chain Topographical Entropy from corr. pLogP method (ASP 24) : 9.9294
Side Chain Topographical Entropy from corr. pLogP method (GLY 25) : -0.0000
Side Chain Topographical Entropy from corr. pLogP method (ALA 26) : -0.0000
Side Chain Topographical Entropy from corr. pLogP method (LEU 27) : 5.1506
Side Chain Topographical Entropy from corr. pLogP method (THR 28) : 7.8503
Side Chain Topographical Entropy from corr. pLogP method (GLY 29) : -0.0000
Side Chain Topographical Entropy from corr. pLogP method (THR 30) : -0.0000
Side Chain Topographical Entropy from corr. pLogP method (TYR 31) : 5.3346
Side Chain Topographical Entropy from corr. pLogP method (GLU 32) : 11.0111
Side Chain Topographical Entropy from corr. pLogP method (SER 33) : 3.2179
Side Chain Topographical Entropy from corr. pLogP method (ALA 34) : -0.0000
Side Chain Topographical Entropy from corr. pLogP method (VAL 35) : 5.5343
Side Chain Topographical Entropy from corr. pLogP method (GLY 36) : -0.0000
Side Chain Topographical Entropy from corr. pLogP method (ASN 37) : 12.3957
Side Chain Topographical Entropy from corr. pLogP method (ALA 38) : -0.0000
Side Chain Topographical Entropy from corr. pLogP method (GLU 39) : 16.4544
Side Chain Topographical Entropy from corr. pLogP method (SER 40) : 7.5167
Side Chain Topographical Entropy from corr. pLogP method (ARG 41) : 9.8357
Side Chain Topographical Entropy from corr. pLogP method (TYR 42) : -0.0000
Side Chain Topographical Entropy from corr. pLogP method (VAL 43) : 0.0657
Side Chain Topographical Entropy from corr. pLogP method (LEU 44) : 4.9962
Side Chain Topographical Entropy from corr. pLogP method (THR 45) : 4.2063
Side Chain Topographical Entropy from corr. pLogP method (GLY 46) : -0.0000
Side Chain Topographical Entropy from corr. pLogP method (ARG 47) : 0.0657
Side Chain Topographical Entropy from corr. pLogP method (TYR 48) : 3.0225
Side Chain Topographical Entropy from corr. pLogP method (ASP 49) : 4.6755
Side Chain Topographical Entropy from corr. pLogP method (SER 50) : -0.0000
Side Chain Topographical Entropy from corr. pLogP method (ALA 51) : -0.0000
Side Chain Topographical Entropy from corr. pLogP method (PRO 52) : 12.6677
Side Chain Topographical Entropy from corr. pLogP method (ALA 53) : -0.0000
Side Chain Topographical Entropy from corr. pLogP method (THR 54) : 8.3963
Side Chain Topographical Entropy from corr. pLogP method (ASP 55) : 4.6445
Side Chain Topographical Entropy from corr. pLogP method (GLY 56) : -0.0000
Side Chain Topographical Entropy from corr. pLogP method (SER 57) : 3.7372
Side Chain Topographical Entropy from corr. pLogP method (GLY 58) : -0.0000
Side Chain Topographical Entropy from corr. pLogP method (THR 59) : -0.0000
Side Chain Topographical Entropy from corr. pLogP method (ALA 60) : -0.0000
Side Chain Topographical Entropy from corr. pLogP method (LEU 61) : 6.4353
Side Chain Topographical Entropy from corr. pLogP method (GLY 62) : -0.0000
Side Chain Topographical Entropy from corr. pLogP method (TRP 63) : -0.0000
Side Chain Topographical Entropy from corr. pLogP method (THR 64) : -0.0000
Side Chain Topographical Entropy from corr. pLogP method (VAL 65) : -0.0000
Side Chain Topographical Entropy from corr. pLogP method (ALA 66) : -0.0000
Side Chain Topographical Entropy from corr. pLogP method (TRP 67) : -0.0000
Side Chain Topographical Entropy from corr. pLogP method (LYS 68) : 21.7572
Side Chain Topographical Entropy from corr. pLogP method (ASN 69) : 10.9978
Side Chain Topographical Entropy from corr. pLogP method (ASN 70) : 15.3000
Side Chain Topographical Entropy from corr. pLogP method (TYR 71) : 12.2561
Side Chain Topographical Entropy from corr. pLogP method (ARG 72) : 17.4581
Side Chain Topographical Entropy from corr. pLogP method (ASN 73) : 1.5763
Side Chain Topographical Entropy from corr. pLogP method (ALA 74) : -0.0000
Side Chain Topographical Entropy from corr. pLogP method (HID 75) : 0.7495
Side Chain Topographical Entropy from corr. pLogP method (SER 76) : 7.3033
Side Chain Topographical Entropy from corr. pLogP method (ALA 77) : -0.0000
Side Chain Topographical Entropy from corr. pLogP method (THR 78) : -0.0000
Side Chain Topographical Entropy from corr. pLogP method (THR 79) : 0.4656
Side Chain Topographical Entropy from corr. pLogP method (TRP 80) : 3.7506
Side Chain Topographical Entropy from corr. pLogP method (SER 81) : 0.0657
Side Chain Topographical Entropy from corr. pLogP method (GLY 82) : -0.0000
Side Chain Topographical Entropy from corr. pLogP method (GLN 83) : 7.4792
Side Chain Topographical Entropy from corr. pLogP method (TYR 84) : -0.0000
Side Chain Topographical Entropy from corr. pLogP method (VAL 85) : 1.6581
Side Chain Topographical Entropy from corr. pLogP method (GLY 86) : -0.0000
Side Chain Topographical Entropy from corr. pLogP method (GLY 87) : -0.0000
Side Chain Topographical Entropy from corr. pLogP method (ALA 88) : -0.0000
Side Chain Topographical Entropy from corr. pLogP method (GLU 89) : 12.8684
Side Chain Topographical Entropy from corr. pLogP method (ALA 90) : -0.0000
Side Chain Topographical Entropy from corr. pLogP method (ARG 91) : 7.5606
Side Chain Topographical Entropy from corr. pLogP method (ILE 92) : 0.1200
Side Chain Topographical Entropy from corr. pLogP method (ASN 93) : 6.8419
Side Chain Topographical Entropy from corr. pLogP method (THR 94) : 4.6664
Side Chain Topographical Entropy from corr. pLogP method (GLN 95) : 1.6809
Side Chain Topographical Entropy from corr. pLogP method (TRP 96) : 1.2614
Side Chain Topographical Entropy from corr. pLogP method (LEU 97) : 2.1601
Side Chain Topographical Entropy from corr. pLogP method (LEU 98) : 0.3468
Side Chain Topographical Entropy from corr. pLogP method (THR 99) : -0.0000
Side Chain Topographical Entropy from corr. pLogP method (SER 100) : 8.9650
Side Chain Topographical Entropy from corr. pLogP method (GLY 101) : -0.0000
Side Chain Topographical Entropy from corr. pLogP method (THR 102) : -0.0000
Side Chain Topographical Entropy from corr. pLogP method (THR 103) : -0.0000
Side Chain Topographical Entropy from corr. pLogP method (GLU 104) : 23.5658
Side Chain Topographical Entropy from corr. pLogP method (ALA 105) : -0.0000
Side Chain Topographical Entropy from corr. pLogP method (ASN 106) : 8.7050
Side Chain Topographical Entropy from corr. pLogP method (ALA 107) : -0.0000
Side Chain Topographical Entropy from corr. pLogP method (TRP 108) : 5.8105
Side Chain Topographical Entropy from corr. pLogP method (LYS 109) : 15.1154
Side Chain Topographical Entropy from corr. pLogP method (SER 110) : 5.4852
Side Chain Topographical Entropy from corr. pLogP method (THR 111) : -0.0000
Side Chain Topographical Entropy from corr. pLogP method (LEU 112) : 2.0301
Side Chain Topographical Entropy from corr. pLogP method (VAL 113) : -0.0000
Side Chain Topographical Entropy from corr. pLogP method (GLY 114) : -0.0000
Side Chain Topographical Entropy from corr. pLogP method (HID 115) : 0.7477
Side Chain Topographical Entropy from corr. pLogP method (ASP 116) : 5.7486
Side Chain Topographical Entropy from corr. pLogP method (THR 117) : 4.9916
Side Chain Topographical Entropy from corr. pLogP method (PHE 118) : -0.0000
Side Chain Topographical Entropy from corr. pLogP method (THR 119) : 0.4270
Side Chain Topographical Entropy from corr. pLogP method (LYS 120) : 14.7812
Side Chain Topographical Entropy from corr. pLogP method (VAL 121) : 7.4060
Side Chain Topographical Entropy from corr. pLogP method (LYS 122) : 16.4948
Side Chain Topographical Entropy from corr. pLogP method (PRO 123) : 14.5053
Side Chain Topographical Entropy from corr. pLogP method (SER 124) : 8.0060
Side Chain Topographical Entropy from corr. pLogP method (ALA 125) : -0.0000
Side Chain Topographical Entropy from corr. pLogP method (ALA 126) : -0.0000
Side Chain Topographical Entropy from corr. pLogP method (CSER 127) : 5.3701
____________________________________________________________
Total SC Topog. Entropy (corr. pLogP)    :         513.419
------------------------------------------------------------
____________________________________________________________
Total BB Topog. Entropy (corr. pLogP)    :          23.380
------------------------------------------------------------
____________________________________________________________
Total Entropy                            :         536.799
------------------------------------------------------------
------------------------------------------------------------
Topographical entropy of residue side chains 
computed using all the dihedrals with correlation/pLogp formalism
------------------------------------------------------------
Side Chain Topographical Entropy from corr. pLogP method (NALA 1) : -0.0000
Side Chain Topographical Entropy from corr. pLogP method (GLU 2) : 20.1414
Side Chain Topographical Entropy from corr. pLogP method (ALA 3) : -0.0000
Side Chain Topographical Entropy from corr. pLogP method (GLY 4) : -0.0000
Side Chain Topographical Entropy from corr. pLogP method (ILE 5) : 1.4218
Side Chain Topographical Entropy from corr. pLogP method (THR 6) : -0.0000
Side Chain Topographical Entropy from corr. pLogP method (GLY 7) : -0.0000
Side Chain Topographical Entropy from corr. pLogP method (THR 8) : -0.0000
Side Chain Topographical Entropy from corr. pLogP method (TRP 9) : -0.0000
Side Chain Topographical Entropy from corr. pLogP method (TYR 10) : 5.2490
Side Chain Topographical Entropy from corr. pLogP method (ALA 11) : -0.0000
Side Chain Topographical Entropy from corr. pLogP method (GLN 12) : 19.9202
Side Chain Topographical Entropy from corr. pLogP method (LEU 13) : 7.0774
Side Chain Topographical Entropy from corr. pLogP method (GLY 14) : -0.0000
Side Chain Topographical Entropy from corr. pLogP method (SER 15) : 7.1691
Side Chain Topographical Entropy from corr. pLogP method (THR 16) : 0.0657
Side Chain Topographical Entropy from corr. pLogP method (PHE 17) : 3.3218
Side Chain Topographical Entropy from corr. pLogP method (ILE 18) : 4.2502
Side Chain Topographical Entropy from corr. pLogP method (VAL 19) : 4.7129
Side Chain Topographical Entropy from corr. pLogP method (THR 20) : -0.0000
Side Chain Topographical Entropy from corr. pLogP method (ALA 21) : -0.0000
Side Chain Topographical Entropy from corr. pLogP method (GLY 22) : -0.0000
Side Chain Topographical Entropy from corr. pLogP method (ALA 23) : -0.0000
Side Chain Topographical Entropy from corr. pLogP method (ASP 24) : 9.6420
Side Chain Topographical Entropy from corr. pLogP method (GLY 25) : -0.0000
Side Chain Topographical Entropy from corr. pLogP method (ALA 26) : -0.0000
Side Chain Topographical Entropy from corr. pLogP method (LEU 27) : 4.9108
Side Chain Topographical Entropy from corr. pLogP method (THR 28) : 7.1704
Side Chain Topographical Entropy from corr. pLogP method (GLY 29) : -0.0000
Side Chain Topographical Entropy from corr. pLogP method (THR 30) : -0.0000
Side Chain Topographical Entropy from corr. pLogP method (TYR 31) : 6.0984
Side Chain Topographical Entropy from corr. pLogP method (GLU 32) : 11.6651
Side Chain Topographical Entropy from corr. pLogP method (SER 33) : 0.9771
Side Chain Topographical Entropy from corr. pLogP method (ALA 34) : -0.0000
Side Chain Topographical Entropy from corr. pLogP method (VAL 35) : 8.1931
Side Chain Topographical Entropy from corr. pLogP method (GLY 36) : -0.0000
Side Chain Topographical Entropy from corr. pLogP method (ASN 37) : 13.1303
Side Chain Topographical Entropy from corr. pLogP method (ALA 38) : -0.0000
Side Chain Topographical Entropy from corr. pLogP method (GLU 39) : 22.0505
Side Chain Topographical Entropy from corr. pLogP method (SER 40) : 7.9837
Side Chain Topographical Entropy from corr. pLogP method (ARG 41) : 6.3973
Side Chain Topographical Entropy from corr. pLogP method (TYR 42) : -0.0000
Side Chain Topographical Entropy from corr. pLogP method (VAL 43) : 2.0218
Side Chain Topographical Entropy from corr. pLogP method (LEU 44) : 12.0324
Side Chain Topographical Entropy from corr. pLogP method (THR 45) : 0.1698
Side Chain Topographical Entropy from corr. pLogP method (GLY 46) : -0.0000
Side Chain Topographical Entropy from corr. pLogP method (ARG 47) : 0.1200
Side Chain Topographical Entropy from corr. pLogP method (TYR 48) : 3.7188
Side Chain Topographical Entropy from corr. pLogP method (ASP 49) : 5.5991
Side Chain Topographical Entropy from corr. pLogP method (SER 50) : 1.8769
Side Chain Topographical Entropy from corr. pLogP method (ALA 51) : -0.0000
Side Chain Topographical Entropy from corr. pLogP method (PRO 52) : 13.3951
Side Chain Topographical Entropy from corr. pLogP method (ALA 53) : -0.0000
Side Chain Topographical Entropy from corr. pLogP method (THR 54) : 3.6694
Side Chain Topographical Entropy from corr. pLogP method (ASP 55) : 15.3598
Side Chain Topographical Entropy from corr. pLogP method (GLY 56) : -0.0000
Side Chain Topographical Entropy from corr. pLogP method (SER 57) : 6.6879
Side Chain Topographical Entropy from corr. pLogP method (GLY 58) : -0.0000
Side Chain Topographical Entropy from corr. pLogP method (THR 59) : 0.2617
Side Chain Topographical Entropy from corr. pLogP method (ALA 60) : -0.0000
Side Chain Topographical Entropy from corr. pLogP method (LEU 61) : 2.9065
Side Chain Topographical Entropy from corr. pLogP method (GLY 62) : -0.0000
Side Chain Topographical Entropy from corr. pLogP method (TRP 63) : 3.5718
Side Chain Topographical Entropy from corr. pLogP method (THR 64) : -0.0000
Side Chain Topographical Entropy from corr. pLogP method (VAL 65) : -0.0000
Side Chain Topographical Entropy from corr. pLogP method (ALA 66) : -0.0000
Side Chain Topographical Entropy from corr. pLogP method (TRP 67) : -0.0000
Side Chain Topographical Entropy from corr. pLogP method (LYS 68) : 13.2804
Side Chain Topographical Entropy from corr. pLogP method (ASN 69) : 3.6404
Side Chain Topographical Entropy from corr. pLogP method (ASN 70) : 10.5487
Side Chain Topographical Entropy from corr. pLogP method (TYR 71) : 9.1250
Side Chain Topographical Entropy from corr. pLogP method (ARG 72) : 19.0467
Side Chain Topographical Entropy from corr. pLogP method (ASN 73) : 0.5664
Side Chain Topographical Entropy from corr. pLogP method (ALA 74) : -0.0000
Side Chain Topographical Entropy from corr. pLogP method (HID 75) : 1.7159
Side Chain Topographical Entropy from corr. pLogP method (SER 76) : 0.1315
Side Chain Topographical Entropy from corr. pLogP method (ALA 77) : -0.0000
Side Chain Topographical Entropy from corr. pLogP method (THR 78) : -0.0000
Side Chain Topographical Entropy from corr. pLogP method (THR 79) : 0.0657
Side Chain Topographical Entropy from corr. pLogP method (TRP 80) : 4.4330
Side Chain Topographical Entropy from corr. pLogP method (SER 81) : 0.1200
Side Chain Topographical Entropy from corr. pLogP method (GLY 82) : -0.0000
Side Chain Topographical Entropy from corr. pLogP method (GLN 83) : 8.2173
Side Chain Topographical Entropy from corr. pLogP method (TYR 84) : -0.0000
Side Chain Topographical Entropy from corr. pLogP method (VAL 85) : 3.1628
Side Chain Topographical Entropy from corr. pLogP method (GLY 86) : -0.0000
Side Chain Topographical Entropy from corr. pLogP method (GLY 87) : -0.0000
Side Chain Topographical Entropy from corr. pLogP method (ALA 88) : -0.0000
Side Chain Topographical Entropy from corr. pLogP method (GLU 89) : 19.6713
Side Chain Topographical Entropy from corr. pLogP method (ALA 90) : -0.0000
Side Chain Topographical Entropy from corr. pLogP method (ARG 91) : 11.6028
Side Chain Topographical Entropy from corr. pLogP method (ILE 92) : 0.6666
Side Chain Topographical Entropy from corr. pLogP method (ASN 93) : 8.6709
Side Chain Topographical Entropy from corr. pLogP method (THR 94) : -0.0000
Side Chain Topographical Entropy from corr. pLogP method (GLN 95) : 9.4163
Side Chain Topographical Entropy from corr. pLogP method (TRP 96) : 1.3964
Side Chain Topographical Entropy from corr. pLogP method (LEU 97) : 7.3764
Side Chain Topographical Entropy from corr. pLogP method (LEU 98) : 1.0376
Side Chain Topographical Entropy from corr. pLogP method (THR 99) : -0.0000
Side Chain Topographical Entropy from corr. pLogP method (SER 100) : 7.8718
Side Chain Topographical Entropy from corr. pLogP method (GLY 101) : -0.0000
Side Chain Topographical Entropy from corr. pLogP method (THR 102) : 5.1069
Side Chain Topographical Entropy from corr. pLogP method (THR 103) : -0.0000
Side Chain Topographical Entropy from corr. pLogP method (GLU 104) : 21.0302
Side Chain Topographical Entropy from corr. pLogP method (ALA 105) : -0.0000
Side Chain Topographical Entropy from corr. pLogP method (ASN 106) : 3.0055
Side Chain Topographical Entropy from corr. pLogP method (ALA 107) : -0.0000
Side Chain Topographical Entropy from corr. pLogP method (TRP 108) : 5.7660
Side Chain Topographical Entropy from corr. pLogP method (LYS 109) : 9.6908
Side Chain Topographical Entropy from corr. pLogP method (SER 110) : 1.9326
Side Chain Topographical Entropy from corr. pLogP method (THR 111) : 0.0657
Side Chain Topographical Entropy from corr. pLogP method (LEU 112) : 3.8349
Side Chain Topographical Entropy from corr. pLogP method (VAL 113) : 0.1200
Side Chain Topographical Entropy from corr. pLogP method (GLY 114) : -0.0000
Side Chain Topographical Entropy from corr. pLogP method (HID 115) : 5.6348
Side Chain Topographical Entropy from corr. pLogP method (ASP 116) : 12.0860
Side Chain Topographical Entropy from corr. pLogP method (THR 117) : 5.3132
Side Chain Topographical Entropy from corr. pLogP method (PHE 118) : -0.0000
Side Chain Topographical Entropy from corr. pLogP method (THR 119) : 5.2744
Side Chain Topographical Entropy from corr. pLogP method (LYS 120) : 11.6353
Side Chain Topographical Entropy from corr. pLogP method (VAL 121) : 3.0480
Side Chain Topographical Entropy from corr. pLogP method (LYS 122) : 18.9784
Side Chain Topographical Entropy from corr. pLogP method (PRO 123) : 14.3251
Side Chain Topographical Entropy from corr. pLogP method (SER 124) : 9.1139
Side Chain Topographical Entropy from corr. pLogP method (ALA 125) : -0.0000
Side Chain Topographical Entropy from corr. pLogP method (ALA 126) : -0.0000
Side Chain Topographical Entropy from corr. pLogP method (CSER 127) : 7.4809
____________________________________________________________
Total SC Topog. Entropy (corr. pLogP)    :         528.146
------------------------------------------------------------
____________________________________________________________
Total BB Topog. Entropy (corr. pLogP)    :          21.521
------------------------------------------------------------
____________________________________________________________
Total Entropy                            :         549.667
------------------------------------------------------------
