------------------------------------------------------------
Topographical entropy of residue side chains 
computed using all the dihedrals with AEM method
------------------------------------------------------------
Residue Topographical Entropy from AEM (NALA 1) : 1.8699
Residue Topographical Entropy from AEM (GLU 2) : 18.5474
Residue Topographical Entropy from AEM (ALA 3) : -0.0000
Residue Topographical Entropy from AEM (GLY 4) : -0.0000
Residue Topographical Entropy from AEM (ILE 5) : 3.5380
Residue Topographical Entropy from AEM (THR 6) : 0.9031
Residue Topographical Entropy from AEM (GLY 7) : -0.0000
Residue Topographical Entropy from AEM (THR 8) : 6.3858
Residue Topographical Entropy from AEM (TRP 9) : 37.6269
Residue Topographical Entropy from AEM (TYR 10) : 27.0626
Residue Topographical Entropy from AEM (ALA 11) : -0.0000
Residue Topographical Entropy from AEM (GLN 12) : 16.0713
Residue Topographical Entropy from AEM (LEU 13) : 9.7219
Residue Topographical Entropy from AEM (GLY 14) : -0.0000
Residue Topographical Entropy from AEM (SER 15) : 8.2077
Residue Topographical Entropy from AEM (THR 16) : 5.8588
Residue Topographical Entropy from AEM (PHE 17) : 25.3590
Residue Topographical Entropy from AEM (ILE 18) : 11.7200
Residue Topographical Entropy from AEM (VAL 19) : 4.7332
Residue Topographical Entropy from AEM (THR 20) : 8.0415
Residue Topographical Entropy from AEM (ALA 21) : -0.0000
Residue Topographical Entropy from AEM (GLY 22) : -0.0000
Residue Topographical Entropy from AEM (ALA 23) : -0.0000
Residue Topographical Entropy from AEM (ASP 24) : 11.6216
Residue Topographical Entropy from AEM (GLY 25) : -0.0000
Residue Topographical Entropy from AEM (ALA 26) : -0.0000
Residue Topographical Entropy from AEM (LEU 27) : 7.3682
Residue Topographical Entropy from AEM (THR 28) : 8.4876
Residue Topographical Entropy from AEM (GLY 29) : -0.0000
Residue Topographical Entropy from AEM (THR 30) : 5.6207
Residue Topographical Entropy from AEM (TYR 31) : 27.4535
Residue Topographical Entropy from AEM (GLU 32) : 18.7686
Residue Topographical Entropy from AEM (SER 33) : 8.0982
Residue Topographical Entropy from AEM (ALA 34) : -0.0000
Residue Topographical Entropy from AEM (VAL 35) : 8.2213
Residue Topographical Entropy from AEM (GLY 36) : -0.0000
Residue Topographical Entropy from AEM (ASN 37) : 11.0511
Residue Topographical Entropy from AEM (ALA 38) : -0.0000
Residue Topographical Entropy from AEM (GLU 39) : 23.9592
Residue Topographical Entropy from AEM (SER 40) : 6.2644
Residue Topographical Entropy from AEM (ARG 41) : 11.7143
Residue Topographical Entropy from AEM (TYR 42) : 22.4314
Residue Topographical Entropy from AEM (VAL 43) : 0.6080
Residue Topographical Entropy from AEM (LEU 44) : 1.5953
Residue Topographical Entropy from AEM (THR 45) : 6.5260
Residue Topographical Entropy from AEM (GLY 46) : -0.0000
Residue Topographical Entropy from AEM (ARG 47) : 2.6992
Residue Topographical Entropy from AEM (TYR 48) : 22.4930
Residue Topographical Entropy from AEM (ASP 49) : 5.1293
Residue Topographical Entropy from AEM (SER 50) : 2.2949
Residue Topographical Entropy from AEM (ALA 51) : -0.0000
Residue Topographical Entropy from AEM (PRO 52) : 9.2526
Residue Topographical Entropy from AEM (ALA 53) : -0.0000
Residue Topographical Entropy from AEM (THR 54) : 6.3165
Residue Topographical Entropy from AEM (ASP 55) : 11.3319
Residue Topographical Entropy from AEM (GLY 56) : -0.0000
Residue Topographical Entropy from AEM (SER 57) : 7.6767
Residue Topographical Entropy from AEM (GLY 58) : -0.0000
Residue Topographical Entropy from AEM (THR 59) : 1.1559
Residue Topographical Entropy from AEM (ALA 60) : -0.0000
Residue Topographical Entropy from AEM (LEU 61) : 7.0560
Residue Topographical Entropy from AEM (GLY 62) : -0.0000
Residue Topographical Entropy from AEM (TRP 63) : 39.7042
Residue Topographical Entropy from AEM (THR 64) : 1.4252
Residue Topographical Entropy from AEM (VAL 65) : 0.3901
Residue Topographical Entropy from AEM (ALA 66) : -0.0000
Residue Topographical Entropy from AEM (TRP 67) : 34.3336
Residue Topographical Entropy from AEM (LYS 68) : 14.4454
Residue Topographical Entropy from AEM (ASN 69) : 2.5349
Residue Topographical Entropy from AEM (ASN 70) : 12.7215
Residue Topographical Entropy from AEM (TYR 71) : 29.6922
Residue Topographical Entropy from AEM (ARG 72) : 15.9198
Residue Topographical Entropy from AEM (ASN 73) : 6.8674
Residue Topographical Entropy from AEM (ALA 74) : -0.0000
Residue Topographical Entropy from AEM (HID 75) : 22.4946
Residue Topographical Entropy from AEM (SER 76) : 4.7709
Residue Topographical Entropy from AEM (ALA 77) : -0.0000
Residue Topographical Entropy from AEM (THR 78) : 0.3213
Residue Topographical Entropy from AEM (THR 79) : 4.8350
Residue Topographical Entropy from AEM (TRP 80) : 40.2736
Residue Topographical Entropy from AEM (SER 81) : 0.2339
Residue Topographical Entropy from AEM (GLY 82) : -0.0000
Residue Topographical Entropy from AEM (GLN 83) : 9.1436
Residue Topographical Entropy from AEM (TYR 84) : 22.7764
Residue Topographical Entropy from AEM (VAL 85) : 2.5380
Residue Topographical Entropy from AEM (GLY 86) : -0.0000
Residue Topographical Entropy from AEM (GLY 87) : -0.0000
Residue Topographical Entropy from AEM (ALA 88) : -0.0000
Residue Topographical Entropy from AEM (GLU 89) : 22.8938
Residue Topographical Entropy from AEM (ALA 90) : -0.0000
Residue Topographical Entropy from AEM (ARG 91) : 11.1399
Residue Topographical Entropy from AEM (ILE 92) : 0.5929
Residue Topographical Entropy from AEM (ASN 93) : 7.5756
Residue Topographical Entropy from AEM (THR 94) : 0.7716
Residue Topographical Entropy from AEM (GLN 95) : 1.8206
Residue Topographical Entropy from AEM (TRP 96) : 36.9719
Residue Topographical Entropy from AEM (LEU 97) : 1.2006
Residue Topographical Entropy from AEM (LEU 98) : 3.9027
Residue Topographical Entropy from AEM (THR 99) : 5.1015
Residue Topographical Entropy from AEM (SER 100) : 8.5869
Residue Topographical Entropy from AEM (GLY 101) : -0.0000
Residue Topographical Entropy from AEM (THR 102) : 8.6157
Residue Topographical Entropy from AEM (THR 103) : 5.4652
Residue Topographical Entropy from AEM (GLU 104) : 18.1558
Residue Topographical Entropy from AEM (ALA 105) : -0.0000
Residue Topographical Entropy from AEM (ASN 106) : 9.0692
Residue Topographical Entropy from AEM (ALA 107) : -0.0000
Residue Topographical Entropy from AEM (TRP 108) : 40.3977
Residue Topographical Entropy from AEM (LYS 109) : 16.1651
Residue Topographical Entropy from AEM (SER 110) : 8.2972
Residue Topographical Entropy from AEM (THR 111) : 0.3710
Residue Topographical Entropy from AEM (LEU 112) : 2.9832
Residue Topographical Entropy from AEM (VAL 113) : 0.9637
Residue Topographical Entropy from AEM (GLY 114) : -0.0000
Residue Topographical Entropy from AEM (HID 115) : 20.0036
Residue Topographical Entropy from AEM (ASP 116) : 6.1251
Residue Topographical Entropy from AEM (THR 117) : 2.2253
Residue Topographical Entropy from AEM (PHE 118) : 24.8150
Residue Topographical Entropy from AEM (THR 119) : 6.6405
Residue Topographical Entropy from AEM (LYS 120) : 12.2208
Residue Topographical Entropy from AEM (VAL 121) : 6.3581
Residue Topographical Entropy from AEM (LYS 122) : 20.5352
Residue Topographical Entropy from AEM (PRO 123) : 8.2137
Residue Topographical Entropy from AEM (SER 124) : 8.3510
Residue Topographical Entropy from AEM (ALA 125) : -0.0000
Residue Topographical Entropy from AEM (ALA 126) : -0.0000
Residue Topographical Entropy from AEM (CSER 127) : 7.4154
____________________________________________________________
Total Topog. Entropy (AEM)               :        1040.210
------------------------------------------------------------
____________________________________________________________
Total Entropy                            :        1040.210
------------------------------------------------------------
