------------------------------------------------------------
Topographical entropy of residue side chains 
computed using all the dihedrals with correlation/pLogp formalism
------------------------------------------------------------
Side Chain Topographical Entropy from corr. pLogP method (NALA 1) : -0.0000
Side Chain Topographical Entropy from corr. pLogP method (GLU 2) : 20.4381
Side Chain Topographical Entropy from corr. pLogP method (ALA 3) : -0.0000
Side Chain Topographical Entropy from corr. pLogP method (GLY 4) : -0.0000
Side Chain Topographical Entropy from corr. pLogP method (ILE 5) : 1.7862
Side Chain Topographical Entropy from corr. pLogP method (THR 6) : -0.0000
Side Chain Topographical Entropy from corr. pLogP method (GLY 7) : -0.0000
Side Chain Topographical Entropy from corr. pLogP method (THR 8) : 1.6992
Side Chain Topographical Entropy from corr. pLogP method (TRP 9) : -0.0000
Side Chain Topographical Entropy from corr. pLogP method (TYR 10) : 5.3934
Side Chain Topographical Entropy from corr. pLogP method (ALA 11) : -0.0000
Side Chain Topographical Entropy from corr. pLogP method (GLN 12) : 20.9055
Side Chain Topographical Entropy from corr. pLogP method (LEU 13) : 8.4686
Side Chain Topographical Entropy from corr. pLogP method (GLY 14) : -0.0000
Side Chain Topographical Entropy from corr. pLogP method (SER 15) : 7.0666
Side Chain Topographical Entropy from corr. pLogP method (THR 16) : 5.2168
Side Chain Topographical Entropy from corr. pLogP method (PHE 17) : 0.3874
Side Chain Topographical Entropy from corr. pLogP method (ILE 18) : 10.4718
Side Chain Topographical Entropy from corr. pLogP method (VAL 19) : 1.3964
Side Chain Topographical Entropy from corr. pLogP method (THR 20) : 5.4220
Side Chain Topographical Entropy from corr. pLogP method (ALA 21) : -0.0000
Side Chain Topographical Entropy from corr. pLogP method (GLY 22) : -0.0000
Side Chain Topographical Entropy from corr. pLogP method (ALA 23) : -0.0000
Side Chain Topographical Entropy from corr. pLogP method (ASP 24) : 15.1248
Side Chain Topographical Entropy from corr. pLogP method (GLY 25) : -0.0000
Side Chain Topographical Entropy from corr. pLogP method (ALA 26) : -0.0000
Side Chain Topographical Entropy from corr. pLogP method (LEU 27) : 2.4744
Side Chain Topographical Entropy from corr. pLogP method (THR 28) : -0.0000
Side Chain Topographical Entropy from corr. pLogP method (GLY 29) : -0.0000
Side Chain Topographical Entropy from corr. pLogP method (THR 30) : 4.0235
Side Chain Topographical Entropy from corr. pLogP method (TYR 31) : 3.3200
Side Chain Topographical Entropy from corr. pLogP method (GLU 32) : 15.0742
Side Chain Topographical Entropy from corr. pLogP method (SER 33) : 6.6494
Side Chain Topographical Entropy from corr. pLogP method (ALA 34) : -0.0000
Side Chain Topographical Entropy from corr. pLogP method (VAL 35) : 5.8564
Side Chain Topographical Entropy from corr. pLogP method (GLY 36) : -0.0000
Side Chain Topographical Entropy from corr. pLogP method (ASN 37) : 10.5545
Side Chain Topographical Entropy from corr. pLogP method (ALA 38) : -0.0000
Side Chain Topographical Entropy from corr. pLogP method (GLU 39) : 19.9411
Side Chain Topographical Entropy from corr. pLogP method (SER 40) : 1.1203
Side Chain Topographical Entropy from corr. pLogP method (ARG 41) : 13.6525
Side Chain Topographical Entropy from corr. pLogP method (TYR 42) : 0.3874
Side Chain Topographical Entropy from corr. pLogP method (VAL 43) : 1.3431
Side Chain Topographical Entropy from corr. pLogP method (LEU 44) : 1.4217
Side Chain Topographical Entropy from corr. pLogP method (THR 45) : 3.2614
Side Chain Topographical Entropy from corr. pLogP method (GLY 46) : -0.0000
Side Chain Topographical Entropy from corr. pLogP method (ARG 47) : 0.1200
Side Chain Topographical Entropy from corr. pLogP method (TYR 48) : 2.7397
Side Chain Topographical Entropy from corr. pLogP method (ASP 49) : 0.2168
Side Chain Topographical Entropy from corr. pLogP method (SER 50) : 1.9334
Side Chain Topographical Entropy from corr. pLogP method (ALA 51) : -0.0000
Side Chain Topographical Entropy from corr. pLogP method (PRO 52) : 10.8380
Side Chain Topographical Entropy from corr. pLogP method (ALA 53) : -0.0000
Side Chain Topographical Entropy from corr. pLogP method (THR 54) : 4.1912
Side Chain Topographical Entropy from corr. pLogP method (ASP 55) : 6.5021
Side Chain Topographical Entropy from corr. pLogP method (GLY 56) : -0.0000
Side Chain Topographical Entropy from corr. pLogP method (SER 57) : -0.0000
Side Chain Topographical Entropy from corr. pLogP method (GLY 58) : -0.0000
Side Chain Topographical Entropy from corr. pLogP method (THR 59) : -0.0000
Side Chain Topographical Entropy from corr. pLogP method (ALA 60) : -0.0000
Side Chain Topographical Entropy from corr. pLogP method (LEU 61) : 5.5705
Side Chain Topographical Entropy from corr. pLogP method (GLY 62) : -0.0000
Side Chain Topographical Entropy from corr. pLogP method (TRP 63) : -0.0000
Side Chain Topographical Entropy from corr. pLogP method (THR 64) : 0.2617
Side Chain Topographical Entropy from corr. pLogP method (VAL 65) : -0.0000
Side Chain Topographical Entropy from corr. pLogP method (ALA 66) : -0.0000
Side Chain Topographical Entropy from corr. pLogP method (TRP 67) : 0.0657
Side Chain Topographical Entropy from corr. pLogP method (LYS 68) : 10.1608
Side Chain Topographical Entropy from corr. pLogP method (ASN 69) : 5.0009
Side Chain Topographical Entropy from corr. pLogP method (ASN 70) : 13.5750
Side Chain Topographical Entropy from corr. pLogP method (TYR 71) : 4.5673
Side Chain Topographical Entropy from corr. pLogP method (ARG 72) : 16.3248
Side Chain Topographical Entropy from corr. pLogP method (ASN 73) : 0.5164
Side Chain Topographical Entropy from corr. pLogP method (ALA 74) : -0.0000
Side Chain Topographical Entropy from corr. pLogP method (HID 75) : 0.9104
Side Chain Topographical Entropy from corr. pLogP method (SER 76) : 5.7403
Side Chain Topographical Entropy from corr. pLogP method (ALA 77) : -0.0000
Side Chain Topographical Entropy from corr. pLogP method (THR 78) : -0.0000
Side Chain Topographical Entropy from corr. pLogP method (THR 79) : -0.0000
Side Chain Topographical Entropy from corr. pLogP method (TRP 80) : 1.6505
Side Chain Topographical Entropy from corr. pLogP method (SER 81) : 0.6821
Side Chain Topographical Entropy from corr. pLogP method (GLY 82) : -0.0000
Side Chain Topographical Entropy from corr. pLogP method (GLN 83) : 6.8349
Side Chain Topographical Entropy from corr. pLogP method (TYR 84) : -0.0000
Side Chain Topographical Entropy from corr. pLogP method (VAL 85) : 0.1698
Side Chain Topographical Entropy from corr. pLogP method (GLY 86) : -0.0000
Side Chain Topographical Entropy from corr. pLogP method (GLY 87) : -0.0000
Side Chain Topographical Entropy from corr. pLogP method (ALA 88) : -0.0000
Side Chain Topographical Entropy from corr. pLogP method (GLU 89) : 22.0216
Side Chain Topographical Entropy from corr. pLogP method (ALA 90) : -0.0000
Side Chain Topographical Entropy from corr. pLogP method (ARG 91) : 2.1179
Side Chain Topographical Entropy from corr. pLogP method (ILE 92) : 0.1200
Side Chain Topographical Entropy from corr. pLogP method (ASN 93) : 2.1618
Side Chain Topographical Entropy from corr. pLogP method (THR 94) : -0.0000
Side Chain Topographical Entropy from corr. pLogP method (GLN 95) : 2.0573
Side Chain Topographical Entropy from corr. pLogP method (TRP 96) : 0.7826
Side Chain Topographical Entropy from corr. pLogP method (LEU 97) : -0.0000
Side Chain Topographical Entropy from corr. pLogP method (LEU 98) : 1.7232
Side Chain Topographical Entropy from corr. pLogP method (THR 99) : -0.0000
Side Chain Topographical Entropy from corr. pLogP method (SER 100) : 8.6547
Side Chain Topographical Entropy from corr. pLogP method (GLY 101) : -0.0000
Side Chain Topographical Entropy from corr. pLogP method (THR 102) : 7.2058
Side Chain Topographical Entropy from corr. pLogP method (THR 103) : 1.3698
Side Chain Topographical Entropy from corr. pLogP method (GLU 104) : 21.1204
Side Chain Topographical Entropy from corr. pLogP method (ALA 105) : -0.0000
Side Chain Topographical Entropy from corr. pLogP method (ASN 106) : 4.8492
Side Chain Topographical Entropy from corr. pLogP method (ALA 107) : -0.0000
Side Chain Topographical Entropy from corr. pLogP method (TRP 108) : 5.7631
Side Chain Topographical Entropy from corr. pLogP method (LYS 109) : 8.1154
Side Chain Topographical Entropy from corr. pLogP method (SER 110) : 7.2550
Side Chain Topographical Entropy from corr. pLogP method (THR 111) : -0.0000
Side Chain Topographical Entropy from corr. pLogP method (LEU 112) : 2.2969
Side Chain Topographical Entropy from corr. pLogP method (VAL 113) : -0.0000
Side Chain Topographical Entropy from corr. pLogP method (GLY 114) : -0.0000
Side Chain Topographical Entropy from corr. pLogP method (HID 115) : -0.0000
Side Chain Topographical Entropy from corr. pLogP method (ASP 116) : 7.1897
Side Chain Topographical Entropy from corr. pLogP method (THR 117) : 0.1200
Side Chain Topographical Entropy from corr. pLogP method (PHE 118) : -0.0000
Side Chain Topographical Entropy from corr. pLogP method (THR 119) : 3.6831
Side Chain Topographical Entropy from corr. pLogP method (LYS 120) : 12.2975
Side Chain Topographical Entropy from corr. pLogP method (VAL 121) : 6.6667
Side Chain Topographical Entropy from corr. pLogP method (LYS 122) : 17.0135
Side Chain Topographical Entropy from corr. pLogP method (PRO 123) : 14.3247
Side Chain Topographical Entropy from corr. pLogP method (SER 124) : 8.3580
Side Chain Topographical Entropy from corr. pLogP method (ALA 125) : -0.0000
Side Chain Topographical Entropy from corr. pLogP method (ALA 126) : -0.0000
Side Chain Topographical Entropy from corr. pLogP method (CSER 127) : 1.7159
____________________________________________________________
Total SC Topog. Entropy (corr. pLogP)    :         460.413
------------------------------------------------------------
____________________________________________________________
Total BB Topog. Entropy (corr. pLogP)    :          14.653
------------------------------------------------------------
____________________________________________________________
Total Entropy                            :         475.066
------------------------------------------------------------
------------------------------------------------------------
Topographical entropy of residue side chains 
computed using all the dihedrals with correlation/pLogp formalism
------------------------------------------------------------
Side Chain Topographical Entropy from corr. pLogP method (NALA 1) : -0.0000
Side Chain Topographical Entropy from corr. pLogP method (GLU 2) : 14.9959
Side Chain Topographical Entropy from corr. pLogP method (ALA 3) : -0.0000
Side Chain Topographical Entropy from corr. pLogP method (GLY 4) : -0.0000
Side Chain Topographical Entropy from corr. pLogP method (ILE 5) : 1.7429
Side Chain Topographical Entropy from corr. pLogP method (THR 6) : -0.0000
Side Chain Topographical Entropy from corr. pLogP method (GLY 7) : -0.0000
Side Chain Topographical Entropy from corr. pLogP method (THR 8) : 1.1776
Side Chain Topographical Entropy from corr. pLogP method (TRP 9) : -0.0000
Side Chain Topographical Entropy from corr. pLogP method (TYR 10) : 5.4970
Side Chain Topographical Entropy from corr. pLogP method (ALA 11) : -0.0000
Side Chain Topographical Entropy from corr. pLogP method (GLN 12) : 19.1912
Side Chain Topographical Entropy from corr. pLogP method (LEU 13) : 5.5042
Side Chain Topographical Entropy from corr. pLogP method (GLY 14) : -0.0000
Side Chain Topographical Entropy from corr. pLogP method (SER 15) : 7.4039
Side Chain Topographical Entropy from corr. pLogP method (THR 16) : 8.1902
Side Chain Topographical Entropy from corr. pLogP method (PHE 17) : 3.0838
Side Chain Topographical Entropy from corr. pLogP method (ILE 18) : 7.6502
Side Chain Topographical Entropy from corr. pLogP method (VAL 19) : 7.7241
Side Chain Topographical Entropy from corr. pLogP method (THR 20) : 8.3339
Side Chain Topographical Entropy from corr. pLogP method (ALA 21) : -0.0000
Side Chain Topographical Entropy from corr. pLogP method (GLY 22) : -0.0000
Side Chain Topographical Entropy from corr. pLogP method (ALA 23) : -0.0000
Side Chain Topographical Entropy from corr. pLogP method (ASP 24) : 8.5808
Side Chain Topographical Entropy from corr. pLogP method (GLY 25) : -0.0000
Side Chain Topographical Entropy from corr. pLogP method (ALA 26) : -0.0000
Side Chain Topographical Entropy from corr. pLogP method (LEU 27) : 11.4439
Side Chain Topographical Entropy from corr. pLogP method (THR 28) : 2.4265
Side Chain Topographical Entropy from corr. pLogP method (GLY 29) : -0.0000
Side Chain Topographical Entropy from corr. pLogP method (THR 30) : 6.6003
Side Chain Topographical Entropy from corr. pLogP method (TYR 31) : 5.4744
Side Chain Topographical Entropy from corr. pLogP method (GLU 32) : 17.4567
Side Chain Topographical Entropy from corr. pLogP method (SER 33) : 8.7040
Side Chain Topographical Entropy from corr. pLogP method (ALA 34) : -0.0000
Side Chain Topographical Entropy from corr. pLogP method (VAL 35) : 6.5938
Side Chain Topographical Entropy from corr. pLogP method (GLY 36) : -0.0000
Side Chain Topographical Entropy from corr. pLogP method (ASN 37) : 14.2201
Side Chain Topographical Entropy from corr. pLogP method (ALA 38) : -0.0000
Side Chain Topographical Entropy from corr. pLogP method (GLU 39) : 22.3483
Side Chain Topographical Entropy from corr. pLogP method (SER 40) : 2.9263
Side Chain Topographical Entropy from corr. pLogP method (ARG 41) : 8.6155
Side Chain Topographical Entropy from corr. pLogP method (TYR 42) : 0.1200
Side Chain Topographical Entropy from corr. pLogP method (VAL 43) : 0.4656
Side Chain Topographical Entropy from corr. pLogP method (LEU 44) : 0.6717
Side Chain Topographical Entropy from corr. pLogP method (THR 45) : 3.6418
Side Chain Topographical Entropy from corr. pLogP method (GLY 46) : -0.0000
Side Chain Topographical Entropy from corr. pLogP method (ARG 47) : 0.0657
Side Chain Topographical Entropy from corr. pLogP method (TYR 48) : 2.6050
Side Chain Topographical Entropy from corr. pLogP method (ASP 49) : 7.6095
Side Chain Topographical Entropy from corr. pLogP method (SER 50) : 0.2355
Side Chain Topographical Entropy from corr. pLogP method (ALA 51) : -0.0000
Side Chain Topographical Entropy from corr. pLogP method (PRO 52) : 11.8358
Side Chain Topographical Entropy from corr. pLogP method (ALA 53) : -0.0000
Side Chain Topographical Entropy from corr. pLogP method (THR 54) : 8.5776
Side Chain Topographical Entropy from corr. pLogP method (ASP 55) : 7.0386
Side Chain Topographical Entropy from corr. pLogP method (GLY 56) : -0.0000
Side Chain Topographical Entropy from corr. pLogP method (SER 57) : 0.6125
Side Chain Topographical Entropy from corr. pLogP method (GLY 58) : -0.0000
Side Chain Topographical Entropy from corr. pLogP method (THR 59) : 0.0657
Side Chain Topographical Entropy from corr. pLogP method (ALA 60) : -0.0000
Side Chain Topographical Entropy from corr. pLogP method (LEU 61) : 6.5691
Side Chain Topographical Entropy from corr. pLogP method (GLY 62) : -0.0000
Side Chain Topographical Entropy from corr. pLogP method (TRP 63) : -0.0000
Side Chain Topographical Entropy from corr. pLogP method (THR 64) : 1.6992
Side Chain Topographical Entropy from corr. pLogP method (VAL 65) : -0.0000
Side Chain Topographical Entropy from corr. pLogP method (ALA 66) : -0.0000
Side Chain Topographical Entropy from corr. pLogP method (TRP 67) : -0.0000
Side Chain Topographical Entropy from corr. pLogP method (LYS 68) : 17.2475
Side Chain Topographical Entropy from corr. pLogP method (ASN 69) : 9.5600
Side Chain Topographical Entropy from corr. pLogP method (ASN 70) : 13.5457
Side Chain Topographical Entropy from corr. pLogP method (TYR 71) : 10.6644
Side Chain Topographical Entropy from corr. pLogP method (ARG 72) : 9.3669
Side Chain Topographical Entropy from corr. pLogP method (ASN 73) : 1.0313
Side Chain Topographical Entropy from corr. pLogP method (ALA 74) : -0.0000
Side Chain Topographical Entropy from corr. pLogP method (HID 75) : 0.3874
Side Chain Topographical Entropy from corr. pLogP method (SER 76) : 6.2492
Side Chain Topographical Entropy from corr. pLogP method (ALA 77) : -0.0000
Side Chain Topographical Entropy from corr. pLogP method (THR 78) : 0.0657
Side Chain Topographical Entropy from corr. pLogP method (THR 79) : 6.3652
Side Chain Topographical Entropy from corr. pLogP method (TRP 80) : 2.1939
Side Chain Topographical Entropy from corr. pLogP method (SER 81) : 7.7086
Side Chain Topographical Entropy from corr. pLogP method (GLY 82) : -0.0000
Side Chain Topographical Entropy from corr. pLogP method (GLN 83) : 13.4415
Side Chain Topographical Entropy from corr. pLogP method (TYR 84) : 0.0657
Side Chain Topographical Entropy from corr. pLogP method (VAL 85) : 5.7453
Side Chain Topographical Entropy from corr. pLogP method (GLY 86) : -0.0000
Side Chain Topographical Entropy from corr. pLogP method (GLY 87) : -0.0000
Side Chain Topographical Entropy from corr. pLogP method (ALA 88) : -0.0000
Side Chain Topographical Entropy from corr. pLogP method (GLU 89) : 22.0387
Side Chain Topographical Entropy from corr. pLogP method (ALA 90) : -0.0000
Side Chain Topographical Entropy from corr. pLogP method (ARG 91) : 15.1993
Side Chain Topographical Entropy from corr. pLogP method (ILE 92) : 1.2398
Side Chain Topographical Entropy from corr. pLogP method (ASN 93) : 11.0577
Side Chain Topographical Entropy from corr. pLogP method (THR 94) : -0.0000
Side Chain Topographical Entropy from corr. pLogP method (GLN 95) : 11.5055
Side Chain Topographical Entropy from corr. pLogP method (TRP 96) : 0.8790
Side Chain Topographical Entropy from corr. pLogP method (LEU 97) : 2.9539
Side Chain Topographical Entropy from corr. pLogP method (LEU 98) : 0.8482
Side Chain Topographical Entropy from corr. pLogP method (THR 99) : -0.0000
Side Chain Topographical Entropy from corr. pLogP method (SER 100) : 7.8095
Side Chain Topographical Entropy from corr. pLogP method (GLY 101) : -0.0000
Side Chain Topographical Entropy from corr. pLogP method (THR 102) : 3.3061
Side Chain Topographical Entropy from corr. pLogP method (THR 103) : 5.2795
Side Chain Topographical Entropy from corr. pLogP method (GLU 104) : 22.4080
Side Chain Topographical Entropy from corr. pLogP method (ALA 105) : -0.0000
Side Chain Topographical Entropy from corr. pLogP method (ASN 106) : 7.1349
Side Chain Topographical Entropy from corr. pLogP method (ALA 107) : -0.0000
Side Chain Topographical Entropy from corr. pLogP method (TRP 108) : 5.7558
Side Chain Topographical Entropy from corr. pLogP method (LYS 109) : 13.8164
Side Chain Topographical Entropy from corr. pLogP method (SER 110) : 7.2179
Side Chain Topographical Entropy from corr. pLogP method (THR 111) : -0.0000
Side Chain Topographical Entropy from corr. pLogP method (LEU 112) : 3.0619
Side Chain Topographical Entropy from corr. pLogP method (VAL 113) : -0.0000
Side Chain Topographical Entropy from corr. pLogP method (GLY 114) : -0.0000
Side Chain Topographical Entropy from corr. pLogP method (HID 115) : -0.0000
Side Chain Topographical Entropy from corr. pLogP method (ASP 116) : 7.1750
Side Chain Topographical Entropy from corr. pLogP method (THR 117) : 0.0657
Side Chain Topographical Entropy from corr. pLogP method (PHE 118) : 0.2168
Side Chain Topographical Entropy from corr. pLogP method (THR 119) : -0.0000
Side Chain Topographical Entropy from corr. pLogP method (LYS 120) : 11.1277
Side Chain Topographical Entropy from corr. pLogP method (VAL 121) : 3.8331
Side Chain Topographical Entropy from corr. pLogP method (LYS 122) : 17.3286
Side Chain Topographical Entropy from corr. pLogP method (PRO 123) : 12.8109
Side Chain Topographical Entropy from corr. pLogP method (SER 124) : 7.3619
Side Chain Topographical Entropy from corr. pLogP method (ALA 125) : -0.0000
Side Chain Topographical Entropy from corr. pLogP method (ALA 126) : -0.0000
Side Chain Topographical Entropy from corr. pLogP method (CSER 127) : 4.4267
____________________________________________________________
Total SC Topog. Entropy (corr. pLogP)    :         567.196
------------------------------------------------------------
____________________________________________________________
Total BB Topog. Entropy (corr. pLogP)    :          29.072
------------------------------------------------------------
____________________________________________________________
Total Entropy                            :         596.268
------------------------------------------------------------
------------------------------------------------------------
Topographical entropy of residue side chains 
computed using all the dihedrals with correlation/pLogp formalism
------------------------------------------------------------
Side Chain Topographical Entropy from corr. pLogP method (NALA 1) : -0.0000
Side Chain Topographical Entropy from corr. pLogP method (GLU 2) : 19.1962
Side Chain Topographical Entropy from corr. pLogP method (ALA 3) : -0.0000
Side Chain Topographical Entropy from corr. pLogP method (GLY 4) : -0.0000
Side Chain Topographical Entropy from corr. pLogP method (ILE 5) : 5.5780
Side Chain Topographical Entropy from corr. pLogP method (THR 6) : 1.5259
Side Chain Topographical Entropy from corr. pLogP method (GLY 7) : -0.0000
Side Chain Topographical Entropy from corr. pLogP method (THR 8) : -0.0000
Side Chain Topographical Entropy from corr. pLogP method (TRP 9) : -0.0000
Side Chain Topographical Entropy from corr. pLogP method (TYR 10) : 5.1206
Side Chain Topographical Entropy from corr. pLogP method (ALA 11) : -0.0000
Side Chain Topographical Entropy from corr. pLogP method (GLN 12) : 20.9933
Side Chain Topographical Entropy from corr. pLogP method (LEU 13) : 7.3572
Side Chain Topographical Entropy from corr. pLogP method (GLY 14) : -0.0000
Side Chain Topographical Entropy from corr. pLogP method (SER 15) : 6.9219
Side Chain Topographical Entropy from corr. pLogP method (THR 16) : 2.0065
Side Chain Topographical Entropy from corr. pLogP method (PHE 17) : 0.1200
Side Chain Topographical Entropy from corr. pLogP method (ILE 18) : 5.1276
Side Chain Topographical Entropy from corr. pLogP method (VAL 19) : 6.0513
Side Chain Topographical Entropy from corr. pLogP method (THR 20) : 5.6860
Side Chain Topographical Entropy from corr. pLogP method (ALA 21) : -0.0000
Side Chain Topographical Entropy from corr. pLogP method (GLY 22) : -0.0000
Side Chain Topographical Entropy from corr. pLogP method (ALA 23) : -0.0000
Side Chain Topographical Entropy from corr. pLogP method (ASP 24) : 9.1586
Side Chain Topographical Entropy from corr. pLogP method (GLY 25) : -0.0000
Side Chain Topographical Entropy from corr. pLogP method (ALA 26) : -0.0000
Side Chain Topographical Entropy from corr. pLogP method (LEU 27) : 10.2495
Side Chain Topographical Entropy from corr. pLogP method (THR 28) : 6.7827
Side Chain Topographical Entropy from corr. pLogP method (GLY 29) : -0.0000
Side Chain Topographical Entropy from corr. pLogP method (THR 30) : 7.8546
Side Chain Topographical Entropy from corr. pLogP method (TYR 31) : 2.6643
Side Chain Topographical Entropy from corr. pLogP method (GLU 32) : 11.6544
Side Chain Topographical Entropy from corr. pLogP method (SER 33) : 8.3902
Side Chain Topographical Entropy from corr. pLogP method (ALA 34) : -0.0000
Side Chain Topographical Entropy from corr. pLogP method (VAL 35) : 2.3165
Side Chain Topographical Entropy from corr. pLogP method (GLY 36) : -0.0000
Side Chain Topographical Entropy from corr. pLogP method (ASN 37) : 11.4897
Side Chain Topographical Entropy from corr. pLogP method (ALA 38) : -0.0000
Side Chain Topographical Entropy from corr. pLogP method (GLU 39) : 20.0166
Side Chain Topographical Entropy from corr. pLogP method (SER 40) : 3.9723
Side Chain Topographical Entropy from corr. pLogP method (ARG 41) : 6.7400
Side Chain Topographical Entropy from corr. pLogP method (TYR 42) : -0.0000
Side Chain Topographical Entropy from corr. pLogP method (VAL 43) : 2.5269
Side Chain Topographical Entropy from corr. pLogP method (LEU 44) : 2.8221
Side Chain Topographical Entropy from corr. pLogP method (THR 45) : 1.5259
Side Chain Topographical Entropy from corr. pLogP method (GLY 46) : -0.0000
Side Chain Topographical Entropy from corr. pLogP method (ARG 47) : 0.2617
Side Chain Topographical Entropy from corr. pLogP method (TYR 48) : 4.2790
Side Chain Topographical Entropy from corr. pLogP method (ASP 49) : 5.2610
Side Chain Topographical Entropy from corr. pLogP method (SER 50) : 0.1857
Side Chain Topographical Entropy from corr. pLogP method (ALA 51) : -0.0000
Side Chain Topographical Entropy from corr. pLogP method (PRO 52) : 11.0572
Side Chain Topographical Entropy from corr. pLogP method (ALA 53) : -0.0000
Side Chain Topographical Entropy from corr. pLogP method (THR 54) : 7.6922
Side Chain Topographical Entropy from corr. pLogP method (ASP 55) : 7.1767
Side Chain Topographical Entropy from corr. pLogP method (GLY 56) : -0.0000
Side Chain Topographical Entropy from corr. pLogP method (SER 57) : 5.4162
Side Chain Topographical Entropy from corr. pLogP method (GLY 58) : -0.0000
Side Chain Topographical Entropy from corr. pLogP method (THR 59) : -0.0000
Side Chain Topographical Entropy from corr. pLogP method (ALA 60) : -0.0000
Side Chain Topographical Entropy from corr. pLogP method (LEU 61) : 7.7365
Side Chain Topographical Entropy from corr. pLogP method (GLY 62) : -0.0000
Side Chain Topographical Entropy from corr. pLogP method (TRP 63) : 0.1200
Side Chain Topographical Entropy from corr. pLogP method (THR 64) : 5.2258
Side Chain Topographical Entropy from corr. pLogP method (VAL 65) : -0.0000
Side Chain Topographical Entropy from corr. pLogP method (ALA 66) : -0.0000
Side Chain Topographical Entropy from corr. pLogP method (TRP 67) : 0.1315
Side Chain Topographical Entropy from corr. pLogP method (LYS 68) : 8.2398
Side Chain Topographical Entropy from corr. pLogP method (ASN 69) : 5.7181
Side Chain Topographical Entropy from corr. pLogP method (ASN 70) : 14.5168
Side Chain Topographical Entropy from corr. pLogP method (TYR 71) : 5.3303
Side Chain Topographical Entropy from corr. pLogP method (ARG 72) : 1.2574
Side Chain Topographical Entropy from corr. pLogP method (ASN 73) : -0.0000
Side Chain Topographical Entropy from corr. pLogP method (ALA 74) : -0.0000
Side Chain Topographical Entropy from corr. pLogP method (HID 75) : 0.1698
Side Chain Topographical Entropy from corr. pLogP method (SER 76) : 7.4218
Side Chain Topographical Entropy from corr. pLogP method (ALA 77) : -0.0000
Side Chain Topographical Entropy from corr. pLogP method (THR 78) : 0.0657
Side Chain Topographical Entropy from corr. pLogP method (THR 79) : -0.0000
Side Chain Topographical Entropy from corr. pLogP method (TRP 80) : 2.0218
Side Chain Topographical Entropy from corr. pLogP method (SER 81) : 1.0023
Side Chain Topographical Entropy from corr. pLogP method (GLY 82) : -0.0000
Side Chain Topographical Entropy from corr. pLogP method (GLN 83) : 9.6191
Side Chain Topographical Entropy from corr. pLogP method (TYR 84) : -0.0000
Side Chain Topographical Entropy from corr. pLogP method (VAL 85) : 0.3050
Side Chain Topographical Entropy from corr. pLogP method (GLY 86) : -0.0000
Side Chain Topographical Entropy from corr. pLogP method (GLY 87) : -0.0000
Side Chain Topographical Entropy from corr. pLogP method (ALA 88) : -0.0000
Side Chain Topographical Entropy from corr. pLogP method (GLU 89) : 22.9294
Side Chain Topographical Entropy from corr. pLogP method (ALA 90) : -0.0000
Side Chain Topographical Entropy from corr. pLogP method (ARG 91) : 4.3884
Side Chain Topographical Entropy from corr. pLogP method (ILE 92) : 0.1857
Side Chain Topographical Entropy from corr. pLogP method (ASN 93) : 5.5782
Side Chain Topographical Entropy from corr. pLogP method (THR 94) : 0.0657
Side Chain Topographical Entropy from corr. pLogP method (GLN 95) : 5.2213
Side Chain Topographical Entropy from corr. pLogP method (TRP 96) : 1.1491
Side Chain Topographical Entropy from corr. pLogP method (LEU 97) : -0.0000
Side Chain Topographical Entropy from corr. pLogP method (LEU 98) : 1.8871
Side Chain Topographical Entropy from corr. pLogP method (THR 99) : -0.0000
Side Chain Topographical Entropy from corr. pLogP method (SER 100) : 7.2330
Side Chain Topographical Entropy from corr. pLogP method (GLY 101) : -0.0000
Side Chain Topographical Entropy from corr. pLogP method (THR 102) : 1.6012
Side Chain Topographical Entropy from corr. pLogP method (THR 103) : -0.0000
Side Chain Topographical Entropy from corr. pLogP method (GLU 104) : 20.6175
Side Chain Topographical Entropy from corr. pLogP method (ALA 105) : -0.0000
Side Chain Topographical Entropy from corr. pLogP method (ASN 106) : 4.2444
Side Chain Topographical Entropy from corr. pLogP method (ALA 107) : -0.0000
Side Chain Topographical Entropy from corr. pLogP method (TRP 108) : 5.8174
Side Chain Topographical Entropy from corr. pLogP method (LYS 109) : 11.2939
Side Chain Topographical Entropy from corr. pLogP method (SER 110) : 4.1606
Side Chain Topographical Entropy from corr. pLogP method (THR 111) : -0.0000
Side Chain Topographical Entropy from corr. pLogP method (LEU 112) : 1.8551
Side Chain Topographical Entropy from corr. pLogP method (VAL 113) : -0.0000
Side Chain Topographical Entropy from corr. pLogP method (GLY 114) : -0.0000
Side Chain Topographical Entropy from corr. pLogP method (HID 115) : 5.5112
Side Chain Topographical Entropy from corr. pLogP method (ASP 116) : 9.0214
Side Chain Topographical Entropy from corr. pLogP method (THR 117) : 0.0657
Side Chain Topographical Entropy from corr. pLogP method (PHE 118) : 0.0657
Side Chain Topographical Entropy from corr. pLogP method (THR 119) : 1.9326
Side Chain Topographical Entropy from corr. pLogP method (LYS 120) : 16.0087
Side Chain Topographical Entropy from corr. pLogP method (VAL 121) : 4.0832
Side Chain Topographical Entropy from corr. pLogP method (LYS 122) : 19.8106
Side Chain Topographical Entropy from corr. pLogP method (PRO 123) : 14.8146
Side Chain Topographical Entropy from corr. pLogP method (SER 124) : 7.5928
Side Chain Topographical Entropy from corr. pLogP method (ALA 125) : -0.0000
Side Chain Topographical Entropy from corr. pLogP method (ALA 126) : -0.0000
Side Chain Topographical Entropy from corr. pLogP method (CSER 127) : 2.7168
____________________________________________________________
Total SC Topog. Entropy (corr. pLogP)    :         483.912
------------------------------------------------------------
____________________________________________________________
Total BB Topog. Entropy (corr. pLogP)    :          11.777
------------------------------------------------------------
____________________________________________________________
Total Entropy                            :         495.688
------------------------------------------------------------
------------------------------------------------------------
Topographical entropy of residue side chains 
computed using all the dihedrals with correlation/pLogp formalism
------------------------------------------------------------
Side Chain Topographical Entropy from corr. pLogP method (NALA 1) : -0.0000
Side Chain Topographical Entropy from corr. pLogP method (GLU 2) : 19.9822
Side Chain Topographical Entropy from corr. pLogP method (ALA 3) : -0.0000
Side Chain Topographical Entropy from corr. pLogP method (GLY 4) : -0.0000
Side Chain Topographical Entropy from corr. pLogP method (ILE 5) : 1.2406
Side Chain Topographical Entropy from corr. pLogP method (THR 6) : 0.5768
Side Chain Topographical Entropy from corr. pLogP method (GLY 7) : -0.0000
Side Chain Topographical Entropy from corr. pLogP method (THR 8) : -0.0000
Side Chain Topographical Entropy from corr. pLogP method (TRP 9) : -0.0000
Side Chain Topographical Entropy from corr. pLogP method (TYR 10) : 5.3934
Side Chain Topographical Entropy from corr. pLogP method (ALA 11) : -0.0000
Side Chain Topographical Entropy from corr. pLogP method (GLN 12) : 17.8544
Side Chain Topographical Entropy from corr. pLogP method (LEU 13) : 7.7736
Side Chain Topographical Entropy from corr. pLogP method (GLY 14) : -0.0000
Side Chain Topographical Entropy from corr. pLogP method (SER 15) : 8.3352
Side Chain Topographical Entropy from corr. pLogP method (THR 16) : -0.0000
Side Chain Topographical Entropy from corr. pLogP method (PHE 17) : -0.0000
Side Chain Topographical Entropy from corr. pLogP method (ILE 18) : 8.4264
Side Chain Topographical Entropy from corr. pLogP method (VAL 19) : 1.0323
Side Chain Topographical Entropy from corr. pLogP method (THR 20) : 7.8557
Side Chain Topographical Entropy from corr. pLogP method (ALA 21) : -0.0000
Side Chain Topographical Entropy from corr. pLogP method (GLY 22) : -0.0000
Side Chain Topographical Entropy from corr. pLogP method (ALA 23) : -0.0000
Side Chain Topographical Entropy from corr. pLogP method (ASP 24) : 14.9499
Side Chain Topographical Entropy from corr. pLogP method (GLY 25) : -0.0000
Side Chain Topographical Entropy from corr. pLogP method (ALA 26) : -0.0000
Side Chain Topographical Entropy from corr. pLogP method (LEU 27) : 5.5236
Side Chain Topographical Entropy from corr. pLogP method (THR 28) : 8.2752
Side Chain Topographical Entropy from corr. pLogP method (GLY 29) : -0.0000
Side Chain Topographical Entropy from corr. pLogP method (THR 30) : 5.8657
Side Chain Topographical Entropy from corr. pLogP method (TYR 31) : 5.5275
Side Chain Topographical Entropy from corr. pLogP method (GLU 32) : 13.3776
Side Chain Topographical Entropy from corr. pLogP method (SER 33) : 8.1413
Side Chain Topographical Entropy from corr. pLogP method (ALA 34) : -0.0000
Side Chain Topographical Entropy from corr. pLogP method (VAL 35) : 6.5126
Side Chain Topographical Entropy from corr. pLogP method (GLY 36) : -0.0000
Side Chain Topographical Entropy from corr. pLogP method (ASN 37) : 11.3064
Side Chain Topographical Entropy from corr. pLogP method (ALA 38) : -0.0000
Side Chain Topographical Entropy from corr. pLogP method (GLU 39) : 7.9776
Side Chain Topographical Entropy from corr. pLogP method (SER 40) : 4.3148
Side Chain Topographical Entropy from corr. pLogP method (ARG 41) : 6.0664
Side Chain Topographical Entropy from corr. pLogP method (TYR 42) : -0.0000
Side Chain Topographical Entropy from corr. pLogP method (VAL 43) : 0.6061
Side Chain Topographical Entropy from corr. pLogP method (LEU 44) : 6.2830
Side Chain Topographical Entropy from corr. pLogP method (THR 45) : 9.0730
Side Chain Topographical Entropy from corr. pLogP method (GLY 46) : -0.0000
Side Chain Topographical Entropy from corr. pLogP method (ARG 47) : 0.2617
Side Chain Topographical Entropy from corr. pLogP method (TYR 48) : 2.7112
Side Chain Topographical Entropy from corr. pLogP method (ASP 49) : 0.3468
Side Chain Topographical Entropy from corr. pLogP method (SER 50) : 1.9354
Side Chain Topographical Entropy from corr. pLogP method (ALA 51) : -0.0000
Side Chain Topographical Entropy from corr. pLogP method (PRO 52) : 8.1197
Side Chain Topographical Entropy from corr. pLogP method (ALA 53) : -0.0000
Side Chain Topographical Entropy from corr. pLogP method (THR 54) : 5.7338
Side Chain Topographical Entropy from corr. pLogP method (ASP 55) : 5.6636
Side Chain Topographical Entropy from corr. pLogP method (GLY 56) : -0.0000
Side Chain Topographical Entropy from corr. pLogP method (SER 57) : -0.0000
Side Chain Topographical Entropy from corr. pLogP method (GLY 58) : -0.0000
Side Chain Topographical Entropy from corr. pLogP method (THR 59) : -0.0000
Side Chain Topographical Entropy from corr. pLogP method (ALA 60) : -0.0000
Side Chain Topographical Entropy from corr. pLogP method (LEU 61) : 4.6301
Side Chain Topographical Entropy from corr. pLogP method (GLY 62) : -0.0000
Side Chain Topographical Entropy from corr. pLogP method (TRP 63) : -0.0000
Side Chain Topographical Entropy from corr. pLogP method (THR 64) : 1.0619
Side Chain Topographical Entropy from corr. pLogP method (VAL 65) : -0.0000
Side Chain Topographical Entropy from corr. pLogP method (ALA 66) : -0.0000
Side Chain Topographical Entropy from corr. pLogP method (TRP 67) : -0.0000
Side Chain Topographical Entropy from corr. pLogP method (LYS 68) : 10.6074
Side Chain Topographical Entropy from corr. pLogP method (ASN 69) : 5.4744
Side Chain Topographical Entropy from corr. pLogP method (ASN 70) : 12.4920
Side Chain Topographical Entropy from corr. pLogP method (TYR 71) : 5.5784
Side Chain Topographical Entropy from corr. pLogP method (ARG 72) : 13.8291
Side Chain Topographical Entropy from corr. pLogP method (ASN 73) : 0.1200
Side Chain Topographical Entropy from corr. pLogP method (ALA 74) : -0.0000
Side Chain Topographical Entropy from corr. pLogP method (HID 75) : 0.1698
Side Chain Topographical Entropy from corr. pLogP method (SER 76) : 1.5815
Side Chain Topographical Entropy from corr. pLogP method (ALA 77) : -0.0000
Side Chain Topographical Entropy from corr. pLogP method (THR 78) : -0.0000
Side Chain Topographical Entropy from corr. pLogP method (THR 79) : 4.4089
Side Chain Topographical Entropy from corr. pLogP method (TRP 80) : 1.8411
Side Chain Topographical Entropy from corr. pLogP method (SER 81) : 5.1341
Side Chain Topographical Entropy from corr. pLogP method (GLY 82) : -0.0000
Side Chain Topographical Entropy from corr. pLogP method (GLN 83) : 10.0884
Side Chain Topographical Entropy from corr. pLogP method (TYR 84) : -0.0000
Side Chain Topographical Entropy from corr. pLogP method (VAL 85) : 2.2975
Side Chain Topographical Entropy from corr. pLogP method (GLY 86) : -0.0000
Side Chain Topographical Entropy from corr. pLogP method (GLY 87) : -0.0000
Side Chain Topographical Entropy from corr. pLogP method (ALA 88) : -0.0000
Side Chain Topographical Entropy from corr. pLogP method (GLU 89) : 16.5449
Side Chain Topographical Entropy from corr. pLogP method (ALA 90) : -0.0000
Side Chain Topographical Entropy from corr. pLogP method (ARG 91) : 13.4323
Side Chain Topographical Entropy from corr. pLogP method (ILE 92) : 0.4270
Side Chain Topographical Entropy from corr. pLogP method (ASN 93) : 10.0904
Side Chain Topographical Entropy from corr. pLogP method (THR 94) : -0.0000
Side Chain Topographical Entropy from corr. pLogP method (GLN 95) : 4.8630
Side Chain Topographical Entropy from corr. pLogP method (TRP 96) : 0.7161
Side Chain Topographical Entropy from corr. pLogP method (LEU 97) : -0.0000
Side Chain Topographical Entropy from corr. pLogP method (LEU 98) : -0.0000
Side Chain Topographical Entropy from corr. pLogP method (THR 99) : -0.0000
Side Chain Topographical Entropy from corr. pLogP method (SER 100) : 4.2176
Side Chain Topographical Entropy from corr. pLogP method (GLY 101) : -0.0000
Side Chain Topographical Entropy from corr. pLogP method (THR 102) : -0.0000
Side Chain Topographical Entropy from corr. pLogP method (THR 103) : 1.7829
Side Chain Topographical Entropy from corr. pLogP method (GLU 104) : 22.5393
Side Chain Topographical Entropy from corr. pLogP method (ALA 105) : -0.0000
Side Chain Topographical Entropy from corr. pLogP method (ASN 106) : 2.2312
Side Chain Topographical Entropy from corr. pLogP method (ALA 107) : -0.0000
Side Chain Topographical Entropy from corr. pLogP method (TRP 108) : 5.6905
Side Chain Topographical Entropy from corr. pLogP method (LYS 109) : 8.0844
Side Chain Topographical Entropy from corr. pLogP method (SER 110) : -0.0000
Side Chain Topographical Entropy from corr. pLogP method (THR 111) : -0.0000
Side Chain Topographical Entropy from corr. pLogP method (LEU 112) : 1.4261
Side Chain Topographical Entropy from corr. pLogP method (VAL 113) : -0.0000
Side Chain Topographical Entropy from corr. pLogP method (GLY 114) : -0.0000
Side Chain Topographical Entropy from corr. pLogP method (HID 115) : 0.1857
Side Chain Topographical Entropy from corr. pLogP method (ASP 116) : 5.7127
Side Chain Topographical Entropy from corr. pLogP method (THR 117) : -0.0000
Side Chain Topographical Entropy from corr. pLogP method (PHE 118) : -0.0000
Side Chain Topographical Entropy from corr. pLogP method (THR 119) : 4.5334
Side Chain Topographical Entropy from corr. pLogP method (LYS 120) : 10.6630
Side Chain Topographical Entropy from corr. pLogP method (VAL 121) : 4.0289
Side Chain Topographical Entropy from corr. pLogP method (LYS 122) : 15.1620
Side Chain Topographical Entropy from corr. pLogP method (PRO 123) : 14.1644
Side Chain Topographical Entropy from corr. pLogP method (SER 124) : 7.8180
Side Chain Topographical Entropy from corr. pLogP method (ALA 125) : -0.0000
Side Chain Topographical Entropy from corr. pLogP method (ALA 126) : -0.0000
Side Chain Topographical Entropy from corr. pLogP method (CSER 127) : 3.8061
____________________________________________________________
Total SC Topog. Entropy (corr. pLogP)    :         454.478
------------------------------------------------------------
____________________________________________________________
Total BB Topog. Entropy (corr. pLogP)    :          18.694
------------------------------------------------------------
____________________________________________________________
Total Entropy                            :         473.172
------------------------------------------------------------
------------------------------------------------------------
Topographical entropy of residue side chains 
computed using all the dihedrals with correlation/pLogp formalism
------------------------------------------------------------
Side Chain Topographical Entropy from corr. pLogP method (NALA 1) : -0.0000
Side Chain Topographical Entropy from corr. pLogP method (GLU 2) : 21.6764
Side Chain Topographical Entropy from corr. pLogP method (ALA 3) : -0.0000
Side Chain Topographical Entropy from corr. pLogP method (GLY 4) : -0.0000
Side Chain Topographical Entropy from corr. pLogP method (ILE 5) : 0.9180
Side Chain Topographical Entropy from corr. pLogP method (THR 6) : -0.0000
Side Chain Topographical Entropy from corr. pLogP method (GLY 7) : -0.0000
Side Chain Topographical Entropy from corr. pLogP method (THR 8) : 0.9104
Side Chain Topographical Entropy from corr. pLogP method (TRP 9) : -0.0000
Side Chain Topographical Entropy from corr. pLogP method (TYR 10) : 5.0989
Side Chain Topographical Entropy from corr. pLogP method (ALA 11) : -0.0000
Side Chain Topographical Entropy from corr. pLogP method (GLN 12) : 20.7828
Side Chain Topographical Entropy from corr. pLogP method (LEU 13) : 7.1301
Side Chain Topographical Entropy from corr. pLogP method (GLY 14) : -0.0000
Side Chain Topographical Entropy from corr. pLogP method (SER 15) : 7.3954
Side Chain Topographical Entropy from corr. pLogP method (THR 16) : 3.7727
Side Chain Topographical Entropy from corr. pLogP method (PHE 17) : 1.5119
Side Chain Topographical Entropy from corr. pLogP method (ILE 18) : 5.1968
Side Chain Topographical Entropy from corr. pLogP method (VAL 19) : 7.1755
Side Chain Topographical Entropy from corr. pLogP method (THR 20) : 5.7621
Side Chain Topographical Entropy from corr. pLogP method (ALA 21) : -0.0000
Side Chain Topographical Entropy from corr. pLogP method (GLY 22) : -0.0000
Side Chain Topographical Entropy from corr. pLogP method (ALA 23) : -0.0000
Side Chain Topographical Entropy from corr. pLogP method (ASP 24) : 15.5558
Side Chain Topographical Entropy from corr. pLogP method (GLY 25) : -0.0000
Side Chain Topographical Entropy from corr. pLogP method (ALA 26) : -0.0000
Side Chain Topographical Entropy from corr. pLogP method (LEU 27) : 6.0786
Side Chain Topographical Entropy from corr. pLogP method (THR 28) : 8.4106
Side Chain Topographical Entropy from corr. pLogP method (GLY 29) : -0.0000
Side Chain Topographical Entropy from corr. pLogP method (THR 30) : 7.7542
Side Chain Topographical Entropy from corr. pLogP method (TYR 31) : 3.5475
Side Chain Topographical Entropy from corr. pLogP method (GLU 32) : 11.5772
Side Chain Topographical Entropy from corr. pLogP method (SER 33) : 6.9288
Side Chain Topographical Entropy from corr. pLogP method (ALA 34) : -0.0000
Side Chain Topographical Entropy from corr. pLogP method (VAL 35) : 8.2352
Side Chain Topographical Entropy from corr. pLogP method (GLY 36) : -0.0000
Side Chain Topographical Entropy from corr. pLogP method (ASN 37) : 9.0703
Side Chain Topographical Entropy from corr. pLogP method (ALA 38) : -0.0000
Side Chain Topographical Entropy from corr. pLogP method (GLU 39) : 20.5298
Side Chain Topographical Entropy from corr. pLogP method (SER 40) : 1.5627
Side Chain Topographical Entropy from corr. pLogP method (ARG 41) : 13.7090
Side Chain Topographical Entropy from corr. pLogP method (TYR 42) : 0.2168
Side Chain Topographical Entropy from corr. pLogP method (VAL 43) : -0.0000
Side Chain Topographical Entropy from corr. pLogP method (LEU 44) : 0.3931
Side Chain Topographical Entropy from corr. pLogP method (THR 45) : 4.3884
Side Chain Topographical Entropy from corr. pLogP method (GLY 46) : -0.0000
Side Chain Topographical Entropy from corr. pLogP method (ARG 47) : 0.1200
Side Chain Topographical Entropy from corr. pLogP method (TYR 48) : 4.1292
Side Chain Topographical Entropy from corr. pLogP method (ASP 49) : 0.1200
Side Chain Topographical Entropy from corr. pLogP method (SER 50) : 1.6749
Side Chain Topographical Entropy from corr. pLogP method (ALA 51) : -0.0000
Side Chain Topographical Entropy from corr. pLogP method (PRO 52) : 11.3149
Side Chain Topographical Entropy from corr. pLogP method (ALA 53) : -0.0000
Side Chain Topographical Entropy from corr. pLogP method (THR 54) : 5.6814
Side Chain Topographical Entropy from corr. pLogP method (ASP 55) : 6.4467
Side Chain Topographical Entropy from corr. pLogP method (GLY 56) : -0.0000
Side Chain Topographical Entropy from corr. pLogP method (SER 57) : -0.0000
Side Chain Topographical Entropy from corr. pLogP method (GLY 58) : -0.0000
Side Chain Topographical Entropy from corr. pLogP method (THR 59) : -0.0000
Side Chain Topographical Entropy from corr. pLogP method (ALA 60) : -0.0000
Side Chain Topographical Entropy from corr. pLogP method (LEU 61) : 1.8597
Side Chain Topographical Entropy from corr. pLogP method (GLY 62) : -0.0000
Side Chain Topographical Entropy from corr. pLogP method (TRP 63) : -0.0000
Side Chain Topographical Entropy from corr. pLogP method (THR 64) : 4.9965
Side Chain Topographical Entropy from corr. pLogP method (VAL 65) : -0.0000
Side Chain Topographical Entropy from corr. pLogP method (ALA 66) : -0.0000
Side Chain Topographical Entropy from corr. pLogP method (TRP 67) : -0.0000
Side Chain Topographical Entropy from corr. pLogP method (LYS 68) : 10.9207
Side Chain Topographical Entropy from corr. pLogP method (ASN 69) : 4.9765
Side Chain Topographical Entropy from corr. pLogP method (ASN 70) : 13.7540
Side Chain Topographical Entropy from corr. pLogP method (TYR 71) : 5.3420
Side Chain Topographical Entropy from corr. pLogP method (ARG 72) : 7.3836
Side Chain Topographical Entropy from corr. pLogP method (ASN 73) : -0.0000
Side Chain Topographical Entropy from corr. pLogP method (ALA 74) : -0.0000
Side Chain Topographical Entropy from corr. pLogP method (HID 75) : 0.2617
Side Chain Topographical Entropy from corr. pLogP method (SER 76) : 5.6534
Side Chain Topographical Entropy from corr. pLogP method (ALA 77) : -0.0000
Side Chain Topographical Entropy from corr. pLogP method (THR 78) : -0.0000
Side Chain Topographical Entropy from corr. pLogP method (THR 79) : -0.0000
Side Chain Topographical Entropy from corr. pLogP method (TRP 80) : 2.5537
Side Chain Topographical Entropy from corr. pLogP method (SER 81) : 0.8017
Side Chain Topographical Entropy from corr. pLogP method (GLY 82) : -0.0000
Side Chain Topographical Entropy from corr. pLogP method (GLN 83) : 4.8386
Side Chain Topographical Entropy from corr. pLogP method (TYR 84) : -0.0000
Side Chain Topographical Entropy from corr. pLogP method (VAL 85) : 1.1081
Side Chain Topographical Entropy from corr. pLogP method (GLY 86) : -0.0000
Side Chain Topographical Entropy from corr. pLogP method (GLY 87) : -0.0000
Side Chain Topographical Entropy from corr. pLogP method (ALA 88) : -0.0000
Side Chain Topographical Entropy from corr. pLogP method (GLU 89) : 20.5687
Side Chain Topographical Entropy from corr. pLogP method (ALA 90) : -0.0000
Side Chain Topographical Entropy from corr. pLogP method (ARG 91) : 7.2802
Side Chain Topographical Entropy from corr. pLogP method (ILE 92) : 0.6061
Side Chain Topographical Entropy from corr. pLogP method (ASN 93) : 7.2109
Side Chain Topographical Entropy from corr. pLogP method (THR 94) : -0.0000
Side Chain Topographical Entropy from corr. pLogP method (GLN 95) : 3.0895
Side Chain Topographical Entropy from corr. pLogP method (TRP 96) : 0.6125
Side Chain Topographical Entropy from corr. pLogP method (LEU 97) : 0.0657
Side Chain Topographical Entropy from corr. pLogP method (LEU 98) : 1.9967
Side Chain Topographical Entropy from corr. pLogP method (THR 99) : 0.8473
Side Chain Topographical Entropy from corr. pLogP method (SER 100) : 8.9113
Side Chain Topographical Entropy from corr. pLogP method (GLY 101) : -0.0000
Side Chain Topographical Entropy from corr. pLogP method (THR 102) : -0.0000
Side Chain Topographical Entropy from corr. pLogP method (THR 103) : 1.6165
Side Chain Topographical Entropy from corr. pLogP method (GLU 104) : 20.6800
Side Chain Topographical Entropy from corr. pLogP method (ALA 105) : -0.0000
Side Chain Topographical Entropy from corr. pLogP method (ASN 106) : 8.0875
Side Chain Topographical Entropy from corr. pLogP method (ALA 107) : -0.0000
Side Chain Topographical Entropy from corr. pLogP method (TRP 108) : 5.7599
Side Chain Topographical Entropy from corr. pLogP method (LYS 109) : 9.1496
Side Chain Topographical Entropy from corr. pLogP method (SER 110) : 8.5330
Side Chain Topographical Entropy from corr. pLogP method (THR 111) : 0.1200
Side Chain Topographical Entropy from corr. pLogP method (LEU 112) : 2.9780
Side Chain Topographical Entropy from corr. pLogP method (VAL 113) : 0.1200
Side Chain Topographical Entropy from corr. pLogP method (GLY 114) : -0.0000
Side Chain Topographical Entropy from corr. pLogP method (HID 115) : 8.1190
Side Chain Topographical Entropy from corr. pLogP method (ASP 116) : 6.2351
Side Chain Topographical Entropy from corr. pLogP method (THR 117) : 0.1200
Side Chain Topographical Entropy from corr. pLogP method (PHE 118) : -0.0000
Side Chain Topographical Entropy from corr. pLogP method (THR 119) : 0.1200
Side Chain Topographical Entropy from corr. pLogP method (LYS 120) : 10.5026
Side Chain Topographical Entropy from corr. pLogP method (VAL 121) : 5.8857
Side Chain Topographical Entropy from corr. pLogP method (LYS 122) : 16.3413
Side Chain Topographical Entropy from corr. pLogP method (PRO 123) : 15.1552
Side Chain Topographical Entropy from corr. pLogP method (SER 124) : 8.5722
Side Chain Topographical Entropy from corr. pLogP method (ALA 125) : -0.0000
Side Chain Topographical Entropy from corr. pLogP method (ALA 126) : -0.0000
Side Chain Topographical Entropy from corr. pLogP method (CSER 127) : 5.9758
____________________________________________________________
Total SC Topog. Entropy (corr. pLogP)    :         484.486
------------------------------------------------------------
____________________________________________________________
Total BB Topog. Entropy (corr. pLogP)    :          17.712
------------------------------------------------------------
____________________________________________________________
Total Entropy                            :         502.198
------------------------------------------------------------
