------------------------------------------------------------
Topographical entropy of residue side chains 
computed using all the dihedrals with AEM method
------------------------------------------------------------
Residue Topographical Entropy from AEM (NALA 1) : 1.8333
Residue Topographical Entropy from AEM (GLU 2) : 24.0656
Residue Topographical Entropy from AEM (ALA 3) : -0.0000
Residue Topographical Entropy from AEM (GLY 4) : -0.0000
Residue Topographical Entropy from AEM (ILE 5) : 2.9811
Residue Topographical Entropy from AEM (THR 6) : 2.4955
Residue Topographical Entropy from AEM (GLY 7) : -0.0000
Residue Topographical Entropy from AEM (THR 8) : 1.9783
Residue Topographical Entropy from AEM (TRP 9) : 40.1252
Residue Topographical Entropy from AEM (TYR 10) : 27.7917
Residue Topographical Entropy from AEM (ALA 11) : -0.0000
Residue Topographical Entropy from AEM (GLN 12) : 15.2241
Residue Topographical Entropy from AEM (LEU 13) : 8.2628
Residue Topographical Entropy from AEM (GLY 14) : -0.0000
Residue Topographical Entropy from AEM (SER 15) : 5.7398
Residue Topographical Entropy from AEM (THR 16) : 3.7193
Residue Topographical Entropy from AEM (PHE 17) : 26.1509
Residue Topographical Entropy from AEM (ILE 18) : 12.7512
Residue Topographical Entropy from AEM (VAL 19) : 2.9521
Residue Topographical Entropy from AEM (THR 20) : 7.4145
Residue Topographical Entropy from AEM (ALA 21) : -0.0000
Residue Topographical Entropy from AEM (GLY 22) : -0.0000
Residue Topographical Entropy from AEM (ALA 23) : -0.0000
Residue Topographical Entropy from AEM (ASP 24) : 11.4344
Residue Topographical Entropy from AEM (GLY 25) : -0.0000
Residue Topographical Entropy from AEM (ALA 26) : -0.0000
Residue Topographical Entropy from AEM (LEU 27) : 8.9148
Residue Topographical Entropy from AEM (THR 28) : 9.1001
Residue Topographical Entropy from AEM (GLY 29) : -0.0000
Residue Topographical Entropy from AEM (THR 30) : 7.9517
Residue Topographical Entropy from AEM (TYR 31) : 28.2914
Residue Topographical Entropy from AEM (GLU 32) : 18.8280
Residue Topographical Entropy from AEM (SER 33) : 6.5854
Residue Topographical Entropy from AEM (ALA 34) : -0.0000
Residue Topographical Entropy from AEM (VAL 35) : 9.0054
Residue Topographical Entropy from AEM (GLY 36) : -0.0000
Residue Topographical Entropy from AEM (ASN 37) : 16.0284
Residue Topographical Entropy from AEM (ALA 38) : -0.0000
Residue Topographical Entropy from AEM (GLU 39) : 17.0809
Residue Topographical Entropy from AEM (SER 40) : 6.0010
Residue Topographical Entropy from AEM (ARG 41) : 15.8441
Residue Topographical Entropy from AEM (TYR 42) : 25.5234
Residue Topographical Entropy from AEM (VAL 43) : 1.1681
Residue Topographical Entropy from AEM (LEU 44) : 3.2741
Residue Topographical Entropy from AEM (THR 45) : 2.8109
Residue Topographical Entropy from AEM (GLY 46) : -0.0000
Residue Topographical Entropy from AEM (ARG 47) : 5.0446
Residue Topographical Entropy from AEM (TYR 48) : 25.8089
Residue Topographical Entropy from AEM (ASP 49) : 5.0014
Residue Topographical Entropy from AEM (SER 50) : 4.9124
Residue Topographical Entropy from AEM (ALA 51) : -0.0000
Residue Topographical Entropy from AEM (PRO 52) : 7.1956
Residue Topographical Entropy from AEM (ALA 53) : -0.0000
Residue Topographical Entropy from AEM (THR 54) : 8.9204
Residue Topographical Entropy from AEM (ASP 55) : 12.4348
Residue Topographical Entropy from AEM (GLY 56) : -0.0000
Residue Topographical Entropy from AEM (SER 57) : 8.1863
Residue Topographical Entropy from AEM (GLY 58) : -0.0000
Residue Topographical Entropy from AEM (THR 59) : 1.5297
Residue Topographical Entropy from AEM (ALA 60) : -0.0000
Residue Topographical Entropy from AEM (LEU 61) : 4.3821
Residue Topographical Entropy from AEM (GLY 62) : -0.0000
Residue Topographical Entropy from AEM (TRP 63) : 44.8252
Residue Topographical Entropy from AEM (THR 64) : 0.3874
Residue Topographical Entropy from AEM (VAL 65) : 0.4997
Residue Topographical Entropy from AEM (ALA 66) : -0.0000
Residue Topographical Entropy from AEM (TRP 67) : 39.4041
Residue Topographical Entropy from AEM (LYS 68) : 16.3274
Residue Topographical Entropy from AEM (ASN 69) : 4.0220
Residue Topographical Entropy from AEM (ASN 70) : 13.2895
Residue Topographical Entropy from AEM (TYR 71) : 33.2315
Residue Topographical Entropy from AEM (ARG 72) : 18.5802
Residue Topographical Entropy from AEM (ASN 73) : 4.8881
Residue Topographical Entropy from AEM (ALA 74) : -0.0000
Residue Topographical Entropy from AEM (HID 75) : 24.0961
Residue Topographical Entropy from AEM (SER 76) : 0.8023
Residue Topographical Entropy from AEM (ALA 77) : -0.0000
Residue Topographical Entropy from AEM (THR 78) : 0.6214
Residue Topographical Entropy from AEM (THR 79) : 0.2763
Residue Topographical Entropy from AEM (TRP 80) : 41.5673
Residue Topographical Entropy from AEM (SER 81) : 0.1585
Residue Topographical Entropy from AEM (GLY 82) : -0.0000
Residue Topographical Entropy from AEM (GLN 83) : 9.1036
Residue Topographical Entropy from AEM (TYR 84) : 32.6188
Residue Topographical Entropy from AEM (VAL 85) : 1.0646
Residue Topographical Entropy from AEM (GLY 86) : -0.0000
Residue Topographical Entropy from AEM (GLY 87) : -0.0000
Residue Topographical Entropy from AEM (ALA 88) : -0.0000
Residue Topographical Entropy from AEM (GLU 89) : 21.9446
Residue Topographical Entropy from AEM (ALA 90) : -0.0000
Residue Topographical Entropy from AEM (ARG 91) : 8.9861
Residue Topographical Entropy from AEM (ILE 92) : 1.0958
Residue Topographical Entropy from AEM (ASN 93) : 5.3957
Residue Topographical Entropy from AEM (THR 94) : 3.5266
Residue Topographical Entropy from AEM (GLN 95) : 1.3107
Residue Topographical Entropy from AEM (TRP 96) : 41.6157
Residue Topographical Entropy from AEM (LEU 97) : 3.2685
Residue Topographical Entropy from AEM (LEU 98) : 2.0658
Residue Topographical Entropy from AEM (THR 99) : 2.0602
Residue Topographical Entropy from AEM (SER 100) : 7.9853
Residue Topographical Entropy from AEM (GLY 101) : -0.0000
Residue Topographical Entropy from AEM (THR 102) : 2.9499
Residue Topographical Entropy from AEM (THR 103) : 0.9000
Residue Topographical Entropy from AEM (GLU 104) : 22.6150
Residue Topographical Entropy from AEM (ALA 105) : -0.0000
Residue Topographical Entropy from AEM (ASN 106) : 3.7148
Residue Topographical Entropy from AEM (ALA 107) : -0.0000
Residue Topographical Entropy from AEM (TRP 108) : 46.6666
Residue Topographical Entropy from AEM (LYS 109) : 20.0475
Residue Topographical Entropy from AEM (SER 110) : 2.1610
Residue Topographical Entropy from AEM (THR 111) : 0.0134
Residue Topographical Entropy from AEM (LEU 112) : 3.6825
Residue Topographical Entropy from AEM (VAL 113) : 0.7259
Residue Topographical Entropy from AEM (GLY 114) : -0.0000
Residue Topographical Entropy from AEM (HID 115) : 5.5616
Residue Topographical Entropy from AEM (ASP 116) : 6.9640
Residue Topographical Entropy from AEM (THR 117) : 5.1352
Residue Topographical Entropy from AEM (PHE 118) : 27.8292
Residue Topographical Entropy from AEM (THR 119) : 3.8201
Residue Topographical Entropy from AEM (LYS 120) : 15.7842
Residue Topographical Entropy from AEM (VAL 121) : 5.6262
Residue Topographical Entropy from AEM (LYS 122) : 21.6767
Residue Topographical Entropy from AEM (PRO 123) : 10.4308
Residue Topographical Entropy from AEM (SER 124) : 7.9270
Residue Topographical Entropy from AEM (ALA 125) : -0.0000
Residue Topographical Entropy from AEM (ALA 126) : -0.0000
Residue Topographical Entropy from AEM (CSER 127) : 7.0423
____________________________________________________________
Total Topog. Entropy (AEM)               :        1061.037
------------------------------------------------------------
____________________________________________________________
Total Entropy                            :        1061.037
------------------------------------------------------------
