------------------------------------------------------------
Topographical entropy of residue side chains 
computed using all the dihedrals with correlation/pLogp formalism
------------------------------------------------------------
Side Chain Topographical Entropy from corr. pLogP method (NALA 1) : -0.0000
Side Chain Topographical Entropy from corr. pLogP method (GLU 2) : 20.7386
Side Chain Topographical Entropy from corr. pLogP method (ALA 3) : -0.0000
Side Chain Topographical Entropy from corr. pLogP method (GLY 4) : -0.0000
Side Chain Topographical Entropy from corr. pLogP method (ILE 5) : 1.7060
Side Chain Topographical Entropy from corr. pLogP method (THR 6) : -0.0000
Side Chain Topographical Entropy from corr. pLogP method (GLY 7) : -0.0000
Side Chain Topographical Entropy from corr. pLogP method (THR 8) : 1.4606
Side Chain Topographical Entropy from corr. pLogP method (TRP 9) : -0.0000
Side Chain Topographical Entropy from corr. pLogP method (TYR 10) : 5.6512
Side Chain Topographical Entropy from corr. pLogP method (ALA 11) : -0.0000
Side Chain Topographical Entropy from corr. pLogP method (GLN 12) : 20.7476
Side Chain Topographical Entropy from corr. pLogP method (LEU 13) : 7.3964
Side Chain Topographical Entropy from corr. pLogP method (GLY 14) : -0.0000
Side Chain Topographical Entropy from corr. pLogP method (SER 15) : 8.2218
Side Chain Topographical Entropy from corr. pLogP method (THR 16) : 5.2109
Side Chain Topographical Entropy from corr. pLogP method (PHE 17) : 0.6244
Side Chain Topographical Entropy from corr. pLogP method (ILE 18) : 9.5329
Side Chain Topographical Entropy from corr. pLogP method (VAL 19) : 1.1058
Side Chain Topographical Entropy from corr. pLogP method (THR 20) : 7.7675
Side Chain Topographical Entropy from corr. pLogP method (ALA 21) : -0.0000
Side Chain Topographical Entropy from corr. pLogP method (GLY 22) : -0.0000
Side Chain Topographical Entropy from corr. pLogP method (ALA 23) : -0.0000
Side Chain Topographical Entropy from corr. pLogP method (ASP 24) : 14.8017
Side Chain Topographical Entropy from corr. pLogP method (GLY 25) : -0.0000
Side Chain Topographical Entropy from corr. pLogP method (ALA 26) : -0.0000
Side Chain Topographical Entropy from corr. pLogP method (LEU 27) : 6.9309
Side Chain Topographical Entropy from corr. pLogP method (THR 28) : 7.1847
Side Chain Topographical Entropy from corr. pLogP method (GLY 29) : -0.0000
Side Chain Topographical Entropy from corr. pLogP method (THR 30) : 5.3394
Side Chain Topographical Entropy from corr. pLogP method (TYR 31) : 3.6028
Side Chain Topographical Entropy from corr. pLogP method (GLU 32) : 16.5799
Side Chain Topographical Entropy from corr. pLogP method (SER 33) : 7.6644
Side Chain Topographical Entropy from corr. pLogP method (ALA 34) : -0.0000
Side Chain Topographical Entropy from corr. pLogP method (VAL 35) : 7.8307
Side Chain Topographical Entropy from corr. pLogP method (GLY 36) : -0.0000
Side Chain Topographical Entropy from corr. pLogP method (ASN 37) : 11.3783
Side Chain Topographical Entropy from corr. pLogP method (ALA 38) : -0.0000
Side Chain Topographical Entropy from corr. pLogP method (GLU 39) : 22.3460
Side Chain Topographical Entropy from corr. pLogP method (SER 40) : 4.5200
Side Chain Topographical Entropy from corr. pLogP method (ARG 41) : 12.3298
Side Chain Topographical Entropy from corr. pLogP method (TYR 42) : 0.1285
Side Chain Topographical Entropy from corr. pLogP method (VAL 43) : 0.6141
Side Chain Topographical Entropy from corr. pLogP method (LEU 44) : 0.8313
Side Chain Topographical Entropy from corr. pLogP method (THR 45) : 8.8586
Side Chain Topographical Entropy from corr. pLogP method (GLY 46) : -0.0000
Side Chain Topographical Entropy from corr. pLogP method (ARG 47) : 1.2090
Side Chain Topographical Entropy from corr. pLogP method (TYR 48) : 3.5368
Side Chain Topographical Entropy from corr. pLogP method (ASP 49) : 3.7360
Side Chain Topographical Entropy from corr. pLogP method (SER 50) : 2.2952
Side Chain Topographical Entropy from corr. pLogP method (ALA 51) : -0.0000
Side Chain Topographical Entropy from corr. pLogP method (PRO 52) : 11.9575
Side Chain Topographical Entropy from corr. pLogP method (ALA 53) : -0.0000
Side Chain Topographical Entropy from corr. pLogP method (THR 54) : 5.9782
Side Chain Topographical Entropy from corr. pLogP method (ASP 55) : 8.1388
Side Chain Topographical Entropy from corr. pLogP method (GLY 56) : -0.0000
Side Chain Topographical Entropy from corr. pLogP method (SER 57) : 6.8610
Side Chain Topographical Entropy from corr. pLogP method (GLY 58) : -0.0000
Side Chain Topographical Entropy from corr. pLogP method (THR 59) : 0.2617
Side Chain Topographical Entropy from corr. pLogP method (ALA 60) : -0.0000
Side Chain Topographical Entropy from corr. pLogP method (LEU 61) : 6.1237
Side Chain Topographical Entropy from corr. pLogP method (GLY 62) : -0.0000
Side Chain Topographical Entropy from corr. pLogP method (TRP 63) : -0.0000
Side Chain Topographical Entropy from corr. pLogP method (THR 64) : 0.7640
Side Chain Topographical Entropy from corr. pLogP method (VAL 65) : -0.0000
Side Chain Topographical Entropy from corr. pLogP method (ALA 66) : -0.0000
Side Chain Topographical Entropy from corr. pLogP method (TRP 67) : 0.0134
Side Chain Topographical Entropy from corr. pLogP method (LYS 68) : 16.4510
Side Chain Topographical Entropy from corr. pLogP method (ASN 69) : 5.7055
Side Chain Topographical Entropy from corr. pLogP method (ASN 70) : 13.4052
Side Chain Topographical Entropy from corr. pLogP method (TYR 71) : 8.3485
Side Chain Topographical Entropy from corr. pLogP method (ARG 72) : 15.6065
Side Chain Topographical Entropy from corr. pLogP method (ASN 73) : 7.0594
Side Chain Topographical Entropy from corr. pLogP method (ALA 74) : -0.0000
Side Chain Topographical Entropy from corr. pLogP method (HID 75) : 1.6095
Side Chain Topographical Entropy from corr. pLogP method (SER 76) : 5.8980
Side Chain Topographical Entropy from corr. pLogP method (ALA 77) : -0.0000
Side Chain Topographical Entropy from corr. pLogP method (THR 78) : -0.0000
Side Chain Topographical Entropy from corr. pLogP method (THR 79) : 6.7665
Side Chain Topographical Entropy from corr. pLogP method (TRP 80) : 1.4606
Side Chain Topographical Entropy from corr. pLogP method (SER 81) : 3.0286
Side Chain Topographical Entropy from corr. pLogP method (GLY 82) : -0.0000
Side Chain Topographical Entropy from corr. pLogP method (GLN 83) : 9.2442
Side Chain Topographical Entropy from corr. pLogP method (TYR 84) : 0.0269
Side Chain Topographical Entropy from corr. pLogP method (VAL 85) : 1.4311
Side Chain Topographical Entropy from corr. pLogP method (GLY 86) : -0.0000
Side Chain Topographical Entropy from corr. pLogP method (GLY 87) : -0.0000
Side Chain Topographical Entropy from corr. pLogP method (ALA 88) : -0.0000
Side Chain Topographical Entropy from corr. pLogP method (GLU 89) : 20.2172
Side Chain Topographical Entropy from corr. pLogP method (ALA 90) : -0.0000
Side Chain Topographical Entropy from corr. pLogP method (ARG 91) : 11.1561
Side Chain Topographical Entropy from corr. pLogP method (ILE 92) : 0.2159
Side Chain Topographical Entropy from corr. pLogP method (ASN 93) : 6.4281
Side Chain Topographical Entropy from corr. pLogP method (THR 94) : 0.1593
Side Chain Topographical Entropy from corr. pLogP method (GLN 95) : 1.7811
Side Chain Topographical Entropy from corr. pLogP method (TRP 96) : 0.8366
Side Chain Topographical Entropy from corr. pLogP method (LEU 97) : 0.1291
Side Chain Topographical Entropy from corr. pLogP method (LEU 98) : 2.4998
Side Chain Topographical Entropy from corr. pLogP method (THR 99) : 0.0134
Side Chain Topographical Entropy from corr. pLogP method (SER 100) : 8.0799
Side Chain Topographical Entropy from corr. pLogP method (GLY 101) : -0.0000
Side Chain Topographical Entropy from corr. pLogP method (THR 102) : 9.0550
Side Chain Topographical Entropy from corr. pLogP method (THR 103) : 4.0953
Side Chain Topographical Entropy from corr. pLogP method (GLU 104) : 22.6700
Side Chain Topographical Entropy from corr. pLogP method (ALA 105) : -0.0000
Side Chain Topographical Entropy from corr. pLogP method (ASN 106) : 6.0943
Side Chain Topographical Entropy from corr. pLogP method (ALA 107) : -0.0000
Side Chain Topographical Entropy from corr. pLogP method (TRP 108) : 5.7751
Side Chain Topographical Entropy from corr. pLogP method (LYS 109) : 12.4039
Side Chain Topographical Entropy from corr. pLogP method (SER 110) : 4.4323
Side Chain Topographical Entropy from corr. pLogP method (THR 111) : 0.0461
Side Chain Topographical Entropy from corr. pLogP method (LEU 112) : 3.1111
Side Chain Topographical Entropy from corr. pLogP method (VAL 113) : -0.0000
Side Chain Topographical Entropy from corr. pLogP method (GLY 114) : -0.0000
Side Chain Topographical Entropy from corr. pLogP method (HID 115) : 0.0134
Side Chain Topographical Entropy from corr. pLogP method (ASP 116) : 8.1540
Side Chain Topographical Entropy from corr. pLogP method (THR 117) : 5.3908
Side Chain Topographical Entropy from corr. pLogP method (PHE 118) : 0.0134
Side Chain Topographical Entropy from corr. pLogP method (THR 119) : 6.2231
Side Chain Topographical Entropy from corr. pLogP method (LYS 120) : 11.6894
Side Chain Topographical Entropy from corr. pLogP method (VAL 121) : 4.8115
Side Chain Topographical Entropy from corr. pLogP method (LYS 122) : 16.7805
Side Chain Topographical Entropy from corr. pLogP method (PRO 123) : 14.5606
Side Chain Topographical Entropy from corr. pLogP method (SER 124) : 8.5739
Side Chain Topographical Entropy from corr. pLogP method (ALA 125) : -0.0000
Side Chain Topographical Entropy from corr. pLogP method (ALA 126) : -0.0000
Side Chain Topographical Entropy from corr. pLogP method (CSER 127) : 4.3800
____________________________________________________________
Total SC Topog. Entropy (corr. pLogP)    :         567.812
------------------------------------------------------------
____________________________________________________________
Total BB Topog. Entropy (corr. pLogP)    :          18.706
------------------------------------------------------------
____________________________________________________________
Total Entropy                            :         586.518
------------------------------------------------------------
------------------------------------------------------------
Topographical entropy of residue side chains 
computed using all the dihedrals with correlation/pLogp formalism
------------------------------------------------------------
Side Chain Topographical Entropy from corr. pLogP method (NALA 1) : -0.0000
Side Chain Topographical Entropy from corr. pLogP method (GLU 2) : 15.1746
Side Chain Topographical Entropy from corr. pLogP method (ALA 3) : -0.0000
Side Chain Topographical Entropy from corr. pLogP method (GLY 4) : -0.0000
Side Chain Topographical Entropy from corr. pLogP method (ILE 5) : 4.4056
Side Chain Topographical Entropy from corr. pLogP method (THR 6) : 0.5968
Side Chain Topographical Entropy from corr. pLogP method (GLY 7) : -0.0000
Side Chain Topographical Entropy from corr. pLogP method (THR 8) : 1.1135
Side Chain Topographical Entropy from corr. pLogP method (TRP 9) : 5.3534
Side Chain Topographical Entropy from corr. pLogP method (TYR 10) : 12.0356
Side Chain Topographical Entropy from corr. pLogP method (ALA 11) : -0.0000
Side Chain Topographical Entropy from corr. pLogP method (GLN 12) : 21.6090
Side Chain Topographical Entropy from corr. pLogP method (LEU 13) : 10.7764
Side Chain Topographical Entropy from corr. pLogP method (GLY 14) : -0.0000
Side Chain Topographical Entropy from corr. pLogP method (SER 15) : 8.7466
Side Chain Topographical Entropy from corr. pLogP method (THR 16) : 5.5359
Side Chain Topographical Entropy from corr. pLogP method (PHE 17) : 9.6633
Side Chain Topographical Entropy from corr. pLogP method (ILE 18) : 7.2365
Side Chain Topographical Entropy from corr. pLogP method (VAL 19) : 8.3801
Side Chain Topographical Entropy from corr. pLogP method (THR 20) : 7.0920
Side Chain Topographical Entropy from corr. pLogP method (ALA 21) : -0.0000
Side Chain Topographical Entropy from corr. pLogP method (GLY 22) : -0.0000
Side Chain Topographical Entropy from corr. pLogP method (ALA 23) : -0.0000
Side Chain Topographical Entropy from corr. pLogP method (ASP 24) : 12.9187
Side Chain Topographical Entropy from corr. pLogP method (GLY 25) : -0.0000
Side Chain Topographical Entropy from corr. pLogP method (ALA 26) : -0.0000
Side Chain Topographical Entropy from corr. pLogP method (LEU 27) : 9.9539
Side Chain Topographical Entropy from corr. pLogP method (THR 28) : 6.9977
Side Chain Topographical Entropy from corr. pLogP method (GLY 29) : -0.0000
Side Chain Topographical Entropy from corr. pLogP method (THR 30) : 8.6352
Side Chain Topographical Entropy from corr. pLogP method (TYR 31) : 10.5796
Side Chain Topographical Entropy from corr. pLogP method (GLU 32) : 19.0854
Side Chain Topographical Entropy from corr. pLogP method (SER 33) : 8.0969
Side Chain Topographical Entropy from corr. pLogP method (ALA 34) : -0.0000
Side Chain Topographical Entropy from corr. pLogP method (VAL 35) : 7.3978
Side Chain Topographical Entropy from corr. pLogP method (GLY 36) : -0.0000
Side Chain Topographical Entropy from corr. pLogP method (ASN 37) : 14.5098
Side Chain Topographical Entropy from corr. pLogP method (ALA 38) : -0.0000
Side Chain Topographical Entropy from corr. pLogP method (GLU 39) : 25.4227
Side Chain Topographical Entropy from corr. pLogP method (SER 40) : 7.2435
Side Chain Topographical Entropy from corr. pLogP method (ARG 41) : 9.0990
Side Chain Topographical Entropy from corr. pLogP method (TYR 42) : 4.1382
Side Chain Topographical Entropy from corr. pLogP method (VAL 43) : 1.7811
Side Chain Topographical Entropy from corr. pLogP method (LEU 44) : 1.2370
Side Chain Topographical Entropy from corr. pLogP method (THR 45) : 6.5083
Side Chain Topographical Entropy from corr. pLogP method (GLY 46) : -0.0000
Side Chain Topographical Entropy from corr. pLogP method (ARG 47) : 1.2280
Side Chain Topographical Entropy from corr. pLogP method (TYR 48) : 6.7486
Side Chain Topographical Entropy from corr. pLogP method (ASP 49) : 5.8290
Side Chain Topographical Entropy from corr. pLogP method (SER 50) : 2.6725
Side Chain Topographical Entropy from corr. pLogP method (ALA 51) : -0.0000
Side Chain Topographical Entropy from corr. pLogP method (PRO 52) : 15.1694
Side Chain Topographical Entropy from corr. pLogP method (ALA 53) : -0.0000
Side Chain Topographical Entropy from corr. pLogP method (THR 54) : 9.1041
Side Chain Topographical Entropy from corr. pLogP method (ASP 55) : 16.9721
Side Chain Topographical Entropy from corr. pLogP method (GLY 56) : -0.0000
Side Chain Topographical Entropy from corr. pLogP method (SER 57) : 8.9614
Side Chain Topographical Entropy from corr. pLogP method (GLY 58) : -0.0000
Side Chain Topographical Entropy from corr. pLogP method (THR 59) : 5.9496
Side Chain Topographical Entropy from corr. pLogP method (ALA 60) : -0.0000
Side Chain Topographical Entropy from corr. pLogP method (LEU 61) : 6.8595
Side Chain Topographical Entropy from corr. pLogP method (GLY 62) : -0.0000
Side Chain Topographical Entropy from corr. pLogP method (TRP 63) : 0.8120
Side Chain Topographical Entropy from corr. pLogP method (THR 64) : 3.2075
Side Chain Topographical Entropy from corr. pLogP method (VAL 65) : 0.6242
Side Chain Topographical Entropy from corr. pLogP method (ALA 66) : -0.0000
Side Chain Topographical Entropy from corr. pLogP method (TRP 67) : 5.6642
Side Chain Topographical Entropy from corr. pLogP method (LYS 68) : 20.3799
Side Chain Topographical Entropy from corr. pLogP method (ASN 69) : 13.6113
Side Chain Topographical Entropy from corr. pLogP method (ASN 70) : 13.9578
Side Chain Topographical Entropy from corr. pLogP method (TYR 71) : 14.1389
Side Chain Topographical Entropy from corr. pLogP method (ARG 72) : 20.5231
Side Chain Topographical Entropy from corr. pLogP method (ASN 73) : 9.4070
Side Chain Topographical Entropy from corr. pLogP method (ALA 74) : -0.0000
Side Chain Topographical Entropy from corr. pLogP method (HID 75) : 6.2244
Side Chain Topographical Entropy from corr. pLogP method (SER 76) : 5.6217
Side Chain Topographical Entropy from corr. pLogP method (ALA 77) : -0.0000
Side Chain Topographical Entropy from corr. pLogP method (THR 78) : 2.0830
Side Chain Topographical Entropy from corr. pLogP method (THR 79) : 6.2820
Side Chain Topographical Entropy from corr. pLogP method (TRP 80) : 3.5002
Side Chain Topographical Entropy from corr. pLogP method (SER 81) : 6.1214
Side Chain Topographical Entropy from corr. pLogP method (GLY 82) : -0.0000
Side Chain Topographical Entropy from corr. pLogP method (GLN 83) : 15.1544
Side Chain Topographical Entropy from corr. pLogP method (TYR 84) : 1.9203
Side Chain Topographical Entropy from corr. pLogP method (VAL 85) : 3.7700
Side Chain Topographical Entropy from corr. pLogP method (GLY 86) : -0.0000
Side Chain Topographical Entropy from corr. pLogP method (GLY 87) : -0.0000
Side Chain Topographical Entropy from corr. pLogP method (ALA 88) : -0.0000
Side Chain Topographical Entropy from corr. pLogP method (GLU 89) : 21.6850
Side Chain Topographical Entropy from corr. pLogP method (ALA 90) : -0.0000
Side Chain Topographical Entropy from corr. pLogP method (ARG 91) : 18.2637
Side Chain Topographical Entropy from corr. pLogP method (ILE 92) : 1.6027
Side Chain Topographical Entropy from corr. pLogP method (ASN 93) : 9.2121
Side Chain Topographical Entropy from corr. pLogP method (THR 94) : 5.7916
Side Chain Topographical Entropy from corr. pLogP method (GLN 95) : 15.0495
Side Chain Topographical Entropy from corr. pLogP method (TRP 96) : 8.4446
Side Chain Topographical Entropy from corr. pLogP method (LEU 97) : 3.1719
Side Chain Topographical Entropy from corr. pLogP method (LEU 98) : 3.6191
Side Chain Topographical Entropy from corr. pLogP method (THR 99) : 1.7669
Side Chain Topographical Entropy from corr. pLogP method (SER 100) : 8.2943
Side Chain Topographical Entropy from corr. pLogP method (GLY 101) : -0.0000
Side Chain Topographical Entropy from corr. pLogP method (THR 102) : 2.7342
Side Chain Topographical Entropy from corr. pLogP method (THR 103) : 2.2282
Side Chain Topographical Entropy from corr. pLogP method (GLU 104) : 21.5490
Side Chain Topographical Entropy from corr. pLogP method (ALA 105) : -0.0000
Side Chain Topographical Entropy from corr. pLogP method (ASN 106) : 4.7307
Side Chain Topographical Entropy from corr. pLogP method (ALA 107) : -0.0000
Side Chain Topographical Entropy from corr. pLogP method (TRP 108) : 8.9413
Side Chain Topographical Entropy from corr. pLogP method (LYS 109) : 14.5214
Side Chain Topographical Entropy from corr. pLogP method (SER 110) : 4.9579
Side Chain Topographical Entropy from corr. pLogP method (THR 111) : 1.9308
Side Chain Topographical Entropy from corr. pLogP method (LEU 112) : 4.9014
Side Chain Topographical Entropy from corr. pLogP method (VAL 113) : 3.0002
Side Chain Topographical Entropy from corr. pLogP method (GLY 114) : -0.0000
Side Chain Topographical Entropy from corr. pLogP method (HID 115) : 8.4500
Side Chain Topographical Entropy from corr. pLogP method (ASP 116) : 9.4298
Side Chain Topographical Entropy from corr. pLogP method (THR 117) : 5.5574
Side Chain Topographical Entropy from corr. pLogP method (PHE 118) : 11.4805
Side Chain Topographical Entropy from corr. pLogP method (THR 119) : 5.0719
Side Chain Topographical Entropy from corr. pLogP method (LYS 120) : 15.0173
Side Chain Topographical Entropy from corr. pLogP method (VAL 121) : 5.7222
Side Chain Topographical Entropy from corr. pLogP method (LYS 122) : 20.5000
Side Chain Topographical Entropy from corr. pLogP method (PRO 123) : 17.6026
Side Chain Topographical Entropy from corr. pLogP method (SER 124) : 9.0693
Side Chain Topographical Entropy from corr. pLogP method (ALA 125) : -0.0000
Side Chain Topographical Entropy from corr. pLogP method (ALA 126) : -0.0000
Side Chain Topographical Entropy from corr. pLogP method (CSER 127) : 5.0572
____________________________________________________________
Total SC Topog. Entropy (corr. pLogP)    :         783.177
------------------------------------------------------------
____________________________________________________________
Total BB Topog. Entropy (corr. pLogP)    :          55.998
------------------------------------------------------------
____________________________________________________________
Total Entropy                            :         839.175
------------------------------------------------------------
------------------------------------------------------------
Topographical entropy of residue side chains 
computed using all the dihedrals with correlation/pLogp formalism
------------------------------------------------------------
Side Chain Topographical Entropy from corr. pLogP method (NALA 1) : -0.0000
Side Chain Topographical Entropy from corr. pLogP method (GLU 2) : 22.1386
Side Chain Topographical Entropy from corr. pLogP method (ALA 3) : -0.0000
Side Chain Topographical Entropy from corr. pLogP method (GLY 4) : -0.0000
Side Chain Topographical Entropy from corr. pLogP method (ILE 5) : 3.6872
Side Chain Topographical Entropy from corr. pLogP method (THR 6) : 0.3807
Side Chain Topographical Entropy from corr. pLogP method (GLY 7) : -0.0000
Side Chain Topographical Entropy from corr. pLogP method (THR 8) : 2.3825
Side Chain Topographical Entropy from corr. pLogP method (TRP 9) : -0.0000
Side Chain Topographical Entropy from corr. pLogP method (TYR 10) : 5.1839
Side Chain Topographical Entropy from corr. pLogP method (ALA 11) : -0.0000
Side Chain Topographical Entropy from corr. pLogP method (GLN 12) : 21.3872
Side Chain Topographical Entropy from corr. pLogP method (LEU 13) : 6.9701
Side Chain Topographical Entropy from corr. pLogP method (GLY 14) : -0.0000
Side Chain Topographical Entropy from corr. pLogP method (SER 15) : 7.3482
Side Chain Topographical Entropy from corr. pLogP method (THR 16) : 6.6754
Side Chain Topographical Entropy from corr. pLogP method (PHE 17) : 0.7362
Side Chain Topographical Entropy from corr. pLogP method (ILE 18) : 9.3547
Side Chain Topographical Entropy from corr. pLogP method (VAL 19) : 6.8559
Side Chain Topographical Entropy from corr. pLogP method (THR 20) : 7.7278
Side Chain Topographical Entropy from corr. pLogP method (ALA 21) : -0.0000
Side Chain Topographical Entropy from corr. pLogP method (GLY 22) : -0.0000
Side Chain Topographical Entropy from corr. pLogP method (ALA 23) : -0.0000
Side Chain Topographical Entropy from corr. pLogP method (ASP 24) : 15.4849
Side Chain Topographical Entropy from corr. pLogP method (GLY 25) : -0.0000
Side Chain Topographical Entropy from corr. pLogP method (ALA 26) : -0.0000
Side Chain Topographical Entropy from corr. pLogP method (LEU 27) : 10.9994
Side Chain Topographical Entropy from corr. pLogP method (THR 28) : 8.7248
Side Chain Topographical Entropy from corr. pLogP method (GLY 29) : -0.0000
Side Chain Topographical Entropy from corr. pLogP method (THR 30) : 7.5527
Side Chain Topographical Entropy from corr. pLogP method (TYR 31) : 3.4592
Side Chain Topographical Entropy from corr. pLogP method (GLU 32) : 16.3991
Side Chain Topographical Entropy from corr. pLogP method (SER 33) : 8.3260
Side Chain Topographical Entropy from corr. pLogP method (ALA 34) : -0.0000
Side Chain Topographical Entropy from corr. pLogP method (VAL 35) : 7.5037
Side Chain Topographical Entropy from corr. pLogP method (GLY 36) : -0.0000
Side Chain Topographical Entropy from corr. pLogP method (ASN 37) : 10.7337
Side Chain Topographical Entropy from corr. pLogP method (ALA 38) : -0.0000
Side Chain Topographical Entropy from corr. pLogP method (GLU 39) : 21.4397
Side Chain Topographical Entropy from corr. pLogP method (SER 40) : 6.2358
Side Chain Topographical Entropy from corr. pLogP method (ARG 41) : 10.4297
Side Chain Topographical Entropy from corr. pLogP method (TYR 42) : 0.0461
Side Chain Topographical Entropy from corr. pLogP method (VAL 43) : 0.8983
Side Chain Topographical Entropy from corr. pLogP method (LEU 44) : 1.2849
Side Chain Topographical Entropy from corr. pLogP method (THR 45) : 4.1746
Side Chain Topographical Entropy from corr. pLogP method (GLY 46) : -0.0000
Side Chain Topographical Entropy from corr. pLogP method (ARG 47) : 0.2470
Side Chain Topographical Entropy from corr. pLogP method (TYR 48) : 3.7485
Side Chain Topographical Entropy from corr. pLogP method (ASP 49) : 8.4915
Side Chain Topographical Entropy from corr. pLogP method (SER 50) : 1.8511
Side Chain Topographical Entropy from corr. pLogP method (ALA 51) : -0.0000
Side Chain Topographical Entropy from corr. pLogP method (PRO 52) : 13.9246
Side Chain Topographical Entropy from corr. pLogP method (ALA 53) : -0.0000
Side Chain Topographical Entropy from corr. pLogP method (THR 54) : 6.6801
Side Chain Topographical Entropy from corr. pLogP method (ASP 55) : 15.8415
Side Chain Topographical Entropy from corr. pLogP method (GLY 56) : -0.0000
Side Chain Topographical Entropy from corr. pLogP method (SER 57) : 8.4599
Side Chain Topographical Entropy from corr. pLogP method (GLY 58) : -0.0000
Side Chain Topographical Entropy from corr. pLogP method (THR 59) : 0.2091
Side Chain Topographical Entropy from corr. pLogP method (ALA 60) : -0.0000
Side Chain Topographical Entropy from corr. pLogP method (LEU 61) : 8.0520
Side Chain Topographical Entropy from corr. pLogP method (GLY 62) : -0.0000
Side Chain Topographical Entropy from corr. pLogP method (TRP 63) : 0.0250
Side Chain Topographical Entropy from corr. pLogP method (THR 64) : 3.0639
Side Chain Topographical Entropy from corr. pLogP method (VAL 65) : -0.0000
Side Chain Topographical Entropy from corr. pLogP method (ALA 66) : -0.0000
Side Chain Topographical Entropy from corr. pLogP method (TRP 67) : 0.0269
Side Chain Topographical Entropy from corr. pLogP method (LYS 68) : 15.9164
Side Chain Topographical Entropy from corr. pLogP method (ASN 69) : 5.5719
Side Chain Topographical Entropy from corr. pLogP method (ASN 70) : 15.2448
Side Chain Topographical Entropy from corr. pLogP method (TYR 71) : 6.0310
Side Chain Topographical Entropy from corr. pLogP method (ARG 72) : 14.6075
Side Chain Topographical Entropy from corr. pLogP method (ASN 73) : 3.3123
Side Chain Topographical Entropy from corr. pLogP method (ALA 74) : -0.0000
Side Chain Topographical Entropy from corr. pLogP method (HID 75) : 2.9873
Side Chain Topographical Entropy from corr. pLogP method (SER 76) : 5.1199
Side Chain Topographical Entropy from corr. pLogP method (ALA 77) : -0.0000
Side Chain Topographical Entropy from corr. pLogP method (THR 78) : 0.0134
Side Chain Topographical Entropy from corr. pLogP method (THR 79) : 4.3518
Side Chain Topographical Entropy from corr. pLogP method (TRP 80) : 2.3392
Side Chain Topographical Entropy from corr. pLogP method (SER 81) : 2.9344
Side Chain Topographical Entropy from corr. pLogP method (GLY 82) : -0.0000
Side Chain Topographical Entropy from corr. pLogP method (GLN 83) : 9.9261
Side Chain Topographical Entropy from corr. pLogP method (TYR 84) : 0.0250
Side Chain Topographical Entropy from corr. pLogP method (VAL 85) : 1.9861
Side Chain Topographical Entropy from corr. pLogP method (GLY 86) : -0.0000
Side Chain Topographical Entropy from corr. pLogP method (GLY 87) : -0.0000
Side Chain Topographical Entropy from corr. pLogP method (ALA 88) : -0.0000
Side Chain Topographical Entropy from corr. pLogP method (GLU 89) : 21.3513
Side Chain Topographical Entropy from corr. pLogP method (ALA 90) : -0.0000
Side Chain Topographical Entropy from corr. pLogP method (ARG 91) : 9.4610
Side Chain Topographical Entropy from corr. pLogP method (ILE 92) : 0.2615
Side Chain Topographical Entropy from corr. pLogP method (ASN 93) : 8.1053
Side Chain Topographical Entropy from corr. pLogP method (THR 94) : 3.7794
Side Chain Topographical Entropy from corr. pLogP method (GLN 95) : 11.5427
Side Chain Topographical Entropy from corr. pLogP method (TRP 96) : 0.7716
Side Chain Topographical Entropy from corr. pLogP method (LEU 97) : 0.1948
Side Chain Topographical Entropy from corr. pLogP method (LEU 98) : 1.1443
Side Chain Topographical Entropy from corr. pLogP method (THR 99) : -0.0000
Side Chain Topographical Entropy from corr. pLogP method (SER 100) : 8.4712
Side Chain Topographical Entropy from corr. pLogP method (GLY 101) : -0.0000
Side Chain Topographical Entropy from corr. pLogP method (THR 102) : 2.6605
Side Chain Topographical Entropy from corr. pLogP method (THR 103) : 4.4924
Side Chain Topographical Entropy from corr. pLogP method (GLU 104) : 21.8461
Side Chain Topographical Entropy from corr. pLogP method (ALA 105) : -0.0000
Side Chain Topographical Entropy from corr. pLogP method (ASN 106) : 4.1099
Side Chain Topographical Entropy from corr. pLogP method (ALA 107) : -0.0000
Side Chain Topographical Entropy from corr. pLogP method (TRP 108) : 5.7933
Side Chain Topographical Entropy from corr. pLogP method (LYS 109) : 13.1217
Side Chain Topographical Entropy from corr. pLogP method (SER 110) : 1.0856
Side Chain Topographical Entropy from corr. pLogP method (THR 111) : -0.0000
Side Chain Topographical Entropy from corr. pLogP method (LEU 112) : 1.5282
Side Chain Topographical Entropy from corr. pLogP method (VAL 113) : -0.0000
Side Chain Topographical Entropy from corr. pLogP method (GLY 114) : -0.0000
Side Chain Topographical Entropy from corr. pLogP method (HID 115) : 8.5653
Side Chain Topographical Entropy from corr. pLogP method (ASP 116) : 9.0166
Side Chain Topographical Entropy from corr. pLogP method (THR 117) : 4.8203
Side Chain Topographical Entropy from corr. pLogP method (PHE 118) : 0.0134
Side Chain Topographical Entropy from corr. pLogP method (THR 119) : 5.5213
Side Chain Topographical Entropy from corr. pLogP method (LYS 120) : 13.7850
Side Chain Topographical Entropy from corr. pLogP method (VAL 121) : 5.0628
Side Chain Topographical Entropy from corr. pLogP method (LYS 122) : 20.0898
Side Chain Topographical Entropy from corr. pLogP method (PRO 123) : 14.2977
Side Chain Topographical Entropy from corr. pLogP method (SER 124) : 7.8518
Side Chain Topographical Entropy from corr. pLogP method (ALA 125) : -0.0000
Side Chain Topographical Entropy from corr. pLogP method (ALA 126) : -0.0000
Side Chain Topographical Entropy from corr. pLogP method (CSER 127) : 4.9475
____________________________________________________________
Total SC Topog. Entropy (corr. pLogP)    :         609.202
------------------------------------------------------------
____________________________________________________________
Total BB Topog. Entropy (corr. pLogP)    :          20.070
------------------------------------------------------------
____________________________________________________________
Total Entropy                            :         629.271
------------------------------------------------------------
------------------------------------------------------------
Topographical entropy of residue side chains 
computed using all the dihedrals with correlation/pLogp formalism
------------------------------------------------------------
Side Chain Topographical Entropy from corr. pLogP method (NALA 1) : -0.0000
Side Chain Topographical Entropy from corr. pLogP method (GLU 2) : 21.9106
Side Chain Topographical Entropy from corr. pLogP method (ALA 3) : -0.0000
Side Chain Topographical Entropy from corr. pLogP method (GLY 4) : -0.0000
Side Chain Topographical Entropy from corr. pLogP method (ILE 5) : 2.4492
Side Chain Topographical Entropy from corr. pLogP method (THR 6) : 0.6935
Side Chain Topographical Entropy from corr. pLogP method (GLY 7) : -0.0000
Side Chain Topographical Entropy from corr. pLogP method (THR 8) : 2.7065
Side Chain Topographical Entropy from corr. pLogP method (TRP 9) : 0.0518
Side Chain Topographical Entropy from corr. pLogP method (TYR 10) : 5.6143
Side Chain Topographical Entropy from corr. pLogP method (ALA 11) : -0.0000
Side Chain Topographical Entropy from corr. pLogP method (GLN 12) : 20.1927
Side Chain Topographical Entropy from corr. pLogP method (LEU 13) : 8.3167
Side Chain Topographical Entropy from corr. pLogP method (GLY 14) : -0.0000
Side Chain Topographical Entropy from corr. pLogP method (SER 15) : 6.3483
Side Chain Topographical Entropy from corr. pLogP method (THR 16) : 0.1936
Side Chain Topographical Entropy from corr. pLogP method (PHE 17) : 1.0953
Side Chain Topographical Entropy from corr. pLogP method (ILE 18) : 9.6562
Side Chain Topographical Entropy from corr. pLogP method (VAL 19) : 4.8055
Side Chain Topographical Entropy from corr. pLogP method (THR 20) : 8.6440
Side Chain Topographical Entropy from corr. pLogP method (ALA 21) : -0.0000
Side Chain Topographical Entropy from corr. pLogP method (GLY 22) : -0.0000
Side Chain Topographical Entropy from corr. pLogP method (ALA 23) : -0.0000
Side Chain Topographical Entropy from corr. pLogP method (ASP 24) : 16.1256
Side Chain Topographical Entropy from corr. pLogP method (GLY 25) : -0.0000
Side Chain Topographical Entropy from corr. pLogP method (ALA 26) : -0.0000
Side Chain Topographical Entropy from corr. pLogP method (LEU 27) : 10.9487
Side Chain Topographical Entropy from corr. pLogP method (THR 28) : 8.7051
Side Chain Topographical Entropy from corr. pLogP method (GLY 29) : -0.0000
Side Chain Topographical Entropy from corr. pLogP method (THR 30) : 6.5437
Side Chain Topographical Entropy from corr. pLogP method (TYR 31) : 5.0158
Side Chain Topographical Entropy from corr. pLogP method (GLU 32) : 13.8893
Side Chain Topographical Entropy from corr. pLogP method (SER 33) : 8.5744
Side Chain Topographical Entropy from corr. pLogP method (ALA 34) : -0.0000
Side Chain Topographical Entropy from corr. pLogP method (VAL 35) : 7.3327
Side Chain Topographical Entropy from corr. pLogP method (GLY 36) : -0.0000
Side Chain Topographical Entropy from corr. pLogP method (ASN 37) : 15.1797
Side Chain Topographical Entropy from corr. pLogP method (ALA 38) : -0.0000
Side Chain Topographical Entropy from corr. pLogP method (GLU 39) : 20.7921
Side Chain Topographical Entropy from corr. pLogP method (SER 40) : 7.9251
Side Chain Topographical Entropy from corr. pLogP method (ARG 41) : 12.3812
Side Chain Topographical Entropy from corr. pLogP method (TYR 42) : 1.9147
Side Chain Topographical Entropy from corr. pLogP method (VAL 43) : 1.8376
Side Chain Topographical Entropy from corr. pLogP method (LEU 44) : 2.8534
Side Chain Topographical Entropy from corr. pLogP method (THR 45) : 8.0605
Side Chain Topographical Entropy from corr. pLogP method (GLY 46) : -0.0000
Side Chain Topographical Entropy from corr. pLogP method (ARG 47) : 2.1808
Side Chain Topographical Entropy from corr. pLogP method (TYR 48) : 4.5466
Side Chain Topographical Entropy from corr. pLogP method (ASP 49) : 0.3707
Side Chain Topographical Entropy from corr. pLogP method (SER 50) : 2.3042
Side Chain Topographical Entropy from corr. pLogP method (ALA 51) : -0.0000
Side Chain Topographical Entropy from corr. pLogP method (PRO 52) : 7.3654
Side Chain Topographical Entropy from corr. pLogP method (ALA 53) : -0.0000
Side Chain Topographical Entropy from corr. pLogP method (THR 54) : 4.1023
Side Chain Topographical Entropy from corr. pLogP method (ASP 55) : 6.9199
Side Chain Topographical Entropy from corr. pLogP method (GLY 56) : -0.0000
Side Chain Topographical Entropy from corr. pLogP method (SER 57) : 0.0695
Side Chain Topographical Entropy from corr. pLogP method (GLY 58) : -0.0000
Side Chain Topographical Entropy from corr. pLogP method (THR 59) : -0.0000
Side Chain Topographical Entropy from corr. pLogP method (ALA 60) : -0.0000
Side Chain Topographical Entropy from corr. pLogP method (LEU 61) : 6.6947
Side Chain Topographical Entropy from corr. pLogP method (GLY 62) : -0.0000
Side Chain Topographical Entropy from corr. pLogP method (TRP 63) : 1.0570
Side Chain Topographical Entropy from corr. pLogP method (THR 64) : 0.2763
Side Chain Topographical Entropy from corr. pLogP method (VAL 65) : 0.1857
Side Chain Topographical Entropy from corr. pLogP method (ALA 66) : -0.0000
Side Chain Topographical Entropy from corr. pLogP method (TRP 67) : 2.6279
Side Chain Topographical Entropy from corr. pLogP method (LYS 68) : 18.2392
Side Chain Topographical Entropy from corr. pLogP method (ASN 69) : 8.0156
Side Chain Topographical Entropy from corr. pLogP method (ASN 70) : 13.6948
Side Chain Topographical Entropy from corr. pLogP method (TYR 71) : 8.8251
Side Chain Topographical Entropy from corr. pLogP method (ARG 72) : 16.4813
Side Chain Topographical Entropy from corr. pLogP method (ASN 73) : 4.5970
Side Chain Topographical Entropy from corr. pLogP method (ALA 74) : -0.0000
Side Chain Topographical Entropy from corr. pLogP method (HID 75) : 5.7025
Side Chain Topographical Entropy from corr. pLogP method (SER 76) : 3.3287
Side Chain Topographical Entropy from corr. pLogP method (ALA 77) : -0.0000
Side Chain Topographical Entropy from corr. pLogP method (THR 78) : 0.4270
Side Chain Topographical Entropy from corr. pLogP method (THR 79) : 6.6350
Side Chain Topographical Entropy from corr. pLogP method (TRP 80) : 2.3568
Side Chain Topographical Entropy from corr. pLogP method (SER 81) : 4.6734
Side Chain Topographical Entropy from corr. pLogP method (GLY 82) : -0.0000
Side Chain Topographical Entropy from corr. pLogP method (GLN 83) : 12.1987
Side Chain Topographical Entropy from corr. pLogP method (TYR 84) : -0.0000
Side Chain Topographical Entropy from corr. pLogP method (VAL 85) : 2.1852
Side Chain Topographical Entropy from corr. pLogP method (GLY 86) : -0.0000
Side Chain Topographical Entropy from corr. pLogP method (GLY 87) : -0.0000
Side Chain Topographical Entropy from corr. pLogP method (ALA 88) : -0.0000
Side Chain Topographical Entropy from corr. pLogP method (GLU 89) : 19.2161
Side Chain Topographical Entropy from corr. pLogP method (ALA 90) : -0.0000
Side Chain Topographical Entropy from corr. pLogP method (ARG 91) : 12.2049
Side Chain Topographical Entropy from corr. pLogP method (ILE 92) : 0.1312
Side Chain Topographical Entropy from corr. pLogP method (ASN 93) : 6.7975
Side Chain Topographical Entropy from corr. pLogP method (THR 94) : 0.0134
Side Chain Topographical Entropy from corr. pLogP method (GLN 95) : 9.6816
Side Chain Topographical Entropy from corr. pLogP method (TRP 96) : 0.6878
Side Chain Topographical Entropy from corr. pLogP method (LEU 97) : 0.0403
Side Chain Topographical Entropy from corr. pLogP method (LEU 98) : 1.8596
Side Chain Topographical Entropy from corr. pLogP method (THR 99) : 0.2395
Side Chain Topographical Entropy from corr. pLogP method (SER 100) : 7.7967
Side Chain Topographical Entropy from corr. pLogP method (GLY 101) : -0.0000
Side Chain Topographical Entropy from corr. pLogP method (THR 102) : 1.5170
Side Chain Topographical Entropy from corr. pLogP method (THR 103) : 1.2600
Side Chain Topographical Entropy from corr. pLogP method (GLU 104) : 24.2508
Side Chain Topographical Entropy from corr. pLogP method (ALA 105) : -0.0000
Side Chain Topographical Entropy from corr. pLogP method (ASN 106) : 4.5715
Side Chain Topographical Entropy from corr. pLogP method (ALA 107) : -0.0000
Side Chain Topographical Entropy from corr. pLogP method (TRP 108) : 7.3601
Side Chain Topographical Entropy from corr. pLogP method (LYS 109) : 11.2881
Side Chain Topographical Entropy from corr. pLogP method (SER 110) : 0.9683
Side Chain Topographical Entropy from corr. pLogP method (THR 111) : 0.2738
Side Chain Topographical Entropy from corr. pLogP method (LEU 112) : 1.8554
Side Chain Topographical Entropy from corr. pLogP method (VAL 113) : 0.0134
Side Chain Topographical Entropy from corr. pLogP method (GLY 114) : -0.0000
Side Chain Topographical Entropy from corr. pLogP method (HID 115) : 7.6991
Side Chain Topographical Entropy from corr. pLogP method (ASP 116) : 8.0241
Side Chain Topographical Entropy from corr. pLogP method (THR 117) : 0.0250
Side Chain Topographical Entropy from corr. pLogP method (PHE 118) : -0.0000
Side Chain Topographical Entropy from corr. pLogP method (THR 119) : 5.1271
Side Chain Topographical Entropy from corr. pLogP method (LYS 120) : 11.4948
Side Chain Topographical Entropy from corr. pLogP method (VAL 121) : 6.6782
Side Chain Topographical Entropy from corr. pLogP method (LYS 122) : 17.4723
Side Chain Topographical Entropy from corr. pLogP method (PRO 123) : 14.0597
Side Chain Topographical Entropy from corr. pLogP method (SER 124) : 8.1403
Side Chain Topographical Entropy from corr. pLogP method (ALA 125) : -0.0000
Side Chain Topographical Entropy from corr. pLogP method (ALA 126) : -0.0000
Side Chain Topographical Entropy from corr. pLogP method (CSER 127) : 4.8989
____________________________________________________________
Total SC Topog. Entropy (corr. pLogP)    :         582.466
------------------------------------------------------------
____________________________________________________________
Total BB Topog. Entropy (corr. pLogP)    :          27.382
------------------------------------------------------------
____________________________________________________________
Total Entropy                            :         609.847
------------------------------------------------------------
------------------------------------------------------------
Topographical entropy of residue side chains 
computed using all the dihedrals with correlation/pLogp formalism
------------------------------------------------------------
Side Chain Topographical Entropy from corr. pLogP method (NALA 1) : -0.0000
Side Chain Topographical Entropy from corr. pLogP method (GLU 2) : 21.4044
Side Chain Topographical Entropy from corr. pLogP method (ALA 3) : -0.0000
Side Chain Topographical Entropy from corr. pLogP method (GLY 4) : -0.0000
Side Chain Topographical Entropy from corr. pLogP method (ILE 5) : 2.2399
Side Chain Topographical Entropy from corr. pLogP method (THR 6) : 0.5408
Side Chain Topographical Entropy from corr. pLogP method (GLY 7) : -0.0000
Side Chain Topographical Entropy from corr. pLogP method (THR 8) : 6.9347
Side Chain Topographical Entropy from corr. pLogP method (TRP 9) : 1.8311
Side Chain Topographical Entropy from corr. pLogP method (TYR 10) : 13.1823
Side Chain Topographical Entropy from corr. pLogP method (ALA 11) : -0.0000
Side Chain Topographical Entropy from corr. pLogP method (GLN 12) : 21.9396
Side Chain Topographical Entropy from corr. pLogP method (LEU 13) : 9.9111
Side Chain Topographical Entropy from corr. pLogP method (GLY 14) : -0.0000
Side Chain Topographical Entropy from corr. pLogP method (SER 15) : 7.5772
Side Chain Topographical Entropy from corr. pLogP method (THR 16) : 6.3710
Side Chain Topographical Entropy from corr. pLogP method (PHE 17) : 2.2391
Side Chain Topographical Entropy from corr. pLogP method (ILE 18) : 10.9523
Side Chain Topographical Entropy from corr. pLogP method (VAL 19) : 5.6633
Side Chain Topographical Entropy from corr. pLogP method (THR 20) : 7.8817
Side Chain Topographical Entropy from corr. pLogP method (ALA 21) : -0.0000
Side Chain Topographical Entropy from corr. pLogP method (GLY 22) : -0.0000
Side Chain Topographical Entropy from corr. pLogP method (ALA 23) : -0.0000
Side Chain Topographical Entropy from corr. pLogP method (ASP 24) : 14.0426
Side Chain Topographical Entropy from corr. pLogP method (GLY 25) : -0.0000
Side Chain Topographical Entropy from corr. pLogP method (ALA 26) : -0.0000
Side Chain Topographical Entropy from corr. pLogP method (LEU 27) : 8.6413
Side Chain Topographical Entropy from corr. pLogP method (THR 28) : 8.5523
Side Chain Topographical Entropy from corr. pLogP method (GLY 29) : -0.0000
Side Chain Topographical Entropy from corr. pLogP method (THR 30) : 5.6948
Side Chain Topographical Entropy from corr. pLogP method (TYR 31) : 5.0261
Side Chain Topographical Entropy from corr. pLogP method (GLU 32) : 16.2609
Side Chain Topographical Entropy from corr. pLogP method (SER 33) : 7.7115
Side Chain Topographical Entropy from corr. pLogP method (ALA 34) : -0.0000
Side Chain Topographical Entropy from corr. pLogP method (VAL 35) : 8.4097
Side Chain Topographical Entropy from corr. pLogP method (GLY 36) : -0.0000
Side Chain Topographical Entropy from corr. pLogP method (ASN 37) : 11.3537
Side Chain Topographical Entropy from corr. pLogP method (ALA 38) : -0.0000
Side Chain Topographical Entropy from corr. pLogP method (GLU 39) : 22.4117
Side Chain Topographical Entropy from corr. pLogP method (SER 40) : 4.9637
Side Chain Topographical Entropy from corr. pLogP method (ARG 41) : 13.0792
Side Chain Topographical Entropy from corr. pLogP method (TYR 42) : 1.1442
Side Chain Topographical Entropy from corr. pLogP method (VAL 43) : 0.3587
Side Chain Topographical Entropy from corr. pLogP method (LEU 44) : 0.7913
Side Chain Topographical Entropy from corr. pLogP method (THR 45) : 6.6117
Side Chain Topographical Entropy from corr. pLogP method (GLY 46) : -0.0000
Side Chain Topographical Entropy from corr. pLogP method (ARG 47) : 0.2428
Side Chain Topographical Entropy from corr. pLogP method (TYR 48) : 4.7331
Side Chain Topographical Entropy from corr. pLogP method (ASP 49) : 5.8256
Side Chain Topographical Entropy from corr. pLogP method (SER 50) : 1.3637
Side Chain Topographical Entropy from corr. pLogP method (ALA 51) : -0.0000
Side Chain Topographical Entropy from corr. pLogP method (PRO 52) : 13.3926
Side Chain Topographical Entropy from corr. pLogP method (ALA 53) : -0.0000
Side Chain Topographical Entropy from corr. pLogP method (THR 54) : 6.3075
Side Chain Topographical Entropy from corr. pLogP method (ASP 55) : 11.6424
Side Chain Topographical Entropy from corr. pLogP method (GLY 56) : -0.0000
Side Chain Topographical Entropy from corr. pLogP method (SER 57) : 5.2643
Side Chain Topographical Entropy from corr. pLogP method (GLY 58) : -0.0000
Side Chain Topographical Entropy from corr. pLogP method (THR 59) : 0.4956
Side Chain Topographical Entropy from corr. pLogP method (ALA 60) : -0.0000
Side Chain Topographical Entropy from corr. pLogP method (LEU 61) : 4.3062
Side Chain Topographical Entropy from corr. pLogP method (GLY 62) : -0.0000
Side Chain Topographical Entropy from corr. pLogP method (TRP 63) : 0.9155
Side Chain Topographical Entropy from corr. pLogP method (THR 64) : 1.9246
Side Chain Topographical Entropy from corr. pLogP method (VAL 65) : 0.2274
Side Chain Topographical Entropy from corr. pLogP method (ALA 66) : -0.0000
Side Chain Topographical Entropy from corr. pLogP method (TRP 67) : 1.2687
Side Chain Topographical Entropy from corr. pLogP method (LYS 68) : 9.3194
Side Chain Topographical Entropy from corr. pLogP method (ASN 69) : 6.2726
Side Chain Topographical Entropy from corr. pLogP method (ASN 70) : 14.4302
Side Chain Topographical Entropy from corr. pLogP method (TYR 71) : 4.6981
Side Chain Topographical Entropy from corr. pLogP method (ARG 72) : 16.5631
Side Chain Topographical Entropy from corr. pLogP method (ASN 73) : 4.0428
Side Chain Topographical Entropy from corr. pLogP method (ALA 74) : -0.0000
Side Chain Topographical Entropy from corr. pLogP method (HID 75) : 8.1471
Side Chain Topographical Entropy from corr. pLogP method (SER 76) : 5.4301
Side Chain Topographical Entropy from corr. pLogP method (ALA 77) : -0.0000
Side Chain Topographical Entropy from corr. pLogP method (THR 78) : 0.0384
Side Chain Topographical Entropy from corr. pLogP method (THR 79) : 5.2944
Side Chain Topographical Entropy from corr. pLogP method (TRP 80) : 2.7326
Side Chain Topographical Entropy from corr. pLogP method (SER 81) : 2.9407
Side Chain Topographical Entropy from corr. pLogP method (GLY 82) : -0.0000
Side Chain Topographical Entropy from corr. pLogP method (GLN 83) : 9.8450
Side Chain Topographical Entropy from corr. pLogP method (TYR 84) : 1.5767
Side Chain Topographical Entropy from corr. pLogP method (VAL 85) : 2.2258
Side Chain Topographical Entropy from corr. pLogP method (GLY 86) : -0.0000
Side Chain Topographical Entropy from corr. pLogP method (GLY 87) : -0.0000
Side Chain Topographical Entropy from corr. pLogP method (ALA 88) : -0.0000
Side Chain Topographical Entropy from corr. pLogP method (GLU 89) : 22.1307
Side Chain Topographical Entropy from corr. pLogP method (ALA 90) : -0.0000
Side Chain Topographical Entropy from corr. pLogP method (ARG 91) : 11.8549
Side Chain Topographical Entropy from corr. pLogP method (ILE 92) : 0.5832
Side Chain Topographical Entropy from corr. pLogP method (ASN 93) : 9.6749
Side Chain Topographical Entropy from corr. pLogP method (THR 94) : 0.9082
Side Chain Topographical Entropy from corr. pLogP method (GLN 95) : 4.2293
Side Chain Topographical Entropy from corr. pLogP method (TRP 96) : 1.7862
Side Chain Topographical Entropy from corr. pLogP method (LEU 97) : 0.0761
Side Chain Topographical Entropy from corr. pLogP method (LEU 98) : 4.6470
Side Chain Topographical Entropy from corr. pLogP method (THR 99) : 5.4471
Side Chain Topographical Entropy from corr. pLogP method (SER 100) : 8.5757
Side Chain Topographical Entropy from corr. pLogP method (GLY 101) : -0.0000
Side Chain Topographical Entropy from corr. pLogP method (THR 102) : 8.0206
Side Chain Topographical Entropy from corr. pLogP method (THR 103) : 6.3856
Side Chain Topographical Entropy from corr. pLogP method (GLU 104) : 20.2922
Side Chain Topographical Entropy from corr. pLogP method (ALA 105) : -0.0000
Side Chain Topographical Entropy from corr. pLogP method (ASN 106) : 10.0254
Side Chain Topographical Entropy from corr. pLogP method (ALA 107) : -0.0000
Side Chain Topographical Entropy from corr. pLogP method (TRP 108) : 8.6271
Side Chain Topographical Entropy from corr. pLogP method (LYS 109) : 16.9002
Side Chain Topographical Entropy from corr. pLogP method (SER 110) : 8.7486
Side Chain Topographical Entropy from corr. pLogP method (THR 111) : 0.1948
Side Chain Topographical Entropy from corr. pLogP method (LEU 112) : 2.6020
Side Chain Topographical Entropy from corr. pLogP method (VAL 113) : 0.3515
Side Chain Topographical Entropy from corr. pLogP method (GLY 114) : -0.0000
Side Chain Topographical Entropy from corr. pLogP method (HID 115) : 5.7349
Side Chain Topographical Entropy from corr. pLogP method (ASP 116) : 8.1392
Side Chain Topographical Entropy from corr. pLogP method (THR 117) : 2.8463
Side Chain Topographical Entropy from corr. pLogP method (PHE 118) : 2.2850
Side Chain Topographical Entropy from corr. pLogP method (THR 119) : 5.0528
Side Chain Topographical Entropy from corr. pLogP method (LYS 120) : 11.7666
Side Chain Topographical Entropy from corr. pLogP method (VAL 121) : 6.5364
Side Chain Topographical Entropy from corr. pLogP method (LYS 122) : 20.3457
Side Chain Topographical Entropy from corr. pLogP method (PRO 123) : 16.7335
Side Chain Topographical Entropy from corr. pLogP method (SER 124) : 8.3829
Side Chain Topographical Entropy from corr. pLogP method (ALA 125) : -0.0000
Side Chain Topographical Entropy from corr. pLogP method (ALA 126) : -0.0000
Side Chain Topographical Entropy from corr. pLogP method (CSER 127) : 5.5545
____________________________________________________________
Total SC Topog. Entropy (corr. pLogP)    :         650.628
------------------------------------------------------------
____________________________________________________________
Total BB Topog. Entropy (corr. pLogP)    :          35.534
------------------------------------------------------------
____________________________________________________________
Total Entropy                            :         686.161
------------------------------------------------------------
