------------------------------------------------------------
Topographical entropy of residue side chains 
computed using all the dihedrals with correlation/pLogp formalism
------------------------------------------------------------
Side Chain Topographical Entropy from corr. pLogP method (NALA 1) : -0.0000
Side Chain Topographical Entropy from corr. pLogP method (GLU 2) : 22.1772
Side Chain Topographical Entropy from corr. pLogP method (ALA 3) : -0.0000
Side Chain Topographical Entropy from corr. pLogP method (GLY 4) : -0.0000
Side Chain Topographical Entropy from corr. pLogP method (ILE 5) : 1.7844
Side Chain Topographical Entropy from corr. pLogP method (THR 6) : 0.7422
Side Chain Topographical Entropy from corr. pLogP method (GLY 7) : -0.0000
Side Chain Topographical Entropy from corr. pLogP method (THR 8) : 0.9952
Side Chain Topographical Entropy from corr. pLogP method (TRP 9) : 2.1112
Side Chain Topographical Entropy from corr. pLogP method (TYR 10) : 9.4019
Side Chain Topographical Entropy from corr. pLogP method (ALA 11) : -0.0000
Side Chain Topographical Entropy from corr. pLogP method (GLN 12) : 21.9482
Side Chain Topographical Entropy from corr. pLogP method (LEU 13) : 11.2409
Side Chain Topographical Entropy from corr. pLogP method (GLY 14) : -0.0000
Side Chain Topographical Entropy from corr. pLogP method (SER 15) : 8.6220
Side Chain Topographical Entropy from corr. pLogP method (THR 16) : 1.4933
Side Chain Topographical Entropy from corr. pLogP method (PHE 17) : 1.9529
Side Chain Topographical Entropy from corr. pLogP method (ILE 18) : 5.6089
Side Chain Topographical Entropy from corr. pLogP method (VAL 19) : 2.7400
Side Chain Topographical Entropy from corr. pLogP method (THR 20) : 5.6794
Side Chain Topographical Entropy from corr. pLogP method (ALA 21) : -0.0000
Side Chain Topographical Entropy from corr. pLogP method (GLY 22) : -0.0000
Side Chain Topographical Entropy from corr. pLogP method (ALA 23) : -0.0000
Side Chain Topographical Entropy from corr. pLogP method (ASP 24) : 15.6307
Side Chain Topographical Entropy from corr. pLogP method (GLY 25) : -0.0000
Side Chain Topographical Entropy from corr. pLogP method (ALA 26) : -0.0000
Side Chain Topographical Entropy from corr. pLogP method (LEU 27) : 8.4396
Side Chain Topographical Entropy from corr. pLogP method (THR 28) : 7.3837
Side Chain Topographical Entropy from corr. pLogP method (GLY 29) : -0.0000
Side Chain Topographical Entropy from corr. pLogP method (THR 30) : 5.8729
Side Chain Topographical Entropy from corr. pLogP method (TYR 31) : 10.2412
Side Chain Topographical Entropy from corr. pLogP method (GLU 32) : 13.0161
Side Chain Topographical Entropy from corr. pLogP method (SER 33) : 3.2430
Side Chain Topographical Entropy from corr. pLogP method (ALA 34) : -0.0000
Side Chain Topographical Entropy from corr. pLogP method (VAL 35) : 5.0347
Side Chain Topographical Entropy from corr. pLogP method (GLY 36) : -0.0000
Side Chain Topographical Entropy from corr. pLogP method (ASN 37) : 14.3157
Side Chain Topographical Entropy from corr. pLogP method (ALA 38) : -0.0000
Side Chain Topographical Entropy from corr. pLogP method (GLU 39) : 25.2696
Side Chain Topographical Entropy from corr. pLogP method (SER 40) : 7.5533
Side Chain Topographical Entropy from corr. pLogP method (ARG 41) : 14.2891
Side Chain Topographical Entropy from corr. pLogP method (TYR 42) : 6.5319
Side Chain Topographical Entropy from corr. pLogP method (VAL 43) : 7.2746
Side Chain Topographical Entropy from corr. pLogP method (LEU 44) : 4.6883
Side Chain Topographical Entropy from corr. pLogP method (THR 45) : 2.6491
Side Chain Topographical Entropy from corr. pLogP method (GLY 46) : -0.0000
Side Chain Topographical Entropy from corr. pLogP method (ARG 47) : 0.5370
Side Chain Topographical Entropy from corr. pLogP method (TYR 48) : 4.3008
Side Chain Topographical Entropy from corr. pLogP method (ASP 49) : 6.6795
Side Chain Topographical Entropy from corr. pLogP method (SER 50) : 2.6004
Side Chain Topographical Entropy from corr. pLogP method (ALA 51) : -0.0000
Side Chain Topographical Entropy from corr. pLogP method (PRO 52) : 14.3364
Side Chain Topographical Entropy from corr. pLogP method (ALA 53) : -0.0000
Side Chain Topographical Entropy from corr. pLogP method (THR 54) : 8.3218
Side Chain Topographical Entropy from corr. pLogP method (ASP 55) : 14.4959
Side Chain Topographical Entropy from corr. pLogP method (GLY 56) : -0.0000
Side Chain Topographical Entropy from corr. pLogP method (SER 57) : 8.0240
Side Chain Topographical Entropy from corr. pLogP method (GLY 58) : -0.0000
Side Chain Topographical Entropy from corr. pLogP method (THR 59) : 1.1765
Side Chain Topographical Entropy from corr. pLogP method (ALA 60) : -0.0000
Side Chain Topographical Entropy from corr. pLogP method (LEU 61) : 5.6347
Side Chain Topographical Entropy from corr. pLogP method (GLY 62) : -0.0000
Side Chain Topographical Entropy from corr. pLogP method (TRP 63) : 1.7019
Side Chain Topographical Entropy from corr. pLogP method (THR 64) : 0.5034
Side Chain Topographical Entropy from corr. pLogP method (VAL 65) : 0.4642
Side Chain Topographical Entropy from corr. pLogP method (ALA 66) : -0.0000
Side Chain Topographical Entropy from corr. pLogP method (TRP 67) : 2.5625
Side Chain Topographical Entropy from corr. pLogP method (LYS 68) : 20.9337
Side Chain Topographical Entropy from corr. pLogP method (ASN 69) : 13.6735
Side Chain Topographical Entropy from corr. pLogP method (ASN 70) : 15.7539
Side Chain Topographical Entropy from corr. pLogP method (TYR 71) : 17.5280
Side Chain Topographical Entropy from corr. pLogP method (ARG 72) : 24.2681
Side Chain Topographical Entropy from corr. pLogP method (ASN 73) : 7.6416
Side Chain Topographical Entropy from corr. pLogP method (ALA 74) : -0.0000
Side Chain Topographical Entropy from corr. pLogP method (HID 75) : 9.7384
Side Chain Topographical Entropy from corr. pLogP method (SER 76) : 6.8280
Side Chain Topographical Entropy from corr. pLogP method (ALA 77) : -0.0000
Side Chain Topographical Entropy from corr. pLogP method (THR 78) : 0.1396
Side Chain Topographical Entropy from corr. pLogP method (THR 79) : 1.8919
Side Chain Topographical Entropy from corr. pLogP method (TRP 80) : 6.3123
Side Chain Topographical Entropy from corr. pLogP method (SER 81) : 1.0271
Side Chain Topographical Entropy from corr. pLogP method (GLY 82) : -0.0000
Side Chain Topographical Entropy from corr. pLogP method (GLN 83) : 11.7524
Side Chain Topographical Entropy from corr. pLogP method (TYR 84) : 3.8715
Side Chain Topographical Entropy from corr. pLogP method (VAL 85) : 4.6438
Side Chain Topographical Entropy from corr. pLogP method (GLY 86) : -0.0000
Side Chain Topographical Entropy from corr. pLogP method (GLY 87) : -0.0000
Side Chain Topographical Entropy from corr. pLogP method (ALA 88) : -0.0000
Side Chain Topographical Entropy from corr. pLogP method (GLU 89) : 23.5346
Side Chain Topographical Entropy from corr. pLogP method (ALA 90) : -0.0000
Side Chain Topographical Entropy from corr. pLogP method (ARG 91) : 18.1796
Side Chain Topographical Entropy from corr. pLogP method (ILE 92) : 1.9784
Side Chain Topographical Entropy from corr. pLogP method (ASN 93) : 7.8053
Side Chain Topographical Entropy from corr. pLogP method (THR 94) : 3.1695
Side Chain Topographical Entropy from corr. pLogP method (GLN 95) : 10.2535
Side Chain Topographical Entropy from corr. pLogP method (TRP 96) : 6.7029
Side Chain Topographical Entropy from corr. pLogP method (LEU 97) : 2.4620
Side Chain Topographical Entropy from corr. pLogP method (LEU 98) : 3.8857
Side Chain Topographical Entropy from corr. pLogP method (THR 99) : 5.7373
Side Chain Topographical Entropy from corr. pLogP method (SER 100) : 8.5883
Side Chain Topographical Entropy from corr. pLogP method (GLY 101) : -0.0000
Side Chain Topographical Entropy from corr. pLogP method (THR 102) : 7.2902
Side Chain Topographical Entropy from corr. pLogP method (THR 103) : 3.8236
Side Chain Topographical Entropy from corr. pLogP method (GLU 104) : 24.0146
Side Chain Topographical Entropy from corr. pLogP method (ALA 105) : -0.0000
Side Chain Topographical Entropy from corr. pLogP method (ASN 106) : 7.6904
Side Chain Topographical Entropy from corr. pLogP method (ALA 107) : -0.0000
Side Chain Topographical Entropy from corr. pLogP method (TRP 108) : 12.1292
Side Chain Topographical Entropy from corr. pLogP method (LYS 109) : 18.6671
Side Chain Topographical Entropy from corr. pLogP method (SER 110) : 2.7983
Side Chain Topographical Entropy from corr. pLogP method (THR 111) : 2.1259
Side Chain Topographical Entropy from corr. pLogP method (LEU 112) : 5.7479
Side Chain Topographical Entropy from corr. pLogP method (VAL 113) : 3.6111
Side Chain Topographical Entropy from corr. pLogP method (GLY 114) : -0.0000
Side Chain Topographical Entropy from corr. pLogP method (HID 115) : 16.7637
Side Chain Topographical Entropy from corr. pLogP method (ASP 116) : 9.4301
Side Chain Topographical Entropy from corr. pLogP method (THR 117) : 7.7059
Side Chain Topographical Entropy from corr. pLogP method (PHE 118) : 1.4611
Side Chain Topographical Entropy from corr. pLogP method (THR 119) : 5.2738
Side Chain Topographical Entropy from corr. pLogP method (LYS 120) : 13.6350
Side Chain Topographical Entropy from corr. pLogP method (VAL 121) : 5.3330
Side Chain Topographical Entropy from corr. pLogP method (LYS 122) : 20.0975
Side Chain Topographical Entropy from corr. pLogP method (PRO 123) : 18.8820
Side Chain Topographical Entropy from corr. pLogP method (SER 124) : 8.9545
Side Chain Topographical Entropy from corr. pLogP method (ALA 125) : -0.0000
Side Chain Topographical Entropy from corr. pLogP method (ALA 126) : -0.0000
Side Chain Topographical Entropy from corr. pLogP method (CSER 127) : 5.1113
____________________________________________________________
Total SC Topog. Entropy (corr. pLogP)    :         758.118
------------------------------------------------------------
____________________________________________________________
Total BB Topog. Entropy (corr. pLogP)    :          49.659
------------------------------------------------------------
____________________________________________________________
Total Entropy                            :         807.777
------------------------------------------------------------
