------------------------------------------------------------
Topographical entropy of residue side chains 
computed using all the dihedrals with correlation/pLogp formalism
------------------------------------------------------------
Side Chain Topographical Entropy from corr. pLogP method (NALA 1) : -0.0000
Side Chain Topographical Entropy from corr. pLogP method (GLU 2) : 18.3873
Side Chain Topographical Entropy from corr. pLogP method (ALA 3) : -0.0000
Side Chain Topographical Entropy from corr. pLogP method (GLY 4) : -0.0000
Side Chain Topographical Entropy from corr. pLogP method (ILE 5) : 0.6476
Side Chain Topographical Entropy from corr. pLogP method (THR 6) : -0.0000
Side Chain Topographical Entropy from corr. pLogP method (GLY 7) : -0.0000
Side Chain Topographical Entropy from corr. pLogP method (THR 8) : 2.1728
Side Chain Topographical Entropy from corr. pLogP method (TRP 9) : -0.0000
Side Chain Topographical Entropy from corr. pLogP method (TYR 10) : 5.7247
Side Chain Topographical Entropy from corr. pLogP method (ALA 11) : -0.0000
Side Chain Topographical Entropy from corr. pLogP method (GLN 12) : 20.9286
Side Chain Topographical Entropy from corr. pLogP method (LEU 13) : 3.4184
Side Chain Topographical Entropy from corr. pLogP method (GLY 14) : -0.0000
Side Chain Topographical Entropy from corr. pLogP method (SER 15) : -0.0000
Side Chain Topographical Entropy from corr. pLogP method (THR 16) : 0.4656
Side Chain Topographical Entropy from corr. pLogP method (PHE 17) : 5.7543
Side Chain Topographical Entropy from corr. pLogP method (ILE 18) : 5.6729
Side Chain Topographical Entropy from corr. pLogP method (VAL 19) : 1.8597
Side Chain Topographical Entropy from corr. pLogP method (THR 20) : 5.9413
Side Chain Topographical Entropy from corr. pLogP method (ALA 21) : -0.0000
Side Chain Topographical Entropy from corr. pLogP method (GLY 22) : -0.0000
Side Chain Topographical Entropy from corr. pLogP method (ALA 23) : -0.0000
Side Chain Topographical Entropy from corr. pLogP method (ASP 24) : 8.7085
Side Chain Topographical Entropy from corr. pLogP method (GLY 25) : -0.0000
Side Chain Topographical Entropy from corr. pLogP method (ALA 26) : -0.0000
Side Chain Topographical Entropy from corr. pLogP method (LEU 27) : 4.9613
Side Chain Topographical Entropy from corr. pLogP method (THR 28) : 5.8282
Side Chain Topographical Entropy from corr. pLogP method (GLY 29) : -0.0000
Side Chain Topographical Entropy from corr. pLogP method (THR 30) : -0.0000
Side Chain Topographical Entropy from corr. pLogP method (TYR 31) : 7.3132
Side Chain Topographical Entropy from corr. pLogP method (GLU 32) : 9.6141
Side Chain Topographical Entropy from corr. pLogP method (SER 33) : 4.9195
Side Chain Topographical Entropy from corr. pLogP method (ALA 34) : -0.0000
Side Chain Topographical Entropy from corr. pLogP method (VAL 35) : 4.1992
Side Chain Topographical Entropy from corr. pLogP method (GLY 36) : -0.0000
Side Chain Topographical Entropy from corr. pLogP method (ASN 37) : 12.2545
Side Chain Topographical Entropy from corr. pLogP method (ALA 38) : -0.0000
Side Chain Topographical Entropy from corr. pLogP method (GLU 39) : 24.1602
Side Chain Topographical Entropy from corr. pLogP method (SER 40) : 4.8107
Side Chain Topographical Entropy from corr. pLogP method (ARG 41) : 2.4696
Side Chain Topographical Entropy from corr. pLogP method (TYR 42) : 0.1200
Side Chain Topographical Entropy from corr. pLogP method (VAL 43) : -0.0000
Side Chain Topographical Entropy from corr. pLogP method (LEU 44) : 0.0657
Side Chain Topographical Entropy from corr. pLogP method (THR 45) : 4.8567
Side Chain Topographical Entropy from corr. pLogP method (GLY 46) : -0.0000
Side Chain Topographical Entropy from corr. pLogP method (ARG 47) : 0.2617
Side Chain Topographical Entropy from corr. pLogP method (TYR 48) : 3.1724
Side Chain Topographical Entropy from corr. pLogP method (ASP 49) : 3.4710
Side Chain Topographical Entropy from corr. pLogP method (SER 50) : 2.1249
Side Chain Topographical Entropy from corr. pLogP method (ALA 51) : -0.0000
Side Chain Topographical Entropy from corr. pLogP method (PRO 52) : 11.0769
Side Chain Topographical Entropy from corr. pLogP method (ALA 53) : -0.0000
Side Chain Topographical Entropy from corr. pLogP method (THR 54) : 5.2988
Side Chain Topographical Entropy from corr. pLogP method (ASP 55) : 8.1119
Side Chain Topographical Entropy from corr. pLogP method (GLY 56) : -0.0000
Side Chain Topographical Entropy from corr. pLogP method (SER 57) : 0.5034
Side Chain Topographical Entropy from corr. pLogP method (GLY 58) : -0.0000
Side Chain Topographical Entropy from corr. pLogP method (THR 59) : 5.4328
Side Chain Topographical Entropy from corr. pLogP method (ALA 60) : -0.0000
Side Chain Topographical Entropy from corr. pLogP method (LEU 61) : 0.3468
Side Chain Topographical Entropy from corr. pLogP method (GLY 62) : -0.0000
Side Chain Topographical Entropy from corr. pLogP method (TRP 63) : -0.0000
Side Chain Topographical Entropy from corr. pLogP method (THR 64) : 5.5254
Side Chain Topographical Entropy from corr. pLogP method (VAL 65) : -0.0000
Side Chain Topographical Entropy from corr. pLogP method (ALA 66) : -0.0000
Side Chain Topographical Entropy from corr. pLogP method (TRP 67) : 0.0657
Side Chain Topographical Entropy from corr. pLogP method (LYS 68) : 10.9300
Side Chain Topographical Entropy from corr. pLogP method (ASN 69) : 5.9480
Side Chain Topographical Entropy from corr. pLogP method (ASN 70) : 14.4487
Side Chain Topographical Entropy from corr. pLogP method (TYR 71) : 15.6433
Side Chain Topographical Entropy from corr. pLogP method (ARG 72) : 12.5411
Side Chain Topographical Entropy from corr. pLogP method (ASN 73) : 0.1315
Side Chain Topographical Entropy from corr. pLogP method (ALA 74) : -0.0000
Side Chain Topographical Entropy from corr. pLogP method (HID 75) : 0.2168
Side Chain Topographical Entropy from corr. pLogP method (SER 76) : 4.6531
Side Chain Topographical Entropy from corr. pLogP method (ALA 77) : -0.0000
Side Chain Topographical Entropy from corr. pLogP method (THR 78) : -0.0000
Side Chain Topographical Entropy from corr. pLogP method (THR 79) : -0.0000
Side Chain Topographical Entropy from corr. pLogP method (TRP 80) : 2.2975
Side Chain Topographical Entropy from corr. pLogP method (SER 81) : 0.0657
Side Chain Topographical Entropy from corr. pLogP method (GLY 82) : -0.0000
Side Chain Topographical Entropy from corr. pLogP method (GLN 83) : 10.0091
Side Chain Topographical Entropy from corr. pLogP method (TYR 84) : -0.0000
Side Chain Topographical Entropy from corr. pLogP method (VAL 85) : 0.8790
Side Chain Topographical Entropy from corr. pLogP method (GLY 86) : -0.0000
Side Chain Topographical Entropy from corr. pLogP method (GLY 87) : -0.0000
Side Chain Topographical Entropy from corr. pLogP method (ALA 88) : -0.0000
Side Chain Topographical Entropy from corr. pLogP method (GLU 89) : 18.2023
Side Chain Topographical Entropy from corr. pLogP method (ALA 90) : -0.0000
Side Chain Topographical Entropy from corr. pLogP method (ARG 91) : 14.3815
Side Chain Topographical Entropy from corr. pLogP method (ILE 92) : 0.9129
Side Chain Topographical Entropy from corr. pLogP method (ASN 93) : 12.7248
Side Chain Topographical Entropy from corr. pLogP method (THR 94) : -0.0000
Side Chain Topographical Entropy from corr. pLogP method (GLN 95) : 4.0639
Side Chain Topographical Entropy from corr. pLogP method (TRP 96) : 0.6476
Side Chain Topographical Entropy from corr. pLogP method (LEU 97) : 1.8773
Side Chain Topographical Entropy from corr. pLogP method (LEU 98) : 4.1376
Side Chain Topographical Entropy from corr. pLogP method (THR 99) : -0.0000
Side Chain Topographical Entropy from corr. pLogP method (SER 100) : 9.1317
Side Chain Topographical Entropy from corr. pLogP method (GLY 101) : -0.0000
Side Chain Topographical Entropy from corr. pLogP method (THR 102) : -0.0000
Side Chain Topographical Entropy from corr. pLogP method (THR 103) : 0.1200
Side Chain Topographical Entropy from corr. pLogP method (GLU 104) : 16.4484
Side Chain Topographical Entropy from corr. pLogP method (ALA 105) : -0.0000
Side Chain Topographical Entropy from corr. pLogP method (ASN 106) : 2.2725
Side Chain Topographical Entropy from corr. pLogP method (ALA 107) : -0.0000
Side Chain Topographical Entropy from corr. pLogP method (TRP 108) : 5.7527
Side Chain Topographical Entropy from corr. pLogP method (LYS 109) : 8.0577
Side Chain Topographical Entropy from corr. pLogP method (SER 110) : -0.0000
Side Chain Topographical Entropy from corr. pLogP method (THR 111) : 0.1200
Side Chain Topographical Entropy from corr. pLogP method (LEU 112) : 2.3556
Side Chain Topographical Entropy from corr. pLogP method (VAL 113) : 0.1200
Side Chain Topographical Entropy from corr. pLogP method (GLY 114) : -0.0000
Side Chain Topographical Entropy from corr. pLogP method (HID 115) : -0.0000
Side Chain Topographical Entropy from corr. pLogP method (ASP 116) : 6.3229
Side Chain Topographical Entropy from corr. pLogP method (THR 117) : 3.6694
Side Chain Topographical Entropy from corr. pLogP method (PHE 118) : -0.0000
Side Chain Topographical Entropy from corr. pLogP method (THR 119) : -0.0000
Side Chain Topographical Entropy from corr. pLogP method (LYS 120) : 9.3026
Side Chain Topographical Entropy from corr. pLogP method (VAL 121) : 3.0745
Side Chain Topographical Entropy from corr. pLogP method (LYS 122) : 23.3703
Side Chain Topographical Entropy from corr. pLogP method (PRO 123) : 16.9525
Side Chain Topographical Entropy from corr. pLogP method (SER 124) : 8.3589
Side Chain Topographical Entropy from corr. pLogP method (ALA 125) : -0.0000
Side Chain Topographical Entropy from corr. pLogP method (ALA 126) : -0.0000
Side Chain Topographical Entropy from corr. pLogP method (CSER 127) : 0.1200
____________________________________________________________
Total SC Topog. Entropy (corr. pLogP)    :         460.907
------------------------------------------------------------
____________________________________________________________
Total BB Topog. Entropy (corr. pLogP)    :          22.175
------------------------------------------------------------
____________________________________________________________
Total Entropy                            :         483.082
------------------------------------------------------------
------------------------------------------------------------
Topographical entropy of residue side chains 
computed using all the dihedrals with correlation/pLogp formalism
------------------------------------------------------------
Side Chain Topographical Entropy from corr. pLogP method (NALA 1) : -0.0000
Side Chain Topographical Entropy from corr. pLogP method (GLU 2) : 22.1593
Side Chain Topographical Entropy from corr. pLogP method (ALA 3) : -0.0000
Side Chain Topographical Entropy from corr. pLogP method (GLY 4) : -0.0000
Side Chain Topographical Entropy from corr. pLogP method (ILE 5) : 2.6905
Side Chain Topographical Entropy from corr. pLogP method (THR 6) : 3.3714
Side Chain Topographical Entropy from corr. pLogP method (GLY 7) : -0.0000
Side Chain Topographical Entropy from corr. pLogP method (THR 8) : 0.7495
Side Chain Topographical Entropy from corr. pLogP method (TRP 9) : -0.0000
Side Chain Topographical Entropy from corr. pLogP method (TYR 10) : 4.9535
Side Chain Topographical Entropy from corr. pLogP method (ALA 11) : -0.0000
Side Chain Topographical Entropy from corr. pLogP method (GLN 12) : 15.1830
Side Chain Topographical Entropy from corr. pLogP method (LEU 13) : 0.2168
Side Chain Topographical Entropy from corr. pLogP method (GLY 14) : -0.0000
Side Chain Topographical Entropy from corr. pLogP method (SER 15) : 5.7427
Side Chain Topographical Entropy from corr. pLogP method (THR 16) : 7.7319
Side Chain Topographical Entropy from corr. pLogP method (PHE 17) : 6.2270
Side Chain Topographical Entropy from corr. pLogP method (ILE 18) : 4.8911
Side Chain Topographical Entropy from corr. pLogP method (VAL 19) : 6.3133
Side Chain Topographical Entropy from corr. pLogP method (THR 20) : 5.0917
Side Chain Topographical Entropy from corr. pLogP method (ALA 21) : -0.0000
Side Chain Topographical Entropy from corr. pLogP method (GLY 22) : -0.0000
Side Chain Topographical Entropy from corr. pLogP method (ALA 23) : -0.0000
Side Chain Topographical Entropy from corr. pLogP method (ASP 24) : 11.2939
Side Chain Topographical Entropy from corr. pLogP method (GLY 25) : -0.0000
Side Chain Topographical Entropy from corr. pLogP method (ALA 26) : -0.0000
Side Chain Topographical Entropy from corr. pLogP method (LEU 27) : -0.0000
Side Chain Topographical Entropy from corr. pLogP method (THR 28) : 8.4665
Side Chain Topographical Entropy from corr. pLogP method (GLY 29) : -0.0000
Side Chain Topographical Entropy from corr. pLogP method (THR 30) : 5.3299
Side Chain Topographical Entropy from corr. pLogP method (TYR 31) : 4.2985
Side Chain Topographical Entropy from corr. pLogP method (GLU 32) : 16.4630
Side Chain Topographical Entropy from corr. pLogP method (SER 33) : 8.5879
Side Chain Topographical Entropy from corr. pLogP method (ALA 34) : -0.0000
Side Chain Topographical Entropy from corr. pLogP method (VAL 35) : 7.4571
Side Chain Topographical Entropy from corr. pLogP method (GLY 36) : -0.0000
Side Chain Topographical Entropy from corr. pLogP method (ASN 37) : 10.6114
Side Chain Topographical Entropy from corr. pLogP method (ALA 38) : -0.0000
Side Chain Topographical Entropy from corr. pLogP method (GLU 39) : 21.8670
Side Chain Topographical Entropy from corr. pLogP method (SER 40) : 6.1543
Side Chain Topographical Entropy from corr. pLogP method (ARG 41) : 6.4848
Side Chain Topographical Entropy from corr. pLogP method (TYR 42) : -0.0000
Side Chain Topographical Entropy from corr. pLogP method (VAL 43) : 0.3874
Side Chain Topographical Entropy from corr. pLogP method (LEU 44) : -0.0000
Side Chain Topographical Entropy from corr. pLogP method (THR 45) : 0.9720
Side Chain Topographical Entropy from corr. pLogP method (GLY 46) : -0.0000
Side Chain Topographical Entropy from corr. pLogP method (ARG 47) : 0.5072
Side Chain Topographical Entropy from corr. pLogP method (TYR 48) : 6.1574
Side Chain Topographical Entropy from corr. pLogP method (ASP 49) : 0.3707
Side Chain Topographical Entropy from corr. pLogP method (SER 50) : 2.9143
Side Chain Topographical Entropy from corr. pLogP method (ALA 51) : -0.0000
Side Chain Topographical Entropy from corr. pLogP method (PRO 52) : 11.5380
Side Chain Topographical Entropy from corr. pLogP method (ALA 53) : -0.0000
Side Chain Topographical Entropy from corr. pLogP method (THR 54) : 8.7199
Side Chain Topographical Entropy from corr. pLogP method (ASP 55) : 7.1499
Side Chain Topographical Entropy from corr. pLogP method (GLY 56) : -0.0000
Side Chain Topographical Entropy from corr. pLogP method (SER 57) : -0.0000
Side Chain Topographical Entropy from corr. pLogP method (GLY 58) : -0.0000
Side Chain Topographical Entropy from corr. pLogP method (THR 59) : -0.0000
Side Chain Topographical Entropy from corr. pLogP method (ALA 60) : -0.0000
Side Chain Topographical Entropy from corr. pLogP method (LEU 61) : 8.0165
Side Chain Topographical Entropy from corr. pLogP method (GLY 62) : -0.0000
Side Chain Topographical Entropy from corr. pLogP method (TRP 63) : 0.1200
Side Chain Topographical Entropy from corr. pLogP method (THR 64) : 0.5768
Side Chain Topographical Entropy from corr. pLogP method (VAL 65) : -0.0000
Side Chain Topographical Entropy from corr. pLogP method (ALA 66) : -0.0000
Side Chain Topographical Entropy from corr. pLogP method (TRP 67) : 0.4656
Side Chain Topographical Entropy from corr. pLogP method (LYS 68) : 9.5038
Side Chain Topographical Entropy from corr. pLogP method (ASN 69) : 5.7558
Side Chain Topographical Entropy from corr. pLogP method (ASN 70) : 12.5887
Side Chain Topographical Entropy from corr. pLogP method (TYR 71) : 5.3698
Side Chain Topographical Entropy from corr. pLogP method (ARG 72) : 2.7774
Side Chain Topographical Entropy from corr. pLogP method (ASN 73) : 0.8357
Side Chain Topographical Entropy from corr. pLogP method (ALA 74) : -0.0000
Side Chain Topographical Entropy from corr. pLogP method (HID 75) : 1.8642
Side Chain Topographical Entropy from corr. pLogP method (SER 76) : 4.3650
Side Chain Topographical Entropy from corr. pLogP method (ALA 77) : -0.0000
Side Chain Topographical Entropy from corr. pLogP method (THR 78) : 0.0657
Side Chain Topographical Entropy from corr. pLogP method (THR 79) : 0.4270
Side Chain Topographical Entropy from corr. pLogP method (TRP 80) : 2.7931
Side Chain Topographical Entropy from corr. pLogP method (SER 81) : 0.3468
Side Chain Topographical Entropy from corr. pLogP method (GLY 82) : -0.0000
Side Chain Topographical Entropy from corr. pLogP method (GLN 83) : 11.4675
Side Chain Topographical Entropy from corr. pLogP method (TYR 84) : 9.0176
Side Chain Topographical Entropy from corr. pLogP method (VAL 85) : 6.9309
Side Chain Topographical Entropy from corr. pLogP method (GLY 86) : -0.0000
Side Chain Topographical Entropy from corr. pLogP method (GLY 87) : -0.0000
Side Chain Topographical Entropy from corr. pLogP method (ALA 88) : -0.0000
Side Chain Topographical Entropy from corr. pLogP method (GLU 89) : 20.5083
Side Chain Topographical Entropy from corr. pLogP method (ALA 90) : -0.0000
Side Chain Topographical Entropy from corr. pLogP method (ARG 91) : 14.9908
Side Chain Topographical Entropy from corr. pLogP method (ILE 92) : 0.2399
Side Chain Topographical Entropy from corr. pLogP method (ASN 93) : 1.7159
Side Chain Topographical Entropy from corr. pLogP method (THR 94) : 4.5819
Side Chain Topographical Entropy from corr. pLogP method (GLN 95) : 9.5504
Side Chain Topographical Entropy from corr. pLogP method (TRP 96) : 0.8473
Side Chain Topographical Entropy from corr. pLogP method (LEU 97) : 0.0657
Side Chain Topographical Entropy from corr. pLogP method (LEU 98) : 2.8798
Side Chain Topographical Entropy from corr. pLogP method (THR 99) : 5.7365
Side Chain Topographical Entropy from corr. pLogP method (SER 100) : 6.0556
Side Chain Topographical Entropy from corr. pLogP method (GLY 101) : -0.0000
Side Chain Topographical Entropy from corr. pLogP method (THR 102) : 3.1488
Side Chain Topographical Entropy from corr. pLogP method (THR 103) : 0.0657
Side Chain Topographical Entropy from corr. pLogP method (GLU 104) : 22.4525
Side Chain Topographical Entropy from corr. pLogP method (ALA 105) : -0.0000
Side Chain Topographical Entropy from corr. pLogP method (ASN 106) : 5.0912
Side Chain Topographical Entropy from corr. pLogP method (ALA 107) : -0.0000
Side Chain Topographical Entropy from corr. pLogP method (TRP 108) : 5.6991
Side Chain Topographical Entropy from corr. pLogP method (LYS 109) : 16.7499
Side Chain Topographical Entropy from corr. pLogP method (SER 110) : 2.9499
Side Chain Topographical Entropy from corr. pLogP method (THR 111) : -0.0000
Side Chain Topographical Entropy from corr. pLogP method (LEU 112) : 3.4676
Side Chain Topographical Entropy from corr. pLogP method (VAL 113) : -0.0000
Side Chain Topographical Entropy from corr. pLogP method (GLY 114) : -0.0000
Side Chain Topographical Entropy from corr. pLogP method (HID 115) : -0.0000
Side Chain Topographical Entropy from corr. pLogP method (ASP 116) : 6.6437
Side Chain Topographical Entropy from corr. pLogP method (THR 117) : -0.0000
Side Chain Topographical Entropy from corr. pLogP method (PHE 118) : 6.4999
Side Chain Topographical Entropy from corr. pLogP method (THR 119) : -0.0000
Side Chain Topographical Entropy from corr. pLogP method (LYS 120) : 5.0915
Side Chain Topographical Entropy from corr. pLogP method (VAL 121) : 5.9946
Side Chain Topographical Entropy from corr. pLogP method (LYS 122) : 22.6221
Side Chain Topographical Entropy from corr. pLogP method (PRO 123) : 13.7268
Side Chain Topographical Entropy from corr. pLogP method (SER 124) : 3.4546
Side Chain Topographical Entropy from corr. pLogP method (ALA 125) : -0.0000
Side Chain Topographical Entropy from corr. pLogP method (ALA 126) : -0.0000
Side Chain Topographical Entropy from corr. pLogP method (CSER 127) : 4.8361
____________________________________________________________
Total SC Topog. Entropy (corr. pLogP)    :         510.007
------------------------------------------------------------
____________________________________________________________
Total BB Topog. Entropy (corr. pLogP)    :          29.590
------------------------------------------------------------
____________________________________________________________
Total Entropy                            :         539.597
------------------------------------------------------------
------------------------------------------------------------
Topographical entropy of residue side chains 
computed using all the dihedrals with correlation/pLogp formalism
------------------------------------------------------------
Side Chain Topographical Entropy from corr. pLogP method (NALA 1) : -0.0000
Side Chain Topographical Entropy from corr. pLogP method (GLU 2) : 22.1705
Side Chain Topographical Entropy from corr. pLogP method (ALA 3) : -0.0000
Side Chain Topographical Entropy from corr. pLogP method (GLY 4) : -0.0000
Side Chain Topographical Entropy from corr. pLogP method (ILE 5) : 0.8734
Side Chain Topographical Entropy from corr. pLogP method (THR 6) : -0.0000
Side Chain Topographical Entropy from corr. pLogP method (GLY 7) : -0.0000
Side Chain Topographical Entropy from corr. pLogP method (THR 8) : 0.0657
Side Chain Topographical Entropy from corr. pLogP method (TRP 9) : -0.0000
Side Chain Topographical Entropy from corr. pLogP method (TYR 10) : 5.7607
Side Chain Topographical Entropy from corr. pLogP method (ALA 11) : -0.0000
Side Chain Topographical Entropy from corr. pLogP method (GLN 12) : 21.6495
Side Chain Topographical Entropy from corr. pLogP method (LEU 13) : 8.3816
Side Chain Topographical Entropy from corr. pLogP method (GLY 14) : -0.0000
Side Chain Topographical Entropy from corr. pLogP method (SER 15) : 3.5813
Side Chain Topographical Entropy from corr. pLogP method (THR 16) : 0.1200
Side Chain Topographical Entropy from corr. pLogP method (PHE 17) : 8.3365
Side Chain Topographical Entropy from corr. pLogP method (ILE 18) : 6.4306
Side Chain Topographical Entropy from corr. pLogP method (VAL 19) : 5.8578
Side Chain Topographical Entropy from corr. pLogP method (THR 20) : 3.9071
Side Chain Topographical Entropy from corr. pLogP method (ALA 21) : -0.0000
Side Chain Topographical Entropy from corr. pLogP method (GLY 22) : -0.0000
Side Chain Topographical Entropy from corr. pLogP method (ALA 23) : -0.0000
Side Chain Topographical Entropy from corr. pLogP method (ASP 24) : 14.6564
Side Chain Topographical Entropy from corr. pLogP method (GLY 25) : -0.0000
Side Chain Topographical Entropy from corr. pLogP method (ALA 26) : -0.0000
Side Chain Topographical Entropy from corr. pLogP method (LEU 27) : 8.8167
Side Chain Topographical Entropy from corr. pLogP method (THR 28) : 8.8968
Side Chain Topographical Entropy from corr. pLogP method (GLY 29) : -0.0000
Side Chain Topographical Entropy from corr. pLogP method (THR 30) : 5.5315
Side Chain Topographical Entropy from corr. pLogP method (TYR 31) : 6.0252
Side Chain Topographical Entropy from corr. pLogP method (GLU 32) : 10.9716
Side Chain Topographical Entropy from corr. pLogP method (SER 33) : 5.4218
Side Chain Topographical Entropy from corr. pLogP method (ALA 34) : -0.0000
Side Chain Topographical Entropy from corr. pLogP method (VAL 35) : 6.6521
Side Chain Topographical Entropy from corr. pLogP method (GLY 36) : -0.0000
Side Chain Topographical Entropy from corr. pLogP method (ASN 37) : 9.2468
Side Chain Topographical Entropy from corr. pLogP method (ALA 38) : -0.0000
Side Chain Topographical Entropy from corr. pLogP method (GLU 39) : 18.8097
Side Chain Topographical Entropy from corr. pLogP method (SER 40) : 6.3288
Side Chain Topographical Entropy from corr. pLogP method (ARG 41) : 0.6529
Side Chain Topographical Entropy from corr. pLogP method (TYR 42) : -0.0000
Side Chain Topographical Entropy from corr. pLogP method (VAL 43) : 1.1814
Side Chain Topographical Entropy from corr. pLogP method (LEU 44) : -0.0000
Side Chain Topographical Entropy from corr. pLogP method (THR 45) : 1.0323
Side Chain Topographical Entropy from corr. pLogP method (GLY 46) : -0.0000
Side Chain Topographical Entropy from corr. pLogP method (ARG 47) : 0.1698
Side Chain Topographical Entropy from corr. pLogP method (TYR 48) : 4.2231
Side Chain Topographical Entropy from corr. pLogP method (ASP 49) : 0.5034
Side Chain Topographical Entropy from corr. pLogP method (SER 50) : 2.0438
Side Chain Topographical Entropy from corr. pLogP method (ALA 51) : -0.0000
Side Chain Topographical Entropy from corr. pLogP method (PRO 52) : 9.7974
Side Chain Topographical Entropy from corr. pLogP method (ALA 53) : -0.0000
Side Chain Topographical Entropy from corr. pLogP method (THR 54) : 8.4864
Side Chain Topographical Entropy from corr. pLogP method (ASP 55) : 14.3705
Side Chain Topographical Entropy from corr. pLogP method (GLY 56) : -0.0000
Side Chain Topographical Entropy from corr. pLogP method (SER 57) : 3.5146
Side Chain Topographical Entropy from corr. pLogP method (GLY 58) : -0.0000
Side Chain Topographical Entropy from corr. pLogP method (THR 59) : -0.0000
Side Chain Topographical Entropy from corr. pLogP method (ALA 60) : -0.0000
Side Chain Topographical Entropy from corr. pLogP method (LEU 61) : 8.7026
Side Chain Topographical Entropy from corr. pLogP method (GLY 62) : -0.0000
Side Chain Topographical Entropy from corr. pLogP method (TRP 63) : -0.0000
Side Chain Topographical Entropy from corr. pLogP method (THR 64) : 0.5034
Side Chain Topographical Entropy from corr. pLogP method (VAL 65) : 0.0657
Side Chain Topographical Entropy from corr. pLogP method (ALA 66) : -0.0000
Side Chain Topographical Entropy from corr. pLogP method (TRP 67) : -0.0000
Side Chain Topographical Entropy from corr. pLogP method (LYS 68) : 11.7535
Side Chain Topographical Entropy from corr. pLogP method (ASN 69) : 5.7752
Side Chain Topographical Entropy from corr. pLogP method (ASN 70) : 14.1199
Side Chain Topographical Entropy from corr. pLogP method (TYR 71) : 8.1209
Side Chain Topographical Entropy from corr. pLogP method (ARG 72) : 9.6771
Side Chain Topographical Entropy from corr. pLogP method (ASN 73) : 6.4404
Side Chain Topographical Entropy from corr. pLogP method (ALA 74) : -0.0000
Side Chain Topographical Entropy from corr. pLogP method (HID 75) : 1.2058
Side Chain Topographical Entropy from corr. pLogP method (SER 76) : 3.4414
Side Chain Topographical Entropy from corr. pLogP method (ALA 77) : -0.0000
Side Chain Topographical Entropy from corr. pLogP method (THR 78) : -0.0000
Side Chain Topographical Entropy from corr. pLogP method (THR 79) : -0.0000
Side Chain Topographical Entropy from corr. pLogP method (TRP 80) : 1.7944
Side Chain Topographical Entropy from corr. pLogP method (SER 81) : -0.0000
Side Chain Topographical Entropy from corr. pLogP method (GLY 82) : -0.0000
Side Chain Topographical Entropy from corr. pLogP method (GLN 83) : 10.0125
Side Chain Topographical Entropy from corr. pLogP method (TYR 84) : -0.0000
Side Chain Topographical Entropy from corr. pLogP method (VAL 85) : 0.4270
Side Chain Topographical Entropy from corr. pLogP method (GLY 86) : -0.0000
Side Chain Topographical Entropy from corr. pLogP method (GLY 87) : -0.0000
Side Chain Topographical Entropy from corr. pLogP method (ALA 88) : -0.0000
Side Chain Topographical Entropy from corr. pLogP method (GLU 89) : 19.5773
Side Chain Topographical Entropy from corr. pLogP method (ALA 90) : -0.0000
Side Chain Topographical Entropy from corr. pLogP method (ARG 91) : 1.6645
Side Chain Topographical Entropy from corr. pLogP method (ILE 92) : 0.2897
Side Chain Topographical Entropy from corr. pLogP method (ASN 93) : 3.3979
Side Chain Topographical Entropy from corr. pLogP method (THR 94) : 0.0657
Side Chain Topographical Entropy from corr. pLogP method (GLN 95) : 8.9537
Side Chain Topographical Entropy from corr. pLogP method (TRP 96) : 0.8151
Side Chain Topographical Entropy from corr. pLogP method (LEU 97) : 0.0657
Side Chain Topographical Entropy from corr. pLogP method (LEU 98) : 0.3050
Side Chain Topographical Entropy from corr. pLogP method (THR 99) : -0.0000
Side Chain Topographical Entropy from corr. pLogP method (SER 100) : 6.2845
Side Chain Topographical Entropy from corr. pLogP method (GLY 101) : -0.0000
Side Chain Topographical Entropy from corr. pLogP method (THR 102) : 0.4270
Side Chain Topographical Entropy from corr. pLogP method (THR 103) : -0.0000
Side Chain Topographical Entropy from corr. pLogP method (GLU 104) : 16.4755
Side Chain Topographical Entropy from corr. pLogP method (ALA 105) : -0.0000
Side Chain Topographical Entropy from corr. pLogP method (ASN 106) : 2.4599
Side Chain Topographical Entropy from corr. pLogP method (ALA 107) : -0.0000
Side Chain Topographical Entropy from corr. pLogP method (TRP 108) : 5.8139
Side Chain Topographical Entropy from corr. pLogP method (LYS 109) : 9.4758
Side Chain Topographical Entropy from corr. pLogP method (SER 110) : 2.6318
Side Chain Topographical Entropy from corr. pLogP method (THR 111) : -0.0000
Side Chain Topographical Entropy from corr. pLogP method (LEU 112) : 0.7647
Side Chain Topographical Entropy from corr. pLogP method (VAL 113) : -0.0000
Side Chain Topographical Entropy from corr. pLogP method (GLY 114) : -0.0000
Side Chain Topographical Entropy from corr. pLogP method (HID 115) : 0.1315
Side Chain Topographical Entropy from corr. pLogP method (ASP 116) : 2.9901
Side Chain Topographical Entropy from corr. pLogP method (THR 117) : -0.0000
Side Chain Topographical Entropy from corr. pLogP method (PHE 118) : -0.0000
Side Chain Topographical Entropy from corr. pLogP method (THR 119) : 0.9104
Side Chain Topographical Entropy from corr. pLogP method (LYS 120) : 9.1807
Side Chain Topographical Entropy from corr. pLogP method (VAL 121) : -0.0000
Side Chain Topographical Entropy from corr. pLogP method (LYS 122) : 23.4655
Side Chain Topographical Entropy from corr. pLogP method (PRO 123) : 13.8865
Side Chain Topographical Entropy from corr. pLogP method (SER 124) : 0.5313
Side Chain Topographical Entropy from corr. pLogP method (ALA 125) : -0.0000
Side Chain Topographical Entropy from corr. pLogP method (ALA 126) : -0.0000
Side Chain Topographical Entropy from corr. pLogP method (CSER 127) : 7.0617
____________________________________________________________
Total SC Topog. Entropy (corr. pLogP)    :         454.133
------------------------------------------------------------
____________________________________________________________
Total BB Topog. Entropy (corr. pLogP)    :          18.759
------------------------------------------------------------
____________________________________________________________
Total Entropy                            :         472.892
------------------------------------------------------------
------------------------------------------------------------
Topographical entropy of residue side chains 
computed using all the dihedrals with correlation/pLogp formalism
------------------------------------------------------------
Side Chain Topographical Entropy from corr. pLogP method (NALA 1) : -0.0000
Side Chain Topographical Entropy from corr. pLogP method (GLU 2) : 20.1099
Side Chain Topographical Entropy from corr. pLogP method (ALA 3) : -0.0000
Side Chain Topographical Entropy from corr. pLogP method (GLY 4) : -0.0000
Side Chain Topographical Entropy from corr. pLogP method (ILE 5) : 2.1780
Side Chain Topographical Entropy from corr. pLogP method (THR 6) : -0.0000
Side Chain Topographical Entropy from corr. pLogP method (GLY 7) : -0.0000
Side Chain Topographical Entropy from corr. pLogP method (THR 8) : 5.0790
Side Chain Topographical Entropy from corr. pLogP method (TRP 9) : -0.0000
Side Chain Topographical Entropy from corr. pLogP method (TYR 10) : 3.6234
Side Chain Topographical Entropy from corr. pLogP method (ALA 11) : -0.0000
Side Chain Topographical Entropy from corr. pLogP method (GLN 12) : 19.7569
Side Chain Topographical Entropy from corr. pLogP method (LEU 13) : 4.1733
Side Chain Topographical Entropy from corr. pLogP method (GLY 14) : -0.0000
Side Chain Topographical Entropy from corr. pLogP method (SER 15) : 0.9414
Side Chain Topographical Entropy from corr. pLogP method (THR 16) : 1.1687
Side Chain Topographical Entropy from corr. pLogP method (PHE 17) : 7.6066
Side Chain Topographical Entropy from corr. pLogP method (ILE 18) : 4.4312
Side Chain Topographical Entropy from corr. pLogP method (VAL 19) : 6.3935
Side Chain Topographical Entropy from corr. pLogP method (THR 20) : 5.8612
Side Chain Topographical Entropy from corr. pLogP method (ALA 21) : -0.0000
Side Chain Topographical Entropy from corr. pLogP method (GLY 22) : -0.0000
Side Chain Topographical Entropy from corr. pLogP method (ALA 23) : -0.0000
Side Chain Topographical Entropy from corr. pLogP method (ASP 24) : 14.4020
Side Chain Topographical Entropy from corr. pLogP method (GLY 25) : -0.0000
Side Chain Topographical Entropy from corr. pLogP method (ALA 26) : -0.0000
Side Chain Topographical Entropy from corr. pLogP method (LEU 27) : 7.8428
Side Chain Topographical Entropy from corr. pLogP method (THR 28) : 5.8127
Side Chain Topographical Entropy from corr. pLogP method (GLY 29) : -0.0000
Side Chain Topographical Entropy from corr. pLogP method (THR 30) : 6.6511
Side Chain Topographical Entropy from corr. pLogP method (TYR 31) : 7.2432
Side Chain Topographical Entropy from corr. pLogP method (GLU 32) : 17.5279
Side Chain Topographical Entropy from corr. pLogP method (SER 33) : 7.7635
Side Chain Topographical Entropy from corr. pLogP method (ALA 34) : -0.0000
Side Chain Topographical Entropy from corr. pLogP method (VAL 35) : 8.4836
Side Chain Topographical Entropy from corr. pLogP method (GLY 36) : -0.0000
Side Chain Topographical Entropy from corr. pLogP method (ASN 37) : 10.5774
Side Chain Topographical Entropy from corr. pLogP method (ALA 38) : -0.0000
Side Chain Topographical Entropy from corr. pLogP method (GLU 39) : 20.7087
Side Chain Topographical Entropy from corr. pLogP method (SER 40) : 4.8322
Side Chain Topographical Entropy from corr. pLogP method (ARG 41) : 11.3435
Side Chain Topographical Entropy from corr. pLogP method (TYR 42) : 0.0657
Side Chain Topographical Entropy from corr. pLogP method (VAL 43) : 1.0619
Side Chain Topographical Entropy from corr. pLogP method (LEU 44) : 1.1625
Side Chain Topographical Entropy from corr. pLogP method (THR 45) : 5.7534
Side Chain Topographical Entropy from corr. pLogP method (GLY 46) : -0.0000
Side Chain Topographical Entropy from corr. pLogP method (ARG 47) : 5.9604
Side Chain Topographical Entropy from corr. pLogP method (TYR 48) : 3.0825
Side Chain Topographical Entropy from corr. pLogP method (ASP 49) : 0.7826
Side Chain Topographical Entropy from corr. pLogP method (SER 50) : 1.1496
Side Chain Topographical Entropy from corr. pLogP method (ALA 51) : -0.0000
Side Chain Topographical Entropy from corr. pLogP method (PRO 52) : 8.5951
Side Chain Topographical Entropy from corr. pLogP method (ALA 53) : -0.0000
Side Chain Topographical Entropy from corr. pLogP method (THR 54) : 5.7416
Side Chain Topographical Entropy from corr. pLogP method (ASP 55) : 6.7371
Side Chain Topographical Entropy from corr. pLogP method (GLY 56) : -0.0000
Side Chain Topographical Entropy from corr. pLogP method (SER 57) : 1.2614
Side Chain Topographical Entropy from corr. pLogP method (GLY 58) : -0.0000
Side Chain Topographical Entropy from corr. pLogP method (THR 59) : -0.0000
Side Chain Topographical Entropy from corr. pLogP method (ALA 60) : -0.0000
Side Chain Topographical Entropy from corr. pLogP method (LEU 61) : 5.0851
Side Chain Topographical Entropy from corr. pLogP method (GLY 62) : -0.0000
Side Chain Topographical Entropy from corr. pLogP method (TRP 63) : -0.0000
Side Chain Topographical Entropy from corr. pLogP method (THR 64) : 2.8109
Side Chain Topographical Entropy from corr. pLogP method (VAL 65) : -0.0000
Side Chain Topographical Entropy from corr. pLogP method (ALA 66) : -0.0000
Side Chain Topographical Entropy from corr. pLogP method (TRP 67) : -0.0000
Side Chain Topographical Entropy from corr. pLogP method (LYS 68) : 14.5699
Side Chain Topographical Entropy from corr. pLogP method (ASN 69) : 5.7631
Side Chain Topographical Entropy from corr. pLogP method (ASN 70) : 13.1979
Side Chain Topographical Entropy from corr. pLogP method (TYR 71) : 5.5957
Side Chain Topographical Entropy from corr. pLogP method (ARG 72) : 16.2923
Side Chain Topographical Entropy from corr. pLogP method (ASN 73) : 0.1200
Side Chain Topographical Entropy from corr. pLogP method (ALA 74) : -0.0000
Side Chain Topographical Entropy from corr. pLogP method (HID 75) : 0.3816
Side Chain Topographical Entropy from corr. pLogP method (SER 76) : 5.0310
Side Chain Topographical Entropy from corr. pLogP method (ALA 77) : -0.0000
Side Chain Topographical Entropy from corr. pLogP method (THR 78) : -0.0000
Side Chain Topographical Entropy from corr. pLogP method (THR 79) : 0.2355
Side Chain Topographical Entropy from corr. pLogP method (TRP 80) : 2.1303
Side Chain Topographical Entropy from corr. pLogP method (SER 81) : 0.0657
Side Chain Topographical Entropy from corr. pLogP method (GLY 82) : -0.0000
Side Chain Topographical Entropy from corr. pLogP method (GLN 83) : 5.7529
Side Chain Topographical Entropy from corr. pLogP method (TYR 84) : -0.0000
Side Chain Topographical Entropy from corr. pLogP method (VAL 85) : 0.8790
Side Chain Topographical Entropy from corr. pLogP method (GLY 86) : -0.0000
Side Chain Topographical Entropy from corr. pLogP method (GLY 87) : -0.0000
Side Chain Topographical Entropy from corr. pLogP method (ALA 88) : -0.0000
Side Chain Topographical Entropy from corr. pLogP method (GLU 89) : 17.1939
Side Chain Topographical Entropy from corr. pLogP method (ALA 90) : -0.0000
Side Chain Topographical Entropy from corr. pLogP method (ARG 91) : 7.5537
Side Chain Topographical Entropy from corr. pLogP method (ILE 92) : 0.6911
Side Chain Topographical Entropy from corr. pLogP method (ASN 93) : 2.5761
Side Chain Topographical Entropy from corr. pLogP method (THR 94) : 0.1698
Side Chain Topographical Entropy from corr. pLogP method (GLN 95) : 10.2567
Side Chain Topographical Entropy from corr. pLogP method (TRP 96) : 0.9104
Side Chain Topographical Entropy from corr. pLogP method (LEU 97) : -0.0000
Side Chain Topographical Entropy from corr. pLogP method (LEU 98) : 4.2943
Side Chain Topographical Entropy from corr. pLogP method (THR 99) : -0.0000
Side Chain Topographical Entropy from corr. pLogP method (SER 100) : 6.9204
Side Chain Topographical Entropy from corr. pLogP method (GLY 101) : -0.0000
Side Chain Topographical Entropy from corr. pLogP method (THR 102) : -0.0000
Side Chain Topographical Entropy from corr. pLogP method (THR 103) : -0.0000
Side Chain Topographical Entropy from corr. pLogP method (GLU 104) : 22.7037
Side Chain Topographical Entropy from corr. pLogP method (ALA 105) : -0.0000
Side Chain Topographical Entropy from corr. pLogP method (ASN 106) : 2.4769
Side Chain Topographical Entropy from corr. pLogP method (ALA 107) : -0.0000
Side Chain Topographical Entropy from corr. pLogP method (TRP 108) : 5.6860
Side Chain Topographical Entropy from corr. pLogP method (LYS 109) : 9.6129
Side Chain Topographical Entropy from corr. pLogP method (SER 110) : 4.7660
Side Chain Topographical Entropy from corr. pLogP method (THR 111) : 0.0657
Side Chain Topographical Entropy from corr. pLogP method (LEU 112) : 1.8971
Side Chain Topographical Entropy from corr. pLogP method (VAL 113) : -0.0000
Side Chain Topographical Entropy from corr. pLogP method (GLY 114) : -0.0000
Side Chain Topographical Entropy from corr. pLogP method (HID 115) : -0.0000
Side Chain Topographical Entropy from corr. pLogP method (ASP 116) : 8.0622
Side Chain Topographical Entropy from corr. pLogP method (THR 117) : -0.0000
Side Chain Topographical Entropy from corr. pLogP method (PHE 118) : -0.0000
Side Chain Topographical Entropy from corr. pLogP method (THR 119) : 5.3408
Side Chain Topographical Entropy from corr. pLogP method (LYS 120) : 10.9068
Side Chain Topographical Entropy from corr. pLogP method (VAL 121) : 6.0698
Side Chain Topographical Entropy from corr. pLogP method (LYS 122) : 24.3361
Side Chain Topographical Entropy from corr. pLogP method (PRO 123) : 13.2158
Side Chain Topographical Entropy from corr. pLogP method (SER 124) : 1.1081
Side Chain Topographical Entropy from corr. pLogP method (ALA 125) : -0.0000
Side Chain Topographical Entropy from corr. pLogP method (ALA 126) : -0.0000
Side Chain Topographical Entropy from corr. pLogP method (CSER 127) : 4.0374
____________________________________________________________
Total SC Topog. Entropy (corr. pLogP)    :         494.628
------------------------------------------------------------
____________________________________________________________
Total BB Topog. Entropy (corr. pLogP)    :          18.549
------------------------------------------------------------
____________________________________________________________
Total Entropy                            :         513.178
------------------------------------------------------------
------------------------------------------------------------
Topographical entropy of residue side chains 
computed using all the dihedrals with correlation/pLogp formalism
------------------------------------------------------------
Side Chain Topographical Entropy from corr. pLogP method (NALA 1) : -0.0000
Side Chain Topographical Entropy from corr. pLogP method (GLU 2) : 20.7998
Side Chain Topographical Entropy from corr. pLogP method (ALA 3) : -0.0000
Side Chain Topographical Entropy from corr. pLogP method (GLY 4) : -0.0000
Side Chain Topographical Entropy from corr. pLogP method (ILE 5) : 11.2986
Side Chain Topographical Entropy from corr. pLogP method (THR 6) : -0.0000
Side Chain Topographical Entropy from corr. pLogP method (GLY 7) : -0.0000
Side Chain Topographical Entropy from corr. pLogP method (THR 8) : 2.8934
Side Chain Topographical Entropy from corr. pLogP method (TRP 9) : -0.0000
Side Chain Topographical Entropy from corr. pLogP method (TYR 10) : 5.7627
Side Chain Topographical Entropy from corr. pLogP method (ALA 11) : -0.0000
Side Chain Topographical Entropy from corr. pLogP method (GLN 12) : 19.6776
Side Chain Topographical Entropy from corr. pLogP method (LEU 13) : 6.8881
Side Chain Topographical Entropy from corr. pLogP method (GLY 14) : -0.0000
Side Chain Topographical Entropy from corr. pLogP method (SER 15) : 3.0324
Side Chain Topographical Entropy from corr. pLogP method (THR 16) : 0.0657
Side Chain Topographical Entropy from corr. pLogP method (PHE 17) : 7.4562
Side Chain Topographical Entropy from corr. pLogP method (ILE 18) : 0.9263
Side Chain Topographical Entropy from corr. pLogP method (VAL 19) : 6.7205
Side Chain Topographical Entropy from corr. pLogP method (THR 20) : 6.9555
Side Chain Topographical Entropy from corr. pLogP method (ALA 21) : -0.0000
Side Chain Topographical Entropy from corr. pLogP method (GLY 22) : -0.0000
Side Chain Topographical Entropy from corr. pLogP method (ALA 23) : -0.0000
Side Chain Topographical Entropy from corr. pLogP method (ASP 24) : 14.6054
Side Chain Topographical Entropy from corr. pLogP method (GLY 25) : -0.0000
Side Chain Topographical Entropy from corr. pLogP method (ALA 26) : -0.0000
Side Chain Topographical Entropy from corr. pLogP method (LEU 27) : 7.1418
Side Chain Topographical Entropy from corr. pLogP method (THR 28) : 3.8113
Side Chain Topographical Entropy from corr. pLogP method (GLY 29) : -0.0000
Side Chain Topographical Entropy from corr. pLogP method (THR 30) : -0.0000
Side Chain Topographical Entropy from corr. pLogP method (TYR 31) : 8.4554
Side Chain Topographical Entropy from corr. pLogP method (GLU 32) : 7.4960
Side Chain Topographical Entropy from corr. pLogP method (SER 33) : 7.4490
Side Chain Topographical Entropy from corr. pLogP method (ALA 34) : -0.0000
Side Chain Topographical Entropy from corr. pLogP method (VAL 35) : 1.7536
Side Chain Topographical Entropy from corr. pLogP method (GLY 36) : -0.0000
Side Chain Topographical Entropy from corr. pLogP method (ASN 37) : 8.3194
Side Chain Topographical Entropy from corr. pLogP method (ALA 38) : -0.0000
Side Chain Topographical Entropy from corr. pLogP method (GLU 39) : 19.4739
Side Chain Topographical Entropy from corr. pLogP method (SER 40) : 5.0971
Side Chain Topographical Entropy from corr. pLogP method (ARG 41) : 0.4024
Side Chain Topographical Entropy from corr. pLogP method (TYR 42) : -0.0000
Side Chain Topographical Entropy from corr. pLogP method (VAL 43) : -0.0000
Side Chain Topographical Entropy from corr. pLogP method (LEU 44) : 0.1200
Side Chain Topographical Entropy from corr. pLogP method (THR 45) : 5.2960
Side Chain Topographical Entropy from corr. pLogP method (GLY 46) : -0.0000
Side Chain Topographical Entropy from corr. pLogP method (ARG 47) : 0.3707
Side Chain Topographical Entropy from corr. pLogP method (TYR 48) : 5.1159
Side Chain Topographical Entropy from corr. pLogP method (ASP 49) : 0.3468
Side Chain Topographical Entropy from corr. pLogP method (SER 50) : 0.8078
Side Chain Topographical Entropy from corr. pLogP method (ALA 51) : -0.0000
Side Chain Topographical Entropy from corr. pLogP method (PRO 52) : 9.0186
Side Chain Topographical Entropy from corr. pLogP method (ALA 53) : -0.0000
Side Chain Topographical Entropy from corr. pLogP method (THR 54) : 4.6664
Side Chain Topographical Entropy from corr. pLogP method (ASP 55) : 6.9228
Side Chain Topographical Entropy from corr. pLogP method (GLY 56) : -0.0000
Side Chain Topographical Entropy from corr. pLogP method (SER 57) : 1.7508
Side Chain Topographical Entropy from corr. pLogP method (GLY 58) : -0.0000
Side Chain Topographical Entropy from corr. pLogP method (THR 59) : -0.0000
Side Chain Topographical Entropy from corr. pLogP method (ALA 60) : -0.0000
Side Chain Topographical Entropy from corr. pLogP method (LEU 61) : -0.0000
Side Chain Topographical Entropy from corr. pLogP method (GLY 62) : -0.0000
Side Chain Topographical Entropy from corr. pLogP method (TRP 63) : -0.0000
Side Chain Topographical Entropy from corr. pLogP method (THR 64) : 4.2162
Side Chain Topographical Entropy from corr. pLogP method (VAL 65) : -0.0000
Side Chain Topographical Entropy from corr. pLogP method (ALA 66) : -0.0000
Side Chain Topographical Entropy from corr. pLogP method (TRP 67) : -0.0000
Side Chain Topographical Entropy from corr. pLogP method (LYS 68) : 12.5877
Side Chain Topographical Entropy from corr. pLogP method (ASN 69) : 5.4517
Side Chain Topographical Entropy from corr. pLogP method (ASN 70) : 13.1405
Side Chain Topographical Entropy from corr. pLogP method (TYR 71) : 4.8397
Side Chain Topographical Entropy from corr. pLogP method (ARG 72) : 8.5751
Side Chain Topographical Entropy from corr. pLogP method (ASN 73) : 0.0657
Side Chain Topographical Entropy from corr. pLogP method (ALA 74) : -0.0000
Side Chain Topographical Entropy from corr. pLogP method (HID 75) : 0.2168
Side Chain Topographical Entropy from corr. pLogP method (SER 76) : 4.2785
Side Chain Topographical Entropy from corr. pLogP method (ALA 77) : -0.0000
Side Chain Topographical Entropy from corr. pLogP method (THR 78) : -0.0000
Side Chain Topographical Entropy from corr. pLogP method (THR 79) : -0.0000
Side Chain Topographical Entropy from corr. pLogP method (TRP 80) : 2.3178
Side Chain Topographical Entropy from corr. pLogP method (SER 81) : 0.2168
Side Chain Topographical Entropy from corr. pLogP method (GLY 82) : -0.0000
Side Chain Topographical Entropy from corr. pLogP method (GLN 83) : 8.0944
Side Chain Topographical Entropy from corr. pLogP method (TYR 84) : -0.0000
Side Chain Topographical Entropy from corr. pLogP method (VAL 85) : 2.2725
Side Chain Topographical Entropy from corr. pLogP method (GLY 86) : -0.0000
Side Chain Topographical Entropy from corr. pLogP method (GLY 87) : -0.0000
Side Chain Topographical Entropy from corr. pLogP method (ALA 88) : -0.0000
Side Chain Topographical Entropy from corr. pLogP method (GLU 89) : 23.1664
Side Chain Topographical Entropy from corr. pLogP method (ALA 90) : -0.0000
Side Chain Topographical Entropy from corr. pLogP method (ARG 91) : 13.3794
Side Chain Topographical Entropy from corr. pLogP method (ILE 92) : 2.3770
Side Chain Topographical Entropy from corr. pLogP method (ASN 93) : 9.5570
Side Chain Topographical Entropy from corr. pLogP method (THR 94) : -0.0000
Side Chain Topographical Entropy from corr. pLogP method (GLN 95) : 6.3911
Side Chain Topographical Entropy from corr. pLogP method (TRP 96) : 0.3468
Side Chain Topographical Entropy from corr. pLogP method (LEU 97) : -0.0000
Side Chain Topographical Entropy from corr. pLogP method (LEU 98) : 2.9892
Side Chain Topographical Entropy from corr. pLogP method (THR 99) : -0.0000
Side Chain Topographical Entropy from corr. pLogP method (SER 100) : 6.6462
Side Chain Topographical Entropy from corr. pLogP method (GLY 101) : -0.0000
Side Chain Topographical Entropy from corr. pLogP method (THR 102) : 2.5727
Side Chain Topographical Entropy from corr. pLogP method (THR 103) : -0.0000
Side Chain Topographical Entropy from corr. pLogP method (GLU 104) : 21.9765
Side Chain Topographical Entropy from corr. pLogP method (ALA 105) : -0.0000
Side Chain Topographical Entropy from corr. pLogP method (ASN 106) : 3.8611
Side Chain Topographical Entropy from corr. pLogP method (ALA 107) : -0.0000
Side Chain Topographical Entropy from corr. pLogP method (TRP 108) : 5.9371
Side Chain Topographical Entropy from corr. pLogP method (LYS 109) : 14.5726
Side Chain Topographical Entropy from corr. pLogP method (SER 110) : 0.5768
Side Chain Topographical Entropy from corr. pLogP method (THR 111) : 0.1200
Side Chain Topographical Entropy from corr. pLogP method (LEU 112) : 1.2620
Side Chain Topographical Entropy from corr. pLogP method (VAL 113) : -0.0000
Side Chain Topographical Entropy from corr. pLogP method (GLY 114) : -0.0000
Side Chain Topographical Entropy from corr. pLogP method (HID 115) : 6.7465
Side Chain Topographical Entropy from corr. pLogP method (ASP 116) : 9.8555
Side Chain Topographical Entropy from corr. pLogP method (THR 117) : 0.2897
Side Chain Topographical Entropy from corr. pLogP method (PHE 118) : 0.1200
Side Chain Topographical Entropy from corr. pLogP method (THR 119) : 4.2733
Side Chain Topographical Entropy from corr. pLogP method (LYS 120) : 9.0030
Side Chain Topographical Entropy from corr. pLogP method (VAL 121) : 0.0657
Side Chain Topographical Entropy from corr. pLogP method (LYS 122) : 22.8743
Side Chain Topographical Entropy from corr. pLogP method (PRO 123) : 14.1562
Side Chain Topographical Entropy from corr. pLogP method (SER 124) : 5.1546
Side Chain Topographical Entropy from corr. pLogP method (ALA 125) : -0.0000
Side Chain Topographical Entropy from corr. pLogP method (ALA 126) : -0.0000
Side Chain Topographical Entropy from corr. pLogP method (CSER 127) : 3.2383
____________________________________________________________
Total SC Topog. Entropy (corr. pLogP)    :         468.680
------------------------------------------------------------
____________________________________________________________
Total BB Topog. Entropy (corr. pLogP)    :          19.556
------------------------------------------------------------
____________________________________________________________
Total Entropy                            :         488.236
------------------------------------------------------------
