------------------------------------------------------------
Topographical entropy of residue side chains 
computed using all the dihedrals with correlation/pLogp formalism
------------------------------------------------------------
Side Chain Topographical Entropy from corr. pLogP method (NALA 1) : -0.0000
Side Chain Topographical Entropy from corr. pLogP method (GLU 2) : 21.8067
Side Chain Topographical Entropy from corr. pLogP method (ALA 3) : -0.0000
Side Chain Topographical Entropy from corr. pLogP method (GLY 4) : -0.0000
Side Chain Topographical Entropy from corr. pLogP method (ILE 5) : 1.4972
Side Chain Topographical Entropy from corr. pLogP method (THR 6) : -0.0000
Side Chain Topographical Entropy from corr. pLogP method (GLY 7) : -0.0000
Side Chain Topographical Entropy from corr. pLogP method (THR 8) : 0.1069
Side Chain Topographical Entropy from corr. pLogP method (TRP 9) : -0.0000
Side Chain Topographical Entropy from corr. pLogP method (TYR 10) : 5.2616
Side Chain Topographical Entropy from corr. pLogP method (ALA 11) : -0.0000
Side Chain Topographical Entropy from corr. pLogP method (GLN 12) : 20.4487
Side Chain Topographical Entropy from corr. pLogP method (LEU 13) : 8.6194
Side Chain Topographical Entropy from corr. pLogP method (GLY 14) : -0.0000
Side Chain Topographical Entropy from corr. pLogP method (SER 15) : 8.0555
Side Chain Topographical Entropy from corr. pLogP method (THR 16) : 0.1698
Side Chain Topographical Entropy from corr. pLogP method (PHE 17) : 1.1468
Side Chain Topographical Entropy from corr. pLogP method (ILE 18) : 9.1713
Side Chain Topographical Entropy from corr. pLogP method (VAL 19) : 1.7885
Side Chain Topographical Entropy from corr. pLogP method (THR 20) : 1.7145
Side Chain Topographical Entropy from corr. pLogP method (ALA 21) : -0.0000
Side Chain Topographical Entropy from corr. pLogP method (GLY 22) : -0.0000
Side Chain Topographical Entropy from corr. pLogP method (ALA 23) : -0.0000
Side Chain Topographical Entropy from corr. pLogP method (ASP 24) : 13.0838
Side Chain Topographical Entropy from corr. pLogP method (GLY 25) : -0.0000
Side Chain Topographical Entropy from corr. pLogP method (ALA 26) : -0.0000
Side Chain Topographical Entropy from corr. pLogP method (LEU 27) : 9.0529
Side Chain Topographical Entropy from corr. pLogP method (THR 28) : 8.3758
Side Chain Topographical Entropy from corr. pLogP method (GLY 29) : -0.0000
Side Chain Topographical Entropy from corr. pLogP method (THR 30) : 4.7684
Side Chain Topographical Entropy from corr. pLogP method (TYR 31) : 6.7909
Side Chain Topographical Entropy from corr. pLogP method (GLU 32) : 15.3943
Side Chain Topographical Entropy from corr. pLogP method (SER 33) : 3.7832
Side Chain Topographical Entropy from corr. pLogP method (ALA 34) : -0.0000
Side Chain Topographical Entropy from corr. pLogP method (VAL 35) : 7.0091
Side Chain Topographical Entropy from corr. pLogP method (GLY 36) : -0.0000
Side Chain Topographical Entropy from corr. pLogP method (ASN 37) : 14.5688
Side Chain Topographical Entropy from corr. pLogP method (ALA 38) : -0.0000
Side Chain Topographical Entropy from corr. pLogP method (GLU 39) : 17.7918
Side Chain Topographical Entropy from corr. pLogP method (SER 40) : 8.9350
Side Chain Topographical Entropy from corr. pLogP method (ARG 41) : 5.9040
Side Chain Topographical Entropy from corr. pLogP method (TYR 42) : 0.0193
Side Chain Topographical Entropy from corr. pLogP method (VAL 43) : 0.7998
Side Chain Topographical Entropy from corr. pLogP method (LEU 44) : 2.0183
Side Chain Topographical Entropy from corr. pLogP method (THR 45) : 6.1730
Side Chain Topographical Entropy from corr. pLogP method (GLY 46) : -0.0000
Side Chain Topographical Entropy from corr. pLogP method (ARG 47) : 0.0799
Side Chain Topographical Entropy from corr. pLogP method (TYR 48) : 5.1412
Side Chain Topographical Entropy from corr. pLogP method (ASP 49) : 5.7560
Side Chain Topographical Entropy from corr. pLogP method (SER 50) : 0.2767
Side Chain Topographical Entropy from corr. pLogP method (ALA 51) : -0.0000
Side Chain Topographical Entropy from corr. pLogP method (PRO 52) : 12.8571
Side Chain Topographical Entropy from corr. pLogP method (ALA 53) : -0.0000
Side Chain Topographical Entropy from corr. pLogP method (THR 54) : 5.8754
Side Chain Topographical Entropy from corr. pLogP method (ASP 55) : 7.3800
Side Chain Topographical Entropy from corr. pLogP method (GLY 56) : -0.0000
Side Chain Topographical Entropy from corr. pLogP method (SER 57) : 4.2883
Side Chain Topographical Entropy from corr. pLogP method (GLY 58) : -0.0000
Side Chain Topographical Entropy from corr. pLogP method (THR 59) : 0.4367
Side Chain Topographical Entropy from corr. pLogP method (ALA 60) : -0.0000
Side Chain Topographical Entropy from corr. pLogP method (LEU 61) : 6.4526
Side Chain Topographical Entropy from corr. pLogP method (GLY 62) : -0.0000
Side Chain Topographical Entropy from corr. pLogP method (TRP 63) : -0.0000
Side Chain Topographical Entropy from corr. pLogP method (THR 64) : -0.0000
Side Chain Topographical Entropy from corr. pLogP method (VAL 65) : 0.5678
Side Chain Topographical Entropy from corr. pLogP method (ALA 66) : -0.0000
Side Chain Topographical Entropy from corr. pLogP method (TRP 67) : -0.0000
Side Chain Topographical Entropy from corr. pLogP method (LYS 68) : 14.2299
Side Chain Topographical Entropy from corr. pLogP method (ASN 69) : 10.3742
Side Chain Topographical Entropy from corr. pLogP method (ASN 70) : 13.8933
Side Chain Topographical Entropy from corr. pLogP method (TYR 71) : 14.2681
Side Chain Topographical Entropy from corr. pLogP method (ARG 72) : 15.9961
Side Chain Topographical Entropy from corr. pLogP method (ASN 73) : 7.8480
Side Chain Topographical Entropy from corr. pLogP method (ALA 74) : -0.0000
Side Chain Topographical Entropy from corr. pLogP method (HID 75) : 2.2238
Side Chain Topographical Entropy from corr. pLogP method (SER 76) : 0.6744
Side Chain Topographical Entropy from corr. pLogP method (ALA 77) : -0.0000
Side Chain Topographical Entropy from corr. pLogP method (THR 78) : -0.0000
Side Chain Topographical Entropy from corr. pLogP method (THR 79) : -0.0000
Side Chain Topographical Entropy from corr. pLogP method (TRP 80) : 1.3765
Side Chain Topographical Entropy from corr. pLogP method (SER 81) : 3.9085
Side Chain Topographical Entropy from corr. pLogP method (GLY 82) : -0.0000
Side Chain Topographical Entropy from corr. pLogP method (GLN 83) : 9.7537
Side Chain Topographical Entropy from corr. pLogP method (TYR 84) : -0.0000
Side Chain Topographical Entropy from corr. pLogP method (VAL 85) : 1.2525
Side Chain Topographical Entropy from corr. pLogP method (GLY 86) : -0.0000
Side Chain Topographical Entropy from corr. pLogP method (GLY 87) : -0.0000
Side Chain Topographical Entropy from corr. pLogP method (ALA 88) : -0.0000
Side Chain Topographical Entropy from corr. pLogP method (GLU 89) : 21.9291
Side Chain Topographical Entropy from corr. pLogP method (ALA 90) : -0.0000
Side Chain Topographical Entropy from corr. pLogP method (ARG 91) : 13.1147
Side Chain Topographical Entropy from corr. pLogP method (ILE 92) : 0.2891
Side Chain Topographical Entropy from corr. pLogP method (ASN 93) : 7.8426
Side Chain Topographical Entropy from corr. pLogP method (THR 94) : 0.0193
Side Chain Topographical Entropy from corr. pLogP method (GLN 95) : 3.5069
Side Chain Topographical Entropy from corr. pLogP method (TRP 96) : 0.9182
Side Chain Topographical Entropy from corr. pLogP method (LEU 97) : 5.7023
Side Chain Topographical Entropy from corr. pLogP method (LEU 98) : 0.5013
Side Chain Topographical Entropy from corr. pLogP method (THR 99) : 0.0193
Side Chain Topographical Entropy from corr. pLogP method (SER 100) : 7.6476
Side Chain Topographical Entropy from corr. pLogP method (GLY 101) : -0.0000
Side Chain Topographical Entropy from corr. pLogP method (THR 102) : 1.8526
Side Chain Topographical Entropy from corr. pLogP method (THR 103) : -0.0000
Side Chain Topographical Entropy from corr. pLogP method (GLU 104) : 23.8830
Side Chain Topographical Entropy from corr. pLogP method (ALA 105) : -0.0000
Side Chain Topographical Entropy from corr. pLogP method (ASN 106) : 3.1315
Side Chain Topographical Entropy from corr. pLogP method (ALA 107) : -0.0000
Side Chain Topographical Entropy from corr. pLogP method (TRP 108) : 5.7690
Side Chain Topographical Entropy from corr. pLogP method (LYS 109) : 12.2500
Side Chain Topographical Entropy from corr. pLogP method (SER 110) : 0.8336
Side Chain Topographical Entropy from corr. pLogP method (THR 111) : 0.0511
Side Chain Topographical Entropy from corr. pLogP method (LEU 112) : 4.1827
Side Chain Topographical Entropy from corr. pLogP method (VAL 113) : -0.0000
Side Chain Topographical Entropy from corr. pLogP method (GLY 114) : -0.0000
Side Chain Topographical Entropy from corr. pLogP method (HID 115) : 7.8945
Side Chain Topographical Entropy from corr. pLogP method (ASP 116) : 6.8851
Side Chain Topographical Entropy from corr. pLogP method (THR 117) : 4.5599
Side Chain Topographical Entropy from corr. pLogP method (PHE 118) : -0.0000
Side Chain Topographical Entropy from corr. pLogP method (THR 119) : 5.8149
Side Chain Topographical Entropy from corr. pLogP method (LYS 120) : 15.2729
Side Chain Topographical Entropy from corr. pLogP method (VAL 121) : 7.0674
Side Chain Topographical Entropy from corr. pLogP method (LYS 122) : 18.1723
Side Chain Topographical Entropy from corr. pLogP method (PRO 123) : 14.1330
Side Chain Topographical Entropy from corr. pLogP method (SER 124) : 8.1200
Side Chain Topographical Entropy from corr. pLogP method (ALA 125) : -0.0000
Side Chain Topographical Entropy from corr. pLogP method (ALA 126) : -0.0000
Side Chain Topographical Entropy from corr. pLogP method (CSER 127) : 5.0609
____________________________________________________________
Total SC Topog. Entropy (corr. pLogP)    :         555.591
------------------------------------------------------------
____________________________________________________________
Total BB Topog. Entropy (corr. pLogP)    :          19.396
------------------------------------------------------------
____________________________________________________________
Total Entropy                            :         574.987
------------------------------------------------------------
