------------------------------------------------------------
Topographical entropy of residue side chains 
computed using all the dihedrals with correlation/pLogp formalism
------------------------------------------------------------
Side Chain Topographical Entropy from corr. pLogP method (NALA 1) : -0.0000
Side Chain Topographical Entropy from corr. pLogP method (GLU 2) : 22.8738
Side Chain Topographical Entropy from corr. pLogP method (ALA 3) : -0.0000
Side Chain Topographical Entropy from corr. pLogP method (GLY 4) : -0.0000
Side Chain Topographical Entropy from corr. pLogP method (ILE 5) : 4.0736
Side Chain Topographical Entropy from corr. pLogP method (THR 6) : 0.5313
Side Chain Topographical Entropy from corr. pLogP method (GLY 7) : -0.0000
Side Chain Topographical Entropy from corr. pLogP method (THR 8) : 0.3874
Side Chain Topographical Entropy from corr. pLogP method (TRP 9) : -0.0000
Side Chain Topographical Entropy from corr. pLogP method (TYR 10) : 5.1850
Side Chain Topographical Entropy from corr. pLogP method (ALA 11) : -0.0000
Side Chain Topographical Entropy from corr. pLogP method (GLN 12) : 21.7664
Side Chain Topographical Entropy from corr. pLogP method (LEU 13) : 7.5989
Side Chain Topographical Entropy from corr. pLogP method (GLY 14) : -0.0000
Side Chain Topographical Entropy from corr. pLogP method (SER 15) : 7.4398
Side Chain Topographical Entropy from corr. pLogP method (THR 16) : 6.4163
Side Chain Topographical Entropy from corr. pLogP method (PHE 17) : 0.8100
Side Chain Topographical Entropy from corr. pLogP method (ILE 18) : 7.4016
Side Chain Topographical Entropy from corr. pLogP method (VAL 19) : 6.2980
Side Chain Topographical Entropy from corr. pLogP method (THR 20) : 6.7943
Side Chain Topographical Entropy from corr. pLogP method (ALA 21) : -0.0000
Side Chain Topographical Entropy from corr. pLogP method (GLY 22) : -0.0000
Side Chain Topographical Entropy from corr. pLogP method (ALA 23) : -0.0000
Side Chain Topographical Entropy from corr. pLogP method (ASP 24) : 15.3400
Side Chain Topographical Entropy from corr. pLogP method (GLY 25) : -0.0000
Side Chain Topographical Entropy from corr. pLogP method (ALA 26) : -0.0000
Side Chain Topographical Entropy from corr. pLogP method (LEU 27) : 10.6737
Side Chain Topographical Entropy from corr. pLogP method (THR 28) : 6.9294
Side Chain Topographical Entropy from corr. pLogP method (GLY 29) : -0.0000
Side Chain Topographical Entropy from corr. pLogP method (THR 30) : 8.7529
Side Chain Topographical Entropy from corr. pLogP method (TYR 31) : 3.0907
Side Chain Topographical Entropy from corr. pLogP method (GLU 32) : 15.3450
Side Chain Topographical Entropy from corr. pLogP method (SER 33) : 7.8566
Side Chain Topographical Entropy from corr. pLogP method (ALA 34) : -0.0000
Side Chain Topographical Entropy from corr. pLogP method (VAL 35) : 7.3573
Side Chain Topographical Entropy from corr. pLogP method (GLY 36) : -0.0000
Side Chain Topographical Entropy from corr. pLogP method (ASN 37) : 9.9846
Side Chain Topographical Entropy from corr. pLogP method (ALA 38) : -0.0000
Side Chain Topographical Entropy from corr. pLogP method (GLU 39) : 21.2804
Side Chain Topographical Entropy from corr. pLogP method (SER 40) : 5.8208
Side Chain Topographical Entropy from corr. pLogP method (ARG 41) : 10.6692
Side Chain Topographical Entropy from corr. pLogP method (TYR 42) : 0.0657
Side Chain Topographical Entropy from corr. pLogP method (VAL 43) : 1.2494
Side Chain Topographical Entropy from corr. pLogP method (LEU 44) : 1.1862
Side Chain Topographical Entropy from corr. pLogP method (THR 45) : 3.0698
Side Chain Topographical Entropy from corr. pLogP method (GLY 46) : -0.0000
Side Chain Topographical Entropy from corr. pLogP method (ARG 47) : 0.3050
Side Chain Topographical Entropy from corr. pLogP method (TYR 48) : 3.8938
Side Chain Topographical Entropy from corr. pLogP method (ASP 49) : 6.3208
Side Chain Topographical Entropy from corr. pLogP method (SER 50) : 2.4670
Side Chain Topographical Entropy from corr. pLogP method (ALA 51) : -0.0000
Side Chain Topographical Entropy from corr. pLogP method (PRO 52) : 13.3816
Side Chain Topographical Entropy from corr. pLogP method (ALA 53) : -0.0000
Side Chain Topographical Entropy from corr. pLogP method (THR 54) : 3.2846
Side Chain Topographical Entropy from corr. pLogP method (ASP 55) : 11.3722
Side Chain Topographical Entropy from corr. pLogP method (GLY 56) : -0.0000
Side Chain Topographical Entropy from corr. pLogP method (SER 57) : 8.5822
Side Chain Topographical Entropy from corr. pLogP method (GLY 58) : -0.0000
Side Chain Topographical Entropy from corr. pLogP method (THR 59) : 0.0193
Side Chain Topographical Entropy from corr. pLogP method (ALA 60) : -0.0000
Side Chain Topographical Entropy from corr. pLogP method (LEU 61) : 6.7232
Side Chain Topographical Entropy from corr. pLogP method (GLY 62) : -0.0000
Side Chain Topographical Entropy from corr. pLogP method (TRP 63) : 0.0358
Side Chain Topographical Entropy from corr. pLogP method (THR 64) : 3.9216
Side Chain Topographical Entropy from corr. pLogP method (VAL 65) : -0.0000
Side Chain Topographical Entropy from corr. pLogP method (ALA 66) : -0.0000
Side Chain Topographical Entropy from corr. pLogP method (TRP 67) : 0.0386
Side Chain Topographical Entropy from corr. pLogP method (LYS 68) : 15.1389
Side Chain Topographical Entropy from corr. pLogP method (ASN 69) : 5.4016
Side Chain Topographical Entropy from corr. pLogP method (ASN 70) : 15.2005
Side Chain Topographical Entropy from corr. pLogP method (TYR 71) : 5.8418
Side Chain Topographical Entropy from corr. pLogP method (ARG 72) : 13.9684
Side Chain Topographical Entropy from corr. pLogP method (ASN 73) : 1.6952
Side Chain Topographical Entropy from corr. pLogP method (ALA 74) : -0.0000
Side Chain Topographical Entropy from corr. pLogP method (HID 75) : 2.7190
Side Chain Topographical Entropy from corr. pLogP method (SER 76) : 5.9416
Side Chain Topographical Entropy from corr. pLogP method (ALA 77) : -0.0000
Side Chain Topographical Entropy from corr. pLogP method (THR 78) : 0.0193
Side Chain Topographical Entropy from corr. pLogP method (THR 79) : 5.3131
Side Chain Topographical Entropy from corr. pLogP method (TRP 80) : 1.9156
Side Chain Topographical Entropy from corr. pLogP method (SER 81) : 2.7451
Side Chain Topographical Entropy from corr. pLogP method (GLY 82) : -0.0000
Side Chain Topographical Entropy from corr. pLogP method (GLN 83) : 9.7837
Side Chain Topographical Entropy from corr. pLogP method (TYR 84) : 0.0358
Side Chain Topographical Entropy from corr. pLogP method (VAL 85) : 2.2411
Side Chain Topographical Entropy from corr. pLogP method (GLY 86) : -0.0000
Side Chain Topographical Entropy from corr. pLogP method (GLY 87) : -0.0000
Side Chain Topographical Entropy from corr. pLogP method (ALA 88) : -0.0000
Side Chain Topographical Entropy from corr. pLogP method (GLU 89) : 22.5473
Side Chain Topographical Entropy from corr. pLogP method (ALA 90) : -0.0000
Side Chain Topographical Entropy from corr. pLogP method (ARG 91) : 10.7341
Side Chain Topographical Entropy from corr. pLogP method (ILE 92) : 0.2589
Side Chain Topographical Entropy from corr. pLogP method (ASN 93) : 8.6875
Side Chain Topographical Entropy from corr. pLogP method (THR 94) : 0.0657
Side Chain Topographical Entropy from corr. pLogP method (GLN 95) : 13.6437
Side Chain Topographical Entropy from corr. pLogP method (TRP 96) : 0.6649
Side Chain Topographical Entropy from corr. pLogP method (LEU 97) : 0.2294
Side Chain Topographical Entropy from corr. pLogP method (LEU 98) : 1.5575
Side Chain Topographical Entropy from corr. pLogP method (THR 99) : -0.0000
Side Chain Topographical Entropy from corr. pLogP method (SER 100) : 7.8663
Side Chain Topographical Entropy from corr. pLogP method (GLY 101) : -0.0000
Side Chain Topographical Entropy from corr. pLogP method (THR 102) : 3.4950
Side Chain Topographical Entropy from corr. pLogP method (THR 103) : 4.1748
Side Chain Topographical Entropy from corr. pLogP method (GLU 104) : 22.6132
Side Chain Topographical Entropy from corr. pLogP method (ALA 105) : -0.0000
Side Chain Topographical Entropy from corr. pLogP method (ASN 106) : 4.2449
Side Chain Topographical Entropy from corr. pLogP method (ALA 107) : -0.0000
Side Chain Topographical Entropy from corr. pLogP method (TRP 108) : 5.8138
Side Chain Topographical Entropy from corr. pLogP method (LYS 109) : 13.8467
Side Chain Topographical Entropy from corr. pLogP method (SER 110) : 1.4817
Side Chain Topographical Entropy from corr. pLogP method (THR 111) : -0.0000
Side Chain Topographical Entropy from corr. pLogP method (LEU 112) : 1.6251
Side Chain Topographical Entropy from corr. pLogP method (VAL 113) : -0.0000
Side Chain Topographical Entropy from corr. pLogP method (GLY 114) : -0.0000
Side Chain Topographical Entropy from corr. pLogP method (HID 115) : 8.6577
Side Chain Topographical Entropy from corr. pLogP method (ASP 116) : 8.2951
Side Chain Topographical Entropy from corr. pLogP method (THR 117) : 3.0262
Side Chain Topographical Entropy from corr. pLogP method (PHE 118) : 0.0193
Side Chain Topographical Entropy from corr. pLogP method (THR 119) : 5.5640
Side Chain Topographical Entropy from corr. pLogP method (LYS 120) : 12.9311
Side Chain Topographical Entropy from corr. pLogP method (VAL 121) : 4.0132
Side Chain Topographical Entropy from corr. pLogP method (LYS 122) : 20.2199
Side Chain Topographical Entropy from corr. pLogP method (PRO 123) : 14.4980
Side Chain Topographical Entropy from corr. pLogP method (SER 124) : 8.2759
Side Chain Topographical Entropy from corr. pLogP method (ALA 125) : -0.0000
Side Chain Topographical Entropy from corr. pLogP method (ALA 126) : -0.0000
Side Chain Topographical Entropy from corr. pLogP method (CSER 127) : 4.5660
____________________________________________________________
Total SC Topog. Entropy (corr. pLogP)    :         588.171
------------------------------------------------------------
____________________________________________________________
Total BB Topog. Entropy (corr. pLogP)    :          16.318
------------------------------------------------------------
____________________________________________________________
Total Entropy                            :         604.490
------------------------------------------------------------
