------------------------------------------------------------
Topographical entropy of residue side chains 
computed using all the dihedrals with AEM method
------------------------------------------------------------
Residue Topographical Entropy from AEM (NALA 1) : 2.9243
Residue Topographical Entropy from AEM (GLU 2) : 26.0144
Residue Topographical Entropy from AEM (ALA 3) : -0.0000
Residue Topographical Entropy from AEM (GLY 4) : -0.0000
Residue Topographical Entropy from AEM (ILE 5) : 2.9122
Residue Topographical Entropy from AEM (THR 6) : 3.7971
Residue Topographical Entropy from AEM (GLY 7) : -0.0000
Residue Topographical Entropy from AEM (THR 8) : 2.8697
Residue Topographical Entropy from AEM (TRP 9) : 33.3204
Residue Topographical Entropy from AEM (TYR 10) : 26.8347
Residue Topographical Entropy from AEM (ALA 11) : -0.0000
Residue Topographical Entropy from AEM (GLN 12) : 15.5573
Residue Topographical Entropy from AEM (LEU 13) : 8.6689
Residue Topographical Entropy from AEM (GLY 14) : -0.0000
Residue Topographical Entropy from AEM (SER 15) : 7.0417
Residue Topographical Entropy from AEM (THR 16) : 5.8332
Residue Topographical Entropy from AEM (PHE 17) : 12.8166
Residue Topographical Entropy from AEM (ILE 18) : 11.8751
Residue Topographical Entropy from AEM (VAL 19) : 3.5791
Residue Topographical Entropy from AEM (THR 20) : 6.5261
Residue Topographical Entropy from AEM (ALA 21) : -0.0000
Residue Topographical Entropy from AEM (GLY 22) : -0.0000
Residue Topographical Entropy from AEM (ALA 23) : -0.0000
Residue Topographical Entropy from AEM (ASP 24) : 11.0553
Residue Topographical Entropy from AEM (GLY 25) : -0.0000
Residue Topographical Entropy from AEM (ALA 26) : -0.0000
Residue Topographical Entropy from AEM (LEU 27) : 8.2890
Residue Topographical Entropy from AEM (THR 28) : 8.9484
Residue Topographical Entropy from AEM (GLY 29) : -0.0000
Residue Topographical Entropy from AEM (THR 30) : 8.4002
Residue Topographical Entropy from AEM (TYR 31) : 28.6831
Residue Topographical Entropy from AEM (GLU 32) : 20.8201
Residue Topographical Entropy from AEM (SER 33) : 6.7143
Residue Topographical Entropy from AEM (ALA 34) : -0.0000
Residue Topographical Entropy from AEM (VAL 35) : 8.5052
Residue Topographical Entropy from AEM (GLY 36) : -0.0000
Residue Topographical Entropy from AEM (ASN 37) : 13.2030
Residue Topographical Entropy from AEM (ALA 38) : -0.0000
Residue Topographical Entropy from AEM (GLU 39) : 12.3703
Residue Topographical Entropy from AEM (SER 40) : 7.8572
Residue Topographical Entropy from AEM (ARG 41) : 16.1600
Residue Topographical Entropy from AEM (TYR 42) : 24.1662
Residue Topographical Entropy from AEM (VAL 43) : 2.4520
Residue Topographical Entropy from AEM (LEU 44) : 12.5882
Residue Topographical Entropy from AEM (THR 45) : 5.5263
Residue Topographical Entropy from AEM (GLY 46) : -0.0000
Residue Topographical Entropy from AEM (ARG 47) : 3.0993
Residue Topographical Entropy from AEM (TYR 48) : 24.1687
Residue Topographical Entropy from AEM (ASP 49) : 1.5706
Residue Topographical Entropy from AEM (SER 50) : 4.8957
Residue Topographical Entropy from AEM (ALA 51) : -0.0000
Residue Topographical Entropy from AEM (PRO 52) : 10.6839
Residue Topographical Entropy from AEM (ALA 53) : -0.0000
Residue Topographical Entropy from AEM (THR 54) : 8.6397
Residue Topographical Entropy from AEM (ASP 55) : 11.5578
Residue Topographical Entropy from AEM (GLY 56) : -0.0000
Residue Topographical Entropy from AEM (SER 57) : 6.6651
Residue Topographical Entropy from AEM (GLY 58) : -0.0000
Residue Topographical Entropy from AEM (THR 59) : 1.8084
Residue Topographical Entropy from AEM (ALA 60) : -0.0000
Residue Topographical Entropy from AEM (LEU 61) : 0.5496
Residue Topographical Entropy from AEM (GLY 62) : -0.0000
Residue Topographical Entropy from AEM (TRP 63) : -0.0000
Residue Topographical Entropy from AEM (THR 64) : -0.0000
Residue Topographical Entropy from AEM (VAL 65) : 3.9131
Residue Topographical Entropy from AEM (ALA 66) : -0.0000
Residue Topographical Entropy from AEM (TRP 67) : 0.1069
Residue Topographical Entropy from AEM (LYS 68) : 13.3230
Residue Topographical Entropy from AEM (ASN 69) : 8.1368
Residue Topographical Entropy from AEM (ASN 70) : 12.8098
Residue Topographical Entropy from AEM (TYR 71) : 34.6242
Residue Topographical Entropy from AEM (ARG 72) : 18.8834
Residue Topographical Entropy from AEM (ASN 73) : 0.5254
Residue Topographical Entropy from AEM (ALA 74) : -0.0000
Residue Topographical Entropy from AEM (HID 75) : 19.3903
Residue Topographical Entropy from AEM (SER 76) : 0.5450
Residue Topographical Entropy from AEM (ALA 77) : -0.0000
Residue Topographical Entropy from AEM (THR 78) : -0.0000
Residue Topographical Entropy from AEM (THR 79) : -0.0000
Residue Topographical Entropy from AEM (TRP 80) : -0.0000
Residue Topographical Entropy from AEM (SER 81) : 0.7638
Residue Topographical Entropy from AEM (GLY 82) : -0.0000
Residue Topographical Entropy from AEM (GLN 83) : 8.9168
Residue Topographical Entropy from AEM (TYR 84) : 22.4084
Residue Topographical Entropy from AEM (VAL 85) : 4.2235
Residue Topographical Entropy from AEM (GLY 86) : -0.0000
Residue Topographical Entropy from AEM (GLY 87) : -0.0000
Residue Topographical Entropy from AEM (ALA 88) : -0.0000
Residue Topographical Entropy from AEM (GLU 89) : 22.5829
Residue Topographical Entropy from AEM (ALA 90) : -0.0000
Residue Topographical Entropy from AEM (ARG 91) : 10.6468
Residue Topographical Entropy from AEM (ILE 92) : -0.0000
Residue Topographical Entropy from AEM (ASN 93) : 5.9595
Residue Topographical Entropy from AEM (THR 94) : 2.1541
Residue Topographical Entropy from AEM (GLN 95) : 0.3303
Residue Topographical Entropy from AEM (TRP 96) : -0.0000
Residue Topographical Entropy from AEM (LEU 97) : 2.6091
Residue Topographical Entropy from AEM (LEU 98) : 0.6393
Residue Topographical Entropy from AEM (THR 99) : -0.0000
Residue Topographical Entropy from AEM (SER 100) : 6.6832
Residue Topographical Entropy from AEM (GLY 101) : -0.0000
Residue Topographical Entropy from AEM (THR 102) : 8.7943
Residue Topographical Entropy from AEM (THR 103) : 6.4118
Residue Topographical Entropy from AEM (GLU 104) : 26.2563
Residue Topographical Entropy from AEM (ALA 105) : -0.0000
Residue Topographical Entropy from AEM (ASN 106) : 7.6837
Residue Topographical Entropy from AEM (ALA 107) : -0.0000
Residue Topographical Entropy from AEM (TRP 108) : -0.0000
Residue Topographical Entropy from AEM (LYS 109) : 11.5417
Residue Topographical Entropy from AEM (SER 110) : 2.0564
Residue Topographical Entropy from AEM (THR 111) : -0.0000
Residue Topographical Entropy from AEM (LEU 112) : 2.1872
Residue Topographical Entropy from AEM (VAL 113) : -0.0000
Residue Topographical Entropy from AEM (GLY 114) : -0.0000
Residue Topographical Entropy from AEM (HID 115) : 1.7292
Residue Topographical Entropy from AEM (ASP 116) : 5.4109
Residue Topographical Entropy from AEM (THR 117) : -0.0000
Residue Topographical Entropy from AEM (PHE 118) : -0.0000
Residue Topographical Entropy from AEM (THR 119) : 4.1023
Residue Topographical Entropy from AEM (LYS 120) : 15.4099
Residue Topographical Entropy from AEM (VAL 121) : 6.1815
Residue Topographical Entropy from AEM (LYS 122) : 17.9323
Residue Topographical Entropy from AEM (PRO 123) : 6.0741
Residue Topographical Entropy from AEM (SER 124) : 8.5276
Residue Topographical Entropy from AEM (ALA 125) : -0.0000
Residue Topographical Entropy from AEM (ALA 126) : -0.0000
Residue Topographical Entropy from AEM (CSER 127) : 6.2997
____________________________________________________________
Total Topog. Entropy (AEM)               :         776.723
------------------------------------------------------------
____________________________________________________________
Total Entropy                            :         776.723
------------------------------------------------------------
