------------------------------------------------------------
Topographical entropy of residue side chains 
computed using all the dihedrals with correlation/pLogp formalism
------------------------------------------------------------
Side Chain Topographical Entropy from corr. pLogP method (NALA 1) : -0.0000
Side Chain Topographical Entropy from corr. pLogP method (GLU 2) : 23.4974
Side Chain Topographical Entropy from corr. pLogP method (ALA 3) : -0.0000
Side Chain Topographical Entropy from corr. pLogP method (GLY 4) : -0.0000
Side Chain Topographical Entropy from corr. pLogP method (ILE 5) : 3.6137
Side Chain Topographical Entropy from corr. pLogP method (THR 6) : 1.7064
Side Chain Topographical Entropy from corr. pLogP method (GLY 7) : -0.0000
Side Chain Topographical Entropy from corr. pLogP method (THR 8) : 3.6925
Side Chain Topographical Entropy from corr. pLogP method (TRP 9) : 5.8616
Side Chain Topographical Entropy from corr. pLogP method (TYR 10) : 11.9628
Side Chain Topographical Entropy from corr. pLogP method (ALA 11) : -0.0000
Side Chain Topographical Entropy from corr. pLogP method (GLN 12) : 22.4426
Side Chain Topographical Entropy from corr. pLogP method (LEU 13) : 10.5401
Side Chain Topographical Entropy from corr. pLogP method (GLY 14) : -0.0000
Side Chain Topographical Entropy from corr. pLogP method (SER 15) : 6.8634
Side Chain Topographical Entropy from corr. pLogP method (THR 16) : 2.7131
Side Chain Topographical Entropy from corr. pLogP method (PHE 17) : 16.6179
Side Chain Topographical Entropy from corr. pLogP method (ILE 18) : 7.9884
Side Chain Topographical Entropy from corr. pLogP method (VAL 19) : 5.6555
Side Chain Topographical Entropy from corr. pLogP method (THR 20) : 7.0742
Side Chain Topographical Entropy from corr. pLogP method (ALA 21) : -0.0000
Side Chain Topographical Entropy from corr. pLogP method (GLY 22) : -0.0000
Side Chain Topographical Entropy from corr. pLogP method (ALA 23) : -0.0000
Side Chain Topographical Entropy from corr. pLogP method (ASP 24) : 15.8489
Side Chain Topographical Entropy from corr. pLogP method (GLY 25) : -0.0000
Side Chain Topographical Entropy from corr. pLogP method (ALA 26) : -0.0000
Side Chain Topographical Entropy from corr. pLogP method (LEU 27) : 11.0253
Side Chain Topographical Entropy from corr. pLogP method (THR 28) : 8.5646
Side Chain Topographical Entropy from corr. pLogP method (GLY 29) : -0.0000
Side Chain Topographical Entropy from corr. pLogP method (THR 30) : 7.4277
Side Chain Topographical Entropy from corr. pLogP method (TYR 31) : 17.7219
Side Chain Topographical Entropy from corr. pLogP method (GLU 32) : 17.5427
Side Chain Topographical Entropy from corr. pLogP method (SER 33) : 6.7256
Side Chain Topographical Entropy from corr. pLogP method (ALA 34) : -0.0000
Side Chain Topographical Entropy from corr. pLogP method (VAL 35) : 7.4106
Side Chain Topographical Entropy from corr. pLogP method (GLY 36) : -0.0000
Side Chain Topographical Entropy from corr. pLogP method (ASN 37) : 12.9760
Side Chain Topographical Entropy from corr. pLogP method (ALA 38) : -0.0000
Side Chain Topographical Entropy from corr. pLogP method (GLU 39) : 21.7763
Side Chain Topographical Entropy from corr. pLogP method (SER 40) : 5.2983
Side Chain Topographical Entropy from corr. pLogP method (ARG 41) : 9.3766
Side Chain Topographical Entropy from corr. pLogP method (TYR 42) : 7.8854
Side Chain Topographical Entropy from corr. pLogP method (VAL 43) : 2.5005
Side Chain Topographical Entropy from corr. pLogP method (LEU 44) : 3.3425
Side Chain Topographical Entropy from corr. pLogP method (THR 45) : 6.9718
Side Chain Topographical Entropy from corr. pLogP method (GLY 46) : -0.0000
Side Chain Topographical Entropy from corr. pLogP method (ARG 47) : 12.4255
Side Chain Topographical Entropy from corr. pLogP method (TYR 48) : 7.9665
Side Chain Topographical Entropy from corr. pLogP method (ASP 49) : 8.7439
Side Chain Topographical Entropy from corr. pLogP method (SER 50) : 2.5261
Side Chain Topographical Entropy from corr. pLogP method (ALA 51) : -0.0000
Side Chain Topographical Entropy from corr. pLogP method (PRO 52) : 13.7386
Side Chain Topographical Entropy from corr. pLogP method (ALA 53) : -0.0000
Side Chain Topographical Entropy from corr. pLogP method (THR 54) : 7.7676
Side Chain Topographical Entropy from corr. pLogP method (ASP 55) : 16.0099
Side Chain Topographical Entropy from corr. pLogP method (GLY 56) : -0.0000
Side Chain Topographical Entropy from corr. pLogP method (SER 57) : 7.1388
Side Chain Topographical Entropy from corr. pLogP method (GLY 58) : -0.0000
Side Chain Topographical Entropy from corr. pLogP method (THR 59) : 1.4321
Side Chain Topographical Entropy from corr. pLogP method (ALA 60) : -0.0000
Side Chain Topographical Entropy from corr. pLogP method (LEU 61) : 5.4028
Side Chain Topographical Entropy from corr. pLogP method (GLY 62) : -0.0000
Side Chain Topographical Entropy from corr. pLogP method (TRP 63) : 6.6786
Side Chain Topographical Entropy from corr. pLogP method (THR 64) : 1.3297
Side Chain Topographical Entropy from corr. pLogP method (VAL 65) : 2.2420
Side Chain Topographical Entropy from corr. pLogP method (ALA 66) : -0.0000
Side Chain Topographical Entropy from corr. pLogP method (TRP 67) : 10.1713
Side Chain Topographical Entropy from corr. pLogP method (LYS 68) : 16.0402
Side Chain Topographical Entropy from corr. pLogP method (ASN 69) : 7.3028
Side Chain Topographical Entropy from corr. pLogP method (ASN 70) : 14.5583
Side Chain Topographical Entropy from corr. pLogP method (TYR 71) : 13.3683
Side Chain Topographical Entropy from corr. pLogP method (ARG 72) : 14.5003
Side Chain Topographical Entropy from corr. pLogP method (ASN 73) : 3.1045
Side Chain Topographical Entropy from corr. pLogP method (ALA 74) : -0.0000
Side Chain Topographical Entropy from corr. pLogP method (HID 75) : 6.0829
Side Chain Topographical Entropy from corr. pLogP method (SER 76) : 4.6506
Side Chain Topographical Entropy from corr. pLogP method (ALA 77) : -0.0000
Side Chain Topographical Entropy from corr. pLogP method (THR 78) : 1.6117
Side Chain Topographical Entropy from corr. pLogP method (THR 79) : 5.0933
Side Chain Topographical Entropy from corr. pLogP method (TRP 80) : 8.2073
Side Chain Topographical Entropy from corr. pLogP method (SER 81) : 1.0468
Side Chain Topographical Entropy from corr. pLogP method (GLY 82) : -0.0000
Side Chain Topographical Entropy from corr. pLogP method (GLN 83) : 8.6637
Side Chain Topographical Entropy from corr. pLogP method (TYR 84) : 3.4350
Side Chain Topographical Entropy from corr. pLogP method (VAL 85) : 2.3974
Side Chain Topographical Entropy from corr. pLogP method (GLY 86) : -0.0000
Side Chain Topographical Entropy from corr. pLogP method (GLY 87) : -0.0000
Side Chain Topographical Entropy from corr. pLogP method (ALA 88) : -0.0000
Side Chain Topographical Entropy from corr. pLogP method (GLU 89) : 20.7728
Side Chain Topographical Entropy from corr. pLogP method (ALA 90) : -0.0000
Side Chain Topographical Entropy from corr. pLogP method (ARG 91) : 10.4840
Side Chain Topographical Entropy from corr. pLogP method (ILE 92) : 2.8465
Side Chain Topographical Entropy from corr. pLogP method (ASN 93) : 6.1642
Side Chain Topographical Entropy from corr. pLogP method (THR 94) : 1.7844
Side Chain Topographical Entropy from corr. pLogP method (GLN 95) : 7.1440
Side Chain Topographical Entropy from corr. pLogP method (TRP 96) : 6.5096
Side Chain Topographical Entropy from corr. pLogP method (LEU 97) : 2.5968
Side Chain Topographical Entropy from corr. pLogP method (LEU 98) : 3.6380
Side Chain Topographical Entropy from corr. pLogP method (THR 99) : 1.2604
Side Chain Topographical Entropy from corr. pLogP method (SER 100) : 8.1937
Side Chain Topographical Entropy from corr. pLogP method (GLY 101) : -0.0000
Side Chain Topographical Entropy from corr. pLogP method (THR 102) : 7.8362
Side Chain Topographical Entropy from corr. pLogP method (THR 103) : 4.0205
Side Chain Topographical Entropy from corr. pLogP method (GLU 104) : 23.8769
Side Chain Topographical Entropy from corr. pLogP method (ALA 105) : -0.0000
Side Chain Topographical Entropy from corr. pLogP method (ASN 106) : 7.7566
Side Chain Topographical Entropy from corr. pLogP method (ALA 107) : -0.0000
Side Chain Topographical Entropy from corr. pLogP method (TRP 108) : 13.9243
Side Chain Topographical Entropy from corr. pLogP method (LYS 109) : 16.2528
Side Chain Topographical Entropy from corr. pLogP method (SER 110) : 6.3926
Side Chain Topographical Entropy from corr. pLogP method (THR 111) : 1.3381
Side Chain Topographical Entropy from corr. pLogP method (LEU 112) : 3.6011
Side Chain Topographical Entropy from corr. pLogP method (VAL 113) : 1.2676
Side Chain Topographical Entropy from corr. pLogP method (GLY 114) : -0.0000
Side Chain Topographical Entropy from corr. pLogP method (HID 115) : 4.8492
Side Chain Topographical Entropy from corr. pLogP method (ASP 116) : 10.3220
Side Chain Topographical Entropy from corr. pLogP method (THR 117) : 2.2274
Side Chain Topographical Entropy from corr. pLogP method (PHE 118) : 9.7818
Side Chain Topographical Entropy from corr. pLogP method (THR 119) : 5.6756
Side Chain Topographical Entropy from corr. pLogP method (LYS 120) : 11.3807
Side Chain Topographical Entropy from corr. pLogP method (VAL 121) : 2.7901
Side Chain Topographical Entropy from corr. pLogP method (LYS 122) : 25.5954
Side Chain Topographical Entropy from corr. pLogP method (PRO 123) : 16.9210
Side Chain Topographical Entropy from corr. pLogP method (SER 124) : 6.0552
Side Chain Topographical Entropy from corr. pLogP method (ALA 125) : -0.0000
Side Chain Topographical Entropy from corr. pLogP method (ALA 126) : -0.0000
Side Chain Topographical Entropy from corr. pLogP method (CSER 127) : 6.8488
____________________________________________________________
Total SC Topog. Entropy (corr. pLogP)    :         766.370
------------------------------------------------------------
____________________________________________________________
Total BB Topog. Entropy (corr. pLogP)    :          54.448
------------------------------------------------------------
____________________________________________________________
Total Entropy                            :         820.818
------------------------------------------------------------
