------------------------------------------------------------
Topographical entropy of residue side chains 
computed using all the dihedrals with correlation/pLogp formalism
------------------------------------------------------------
Side Chain Topographical Entropy from corr. pLogP method (NALA 1) : -0.0000
Side Chain Topographical Entropy from corr. pLogP method (GLU 2) : 24.0527
Side Chain Topographical Entropy from corr. pLogP method (ALA 3) : -0.0000
Side Chain Topographical Entropy from corr. pLogP method (GLY 4) : -0.0000
Side Chain Topographical Entropy from corr. pLogP method (ILE 5) : 2.7720
Side Chain Topographical Entropy from corr. pLogP method (THR 6) : 0.5736
Side Chain Topographical Entropy from corr. pLogP method (GLY 7) : -0.0000
Side Chain Topographical Entropy from corr. pLogP method (THR 8) : 1.3428
Side Chain Topographical Entropy from corr. pLogP method (TRP 9) : 4.1906
Side Chain Topographical Entropy from corr. pLogP method (TYR 10) : 7.7309
Side Chain Topographical Entropy from corr. pLogP method (ALA 11) : -0.0000
Side Chain Topographical Entropy from corr. pLogP method (GLN 12) : 20.4453
Side Chain Topographical Entropy from corr. pLogP method (LEU 13) : 8.3089
Side Chain Topographical Entropy from corr. pLogP method (GLY 14) : -0.0000
Side Chain Topographical Entropy from corr. pLogP method (SER 15) : 4.6748
Side Chain Topographical Entropy from corr. pLogP method (THR 16) : 4.0080
Side Chain Topographical Entropy from corr. pLogP method (PHE 17) : 7.3025
Side Chain Topographical Entropy from corr. pLogP method (ILE 18) : 7.1311
Side Chain Topographical Entropy from corr. pLogP method (VAL 19) : 4.8225
Side Chain Topographical Entropy from corr. pLogP method (THR 20) : 6.6118
Side Chain Topographical Entropy from corr. pLogP method (ALA 21) : -0.0000
Side Chain Topographical Entropy from corr. pLogP method (GLY 22) : -0.0000
Side Chain Topographical Entropy from corr. pLogP method (ALA 23) : -0.0000
Side Chain Topographical Entropy from corr. pLogP method (ASP 24) : 16.3768
Side Chain Topographical Entropy from corr. pLogP method (GLY 25) : -0.0000
Side Chain Topographical Entropy from corr. pLogP method (ALA 26) : -0.0000
Side Chain Topographical Entropy from corr. pLogP method (LEU 27) : 6.7615
Side Chain Topographical Entropy from corr. pLogP method (THR 28) : 9.0020
Side Chain Topographical Entropy from corr. pLogP method (GLY 29) : -0.0000
Side Chain Topographical Entropy from corr. pLogP method (THR 30) : 7.4803
Side Chain Topographical Entropy from corr. pLogP method (TYR 31) : 8.7569
Side Chain Topographical Entropy from corr. pLogP method (GLU 32) : 18.0674
Side Chain Topographical Entropy from corr. pLogP method (SER 33) : 5.0817
Side Chain Topographical Entropy from corr. pLogP method (ALA 34) : -0.0000
Side Chain Topographical Entropy from corr. pLogP method (VAL 35) : 7.1477
Side Chain Topographical Entropy from corr. pLogP method (GLY 36) : -0.0000
Side Chain Topographical Entropy from corr. pLogP method (ASN 37) : 14.6983
Side Chain Topographical Entropy from corr. pLogP method (ALA 38) : -0.0000
Side Chain Topographical Entropy from corr. pLogP method (GLU 39) : 21.3003
Side Chain Topographical Entropy from corr. pLogP method (SER 40) : 7.8266
Side Chain Topographical Entropy from corr. pLogP method (ARG 41) : 21.8071
Side Chain Topographical Entropy from corr. pLogP method (TYR 42) : 11.6602
Side Chain Topographical Entropy from corr. pLogP method (VAL 43) : 3.2003
Side Chain Topographical Entropy from corr. pLogP method (LEU 44) : 9.2411
Side Chain Topographical Entropy from corr. pLogP method (THR 45) : 3.4921
Side Chain Topographical Entropy from corr. pLogP method (GLY 46) : -0.0000
Side Chain Topographical Entropy from corr. pLogP method (ARG 47) : 3.2254
Side Chain Topographical Entropy from corr. pLogP method (TYR 48) : 7.0459
Side Chain Topographical Entropy from corr. pLogP method (ASP 49) : 9.7330
Side Chain Topographical Entropy from corr. pLogP method (SER 50) : 6.4936
Side Chain Topographical Entropy from corr. pLogP method (ALA 51) : -0.0000
Side Chain Topographical Entropy from corr. pLogP method (PRO 52) : 15.1422
Side Chain Topographical Entropy from corr. pLogP method (ALA 53) : -0.0000
Side Chain Topographical Entropy from corr. pLogP method (THR 54) : 8.8247
Side Chain Topographical Entropy from corr. pLogP method (ASP 55) : 17.3225
Side Chain Topographical Entropy from corr. pLogP method (GLY 56) : -0.0000
Side Chain Topographical Entropy from corr. pLogP method (SER 57) : 8.7201
Side Chain Topographical Entropy from corr. pLogP method (GLY 58) : -0.0000
Side Chain Topographical Entropy from corr. pLogP method (THR 59) : 1.3306
Side Chain Topographical Entropy from corr. pLogP method (ALA 60) : -0.0000
Side Chain Topographical Entropy from corr. pLogP method (LEU 61) : 8.9493
Side Chain Topographical Entropy from corr. pLogP method (GLY 62) : -0.0000
Side Chain Topographical Entropy from corr. pLogP method (TRP 63) : 8.0834
Side Chain Topographical Entropy from corr. pLogP method (THR 64) : 0.8465
Side Chain Topographical Entropy from corr. pLogP method (VAL 65) : 5.9766
Side Chain Topographical Entropy from corr. pLogP method (ALA 66) : -0.0000
Side Chain Topographical Entropy from corr. pLogP method (TRP 67) : 9.6289
Side Chain Topographical Entropy from corr. pLogP method (LYS 68) : 19.6257
Side Chain Topographical Entropy from corr. pLogP method (ASN 69) : 15.2164
Side Chain Topographical Entropy from corr. pLogP method (ASN 70) : 15.6708
Side Chain Topographical Entropy from corr. pLogP method (TYR 71) : 20.6704
Side Chain Topographical Entropy from corr. pLogP method (ARG 72) : 17.6511
Side Chain Topographical Entropy from corr. pLogP method (ASN 73) : 5.7987
Side Chain Topographical Entropy from corr. pLogP method (ALA 74) : -0.0000
Side Chain Topographical Entropy from corr. pLogP method (HID 75) : 10.4087
Side Chain Topographical Entropy from corr. pLogP method (SER 76) : 5.4968
Side Chain Topographical Entropy from corr. pLogP method (ALA 77) : -0.0000
Side Chain Topographical Entropy from corr. pLogP method (THR 78) : 1.1022
Side Chain Topographical Entropy from corr. pLogP method (THR 79) : 1.3518
Side Chain Topographical Entropy from corr. pLogP method (TRP 80) : 6.3754
Side Chain Topographical Entropy from corr. pLogP method (SER 81) : 2.3348
Side Chain Topographical Entropy from corr. pLogP method (GLY 82) : -0.0000
Side Chain Topographical Entropy from corr. pLogP method (GLN 83) : 15.1078
Side Chain Topographical Entropy from corr. pLogP method (TYR 84) : 3.2673
Side Chain Topographical Entropy from corr. pLogP method (VAL 85) : 4.5444
Side Chain Topographical Entropy from corr. pLogP method (GLY 86) : -0.0000
Side Chain Topographical Entropy from corr. pLogP method (GLY 87) : -0.0000
Side Chain Topographical Entropy from corr. pLogP method (ALA 88) : -0.0000
Side Chain Topographical Entropy from corr. pLogP method (GLU 89) : 22.0787
Side Chain Topographical Entropy from corr. pLogP method (ALA 90) : -0.0000
Side Chain Topographical Entropy from corr. pLogP method (ARG 91) : 12.8626
Side Chain Topographical Entropy from corr. pLogP method (ILE 92) : 2.5887
Side Chain Topographical Entropy from corr. pLogP method (ASN 93) : 6.0472
Side Chain Topographical Entropy from corr. pLogP method (THR 94) : 5.3862
Side Chain Topographical Entropy from corr. pLogP method (GLN 95) : 9.8484
Side Chain Topographical Entropy from corr. pLogP method (TRP 96) : 5.0210
Side Chain Topographical Entropy from corr. pLogP method (LEU 97) : 4.1173
Side Chain Topographical Entropy from corr. pLogP method (LEU 98) : 2.3193
Side Chain Topographical Entropy from corr. pLogP method (THR 99) : 1.6001
Side Chain Topographical Entropy from corr. pLogP method (SER 100) : 7.9684
Side Chain Topographical Entropy from corr. pLogP method (GLY 101) : -0.0000
Side Chain Topographical Entropy from corr. pLogP method (THR 102) : 8.2020
Side Chain Topographical Entropy from corr. pLogP method (THR 103) : 7.0810
Side Chain Topographical Entropy from corr. pLogP method (GLU 104) : 23.3418
Side Chain Topographical Entropy from corr. pLogP method (ALA 105) : -0.0000
Side Chain Topographical Entropy from corr. pLogP method (ASN 106) : 7.6632
Side Chain Topographical Entropy from corr. pLogP method (ALA 107) : -0.0000
Side Chain Topographical Entropy from corr. pLogP method (TRP 108) : 11.3496
Side Chain Topographical Entropy from corr. pLogP method (LYS 109) : 14.9299
Side Chain Topographical Entropy from corr. pLogP method (SER 110) : 4.1081
Side Chain Topographical Entropy from corr. pLogP method (THR 111) : 0.8231
Side Chain Topographical Entropy from corr. pLogP method (LEU 112) : 3.3293
Side Chain Topographical Entropy from corr. pLogP method (VAL 113) : 0.7859
Side Chain Topographical Entropy from corr. pLogP method (GLY 114) : -0.0000
Side Chain Topographical Entropy from corr. pLogP method (HID 115) : 10.2085
Side Chain Topographical Entropy from corr. pLogP method (ASP 116) : 11.0834
Side Chain Topographical Entropy from corr. pLogP method (THR 117) : 2.8475
Side Chain Topographical Entropy from corr. pLogP method (PHE 118) : 10.8196
Side Chain Topographical Entropy from corr. pLogP method (THR 119) : 5.2819
Side Chain Topographical Entropy from corr. pLogP method (LYS 120) : 15.8255
Side Chain Topographical Entropy from corr. pLogP method (VAL 121) : 5.0269
Side Chain Topographical Entropy from corr. pLogP method (LYS 122) : 19.3128
Side Chain Topographical Entropy from corr. pLogP method (PRO 123) : 15.9463
Side Chain Topographical Entropy from corr. pLogP method (SER 124) : 8.6318
Side Chain Topographical Entropy from corr. pLogP method (ALA 125) : -0.0000
Side Chain Topographical Entropy from corr. pLogP method (ALA 126) : -0.0000
Side Chain Topographical Entropy from corr. pLogP method (CSER 127) : 5.0884
____________________________________________________________
Total SC Topog. Entropy (corr. pLogP)    :         803.337
------------------------------------------------------------
____________________________________________________________
Total BB Topog. Entropy (corr. pLogP)    :          54.890
------------------------------------------------------------
____________________________________________________________
Total Entropy                            :         858.227
------------------------------------------------------------
