------------------------------------------------------------
Topographical entropy of residue side chains 
computed using all the dihedrals with AEM method
------------------------------------------------------------
Residue Topographical Entropy from AEM (NALA 1) : 1.7136
Residue Topographical Entropy from AEM (GLU 2) : 24.0393
Residue Topographical Entropy from AEM (ALA 3) : -0.0000
Residue Topographical Entropy from AEM (GLY 4) : -0.0000
Residue Topographical Entropy from AEM (ILE 5) : 2.9776
Residue Topographical Entropy from AEM (THR 6) : 1.8225
Residue Topographical Entropy from AEM (GLY 7) : -0.0000
Residue Topographical Entropy from AEM (THR 8) : 1.7572
Residue Topographical Entropy from AEM (TRP 9) : 38.7854
Residue Topographical Entropy from AEM (TYR 10) : 27.1950
Residue Topographical Entropy from AEM (ALA 11) : -0.0000
Residue Topographical Entropy from AEM (GLN 12) : 15.0234
Residue Topographical Entropy from AEM (LEU 13) : 8.5360
Residue Topographical Entropy from AEM (GLY 14) : -0.0000
Residue Topographical Entropy from AEM (SER 15) : 7.4639
Residue Topographical Entropy from AEM (THR 16) : 5.6654
Residue Topographical Entropy from AEM (PHE 17) : 29.1231
Residue Topographical Entropy from AEM (ILE 18) : 11.7566
Residue Topographical Entropy from AEM (VAL 19) : 3.9587
Residue Topographical Entropy from AEM (THR 20) : 4.4048
Residue Topographical Entropy from AEM (ALA 21) : -0.0000
Residue Topographical Entropy from AEM (GLY 22) : -0.0000
Residue Topographical Entropy from AEM (ALA 23) : -0.0000
Residue Topographical Entropy from AEM (ASP 24) : 9.3187
Residue Topographical Entropy from AEM (GLY 25) : -0.0000
Residue Topographical Entropy from AEM (ALA 26) : -0.0000
Residue Topographical Entropy from AEM (LEU 27) : 9.2761
Residue Topographical Entropy from AEM (THR 28) : 9.0278
Residue Topographical Entropy from AEM (GLY 29) : -0.0000
Residue Topographical Entropy from AEM (THR 30) : 6.4355
Residue Topographical Entropy from AEM (TYR 31) : 25.8628
Residue Topographical Entropy from AEM (GLU 32) : 15.0046
Residue Topographical Entropy from AEM (SER 33) : 6.3947
Residue Topographical Entropy from AEM (ALA 34) : -0.0000
Residue Topographical Entropy from AEM (VAL 35) : 8.5885
Residue Topographical Entropy from AEM (GLY 36) : -0.0000
Residue Topographical Entropy from AEM (ASN 37) : 8.9718
Residue Topographical Entropy from AEM (ALA 38) : -0.0000
Residue Topographical Entropy from AEM (GLU 39) : 16.8886
Residue Topographical Entropy from AEM (SER 40) : 8.7647
Residue Topographical Entropy from AEM (ARG 41) : 15.0517
Residue Topographical Entropy from AEM (TYR 42) : 25.4585
Residue Topographical Entropy from AEM (VAL 43) : 1.7965
Residue Topographical Entropy from AEM (LEU 44) : 3.0403
Residue Topographical Entropy from AEM (THR 45) : 6.3150
Residue Topographical Entropy from AEM (GLY 46) : -0.0000
Residue Topographical Entropy from AEM (ARG 47) : 1.5926
Residue Topographical Entropy from AEM (TYR 48) : 27.8492
Residue Topographical Entropy from AEM (ASP 49) : 6.5205
Residue Topographical Entropy from AEM (SER 50) : 3.0967
Residue Topographical Entropy from AEM (ALA 51) : -0.0000
Residue Topographical Entropy from AEM (PRO 52) : 7.3439
Residue Topographical Entropy from AEM (ALA 53) : -0.0000
Residue Topographical Entropy from AEM (THR 54) : 7.4087
Residue Topographical Entropy from AEM (ASP 55) : 13.0760
Residue Topographical Entropy from AEM (GLY 56) : -0.0000
Residue Topographical Entropy from AEM (SER 57) : 7.5017
Residue Topographical Entropy from AEM (GLY 58) : -0.0000
Residue Topographical Entropy from AEM (THR 59) : 1.3346
Residue Topographical Entropy from AEM (ALA 60) : -0.0000
Residue Topographical Entropy from AEM (LEU 61) : 5.7913
Residue Topographical Entropy from AEM (GLY 62) : -0.0000
Residue Topographical Entropy from AEM (TRP 63) : 41.2968
Residue Topographical Entropy from AEM (THR 64) : 0.3385
Residue Topographical Entropy from AEM (VAL 65) : 1.2677
Residue Topographical Entropy from AEM (ALA 66) : -0.0000
Residue Topographical Entropy from AEM (TRP 67) : 42.3730
Residue Topographical Entropy from AEM (LYS 68) : 17.9673
Residue Topographical Entropy from AEM (ASN 69) : 9.4216
Residue Topographical Entropy from AEM (ASN 70) : 12.6888
Residue Topographical Entropy from AEM (TYR 71) : 39.4075
Residue Topographical Entropy from AEM (ARG 72) : 20.2025
Residue Topographical Entropy from AEM (ASN 73) : 6.5985
Residue Topographical Entropy from AEM (ALA 74) : -0.0000
Residue Topographical Entropy from AEM (HID 75) : 20.8790
Residue Topographical Entropy from AEM (SER 76) : 1.7491
Residue Topographical Entropy from AEM (ALA 77) : -0.0000
Residue Topographical Entropy from AEM (THR 78) : 0.8441
Residue Topographical Entropy from AEM (THR 79) : 0.3468
Residue Topographical Entropy from AEM (TRP 80) : 36.9892
Residue Topographical Entropy from AEM (SER 81) : 3.3615
Residue Topographical Entropy from AEM (GLY 82) : -0.0000
Residue Topographical Entropy from AEM (GLN 83) : 10.7169
Residue Topographical Entropy from AEM (TYR 84) : 25.9726
Residue Topographical Entropy from AEM (VAL 85) : 2.8424
Residue Topographical Entropy from AEM (GLY 86) : -0.0000
Residue Topographical Entropy from AEM (GLY 87) : -0.0000
Residue Topographical Entropy from AEM (ALA 88) : -0.0000
Residue Topographical Entropy from AEM (GLU 89) : 23.7253
Residue Topographical Entropy from AEM (ALA 90) : -0.0000
Residue Topographical Entropy from AEM (ARG 91) : 14.5746
Residue Topographical Entropy from AEM (ILE 92) : 1.1663
Residue Topographical Entropy from AEM (ASN 93) : 8.4986
Residue Topographical Entropy from AEM (THR 94) : 3.0945
Residue Topographical Entropy from AEM (GLN 95) : 2.7032
Residue Topographical Entropy from AEM (TRP 96) : 39.4548
Residue Topographical Entropy from AEM (LEU 97) : 6.0547
Residue Topographical Entropy from AEM (LEU 98) : 2.1590
Residue Topographical Entropy from AEM (THR 99) : 0.9469
Residue Topographical Entropy from AEM (SER 100) : 8.2315
Residue Topographical Entropy from AEM (GLY 101) : -0.0000
Residue Topographical Entropy from AEM (THR 102) : 7.1083
Residue Topographical Entropy from AEM (THR 103) : 4.7797
Residue Topographical Entropy from AEM (GLU 104) : 25.5417
Residue Topographical Entropy from AEM (ALA 105) : -0.0000
Residue Topographical Entropy from AEM (ASN 106) : 6.8757
Residue Topographical Entropy from AEM (ALA 107) : -0.0000
Residue Topographical Entropy from AEM (TRP 108) : 40.0917
Residue Topographical Entropy from AEM (LYS 109) : 14.4933
Residue Topographical Entropy from AEM (SER 110) : 2.7793
Residue Topographical Entropy from AEM (THR 111) : 0.1842
Residue Topographical Entropy from AEM (LEU 112) : 2.9362
Residue Topographical Entropy from AEM (VAL 113) : -0.0000
Residue Topographical Entropy from AEM (GLY 114) : -0.0000
Residue Topographical Entropy from AEM (HID 115) : 22.2272
Residue Topographical Entropy from AEM (ASP 116) : 5.8131
Residue Topographical Entropy from AEM (THR 117) : 5.6021
Residue Topographical Entropy from AEM (PHE 118) : 25.1390
Residue Topographical Entropy from AEM (THR 119) : 6.1332
Residue Topographical Entropy from AEM (LYS 120) : 16.1154
Residue Topographical Entropy from AEM (VAL 121) : 6.5784
Residue Topographical Entropy from AEM (LYS 122) : 20.7130
Residue Topographical Entropy from AEM (PRO 123) : 9.6636
Residue Topographical Entropy from AEM (SER 124) : 8.5632
Residue Topographical Entropy from AEM (ALA 125) : -0.0000
Residue Topographical Entropy from AEM (ALA 126) : -0.0000
Residue Topographical Entropy from AEM (CSER 127) : 7.9621
____________________________________________________________
Total Topog. Entropy (AEM)               :        1087.107
------------------------------------------------------------
____________________________________________________________
Total Entropy                            :        1087.107
------------------------------------------------------------
