------------------------------------------------------------
Topographical entropy of residue side chains 
computed using all the dihedrals with correlation/pLogp formalism
------------------------------------------------------------
Side Chain Topographical Entropy from corr. pLogP method (NALA 1) : -0.0000
Side Chain Topographical Entropy from corr. pLogP method (GLU 2) : 22.1793
Side Chain Topographical Entropy from corr. pLogP method (ALA 3) : -0.0000
Side Chain Topographical Entropy from corr. pLogP method (GLY 4) : -0.0000
Side Chain Topographical Entropy from corr. pLogP method (ILE 5) : 1.4424
Side Chain Topographical Entropy from corr. pLogP method (THR 6) : 0.5185
Side Chain Topographical Entropy from corr. pLogP method (GLY 7) : -0.0000
Side Chain Topographical Entropy from corr. pLogP method (THR 8) : 1.2584
Side Chain Topographical Entropy from corr. pLogP method (TRP 9) : -0.0000
Side Chain Topographical Entropy from corr. pLogP method (TYR 10) : 5.8459
Side Chain Topographical Entropy from corr. pLogP method (ALA 11) : -0.0000
Side Chain Topographical Entropy from corr. pLogP method (GLN 12) : 19.3232
Side Chain Topographical Entropy from corr. pLogP method (LEU 13) : 7.5728
Side Chain Topographical Entropy from corr. pLogP method (GLY 14) : -0.0000
Side Chain Topographical Entropy from corr. pLogP method (SER 15) : 6.4623
Side Chain Topographical Entropy from corr. pLogP method (THR 16) : 4.4794
Side Chain Topographical Entropy from corr. pLogP method (PHE 17) : 0.5052
Side Chain Topographical Entropy from corr. pLogP method (ILE 18) : 9.5986
Side Chain Topographical Entropy from corr. pLogP method (VAL 19) : 1.9784
Side Chain Topographical Entropy from corr. pLogP method (THR 20) : 7.0815
Side Chain Topographical Entropy from corr. pLogP method (ALA 21) : -0.0000
Side Chain Topographical Entropy from corr. pLogP method (GLY 22) : -0.0000
Side Chain Topographical Entropy from corr. pLogP method (ALA 23) : -0.0000
Side Chain Topographical Entropy from corr. pLogP method (ASP 24) : 14.2249
Side Chain Topographical Entropy from corr. pLogP method (GLY 25) : -0.0000
Side Chain Topographical Entropy from corr. pLogP method (ALA 26) : -0.0000
Side Chain Topographical Entropy from corr. pLogP method (LEU 27) : 10.0148
Side Chain Topographical Entropy from corr. pLogP method (THR 28) : 8.3872
Side Chain Topographical Entropy from corr. pLogP method (GLY 29) : -0.0000
Side Chain Topographical Entropy from corr. pLogP method (THR 30) : 6.1283
Side Chain Topographical Entropy from corr. pLogP method (TYR 31) : 7.4464
Side Chain Topographical Entropy from corr. pLogP method (GLU 32) : 17.1876
Side Chain Topographical Entropy from corr. pLogP method (SER 33) : 8.0907
Side Chain Topographical Entropy from corr. pLogP method (ALA 34) : -0.0000
Side Chain Topographical Entropy from corr. pLogP method (VAL 35) : 8.4402
Side Chain Topographical Entropy from corr. pLogP method (GLY 36) : -0.0000
Side Chain Topographical Entropy from corr. pLogP method (ASN 37) : 15.1584
Side Chain Topographical Entropy from corr. pLogP method (ALA 38) : -0.0000
Side Chain Topographical Entropy from corr. pLogP method (GLU 39) : 20.2722
Side Chain Topographical Entropy from corr. pLogP method (SER 40) : 8.5259
Side Chain Topographical Entropy from corr. pLogP method (ARG 41) : 14.7301
Side Chain Topographical Entropy from corr. pLogP method (TYR 42) : 1.3008
Side Chain Topographical Entropy from corr. pLogP method (VAL 43) : 0.8020
Side Chain Topographical Entropy from corr. pLogP method (LEU 44) : 4.6220
Side Chain Topographical Entropy from corr. pLogP method (THR 45) : 7.1113
Side Chain Topographical Entropy from corr. pLogP method (GLY 46) : -0.0000
Side Chain Topographical Entropy from corr. pLogP method (ARG 47) : 1.5225
Side Chain Topographical Entropy from corr. pLogP method (TYR 48) : 6.8668
Side Chain Topographical Entropy from corr. pLogP method (ASP 49) : 7.5273
Side Chain Topographical Entropy from corr. pLogP method (SER 50) : 6.3481
Side Chain Topographical Entropy from corr. pLogP method (ALA 51) : -0.0000
Side Chain Topographical Entropy from corr. pLogP method (PRO 52) : 14.8503
Side Chain Topographical Entropy from corr. pLogP method (ALA 53) : -0.0000
Side Chain Topographical Entropy from corr. pLogP method (THR 54) : 8.7364
Side Chain Topographical Entropy from corr. pLogP method (ASP 55) : 10.9072
Side Chain Topographical Entropy from corr. pLogP method (GLY 56) : -0.0000
Side Chain Topographical Entropy from corr. pLogP method (SER 57) : 6.6047
Side Chain Topographical Entropy from corr. pLogP method (GLY 58) : -0.0000
Side Chain Topographical Entropy from corr. pLogP method (THR 59) : 3.5218
Side Chain Topographical Entropy from corr. pLogP method (ALA 60) : -0.0000
Side Chain Topographical Entropy from corr. pLogP method (LEU 61) : 7.8540
Side Chain Topographical Entropy from corr. pLogP method (GLY 62) : -0.0000
Side Chain Topographical Entropy from corr. pLogP method (TRP 63) : -0.0000
Side Chain Topographical Entropy from corr. pLogP method (THR 64) : -0.0000
Side Chain Topographical Entropy from corr. pLogP method (VAL 65) : 0.0358
Side Chain Topographical Entropy from corr. pLogP method (ALA 66) : -0.0000
Side Chain Topographical Entropy from corr. pLogP method (TRP 67) : 0.1176
Side Chain Topographical Entropy from corr. pLogP method (LYS 68) : 18.0111
Side Chain Topographical Entropy from corr. pLogP method (ASN 69) : 13.6029
Side Chain Topographical Entropy from corr. pLogP method (ASN 70) : 15.6265
Side Chain Topographical Entropy from corr. pLogP method (TYR 71) : 15.0468
Side Chain Topographical Entropy from corr. pLogP method (ARG 72) : 19.0657
Side Chain Topographical Entropy from corr. pLogP method (ASN 73) : 13.0305
Side Chain Topographical Entropy from corr. pLogP method (ALA 74) : -0.0000
Side Chain Topographical Entropy from corr. pLogP method (HID 75) : 2.4897
Side Chain Topographical Entropy from corr. pLogP method (SER 76) : 1.6869
Side Chain Topographical Entropy from corr. pLogP method (ALA 77) : -0.0000
Side Chain Topographical Entropy from corr. pLogP method (THR 78) : -0.0000
Side Chain Topographical Entropy from corr. pLogP method (THR 79) : 5.8755
Side Chain Topographical Entropy from corr. pLogP method (TRP 80) : 1.4790
Side Chain Topographical Entropy from corr. pLogP method (SER 81) : 1.5542
Side Chain Topographical Entropy from corr. pLogP method (GLY 82) : -0.0000
Side Chain Topographical Entropy from corr. pLogP method (GLN 83) : 17.7745
Side Chain Topographical Entropy from corr. pLogP method (TYR 84) : 0.0461
Side Chain Topographical Entropy from corr. pLogP method (VAL 85) : 4.2659
Side Chain Topographical Entropy from corr. pLogP method (GLY 86) : -0.0000
Side Chain Topographical Entropy from corr. pLogP method (GLY 87) : -0.0000
Side Chain Topographical Entropy from corr. pLogP method (ALA 88) : -0.0000
Side Chain Topographical Entropy from corr. pLogP method (GLU 89) : 20.8951
Side Chain Topographical Entropy from corr. pLogP method (ALA 90) : -0.0000
Side Chain Topographical Entropy from corr. pLogP method (ARG 91) : 10.6598
Side Chain Topographical Entropy from corr. pLogP method (ILE 92) : 0.1382
Side Chain Topographical Entropy from corr. pLogP method (ASN 93) : 11.4392
Side Chain Topographical Entropy from corr. pLogP method (THR 94) : 2.9042
Side Chain Topographical Entropy from corr. pLogP method (GLN 95) : 11.1116
Side Chain Topographical Entropy from corr. pLogP method (TRP 96) : 1.0717
Side Chain Topographical Entropy from corr. pLogP method (LEU 97) : 1.8113
Side Chain Topographical Entropy from corr. pLogP method (LEU 98) : 3.6257
Side Chain Topographical Entropy from corr. pLogP method (THR 99) : -0.0000
Side Chain Topographical Entropy from corr. pLogP method (SER 100) : 7.2577
Side Chain Topographical Entropy from corr. pLogP method (GLY 101) : -0.0000
Side Chain Topographical Entropy from corr. pLogP method (THR 102) : 5.3455
Side Chain Topographical Entropy from corr. pLogP method (THR 103) : 2.1752
Side Chain Topographical Entropy from corr. pLogP method (GLU 104) : 21.8223
Side Chain Topographical Entropy from corr. pLogP method (ALA 105) : -0.0000
Side Chain Topographical Entropy from corr. pLogP method (ASN 106) : 3.5483
Side Chain Topographical Entropy from corr. pLogP method (ALA 107) : -0.0000
Side Chain Topographical Entropy from corr. pLogP method (TRP 108) : 6.0241
Side Chain Topographical Entropy from corr. pLogP method (LYS 109) : 12.7448
Side Chain Topographical Entropy from corr. pLogP method (SER 110) : 1.3815
Side Chain Topographical Entropy from corr. pLogP method (THR 111) : 0.0845
Side Chain Topographical Entropy from corr. pLogP method (LEU 112) : 2.6178
Side Chain Topographical Entropy from corr. pLogP method (VAL 113) : -0.0000
Side Chain Topographical Entropy from corr. pLogP method (GLY 114) : -0.0000
Side Chain Topographical Entropy from corr. pLogP method (HID 115) : 5.8392
Side Chain Topographical Entropy from corr. pLogP method (ASP 116) : 7.6178
Side Chain Topographical Entropy from corr. pLogP method (THR 117) : 0.2470
Side Chain Topographical Entropy from corr. pLogP method (PHE 118) : 0.0269
Side Chain Topographical Entropy from corr. pLogP method (THR 119) : 5.9628
Side Chain Topographical Entropy from corr. pLogP method (LYS 120) : 12.3100
Side Chain Topographical Entropy from corr. pLogP method (VAL 121) : 5.3699
Side Chain Topographical Entropy from corr. pLogP method (LYS 122) : 18.4937
Side Chain Topographical Entropy from corr. pLogP method (PRO 123) : 15.2803
Side Chain Topographical Entropy from corr. pLogP method (SER 124) : 8.7580
Side Chain Topographical Entropy from corr. pLogP method (ALA 125) : -0.0000
Side Chain Topographical Entropy from corr. pLogP method (ALA 126) : -0.0000
Side Chain Topographical Entropy from corr. pLogP method (CSER 127) : 4.9990
____________________________________________________________
Total SC Topog. Entropy (corr. pLogP)    :         656.700
------------------------------------------------------------
____________________________________________________________
Total BB Topog. Entropy (corr. pLogP)    :          31.643
------------------------------------------------------------
____________________________________________________________
Total Entropy                            :         688.342
------------------------------------------------------------
