------------------------------------------------------------
Topographical entropy of residue side chains 
computed using all the dihedrals with AEM method
------------------------------------------------------------
Residue Topographical Entropy from AEM (NALA 1) : 2.0747
Residue Topographical Entropy from AEM (GLU 2) : 22.8595
Residue Topographical Entropy from AEM (ALA 3) : -0.0000
Residue Topographical Entropy from AEM (GLY 4) : -0.0000
Residue Topographical Entropy from AEM (ILE 5) : 2.9754
Residue Topographical Entropy from AEM (THR 6) : 1.6668
Residue Topographical Entropy from AEM (GLY 7) : -0.0000
Residue Topographical Entropy from AEM (THR 8) : 4.1797
Residue Topographical Entropy from AEM (TRP 9) : 39.9764
Residue Topographical Entropy from AEM (TYR 10) : 30.7026
Residue Topographical Entropy from AEM (ALA 11) : -0.0000
Residue Topographical Entropy from AEM (GLN 12) : 19.1138
Residue Topographical Entropy from AEM (LEU 13) : 10.4312
Residue Topographical Entropy from AEM (GLY 14) : -0.0000
Residue Topographical Entropy from AEM (SER 15) : 6.7444
Residue Topographical Entropy from AEM (THR 16) : 2.6773
Residue Topographical Entropy from AEM (PHE 17) : 37.4377
Residue Topographical Entropy from AEM (ILE 18) : 9.2996
Residue Topographical Entropy from AEM (VAL 19) : 5.2063
Residue Topographical Entropy from AEM (THR 20) : 7.0763
Residue Topographical Entropy from AEM (ALA 21) : -0.0000
Residue Topographical Entropy from AEM (GLY 22) : -0.0000
Residue Topographical Entropy from AEM (ALA 23) : -0.0000
Residue Topographical Entropy from AEM (ASP 24) : 11.8638
Residue Topographical Entropy from AEM (GLY 25) : -0.0000
Residue Topographical Entropy from AEM (ALA 26) : -0.0000
Residue Topographical Entropy from AEM (LEU 27) : 11.0491
Residue Topographical Entropy from AEM (THR 28) : 8.5063
Residue Topographical Entropy from AEM (GLY 29) : -0.0000
Residue Topographical Entropy from AEM (THR 30) : 7.4640
Residue Topographical Entropy from AEM (TYR 31) : 32.6771
Residue Topographical Entropy from AEM (GLU 32) : 14.3571
Residue Topographical Entropy from AEM (SER 33) : 6.8087
Residue Topographical Entropy from AEM (ALA 34) : -0.0000
Residue Topographical Entropy from AEM (VAL 35) : 7.6319
Residue Topographical Entropy from AEM (GLY 36) : -0.0000
Residue Topographical Entropy from AEM (ASN 37) : 12.8003
Residue Topographical Entropy from AEM (ALA 38) : -0.0000
Residue Topographical Entropy from AEM (GLU 39) : 24.3028
Residue Topographical Entropy from AEM (SER 40) : 5.2983
Residue Topographical Entropy from AEM (ARG 41) : 8.5384
Residue Topographical Entropy from AEM (TYR 42) : 28.9830
Residue Topographical Entropy from AEM (VAL 43) : 1.5554
Residue Topographical Entropy from AEM (LEU 44) : 3.4178
Residue Topographical Entropy from AEM (THR 45) : 7.0186
Residue Topographical Entropy from AEM (GLY 46) : -0.0000
Residue Topographical Entropy from AEM (ARG 47) : 9.9693
Residue Topographical Entropy from AEM (TYR 48) : 29.8051
Residue Topographical Entropy from AEM (ASP 49) : 5.9786
Residue Topographical Entropy from AEM (SER 50) : 2.4979
Residue Topographical Entropy from AEM (ALA 51) : -0.0000
Residue Topographical Entropy from AEM (PRO 52) : 7.4573
Residue Topographical Entropy from AEM (ALA 53) : -0.0000
Residue Topographical Entropy from AEM (THR 54) : 7.8002
Residue Topographical Entropy from AEM (ASP 55) : 12.5444
Residue Topographical Entropy from AEM (GLY 56) : -0.0000
Residue Topographical Entropy from AEM (SER 57) : 7.1507
Residue Topographical Entropy from AEM (GLY 58) : -0.0000
Residue Topographical Entropy from AEM (THR 59) : 1.4205
Residue Topographical Entropy from AEM (ALA 60) : -0.0000
Residue Topographical Entropy from AEM (LEU 61) : 4.9806
Residue Topographical Entropy from AEM (GLY 62) : -0.0000
Residue Topographical Entropy from AEM (TRP 63) : 45.6891
Residue Topographical Entropy from AEM (THR 64) : 1.3570
Residue Topographical Entropy from AEM (VAL 65) : 1.3392
Residue Topographical Entropy from AEM (ALA 66) : -0.0000
Residue Topographical Entropy from AEM (TRP 67) : 46.7893
Residue Topographical Entropy from AEM (LYS 68) : 15.7261
Residue Topographical Entropy from AEM (ASN 69) : 2.0000
Residue Topographical Entropy from AEM (ASN 70) : 11.1937
Residue Topographical Entropy from AEM (TYR 71) : 30.1964
Residue Topographical Entropy from AEM (ARG 72) : 14.2819
Residue Topographical Entropy from AEM (ASN 73) : 1.8116
Residue Topographical Entropy from AEM (ALA 74) : -0.0000
Residue Topographical Entropy from AEM (HID 75) : 22.9745
Residue Topographical Entropy from AEM (SER 76) : 4.5978
Residue Topographical Entropy from AEM (ALA 77) : -0.0000
Residue Topographical Entropy from AEM (THR 78) : 1.8865
Residue Topographical Entropy from AEM (THR 79) : 5.8277
Residue Topographical Entropy from AEM (TRP 80) : 41.7516
Residue Topographical Entropy from AEM (SER 81) : 0.9583
Residue Topographical Entropy from AEM (GLY 82) : -0.0000
Residue Topographical Entropy from AEM (GLN 83) : 9.0708
Residue Topographical Entropy from AEM (TYR 84) : 28.7658
Residue Topographical Entropy from AEM (VAL 85) : 2.0905
Residue Topographical Entropy from AEM (GLY 86) : -0.0000
Residue Topographical Entropy from AEM (GLY 87) : -0.0000
Residue Topographical Entropy from AEM (ALA 88) : -0.0000
Residue Topographical Entropy from AEM (GLU 89) : 21.7358
Residue Topographical Entropy from AEM (ALA 90) : -0.0000
Residue Topographical Entropy from AEM (ARG 91) : 9.3099
Residue Topographical Entropy from AEM (ILE 92) : 2.8931
Residue Topographical Entropy from AEM (ASN 93) : 6.3051
Residue Topographical Entropy from AEM (THR 94) : 1.9116
Residue Topographical Entropy from AEM (GLN 95) : 5.8984
Residue Topographical Entropy from AEM (TRP 96) : 44.3269
Residue Topographical Entropy from AEM (LEU 97) : 2.7045
Residue Topographical Entropy from AEM (LEU 98) : 3.6860
Residue Topographical Entropy from AEM (THR 99) : 0.5798
Residue Topographical Entropy from AEM (SER 100) : 8.2198
Residue Topographical Entropy from AEM (GLY 101) : -0.0000
Residue Topographical Entropy from AEM (THR 102) : 7.7437
Residue Topographical Entropy from AEM (THR 103) : 3.9777
Residue Topographical Entropy from AEM (GLU 104) : 25.9542
Residue Topographical Entropy from AEM (ALA 105) : -0.0000
Residue Topographical Entropy from AEM (ASN 106) : 8.0119
Residue Topographical Entropy from AEM (ALA 107) : -0.0000
Residue Topographical Entropy from AEM (TRP 108) : 46.9231
Residue Topographical Entropy from AEM (LYS 109) : 15.9829
Residue Topographical Entropy from AEM (SER 110) : 6.4428
Residue Topographical Entropy from AEM (THR 111) : 0.5451
Residue Topographical Entropy from AEM (LEU 112) : 4.1318
Residue Topographical Entropy from AEM (VAL 113) : 1.5467
Residue Topographical Entropy from AEM (GLY 114) : -0.0000
Residue Topographical Entropy from AEM (HID 115) : 22.4247
Residue Topographical Entropy from AEM (ASP 116) : 7.9631
Residue Topographical Entropy from AEM (THR 117) : 2.2248
Residue Topographical Entropy from AEM (PHE 118) : 30.0241
Residue Topographical Entropy from AEM (THR 119) : 5.0625
Residue Topographical Entropy from AEM (LYS 120) : 11.7201
Residue Topographical Entropy from AEM (VAL 121) : 2.9222
Residue Topographical Entropy from AEM (LYS 122) : 25.6891
Residue Topographical Entropy from AEM (PRO 123) : 10.3330
Residue Topographical Entropy from AEM (SER 124) : 6.0270
Residue Topographical Entropy from AEM (ALA 125) : -0.0000
Residue Topographical Entropy from AEM (ALA 126) : -0.0000
Residue Topographical Entropy from AEM (CSER 127) : 9.1482
____________________________________________________________
Total Topog. Entropy (AEM)               :        1134.975
------------------------------------------------------------
____________________________________________________________
Total Entropy                            :        1134.975
------------------------------------------------------------
------------------------------------------------------------
Topographical entropy of residue side chains 
computed using all the dihedrals with AEM method
------------------------------------------------------------
Residue Topographical Entropy from AEM (NALA 1) : 1.4811
Residue Topographical Entropy from AEM (GLU 2) : 23.1183
Residue Topographical Entropy from AEM (ALA 3) : -0.0000
Residue Topographical Entropy from AEM (GLY 4) : -0.0000
Residue Topographical Entropy from AEM (ILE 5) : 11.4161
Residue Topographical Entropy from AEM (THR 6) : 1.6015
Residue Topographical Entropy from AEM (GLY 7) : -0.0000
Residue Topographical Entropy from AEM (THR 8) : 4.4881
Residue Topographical Entropy from AEM (TRP 9) : 44.3714
Residue Topographical Entropy from AEM (TYR 10) : 24.7458
Residue Topographical Entropy from AEM (ALA 11) : -0.0000
Residue Topographical Entropy from AEM (GLN 12) : 21.6435
Residue Topographical Entropy from AEM (LEU 13) : 10.7964
Residue Topographical Entropy from AEM (GLY 14) : -0.0000
Residue Topographical Entropy from AEM (SER 15) : 5.7290
Residue Topographical Entropy from AEM (THR 16) : 8.2789
Residue Topographical Entropy from AEM (PHE 17) : 33.9105
Residue Topographical Entropy from AEM (ILE 18) : 11.1096
Residue Topographical Entropy from AEM (VAL 19) : 6.3072
Residue Topographical Entropy from AEM (THR 20) : 7.4634
Residue Topographical Entropy from AEM (ALA 21) : -0.0000
Residue Topographical Entropy from AEM (GLY 22) : -0.0000
Residue Topographical Entropy from AEM (ALA 23) : -0.0000
Residue Topographical Entropy from AEM (ASP 24) : 9.7827
Residue Topographical Entropy from AEM (GLY 25) : -0.0000
Residue Topographical Entropy from AEM (ALA 26) : -0.0000
Residue Topographical Entropy from AEM (LEU 27) : 10.8661
Residue Topographical Entropy from AEM (THR 28) : 8.2055
Residue Topographical Entropy from AEM (GLY 29) : -0.0000
Residue Topographical Entropy from AEM (THR 30) : 8.1686
Residue Topographical Entropy from AEM (TYR 31) : 37.3961
Residue Topographical Entropy from AEM (GLU 32) : 10.0864
Residue Topographical Entropy from AEM (SER 33) : 8.9745
Residue Topographical Entropy from AEM (ALA 34) : -0.0000
Residue Topographical Entropy from AEM (VAL 35) : 8.7556
Residue Topographical Entropy from AEM (GLY 36) : -0.0000
Residue Topographical Entropy from AEM (ASN 37) : 14.3692
Residue Topographical Entropy from AEM (ALA 38) : -0.0000
Residue Topographical Entropy from AEM (GLU 39) : 18.7537
Residue Topographical Entropy from AEM (SER 40) : 6.8779
Residue Topographical Entropy from AEM (ARG 41) : 7.9761
Residue Topographical Entropy from AEM (TYR 42) : 28.3113
Residue Topographical Entropy from AEM (VAL 43) : 3.7748
Residue Topographical Entropy from AEM (LEU 44) : 9.3052
Residue Topographical Entropy from AEM (THR 45) : 6.6577
Residue Topographical Entropy from AEM (GLY 46) : -0.0000
Residue Topographical Entropy from AEM (ARG 47) : 4.3428
Residue Topographical Entropy from AEM (TYR 48) : 34.8161
Residue Topographical Entropy from AEM (ASP 49) : 6.7770
Residue Topographical Entropy from AEM (SER 50) : 5.6144
Residue Topographical Entropy from AEM (ALA 51) : -0.0000
Residue Topographical Entropy from AEM (PRO 52) : 8.0167
Residue Topographical Entropy from AEM (ALA 53) : -0.0000
Residue Topographical Entropy from AEM (THR 54) : 7.5923
Residue Topographical Entropy from AEM (ASP 55) : 13.4052
Residue Topographical Entropy from AEM (GLY 56) : -0.0000
Residue Topographical Entropy from AEM (SER 57) : 8.8136
Residue Topographical Entropy from AEM (GLY 58) : -0.0000
Residue Topographical Entropy from AEM (THR 59) : 3.5567
Residue Topographical Entropy from AEM (ALA 60) : -0.0000
Residue Topographical Entropy from AEM (LEU 61) : 9.5566
Residue Topographical Entropy from AEM (GLY 62) : -0.0000
Residue Topographical Entropy from AEM (TRP 63) : 40.1986
Residue Topographical Entropy from AEM (THR 64) : 1.8454
Residue Topographical Entropy from AEM (VAL 65) : 1.7953
Residue Topographical Entropy from AEM (ALA 66) : -0.0000
Residue Topographical Entropy from AEM (TRP 67) : 44.3210
Residue Topographical Entropy from AEM (LYS 68) : 15.8709
Residue Topographical Entropy from AEM (ASN 69) : 3.3787
Residue Topographical Entropy from AEM (ASN 70) : 15.7428
Residue Topographical Entropy from AEM (TYR 71) : 31.0233
Residue Topographical Entropy from AEM (ARG 72) : 18.0001
Residue Topographical Entropy from AEM (ASN 73) : 10.4994
Residue Topographical Entropy from AEM (ALA 74) : -0.0000
Residue Topographical Entropy from AEM (HID 75) : 23.8057
Residue Topographical Entropy from AEM (SER 76) : 4.3914
Residue Topographical Entropy from AEM (ALA 77) : -0.0000
Residue Topographical Entropy from AEM (THR 78) : 1.9682
Residue Topographical Entropy from AEM (THR 79) : 2.3039
Residue Topographical Entropy from AEM (TRP 80) : 37.6729
Residue Topographical Entropy from AEM (SER 81) : 2.3073
Residue Topographical Entropy from AEM (GLY 82) : -0.0000
Residue Topographical Entropy from AEM (GLN 83) : 10.7201
Residue Topographical Entropy from AEM (TYR 84) : 28.2472
Residue Topographical Entropy from AEM (VAL 85) : 4.4207
Residue Topographical Entropy from AEM (GLY 86) : -0.0000
Residue Topographical Entropy from AEM (GLY 87) : -0.0000
Residue Topographical Entropy from AEM (ALA 88) : -0.0000
Residue Topographical Entropy from AEM (GLU 89) : 22.7721
Residue Topographical Entropy from AEM (ALA 90) : -0.0000
Residue Topographical Entropy from AEM (ARG 91) : 11.6371
Residue Topographical Entropy from AEM (ILE 92) : 3.2696
Residue Topographical Entropy from AEM (ASN 93) : 6.7641
Residue Topographical Entropy from AEM (THR 94) : 5.1731
Residue Topographical Entropy from AEM (GLN 95) : 11.2259
Residue Topographical Entropy from AEM (TRP 96) : 45.8608
Residue Topographical Entropy from AEM (LEU 97) : 2.6566
Residue Topographical Entropy from AEM (LEU 98) : 3.3960
Residue Topographical Entropy from AEM (THR 99) : 1.8622
Residue Topographical Entropy from AEM (SER 100) : 7.9772
Residue Topographical Entropy from AEM (GLY 101) : -0.0000
Residue Topographical Entropy from AEM (THR 102) : 5.5345
Residue Topographical Entropy from AEM (THR 103) : 5.5881
Residue Topographical Entropy from AEM (GLU 104) : 25.1682
Residue Topographical Entropy from AEM (ALA 105) : -0.0000
Residue Topographical Entropy from AEM (ASN 106) : 4.8455
Residue Topographical Entropy from AEM (ALA 107) : -0.0000
Residue Topographical Entropy from AEM (TRP 108) : 40.9014
Residue Topographical Entropy from AEM (LYS 109) : 17.8359
Residue Topographical Entropy from AEM (SER 110) : 2.8075
Residue Topographical Entropy from AEM (THR 111) : 0.2667
Residue Topographical Entropy from AEM (LEU 112) : 3.9783
Residue Topographical Entropy from AEM (VAL 113) : 1.1347
Residue Topographical Entropy from AEM (GLY 114) : -0.0000
Residue Topographical Entropy from AEM (HID 115) : 23.6838
Residue Topographical Entropy from AEM (ASP 116) : 6.6196
Residue Topographical Entropy from AEM (THR 117) : 6.4853
Residue Topographical Entropy from AEM (PHE 118) : 31.7601
Residue Topographical Entropy from AEM (THR 119) : 5.0803
Residue Topographical Entropy from AEM (LYS 120) : 11.4814
Residue Topographical Entropy from AEM (VAL 121) : 0.7245
Residue Topographical Entropy from AEM (LYS 122) : 26.4230
Residue Topographical Entropy from AEM (PRO 123) : 11.1225
Residue Topographical Entropy from AEM (SER 124) : 7.6762
Residue Topographical Entropy from AEM (ALA 125) : -0.0000
Residue Topographical Entropy from AEM (ALA 126) : -0.0000
Residue Topographical Entropy from AEM (CSER 127) : 12.3074
____________________________________________________________
Total Topog. Entropy (AEM)               :        1189.746
------------------------------------------------------------
____________________________________________________________
Total Entropy                            :        1189.746
------------------------------------------------------------
