------------------------------------------------------------
Topographical entropy of residue side chains 
computed using all the dihedrals with correlation/pLogp formalism
------------------------------------------------------------
Side Chain Topographical Entropy from corr. pLogP method (NALA 1) : -0.0000
Side Chain Topographical Entropy from corr. pLogP method (GLU 2) : 21.8532
Side Chain Topographical Entropy from corr. pLogP method (ALA 3) : -0.0000
Side Chain Topographical Entropy from corr. pLogP method (GLY 4) : -0.0000
Side Chain Topographical Entropy from corr. pLogP method (ILE 5) : 1.7891
Side Chain Topographical Entropy from corr. pLogP method (THR 6) : 0.8409
Side Chain Topographical Entropy from corr. pLogP method (GLY 7) : -0.0000
Side Chain Topographical Entropy from corr. pLogP method (THR 8) : 3.4495
Side Chain Topographical Entropy from corr. pLogP method (TRP 9) : 1.7768
Side Chain Topographical Entropy from corr. pLogP method (TYR 10) : 7.5764
Side Chain Topographical Entropy from corr. pLogP method (ALA 11) : -0.0000
Side Chain Topographical Entropy from corr. pLogP method (GLN 12) : 22.2578
Side Chain Topographical Entropy from corr. pLogP method (LEU 13) : 9.0345
Side Chain Topographical Entropy from corr. pLogP method (GLY 14) : -0.0000
Side Chain Topographical Entropy from corr. pLogP method (SER 15) : 6.9300
Side Chain Topographical Entropy from corr. pLogP method (THR 16) : 3.6366
Side Chain Topographical Entropy from corr. pLogP method (PHE 17) : 13.8995
Side Chain Topographical Entropy from corr. pLogP method (ILE 18) : 7.0078
Side Chain Topographical Entropy from corr. pLogP method (VAL 19) : 5.7538
Side Chain Topographical Entropy from corr. pLogP method (THR 20) : 7.1187
Side Chain Topographical Entropy from corr. pLogP method (ALA 21) : -0.0000
Side Chain Topographical Entropy from corr. pLogP method (GLY 22) : -0.0000
Side Chain Topographical Entropy from corr. pLogP method (ALA 23) : -0.0000
Side Chain Topographical Entropy from corr. pLogP method (ASP 24) : 14.9543
Side Chain Topographical Entropy from corr. pLogP method (GLY 25) : -0.0000
Side Chain Topographical Entropy from corr. pLogP method (ALA 26) : -0.0000
Side Chain Topographical Entropy from corr. pLogP method (LEU 27) : 10.3882
Side Chain Topographical Entropy from corr. pLogP method (THR 28) : 8.8564
Side Chain Topographical Entropy from corr. pLogP method (GLY 29) : -0.0000
Side Chain Topographical Entropy from corr. pLogP method (THR 30) : 7.3719
Side Chain Topographical Entropy from corr. pLogP method (TYR 31) : 13.1006
Side Chain Topographical Entropy from corr. pLogP method (GLU 32) : 18.5248
Side Chain Topographical Entropy from corr. pLogP method (SER 33) : 7.6333
Side Chain Topographical Entropy from corr. pLogP method (ALA 34) : -0.0000
Side Chain Topographical Entropy from corr. pLogP method (VAL 35) : 7.2649
Side Chain Topographical Entropy from corr. pLogP method (GLY 36) : -0.0000
Side Chain Topographical Entropy from corr. pLogP method (ASN 37) : 13.2265
Side Chain Topographical Entropy from corr. pLogP method (ALA 38) : -0.0000
Side Chain Topographical Entropy from corr. pLogP method (GLU 39) : 21.9025
Side Chain Topographical Entropy from corr. pLogP method (SER 40) : 5.4223
Side Chain Topographical Entropy from corr. pLogP method (ARG 41) : 8.6393
Side Chain Topographical Entropy from corr. pLogP method (TYR 42) : 3.4732
Side Chain Topographical Entropy from corr. pLogP method (VAL 43) : 2.3970
Side Chain Topographical Entropy from corr. pLogP method (LEU 44) : 2.1733
Side Chain Topographical Entropy from corr. pLogP method (THR 45) : 7.0252
Side Chain Topographical Entropy from corr. pLogP method (GLY 46) : -0.0000
Side Chain Topographical Entropy from corr. pLogP method (ARG 47) : 8.6092
Side Chain Topographical Entropy from corr. pLogP method (TYR 48) : 5.5995
Side Chain Topographical Entropy from corr. pLogP method (ASP 49) : 4.5338
Side Chain Topographical Entropy from corr. pLogP method (SER 50) : 1.8202
Side Chain Topographical Entropy from corr. pLogP method (ALA 51) : -0.0000
Side Chain Topographical Entropy from corr. pLogP method (PRO 52) : 12.0214
Side Chain Topographical Entropy from corr. pLogP method (ALA 53) : -0.0000
Side Chain Topographical Entropy from corr. pLogP method (THR 54) : 7.4126
Side Chain Topographical Entropy from corr. pLogP method (ASP 55) : 15.3832
Side Chain Topographical Entropy from corr. pLogP method (GLY 56) : -0.0000
Side Chain Topographical Entropy from corr. pLogP method (SER 57) : 6.2785
Side Chain Topographical Entropy from corr. pLogP method (GLY 58) : -0.0000
Side Chain Topographical Entropy from corr. pLogP method (THR 59) : 0.8203
Side Chain Topographical Entropy from corr. pLogP method (ALA 60) : -0.0000
Side Chain Topographical Entropy from corr. pLogP method (LEU 61) : 5.5070
Side Chain Topographical Entropy from corr. pLogP method (GLY 62) : -0.0000
Side Chain Topographical Entropy from corr. pLogP method (TRP 63) : 3.2362
Side Chain Topographical Entropy from corr. pLogP method (THR 64) : 1.2231
Side Chain Topographical Entropy from corr. pLogP method (VAL 65) : 1.3523
Side Chain Topographical Entropy from corr. pLogP method (ALA 66) : -0.0000
Side Chain Topographical Entropy from corr. pLogP method (TRP 67) : 4.8092
Side Chain Topographical Entropy from corr. pLogP method (LYS 68) : 15.1498
Side Chain Topographical Entropy from corr. pLogP method (ASN 69) : 6.2013
Side Chain Topographical Entropy from corr. pLogP method (ASN 70) : 14.3795
Side Chain Topographical Entropy from corr. pLogP method (TYR 71) : 11.6092
Side Chain Topographical Entropy from corr. pLogP method (ARG 72) : 14.8700
Side Chain Topographical Entropy from corr. pLogP method (ASN 73) : 0.7243
Side Chain Topographical Entropy from corr. pLogP method (ALA 74) : -0.0000
Side Chain Topographical Entropy from corr. pLogP method (HID 75) : 2.3957
Side Chain Topographical Entropy from corr. pLogP method (SER 76) : 4.0679
Side Chain Topographical Entropy from corr. pLogP method (ALA 77) : -0.0000
Side Chain Topographical Entropy from corr. pLogP method (THR 78) : 0.1310
Side Chain Topographical Entropy from corr. pLogP method (THR 79) : 5.6814
Side Chain Topographical Entropy from corr. pLogP method (TRP 80) : 3.9261
Side Chain Topographical Entropy from corr. pLogP method (SER 81) : 0.7211
Side Chain Topographical Entropy from corr. pLogP method (GLY 82) : -0.0000
Side Chain Topographical Entropy from corr. pLogP method (GLN 83) : 8.1798
Side Chain Topographical Entropy from corr. pLogP method (TYR 84) : 1.7892
Side Chain Topographical Entropy from corr. pLogP method (VAL 85) : 2.4883
Side Chain Topographical Entropy from corr. pLogP method (GLY 86) : -0.0000
Side Chain Topographical Entropy from corr. pLogP method (GLY 87) : -0.0000
Side Chain Topographical Entropy from corr. pLogP method (ALA 88) : -0.0000
Side Chain Topographical Entropy from corr. pLogP method (GLU 89) : 19.8859
Side Chain Topographical Entropy from corr. pLogP method (ALA 90) : -0.0000
Side Chain Topographical Entropy from corr. pLogP method (ARG 91) : 9.6046
Side Chain Topographical Entropy from corr. pLogP method (ILE 92) : 1.5923
Side Chain Topographical Entropy from corr. pLogP method (ASN 93) : 4.3498
Side Chain Topographical Entropy from corr. pLogP method (THR 94) : 1.9449
Side Chain Topographical Entropy from corr. pLogP method (GLN 95) : 7.8179
Side Chain Topographical Entropy from corr. pLogP method (TRP 96) : 1.6494
Side Chain Topographical Entropy from corr. pLogP method (LEU 97) : 0.7770
Side Chain Topographical Entropy from corr. pLogP method (LEU 98) : 1.6492
Side Chain Topographical Entropy from corr. pLogP method (THR 99) : 0.3432
Side Chain Topographical Entropy from corr. pLogP method (SER 100) : 8.0036
Side Chain Topographical Entropy from corr. pLogP method (GLY 101) : -0.0000
Side Chain Topographical Entropy from corr. pLogP method (THR 102) : 8.5042
Side Chain Topographical Entropy from corr. pLogP method (THR 103) : 4.3566
Side Chain Topographical Entropy from corr. pLogP method (GLU 104) : 23.9679
Side Chain Topographical Entropy from corr. pLogP method (ALA 105) : -0.0000
Side Chain Topographical Entropy from corr. pLogP method (ASN 106) : 7.8654
Side Chain Topographical Entropy from corr. pLogP method (ALA 107) : -0.0000
Side Chain Topographical Entropy from corr. pLogP method (TRP 108) : 9.7207
Side Chain Topographical Entropy from corr. pLogP method (LYS 109) : 15.7963
Side Chain Topographical Entropy from corr. pLogP method (SER 110) : 6.7709
Side Chain Topographical Entropy from corr. pLogP method (THR 111) : 0.3670
Side Chain Topographical Entropy from corr. pLogP method (LEU 112) : 1.5869
Side Chain Topographical Entropy from corr. pLogP method (VAL 113) : 0.7648
Side Chain Topographical Entropy from corr. pLogP method (GLY 114) : -0.0000
Side Chain Topographical Entropy from corr. pLogP method (HID 115) : 2.5577
Side Chain Topographical Entropy from corr. pLogP method (ASP 116) : 9.5979
Side Chain Topographical Entropy from corr. pLogP method (THR 117) : 1.3159
Side Chain Topographical Entropy from corr. pLogP method (PHE 118) : 3.8471
Side Chain Topographical Entropy from corr. pLogP method (THR 119) : 5.7712
Side Chain Topographical Entropy from corr. pLogP method (LYS 120) : 8.6565
Side Chain Topographical Entropy from corr. pLogP method (VAL 121) : 3.2509
Side Chain Topographical Entropy from corr. pLogP method (LYS 122) : 24.4878
Side Chain Topographical Entropy from corr. pLogP method (PRO 123) : 15.2810
Side Chain Topographical Entropy from corr. pLogP method (SER 124) : 5.7441
Side Chain Topographical Entropy from corr. pLogP method (ALA 125) : -0.0000
Side Chain Topographical Entropy from corr. pLogP method (ALA 126) : -0.0000
Side Chain Topographical Entropy from corr. pLogP method (CSER 127) : 6.6501
____________________________________________________________
Total SC Topog. Entropy (corr. pLogP)    :         660.678
------------------------------------------------------------
____________________________________________________________
Total BB Topog. Entropy (corr. pLogP)    :          41.685
------------------------------------------------------------
____________________________________________________________
Total Entropy                            :         702.363
------------------------------------------------------------
