------------------------------------------------------------
Topographical entropy of residue side chains 
computed using all the dihedrals with AEM method
------------------------------------------------------------
Residue Topographical Entropy from AEM (NALA 1) : 1.3025
Residue Topographical Entropy from AEM (GLU 2) : 24.8670
Residue Topographical Entropy from AEM (ALA 3) : -0.0000
Residue Topographical Entropy from AEM (GLY 4) : -0.0000
Residue Topographical Entropy from AEM (ILE 5) : 2.6634
Residue Topographical Entropy from AEM (THR 6) : 1.0714
Residue Topographical Entropy from AEM (GLY 7) : -0.0000
Residue Topographical Entropy from AEM (THR 8) : 1.0517
Residue Topographical Entropy from AEM (TRP 9) : 38.0685
Residue Topographical Entropy from AEM (TYR 10) : 22.9232
Residue Topographical Entropy from AEM (ALA 11) : -0.0000
Residue Topographical Entropy from AEM (GLN 12) : 14.5498
Residue Topographical Entropy from AEM (LEU 13) : 8.5872
Residue Topographical Entropy from AEM (GLY 14) : -0.0000
Residue Topographical Entropy from AEM (SER 15) : 5.3546
Residue Topographical Entropy from AEM (THR 16) : 6.2383
Residue Topographical Entropy from AEM (PHE 17) : 31.9342
Residue Topographical Entropy from AEM (ILE 18) : 9.9506
Residue Topographical Entropy from AEM (VAL 19) : 6.1061
Residue Topographical Entropy from AEM (THR 20) : 5.9702
Residue Topographical Entropy from AEM (ALA 21) : -0.0000
Residue Topographical Entropy from AEM (GLY 22) : -0.0000
Residue Topographical Entropy from AEM (ALA 23) : -0.0000
Residue Topographical Entropy from AEM (ASP 24) : 10.9012
Residue Topographical Entropy from AEM (GLY 25) : -0.0000
Residue Topographical Entropy from AEM (ALA 26) : -0.0000
Residue Topographical Entropy from AEM (LEU 27) : 9.7434
Residue Topographical Entropy from AEM (THR 28) : 8.4754
Residue Topographical Entropy from AEM (GLY 29) : -0.0000
Residue Topographical Entropy from AEM (THR 30) : 1.7168
Residue Topographical Entropy from AEM (TYR 31) : 24.3929
Residue Topographical Entropy from AEM (GLU 32) : 10.3633
Residue Topographical Entropy from AEM (SER 33) : 6.2408
Residue Topographical Entropy from AEM (ALA 34) : -0.0000
Residue Topographical Entropy from AEM (VAL 35) : 5.5965
Residue Topographical Entropy from AEM (GLY 36) : -0.0000
Residue Topographical Entropy from AEM (ASN 37) : 10.8672
Residue Topographical Entropy from AEM (ALA 38) : -0.0000
Residue Topographical Entropy from AEM (GLU 39) : 24.2154
Residue Topographical Entropy from AEM (SER 40) : 7.4749
Residue Topographical Entropy from AEM (ARG 41) : 15.1384
Residue Topographical Entropy from AEM (TYR 42) : 21.3147
Residue Topographical Entropy from AEM (VAL 43) : 1.9210
Residue Topographical Entropy from AEM (LEU 44) : 11.0705
Residue Topographical Entropy from AEM (THR 45) : 1.1890
Residue Topographical Entropy from AEM (GLY 46) : -0.0000
Residue Topographical Entropy from AEM (ARG 47) : 5.2074
Residue Topographical Entropy from AEM (TYR 48) : 24.3411
Residue Topographical Entropy from AEM (ASP 49) : 5.1472
Residue Topographical Entropy from AEM (SER 50) : 7.2871
Residue Topographical Entropy from AEM (ALA 51) : -0.0000
Residue Topographical Entropy from AEM (PRO 52) : 7.6537
Residue Topographical Entropy from AEM (ALA 53) : -0.0000
Residue Topographical Entropy from AEM (THR 54) : 8.1256
Residue Topographical Entropy from AEM (ASP 55) : 11.3637
Residue Topographical Entropy from AEM (GLY 56) : -0.0000
Residue Topographical Entropy from AEM (SER 57) : 6.6940
Residue Topographical Entropy from AEM (GLY 58) : -0.0000
Residue Topographical Entropy from AEM (THR 59) : 1.0545
Residue Topographical Entropy from AEM (ALA 60) : -0.0000
Residue Topographical Entropy from AEM (LEU 61) : 5.9965
Residue Topographical Entropy from AEM (GLY 62) : -0.0000
Residue Topographical Entropy from AEM (TRP 63) : 36.6138
Residue Topographical Entropy from AEM (THR 64) : 0.6035
Residue Topographical Entropy from AEM (VAL 65) : 2.1715
Residue Topographical Entropy from AEM (ALA 66) : -0.0000
Residue Topographical Entropy from AEM (TRP 67) : 30.2161
Residue Topographical Entropy from AEM (LYS 68) : 20.6631
Residue Topographical Entropy from AEM (ASN 69) : 10.1678
Residue Topographical Entropy from AEM (ASN 70) : 8.2219
Residue Topographical Entropy from AEM (TYR 71) : 11.5736
Residue Topographical Entropy from AEM (ARG 72) : 17.5146
Residue Topographical Entropy from AEM (ASN 73) : 3.3023
Residue Topographical Entropy from AEM (ALA 74) : -0.0000
Residue Topographical Entropy from AEM (HID 75) : 1.8584
Residue Topographical Entropy from AEM (SER 76) : 8.2480
Residue Topographical Entropy from AEM (ALA 77) : -0.0000
Residue Topographical Entropy from AEM (THR 78) : 0.3468
Residue Topographical Entropy from AEM (THR 79) : 1.9799
Residue Topographical Entropy from AEM (TRP 80) : 37.9361
Residue Topographical Entropy from AEM (SER 81) : 3.9674
Residue Topographical Entropy from AEM (GLY 82) : -0.0000
Residue Topographical Entropy from AEM (GLN 83) : 12.8307
Residue Topographical Entropy from AEM (TYR 84) : 22.8901
Residue Topographical Entropy from AEM (VAL 85) : 4.1024
Residue Topographical Entropy from AEM (GLY 86) : -0.0000
Residue Topographical Entropy from AEM (GLY 87) : -0.0000
Residue Topographical Entropy from AEM (ALA 88) : -0.0000
Residue Topographical Entropy from AEM (GLU 89) : 21.2545
Residue Topographical Entropy from AEM (ALA 90) : -0.0000
Residue Topographical Entropy from AEM (ARG 91) : 8.5490
Residue Topographical Entropy from AEM (ILE 92) : 2.3807
Residue Topographical Entropy from AEM (ASN 93) : 6.7788
Residue Topographical Entropy from AEM (THR 94) : 4.2010
Residue Topographical Entropy from AEM (GLN 95) : 4.0484
Residue Topographical Entropy from AEM (TRP 96) : 14.9393
Residue Topographical Entropy from AEM (LEU 97) : 6.1987
Residue Topographical Entropy from AEM (LEU 98) : 2.3906
Residue Topographical Entropy from AEM (THR 99) : 0.8632
Residue Topographical Entropy from AEM (SER 100) : 7.6864
Residue Topographical Entropy from AEM (GLY 101) : -0.0000
Residue Topographical Entropy from AEM (THR 102) : 6.4331
Residue Topographical Entropy from AEM (THR 103) : 7.4293
Residue Topographical Entropy from AEM (GLU 104) : 25.8381
Residue Topographical Entropy from AEM (ALA 105) : -0.0000
Residue Topographical Entropy from AEM (ASN 106) : 1.6965
Residue Topographical Entropy from AEM (ALA 107) : -0.0000
Residue Topographical Entropy from AEM (TRP 108) : -0.0000
Residue Topographical Entropy from AEM (LYS 109) : 13.1591
Residue Topographical Entropy from AEM (SER 110) : 3.9223
Residue Topographical Entropy from AEM (THR 111) : -0.0000
Residue Topographical Entropy from AEM (LEU 112) : 3.7760
Residue Topographical Entropy from AEM (VAL 113) : -0.0000
Residue Topographical Entropy from AEM (GLY 114) : -0.0000
Residue Topographical Entropy from AEM (HID 115) : 23.7288
Residue Topographical Entropy from AEM (ASP 116) : 9.8074
Residue Topographical Entropy from AEM (THR 117) : 4.3045
Residue Topographical Entropy from AEM (PHE 118) : 35.2282
Residue Topographical Entropy from AEM (THR 119) : 5.3569
Residue Topographical Entropy from AEM (LYS 120) : 17.0158
Residue Topographical Entropy from AEM (VAL 121) : 4.4537
Residue Topographical Entropy from AEM (LYS 122) : 17.0403
Residue Topographical Entropy from AEM (PRO 123) : 7.8620
Residue Topographical Entropy from AEM (SER 124) : 8.7414
Residue Topographical Entropy from AEM (ALA 125) : -0.0000
Residue Topographical Entropy from AEM (ALA 126) : -0.0000
Residue Topographical Entropy from AEM (CSER 127) : 7.0244
____________________________________________________________
Total Topog. Entropy (AEM)               :         951.448
------------------------------------------------------------
____________________________________________________________
Total Entropy                            :         951.448
------------------------------------------------------------
