------------------------------------------------------------
Topographical entropy of residue side chains 
computed using all the dihedrals with correlation/pLogp formalism
------------------------------------------------------------
Side Chain Topographical Entropy from corr. pLogP method (NALA 1) : -0.0000
Side Chain Topographical Entropy from corr. pLogP method (GLU 2) : 20.7386
Side Chain Topographical Entropy from corr. pLogP method (ALA 3) : -0.0000
Side Chain Topographical Entropy from corr. pLogP method (GLY 4) : -0.0000
Side Chain Topographical Entropy from corr. pLogP method (ILE 5) : 1.7060
Side Chain Topographical Entropy from corr. pLogP method (THR 6) : -0.0000
Side Chain Topographical Entropy from corr. pLogP method (GLY 7) : -0.0000
Side Chain Topographical Entropy from corr. pLogP method (THR 8) : 1.4606
Side Chain Topographical Entropy from corr. pLogP method (TRP 9) : -0.0000
Side Chain Topographical Entropy from corr. pLogP method (TYR 10) : 5.6512
Side Chain Topographical Entropy from corr. pLogP method (ALA 11) : -0.0000
Side Chain Topographical Entropy from corr. pLogP method (GLN 12) : 20.7476
Side Chain Topographical Entropy from corr. pLogP method (LEU 13) : 7.3964
Side Chain Topographical Entropy from corr. pLogP method (GLY 14) : -0.0000
Side Chain Topographical Entropy from corr. pLogP method (SER 15) : 8.2218
Side Chain Topographical Entropy from corr. pLogP method (THR 16) : 5.2109
Side Chain Topographical Entropy from corr. pLogP method (PHE 17) : 0.6244
Side Chain Topographical Entropy from corr. pLogP method (ILE 18) : 9.5329
Side Chain Topographical Entropy from corr. pLogP method (VAL 19) : 1.1058
Side Chain Topographical Entropy from corr. pLogP method (THR 20) : 7.7675
Side Chain Topographical Entropy from corr. pLogP method (ALA 21) : -0.0000
Side Chain Topographical Entropy from corr. pLogP method (GLY 22) : -0.0000
Side Chain Topographical Entropy from corr. pLogP method (ALA 23) : -0.0000
Side Chain Topographical Entropy from corr. pLogP method (ASP 24) : 14.8017
Side Chain Topographical Entropy from corr. pLogP method (GLY 25) : -0.0000
Side Chain Topographical Entropy from corr. pLogP method (ALA 26) : -0.0000
Side Chain Topographical Entropy from corr. pLogP method (LEU 27) : 6.9309
Side Chain Topographical Entropy from corr. pLogP method (THR 28) : 7.1847
Side Chain Topographical Entropy from corr. pLogP method (GLY 29) : -0.0000
Side Chain Topographical Entropy from corr. pLogP method (THR 30) : 5.3394
Side Chain Topographical Entropy from corr. pLogP method (TYR 31) : 3.6028
Side Chain Topographical Entropy from corr. pLogP method (GLU 32) : 16.5799
Side Chain Topographical Entropy from corr. pLogP method (SER 33) : 7.6644
Side Chain Topographical Entropy from corr. pLogP method (ALA 34) : -0.0000
Side Chain Topographical Entropy from corr. pLogP method (VAL 35) : 7.8307
Side Chain Topographical Entropy from corr. pLogP method (GLY 36) : -0.0000
Side Chain Topographical Entropy from corr. pLogP method (ASN 37) : 11.3783
Side Chain Topographical Entropy from corr. pLogP method (ALA 38) : -0.0000
Side Chain Topographical Entropy from corr. pLogP method (GLU 39) : 22.3460
Side Chain Topographical Entropy from corr. pLogP method (SER 40) : 4.5200
Side Chain Topographical Entropy from corr. pLogP method (ARG 41) : 12.3298
Side Chain Topographical Entropy from corr. pLogP method (TYR 42) : 0.1285
Side Chain Topographical Entropy from corr. pLogP method (VAL 43) : 0.6141
Side Chain Topographical Entropy from corr. pLogP method (LEU 44) : 0.8313
Side Chain Topographical Entropy from corr. pLogP method (THR 45) : 8.8586
Side Chain Topographical Entropy from corr. pLogP method (GLY 46) : -0.0000
Side Chain Topographical Entropy from corr. pLogP method (ARG 47) : 1.2090
Side Chain Topographical Entropy from corr. pLogP method (TYR 48) : 3.5368
Side Chain Topographical Entropy from corr. pLogP method (ASP 49) : 3.7360
Side Chain Topographical Entropy from corr. pLogP method (SER 50) : 2.2952
Side Chain Topographical Entropy from corr. pLogP method (ALA 51) : -0.0000
Side Chain Topographical Entropy from corr. pLogP method (PRO 52) : 11.9575
Side Chain Topographical Entropy from corr. pLogP method (ALA 53) : -0.0000
Side Chain Topographical Entropy from corr. pLogP method (THR 54) : 5.9782
Side Chain Topographical Entropy from corr. pLogP method (ASP 55) : 8.1388
Side Chain Topographical Entropy from corr. pLogP method (GLY 56) : -0.0000
Side Chain Topographical Entropy from corr. pLogP method (SER 57) : 6.8610
Side Chain Topographical Entropy from corr. pLogP method (GLY 58) : -0.0000
Side Chain Topographical Entropy from corr. pLogP method (THR 59) : 0.2617
Side Chain Topographical Entropy from corr. pLogP method (ALA 60) : -0.0000
Side Chain Topographical Entropy from corr. pLogP method (LEU 61) : 6.1237
Side Chain Topographical Entropy from corr. pLogP method (GLY 62) : -0.0000
Side Chain Topographical Entropy from corr. pLogP method (TRP 63) : -0.0000
Side Chain Topographical Entropy from corr. pLogP method (THR 64) : 0.7640
Side Chain Topographical Entropy from corr. pLogP method (VAL 65) : -0.0000
Side Chain Topographical Entropy from corr. pLogP method (ALA 66) : -0.0000
Side Chain Topographical Entropy from corr. pLogP method (TRP 67) : 0.0134
Side Chain Topographical Entropy from corr. pLogP method (LYS 68) : 16.4510
Side Chain Topographical Entropy from corr. pLogP method (ASN 69) : 5.7055
Side Chain Topographical Entropy from corr. pLogP method (ASN 70) : 13.4052
Side Chain Topographical Entropy from corr. pLogP method (TYR 71) : 8.3485
Side Chain Topographical Entropy from corr. pLogP method (ARG 72) : 15.6065
Side Chain Topographical Entropy from corr. pLogP method (ASN 73) : 7.0594
Side Chain Topographical Entropy from corr. pLogP method (ALA 74) : -0.0000
Side Chain Topographical Entropy from corr. pLogP method (HID 75) : 1.6095
Side Chain Topographical Entropy from corr. pLogP method (SER 76) : 5.8980
Side Chain Topographical Entropy from corr. pLogP method (ALA 77) : -0.0000
Side Chain Topographical Entropy from corr. pLogP method (THR 78) : -0.0000
Side Chain Topographical Entropy from corr. pLogP method (THR 79) : 6.7665
Side Chain Topographical Entropy from corr. pLogP method (TRP 80) : 1.4606
Side Chain Topographical Entropy from corr. pLogP method (SER 81) : 3.0286
Side Chain Topographical Entropy from corr. pLogP method (GLY 82) : -0.0000
Side Chain Topographical Entropy from corr. pLogP method (GLN 83) : 9.2442
Side Chain Topographical Entropy from corr. pLogP method (TYR 84) : 0.0269
Side Chain Topographical Entropy from corr. pLogP method (VAL 85) : 1.4311
Side Chain Topographical Entropy from corr. pLogP method (GLY 86) : -0.0000
Side Chain Topographical Entropy from corr. pLogP method (GLY 87) : -0.0000
Side Chain Topographical Entropy from corr. pLogP method (ALA 88) : -0.0000
Side Chain Topographical Entropy from corr. pLogP method (GLU 89) : 20.2172
Side Chain Topographical Entropy from corr. pLogP method (ALA 90) : -0.0000
Side Chain Topographical Entropy from corr. pLogP method (ARG 91) : 11.1561
Side Chain Topographical Entropy from corr. pLogP method (ILE 92) : 0.2159
Side Chain Topographical Entropy from corr. pLogP method (ASN 93) : 6.4281
Side Chain Topographical Entropy from corr. pLogP method (THR 94) : 0.1593
Side Chain Topographical Entropy from corr. pLogP method (GLN 95) : 1.7811
Side Chain Topographical Entropy from corr. pLogP method (TRP 96) : 0.8366
Side Chain Topographical Entropy from corr. pLogP method (LEU 97) : 0.1291
Side Chain Topographical Entropy from corr. pLogP method (LEU 98) : 2.4998
Side Chain Topographical Entropy from corr. pLogP method (THR 99) : 0.0134
Side Chain Topographical Entropy from corr. pLogP method (SER 100) : 8.0799
Side Chain Topographical Entropy from corr. pLogP method (GLY 101) : -0.0000
Side Chain Topographical Entropy from corr. pLogP method (THR 102) : 9.0550
Side Chain Topographical Entropy from corr. pLogP method (THR 103) : 4.0953
Side Chain Topographical Entropy from corr. pLogP method (GLU 104) : 22.6700
Side Chain Topographical Entropy from corr. pLogP method (ALA 105) : -0.0000
Side Chain Topographical Entropy from corr. pLogP method (ASN 106) : 6.0943
Side Chain Topographical Entropy from corr. pLogP method (ALA 107) : -0.0000
Side Chain Topographical Entropy from corr. pLogP method (TRP 108) : 5.7751
Side Chain Topographical Entropy from corr. pLogP method (LYS 109) : 12.4039
Side Chain Topographical Entropy from corr. pLogP method (SER 110) : 4.4323
Side Chain Topographical Entropy from corr. pLogP method (THR 111) : 0.0461
Side Chain Topographical Entropy from corr. pLogP method (LEU 112) : 3.1111
Side Chain Topographical Entropy from corr. pLogP method (VAL 113) : -0.0000
Side Chain Topographical Entropy from corr. pLogP method (GLY 114) : -0.0000
Side Chain Topographical Entropy from corr. pLogP method (HID 115) : 0.0134
Side Chain Topographical Entropy from corr. pLogP method (ASP 116) : 8.1540
Side Chain Topographical Entropy from corr. pLogP method (THR 117) : 5.3908
Side Chain Topographical Entropy from corr. pLogP method (PHE 118) : 0.0134
Side Chain Topographical Entropy from corr. pLogP method (THR 119) : 6.2231
Side Chain Topographical Entropy from corr. pLogP method (LYS 120) : 11.6894
Side Chain Topographical Entropy from corr. pLogP method (VAL 121) : 4.8115
Side Chain Topographical Entropy from corr. pLogP method (LYS 122) : 16.7805
Side Chain Topographical Entropy from corr. pLogP method (PRO 123) : 14.5606
Side Chain Topographical Entropy from corr. pLogP method (SER 124) : 8.5739
Side Chain Topographical Entropy from corr. pLogP method (ALA 125) : -0.0000
Side Chain Topographical Entropy from corr. pLogP method (ALA 126) : -0.0000
Side Chain Topographical Entropy from corr. pLogP method (CSER 127) : 4.3800
____________________________________________________________
Total SC Topog. Entropy (corr. pLogP)    :         567.812
------------------------------------------------------------
____________________________________________________________
Total BB Topog. Entropy (corr. pLogP)    :          18.706
------------------------------------------------------------
____________________________________________________________
Total Entropy                            :         586.518
------------------------------------------------------------
