------------------------------------------------------------
Topographical entropy of residue side chains 
computed using all the dihedrals with correlation/pLogp formalism
------------------------------------------------------------
Side Chain Topographical Entropy from corr. pLogP method (NALA 1) : -0.0000
Side Chain Topographical Entropy from corr. pLogP method (GLU 2) : 24.3279
Side Chain Topographical Entropy from corr. pLogP method (ALA 3) : -0.0000
Side Chain Topographical Entropy from corr. pLogP method (GLY 4) : -0.0000
Side Chain Topographical Entropy from corr. pLogP method (ILE 5) : 2.8946
Side Chain Topographical Entropy from corr. pLogP method (THR 6) : 0.3208
Side Chain Topographical Entropy from corr. pLogP method (GLY 7) : -0.0000
Side Chain Topographical Entropy from corr. pLogP method (THR 8) : 1.9649
Side Chain Topographical Entropy from corr. pLogP method (TRP 9) : 1.9910
Side Chain Topographical Entropy from corr. pLogP method (TYR 10) : 8.2999
Side Chain Topographical Entropy from corr. pLogP method (ALA 11) : -0.0000
Side Chain Topographical Entropy from corr. pLogP method (GLN 12) : 21.5381
Side Chain Topographical Entropy from corr. pLogP method (LEU 13) : 8.8139
Side Chain Topographical Entropy from corr. pLogP method (GLY 14) : -0.0000
Side Chain Topographical Entropy from corr. pLogP method (SER 15) : 7.8063
Side Chain Topographical Entropy from corr. pLogP method (THR 16) : 4.2958
Side Chain Topographical Entropy from corr. pLogP method (PHE 17) : 2.6986
Side Chain Topographical Entropy from corr. pLogP method (ILE 18) : 11.3160
Side Chain Topographical Entropy from corr. pLogP method (VAL 19) : 4.5775
Side Chain Topographical Entropy from corr. pLogP method (THR 20) : 6.9155
Side Chain Topographical Entropy from corr. pLogP method (ALA 21) : -0.0000
Side Chain Topographical Entropy from corr. pLogP method (GLY 22) : -0.0000
Side Chain Topographical Entropy from corr. pLogP method (ALA 23) : -0.0000
Side Chain Topographical Entropy from corr. pLogP method (ASP 24) : 14.5713
Side Chain Topographical Entropy from corr. pLogP method (GLY 25) : -0.0000
Side Chain Topographical Entropy from corr. pLogP method (ALA 26) : -0.0000
Side Chain Topographical Entropy from corr. pLogP method (LEU 27) : 10.8760
Side Chain Topographical Entropy from corr. pLogP method (THR 28) : 8.8697
Side Chain Topographical Entropy from corr. pLogP method (GLY 29) : -0.0000
Side Chain Topographical Entropy from corr. pLogP method (THR 30) : 8.5006
Side Chain Topographical Entropy from corr. pLogP method (TYR 31) : 11.2257
Side Chain Topographical Entropy from corr. pLogP method (GLU 32) : 18.6321
Side Chain Topographical Entropy from corr. pLogP method (SER 33) : 6.9659
Side Chain Topographical Entropy from corr. pLogP method (ALA 34) : -0.0000
Side Chain Topographical Entropy from corr. pLogP method (VAL 35) : 8.5857
Side Chain Topographical Entropy from corr. pLogP method (GLY 36) : -0.0000
Side Chain Topographical Entropy from corr. pLogP method (ASN 37) : 15.0584
Side Chain Topographical Entropy from corr. pLogP method (ALA 38) : -0.0000
Side Chain Topographical Entropy from corr. pLogP method (GLU 39) : 17.7576
Side Chain Topographical Entropy from corr. pLogP method (SER 40) : 8.2287
Side Chain Topographical Entropy from corr. pLogP method (ARG 41) : 17.9616
Side Chain Topographical Entropy from corr. pLogP method (TYR 42) : 0.8750
Side Chain Topographical Entropy from corr. pLogP method (VAL 43) : 2.2532
Side Chain Topographical Entropy from corr. pLogP method (LEU 44) : 8.9340
Side Chain Topographical Entropy from corr. pLogP method (THR 45) : 6.4957
Side Chain Topographical Entropy from corr. pLogP method (GLY 46) : -0.0000
Side Chain Topographical Entropy from corr. pLogP method (ARG 47) : 3.2758
Side Chain Topographical Entropy from corr. pLogP method (TYR 48) : 9.9141
Side Chain Topographical Entropy from corr. pLogP method (ASP 49) : 9.5627
Side Chain Topographical Entropy from corr. pLogP method (SER 50) : 4.6962
Side Chain Topographical Entropy from corr. pLogP method (ALA 51) : -0.0000
Side Chain Topographical Entropy from corr. pLogP method (PRO 52) : 15.5793
Side Chain Topographical Entropy from corr. pLogP method (ALA 53) : -0.0000
Side Chain Topographical Entropy from corr. pLogP method (THR 54) : 8.9806
Side Chain Topographical Entropy from corr. pLogP method (ASP 55) : 14.9571
Side Chain Topographical Entropy from corr. pLogP method (GLY 56) : -0.0000
Side Chain Topographical Entropy from corr. pLogP method (SER 57) : 7.6329
Side Chain Topographical Entropy from corr. pLogP method (GLY 58) : -0.0000
Side Chain Topographical Entropy from corr. pLogP method (THR 59) : 1.3213
Side Chain Topographical Entropy from corr. pLogP method (ALA 60) : -0.0000
Side Chain Topographical Entropy from corr. pLogP method (LEU 61) : 4.5687
Side Chain Topographical Entropy from corr. pLogP method (GLY 62) : -0.0000
Side Chain Topographical Entropy from corr. pLogP method (TRP 63) : 2.3071
Side Chain Topographical Entropy from corr. pLogP method (THR 64) : 0.7744
Side Chain Topographical Entropy from corr. pLogP method (VAL 65) : 2.6314
Side Chain Topographical Entropy from corr. pLogP method (ALA 66) : -0.0000
Side Chain Topographical Entropy from corr. pLogP method (TRP 67) : 2.4784
Side Chain Topographical Entropy from corr. pLogP method (LYS 68) : 17.7907
Side Chain Topographical Entropy from corr. pLogP method (ASN 69) : 14.7347
Side Chain Topographical Entropy from corr. pLogP method (ASN 70) : 14.2831
Side Chain Topographical Entropy from corr. pLogP method (TYR 71) : 12.9902
Side Chain Topographical Entropy from corr. pLogP method (ARG 72) : 20.1311
Side Chain Topographical Entropy from corr. pLogP method (ASN 73) : 2.5849
Side Chain Topographical Entropy from corr. pLogP method (ALA 74) : -0.0000
Side Chain Topographical Entropy from corr. pLogP method (HID 75) : 3.3443
Side Chain Topographical Entropy from corr. pLogP method (SER 76) : 1.2877
Side Chain Topographical Entropy from corr. pLogP method (ALA 77) : -0.0000
Side Chain Topographical Entropy from corr. pLogP method (THR 78) : 0.8869
Side Chain Topographical Entropy from corr. pLogP method (THR 79) : 0.1950
Side Chain Topographical Entropy from corr. pLogP method (TRP 80) : 5.5658
Side Chain Topographical Entropy from corr. pLogP method (SER 81) : 1.5790
Side Chain Topographical Entropy from corr. pLogP method (GLY 82) : -0.0000
Side Chain Topographical Entropy from corr. pLogP method (GLN 83) : 13.0046
Side Chain Topographical Entropy from corr. pLogP method (TYR 84) : 3.2350
Side Chain Topographical Entropy from corr. pLogP method (VAL 85) : 5.1679
Side Chain Topographical Entropy from corr. pLogP method (GLY 86) : -0.0000
Side Chain Topographical Entropy from corr. pLogP method (GLY 87) : -0.0000
Side Chain Topographical Entropy from corr. pLogP method (ALA 88) : -0.0000
Side Chain Topographical Entropy from corr. pLogP method (GLU 89) : 21.1514
Side Chain Topographical Entropy from corr. pLogP method (ALA 90) : -0.0000
Side Chain Topographical Entropy from corr. pLogP method (ARG 91) : 12.9631
Side Chain Topographical Entropy from corr. pLogP method (ILE 92) : 1.4425
Side Chain Topographical Entropy from corr. pLogP method (ASN 93) : 7.3817
Side Chain Topographical Entropy from corr. pLogP method (THR 94) : 1.6923
Side Chain Topographical Entropy from corr. pLogP method (GLN 95) : 6.6573
Side Chain Topographical Entropy from corr. pLogP method (TRP 96) : 2.2405
Side Chain Topographical Entropy from corr. pLogP method (LEU 97) : 2.9068
Side Chain Topographical Entropy from corr. pLogP method (LEU 98) : 1.1683
Side Chain Topographical Entropy from corr. pLogP method (THR 99) : 0.6372
Side Chain Topographical Entropy from corr. pLogP method (SER 100) : 7.6378
Side Chain Topographical Entropy from corr. pLogP method (GLY 101) : -0.0000
Side Chain Topographical Entropy from corr. pLogP method (THR 102) : 7.8128
Side Chain Topographical Entropy from corr. pLogP method (THR 103) : 6.1407
Side Chain Topographical Entropy from corr. pLogP method (GLU 104) : 23.4133
Side Chain Topographical Entropy from corr. pLogP method (ALA 105) : -0.0000
Side Chain Topographical Entropy from corr. pLogP method (ASN 106) : 6.4456
Side Chain Topographical Entropy from corr. pLogP method (ALA 107) : -0.0000
Side Chain Topographical Entropy from corr. pLogP method (TRP 108) : 6.0677
Side Chain Topographical Entropy from corr. pLogP method (LYS 109) : 13.7721
Side Chain Topographical Entropy from corr. pLogP method (SER 110) : 1.6470
Side Chain Topographical Entropy from corr. pLogP method (THR 111) : 0.5871
Side Chain Topographical Entropy from corr. pLogP method (LEU 112) : 2.5748
Side Chain Topographical Entropy from corr. pLogP method (VAL 113) : 0.6148
Side Chain Topographical Entropy from corr. pLogP method (GLY 114) : -0.0000
Side Chain Topographical Entropy from corr. pLogP method (HID 115) : 1.9846
Side Chain Topographical Entropy from corr. pLogP method (ASP 116) : 8.2102
Side Chain Topographical Entropy from corr. pLogP method (THR 117) : 3.9731
Side Chain Topographical Entropy from corr. pLogP method (PHE 118) : 2.1270
Side Chain Topographical Entropy from corr. pLogP method (THR 119) : 6.1591
Side Chain Topographical Entropy from corr. pLogP method (LYS 120) : 14.2467
Side Chain Topographical Entropy from corr. pLogP method (VAL 121) : 5.9568
Side Chain Topographical Entropy from corr. pLogP method (LYS 122) : 17.8253
Side Chain Topographical Entropy from corr. pLogP method (PRO 123) : 15.0164
Side Chain Topographical Entropy from corr. pLogP method (SER 124) : 8.4521
Side Chain Topographical Entropy from corr. pLogP method (ALA 125) : -0.0000
Side Chain Topographical Entropy from corr. pLogP method (ALA 126) : -0.0000
Side Chain Topographical Entropy from corr. pLogP method (CSER 127) : 4.2584
____________________________________________________________
Total SC Topog. Entropy (corr. pLogP)    :         702.178
------------------------------------------------------------
____________________________________________________________
Total BB Topog. Entropy (corr. pLogP)    :          41.749
------------------------------------------------------------
____________________________________________________________
Total Entropy                            :         743.927
------------------------------------------------------------
------------------------------------------------------------
Topographical entropy of residue side chains 
computed using all the dihedrals with correlation/pLogp formalism
------------------------------------------------------------
Side Chain Topographical Entropy from corr. pLogP method (NALA 1) : -0.0000
Side Chain Topographical Entropy from corr. pLogP method (GLU 2) : 22.0113
Side Chain Topographical Entropy from corr. pLogP method (ALA 3) : -0.0000
Side Chain Topographical Entropy from corr. pLogP method (GLY 4) : -0.0000
Side Chain Topographical Entropy from corr. pLogP method (ILE 5) : 2.7064
Side Chain Topographical Entropy from corr. pLogP method (THR 6) : 0.3753
Side Chain Topographical Entropy from corr. pLogP method (GLY 7) : -0.0000
Side Chain Topographical Entropy from corr. pLogP method (THR 8) : 1.4168
Side Chain Topographical Entropy from corr. pLogP method (TRP 9) : 3.4198
Side Chain Topographical Entropy from corr. pLogP method (TYR 10) : 10.9737
Side Chain Topographical Entropy from corr. pLogP method (ALA 11) : -0.0000
Side Chain Topographical Entropy from corr. pLogP method (GLN 12) : 20.5360
Side Chain Topographical Entropy from corr. pLogP method (LEU 13) : 7.3930
Side Chain Topographical Entropy from corr. pLogP method (GLY 14) : -0.0000
Side Chain Topographical Entropy from corr. pLogP method (SER 15) : 6.2317
Side Chain Topographical Entropy from corr. pLogP method (THR 16) : 1.9034
Side Chain Topographical Entropy from corr. pLogP method (PHE 17) : 2.8777
Side Chain Topographical Entropy from corr. pLogP method (ILE 18) : 9.4754
Side Chain Topographical Entropy from corr. pLogP method (VAL 19) : 1.8534
Side Chain Topographical Entropy from corr. pLogP method (THR 20) : 6.3884
Side Chain Topographical Entropy from corr. pLogP method (ALA 21) : -0.0000
Side Chain Topographical Entropy from corr. pLogP method (GLY 22) : -0.0000
Side Chain Topographical Entropy from corr. pLogP method (ALA 23) : -0.0000
Side Chain Topographical Entropy from corr. pLogP method (ASP 24) : 15.9356
Side Chain Topographical Entropy from corr. pLogP method (GLY 25) : -0.0000
Side Chain Topographical Entropy from corr. pLogP method (ALA 26) : -0.0000
Side Chain Topographical Entropy from corr. pLogP method (LEU 27) : 9.5439
Side Chain Topographical Entropy from corr. pLogP method (THR 28) : 8.1380
Side Chain Topographical Entropy from corr. pLogP method (GLY 29) : -0.0000
Side Chain Topographical Entropy from corr. pLogP method (THR 30) : 9.1328
Side Chain Topographical Entropy from corr. pLogP method (TYR 31) : 8.5010
Side Chain Topographical Entropy from corr. pLogP method (GLU 32) : 16.9316
Side Chain Topographical Entropy from corr. pLogP method (SER 33) : 7.8083
Side Chain Topographical Entropy from corr. pLogP method (ALA 34) : -0.0000
Side Chain Topographical Entropy from corr. pLogP method (VAL 35) : 9.0340
Side Chain Topographical Entropy from corr. pLogP method (GLY 36) : -0.0000
Side Chain Topographical Entropy from corr. pLogP method (ASN 37) : 14.4130
Side Chain Topographical Entropy from corr. pLogP method (ALA 38) : -0.0000
Side Chain Topographical Entropy from corr. pLogP method (GLU 39) : 17.1464
Side Chain Topographical Entropy from corr. pLogP method (SER 40) : 8.8154
Side Chain Topographical Entropy from corr. pLogP method (ARG 41) : 16.6750
Side Chain Topographical Entropy from corr. pLogP method (TYR 42) : 2.2302
Side Chain Topographical Entropy from corr. pLogP method (VAL 43) : 0.5492
Side Chain Topographical Entropy from corr. pLogP method (LEU 44) : 5.9584
Side Chain Topographical Entropy from corr. pLogP method (THR 45) : 7.3826
Side Chain Topographical Entropy from corr. pLogP method (GLY 46) : -0.0000
Side Chain Topographical Entropy from corr. pLogP method (ARG 47) : 0.8127
Side Chain Topographical Entropy from corr. pLogP method (TYR 48) : 5.8074
Side Chain Topographical Entropy from corr. pLogP method (ASP 49) : 4.5807
Side Chain Topographical Entropy from corr. pLogP method (SER 50) : 3.0103
Side Chain Topographical Entropy from corr. pLogP method (ALA 51) : -0.0000
Side Chain Topographical Entropy from corr. pLogP method (PRO 52) : 13.7416
Side Chain Topographical Entropy from corr. pLogP method (ALA 53) : -0.0000
Side Chain Topographical Entropy from corr. pLogP method (THR 54) : 5.3134
Side Chain Topographical Entropy from corr. pLogP method (ASP 55) : 11.6266
Side Chain Topographical Entropy from corr. pLogP method (GLY 56) : -0.0000
Side Chain Topographical Entropy from corr. pLogP method (SER 57) : 3.1586
Side Chain Topographical Entropy from corr. pLogP method (GLY 58) : -0.0000
Side Chain Topographical Entropy from corr. pLogP method (THR 59) : 1.0829
Side Chain Topographical Entropy from corr. pLogP method (ALA 60) : -0.0000
Side Chain Topographical Entropy from corr. pLogP method (LEU 61) : 4.1725
Side Chain Topographical Entropy from corr. pLogP method (GLY 62) : -0.0000
Side Chain Topographical Entropy from corr. pLogP method (TRP 63) : 2.1712
Side Chain Topographical Entropy from corr. pLogP method (THR 64) : 0.0902
Side Chain Topographical Entropy from corr. pLogP method (VAL 65) : 0.3774
Side Chain Topographical Entropy from corr. pLogP method (ALA 66) : -0.0000
Side Chain Topographical Entropy from corr. pLogP method (TRP 67) : 2.7522
Side Chain Topographical Entropy from corr. pLogP method (LYS 68) : 12.5209
Side Chain Topographical Entropy from corr. pLogP method (ASN 69) : 9.6106
Side Chain Topographical Entropy from corr. pLogP method (ASN 70) : 15.3707
Side Chain Topographical Entropy from corr. pLogP method (TYR 71) : 13.4850
Side Chain Topographical Entropy from corr. pLogP method (ARG 72) : 20.8040
Side Chain Topographical Entropy from corr. pLogP method (ASN 73) : 7.5589
Side Chain Topographical Entropy from corr. pLogP method (ALA 74) : -0.0000
Side Chain Topographical Entropy from corr. pLogP method (HID 75) : 5.4718
Side Chain Topographical Entropy from corr. pLogP method (SER 76) : 2.3529
Side Chain Topographical Entropy from corr. pLogP method (ALA 77) : -0.0000
Side Chain Topographical Entropy from corr. pLogP method (THR 78) : 0.8195
Side Chain Topographical Entropy from corr. pLogP method (THR 79) : 1.0337
Side Chain Topographical Entropy from corr. pLogP method (TRP 80) : 5.4070
Side Chain Topographical Entropy from corr. pLogP method (SER 81) : 4.5006
Side Chain Topographical Entropy from corr. pLogP method (GLY 82) : -0.0000
Side Chain Topographical Entropy from corr. pLogP method (GLN 83) : 11.3423
Side Chain Topographical Entropy from corr. pLogP method (TYR 84) : 3.6370
Side Chain Topographical Entropy from corr. pLogP method (VAL 85) : 3.2749
Side Chain Topographical Entropy from corr. pLogP method (GLY 86) : -0.0000
Side Chain Topographical Entropy from corr. pLogP method (GLY 87) : -0.0000
Side Chain Topographical Entropy from corr. pLogP method (ALA 88) : -0.0000
Side Chain Topographical Entropy from corr. pLogP method (GLU 89) : 21.4500
Side Chain Topographical Entropy from corr. pLogP method (ALA 90) : -0.0000
Side Chain Topographical Entropy from corr. pLogP method (ARG 91) : 15.4014
Side Chain Topographical Entropy from corr. pLogP method (ILE 92) : 3.3216
Side Chain Topographical Entropy from corr. pLogP method (ASN 93) : 9.4557
Side Chain Topographical Entropy from corr. pLogP method (THR 94) : 5.2311
Side Chain Topographical Entropy from corr. pLogP method (GLN 95) : 5.6497
Side Chain Topographical Entropy from corr. pLogP method (TRP 96) : 3.1986
Side Chain Topographical Entropy from corr. pLogP method (LEU 97) : 2.1207
Side Chain Topographical Entropy from corr. pLogP method (LEU 98) : 1.8213
Side Chain Topographical Entropy from corr. pLogP method (THR 99) : 0.0832
Side Chain Topographical Entropy from corr. pLogP method (SER 100) : 8.1165
Side Chain Topographical Entropy from corr. pLogP method (GLY 101) : -0.0000
Side Chain Topographical Entropy from corr. pLogP method (THR 102) : 2.9080
Side Chain Topographical Entropy from corr. pLogP method (THR 103) : 0.9308
Side Chain Topographical Entropy from corr. pLogP method (GLU 104) : 23.3700
Side Chain Topographical Entropy from corr. pLogP method (ALA 105) : -0.0000
Side Chain Topographical Entropy from corr. pLogP method (ASN 106) : 5.0276
Side Chain Topographical Entropy from corr. pLogP method (ALA 107) : -0.0000
Side Chain Topographical Entropy from corr. pLogP method (TRP 108) : 12.6791
Side Chain Topographical Entropy from corr. pLogP method (LYS 109) : 13.8597
Side Chain Topographical Entropy from corr. pLogP method (SER 110) : 1.1249
Side Chain Topographical Entropy from corr. pLogP method (THR 111) : 1.0533
Side Chain Topographical Entropy from corr. pLogP method (LEU 112) : 2.7248
Side Chain Topographical Entropy from corr. pLogP method (VAL 113) : 0.8783
Side Chain Topographical Entropy from corr. pLogP method (GLY 114) : -0.0000
Side Chain Topographical Entropy from corr. pLogP method (HID 115) : 11.6098
Side Chain Topographical Entropy from corr. pLogP method (ASP 116) : 7.8185
Side Chain Topographical Entropy from corr. pLogP method (THR 117) : 7.0450
Side Chain Topographical Entropy from corr. pLogP method (PHE 118) : 2.7591
Side Chain Topographical Entropy from corr. pLogP method (THR 119) : 6.3065
Side Chain Topographical Entropy from corr. pLogP method (LYS 120) : 16.0419
Side Chain Topographical Entropy from corr. pLogP method (VAL 121) : 5.0179
Side Chain Topographical Entropy from corr. pLogP method (LYS 122) : 18.7410
Side Chain Topographical Entropy from corr. pLogP method (PRO 123) : 17.0751
Side Chain Topographical Entropy from corr. pLogP method (SER 124) : 9.0204
Side Chain Topographical Entropy from corr. pLogP method (ALA 125) : -0.0000
Side Chain Topographical Entropy from corr. pLogP method (ALA 126) : -0.0000
Side Chain Topographical Entropy from corr. pLogP method (CSER 127) : 4.6584
____________________________________________________________
Total SC Topog. Entropy (corr. pLogP)    :         678.145
------------------------------------------------------------
____________________________________________________________
Total BB Topog. Entropy (corr. pLogP)    :          44.512
------------------------------------------------------------
____________________________________________________________
Total Entropy                            :         722.657
------------------------------------------------------------
------------------------------------------------------------
Topographical entropy of residue side chains 
computed using all the dihedrals with correlation/pLogp formalism
------------------------------------------------------------
Side Chain Topographical Entropy from corr. pLogP method (NALA 1) : -0.0000
Side Chain Topographical Entropy from corr. pLogP method (GLU 2) : 23.0942
Side Chain Topographical Entropy from corr. pLogP method (ALA 3) : -0.0000
Side Chain Topographical Entropy from corr. pLogP method (GLY 4) : -0.0000
Side Chain Topographical Entropy from corr. pLogP method (ILE 5) : 2.9684
Side Chain Topographical Entropy from corr. pLogP method (THR 6) : 0.7719
Side Chain Topographical Entropy from corr. pLogP method (GLY 7) : -0.0000
Side Chain Topographical Entropy from corr. pLogP method (THR 8) : 1.8400
Side Chain Topographical Entropy from corr. pLogP method (TRP 9) : 5.6929
Side Chain Topographical Entropy from corr. pLogP method (TYR 10) : 12.3432
Side Chain Topographical Entropy from corr. pLogP method (ALA 11) : -0.0000
Side Chain Topographical Entropy from corr. pLogP method (GLN 12) : 21.0728
Side Chain Topographical Entropy from corr. pLogP method (LEU 13) : 8.8357
Side Chain Topographical Entropy from corr. pLogP method (GLY 14) : -0.0000
Side Chain Topographical Entropy from corr. pLogP method (SER 15) : 7.8421
Side Chain Topographical Entropy from corr. pLogP method (THR 16) : 5.5750
Side Chain Topographical Entropy from corr. pLogP method (PHE 17) : 5.7440
Side Chain Topographical Entropy from corr. pLogP method (ILE 18) : 11.6047
Side Chain Topographical Entropy from corr. pLogP method (VAL 19) : 5.3807
Side Chain Topographical Entropy from corr. pLogP method (THR 20) : 4.3768
Side Chain Topographical Entropy from corr. pLogP method (ALA 21) : -0.0000
Side Chain Topographical Entropy from corr. pLogP method (GLY 22) : -0.0000
Side Chain Topographical Entropy from corr. pLogP method (ALA 23) : -0.0000
Side Chain Topographical Entropy from corr. pLogP method (ASP 24) : 13.4724
Side Chain Topographical Entropy from corr. pLogP method (GLY 25) : -0.0000
Side Chain Topographical Entropy from corr. pLogP method (ALA 26) : -0.0000
Side Chain Topographical Entropy from corr. pLogP method (LEU 27) : 10.3016
Side Chain Topographical Entropy from corr. pLogP method (THR 28) : 8.8864
Side Chain Topographical Entropy from corr. pLogP method (GLY 29) : -0.0000
Side Chain Topographical Entropy from corr. pLogP method (THR 30) : 6.6146
Side Chain Topographical Entropy from corr. pLogP method (TYR 31) : 10.8959
Side Chain Topographical Entropy from corr. pLogP method (GLU 32) : 17.0517
Side Chain Topographical Entropy from corr. pLogP method (SER 33) : 5.9571
Side Chain Topographical Entropy from corr. pLogP method (ALA 34) : -0.0000
Side Chain Topographical Entropy from corr. pLogP method (VAL 35) : 8.6868
Side Chain Topographical Entropy from corr. pLogP method (GLY 36) : -0.0000
Side Chain Topographical Entropy from corr. pLogP method (ASN 37) : 14.9335
Side Chain Topographical Entropy from corr. pLogP method (ALA 38) : -0.0000
Side Chain Topographical Entropy from corr. pLogP method (GLU 39) : 20.9098
Side Chain Topographical Entropy from corr. pLogP method (SER 40) : 8.5720
Side Chain Topographical Entropy from corr. pLogP method (ARG 41) : 15.7498
Side Chain Topographical Entropy from corr. pLogP method (TYR 42) : 3.2133
Side Chain Topographical Entropy from corr. pLogP method (VAL 43) : 1.8683
Side Chain Topographical Entropy from corr. pLogP method (LEU 44) : 3.2001
Side Chain Topographical Entropy from corr. pLogP method (THR 45) : 6.9550
Side Chain Topographical Entropy from corr. pLogP method (GLY 46) : -0.0000
Side Chain Topographical Entropy from corr. pLogP method (ARG 47) : 2.3076
Side Chain Topographical Entropy from corr. pLogP method (TYR 48) : 8.8500
Side Chain Topographical Entropy from corr. pLogP method (ASP 49) : 10.0099
Side Chain Topographical Entropy from corr. pLogP method (SER 50) : 1.7044
Side Chain Topographical Entropy from corr. pLogP method (ALA 51) : -0.0000
Side Chain Topographical Entropy from corr. pLogP method (PRO 52) : 14.5736
Side Chain Topographical Entropy from corr. pLogP method (ALA 53) : -0.0000
Side Chain Topographical Entropy from corr. pLogP method (THR 54) : 7.8498
Side Chain Topographical Entropy from corr. pLogP method (ASP 55) : 15.1157
Side Chain Topographical Entropy from corr. pLogP method (GLY 56) : -0.0000
Side Chain Topographical Entropy from corr. pLogP method (SER 57) : 7.1012
Side Chain Topographical Entropy from corr. pLogP method (GLY 58) : -0.0000
Side Chain Topographical Entropy from corr. pLogP method (THR 59) : 1.5973
Side Chain Topographical Entropy from corr. pLogP method (ALA 60) : -0.0000
Side Chain Topographical Entropy from corr. pLogP method (LEU 61) : 6.6144
Side Chain Topographical Entropy from corr. pLogP method (GLY 62) : -0.0000
Side Chain Topographical Entropy from corr. pLogP method (TRP 63) : 3.5512
Side Chain Topographical Entropy from corr. pLogP method (THR 64) : 1.0814
Side Chain Topographical Entropy from corr. pLogP method (VAL 65) : 1.5652
Side Chain Topographical Entropy from corr. pLogP method (ALA 66) : -0.0000
Side Chain Topographical Entropy from corr. pLogP method (TRP 67) : 5.5368
Side Chain Topographical Entropy from corr. pLogP method (LYS 68) : 16.8237
Side Chain Topographical Entropy from corr. pLogP method (ASN 69) : 9.8428
Side Chain Topographical Entropy from corr. pLogP method (ASN 70) : 14.6278
Side Chain Topographical Entropy from corr. pLogP method (TYR 71) : 17.9251
Side Chain Topographical Entropy from corr. pLogP method (ARG 72) : 21.0536
Side Chain Topographical Entropy from corr. pLogP method (ASN 73) : 11.2719
Side Chain Topographical Entropy from corr. pLogP method (ALA 74) : -0.0000
Side Chain Topographical Entropy from corr. pLogP method (HID 75) : 8.3154
Side Chain Topographical Entropy from corr. pLogP method (SER 76) : 1.9808
Side Chain Topographical Entropy from corr. pLogP method (ALA 77) : -0.0000
Side Chain Topographical Entropy from corr. pLogP method (THR 78) : 1.0078
Side Chain Topographical Entropy from corr. pLogP method (THR 79) : 0.7245
Side Chain Topographical Entropy from corr. pLogP method (TRP 80) : 4.9309
Side Chain Topographical Entropy from corr. pLogP method (SER 81) : 3.8014
Side Chain Topographical Entropy from corr. pLogP method (GLY 82) : -0.0000
Side Chain Topographical Entropy from corr. pLogP method (GLN 83) : 13.6258
Side Chain Topographical Entropy from corr. pLogP method (TYR 84) : 4.8225
Side Chain Topographical Entropy from corr. pLogP method (VAL 85) : 2.2016
Side Chain Topographical Entropy from corr. pLogP method (GLY 86) : -0.0000
Side Chain Topographical Entropy from corr. pLogP method (GLY 87) : -0.0000
Side Chain Topographical Entropy from corr. pLogP method (ALA 88) : -0.0000
Side Chain Topographical Entropy from corr. pLogP method (GLU 89) : 22.8311
Side Chain Topographical Entropy from corr. pLogP method (ALA 90) : -0.0000
Side Chain Topographical Entropy from corr. pLogP method (ARG 91) : 13.9313
Side Chain Topographical Entropy from corr. pLogP method (ILE 92) : 2.0467
Side Chain Topographical Entropy from corr. pLogP method (ASN 93) : 9.5346
Side Chain Topographical Entropy from corr. pLogP method (THR 94) : 0.7842
Side Chain Topographical Entropy from corr. pLogP method (GLN 95) : 4.8031
Side Chain Topographical Entropy from corr. pLogP method (TRP 96) : 2.2724
Side Chain Topographical Entropy from corr. pLogP method (LEU 97) : 6.4553
Side Chain Topographical Entropy from corr. pLogP method (LEU 98) : 2.0021
Side Chain Topographical Entropy from corr. pLogP method (THR 99) : 0.6808
Side Chain Topographical Entropy from corr. pLogP method (SER 100) : 8.3773
Side Chain Topographical Entropy from corr. pLogP method (GLY 101) : -0.0000
Side Chain Topographical Entropy from corr. pLogP method (THR 102) : 5.7509
Side Chain Topographical Entropy from corr. pLogP method (THR 103) : 3.0334
Side Chain Topographical Entropy from corr. pLogP method (GLU 104) : 23.8274
Side Chain Topographical Entropy from corr. pLogP method (ALA 105) : -0.0000
Side Chain Topographical Entropy from corr. pLogP method (ASN 106) : 6.4943
Side Chain Topographical Entropy from corr. pLogP method (ALA 107) : -0.0000
Side Chain Topographical Entropy from corr. pLogP method (TRP 108) : 6.8035
Side Chain Topographical Entropy from corr. pLogP method (LYS 109) : 15.5409
Side Chain Topographical Entropy from corr. pLogP method (SER 110) : 2.3973
Side Chain Topographical Entropy from corr. pLogP method (THR 111) : 0.1076
Side Chain Topographical Entropy from corr. pLogP method (LEU 112) : 3.2125
Side Chain Topographical Entropy from corr. pLogP method (VAL 113) : -0.0000
Side Chain Topographical Entropy from corr. pLogP method (GLY 114) : -0.0000
Side Chain Topographical Entropy from corr. pLogP method (HID 115) : 8.7809
Side Chain Topographical Entropy from corr. pLogP method (ASP 116) : 7.7535
Side Chain Topographical Entropy from corr. pLogP method (THR 117) : 4.8100
Side Chain Topographical Entropy from corr. pLogP method (PHE 118) : 3.0575
Side Chain Topographical Entropy from corr. pLogP method (THR 119) : 6.3119
Side Chain Topographical Entropy from corr. pLogP method (LYS 120) : 16.7960
Side Chain Topographical Entropy from corr. pLogP method (VAL 121) : 6.7501
Side Chain Topographical Entropy from corr. pLogP method (LYS 122) : 21.6533
Side Chain Topographical Entropy from corr. pLogP method (PRO 123) : 17.7406
Side Chain Topographical Entropy from corr. pLogP method (SER 124) : 8.5598
Side Chain Topographical Entropy from corr. pLogP method (ALA 125) : -0.0000
Side Chain Topographical Entropy from corr. pLogP method (ALA 126) : -0.0000
Side Chain Topographical Entropy from corr. pLogP method (CSER 127) : 5.7614
____________________________________________________________
Total SC Topog. Entropy (corr. pLogP)    :         743.686
------------------------------------------------------------
____________________________________________________________
Total BB Topog. Entropy (corr. pLogP)    :          37.436
------------------------------------------------------------
____________________________________________________________
Total Entropy                            :         781.123
------------------------------------------------------------
------------------------------------------------------------
Topographical entropy of residue side chains 
computed using all the dihedrals with correlation/pLogp formalism
------------------------------------------------------------
Side Chain Topographical Entropy from corr. pLogP method (NALA 1) : -0.0000
Side Chain Topographical Entropy from corr. pLogP method (GLU 2) : 22.7157
Side Chain Topographical Entropy from corr. pLogP method (ALA 3) : -0.0000
Side Chain Topographical Entropy from corr. pLogP method (GLY 4) : -0.0000
Side Chain Topographical Entropy from corr. pLogP method (ILE 5) : 2.1063
Side Chain Topographical Entropy from corr. pLogP method (THR 6) : 0.9280
Side Chain Topographical Entropy from corr. pLogP method (GLY 7) : -0.0000
Side Chain Topographical Entropy from corr. pLogP method (THR 8) : 1.6024
Side Chain Topographical Entropy from corr. pLogP method (TRP 9) : 0.0381
Side Chain Topographical Entropy from corr. pLogP method (TYR 10) : 6.1647
Side Chain Topographical Entropy from corr. pLogP method (ALA 11) : -0.0000
Side Chain Topographical Entropy from corr. pLogP method (GLN 12) : 19.9104
Side Chain Topographical Entropy from corr. pLogP method (LEU 13) : 8.1113
Side Chain Topographical Entropy from corr. pLogP method (GLY 14) : -0.0000
Side Chain Topographical Entropy from corr. pLogP method (SER 15) : 6.2792
Side Chain Topographical Entropy from corr. pLogP method (THR 16) : 3.6659
Side Chain Topographical Entropy from corr. pLogP method (PHE 17) : 0.4185
Side Chain Topographical Entropy from corr. pLogP method (ILE 18) : 10.6740
Side Chain Topographical Entropy from corr. pLogP method (VAL 19) : 3.1968
Side Chain Topographical Entropy from corr. pLogP method (THR 20) : 6.4316
Side Chain Topographical Entropy from corr. pLogP method (ALA 21) : -0.0000
Side Chain Topographical Entropy from corr. pLogP method (GLY 22) : -0.0000
Side Chain Topographical Entropy from corr. pLogP method (ALA 23) : -0.0000
Side Chain Topographical Entropy from corr. pLogP method (ASP 24) : 14.0431
Side Chain Topographical Entropy from corr. pLogP method (GLY 25) : -0.0000
Side Chain Topographical Entropy from corr. pLogP method (ALA 26) : -0.0000
Side Chain Topographical Entropy from corr. pLogP method (LEU 27) : 10.7632
Side Chain Topographical Entropy from corr. pLogP method (THR 28) : 8.9944
Side Chain Topographical Entropy from corr. pLogP method (GLY 29) : -0.0000
Side Chain Topographical Entropy from corr. pLogP method (THR 30) : 7.3433
Side Chain Topographical Entropy from corr. pLogP method (TYR 31) : 7.6085
Side Chain Topographical Entropy from corr. pLogP method (GLU 32) : 16.7938
Side Chain Topographical Entropy from corr. pLogP method (SER 33) : 7.5223
Side Chain Topographical Entropy from corr. pLogP method (ALA 34) : -0.0000
Side Chain Topographical Entropy from corr. pLogP method (VAL 35) : 8.9281
Side Chain Topographical Entropy from corr. pLogP method (GLY 36) : -0.0000
Side Chain Topographical Entropy from corr. pLogP method (ASN 37) : 15.9083
Side Chain Topographical Entropy from corr. pLogP method (ALA 38) : -0.0000
Side Chain Topographical Entropy from corr. pLogP method (GLU 39) : 20.4563
Side Chain Topographical Entropy from corr. pLogP method (SER 40) : 8.7219
Side Chain Topographical Entropy from corr. pLogP method (ARG 41) : 14.5846
Side Chain Topographical Entropy from corr. pLogP method (TYR 42) : 1.2405
Side Chain Topographical Entropy from corr. pLogP method (VAL 43) : 0.7894
Side Chain Topographical Entropy from corr. pLogP method (LEU 44) : 4.0076
Side Chain Topographical Entropy from corr. pLogP method (THR 45) : 6.6838
Side Chain Topographical Entropy from corr. pLogP method (GLY 46) : -0.0000
Side Chain Topographical Entropy from corr. pLogP method (ARG 47) : 4.8734
Side Chain Topographical Entropy from corr. pLogP method (TYR 48) : 11.0451
Side Chain Topographical Entropy from corr. pLogP method (ASP 49) : 8.3025
Side Chain Topographical Entropy from corr. pLogP method (SER 50) : 6.7114
Side Chain Topographical Entropy from corr. pLogP method (ALA 51) : -0.0000
Side Chain Topographical Entropy from corr. pLogP method (PRO 52) : 16.5233
Side Chain Topographical Entropy from corr. pLogP method (ALA 53) : -0.0000
Side Chain Topographical Entropy from corr. pLogP method (THR 54) : 8.8682
Side Chain Topographical Entropy from corr. pLogP method (ASP 55) : 14.4998
Side Chain Topographical Entropy from corr. pLogP method (GLY 56) : -0.0000
Side Chain Topographical Entropy from corr. pLogP method (SER 57) : 7.5692
Side Chain Topographical Entropy from corr. pLogP method (GLY 58) : -0.0000
Side Chain Topographical Entropy from corr. pLogP method (THR 59) : 4.4286
Side Chain Topographical Entropy from corr. pLogP method (ALA 60) : -0.0000
Side Chain Topographical Entropy from corr. pLogP method (LEU 61) : 6.8904
Side Chain Topographical Entropy from corr. pLogP method (GLY 62) : -0.0000
Side Chain Topographical Entropy from corr. pLogP method (TRP 63) : 0.0193
Side Chain Topographical Entropy from corr. pLogP method (THR 64) : -0.0000
Side Chain Topographical Entropy from corr. pLogP method (VAL 65) : 0.0277
Side Chain Topographical Entropy from corr. pLogP method (ALA 66) : -0.0000
Side Chain Topographical Entropy from corr. pLogP method (TRP 67) : 0.0912
Side Chain Topographical Entropy from corr. pLogP method (LYS 68) : 17.4510
Side Chain Topographical Entropy from corr. pLogP method (ASN 69) : 12.6447
Side Chain Topographical Entropy from corr. pLogP method (ASN 70) : 15.8905
Side Chain Topographical Entropy from corr. pLogP method (TYR 71) : 14.8077
Side Chain Topographical Entropy from corr. pLogP method (ARG 72) : 19.4638
Side Chain Topographical Entropy from corr. pLogP method (ASN 73) : 14.7705
Side Chain Topographical Entropy from corr. pLogP method (ALA 74) : -0.0000
Side Chain Topographical Entropy from corr. pLogP method (HID 75) : 2.0739
Side Chain Topographical Entropy from corr. pLogP method (SER 76) : 1.8350
Side Chain Topographical Entropy from corr. pLogP method (ALA 77) : -0.0000
Side Chain Topographical Entropy from corr. pLogP method (THR 78) : 0.0297
Side Chain Topographical Entropy from corr. pLogP method (THR 79) : 5.6072
Side Chain Topographical Entropy from corr. pLogP method (TRP 80) : 1.8793
Side Chain Topographical Entropy from corr. pLogP method (SER 81) : 1.3898
Side Chain Topographical Entropy from corr. pLogP method (GLY 82) : -0.0000
Side Chain Topographical Entropy from corr. pLogP method (GLN 83) : 17.3802
Side Chain Topographical Entropy from corr. pLogP method (TYR 84) : 2.5604
Side Chain Topographical Entropy from corr. pLogP method (VAL 85) : 4.5026
Side Chain Topographical Entropy from corr. pLogP method (GLY 86) : -0.0000
Side Chain Topographical Entropy from corr. pLogP method (GLY 87) : -0.0000
Side Chain Topographical Entropy from corr. pLogP method (ALA 88) : -0.0000
Side Chain Topographical Entropy from corr. pLogP method (GLU 89) : 21.5981
Side Chain Topographical Entropy from corr. pLogP method (ALA 90) : -0.0000
Side Chain Topographical Entropy from corr. pLogP method (ARG 91) : 13.5928
Side Chain Topographical Entropy from corr. pLogP method (ILE 92) : 0.3873
Side Chain Topographical Entropy from corr. pLogP method (ASN 93) : 10.8467
Side Chain Topographical Entropy from corr. pLogP method (THR 94) : 5.2166
Side Chain Topographical Entropy from corr. pLogP method (GLN 95) : 14.6558
Side Chain Topographical Entropy from corr. pLogP method (TRP 96) : 2.4391
Side Chain Topographical Entropy from corr. pLogP method (LEU 97) : 3.8814
Side Chain Topographical Entropy from corr. pLogP method (LEU 98) : 4.0751
Side Chain Topographical Entropy from corr. pLogP method (THR 99) : 0.0936
Side Chain Topographical Entropy from corr. pLogP method (SER 100) : 6.8264
Side Chain Topographical Entropy from corr. pLogP method (GLY 101) : -0.0000
Side Chain Topographical Entropy from corr. pLogP method (THR 102) : 4.8449
Side Chain Topographical Entropy from corr. pLogP method (THR 103) : 4.3045
Side Chain Topographical Entropy from corr. pLogP method (GLU 104) : 22.7550
Side Chain Topographical Entropy from corr. pLogP method (ALA 105) : -0.0000
Side Chain Topographical Entropy from corr. pLogP method (ASN 106) : 4.0337
Side Chain Topographical Entropy from corr. pLogP method (ALA 107) : -0.0000
Side Chain Topographical Entropy from corr. pLogP method (TRP 108) : 7.1143
Side Chain Topographical Entropy from corr. pLogP method (LYS 109) : 12.3304
Side Chain Topographical Entropy from corr. pLogP method (SER 110) : 1.3006
Side Chain Topographical Entropy from corr. pLogP method (THR 111) : 0.6040
Side Chain Topographical Entropy from corr. pLogP method (LEU 112) : 2.9249
Side Chain Topographical Entropy from corr. pLogP method (VAL 113) : 0.9061
Side Chain Topographical Entropy from corr. pLogP method (GLY 114) : -0.0000
Side Chain Topographical Entropy from corr. pLogP method (HID 115) : 6.6515
Side Chain Topographical Entropy from corr. pLogP method (ASP 116) : 7.9813
Side Chain Topographical Entropy from corr. pLogP method (THR 117) : 1.0236
Side Chain Topographical Entropy from corr. pLogP method (PHE 118) : 0.0643
Side Chain Topographical Entropy from corr. pLogP method (THR 119) : 5.8703
Side Chain Topographical Entropy from corr. pLogP method (LYS 120) : 13.2243
Side Chain Topographical Entropy from corr. pLogP method (VAL 121) : 5.3184
Side Chain Topographical Entropy from corr. pLogP method (LYS 122) : 18.6083
Side Chain Topographical Entropy from corr. pLogP method (PRO 123) : 15.5220
Side Chain Topographical Entropy from corr. pLogP method (SER 124) : 8.5838
Side Chain Topographical Entropy from corr. pLogP method (ALA 125) : -0.0000
Side Chain Topographical Entropy from corr. pLogP method (ALA 126) : -0.0000
Side Chain Topographical Entropy from corr. pLogP method (CSER 127) : 4.7089
____________________________________________________________
Total SC Topog. Entropy (corr. pLogP)    :         701.056
------------------------------------------------------------
____________________________________________________________
Total BB Topog. Entropy (corr. pLogP)    :          44.595
------------------------------------------------------------
____________________________________________________________
Total Entropy                            :         745.652
------------------------------------------------------------
------------------------------------------------------------
Topographical entropy of residue side chains 
computed using all the dihedrals with correlation/pLogp formalism
------------------------------------------------------------
Side Chain Topographical Entropy from corr. pLogP method (NALA 1) : -0.0000
Side Chain Topographical Entropy from corr. pLogP method (GLU 2) : 22.5786
Side Chain Topographical Entropy from corr. pLogP method (ALA 3) : -0.0000
Side Chain Topographical Entropy from corr. pLogP method (GLY 4) : -0.0000
Side Chain Topographical Entropy from corr. pLogP method (ILE 5) : 3.0533
Side Chain Topographical Entropy from corr. pLogP method (THR 6) : 1.4115
Side Chain Topographical Entropy from corr. pLogP method (GLY 7) : -0.0000
Side Chain Topographical Entropy from corr. pLogP method (THR 8) : 1.7190
Side Chain Topographical Entropy from corr. pLogP method (TRP 9) : 5.4369
Side Chain Topographical Entropy from corr. pLogP method (TYR 10) : 12.9222
Side Chain Topographical Entropy from corr. pLogP method (ALA 11) : -0.0000
Side Chain Topographical Entropy from corr. pLogP method (GLN 12) : 22.0098
Side Chain Topographical Entropy from corr. pLogP method (LEU 13) : 8.3965
Side Chain Topographical Entropy from corr. pLogP method (GLY 14) : -0.0000
Side Chain Topographical Entropy from corr. pLogP method (SER 15) : 5.1275
Side Chain Topographical Entropy from corr. pLogP method (THR 16) : 4.0590
Side Chain Topographical Entropy from corr. pLogP method (PHE 17) : 4.0508
Side Chain Topographical Entropy from corr. pLogP method (ILE 18) : 10.6436
Side Chain Topographical Entropy from corr. pLogP method (VAL 19) : 4.2618
Side Chain Topographical Entropy from corr. pLogP method (THR 20) : 6.2144
Side Chain Topographical Entropy from corr. pLogP method (ALA 21) : -0.0000
Side Chain Topographical Entropy from corr. pLogP method (GLY 22) : -0.0000
Side Chain Topographical Entropy from corr. pLogP method (ALA 23) : -0.0000
Side Chain Topographical Entropy from corr. pLogP method (ASP 24) : 15.9346
Side Chain Topographical Entropy from corr. pLogP method (GLY 25) : -0.0000
Side Chain Topographical Entropy from corr. pLogP method (ALA 26) : -0.0000
Side Chain Topographical Entropy from corr. pLogP method (LEU 27) : 9.9444
Side Chain Topographical Entropy from corr. pLogP method (THR 28) : 8.9439
Side Chain Topographical Entropy from corr. pLogP method (GLY 29) : -0.0000
Side Chain Topographical Entropy from corr. pLogP method (THR 30) : 8.8146
Side Chain Topographical Entropy from corr. pLogP method (TYR 31) : 9.8400
Side Chain Topographical Entropy from corr. pLogP method (GLU 32) : 17.9237
Side Chain Topographical Entropy from corr. pLogP method (SER 33) : 7.8471
Side Chain Topographical Entropy from corr. pLogP method (ALA 34) : -0.0000
Side Chain Topographical Entropy from corr. pLogP method (VAL 35) : 8.9252
Side Chain Topographical Entropy from corr. pLogP method (GLY 36) : -0.0000
Side Chain Topographical Entropy from corr. pLogP method (ASN 37) : 15.5511
Side Chain Topographical Entropy from corr. pLogP method (ALA 38) : -0.0000
Side Chain Topographical Entropy from corr. pLogP method (GLU 39) : 21.0541
Side Chain Topographical Entropy from corr. pLogP method (SER 40) : 5.4492
Side Chain Topographical Entropy from corr. pLogP method (ARG 41) : 16.1095
Side Chain Topographical Entropy from corr. pLogP method (TYR 42) : 4.3044
Side Chain Topographical Entropy from corr. pLogP method (VAL 43) : 2.1897
Side Chain Topographical Entropy from corr. pLogP method (LEU 44) : 3.5701
Side Chain Topographical Entropy from corr. pLogP method (THR 45) : 3.8670
Side Chain Topographical Entropy from corr. pLogP method (GLY 46) : -0.0000
Side Chain Topographical Entropy from corr. pLogP method (ARG 47) : 6.8633
Side Chain Topographical Entropy from corr. pLogP method (TYR 48) : 9.1988
Side Chain Topographical Entropy from corr. pLogP method (ASP 49) : 10.4779
Side Chain Topographical Entropy from corr. pLogP method (SER 50) : 5.5769
Side Chain Topographical Entropy from corr. pLogP method (ALA 51) : -0.0000
Side Chain Topographical Entropy from corr. pLogP method (PRO 52) : 15.9396
Side Chain Topographical Entropy from corr. pLogP method (ALA 53) : -0.0000
Side Chain Topographical Entropy from corr. pLogP method (THR 54) : 8.8429
Side Chain Topographical Entropy from corr. pLogP method (ASP 55) : 15.4247
Side Chain Topographical Entropy from corr. pLogP method (GLY 56) : -0.0000
Side Chain Topographical Entropy from corr. pLogP method (SER 57) : 8.0718
Side Chain Topographical Entropy from corr. pLogP method (GLY 58) : -0.0000
Side Chain Topographical Entropy from corr. pLogP method (THR 59) : 2.2263
Side Chain Topographical Entropy from corr. pLogP method (ALA 60) : -0.0000
Side Chain Topographical Entropy from corr. pLogP method (LEU 61) : 5.2942
Side Chain Topographical Entropy from corr. pLogP method (GLY 62) : -0.0000
Side Chain Topographical Entropy from corr. pLogP method (TRP 63) : 2.2339
Side Chain Topographical Entropy from corr. pLogP method (THR 64) : 0.3147
Side Chain Topographical Entropy from corr. pLogP method (VAL 65) : 0.6836
Side Chain Topographical Entropy from corr. pLogP method (ALA 66) : -0.0000
Side Chain Topographical Entropy from corr. pLogP method (TRP 67) : 4.7713
Side Chain Topographical Entropy from corr. pLogP method (LYS 68) : 16.0616
Side Chain Topographical Entropy from corr. pLogP method (ASN 69) : 8.3035
Side Chain Topographical Entropy from corr. pLogP method (ASN 70) : 15.0437
Side Chain Topographical Entropy from corr. pLogP method (TYR 71) : 14.4392
Side Chain Topographical Entropy from corr. pLogP method (ARG 72) : 18.2157
Side Chain Topographical Entropy from corr. pLogP method (ASN 73) : 9.0961
Side Chain Topographical Entropy from corr. pLogP method (ALA 74) : -0.0000
Side Chain Topographical Entropy from corr. pLogP method (HID 75) : 9.2868
Side Chain Topographical Entropy from corr. pLogP method (SER 76) : 2.0367
Side Chain Topographical Entropy from corr. pLogP method (ALA 77) : -0.0000
Side Chain Topographical Entropy from corr. pLogP method (THR 78) : 0.5180
Side Chain Topographical Entropy from corr. pLogP method (THR 79) : 0.3208
Side Chain Topographical Entropy from corr. pLogP method (TRP 80) : 4.0720
Side Chain Topographical Entropy from corr. pLogP method (SER 81) : 0.4607
Side Chain Topographical Entropy from corr. pLogP method (GLY 82) : -0.0000
Side Chain Topographical Entropy from corr. pLogP method (GLN 83) : 10.2702
Side Chain Topographical Entropy from corr. pLogP method (TYR 84) : 11.7905
Side Chain Topographical Entropy from corr. pLogP method (VAL 85) : 2.5281
Side Chain Topographical Entropy from corr. pLogP method (GLY 86) : -0.0000
Side Chain Topographical Entropy from corr. pLogP method (GLY 87) : -0.0000
Side Chain Topographical Entropy from corr. pLogP method (ALA 88) : -0.0000
Side Chain Topographical Entropy from corr. pLogP method (GLU 89) : 21.4962
Side Chain Topographical Entropy from corr. pLogP method (ALA 90) : -0.0000
Side Chain Topographical Entropy from corr. pLogP method (ARG 91) : 13.4311
Side Chain Topographical Entropy from corr. pLogP method (ILE 92) : 2.1741
Side Chain Topographical Entropy from corr. pLogP method (ASN 93) : 7.3558
Side Chain Topographical Entropy from corr. pLogP method (THR 94) : 5.6216
Side Chain Topographical Entropy from corr. pLogP method (GLN 95) : 3.5551
Side Chain Topographical Entropy from corr. pLogP method (TRP 96) : 3.9857
Side Chain Topographical Entropy from corr. pLogP method (LEU 97) : 3.4465
Side Chain Topographical Entropy from corr. pLogP method (LEU 98) : 2.8172
Side Chain Topographical Entropy from corr. pLogP method (THR 99) : 1.6799
Side Chain Topographical Entropy from corr. pLogP method (SER 100) : 8.7189
Side Chain Topographical Entropy from corr. pLogP method (GLY 101) : -0.0000
Side Chain Topographical Entropy from corr. pLogP method (THR 102) : 3.3102
Side Chain Topographical Entropy from corr. pLogP method (THR 103) : 1.3105
Side Chain Topographical Entropy from corr. pLogP method (GLU 104) : 20.3781
Side Chain Topographical Entropy from corr. pLogP method (ALA 105) : -0.0000
Side Chain Topographical Entropy from corr. pLogP method (ASN 106) : 5.7748
Side Chain Topographical Entropy from corr. pLogP method (ALA 107) : -0.0000
Side Chain Topographical Entropy from corr. pLogP method (TRP 108) : 10.1231
Side Chain Topographical Entropy from corr. pLogP method (LYS 109) : 20.6165
Side Chain Topographical Entropy from corr. pLogP method (SER 110) : 2.0362
Side Chain Topographical Entropy from corr. pLogP method (THR 111) : 0.3359
Side Chain Topographical Entropy from corr. pLogP method (LEU 112) : 3.6723
Side Chain Topographical Entropy from corr. pLogP method (VAL 113) : 1.1867
Side Chain Topographical Entropy from corr. pLogP method (GLY 114) : -0.0000
Side Chain Topographical Entropy from corr. pLogP method (HID 115) : 11.3973
Side Chain Topographical Entropy from corr. pLogP method (ASP 116) : 9.9293
Side Chain Topographical Entropy from corr. pLogP method (THR 117) : 7.1008
Side Chain Topographical Entropy from corr. pLogP method (PHE 118) : 3.9299
Side Chain Topographical Entropy from corr. pLogP method (THR 119) : 3.5364
Side Chain Topographical Entropy from corr. pLogP method (LYS 120) : 16.8546
Side Chain Topographical Entropy from corr. pLogP method (VAL 121) : 5.6465
Side Chain Topographical Entropy from corr. pLogP method (LYS 122) : 21.4785
Side Chain Topographical Entropy from corr. pLogP method (PRO 123) : 18.8535
Side Chain Topographical Entropy from corr. pLogP method (SER 124) : 8.2830
Side Chain Topographical Entropy from corr. pLogP method (ALA 125) : -0.0000
Side Chain Topographical Entropy from corr. pLogP method (ALA 126) : -0.0000
Side Chain Topographical Entropy from corr. pLogP method (CSER 127) : 4.8990
____________________________________________________________
Total SC Topog. Entropy (corr. pLogP)    :         745.452
------------------------------------------------------------
____________________________________________________________
Total BB Topog. Entropy (corr. pLogP)    :          52.264
------------------------------------------------------------
____________________________________________________________
Total Entropy                            :         797.717
------------------------------------------------------------
