------------------------------------------------------------
Topographical entropy of residue side chains 
computed using all the dihedrals with correlation/pLogp formalism
------------------------------------------------------------
Side Chain Topographical Entropy from corr. pLogP method (NALA 1) : -0.0000
Side Chain Topographical Entropy from corr. pLogP method (GLU 2) : 21.9760
Side Chain Topographical Entropy from corr. pLogP method (ALA 3) : -0.0000
Side Chain Topographical Entropy from corr. pLogP method (GLY 4) : -0.0000
Side Chain Topographical Entropy from corr. pLogP method (ILE 5) : 2.5334
Side Chain Topographical Entropy from corr. pLogP method (THR 6) : 0.1762
Side Chain Topographical Entropy from corr. pLogP method (GLY 7) : -0.0000
Side Chain Topographical Entropy from corr. pLogP method (THR 8) : 1.2754
Side Chain Topographical Entropy from corr. pLogP method (TRP 9) : 1.5827
Side Chain Topographical Entropy from corr. pLogP method (TYR 10) : 7.9168
Side Chain Topographical Entropy from corr. pLogP method (ALA 11) : -0.0000
Side Chain Topographical Entropy from corr. pLogP method (GLN 12) : 20.8182
Side Chain Topographical Entropy from corr. pLogP method (LEU 13) : 8.3191
Side Chain Topographical Entropy from corr. pLogP method (GLY 14) : -0.0000
Side Chain Topographical Entropy from corr. pLogP method (SER 15) : 6.3351
Side Chain Topographical Entropy from corr. pLogP method (THR 16) : 1.2205
Side Chain Topographical Entropy from corr. pLogP method (PHE 17) : 8.5341
Side Chain Topographical Entropy from corr. pLogP method (ILE 18) : 6.2641
Side Chain Topographical Entropy from corr. pLogP method (VAL 19) : 4.7603
Side Chain Topographical Entropy from corr. pLogP method (THR 20) : 5.4182
Side Chain Topographical Entropy from corr. pLogP method (ALA 21) : -0.0000
Side Chain Topographical Entropy from corr. pLogP method (GLY 22) : -0.0000
Side Chain Topographical Entropy from corr. pLogP method (ALA 23) : -0.0000
Side Chain Topographical Entropy from corr. pLogP method (ASP 24) : 15.5827
Side Chain Topographical Entropy from corr. pLogP method (GLY 25) : -0.0000
Side Chain Topographical Entropy from corr. pLogP method (ALA 26) : -0.0000
Side Chain Topographical Entropy from corr. pLogP method (LEU 27) : 9.7042
Side Chain Topographical Entropy from corr. pLogP method (THR 28) : 8.4329
Side Chain Topographical Entropy from corr. pLogP method (GLY 29) : -0.0000
Side Chain Topographical Entropy from corr. pLogP method (THR 30) : 6.4716
Side Chain Topographical Entropy from corr. pLogP method (TYR 31) : 9.9587
Side Chain Topographical Entropy from corr. pLogP method (GLU 32) : 11.3775
Side Chain Topographical Entropy from corr. pLogP method (SER 33) : 5.6157
Side Chain Topographical Entropy from corr. pLogP method (ALA 34) : -0.0000
Side Chain Topographical Entropy from corr. pLogP method (VAL 35) : 6.4257
Side Chain Topographical Entropy from corr. pLogP method (GLY 36) : -0.0000
Side Chain Topographical Entropy from corr. pLogP method (ASN 37) : 10.4246
Side Chain Topographical Entropy from corr. pLogP method (ALA 38) : -0.0000
Side Chain Topographical Entropy from corr. pLogP method (GLU 39) : 20.5760
Side Chain Topographical Entropy from corr. pLogP method (SER 40) : 5.7177
Side Chain Topographical Entropy from corr. pLogP method (ARG 41) : 6.2736
Side Chain Topographical Entropy from corr. pLogP method (TYR 42) : 1.1113
Side Chain Topographical Entropy from corr. pLogP method (VAL 43) : 1.2401
Side Chain Topographical Entropy from corr. pLogP method (LEU 44) : 0.3346
Side Chain Topographical Entropy from corr. pLogP method (THR 45) : 4.4555
Side Chain Topographical Entropy from corr. pLogP method (GLY 46) : -0.0000
Side Chain Topographical Entropy from corr. pLogP method (ARG 47) : 0.9927
Side Chain Topographical Entropy from corr. pLogP method (TYR 48) : 5.4183
Side Chain Topographical Entropy from corr. pLogP method (ASP 49) : 7.6739
Side Chain Topographical Entropy from corr. pLogP method (SER 50) : 1.4591
Side Chain Topographical Entropy from corr. pLogP method (ALA 51) : -0.0000
Side Chain Topographical Entropy from corr. pLogP method (PRO 52) : 13.8065
Side Chain Topographical Entropy from corr. pLogP method (ALA 53) : -0.0000
Side Chain Topographical Entropy from corr. pLogP method (THR 54) : 8.9009
Side Chain Topographical Entropy from corr. pLogP method (ASP 55) : 16.9736
Side Chain Topographical Entropy from corr. pLogP method (GLY 56) : -0.0000
Side Chain Topographical Entropy from corr. pLogP method (SER 57) : 7.5853
Side Chain Topographical Entropy from corr. pLogP method (GLY 58) : -0.0000
Side Chain Topographical Entropy from corr. pLogP method (THR 59) : 5.6539
Side Chain Topographical Entropy from corr. pLogP method (ALA 60) : -0.0000
Side Chain Topographical Entropy from corr. pLogP method (LEU 61) : 8.1282
Side Chain Topographical Entropy from corr. pLogP method (GLY 62) : -0.0000
Side Chain Topographical Entropy from corr. pLogP method (TRP 63) : 0.0973
Side Chain Topographical Entropy from corr. pLogP method (THR 64) : 0.1403
Side Chain Topographical Entropy from corr. pLogP method (VAL 65) : 0.3879
Side Chain Topographical Entropy from corr. pLogP method (ALA 66) : -0.0000
Side Chain Topographical Entropy from corr. pLogP method (TRP 67) : 0.2934
Side Chain Topographical Entropy from corr. pLogP method (LYS 68) : 14.9593
Side Chain Topographical Entropy from corr. pLogP method (ASN 69) : 6.3581
Side Chain Topographical Entropy from corr. pLogP method (ASN 70) : 14.2663
Side Chain Topographical Entropy from corr. pLogP method (TYR 71) : 9.1981
Side Chain Topographical Entropy from corr. pLogP method (ARG 72) : 14.5742
Side Chain Topographical Entropy from corr. pLogP method (ASN 73) : 9.4112
Side Chain Topographical Entropy from corr. pLogP method (ALA 74) : -0.0000
Side Chain Topographical Entropy from corr. pLogP method (HID 75) : 4.0610
Side Chain Topographical Entropy from corr. pLogP method (SER 76) : 3.4427
Side Chain Topographical Entropy from corr. pLogP method (ALA 77) : -0.0000
Side Chain Topographical Entropy from corr. pLogP method (THR 78) : 0.1580
Side Chain Topographical Entropy from corr. pLogP method (THR 79) : 0.5216
Side Chain Topographical Entropy from corr. pLogP method (TRP 80) : 3.3611
Side Chain Topographical Entropy from corr. pLogP method (SER 81) : 0.0826
Side Chain Topographical Entropy from corr. pLogP method (GLY 82) : -0.0000
Side Chain Topographical Entropy from corr. pLogP method (GLN 83) : 12.7666
Side Chain Topographical Entropy from corr. pLogP method (TYR 84) : 3.8543
Side Chain Topographical Entropy from corr. pLogP method (VAL 85) : 2.0148
Side Chain Topographical Entropy from corr. pLogP method (GLY 86) : -0.0000
Side Chain Topographical Entropy from corr. pLogP method (GLY 87) : -0.0000
Side Chain Topographical Entropy from corr. pLogP method (ALA 88) : -0.0000
Side Chain Topographical Entropy from corr. pLogP method (GLU 89) : 20.7660
Side Chain Topographical Entropy from corr. pLogP method (ALA 90) : -0.0000
Side Chain Topographical Entropy from corr. pLogP method (ARG 91) : 8.5608
Side Chain Topographical Entropy from corr. pLogP method (ILE 92) : 0.3084
Side Chain Topographical Entropy from corr. pLogP method (ASN 93) : 6.5897
Side Chain Topographical Entropy from corr. pLogP method (THR 94) : 5.6573
Side Chain Topographical Entropy from corr. pLogP method (GLN 95) : 8.5050
Side Chain Topographical Entropy from corr. pLogP method (TRP 96) : 1.3240
Side Chain Topographical Entropy from corr. pLogP method (LEU 97) : 1.0689
Side Chain Topographical Entropy from corr. pLogP method (LEU 98) : 2.6184
Side Chain Topographical Entropy from corr. pLogP method (THR 99) : 0.0378
Side Chain Topographical Entropy from corr. pLogP method (SER 100) : 7.8307
Side Chain Topographical Entropy from corr. pLogP method (GLY 101) : -0.0000
Side Chain Topographical Entropy from corr. pLogP method (THR 102) : 4.2461
Side Chain Topographical Entropy from corr. pLogP method (THR 103) : 3.6991
Side Chain Topographical Entropy from corr. pLogP method (GLU 104) : 20.0012
Side Chain Topographical Entropy from corr. pLogP method (ALA 105) : -0.0000
Side Chain Topographical Entropy from corr. pLogP method (ASN 106) : 4.8414
Side Chain Topographical Entropy from corr. pLogP method (ALA 107) : -0.0000
Side Chain Topographical Entropy from corr. pLogP method (TRP 108) : 6.2901
Side Chain Topographical Entropy from corr. pLogP method (LYS 109) : 14.0628
Side Chain Topographical Entropy from corr. pLogP method (SER 110) : 1.8855
Side Chain Topographical Entropy from corr. pLogP method (THR 111) : 0.0358
Side Chain Topographical Entropy from corr. pLogP method (LEU 112) : 2.1590
Side Chain Topographical Entropy from corr. pLogP method (VAL 113) : 0.0293
Side Chain Topographical Entropy from corr. pLogP method (GLY 114) : -0.0000
Side Chain Topographical Entropy from corr. pLogP method (HID 115) : 0.4477
Side Chain Topographical Entropy from corr. pLogP method (ASP 116) : 10.7861
Side Chain Topographical Entropy from corr. pLogP method (THR 117) : 5.8684
Side Chain Topographical Entropy from corr. pLogP method (PHE 118) : 0.5909
Side Chain Topographical Entropy from corr. pLogP method (THR 119) : 5.4466
Side Chain Topographical Entropy from corr. pLogP method (LYS 120) : 10.0926
Side Chain Topographical Entropy from corr. pLogP method (VAL 121) : 0.9824
Side Chain Topographical Entropy from corr. pLogP method (LYS 122) : 25.1872
Side Chain Topographical Entropy from corr. pLogP method (PRO 123) : 14.6053
Side Chain Topographical Entropy from corr. pLogP method (SER 124) : 2.9512
Side Chain Topographical Entropy from corr. pLogP method (ALA 125) : -0.0000
Side Chain Topographical Entropy from corr. pLogP method (ALA 126) : -0.0000
Side Chain Topographical Entropy from corr. pLogP method (CSER 127) : 7.0250
____________________________________________________________
Total SC Topog. Entropy (corr. pLogP)    :         601.874
------------------------------------------------------------
____________________________________________________________
Total BB Topog. Entropy (corr. pLogP)    :          31.325
------------------------------------------------------------
____________________________________________________________
Total Entropy                            :         633.200
------------------------------------------------------------
