------------------------------------------------------------
Topographical entropy of residue side chains 
computed using all the dihedrals with AEM method
------------------------------------------------------------
Residue Topographical Entropy from AEM (NALA 1) : 2.0602
Residue Topographical Entropy from AEM (GLU 2) : 24.0424
Residue Topographical Entropy from AEM (ALA 3) : -0.0000
Residue Topographical Entropy from AEM (GLY 4) : -0.0000
Residue Topographical Entropy from AEM (ILE 5) : 1.4136
Residue Topographical Entropy from AEM (THR 6) : 0.7171
Residue Topographical Entropy from AEM (GLY 7) : -0.0000
Residue Topographical Entropy from AEM (THR 8) : 3.4007
Residue Topographical Entropy from AEM (TRP 9) : 33.7485
Residue Topographical Entropy from AEM (TYR 10) : 28.7652
Residue Topographical Entropy from AEM (ALA 11) : -0.0000
Residue Topographical Entropy from AEM (GLN 12) : 18.5227
Residue Topographical Entropy from AEM (LEU 13) : 4.3600
Residue Topographical Entropy from AEM (GLY 14) : -0.0000
Residue Topographical Entropy from AEM (SER 15) : 0.3360
Residue Topographical Entropy from AEM (THR 16) : 0.7287
Residue Topographical Entropy from AEM (PHE 17) : 24.6395
Residue Topographical Entropy from AEM (ILE 18) : 4.3554
Residue Topographical Entropy from AEM (VAL 19) : 3.9012
Residue Topographical Entropy from AEM (THR 20) : 6.8002
Residue Topographical Entropy from AEM (ALA 21) : -0.0000
Residue Topographical Entropy from AEM (GLY 22) : -0.0000
Residue Topographical Entropy from AEM (ALA 23) : -0.0000
Residue Topographical Entropy from AEM (ASP 24) : 12.3228
Residue Topographical Entropy from AEM (GLY 25) : -0.0000
Residue Topographical Entropy from AEM (ALA 26) : -0.0000
Residue Topographical Entropy from AEM (LEU 27) : 9.1072
Residue Topographical Entropy from AEM (THR 28) : 8.7398
Residue Topographical Entropy from AEM (GLY 29) : -0.0000
Residue Topographical Entropy from AEM (THR 30) : 4.3942
Residue Topographical Entropy from AEM (TYR 31) : 24.6874
Residue Topographical Entropy from AEM (GLU 32) : 7.8794
Residue Topographical Entropy from AEM (SER 33) : 6.1520
Residue Topographical Entropy from AEM (ALA 34) : -0.0000
Residue Topographical Entropy from AEM (VAL 35) : 6.2517
Residue Topographical Entropy from AEM (GLY 36) : -0.0000
Residue Topographical Entropy from AEM (ASN 37) : 8.4101
Residue Topographical Entropy from AEM (ALA 38) : -0.0000
Residue Topographical Entropy from AEM (GLU 39) : 23.1259
Residue Topographical Entropy from AEM (SER 40) : 5.7879
Residue Topographical Entropy from AEM (ARG 41) : 3.9733
Residue Topographical Entropy from AEM (TYR 42) : 24.8848
Residue Topographical Entropy from AEM (VAL 43) : 1.1373
Residue Topographical Entropy from AEM (LEU 44) : 0.5654
Residue Topographical Entropy from AEM (THR 45) : 6.6711
Residue Topographical Entropy from AEM (GLY 46) : -0.0000
Residue Topographical Entropy from AEM (ARG 47) : -0.0000
Residue Topographical Entropy from AEM (TYR 48) : -0.0000
Residue Topographical Entropy from AEM (ASP 49) : 4.0306
Residue Topographical Entropy from AEM (SER 50) : 1.0862
Residue Topographical Entropy from AEM (ALA 51) : -0.0000
Residue Topographical Entropy from AEM (PRO 52) : 6.0915
Residue Topographical Entropy from AEM (ALA 53) : -0.0000
Residue Topographical Entropy from AEM (THR 54) : 6.4647
Residue Topographical Entropy from AEM (ASP 55) : 7.3059
Residue Topographical Entropy from AEM (GLY 56) : -0.0000
Residue Topographical Entropy from AEM (SER 57) : 2.2478
Residue Topographical Entropy from AEM (GLY 58) : -0.0000
Residue Topographical Entropy from AEM (THR 59) : 3.6702
Residue Topographical Entropy from AEM (ALA 60) : -0.0000
Residue Topographical Entropy from AEM (LEU 61) : 4.7410
Residue Topographical Entropy from AEM (GLY 62) : -0.0000
Residue Topographical Entropy from AEM (TRP 63) : -0.0000
Residue Topographical Entropy from AEM (THR 64) : 1.5950
Residue Topographical Entropy from AEM (VAL 65) : 0.1570
Residue Topographical Entropy from AEM (ALA 66) : -0.0000
Residue Topographical Entropy from AEM (TRP 67) : 42.1224
Residue Topographical Entropy from AEM (LYS 68) : 13.3645
Residue Topographical Entropy from AEM (ASN 69) : 1.6110
Residue Topographical Entropy from AEM (ASN 70) : 14.4244
Residue Topographical Entropy from AEM (TYR 71) : 29.7241
Residue Topographical Entropy from AEM (ARG 72) : 14.7758
Residue Topographical Entropy from AEM (ASN 73) : 3.1600
Residue Topographical Entropy from AEM (ALA 74) : -0.0000
Residue Topographical Entropy from AEM (HID 75) : 19.8054
Residue Topographical Entropy from AEM (SER 76) : 3.6899
Residue Topographical Entropy from AEM (ALA 77) : -0.0000
Residue Topographical Entropy from AEM (THR 78) : 0.1758
Residue Topographical Entropy from AEM (THR 79) : 0.9143
Residue Topographical Entropy from AEM (TRP 80) : 18.6320
Residue Topographical Entropy from AEM (SER 81) : -0.0000
Residue Topographical Entropy from AEM (GLY 82) : -0.0000
Residue Topographical Entropy from AEM (GLN 83) : 4.4671
Residue Topographical Entropy from AEM (TYR 84) : 23.6550
Residue Topographical Entropy from AEM (VAL 85) : 1.3140
Residue Topographical Entropy from AEM (GLY 86) : -0.0000
Residue Topographical Entropy from AEM (GLY 87) : -0.0000
Residue Topographical Entropy from AEM (ALA 88) : -0.0000
Residue Topographical Entropy from AEM (GLU 89) : 20.8822
Residue Topographical Entropy from AEM (ALA 90) : -0.0000
Residue Topographical Entropy from AEM (ARG 91) : 10.8648
Residue Topographical Entropy from AEM (ILE 92) : 0.0104
Residue Topographical Entropy from AEM (ASN 93) : 7.5012
Residue Topographical Entropy from AEM (THR 94) : 5.6073
Residue Topographical Entropy from AEM (GLN 95) : 0.8028
Residue Topographical Entropy from AEM (TRP 96) : -0.0000
Residue Topographical Entropy from AEM (LEU 97) : 0.5934
Residue Topographical Entropy from AEM (LEU 98) : 1.5876
Residue Topographical Entropy from AEM (THR 99) : -0.0000
Residue Topographical Entropy from AEM (SER 100) : 7.7643
Residue Topographical Entropy from AEM (GLY 101) : -0.0000
Residue Topographical Entropy from AEM (THR 102) : 3.5362
Residue Topographical Entropy from AEM (THR 103) : 0.3641
Residue Topographical Entropy from AEM (GLU 104) : 23.4358
Residue Topographical Entropy from AEM (ALA 105) : -0.0000
Residue Topographical Entropy from AEM (ASN 106) : 2.1790
Residue Topographical Entropy from AEM (ALA 107) : -0.0000
Residue Topographical Entropy from AEM (TRP 108) : 19.2641
Residue Topographical Entropy from AEM (LYS 109) : 12.2320
Residue Topographical Entropy from AEM (SER 110) : 0.5723
Residue Topographical Entropy from AEM (THR 111) : -0.0000
Residue Topographical Entropy from AEM (LEU 112) : 2.3093
Residue Topographical Entropy from AEM (VAL 113) : 0.0193
Residue Topographical Entropy from AEM (GLY 114) : -0.0000
Residue Topographical Entropy from AEM (HID 115) : 16.6536
Residue Topographical Entropy from AEM (ASP 116) : 4.2288
Residue Topographical Entropy from AEM (THR 117) : 2.4450
Residue Topographical Entropy from AEM (PHE 118) : 23.6146
Residue Topographical Entropy from AEM (THR 119) : 3.5450
Residue Topographical Entropy from AEM (LYS 120) : 14.5866
Residue Topographical Entropy from AEM (VAL 121) : 4.6214
Residue Topographical Entropy from AEM (LYS 122) : 25.0893
Residue Topographical Entropy from AEM (PRO 123) : 7.8093
Residue Topographical Entropy from AEM (SER 124) : 7.8884
Residue Topographical Entropy from AEM (ALA 125) : -0.0000
Residue Topographical Entropy from AEM (ALA 126) : -0.0000
Residue Topographical Entropy from AEM (CSER 127) : 1.6113
____________________________________________________________
Total Topog. Entropy (AEM)               :         772.727
------------------------------------------------------------
____________________________________________________________
Total Entropy                            :         772.727
------------------------------------------------------------
