------------------------------------------------------------
Topographical entropy of residue side chains 
computed using all the dihedrals with correlation/pLogp formalism
------------------------------------------------------------
Side Chain Topographical Entropy from corr. pLogP method (NALA 1) : -0.0000
Side Chain Topographical Entropy from corr. pLogP method (GLU 2) : 24.3544
Side Chain Topographical Entropy from corr. pLogP method (ALA 3) : -0.0000
Side Chain Topographical Entropy from corr. pLogP method (GLY 4) : -0.0000
Side Chain Topographical Entropy from corr. pLogP method (ILE 5) : 3.3014
Side Chain Topographical Entropy from corr. pLogP method (THR 6) : 1.1620
Side Chain Topographical Entropy from corr. pLogP method (GLY 7) : -0.0000
Side Chain Topographical Entropy from corr. pLogP method (THR 8) : 1.0791
Side Chain Topographical Entropy from corr. pLogP method (TRP 9) : 4.9045
Side Chain Topographical Entropy from corr. pLogP method (TYR 10) : 8.4212
Side Chain Topographical Entropy from corr. pLogP method (ALA 11) : -0.0000
Side Chain Topographical Entropy from corr. pLogP method (GLN 12) : 20.4892
Side Chain Topographical Entropy from corr. pLogP method (LEU 13) : 8.4131
Side Chain Topographical Entropy from corr. pLogP method (GLY 14) : -0.0000
Side Chain Topographical Entropy from corr. pLogP method (SER 15) : 4.8734
Side Chain Topographical Entropy from corr. pLogP method (THR 16) : 4.5015
Side Chain Topographical Entropy from corr. pLogP method (PHE 17) : 7.2317
Side Chain Topographical Entropy from corr. pLogP method (ILE 18) : 7.8065
Side Chain Topographical Entropy from corr. pLogP method (VAL 19) : 5.3174
Side Chain Topographical Entropy from corr. pLogP method (THR 20) : 6.0615
Side Chain Topographical Entropy from corr. pLogP method (ALA 21) : -0.0000
Side Chain Topographical Entropy from corr. pLogP method (GLY 22) : -0.0000
Side Chain Topographical Entropy from corr. pLogP method (ALA 23) : -0.0000
Side Chain Topographical Entropy from corr. pLogP method (ASP 24) : 16.3085
Side Chain Topographical Entropy from corr. pLogP method (GLY 25) : -0.0000
Side Chain Topographical Entropy from corr. pLogP method (ALA 26) : -0.0000
Side Chain Topographical Entropy from corr. pLogP method (LEU 27) : 7.4111
Side Chain Topographical Entropy from corr. pLogP method (THR 28) : 8.8716
Side Chain Topographical Entropy from corr. pLogP method (GLY 29) : -0.0000
Side Chain Topographical Entropy from corr. pLogP method (THR 30) : 6.2827
Side Chain Topographical Entropy from corr. pLogP method (TYR 31) : 8.8728
Side Chain Topographical Entropy from corr. pLogP method (GLU 32) : 17.5938
Side Chain Topographical Entropy from corr. pLogP method (SER 33) : 4.8762
Side Chain Topographical Entropy from corr. pLogP method (ALA 34) : -0.0000
Side Chain Topographical Entropy from corr. pLogP method (VAL 35) : 7.0554
Side Chain Topographical Entropy from corr. pLogP method (GLY 36) : -0.0000
Side Chain Topographical Entropy from corr. pLogP method (ASN 37) : 14.6864
Side Chain Topographical Entropy from corr. pLogP method (ALA 38) : -0.0000
Side Chain Topographical Entropy from corr. pLogP method (GLU 39) : 21.3943
Side Chain Topographical Entropy from corr. pLogP method (SER 40) : 7.8157
Side Chain Topographical Entropy from corr. pLogP method (ARG 41) : 21.1490
Side Chain Topographical Entropy from corr. pLogP method (TYR 42) : 9.6911
Side Chain Topographical Entropy from corr. pLogP method (VAL 43) : 3.6073
Side Chain Topographical Entropy from corr. pLogP method (LEU 44) : 9.8216
Side Chain Topographical Entropy from corr. pLogP method (THR 45) : 3.7202
Side Chain Topographical Entropy from corr. pLogP method (GLY 46) : -0.0000
Side Chain Topographical Entropy from corr. pLogP method (ARG 47) : 3.4779
Side Chain Topographical Entropy from corr. pLogP method (TYR 48) : 8.1035
Side Chain Topographical Entropy from corr. pLogP method (ASP 49) : 9.6239
Side Chain Topographical Entropy from corr. pLogP method (SER 50) : 6.8557
Side Chain Topographical Entropy from corr. pLogP method (ALA 51) : -0.0000
Side Chain Topographical Entropy from corr. pLogP method (PRO 52) : 15.1235
Side Chain Topographical Entropy from corr. pLogP method (ALA 53) : -0.0000
Side Chain Topographical Entropy from corr. pLogP method (THR 54) : 8.7627
Side Chain Topographical Entropy from corr. pLogP method (ASP 55) : 17.1524
Side Chain Topographical Entropy from corr. pLogP method (GLY 56) : -0.0000
Side Chain Topographical Entropy from corr. pLogP method (SER 57) : 8.6207
Side Chain Topographical Entropy from corr. pLogP method (GLY 58) : -0.0000
Side Chain Topographical Entropy from corr. pLogP method (THR 59) : 1.5392
Side Chain Topographical Entropy from corr. pLogP method (ALA 60) : -0.0000
Side Chain Topographical Entropy from corr. pLogP method (LEU 61) : 9.0895
Side Chain Topographical Entropy from corr. pLogP method (GLY 62) : -0.0000
Side Chain Topographical Entropy from corr. pLogP method (TRP 63) : 7.9942
Side Chain Topographical Entropy from corr. pLogP method (THR 64) : 0.5804
Side Chain Topographical Entropy from corr. pLogP method (VAL 65) : 6.1392
Side Chain Topographical Entropy from corr. pLogP method (ALA 66) : -0.0000
Side Chain Topographical Entropy from corr. pLogP method (TRP 67) : 8.9695
Side Chain Topographical Entropy from corr. pLogP method (LYS 68) : 19.2477
Side Chain Topographical Entropy from corr. pLogP method (ASN 69) : 15.3315
Side Chain Topographical Entropy from corr. pLogP method (ASN 70) : 14.7913
Side Chain Topographical Entropy from corr. pLogP method (TYR 71) : 19.0515
Side Chain Topographical Entropy from corr. pLogP method (ARG 72) : 18.0503
Side Chain Topographical Entropy from corr. pLogP method (ASN 73) : 5.4000
Side Chain Topographical Entropy from corr. pLogP method (ALA 74) : -0.0000
Side Chain Topographical Entropy from corr. pLogP method (HID 75) : 10.2739
Side Chain Topographical Entropy from corr. pLogP method (SER 76) : 6.0020
Side Chain Topographical Entropy from corr. pLogP method (ALA 77) : -0.0000
Side Chain Topographical Entropy from corr. pLogP method (THR 78) : 0.9892
Side Chain Topographical Entropy from corr. pLogP method (THR 79) : 1.8296
Side Chain Topographical Entropy from corr. pLogP method (TRP 80) : 5.9891
Side Chain Topographical Entropy from corr. pLogP method (SER 81) : 2.5951
Side Chain Topographical Entropy from corr. pLogP method (GLY 82) : -0.0000
Side Chain Topographical Entropy from corr. pLogP method (GLN 83) : 15.4776
Side Chain Topographical Entropy from corr. pLogP method (TYR 84) : 3.8261
Side Chain Topographical Entropy from corr. pLogP method (VAL 85) : 4.2765
Side Chain Topographical Entropy from corr. pLogP method (GLY 86) : -0.0000
Side Chain Topographical Entropy from corr. pLogP method (GLY 87) : -0.0000
Side Chain Topographical Entropy from corr. pLogP method (ALA 88) : -0.0000
Side Chain Topographical Entropy from corr. pLogP method (GLU 89) : 21.9824
Side Chain Topographical Entropy from corr. pLogP method (ALA 90) : -0.0000
Side Chain Topographical Entropy from corr. pLogP method (ARG 91) : 12.4456
Side Chain Topographical Entropy from corr. pLogP method (ILE 92) : 1.8845
Side Chain Topographical Entropy from corr. pLogP method (ASN 93) : 6.6133
Side Chain Topographical Entropy from corr. pLogP method (THR 94) : 5.8567
Side Chain Topographical Entropy from corr. pLogP method (GLN 95) : 8.8041
Side Chain Topographical Entropy from corr. pLogP method (TRP 96) : 4.0244
Side Chain Topographical Entropy from corr. pLogP method (LEU 97) : 4.6223
Side Chain Topographical Entropy from corr. pLogP method (LEU 98) : 2.5364
Side Chain Topographical Entropy from corr. pLogP method (THR 99) : 0.7668
Side Chain Topographical Entropy from corr. pLogP method (SER 100) : 8.0855
Side Chain Topographical Entropy from corr. pLogP method (GLY 101) : -0.0000
Side Chain Topographical Entropy from corr. pLogP method (THR 102) : 6.5108
Side Chain Topographical Entropy from corr. pLogP method (THR 103) : 6.9601
Side Chain Topographical Entropy from corr. pLogP method (GLU 104) : 22.8599
Side Chain Topographical Entropy from corr. pLogP method (ALA 105) : -0.0000
Side Chain Topographical Entropy from corr. pLogP method (ASN 106) : 6.7490
Side Chain Topographical Entropy from corr. pLogP method (ALA 107) : -0.0000
Side Chain Topographical Entropy from corr. pLogP method (TRP 108) : 9.5596
Side Chain Topographical Entropy from corr. pLogP method (LYS 109) : 14.6127
Side Chain Topographical Entropy from corr. pLogP method (SER 110) : 3.7017
Side Chain Topographical Entropy from corr. pLogP method (THR 111) : 0.8728
Side Chain Topographical Entropy from corr. pLogP method (LEU 112) : 3.0308
Side Chain Topographical Entropy from corr. pLogP method (VAL 113) : 0.7463
Side Chain Topographical Entropy from corr. pLogP method (GLY 114) : -0.0000
Side Chain Topographical Entropy from corr. pLogP method (HID 115) : 8.7936
Side Chain Topographical Entropy from corr. pLogP method (ASP 116) : 11.1215
Side Chain Topographical Entropy from corr. pLogP method (THR 117) : 3.2555
Side Chain Topographical Entropy from corr. pLogP method (PHE 118) : 11.5417
Side Chain Topographical Entropy from corr. pLogP method (THR 119) : 5.5418
Side Chain Topographical Entropy from corr. pLogP method (LYS 120) : 16.7359
Side Chain Topographical Entropy from corr. pLogP method (VAL 121) : 5.2054
Side Chain Topographical Entropy from corr. pLogP method (LYS 122) : 19.1808
Side Chain Topographical Entropy from corr. pLogP method (PRO 123) : 16.1268
Side Chain Topographical Entropy from corr. pLogP method (SER 124) : 8.6454
Side Chain Topographical Entropy from corr. pLogP method (ALA 125) : -0.0000
Side Chain Topographical Entropy from corr. pLogP method (ALA 126) : -0.0000
Side Chain Topographical Entropy from corr. pLogP method (CSER 127) : 5.2210
____________________________________________________________
Total SC Topog. Entropy (corr. pLogP)    :         796.834
------------------------------------------------------------
____________________________________________________________
Total BB Topog. Entropy (corr. pLogP)    :          53.670
------------------------------------------------------------
____________________________________________________________
Total Entropy                            :         850.504
------------------------------------------------------------
