------------------------------------------------------------
Topographical entropy of residue side chains 
computed using all the dihedrals with AEM method
------------------------------------------------------------
Residue Topographical Entropy from AEM (NALA 1) : 2.8602
Residue Topographical Entropy from AEM (GLU 2) : 23.9262
Residue Topographical Entropy from AEM (ALA 3) : -0.0000
Residue Topographical Entropy from AEM (GLY 4) : -0.0000
Residue Topographical Entropy from AEM (ILE 5) : 3.7257
Residue Topographical Entropy from AEM (THR 6) : 1.7459
Residue Topographical Entropy from AEM (GLY 7) : -0.0000
Residue Topographical Entropy from AEM (THR 8) : 1.8008
Residue Topographical Entropy from AEM (TRP 9) : 41.6931
Residue Topographical Entropy from AEM (TYR 10) : 30.2023
Residue Topographical Entropy from AEM (ALA 11) : -0.0000
Residue Topographical Entropy from AEM (GLN 12) : 18.8871
Residue Topographical Entropy from AEM (LEU 13) : 9.2815
Residue Topographical Entropy from AEM (GLY 14) : -0.0000
Residue Topographical Entropy from AEM (SER 15) : 5.3708
Residue Topographical Entropy from AEM (THR 16) : 3.5103
Residue Topographical Entropy from AEM (PHE 17) : 30.3046
Residue Topographical Entropy from AEM (ILE 18) : 12.1853
Residue Topographical Entropy from AEM (VAL 19) : 3.8446
Residue Topographical Entropy from AEM (THR 20) : 6.2986
Residue Topographical Entropy from AEM (ALA 21) : -0.0000
Residue Topographical Entropy from AEM (GLY 22) : -0.0000
Residue Topographical Entropy from AEM (ALA 23) : -0.0000
Residue Topographical Entropy from AEM (ASP 24) : 11.6841
Residue Topographical Entropy from AEM (GLY 25) : -0.0000
Residue Topographical Entropy from AEM (ALA 26) : -0.0000
Residue Topographical Entropy from AEM (LEU 27) : 9.7132
Residue Topographical Entropy from AEM (THR 28) : 8.9663
Residue Topographical Entropy from AEM (GLY 29) : -0.0000
Residue Topographical Entropy from AEM (THR 30) : 8.3883
Residue Topographical Entropy from AEM (TYR 31) : 26.8631
Residue Topographical Entropy from AEM (GLU 32) : 16.6843
Residue Topographical Entropy from AEM (SER 33) : 8.2678
Residue Topographical Entropy from AEM (ALA 34) : -0.0000
Residue Topographical Entropy from AEM (VAL 35) : 8.7001
Residue Topographical Entropy from AEM (GLY 36) : -0.0000
Residue Topographical Entropy from AEM (ASN 37) : 15.7668
Residue Topographical Entropy from AEM (ALA 38) : -0.0000
Residue Topographical Entropy from AEM (GLU 39) : 17.5340
Residue Topographical Entropy from AEM (SER 40) : 5.5893
Residue Topographical Entropy from AEM (ARG 41) : 14.8321
Residue Topographical Entropy from AEM (TYR 42) : 30.1994
Residue Topographical Entropy from AEM (VAL 43) : 1.9624
Residue Topographical Entropy from AEM (LEU 44) : 4.0783
Residue Topographical Entropy from AEM (THR 45) : 4.2636
Residue Topographical Entropy from AEM (GLY 46) : -0.0000
Residue Topographical Entropy from AEM (ARG 47) : 10.9962
Residue Topographical Entropy from AEM (TYR 48) : 29.4074
Residue Topographical Entropy from AEM (ASP 49) : 6.9708
Residue Topographical Entropy from AEM (SER 50) : 6.0576
Residue Topographical Entropy from AEM (ALA 51) : -0.0000
Residue Topographical Entropy from AEM (PRO 52) : 8.8420
Residue Topographical Entropy from AEM (ALA 53) : -0.0000
Residue Topographical Entropy from AEM (THR 54) : 8.9845
Residue Topographical Entropy from AEM (ASP 55) : 11.8783
Residue Topographical Entropy from AEM (GLY 56) : -0.0000
Residue Topographical Entropy from AEM (SER 57) : 7.9633
Residue Topographical Entropy from AEM (GLY 58) : -0.0000
Residue Topographical Entropy from AEM (THR 59) : 2.0811
Residue Topographical Entropy from AEM (ALA 60) : -0.0000
Residue Topographical Entropy from AEM (LEU 61) : 4.9633
Residue Topographical Entropy from AEM (GLY 62) : -0.0000
Residue Topographical Entropy from AEM (TRP 63) : 46.6599
Residue Topographical Entropy from AEM (THR 64) : 0.8635
Residue Topographical Entropy from AEM (VAL 65) : 0.8415
Residue Topographical Entropy from AEM (ALA 66) : -0.0000
Residue Topographical Entropy from AEM (TRP 67) : 45.6008
Residue Topographical Entropy from AEM (LYS 68) : 17.1363
Residue Topographical Entropy from AEM (ASN 69) : 3.9253
Residue Topographical Entropy from AEM (ASN 70) : 12.7073
Residue Topographical Entropy from AEM (TYR 71) : 34.5117
Residue Topographical Entropy from AEM (ARG 72) : 18.2518
Residue Topographical Entropy from AEM (ASN 73) : 4.9368
Residue Topographical Entropy from AEM (ALA 74) : -0.0000
Residue Topographical Entropy from AEM (HID 75) : 24.9730
Residue Topographical Entropy from AEM (SER 76) : 2.1990
Residue Topographical Entropy from AEM (ALA 77) : -0.0000
Residue Topographical Entropy from AEM (THR 78) : 1.2978
Residue Topographical Entropy from AEM (THR 79) : 1.1497
Residue Topographical Entropy from AEM (TRP 80) : 39.2133
Residue Topographical Entropy from AEM (SER 81) : 1.0261
Residue Topographical Entropy from AEM (GLY 82) : -0.0000
Residue Topographical Entropy from AEM (GLN 83) : 10.2942
Residue Topographical Entropy from AEM (TYR 84) : 31.8892
Residue Topographical Entropy from AEM (VAL 85) : 3.5795
Residue Topographical Entropy from AEM (GLY 86) : -0.0000
Residue Topographical Entropy from AEM (GLY 87) : -0.0000
Residue Topographical Entropy from AEM (ALA 88) : -0.0000
Residue Topographical Entropy from AEM (GLU 89) : 23.4420
Residue Topographical Entropy from AEM (ALA 90) : -0.0000
Residue Topographical Entropy from AEM (ARG 91) : 13.6954
Residue Topographical Entropy from AEM (ILE 92) : 3.0052
Residue Topographical Entropy from AEM (ASN 93) : 6.9284
Residue Topographical Entropy from AEM (THR 94) : 6.4532
Residue Topographical Entropy from AEM (GLN 95) : 4.0365
Residue Topographical Entropy from AEM (TRP 96) : 39.2423
Residue Topographical Entropy from AEM (LEU 97) : 3.7285
Residue Topographical Entropy from AEM (LEU 98) : 4.3304
Residue Topographical Entropy from AEM (THR 99) : 1.6915
Residue Topographical Entropy from AEM (SER 100) : 8.7165
Residue Topographical Entropy from AEM (GLY 101) : -0.0000
Residue Topographical Entropy from AEM (THR 102) : 4.5426
Residue Topographical Entropy from AEM (THR 103) : 2.1604
Residue Topographical Entropy from AEM (GLU 104) : 23.0839
Residue Topographical Entropy from AEM (ALA 105) : -0.0000
Residue Topographical Entropy from AEM (ASN 106) : 4.8472
Residue Topographical Entropy from AEM (ALA 107) : -0.0000
Residue Topographical Entropy from AEM (TRP 108) : 43.8821
Residue Topographical Entropy from AEM (LYS 109) : 20.6419
Residue Topographical Entropy from AEM (SER 110) : 3.2105
Residue Topographical Entropy from AEM (THR 111) : 0.7458
Residue Topographical Entropy from AEM (LEU 112) : 5.8673
Residue Topographical Entropy from AEM (VAL 113) : 2.2873
Residue Topographical Entropy from AEM (GLY 114) : -0.0000
Residue Topographical Entropy from AEM (HID 115) : 26.1274
Residue Topographical Entropy from AEM (ASP 116) : 6.6910
Residue Topographical Entropy from AEM (THR 117) : 7.2687
Residue Topographical Entropy from AEM (PHE 118) : 31.5122
Residue Topographical Entropy from AEM (THR 119) : 4.1316
Residue Topographical Entropy from AEM (LYS 120) : 18.3709
Residue Topographical Entropy from AEM (VAL 121) : 6.1257
Residue Topographical Entropy from AEM (LYS 122) : 21.4772
Residue Topographical Entropy from AEM (PRO 123) : 12.0540
Residue Topographical Entropy from AEM (SER 124) : 8.5894
Residue Topographical Entropy from AEM (ALA 125) : -0.0000
Residue Topographical Entropy from AEM (ALA 126) : -0.0000
Residue Topographical Entropy from AEM (CSER 127) : 7.5400
____________________________________________________________
Total Topog. Entropy (AEM)               :        1164.758
------------------------------------------------------------
____________________________________________________________
Total Entropy                            :        1164.758
------------------------------------------------------------
