------------------------------------------------------------
Topographical entropy of residue side chains 
computed using all the dihedrals with AEM method
------------------------------------------------------------
Residue Topographical Entropy from AEM (NALA 1) : 1.3116
Residue Topographical Entropy from AEM (GLU 2) : 23.1619
Residue Topographical Entropy from AEM (ALA 3) : -0.0000
Residue Topographical Entropy from AEM (GLY 4) : -0.0000
Residue Topographical Entropy from AEM (ILE 5) : 1.7965
Residue Topographical Entropy from AEM (THR 6) : 0.6494
Residue Topographical Entropy from AEM (GLY 7) : -0.0000
Residue Topographical Entropy from AEM (THR 8) : 1.0142
Residue Topographical Entropy from AEM (TRP 9) : 0.0134
Residue Topographical Entropy from AEM (TYR 10) : 27.5356
Residue Topographical Entropy from AEM (ALA 11) : -0.0000
Residue Topographical Entropy from AEM (GLN 12) : 14.6104
Residue Topographical Entropy from AEM (LEU 13) : 8.0373
Residue Topographical Entropy from AEM (GLY 14) : -0.0000
Residue Topographical Entropy from AEM (SER 15) : 8.1132
Residue Topographical Entropy from AEM (THR 16) : 2.2914
Residue Topographical Entropy from AEM (PHE 17) : 0.3229
Residue Topographical Entropy from AEM (ILE 18) : 11.8712
Residue Topographical Entropy from AEM (VAL 19) : 4.5820
Residue Topographical Entropy from AEM (THR 20) : 2.7759
Residue Topographical Entropy from AEM (ALA 21) : -0.0000
Residue Topographical Entropy from AEM (GLY 22) : -0.0000
Residue Topographical Entropy from AEM (ALA 23) : -0.0000
Residue Topographical Entropy from AEM (ASP 24) : 9.3517
Residue Topographical Entropy from AEM (GLY 25) : -0.0000
Residue Topographical Entropy from AEM (ALA 26) : -0.0000
Residue Topographical Entropy from AEM (LEU 27) : 7.8403
Residue Topographical Entropy from AEM (THR 28) : 8.6183
Residue Topographical Entropy from AEM (GLY 29) : -0.0000
Residue Topographical Entropy from AEM (THR 30) : 4.2406
Residue Topographical Entropy from AEM (TYR 31) : 20.7335
Residue Topographical Entropy from AEM (GLU 32) : 16.9561
Residue Topographical Entropy from AEM (SER 33) : 5.7960
Residue Topographical Entropy from AEM (ALA 34) : -0.0000
Residue Topographical Entropy from AEM (VAL 35) : 8.7126
Residue Topographical Entropy from AEM (GLY 36) : -0.0000
Residue Topographical Entropy from AEM (ASN 37) : 8.3830
Residue Topographical Entropy from AEM (ALA 38) : -0.0000
Residue Topographical Entropy from AEM (GLU 39) : 16.6498
Residue Topographical Entropy from AEM (SER 40) : 8.2379
Residue Topographical Entropy from AEM (ARG 41) : 9.9299
Residue Topographical Entropy from AEM (TYR 42) : 24.7596
Residue Topographical Entropy from AEM (VAL 43) : 1.7359
Residue Topographical Entropy from AEM (LEU 44) : 1.8984
Residue Topographical Entropy from AEM (THR 45) : 7.1578
Residue Topographical Entropy from AEM (GLY 46) : -0.0000
Residue Topographical Entropy from AEM (ARG 47) : -0.0000
Residue Topographical Entropy from AEM (TYR 48) : -0.0000
Residue Topographical Entropy from AEM (ASP 49) : 3.7750
Residue Topographical Entropy from AEM (SER 50) : 0.4069
Residue Topographical Entropy from AEM (ALA 51) : -0.0000
Residue Topographical Entropy from AEM (PRO 52) : 5.8046
Residue Topographical Entropy from AEM (ALA 53) : -0.0000
Residue Topographical Entropy from AEM (THR 54) : 6.7518
Residue Topographical Entropy from AEM (ASP 55) : 9.4306
Residue Topographical Entropy from AEM (GLY 56) : -0.0000
Residue Topographical Entropy from AEM (SER 57) : 5.9403
Residue Topographical Entropy from AEM (GLY 58) : -0.0000
Residue Topographical Entropy from AEM (THR 59) : 0.3120
Residue Topographical Entropy from AEM (ALA 60) : -0.0000
Residue Topographical Entropy from AEM (LEU 61) : 5.6376
Residue Topographical Entropy from AEM (GLY 62) : -0.0000
Residue Topographical Entropy from AEM (TRP 63) : -0.0000
Residue Topographical Entropy from AEM (THR 64) : 0.0749
Residue Topographical Entropy from AEM (VAL 65) : 0.4663
Residue Topographical Entropy from AEM (ALA 66) : -0.0000
Residue Topographical Entropy from AEM (TRP 67) : 42.4258
Residue Topographical Entropy from AEM (LYS 68) : 15.8746
Residue Topographical Entropy from AEM (ASN 69) : 4.8324
Residue Topographical Entropy from AEM (ASN 70) : 13.1193
Residue Topographical Entropy from AEM (TYR 71) : 36.4481
Residue Topographical Entropy from AEM (ARG 72) : 17.8165
Residue Topographical Entropy from AEM (ASN 73) : 6.1554
Residue Topographical Entropy from AEM (ALA 74) : -0.0000
Residue Topographical Entropy from AEM (HID 75) : 22.5308
Residue Topographical Entropy from AEM (SER 76) : 0.8558
Residue Topographical Entropy from AEM (ALA 77) : -0.0000
Residue Topographical Entropy from AEM (THR 78) : -0.0000
Residue Topographical Entropy from AEM (THR 79) : -0.0000
Residue Topographical Entropy from AEM (TRP 80) : -0.0000
Residue Topographical Entropy from AEM (SER 81) : 2.8909
Residue Topographical Entropy from AEM (GLY 82) : -0.0000
Residue Topographical Entropy from AEM (GLN 83) : 9.4462
Residue Topographical Entropy from AEM (TYR 84) : -0.0000
Residue Topographical Entropy from AEM (VAL 85) : 1.4603
Residue Topographical Entropy from AEM (GLY 86) : -0.0000
Residue Topographical Entropy from AEM (GLY 87) : -0.0000
Residue Topographical Entropy from AEM (ALA 88) : -0.0000
Residue Topographical Entropy from AEM (GLU 89) : 23.3064
Residue Topographical Entropy from AEM (ALA 90) : -0.0000
Residue Topographical Entropy from AEM (ARG 91) : 11.6852
Residue Topographical Entropy from AEM (ILE 92) : 0.1070
Residue Topographical Entropy from AEM (ASN 93) : 6.8994
Residue Topographical Entropy from AEM (THR 94) : -0.0000
Residue Topographical Entropy from AEM (GLN 95) : 2.8874
Residue Topographical Entropy from AEM (TRP 96) : -0.0000
Residue Topographical Entropy from AEM (LEU 97) : 5.6668
Residue Topographical Entropy from AEM (LEU 98) : 0.3395
Residue Topographical Entropy from AEM (THR 99) : 0.0134
Residue Topographical Entropy from AEM (SER 100) : 8.5858
Residue Topographical Entropy from AEM (GLY 101) : -0.0000
Residue Topographical Entropy from AEM (THR 102) : 1.5555
Residue Topographical Entropy from AEM (THR 103) : 0.4592
Residue Topographical Entropy from AEM (GLU 104) : 25.9679
Residue Topographical Entropy from AEM (ALA 105) : -0.0000
Residue Topographical Entropy from AEM (ASN 106) : 1.5255
Residue Topographical Entropy from AEM (ALA 107) : -0.0000
Residue Topographical Entropy from AEM (TRP 108) : -0.0000
Residue Topographical Entropy from AEM (LYS 109) : 11.2505
Residue Topographical Entropy from AEM (SER 110) : 2.3137
Residue Topographical Entropy from AEM (THR 111) : -0.0000
Residue Topographical Entropy from AEM (LEU 112) : 3.2239
Residue Topographical Entropy from AEM (VAL 113) : -0.0000
Residue Topographical Entropy from AEM (GLY 114) : -0.0000
Residue Topographical Entropy from AEM (HID 115) : 2.8491
Residue Topographical Entropy from AEM (ASP 116) : 5.3289
Residue Topographical Entropy from AEM (THR 117) : 3.5741
Residue Topographical Entropy from AEM (PHE 118) : -0.0000
Residue Topographical Entropy from AEM (THR 119) : 5.8032
Residue Topographical Entropy from AEM (LYS 120) : 14.9007
Residue Topographical Entropy from AEM (VAL 121) : 6.9191
Residue Topographical Entropy from AEM (LYS 122) : 20.1411
Residue Topographical Entropy from AEM (PRO 123) : 7.5136
Residue Topographical Entropy from AEM (SER 124) : 8.4628
Residue Topographical Entropy from AEM (ALA 125) : -0.0000
Residue Topographical Entropy from AEM (ALA 126) : -0.0000
Residue Topographical Entropy from AEM (CSER 127) : 6.9515
____________________________________________________________
Total Topog. Entropy (AEM)               :         669.776
------------------------------------------------------------
____________________________________________________________
Total Entropy                            :         669.776
------------------------------------------------------------
