------------------------------------------------------------
Topographical entropy of residue side chains 
computed using all the dihedrals with AEM method
------------------------------------------------------------
Residue Topographical Entropy from AEM (NALA 1) : 0.8553
Residue Topographical Entropy from AEM (GLU 2) : 17.4123
Residue Topographical Entropy from AEM (ALA 3) : -0.0000
Residue Topographical Entropy from AEM (GLY 4) : -0.0000
Residue Topographical Entropy from AEM (ILE 5) : 12.7302
Residue Topographical Entropy from AEM (THR 6) : -0.0000
Residue Topographical Entropy from AEM (GLY 7) : -0.0000
Residue Topographical Entropy from AEM (THR 8) : 6.2949
Residue Topographical Entropy from AEM (TRP 9) : -0.0000
Residue Topographical Entropy from AEM (TYR 10) : -0.0000
Residue Topographical Entropy from AEM (ALA 11) : -0.0000
Residue Topographical Entropy from AEM (GLN 12) : 16.5579
Residue Topographical Entropy from AEM (LEU 13) : 6.4561
Residue Topographical Entropy from AEM (GLY 14) : -0.0000
Residue Topographical Entropy from AEM (SER 15) : 2.7213
Residue Topographical Entropy from AEM (THR 16) : 1.9518
Residue Topographical Entropy from AEM (PHE 17) : 9.2520
Residue Topographical Entropy from AEM (ILE 18) : 2.9418
Residue Topographical Entropy from AEM (VAL 19) : 6.1998
Residue Topographical Entropy from AEM (THR 20) : 6.1886
Residue Topographical Entropy from AEM (ALA 21) : -0.0000
Residue Topographical Entropy from AEM (GLY 22) : -0.0000
Residue Topographical Entropy from AEM (ALA 23) : -0.0000
Residue Topographical Entropy from AEM (ASP 24) : 11.4595
Residue Topographical Entropy from AEM (GLY 25) : -0.0000
Residue Topographical Entropy from AEM (ALA 26) : -0.0000
Residue Topographical Entropy from AEM (LEU 27) : 8.8463
Residue Topographical Entropy from AEM (THR 28) : 8.5109
Residue Topographical Entropy from AEM (GLY 29) : -0.0000
Residue Topographical Entropy from AEM (THR 30) : 5.1238
Residue Topographical Entropy from AEM (TYR 31) : 6.8167
Residue Topographical Entropy from AEM (GLU 32) : 5.9540
Residue Topographical Entropy from AEM (SER 33) : 7.8956
Residue Topographical Entropy from AEM (ALA 34) : -0.0000
Residue Topographical Entropy from AEM (VAL 35) : 6.8916
Residue Topographical Entropy from AEM (GLY 36) : -0.0000
Residue Topographical Entropy from AEM (ASN 37) : 12.8236
Residue Topographical Entropy from AEM (ALA 38) : -0.0000
Residue Topographical Entropy from AEM (GLU 39) : 16.4937
Residue Topographical Entropy from AEM (SER 40) : 6.6611
Residue Topographical Entropy from AEM (ARG 41) : 0.0992
Residue Topographical Entropy from AEM (TYR 42) : -0.0000
Residue Topographical Entropy from AEM (VAL 43) : 0.6325
Residue Topographical Entropy from AEM (LEU 44) : 0.0936
Residue Topographical Entropy from AEM (THR 45) : 5.1669
Residue Topographical Entropy from AEM (GLY 46) : -0.0000
Residue Topographical Entropy from AEM (ARG 47) : -0.0000
Residue Topographical Entropy from AEM (TYR 48) : 6.8796
Residue Topographical Entropy from AEM (ASP 49) : 5.3427
Residue Topographical Entropy from AEM (SER 50) : 6.2899
Residue Topographical Entropy from AEM (ALA 51) : -0.0000
Residue Topographical Entropy from AEM (PRO 52) : 6.0297
Residue Topographical Entropy from AEM (ALA 53) : -0.0000
Residue Topographical Entropy from AEM (THR 54) : 5.8131
Residue Topographical Entropy from AEM (ASP 55) : 5.8755
Residue Topographical Entropy from AEM (GLY 56) : -0.0000
Residue Topographical Entropy from AEM (SER 57) : 7.6207
Residue Topographical Entropy from AEM (GLY 58) : -0.0000
Residue Topographical Entropy from AEM (THR 59) : 0.7161
Residue Topographical Entropy from AEM (ALA 60) : -0.0000
Residue Topographical Entropy from AEM (LEU 61) : 4.8448
Residue Topographical Entropy from AEM (GLY 62) : -0.0000
Residue Topographical Entropy from AEM (TRP 63) : -0.0000
Residue Topographical Entropy from AEM (THR 64) : 1.5700
Residue Topographical Entropy from AEM (VAL 65) : -0.0000
Residue Topographical Entropy from AEM (ALA 66) : -0.0000
Residue Topographical Entropy from AEM (TRP 67) : -0.0000
Residue Topographical Entropy from AEM (LYS 68) : 11.1042
Residue Topographical Entropy from AEM (ASN 69) : -0.0000
Residue Topographical Entropy from AEM (ASN 70) : 14.8868
Residue Topographical Entropy from AEM (TYR 71) : 2.8286
Residue Topographical Entropy from AEM (ARG 72) : 11.6907
Residue Topographical Entropy from AEM (ASN 73) : 1.3543
Residue Topographical Entropy from AEM (ALA 74) : -0.0000
Residue Topographical Entropy from AEM (HID 75) : -0.0000
Residue Topographical Entropy from AEM (SER 76) : 3.8624
Residue Topographical Entropy from AEM (ALA 77) : -0.0000
Residue Topographical Entropy from AEM (THR 78) : -0.0000
Residue Topographical Entropy from AEM (THR 79) : 0.8393
Residue Topographical Entropy from AEM (TRP 80) : -0.0000
Residue Topographical Entropy from AEM (SER 81) : 0.1200
Residue Topographical Entropy from AEM (GLY 82) : -0.0000
Residue Topographical Entropy from AEM (GLN 83) : 12.1310
Residue Topographical Entropy from AEM (TYR 84) : -0.0000
Residue Topographical Entropy from AEM (VAL 85) : 1.8163
Residue Topographical Entropy from AEM (GLY 86) : -0.0000
Residue Topographical Entropy from AEM (GLY 87) : -0.0000
Residue Topographical Entropy from AEM (ALA 88) : -0.0000
Residue Topographical Entropy from AEM (GLU 89) : 21.3637
Residue Topographical Entropy from AEM (ALA 90) : -0.0000
Residue Topographical Entropy from AEM (ARG 91) : 8.0292
Residue Topographical Entropy from AEM (ILE 92) : 1.9484
Residue Topographical Entropy from AEM (ASN 93) : 4.6018
Residue Topographical Entropy from AEM (THR 94) : 5.5889
Residue Topographical Entropy from AEM (GLN 95) : 6.8310
Residue Topographical Entropy from AEM (TRP 96) : -0.0000
Residue Topographical Entropy from AEM (LEU 97) : -0.0000
Residue Topographical Entropy from AEM (LEU 98) : 1.2414
Residue Topographical Entropy from AEM (THR 99) : -0.0000
Residue Topographical Entropy from AEM (SER 100) : 6.9668
Residue Topographical Entropy from AEM (GLY 101) : -0.0000
Residue Topographical Entropy from AEM (THR 102) : 4.4560
Residue Topographical Entropy from AEM (THR 103) : 0.7908
Residue Topographical Entropy from AEM (GLU 104) : 24.8093
Residue Topographical Entropy from AEM (ALA 105) : -0.0000
Residue Topographical Entropy from AEM (ASN 106) : 1.5259
Residue Topographical Entropy from AEM (ALA 107) : -0.0000
Residue Topographical Entropy from AEM (TRP 108) : -0.0000
Residue Topographical Entropy from AEM (LYS 109) : 13.9547
Residue Topographical Entropy from AEM (SER 110) : 3.4465
Residue Topographical Entropy from AEM (THR 111) : -0.0000
Residue Topographical Entropy from AEM (LEU 112) : 1.6119
Residue Topographical Entropy from AEM (VAL 113) : -0.0000
Residue Topographical Entropy from AEM (GLY 114) : -0.0000
Residue Topographical Entropy from AEM (HID 115) : 2.1834
Residue Topographical Entropy from AEM (ASP 116) : 8.4259
Residue Topographical Entropy from AEM (THR 117) : 3.0141
Residue Topographical Entropy from AEM (PHE 118) : 0.3364
Residue Topographical Entropy from AEM (THR 119) : 5.2496
Residue Topographical Entropy from AEM (LYS 120) : 8.6563
Residue Topographical Entropy from AEM (VAL 121) : 0.0358
Residue Topographical Entropy from AEM (LYS 122) : 24.0772
Residue Topographical Entropy from AEM (PRO 123) : 6.1402
Residue Topographical Entropy from AEM (SER 124) : 6.2093
Residue Topographical Entropy from AEM (ALA 125) : -0.0000
Residue Topographical Entropy from AEM (ALA 126) : -0.0000
Residue Topographical Entropy from AEM (CSER 127) : 6.4083
____________________________________________________________
Total Topog. Entropy (AEM)               :         482.549
------------------------------------------------------------
____________________________________________________________
Total Entropy                            :         482.549
------------------------------------------------------------
