------------------------------------------------------------
Topographical entropy of residue side chains 
computed using all the dihedrals with correlation/pLogp formalism
------------------------------------------------------------
Side Chain Topographical Entropy from corr. pLogP method (NALA 1) : -0.0000
Side Chain Topographical Entropy from corr. pLogP method (GLU 2) : 21.5840
Side Chain Topographical Entropy from corr. pLogP method (ALA 3) : -0.0000
Side Chain Topographical Entropy from corr. pLogP method (GLY 4) : -0.0000
Side Chain Topographical Entropy from corr. pLogP method (ILE 5) : 2.0139
Side Chain Topographical Entropy from corr. pLogP method (THR 6) : 0.6161
Side Chain Topographical Entropy from corr. pLogP method (GLY 7) : -0.0000
Side Chain Topographical Entropy from corr. pLogP method (THR 8) : 1.9829
Side Chain Topographical Entropy from corr. pLogP method (TRP 9) : 3.8577
Side Chain Topographical Entropy from corr. pLogP method (TYR 10) : 9.4019
Side Chain Topographical Entropy from corr. pLogP method (ALA 11) : -0.0000
Side Chain Topographical Entropy from corr. pLogP method (GLN 12) : 21.5626
Side Chain Topographical Entropy from corr. pLogP method (LEU 13) : 7.9945
Side Chain Topographical Entropy from corr. pLogP method (GLY 14) : -0.0000
Side Chain Topographical Entropy from corr. pLogP method (SER 15) : 6.0858
Side Chain Topographical Entropy from corr. pLogP method (THR 16) : 4.2329
Side Chain Topographical Entropy from corr. pLogP method (PHE 17) : 3.8893
Side Chain Topographical Entropy from corr. pLogP method (ILE 18) : 7.6902
Side Chain Topographical Entropy from corr. pLogP method (VAL 19) : 4.2134
Side Chain Topographical Entropy from corr. pLogP method (THR 20) : 6.5302
Side Chain Topographical Entropy from corr. pLogP method (ALA 21) : -0.0000
Side Chain Topographical Entropy from corr. pLogP method (GLY 22) : -0.0000
Side Chain Topographical Entropy from corr. pLogP method (ALA 23) : -0.0000
Side Chain Topographical Entropy from corr. pLogP method (ASP 24) : 16.7527
Side Chain Topographical Entropy from corr. pLogP method (GLY 25) : -0.0000
Side Chain Topographical Entropy from corr. pLogP method (ALA 26) : -0.0000
Side Chain Topographical Entropy from corr. pLogP method (LEU 27) : 9.7807
Side Chain Topographical Entropy from corr. pLogP method (THR 28) : 8.0709
Side Chain Topographical Entropy from corr. pLogP method (GLY 29) : -0.0000
Side Chain Topographical Entropy from corr. pLogP method (THR 30) : 8.3999
Side Chain Topographical Entropy from corr. pLogP method (TYR 31) : 12.7619
Side Chain Topographical Entropy from corr. pLogP method (GLU 32) : 20.7475
Side Chain Topographical Entropy from corr. pLogP method (SER 33) : 4.1403
Side Chain Topographical Entropy from corr. pLogP method (ALA 34) : -0.0000
Side Chain Topographical Entropy from corr. pLogP method (VAL 35) : 8.9572
Side Chain Topographical Entropy from corr. pLogP method (GLY 36) : -0.0000
Side Chain Topographical Entropy from corr. pLogP method (ASN 37) : 16.6410
Side Chain Topographical Entropy from corr. pLogP method (ALA 38) : -0.0000
Side Chain Topographical Entropy from corr. pLogP method (GLU 39) : 22.0082
Side Chain Topographical Entropy from corr. pLogP method (SER 40) : 9.0779
Side Chain Topographical Entropy from corr. pLogP method (ARG 41) : 16.0805
Side Chain Topographical Entropy from corr. pLogP method (TYR 42) : 14.9011
Side Chain Topographical Entropy from corr. pLogP method (VAL 43) : 3.6612
Side Chain Topographical Entropy from corr. pLogP method (LEU 44) : 5.3993
Side Chain Topographical Entropy from corr. pLogP method (THR 45) : 3.9198
Side Chain Topographical Entropy from corr. pLogP method (GLY 46) : -0.0000
Side Chain Topographical Entropy from corr. pLogP method (ARG 47) : 1.4588
Side Chain Topographical Entropy from corr. pLogP method (TYR 48) : 5.4427
Side Chain Topographical Entropy from corr. pLogP method (ASP 49) : 6.2480
Side Chain Topographical Entropy from corr. pLogP method (SER 50) : 3.8188
Side Chain Topographical Entropy from corr. pLogP method (ALA 51) : -0.0000
Side Chain Topographical Entropy from corr. pLogP method (PRO 52) : 12.7611
Side Chain Topographical Entropy from corr. pLogP method (ALA 53) : -0.0000
Side Chain Topographical Entropy from corr. pLogP method (THR 54) : 7.0585
Side Chain Topographical Entropy from corr. pLogP method (ASP 55) : 8.3703
Side Chain Topographical Entropy from corr. pLogP method (GLY 56) : -0.0000
Side Chain Topographical Entropy from corr. pLogP method (SER 57) : 3.2995
Side Chain Topographical Entropy from corr. pLogP method (GLY 58) : -0.0000
Side Chain Topographical Entropy from corr. pLogP method (THR 59) : 1.5384
Side Chain Topographical Entropy from corr. pLogP method (ALA 60) : -0.0000
Side Chain Topographical Entropy from corr. pLogP method (LEU 61) : 7.4672
Side Chain Topographical Entropy from corr. pLogP method (GLY 62) : -0.0000
Side Chain Topographical Entropy from corr. pLogP method (TRP 63) : 3.2133
Side Chain Topographical Entropy from corr. pLogP method (THR 64) : 0.7362
Side Chain Topographical Entropy from corr. pLogP method (VAL 65) : 1.2640
Side Chain Topographical Entropy from corr. pLogP method (ALA 66) : -0.0000
Side Chain Topographical Entropy from corr. pLogP method (TRP 67) : 5.2382
Side Chain Topographical Entropy from corr. pLogP method (LYS 68) : 22.9087
Side Chain Topographical Entropy from corr. pLogP method (ASN 69) : 9.6764
Side Chain Topographical Entropy from corr. pLogP method (ASN 70) : 14.6266
Side Chain Topographical Entropy from corr. pLogP method (TYR 71) : 17.7248
Side Chain Topographical Entropy from corr. pLogP method (ARG 72) : 21.4739
Side Chain Topographical Entropy from corr. pLogP method (ASN 73) : 10.5906
Side Chain Topographical Entropy from corr. pLogP method (ALA 74) : -0.0000
Side Chain Topographical Entropy from corr. pLogP method (HID 75) : 6.5064
Side Chain Topographical Entropy from corr. pLogP method (SER 76) : 3.6166
Side Chain Topographical Entropy from corr. pLogP method (ALA 77) : -0.0000
Side Chain Topographical Entropy from corr. pLogP method (THR 78) : 1.3777
Side Chain Topographical Entropy from corr. pLogP method (THR 79) : 1.9578
Side Chain Topographical Entropy from corr. pLogP method (TRP 80) : 7.4512
Side Chain Topographical Entropy from corr. pLogP method (SER 81) : 1.4575
Side Chain Topographical Entropy from corr. pLogP method (GLY 82) : -0.0000
Side Chain Topographical Entropy from corr. pLogP method (GLN 83) : 10.8920
Side Chain Topographical Entropy from corr. pLogP method (TYR 84) : 2.8723
Side Chain Topographical Entropy from corr. pLogP method (VAL 85) : 2.8118
Side Chain Topographical Entropy from corr. pLogP method (GLY 86) : -0.0000
Side Chain Topographical Entropy from corr. pLogP method (GLY 87) : -0.0000
Side Chain Topographical Entropy from corr. pLogP method (ALA 88) : -0.0000
Side Chain Topographical Entropy from corr. pLogP method (GLU 89) : 21.2856
Side Chain Topographical Entropy from corr. pLogP method (ALA 90) : -0.0000
Side Chain Topographical Entropy from corr. pLogP method (ARG 91) : 10.8651
Side Chain Topographical Entropy from corr. pLogP method (ILE 92) : 2.1764
Side Chain Topographical Entropy from corr. pLogP method (ASN 93) : 7.2496
Side Chain Topographical Entropy from corr. pLogP method (THR 94) : 6.4834
Side Chain Topographical Entropy from corr. pLogP method (GLN 95) : 7.6040
Side Chain Topographical Entropy from corr. pLogP method (TRP 96) : 5.5740
Side Chain Topographical Entropy from corr. pLogP method (LEU 97) : 2.5772
Side Chain Topographical Entropy from corr. pLogP method (LEU 98) : 3.9198
Side Chain Topographical Entropy from corr. pLogP method (THR 99) : 5.0711
Side Chain Topographical Entropy from corr. pLogP method (SER 100) : 8.2871
Side Chain Topographical Entropy from corr. pLogP method (GLY 101) : -0.0000
Side Chain Topographical Entropy from corr. pLogP method (THR 102) : 6.7573
Side Chain Topographical Entropy from corr. pLogP method (THR 103) : 5.1910
Side Chain Topographical Entropy from corr. pLogP method (GLU 104) : 23.5436
Side Chain Topographical Entropy from corr. pLogP method (ALA 105) : -0.0000
Side Chain Topographical Entropy from corr. pLogP method (ASN 106) : 8.4539
Side Chain Topographical Entropy from corr. pLogP method (ALA 107) : -0.0000
Side Chain Topographical Entropy from corr. pLogP method (TRP 108) : 8.0433
Side Chain Topographical Entropy from corr. pLogP method (LYS 109) : 16.3769
Side Chain Topographical Entropy from corr. pLogP method (SER 110) : 6.1473
Side Chain Topographical Entropy from corr. pLogP method (THR 111) : 0.4651
Side Chain Topographical Entropy from corr. pLogP method (LEU 112) : 1.5220
Side Chain Topographical Entropy from corr. pLogP method (VAL 113) : 0.5667
Side Chain Topographical Entropy from corr. pLogP method (GLY 114) : -0.0000
Side Chain Topographical Entropy from corr. pLogP method (HID 115) : 2.2718
Side Chain Topographical Entropy from corr. pLogP method (ASP 116) : 9.4146
Side Chain Topographical Entropy from corr. pLogP method (THR 117) : 1.3691
Side Chain Topographical Entropy from corr. pLogP method (PHE 118) : 2.2091
Side Chain Topographical Entropy from corr. pLogP method (THR 119) : 5.9311
Side Chain Topographical Entropy from corr. pLogP method (LYS 120) : 16.4875
Side Chain Topographical Entropy from corr. pLogP method (VAL 121) : 5.6071
Side Chain Topographical Entropy from corr. pLogP method (LYS 122) : 19.3076
Side Chain Topographical Entropy from corr. pLogP method (PRO 123) : 15.4878
Side Chain Topographical Entropy from corr. pLogP method (SER 124) : 8.5189
Side Chain Topographical Entropy from corr. pLogP method (ALA 125) : -0.0000
Side Chain Topographical Entropy from corr. pLogP method (ALA 126) : -0.0000
Side Chain Topographical Entropy from corr. pLogP method (CSER 127) : 5.5291
____________________________________________________________
Total SC Topog. Entropy (corr. pLogP)    :         737.109
------------------------------------------------------------
____________________________________________________________
Total BB Topog. Entropy (corr. pLogP)    :          47.152
------------------------------------------------------------
____________________________________________________________
Total Entropy                            :         784.261
------------------------------------------------------------
------------------------------------------------------------
Topographical entropy of residue side chains 
computed using all the dihedrals with correlation/pLogp formalism
------------------------------------------------------------
Side Chain Topographical Entropy from corr. pLogP method (NALA 1) : -0.0000
Side Chain Topographical Entropy from corr. pLogP method (GLU 2) : 20.1091
Side Chain Topographical Entropy from corr. pLogP method (ALA 3) : -0.0000
Side Chain Topographical Entropy from corr. pLogP method (GLY 4) : -0.0000
Side Chain Topographical Entropy from corr. pLogP method (ILE 5) : 1.5737
Side Chain Topographical Entropy from corr. pLogP method (THR 6) : 0.0243
Side Chain Topographical Entropy from corr. pLogP method (GLY 7) : -0.0000
Side Chain Topographical Entropy from corr. pLogP method (THR 8) : 1.8423
Side Chain Topographical Entropy from corr. pLogP method (TRP 9) : 1.3544
Side Chain Topographical Entropy from corr. pLogP method (TYR 10) : 7.6302
Side Chain Topographical Entropy from corr. pLogP method (ALA 11) : -0.0000
Side Chain Topographical Entropy from corr. pLogP method (GLN 12) : 21.9497
Side Chain Topographical Entropy from corr. pLogP method (LEU 13) : 10.5511
Side Chain Topographical Entropy from corr. pLogP method (GLY 14) : -0.0000
Side Chain Topographical Entropy from corr. pLogP method (SER 15) : 8.4163
Side Chain Topographical Entropy from corr. pLogP method (THR 16) : 1.1760
Side Chain Topographical Entropy from corr. pLogP method (PHE 17) : 1.4020
Side Chain Topographical Entropy from corr. pLogP method (ILE 18) : 4.0118
Side Chain Topographical Entropy from corr. pLogP method (VAL 19) : 1.9286
Side Chain Topographical Entropy from corr. pLogP method (THR 20) : 5.6027
Side Chain Topographical Entropy from corr. pLogP method (ALA 21) : -0.0000
Side Chain Topographical Entropy from corr. pLogP method (GLY 22) : -0.0000
Side Chain Topographical Entropy from corr. pLogP method (ALA 23) : -0.0000
Side Chain Topographical Entropy from corr. pLogP method (ASP 24) : 13.9418
Side Chain Topographical Entropy from corr. pLogP method (GLY 25) : -0.0000
Side Chain Topographical Entropy from corr. pLogP method (ALA 26) : -0.0000
Side Chain Topographical Entropy from corr. pLogP method (LEU 27) : 8.5990
Side Chain Topographical Entropy from corr. pLogP method (THR 28) : 8.6781
Side Chain Topographical Entropy from corr. pLogP method (GLY 29) : -0.0000
Side Chain Topographical Entropy from corr. pLogP method (THR 30) : 4.0904
Side Chain Topographical Entropy from corr. pLogP method (TYR 31) : 8.8719
Side Chain Topographical Entropy from corr. pLogP method (GLU 32) : 11.0709
Side Chain Topographical Entropy from corr. pLogP method (SER 33) : 5.3206
Side Chain Topographical Entropy from corr. pLogP method (ALA 34) : -0.0000
Side Chain Topographical Entropy from corr. pLogP method (VAL 35) : 6.9516
Side Chain Topographical Entropy from corr. pLogP method (GLY 36) : -0.0000
Side Chain Topographical Entropy from corr. pLogP method (ASN 37) : 14.8560
Side Chain Topographical Entropy from corr. pLogP method (ALA 38) : -0.0000
Side Chain Topographical Entropy from corr. pLogP method (GLU 39) : 24.8028
Side Chain Topographical Entropy from corr. pLogP method (SER 40) : 7.4319
Side Chain Topographical Entropy from corr. pLogP method (ARG 41) : 12.9150
Side Chain Topographical Entropy from corr. pLogP method (TYR 42) : 10.3567
Side Chain Topographical Entropy from corr. pLogP method (VAL 43) : 5.7691
Side Chain Topographical Entropy from corr. pLogP method (LEU 44) : 3.3093
Side Chain Topographical Entropy from corr. pLogP method (THR 45) : 3.3290
Side Chain Topographical Entropy from corr. pLogP method (GLY 46) : -0.0000
Side Chain Topographical Entropy from corr. pLogP method (ARG 47) : 0.3937
Side Chain Topographical Entropy from corr. pLogP method (TYR 48) : 4.6611
Side Chain Topographical Entropy from corr. pLogP method (ASP 49) : 6.4175
Side Chain Topographical Entropy from corr. pLogP method (SER 50) : 3.6742
Side Chain Topographical Entropy from corr. pLogP method (ALA 51) : -0.0000
Side Chain Topographical Entropy from corr. pLogP method (PRO 52) : 14.2284
Side Chain Topographical Entropy from corr. pLogP method (ALA 53) : -0.0000
Side Chain Topographical Entropy from corr. pLogP method (THR 54) : 8.6482
Side Chain Topographical Entropy from corr. pLogP method (ASP 55) : 15.3504
Side Chain Topographical Entropy from corr. pLogP method (GLY 56) : -0.0000
Side Chain Topographical Entropy from corr. pLogP method (SER 57) : 7.7720
Side Chain Topographical Entropy from corr. pLogP method (GLY 58) : -0.0000
Side Chain Topographical Entropy from corr. pLogP method (THR 59) : 0.7845
Side Chain Topographical Entropy from corr. pLogP method (ALA 60) : -0.0000
Side Chain Topographical Entropy from corr. pLogP method (LEU 61) : 4.4528
Side Chain Topographical Entropy from corr. pLogP method (GLY 62) : -0.0000
Side Chain Topographical Entropy from corr. pLogP method (TRP 63) : 1.0872
Side Chain Topographical Entropy from corr. pLogP method (THR 64) : 0.1515
Side Chain Topographical Entropy from corr. pLogP method (VAL 65) : 0.4011
Side Chain Topographical Entropy from corr. pLogP method (ALA 66) : -0.0000
Side Chain Topographical Entropy from corr. pLogP method (TRP 67) : 8.7829
Side Chain Topographical Entropy from corr. pLogP method (LYS 68) : 21.4662
Side Chain Topographical Entropy from corr. pLogP method (ASN 69) : 13.8666
Side Chain Topographical Entropy from corr. pLogP method (ASN 70) : 16.1400
Side Chain Topographical Entropy from corr. pLogP method (TYR 71) : 17.9811
Side Chain Topographical Entropy from corr. pLogP method (ARG 72) : 23.7162
Side Chain Topographical Entropy from corr. pLogP method (ASN 73) : 11.1478
Side Chain Topographical Entropy from corr. pLogP method (ALA 74) : -0.0000
Side Chain Topographical Entropy from corr. pLogP method (HID 75) : 9.6912
Side Chain Topographical Entropy from corr. pLogP method (SER 76) : 7.7381
Side Chain Topographical Entropy from corr. pLogP method (ALA 77) : -0.0000
Side Chain Topographical Entropy from corr. pLogP method (THR 78) : 0.2393
Side Chain Topographical Entropy from corr. pLogP method (THR 79) : 1.4997
Side Chain Topographical Entropy from corr. pLogP method (TRP 80) : 5.1780
Side Chain Topographical Entropy from corr. pLogP method (SER 81) : 0.6785
Side Chain Topographical Entropy from corr. pLogP method (GLY 82) : -0.0000
Side Chain Topographical Entropy from corr. pLogP method (GLN 83) : 10.3197
Side Chain Topographical Entropy from corr. pLogP method (TYR 84) : 2.0595
Side Chain Topographical Entropy from corr. pLogP method (VAL 85) : 3.5919
Side Chain Topographical Entropy from corr. pLogP method (GLY 86) : -0.0000
Side Chain Topographical Entropy from corr. pLogP method (GLY 87) : -0.0000
Side Chain Topographical Entropy from corr. pLogP method (ALA 88) : -0.0000
Side Chain Topographical Entropy from corr. pLogP method (GLU 89) : 22.8332
Side Chain Topographical Entropy from corr. pLogP method (ALA 90) : -0.0000
Side Chain Topographical Entropy from corr. pLogP method (ARG 91) : 15.4442
Side Chain Topographical Entropy from corr. pLogP method (ILE 92) : 1.3171
Side Chain Topographical Entropy from corr. pLogP method (ASN 93) : 7.2084
Side Chain Topographical Entropy from corr. pLogP method (THR 94) : 1.8586
Side Chain Topographical Entropy from corr. pLogP method (GLN 95) : 10.7626
Side Chain Topographical Entropy from corr. pLogP method (TRP 96) : 4.9969
Side Chain Topographical Entropy from corr. pLogP method (LEU 97) : 1.9460
Side Chain Topographical Entropy from corr. pLogP method (LEU 98) : 4.2555
Side Chain Topographical Entropy from corr. pLogP method (THR 99) : 6.0483
Side Chain Topographical Entropy from corr. pLogP method (SER 100) : 8.2001
Side Chain Topographical Entropy from corr. pLogP method (GLY 101) : -0.0000
Side Chain Topographical Entropy from corr. pLogP method (THR 102) : 6.1284
Side Chain Topographical Entropy from corr. pLogP method (THR 103) : 2.9443
Side Chain Topographical Entropy from corr. pLogP method (GLU 104) : 24.2637
Side Chain Topographical Entropy from corr. pLogP method (ALA 105) : -0.0000
Side Chain Topographical Entropy from corr. pLogP method (ASN 106) : 6.3972
Side Chain Topographical Entropy from corr. pLogP method (ALA 107) : -0.0000
Side Chain Topographical Entropy from corr. pLogP method (TRP 108) : 9.9090
Side Chain Topographical Entropy from corr. pLogP method (LYS 109) : 16.4335
Side Chain Topographical Entropy from corr. pLogP method (SER 110) : 1.9036
Side Chain Topographical Entropy from corr. pLogP method (THR 111) : 1.2625
Side Chain Topographical Entropy from corr. pLogP method (LEU 112) : 4.8359
Side Chain Topographical Entropy from corr. pLogP method (VAL 113) : 2.4772
Side Chain Topographical Entropy from corr. pLogP method (GLY 114) : -0.0000
Side Chain Topographical Entropy from corr. pLogP method (HID 115) : 13.7976
Side Chain Topographical Entropy from corr. pLogP method (ASP 116) : 8.9563
Side Chain Topographical Entropy from corr. pLogP method (THR 117) : 6.5549
Side Chain Topographical Entropy from corr. pLogP method (PHE 118) : 0.9451
Side Chain Topographical Entropy from corr. pLogP method (THR 119) : 6.0892
Side Chain Topographical Entropy from corr. pLogP method (LYS 120) : 13.1037
Side Chain Topographical Entropy from corr. pLogP method (VAL 121) : 5.0306
Side Chain Topographical Entropy from corr. pLogP method (LYS 122) : 19.5122
Side Chain Topographical Entropy from corr. pLogP method (PRO 123) : 17.2225
Side Chain Topographical Entropy from corr. pLogP method (SER 124) : 8.7610
Side Chain Topographical Entropy from corr. pLogP method (ALA 125) : -0.0000
Side Chain Topographical Entropy from corr. pLogP method (ALA 126) : -0.0000
Side Chain Topographical Entropy from corr. pLogP method (CSER 127) : 4.9732
____________________________________________________________
Total SC Topog. Entropy (corr. pLogP)    :         726.358
------------------------------------------------------------
____________________________________________________________
Total BB Topog. Entropy (corr. pLogP)    :          38.281
------------------------------------------------------------
____________________________________________________________
Total Entropy                            :         764.639
------------------------------------------------------------
------------------------------------------------------------
Topographical entropy of residue side chains 
computed using all the dihedrals with correlation/pLogp formalism
------------------------------------------------------------
Side Chain Topographical Entropy from corr. pLogP method (NALA 1) : -0.0000
Side Chain Topographical Entropy from corr. pLogP method (GLU 2) : 22.1027
Side Chain Topographical Entropy from corr. pLogP method (ALA 3) : -0.0000
Side Chain Topographical Entropy from corr. pLogP method (GLY 4) : -0.0000
Side Chain Topographical Entropy from corr. pLogP method (ILE 5) : 1.4663
Side Chain Topographical Entropy from corr. pLogP method (THR 6) : 0.1120
Side Chain Topographical Entropy from corr. pLogP method (GLY 7) : -0.0000
Side Chain Topographical Entropy from corr. pLogP method (THR 8) : 0.9459
Side Chain Topographical Entropy from corr. pLogP method (TRP 9) : 2.5168
Side Chain Topographical Entropy from corr. pLogP method (TYR 10) : 8.0248
Side Chain Topographical Entropy from corr. pLogP method (ALA 11) : -0.0000
Side Chain Topographical Entropy from corr. pLogP method (GLN 12) : 21.0508
Side Chain Topographical Entropy from corr. pLogP method (LEU 13) : 7.6659
Side Chain Topographical Entropy from corr. pLogP method (GLY 14) : -0.0000
Side Chain Topographical Entropy from corr. pLogP method (SER 15) : 6.8879
Side Chain Topographical Entropy from corr. pLogP method (THR 16) : 4.6890
Side Chain Topographical Entropy from corr. pLogP method (PHE 17) : 2.4137
Side Chain Topographical Entropy from corr. pLogP method (ILE 18) : 4.7747
Side Chain Topographical Entropy from corr. pLogP method (VAL 19) : 2.6281
Side Chain Topographical Entropy from corr. pLogP method (THR 20) : 7.1050
Side Chain Topographical Entropy from corr. pLogP method (ALA 21) : -0.0000
Side Chain Topographical Entropy from corr. pLogP method (GLY 22) : -0.0000
Side Chain Topographical Entropy from corr. pLogP method (ALA 23) : -0.0000
Side Chain Topographical Entropy from corr. pLogP method (ASP 24) : 15.1895
Side Chain Topographical Entropy from corr. pLogP method (GLY 25) : -0.0000
Side Chain Topographical Entropy from corr. pLogP method (ALA 26) : -0.0000
Side Chain Topographical Entropy from corr. pLogP method (LEU 27) : 8.7431
Side Chain Topographical Entropy from corr. pLogP method (THR 28) : 8.8523
Side Chain Topographical Entropy from corr. pLogP method (GLY 29) : -0.0000
Side Chain Topographical Entropy from corr. pLogP method (THR 30) : 7.9767
Side Chain Topographical Entropy from corr. pLogP method (TYR 31) : 9.3744
Side Chain Topographical Entropy from corr. pLogP method (GLU 32) : 16.2327
Side Chain Topographical Entropy from corr. pLogP method (SER 33) : 4.1163
Side Chain Topographical Entropy from corr. pLogP method (ALA 34) : -0.0000
Side Chain Topographical Entropy from corr. pLogP method (VAL 35) : 7.3235
Side Chain Topographical Entropy from corr. pLogP method (GLY 36) : -0.0000
Side Chain Topographical Entropy from corr. pLogP method (ASN 37) : 11.3320
Side Chain Topographical Entropy from corr. pLogP method (ALA 38) : -0.0000
Side Chain Topographical Entropy from corr. pLogP method (GLU 39) : 20.1067
Side Chain Topographical Entropy from corr. pLogP method (SER 40) : 5.6158
Side Chain Topographical Entropy from corr. pLogP method (ARG 41) : 14.5741
Side Chain Topographical Entropy from corr. pLogP method (TYR 42) : 3.2282
Side Chain Topographical Entropy from corr. pLogP method (VAL 43) : 1.1213
Side Chain Topographical Entropy from corr. pLogP method (LEU 44) : 3.9652
Side Chain Topographical Entropy from corr. pLogP method (THR 45) : 6.6806
Side Chain Topographical Entropy from corr. pLogP method (GLY 46) : -0.0000
Side Chain Topographical Entropy from corr. pLogP method (ARG 47) : 2.4313
Side Chain Topographical Entropy from corr. pLogP method (TYR 48) : 5.2585
Side Chain Topographical Entropy from corr. pLogP method (ASP 49) : 8.5285
Side Chain Topographical Entropy from corr. pLogP method (SER 50) : 2.0750
Side Chain Topographical Entropy from corr. pLogP method (ALA 51) : -0.0000
Side Chain Topographical Entropy from corr. pLogP method (PRO 52) : 13.3942
Side Chain Topographical Entropy from corr. pLogP method (ALA 53) : -0.0000
Side Chain Topographical Entropy from corr. pLogP method (THR 54) : 5.3294
Side Chain Topographical Entropy from corr. pLogP method (ASP 55) : 9.1716
Side Chain Topographical Entropy from corr. pLogP method (GLY 56) : -0.0000
Side Chain Topographical Entropy from corr. pLogP method (SER 57) : 1.6743
Side Chain Topographical Entropy from corr. pLogP method (GLY 58) : -0.0000
Side Chain Topographical Entropy from corr. pLogP method (THR 59) : 1.4358
Side Chain Topographical Entropy from corr. pLogP method (ALA 60) : -0.0000
Side Chain Topographical Entropy from corr. pLogP method (LEU 61) : 6.7095
Side Chain Topographical Entropy from corr. pLogP method (GLY 62) : -0.0000
Side Chain Topographical Entropy from corr. pLogP method (TRP 63) : 4.0320
Side Chain Topographical Entropy from corr. pLogP method (THR 64) : 0.2186
Side Chain Topographical Entropy from corr. pLogP method (VAL 65) : 0.5618
Side Chain Topographical Entropy from corr. pLogP method (ALA 66) : -0.0000
Side Chain Topographical Entropy from corr. pLogP method (TRP 67) : 7.0572
Side Chain Topographical Entropy from corr. pLogP method (LYS 68) : 21.5546
Side Chain Topographical Entropy from corr. pLogP method (ASN 69) : 12.3306
Side Chain Topographical Entropy from corr. pLogP method (ASN 70) : 14.8981
Side Chain Topographical Entropy from corr. pLogP method (TYR 71) : 14.8270
Side Chain Topographical Entropy from corr. pLogP method (ARG 72) : 19.8102
Side Chain Topographical Entropy from corr. pLogP method (ASN 73) : 9.0166
Side Chain Topographical Entropy from corr. pLogP method (ALA 74) : -0.0000
Side Chain Topographical Entropy from corr. pLogP method (HID 75) : 8.1218
Side Chain Topographical Entropy from corr. pLogP method (SER 76) : 4.9186
Side Chain Topographical Entropy from corr. pLogP method (ALA 77) : -0.0000
Side Chain Topographical Entropy from corr. pLogP method (THR 78) : 0.6031
Side Chain Topographical Entropy from corr. pLogP method (THR 79) : 1.6403
Side Chain Topographical Entropy from corr. pLogP method (TRP 80) : 4.5220
Side Chain Topographical Entropy from corr. pLogP method (SER 81) : 4.0354
Side Chain Topographical Entropy from corr. pLogP method (GLY 82) : -0.0000
Side Chain Topographical Entropy from corr. pLogP method (GLN 83) : 12.2221
Side Chain Topographical Entropy from corr. pLogP method (TYR 84) : 1.9728
Side Chain Topographical Entropy from corr. pLogP method (VAL 85) : 3.1070
Side Chain Topographical Entropy from corr. pLogP method (GLY 86) : -0.0000
Side Chain Topographical Entropy from corr. pLogP method (GLY 87) : -0.0000
Side Chain Topographical Entropy from corr. pLogP method (ALA 88) : -0.0000
Side Chain Topographical Entropy from corr. pLogP method (GLU 89) : 22.8082
Side Chain Topographical Entropy from corr. pLogP method (ALA 90) : -0.0000
Side Chain Topographical Entropy from corr. pLogP method (ARG 91) : 19.0930
Side Chain Topographical Entropy from corr. pLogP method (ILE 92) : 2.4292
Side Chain Topographical Entropy from corr. pLogP method (ASN 93) : 9.3102
Side Chain Topographical Entropy from corr. pLogP method (THR 94) : 6.0641
Side Chain Topographical Entropy from corr. pLogP method (GLN 95) : 10.9097
Side Chain Topographical Entropy from corr. pLogP method (TRP 96) : 1.3818
Side Chain Topographical Entropy from corr. pLogP method (LEU 97) : 5.6185
Side Chain Topographical Entropy from corr. pLogP method (LEU 98) : 3.5916
Side Chain Topographical Entropy from corr. pLogP method (THR 99) : 5.9750
Side Chain Topographical Entropy from corr. pLogP method (SER 100) : 8.8486
Side Chain Topographical Entropy from corr. pLogP method (GLY 101) : -0.0000
Side Chain Topographical Entropy from corr. pLogP method (THR 102) : 2.3576
Side Chain Topographical Entropy from corr. pLogP method (THR 103) : 2.2795
Side Chain Topographical Entropy from corr. pLogP method (GLU 104) : 23.5747
Side Chain Topographical Entropy from corr. pLogP method (ALA 105) : -0.0000
Side Chain Topographical Entropy from corr. pLogP method (ASN 106) : 5.0627
Side Chain Topographical Entropy from corr. pLogP method (ALA 107) : -0.0000
Side Chain Topographical Entropy from corr. pLogP method (TRP 108) : 7.2881
Side Chain Topographical Entropy from corr. pLogP method (LYS 109) : 15.9283
Side Chain Topographical Entropy from corr. pLogP method (SER 110) : 3.0385
Side Chain Topographical Entropy from corr. pLogP method (THR 111) : 0.1740
Side Chain Topographical Entropy from corr. pLogP method (LEU 112) : 1.9682
Side Chain Topographical Entropy from corr. pLogP method (VAL 113) : 0.0085
Side Chain Topographical Entropy from corr. pLogP method (GLY 114) : -0.0000
Side Chain Topographical Entropy from corr. pLogP method (HID 115) : 0.6664
Side Chain Topographical Entropy from corr. pLogP method (ASP 116) : 7.5321
Side Chain Topographical Entropy from corr. pLogP method (THR 117) : 5.8755
Side Chain Topographical Entropy from corr. pLogP method (PHE 118) : 3.3387
Side Chain Topographical Entropy from corr. pLogP method (THR 119) : 6.8999
Side Chain Topographical Entropy from corr. pLogP method (LYS 120) : 14.6035
Side Chain Topographical Entropy from corr. pLogP method (VAL 121) : 5.9322
Side Chain Topographical Entropy from corr. pLogP method (LYS 122) : 17.5791
Side Chain Topographical Entropy from corr. pLogP method (PRO 123) : 15.5694
Side Chain Topographical Entropy from corr. pLogP method (SER 124) : 8.8720
Side Chain Topographical Entropy from corr. pLogP method (ALA 125) : -0.0000
Side Chain Topographical Entropy from corr. pLogP method (ALA 126) : -0.0000
Side Chain Topographical Entropy from corr. pLogP method (CSER 127) : 5.1212
____________________________________________________________
Total SC Topog. Entropy (corr. pLogP)    :         687.974
------------------------------------------------------------
____________________________________________________________
Total BB Topog. Entropy (corr. pLogP)    :          34.039
------------------------------------------------------------
____________________________________________________________
Total Entropy                            :         722.013
------------------------------------------------------------
------------------------------------------------------------
Topographical entropy of residue side chains 
computed using all the dihedrals with correlation/pLogp formalism
------------------------------------------------------------
Side Chain Topographical Entropy from corr. pLogP method (NALA 1) : -0.0000
Side Chain Topographical Entropy from corr. pLogP method (GLU 2) : 22.2897
Side Chain Topographical Entropy from corr. pLogP method (ALA 3) : -0.0000
Side Chain Topographical Entropy from corr. pLogP method (GLY 4) : -0.0000
Side Chain Topographical Entropy from corr. pLogP method (ILE 5) : 4.4305
Side Chain Topographical Entropy from corr. pLogP method (THR 6) : 0.9905
Side Chain Topographical Entropy from corr. pLogP method (GLY 7) : -0.0000
Side Chain Topographical Entropy from corr. pLogP method (THR 8) : 1.9526
Side Chain Topographical Entropy from corr. pLogP method (TRP 9) : 6.3474
Side Chain Topographical Entropy from corr. pLogP method (TYR 10) : 11.3194
Side Chain Topographical Entropy from corr. pLogP method (ALA 11) : -0.0000
Side Chain Topographical Entropy from corr. pLogP method (GLN 12) : 21.4289
Side Chain Topographical Entropy from corr. pLogP method (LEU 13) : 10.3417
Side Chain Topographical Entropy from corr. pLogP method (GLY 14) : -0.0000
Side Chain Topographical Entropy from corr. pLogP method (SER 15) : 7.7278
Side Chain Topographical Entropy from corr. pLogP method (THR 16) : 3.4473
Side Chain Topographical Entropy from corr. pLogP method (PHE 17) : 9.2988
Side Chain Topographical Entropy from corr. pLogP method (ILE 18) : 7.5057
Side Chain Topographical Entropy from corr. pLogP method (VAL 19) : 8.8826
Side Chain Topographical Entropy from corr. pLogP method (THR 20) : 6.5947
Side Chain Topographical Entropy from corr. pLogP method (ALA 21) : -0.0000
Side Chain Topographical Entropy from corr. pLogP method (GLY 22) : -0.0000
Side Chain Topographical Entropy from corr. pLogP method (ALA 23) : -0.0000
Side Chain Topographical Entropy from corr. pLogP method (ASP 24) : 15.9139
Side Chain Topographical Entropy from corr. pLogP method (GLY 25) : -0.0000
Side Chain Topographical Entropy from corr. pLogP method (ALA 26) : -0.0000
Side Chain Topographical Entropy from corr. pLogP method (LEU 27) : 10.6146
Side Chain Topographical Entropy from corr. pLogP method (THR 28) : 8.5178
Side Chain Topographical Entropy from corr. pLogP method (GLY 29) : -0.0000
Side Chain Topographical Entropy from corr. pLogP method (THR 30) : 6.7692
Side Chain Topographical Entropy from corr. pLogP method (TYR 31) : 7.4032
Side Chain Topographical Entropy from corr. pLogP method (GLU 32) : 20.9746
Side Chain Topographical Entropy from corr. pLogP method (SER 33) : 6.2113
Side Chain Topographical Entropy from corr. pLogP method (ALA 34) : -0.0000
Side Chain Topographical Entropy from corr. pLogP method (VAL 35) : 8.6783
Side Chain Topographical Entropy from corr. pLogP method (GLY 36) : -0.0000
Side Chain Topographical Entropy from corr. pLogP method (ASN 37) : 16.2466
Side Chain Topographical Entropy from corr. pLogP method (ALA 38) : -0.0000
Side Chain Topographical Entropy from corr. pLogP method (GLU 39) : 18.2404
Side Chain Topographical Entropy from corr. pLogP method (SER 40) : 8.9968
Side Chain Topographical Entropy from corr. pLogP method (ARG 41) : 16.4114
Side Chain Topographical Entropy from corr. pLogP method (TYR 42) : 9.3406
Side Chain Topographical Entropy from corr. pLogP method (VAL 43) : 6.6831
Side Chain Topographical Entropy from corr. pLogP method (LEU 44) : 9.9988
Side Chain Topographical Entropy from corr. pLogP method (THR 45) : 7.8503
Side Chain Topographical Entropy from corr. pLogP method (GLY 46) : -0.0000
Side Chain Topographical Entropy from corr. pLogP method (ARG 47) : 1.1202
Side Chain Topographical Entropy from corr. pLogP method (TYR 48) : 7.8462
Side Chain Topographical Entropy from corr. pLogP method (ASP 49) : 8.1159
Side Chain Topographical Entropy from corr. pLogP method (SER 50) : 2.2744
Side Chain Topographical Entropy from corr. pLogP method (ALA 51) : -0.0000
Side Chain Topographical Entropy from corr. pLogP method (PRO 52) : 15.3925
Side Chain Topographical Entropy from corr. pLogP method (ALA 53) : -0.0000
Side Chain Topographical Entropy from corr. pLogP method (THR 54) : 6.6551
Side Chain Topographical Entropy from corr. pLogP method (ASP 55) : 10.0448
Side Chain Topographical Entropy from corr. pLogP method (GLY 56) : -0.0000
Side Chain Topographical Entropy from corr. pLogP method (SER 57) : 2.8041
Side Chain Topographical Entropy from corr. pLogP method (GLY 58) : -0.0000
Side Chain Topographical Entropy from corr. pLogP method (THR 59) : 0.5447
Side Chain Topographical Entropy from corr. pLogP method (ALA 60) : -0.0000
Side Chain Topographical Entropy from corr. pLogP method (LEU 61) : 7.9728
Side Chain Topographical Entropy from corr. pLogP method (GLY 62) : -0.0000
Side Chain Topographical Entropy from corr. pLogP method (TRP 63) : 4.4633
Side Chain Topographical Entropy from corr. pLogP method (THR 64) : 1.0168
Side Chain Topographical Entropy from corr. pLogP method (VAL 65) : 2.0481
Side Chain Topographical Entropy from corr. pLogP method (ALA 66) : -0.0000
Side Chain Topographical Entropy from corr. pLogP method (TRP 67) : 14.0510
Side Chain Topographical Entropy from corr. pLogP method (LYS 68) : 25.8570
Side Chain Topographical Entropy from corr. pLogP method (ASN 69) : 11.6331
Side Chain Topographical Entropy from corr. pLogP method (ASN 70) : 15.9314
Side Chain Topographical Entropy from corr. pLogP method (TYR 71) : 17.5234
Side Chain Topographical Entropy from corr. pLogP method (ARG 72) : 24.5853
Side Chain Topographical Entropy from corr. pLogP method (ASN 73) : 11.1270
Side Chain Topographical Entropy from corr. pLogP method (ALA 74) : -0.0000
Side Chain Topographical Entropy from corr. pLogP method (HID 75) : 14.2601
Side Chain Topographical Entropy from corr. pLogP method (SER 76) : 6.7851
Side Chain Topographical Entropy from corr. pLogP method (ALA 77) : -0.0000
Side Chain Topographical Entropy from corr. pLogP method (THR 78) : 0.5204
Side Chain Topographical Entropy from corr. pLogP method (THR 79) : 4.9932
Side Chain Topographical Entropy from corr. pLogP method (TRP 80) : 6.5327
Side Chain Topographical Entropy from corr. pLogP method (SER 81) : 2.0105
Side Chain Topographical Entropy from corr. pLogP method (GLY 82) : -0.0000
Side Chain Topographical Entropy from corr. pLogP method (GLN 83) : 13.2364
Side Chain Topographical Entropy from corr. pLogP method (TYR 84) : 4.7266
Side Chain Topographical Entropy from corr. pLogP method (VAL 85) : 3.2899
Side Chain Topographical Entropy from corr. pLogP method (GLY 86) : -0.0000
Side Chain Topographical Entropy from corr. pLogP method (GLY 87) : -0.0000
Side Chain Topographical Entropy from corr. pLogP method (ALA 88) : -0.0000
Side Chain Topographical Entropy from corr. pLogP method (GLU 89) : 20.5624
Side Chain Topographical Entropy from corr. pLogP method (ALA 90) : -0.0000
Side Chain Topographical Entropy from corr. pLogP method (ARG 91) : 21.4691
Side Chain Topographical Entropy from corr. pLogP method (ILE 92) : 2.4290
Side Chain Topographical Entropy from corr. pLogP method (ASN 93) : 6.2163
Side Chain Topographical Entropy from corr. pLogP method (THR 94) : 4.9980
Side Chain Topographical Entropy from corr. pLogP method (GLN 95) : 12.3452
Side Chain Topographical Entropy from corr. pLogP method (TRP 96) : 4.8983
Side Chain Topographical Entropy from corr. pLogP method (LEU 97) : 3.0615
Side Chain Topographical Entropy from corr. pLogP method (LEU 98) : 2.3341
Side Chain Topographical Entropy from corr. pLogP method (THR 99) : 0.5596
Side Chain Topographical Entropy from corr. pLogP method (SER 100) : 8.5477
Side Chain Topographical Entropy from corr. pLogP method (GLY 101) : -0.0000
Side Chain Topographical Entropy from corr. pLogP method (THR 102) : 9.0960
Side Chain Topographical Entropy from corr. pLogP method (THR 103) : 5.3764
Side Chain Topographical Entropy from corr. pLogP method (GLU 104) : 24.1542
Side Chain Topographical Entropy from corr. pLogP method (ALA 105) : -0.0000
Side Chain Topographical Entropy from corr. pLogP method (ASN 106) : 9.7060
Side Chain Topographical Entropy from corr. pLogP method (ALA 107) : -0.0000
Side Chain Topographical Entropy from corr. pLogP method (TRP 108) : 9.4688
Side Chain Topographical Entropy from corr. pLogP method (LYS 109) : 18.2668
Side Chain Topographical Entropy from corr. pLogP method (SER 110) : 6.3538
Side Chain Topographical Entropy from corr. pLogP method (THR 111) : 0.8975
Side Chain Topographical Entropy from corr. pLogP method (LEU 112) : 2.8553
Side Chain Topographical Entropy from corr. pLogP method (VAL 113) : 0.4394
Side Chain Topographical Entropy from corr. pLogP method (GLY 114) : -0.0000
Side Chain Topographical Entropy from corr. pLogP method (HID 115) : 8.6522
Side Chain Topographical Entropy from corr. pLogP method (ASP 116) : 10.3506
Side Chain Topographical Entropy from corr. pLogP method (THR 117) : 4.0146
Side Chain Topographical Entropy from corr. pLogP method (PHE 118) : 7.7163
Side Chain Topographical Entropy from corr. pLogP method (THR 119) : 6.1583
Side Chain Topographical Entropy from corr. pLogP method (LYS 120) : 14.9676
Side Chain Topographical Entropy from corr. pLogP method (VAL 121) : 5.5334
Side Chain Topographical Entropy from corr. pLogP method (LYS 122) : 19.8344
Side Chain Topographical Entropy from corr. pLogP method (PRO 123) : 17.2140
Side Chain Topographical Entropy from corr. pLogP method (SER 124) : 8.9805
Side Chain Topographical Entropy from corr. pLogP method (ALA 125) : -0.0000
Side Chain Topographical Entropy from corr. pLogP method (ALA 126) : -0.0000
Side Chain Topographical Entropy from corr. pLogP method (CSER 127) : 4.9533
____________________________________________________________
Total SC Topog. Entropy (corr. pLogP)    :         831.181
------------------------------------------------------------
____________________________________________________________
Total BB Topog. Entropy (corr. pLogP)    :          51.612
------------------------------------------------------------
____________________________________________________________
Total Entropy                            :         882.793
------------------------------------------------------------
------------------------------------------------------------
Topographical entropy of residue side chains 
computed using all the dihedrals with correlation/pLogp formalism
------------------------------------------------------------
Side Chain Topographical Entropy from corr. pLogP method (NALA 1) : -0.0000
Side Chain Topographical Entropy from corr. pLogP method (GLU 2) : 24.3544
Side Chain Topographical Entropy from corr. pLogP method (ALA 3) : -0.0000
Side Chain Topographical Entropy from corr. pLogP method (GLY 4) : -0.0000
Side Chain Topographical Entropy from corr. pLogP method (ILE 5) : 3.3014
Side Chain Topographical Entropy from corr. pLogP method (THR 6) : 1.1620
Side Chain Topographical Entropy from corr. pLogP method (GLY 7) : -0.0000
Side Chain Topographical Entropy from corr. pLogP method (THR 8) : 1.0791
Side Chain Topographical Entropy from corr. pLogP method (TRP 9) : 4.9045
Side Chain Topographical Entropy from corr. pLogP method (TYR 10) : 8.4212
Side Chain Topographical Entropy from corr. pLogP method (ALA 11) : -0.0000
Side Chain Topographical Entropy from corr. pLogP method (GLN 12) : 20.4892
Side Chain Topographical Entropy from corr. pLogP method (LEU 13) : 8.4131
Side Chain Topographical Entropy from corr. pLogP method (GLY 14) : -0.0000
Side Chain Topographical Entropy from corr. pLogP method (SER 15) : 4.8734
Side Chain Topographical Entropy from corr. pLogP method (THR 16) : 4.5015
Side Chain Topographical Entropy from corr. pLogP method (PHE 17) : 7.2317
Side Chain Topographical Entropy from corr. pLogP method (ILE 18) : 7.8065
Side Chain Topographical Entropy from corr. pLogP method (VAL 19) : 5.3174
Side Chain Topographical Entropy from corr. pLogP method (THR 20) : 6.0615
Side Chain Topographical Entropy from corr. pLogP method (ALA 21) : -0.0000
Side Chain Topographical Entropy from corr. pLogP method (GLY 22) : -0.0000
Side Chain Topographical Entropy from corr. pLogP method (ALA 23) : -0.0000
Side Chain Topographical Entropy from corr. pLogP method (ASP 24) : 16.3085
Side Chain Topographical Entropy from corr. pLogP method (GLY 25) : -0.0000
Side Chain Topographical Entropy from corr. pLogP method (ALA 26) : -0.0000
Side Chain Topographical Entropy from corr. pLogP method (LEU 27) : 7.4111
Side Chain Topographical Entropy from corr. pLogP method (THR 28) : 8.8716
Side Chain Topographical Entropy from corr. pLogP method (GLY 29) : -0.0000
Side Chain Topographical Entropy from corr. pLogP method (THR 30) : 6.2827
Side Chain Topographical Entropy from corr. pLogP method (TYR 31) : 8.8728
Side Chain Topographical Entropy from corr. pLogP method (GLU 32) : 17.5938
Side Chain Topographical Entropy from corr. pLogP method (SER 33) : 4.8762
Side Chain Topographical Entropy from corr. pLogP method (ALA 34) : -0.0000
Side Chain Topographical Entropy from corr. pLogP method (VAL 35) : 7.0554
Side Chain Topographical Entropy from corr. pLogP method (GLY 36) : -0.0000
Side Chain Topographical Entropy from corr. pLogP method (ASN 37) : 14.6864
Side Chain Topographical Entropy from corr. pLogP method (ALA 38) : -0.0000
Side Chain Topographical Entropy from corr. pLogP method (GLU 39) : 21.3943
Side Chain Topographical Entropy from corr. pLogP method (SER 40) : 7.8157
Side Chain Topographical Entropy from corr. pLogP method (ARG 41) : 21.1490
Side Chain Topographical Entropy from corr. pLogP method (TYR 42) : 9.6911
Side Chain Topographical Entropy from corr. pLogP method (VAL 43) : 3.6073
Side Chain Topographical Entropy from corr. pLogP method (LEU 44) : 9.8216
Side Chain Topographical Entropy from corr. pLogP method (THR 45) : 3.7202
Side Chain Topographical Entropy from corr. pLogP method (GLY 46) : -0.0000
Side Chain Topographical Entropy from corr. pLogP method (ARG 47) : 3.4779
Side Chain Topographical Entropy from corr. pLogP method (TYR 48) : 8.1035
Side Chain Topographical Entropy from corr. pLogP method (ASP 49) : 9.6239
Side Chain Topographical Entropy from corr. pLogP method (SER 50) : 6.8557
Side Chain Topographical Entropy from corr. pLogP method (ALA 51) : -0.0000
Side Chain Topographical Entropy from corr. pLogP method (PRO 52) : 15.1235
Side Chain Topographical Entropy from corr. pLogP method (ALA 53) : -0.0000
Side Chain Topographical Entropy from corr. pLogP method (THR 54) : 8.7627
Side Chain Topographical Entropy from corr. pLogP method (ASP 55) : 17.1524
Side Chain Topographical Entropy from corr. pLogP method (GLY 56) : -0.0000
Side Chain Topographical Entropy from corr. pLogP method (SER 57) : 8.6207
Side Chain Topographical Entropy from corr. pLogP method (GLY 58) : -0.0000
Side Chain Topographical Entropy from corr. pLogP method (THR 59) : 1.5392
Side Chain Topographical Entropy from corr. pLogP method (ALA 60) : -0.0000
Side Chain Topographical Entropy from corr. pLogP method (LEU 61) : 9.0895
Side Chain Topographical Entropy from corr. pLogP method (GLY 62) : -0.0000
Side Chain Topographical Entropy from corr. pLogP method (TRP 63) : 7.9942
Side Chain Topographical Entropy from corr. pLogP method (THR 64) : 0.5804
Side Chain Topographical Entropy from corr. pLogP method (VAL 65) : 6.1392
Side Chain Topographical Entropy from corr. pLogP method (ALA 66) : -0.0000
Side Chain Topographical Entropy from corr. pLogP method (TRP 67) : 8.9695
Side Chain Topographical Entropy from corr. pLogP method (LYS 68) : 19.2477
Side Chain Topographical Entropy from corr. pLogP method (ASN 69) : 15.3315
Side Chain Topographical Entropy from corr. pLogP method (ASN 70) : 14.7913
Side Chain Topographical Entropy from corr. pLogP method (TYR 71) : 19.0515
Side Chain Topographical Entropy from corr. pLogP method (ARG 72) : 18.0503
Side Chain Topographical Entropy from corr. pLogP method (ASN 73) : 5.4000
Side Chain Topographical Entropy from corr. pLogP method (ALA 74) : -0.0000
Side Chain Topographical Entropy from corr. pLogP method (HID 75) : 10.2739
Side Chain Topographical Entropy from corr. pLogP method (SER 76) : 6.0020
Side Chain Topographical Entropy from corr. pLogP method (ALA 77) : -0.0000
Side Chain Topographical Entropy from corr. pLogP method (THR 78) : 0.9892
Side Chain Topographical Entropy from corr. pLogP method (THR 79) : 1.8296
Side Chain Topographical Entropy from corr. pLogP method (TRP 80) : 5.9891
Side Chain Topographical Entropy from corr. pLogP method (SER 81) : 2.5951
Side Chain Topographical Entropy from corr. pLogP method (GLY 82) : -0.0000
Side Chain Topographical Entropy from corr. pLogP method (GLN 83) : 15.4776
Side Chain Topographical Entropy from corr. pLogP method (TYR 84) : 3.8261
Side Chain Topographical Entropy from corr. pLogP method (VAL 85) : 4.2765
Side Chain Topographical Entropy from corr. pLogP method (GLY 86) : -0.0000
Side Chain Topographical Entropy from corr. pLogP method (GLY 87) : -0.0000
Side Chain Topographical Entropy from corr. pLogP method (ALA 88) : -0.0000
Side Chain Topographical Entropy from corr. pLogP method (GLU 89) : 21.9824
Side Chain Topographical Entropy from corr. pLogP method (ALA 90) : -0.0000
Side Chain Topographical Entropy from corr. pLogP method (ARG 91) : 12.4456
Side Chain Topographical Entropy from corr. pLogP method (ILE 92) : 1.8845
Side Chain Topographical Entropy from corr. pLogP method (ASN 93) : 6.6133
Side Chain Topographical Entropy from corr. pLogP method (THR 94) : 5.8567
Side Chain Topographical Entropy from corr. pLogP method (GLN 95) : 8.8041
Side Chain Topographical Entropy from corr. pLogP method (TRP 96) : 4.0244
Side Chain Topographical Entropy from corr. pLogP method (LEU 97) : 4.6223
Side Chain Topographical Entropy from corr. pLogP method (LEU 98) : 2.5364
Side Chain Topographical Entropy from corr. pLogP method (THR 99) : 0.7668
Side Chain Topographical Entropy from corr. pLogP method (SER 100) : 8.0855
Side Chain Topographical Entropy from corr. pLogP method (GLY 101) : -0.0000
Side Chain Topographical Entropy from corr. pLogP method (THR 102) : 6.5108
Side Chain Topographical Entropy from corr. pLogP method (THR 103) : 6.9601
Side Chain Topographical Entropy from corr. pLogP method (GLU 104) : 22.8599
Side Chain Topographical Entropy from corr. pLogP method (ALA 105) : -0.0000
Side Chain Topographical Entropy from corr. pLogP method (ASN 106) : 6.7490
Side Chain Topographical Entropy from corr. pLogP method (ALA 107) : -0.0000
Side Chain Topographical Entropy from corr. pLogP method (TRP 108) : 9.5596
Side Chain Topographical Entropy from corr. pLogP method (LYS 109) : 14.6127
Side Chain Topographical Entropy from corr. pLogP method (SER 110) : 3.7017
Side Chain Topographical Entropy from corr. pLogP method (THR 111) : 0.8728
Side Chain Topographical Entropy from corr. pLogP method (LEU 112) : 3.0308
Side Chain Topographical Entropy from corr. pLogP method (VAL 113) : 0.7463
Side Chain Topographical Entropy from corr. pLogP method (GLY 114) : -0.0000
Side Chain Topographical Entropy from corr. pLogP method (HID 115) : 8.7936
Side Chain Topographical Entropy from corr. pLogP method (ASP 116) : 11.1215
Side Chain Topographical Entropy from corr. pLogP method (THR 117) : 3.2555
Side Chain Topographical Entropy from corr. pLogP method (PHE 118) : 11.5417
Side Chain Topographical Entropy from corr. pLogP method (THR 119) : 5.5418
Side Chain Topographical Entropy from corr. pLogP method (LYS 120) : 16.7359
Side Chain Topographical Entropy from corr. pLogP method (VAL 121) : 5.2054
Side Chain Topographical Entropy from corr. pLogP method (LYS 122) : 19.1808
Side Chain Topographical Entropy from corr. pLogP method (PRO 123) : 16.1268
Side Chain Topographical Entropy from corr. pLogP method (SER 124) : 8.6454
Side Chain Topographical Entropy from corr. pLogP method (ALA 125) : -0.0000
Side Chain Topographical Entropy from corr. pLogP method (ALA 126) : -0.0000
Side Chain Topographical Entropy from corr. pLogP method (CSER 127) : 5.2210
____________________________________________________________
Total SC Topog. Entropy (corr. pLogP)    :         796.834
------------------------------------------------------------
____________________________________________________________
Total BB Topog. Entropy (corr. pLogP)    :          53.670
------------------------------------------------------------
____________________________________________________________
Total Entropy                            :         850.504
------------------------------------------------------------
