------------------------------------------------------------
Topographical entropy of residue side chains 
computed using all the dihedrals with AEM method
------------------------------------------------------------
Residue Topographical Entropy from AEM (NALA 1) : 1.3565
Residue Topographical Entropy from AEM (GLU 2) : 12.7695
Residue Topographical Entropy from AEM (ALA 3) : -0.0000
Residue Topographical Entropy from AEM (GLY 4) : -0.0000
Residue Topographical Entropy from AEM (ILE 5) : 5.3947
Residue Topographical Entropy from AEM (THR 6) : 0.4172
Residue Topographical Entropy from AEM (GLY 7) : -0.0000
Residue Topographical Entropy from AEM (THR 8) : 1.2919
Residue Topographical Entropy from AEM (TRP 9) : 46.7545
Residue Topographical Entropy from AEM (TYR 10) : 30.9765
Residue Topographical Entropy from AEM (ALA 11) : -0.0000
Residue Topographical Entropy from AEM (GLN 12) : 18.3037
Residue Topographical Entropy from AEM (LEU 13) : 11.8270
Residue Topographical Entropy from AEM (GLY 14) : -0.0000
Residue Topographical Entropy from AEM (SER 15) : 8.5417
Residue Topographical Entropy from AEM (THR 16) : 6.8036
Residue Topographical Entropy from AEM (PHE 17) : 31.2838
Residue Topographical Entropy from AEM (ILE 18) : 9.4008
Residue Topographical Entropy from AEM (VAL 19) : 8.4332
Residue Topographical Entropy from AEM (THR 20) : 7.2921
Residue Topographical Entropy from AEM (ALA 21) : -0.0000
Residue Topographical Entropy from AEM (GLY 22) : -0.0000
Residue Topographical Entropy from AEM (ALA 23) : -0.0000
Residue Topographical Entropy from AEM (ASP 24) : 8.8690
Residue Topographical Entropy from AEM (GLY 25) : -0.0000
Residue Topographical Entropy from AEM (ALA 26) : -0.0000
Residue Topographical Entropy from AEM (LEU 27) : 10.3750
Residue Topographical Entropy from AEM (THR 28) : 6.1701
Residue Topographical Entropy from AEM (GLY 29) : -0.0000
Residue Topographical Entropy from AEM (THR 30) : 8.8108
Residue Topographical Entropy from AEM (TYR 31) : 25.3501
Residue Topographical Entropy from AEM (GLU 32) : 19.9244
Residue Topographical Entropy from AEM (SER 33) : 7.8875
Residue Topographical Entropy from AEM (ALA 34) : -0.0000
Residue Topographical Entropy from AEM (VAL 35) : 7.0448
Residue Topographical Entropy from AEM (GLY 36) : -0.0000
Residue Topographical Entropy from AEM (ASN 37) : 14.1644
Residue Topographical Entropy from AEM (ALA 38) : -0.0000
Residue Topographical Entropy from AEM (GLU 39) : 26.2914
Residue Topographical Entropy from AEM (SER 40) : 7.0984
Residue Topographical Entropy from AEM (ARG 41) : 10.5553
Residue Topographical Entropy from AEM (TYR 42) : 29.0380
Residue Topographical Entropy from AEM (VAL 43) : 1.7489
Residue Topographical Entropy from AEM (LEU 44) : 1.7422
Residue Topographical Entropy from AEM (THR 45) : 6.2955
Residue Topographical Entropy from AEM (GLY 46) : -0.0000
Residue Topographical Entropy from AEM (ARG 47) : 0.9307
Residue Topographical Entropy from AEM (TYR 48) : 21.1867
Residue Topographical Entropy from AEM (ASP 49) : 5.6486
Residue Topographical Entropy from AEM (SER 50) : 1.6024
Residue Topographical Entropy from AEM (ALA 51) : -0.0000
Residue Topographical Entropy from AEM (PRO 52) : 6.4313
Residue Topographical Entropy from AEM (ALA 53) : -0.0000
Residue Topographical Entropy from AEM (THR 54) : 8.1169
Residue Topographical Entropy from AEM (ASP 55) : 12.6686
Residue Topographical Entropy from AEM (GLY 56) : -0.0000
Residue Topographical Entropy from AEM (SER 57) : 8.8676
Residue Topographical Entropy from AEM (GLY 58) : -0.0000
Residue Topographical Entropy from AEM (THR 59) : 5.7469
Residue Topographical Entropy from AEM (ALA 60) : -0.0000
Residue Topographical Entropy from AEM (LEU 61) : 7.2592
Residue Topographical Entropy from AEM (GLY 62) : -0.0000
Residue Topographical Entropy from AEM (TRP 63) : 36.9765
Residue Topographical Entropy from AEM (THR 64) : 0.7944
Residue Topographical Entropy from AEM (VAL 65) : 0.8473
Residue Topographical Entropy from AEM (ALA 66) : -0.0000
Residue Topographical Entropy from AEM (TRP 67) : 45.4242
Residue Topographical Entropy from AEM (LYS 68) : 18.3163
Residue Topographical Entropy from AEM (ASN 69) : 8.0080
Residue Topographical Entropy from AEM (ASN 70) : 10.7950
Residue Topographical Entropy from AEM (TYR 71) : 33.5619
Residue Topographical Entropy from AEM (ARG 72) : 19.3484
Residue Topographical Entropy from AEM (ASN 73) : 3.5921
Residue Topographical Entropy from AEM (ALA 74) : -0.0000
Residue Topographical Entropy from AEM (HID 75) : 23.4373
Residue Topographical Entropy from AEM (SER 76) : 6.1647
Residue Topographical Entropy from AEM (ALA 77) : -0.0000
Residue Topographical Entropy from AEM (THR 78) : 3.3760
Residue Topographical Entropy from AEM (THR 79) : 8.2019
Residue Topographical Entropy from AEM (TRP 80) : 35.9299
Residue Topographical Entropy from AEM (SER 81) : 2.8854
Residue Topographical Entropy from AEM (GLY 82) : -0.0000
Residue Topographical Entropy from AEM (GLN 83) : 13.0383
Residue Topographical Entropy from AEM (TYR 84) : 27.0453
Residue Topographical Entropy from AEM (VAL 85) : 2.8475
Residue Topographical Entropy from AEM (GLY 86) : -0.0000
Residue Topographical Entropy from AEM (GLY 87) : -0.0000
Residue Topographical Entropy from AEM (ALA 88) : -0.0000
Residue Topographical Entropy from AEM (GLU 89) : 22.3385
Residue Topographical Entropy from AEM (ALA 90) : -0.0000
Residue Topographical Entropy from AEM (ARG 91) : 14.9841
Residue Topographical Entropy from AEM (ILE 92) : 1.6926
Residue Topographical Entropy from AEM (ASN 93) : 9.2033
Residue Topographical Entropy from AEM (THR 94) : 1.4618
Residue Topographical Entropy from AEM (GLN 95) : 10.9586
Residue Topographical Entropy from AEM (TRP 96) : 41.4137
Residue Topographical Entropy from AEM (LEU 97) : 4.4263
Residue Topographical Entropy from AEM (LEU 98) : 5.0538
Residue Topographical Entropy from AEM (THR 99) : -0.0000
Residue Topographical Entropy from AEM (SER 100) : 8.3446
Residue Topographical Entropy from AEM (GLY 101) : -0.0000
Residue Topographical Entropy from AEM (THR 102) : 2.7658
Residue Topographical Entropy from AEM (THR 103) : 4.2010
Residue Topographical Entropy from AEM (GLU 104) : 17.4462
Residue Topographical Entropy from AEM (ALA 105) : -0.0000
Residue Topographical Entropy from AEM (ASN 106) : 2.7487
Residue Topographical Entropy from AEM (ALA 107) : -0.0000
Residue Topographical Entropy from AEM (TRP 108) : 40.2496
Residue Topographical Entropy from AEM (LYS 109) : 13.8457
Residue Topographical Entropy from AEM (SER 110) : 4.5718
Residue Topographical Entropy from AEM (THR 111) : 2.0282
Residue Topographical Entropy from AEM (LEU 112) : 5.1899
Residue Topographical Entropy from AEM (VAL 113) : 1.8871
Residue Topographical Entropy from AEM (GLY 114) : -0.0000
Residue Topographical Entropy from AEM (HID 115) : 24.7715
Residue Topographical Entropy from AEM (ASP 116) : 6.7830
Residue Topographical Entropy from AEM (THR 117) : 5.9841
Residue Topographical Entropy from AEM (PHE 118) : 30.7340
Residue Topographical Entropy from AEM (THR 119) : 5.7642
Residue Topographical Entropy from AEM (LYS 120) : 14.8511
Residue Topographical Entropy from AEM (VAL 121) : 6.2203
Residue Topographical Entropy from AEM (LYS 122) : 19.2602
Residue Topographical Entropy from AEM (PRO 123) : 9.5643
Residue Topographical Entropy from AEM (SER 124) : 9.1039
Residue Topographical Entropy from AEM (ALA 125) : -0.0000
Residue Topographical Entropy from AEM (ALA 126) : -0.0000
Residue Topographical Entropy from AEM (CSER 127) : 11.9460
____________________________________________________________
Total Topog. Entropy (AEM)               :        1131.055
------------------------------------------------------------
____________________________________________________________
Total Entropy                            :        1131.055
------------------------------------------------------------
