------------------------------------------------------------
Topographical entropy of residue side chains 
computed using all the dihedrals with correlation/pLogp formalism
------------------------------------------------------------
Side Chain Topographical Entropy from corr. pLogP method (NALA 1) : -0.0000
Side Chain Topographical Entropy from corr. pLogP method (GLU 2) : 22.1887
Side Chain Topographical Entropy from corr. pLogP method (ALA 3) : -0.0000
Side Chain Topographical Entropy from corr. pLogP method (GLY 4) : -0.0000
Side Chain Topographical Entropy from corr. pLogP method (ILE 5) : 1.7321
Side Chain Topographical Entropy from corr. pLogP method (THR 6) : 0.5587
Side Chain Topographical Entropy from corr. pLogP method (GLY 7) : -0.0000
Side Chain Topographical Entropy from corr. pLogP method (THR 8) : 3.3412
Side Chain Topographical Entropy from corr. pLogP method (TRP 9) : 1.3589
Side Chain Topographical Entropy from corr. pLogP method (TYR 10) : 11.5617
Side Chain Topographical Entropy from corr. pLogP method (ALA 11) : -0.0000
Side Chain Topographical Entropy from corr. pLogP method (GLN 12) : 21.5240
Side Chain Topographical Entropy from corr. pLogP method (LEU 13) : 10.5736
Side Chain Topographical Entropy from corr. pLogP method (GLY 14) : -0.0000
Side Chain Topographical Entropy from corr. pLogP method (SER 15) : 7.4683
Side Chain Topographical Entropy from corr. pLogP method (THR 16) : 6.1734
Side Chain Topographical Entropy from corr. pLogP method (PHE 17) : 1.6156
Side Chain Topographical Entropy from corr. pLogP method (ILE 18) : 11.0988
Side Chain Topographical Entropy from corr. pLogP method (VAL 19) : 6.5585
Side Chain Topographical Entropy from corr. pLogP method (THR 20) : 8.1946
Side Chain Topographical Entropy from corr. pLogP method (ALA 21) : -0.0000
Side Chain Topographical Entropy from corr. pLogP method (GLY 22) : -0.0000
Side Chain Topographical Entropy from corr. pLogP method (ALA 23) : -0.0000
Side Chain Topographical Entropy from corr. pLogP method (ASP 24) : 15.1805
Side Chain Topographical Entropy from corr. pLogP method (GLY 25) : -0.0000
Side Chain Topographical Entropy from corr. pLogP method (ALA 26) : -0.0000
Side Chain Topographical Entropy from corr. pLogP method (LEU 27) : 8.3255
Side Chain Topographical Entropy from corr. pLogP method (THR 28) : 8.4078
Side Chain Topographical Entropy from corr. pLogP method (GLY 29) : -0.0000
Side Chain Topographical Entropy from corr. pLogP method (THR 30) : 4.2804
Side Chain Topographical Entropy from corr. pLogP method (TYR 31) : 4.8490
Side Chain Topographical Entropy from corr. pLogP method (GLU 32) : 16.5471
Side Chain Topographical Entropy from corr. pLogP method (SER 33) : 7.9116
Side Chain Topographical Entropy from corr. pLogP method (ALA 34) : -0.0000
Side Chain Topographical Entropy from corr. pLogP method (VAL 35) : 7.5054
Side Chain Topographical Entropy from corr. pLogP method (GLY 36) : -0.0000
Side Chain Topographical Entropy from corr. pLogP method (ASN 37) : 10.5941
Side Chain Topographical Entropy from corr. pLogP method (ALA 38) : -0.0000
Side Chain Topographical Entropy from corr. pLogP method (GLU 39) : 22.0367
Side Chain Topographical Entropy from corr. pLogP method (SER 40) : 6.2387
Side Chain Topographical Entropy from corr. pLogP method (ARG 41) : 13.3641
Side Chain Topographical Entropy from corr. pLogP method (TYR 42) : 1.3519
Side Chain Topographical Entropy from corr. pLogP method (VAL 43) : 0.4584
Side Chain Topographical Entropy from corr. pLogP method (LEU 44) : 0.6145
Side Chain Topographical Entropy from corr. pLogP method (THR 45) : 6.9191
Side Chain Topographical Entropy from corr. pLogP method (GLY 46) : -0.0000
Side Chain Topographical Entropy from corr. pLogP method (ARG 47) : 0.1576
Side Chain Topographical Entropy from corr. pLogP method (TYR 48) : 3.7384
Side Chain Topographical Entropy from corr. pLogP method (ASP 49) : 2.2409
Side Chain Topographical Entropy from corr. pLogP method (SER 50) : 0.7575
Side Chain Topographical Entropy from corr. pLogP method (ALA 51) : -0.0000
Side Chain Topographical Entropy from corr. pLogP method (PRO 52) : 11.1358
Side Chain Topographical Entropy from corr. pLogP method (ALA 53) : -0.0000
Side Chain Topographical Entropy from corr. pLogP method (THR 54) : 7.2213
Side Chain Topographical Entropy from corr. pLogP method (ASP 55) : 6.1264
Side Chain Topographical Entropy from corr. pLogP method (GLY 56) : -0.0000
Side Chain Topographical Entropy from corr. pLogP method (SER 57) : -0.0000
Side Chain Topographical Entropy from corr. pLogP method (GLY 58) : -0.0000
Side Chain Topographical Entropy from corr. pLogP method (THR 59) : -0.0000
Side Chain Topographical Entropy from corr. pLogP method (ALA 60) : -0.0000
Side Chain Topographical Entropy from corr. pLogP method (LEU 61) : 4.4380
Side Chain Topographical Entropy from corr. pLogP method (GLY 62) : -0.0000
Side Chain Topographical Entropy from corr. pLogP method (TRP 63) : 0.0773
Side Chain Topographical Entropy from corr. pLogP method (THR 64) : 2.9322
Side Chain Topographical Entropy from corr. pLogP method (VAL 65) : 0.0358
Side Chain Topographical Entropy from corr. pLogP method (ALA 66) : -0.0000
Side Chain Topographical Entropy from corr. pLogP method (TRP 67) : 1.0945
Side Chain Topographical Entropy from corr. pLogP method (LYS 68) : 9.5614
Side Chain Topographical Entropy from corr. pLogP method (ASN 69) : 6.2531
Side Chain Topographical Entropy from corr. pLogP method (ASN 70) : 13.9374
Side Chain Topographical Entropy from corr. pLogP method (TYR 71) : 5.6092
Side Chain Topographical Entropy from corr. pLogP method (ARG 72) : 15.2395
Side Chain Topographical Entropy from corr. pLogP method (ASN 73) : 3.3075
Side Chain Topographical Entropy from corr. pLogP method (ALA 74) : -0.0000
Side Chain Topographical Entropy from corr. pLogP method (HID 75) : 8.7435
Side Chain Topographical Entropy from corr. pLogP method (SER 76) : 5.5943
Side Chain Topographical Entropy from corr. pLogP method (ALA 77) : -0.0000
Side Chain Topographical Entropy from corr. pLogP method (THR 78) : 0.0193
Side Chain Topographical Entropy from corr. pLogP method (THR 79) : 5.7855
Side Chain Topographical Entropy from corr. pLogP method (TRP 80) : 2.2950
Side Chain Topographical Entropy from corr. pLogP method (SER 81) : 2.4721
Side Chain Topographical Entropy from corr. pLogP method (GLY 82) : -0.0000
Side Chain Topographical Entropy from corr. pLogP method (GLN 83) : 8.0802
Side Chain Topographical Entropy from corr. pLogP method (TYR 84) : 0.2867
Side Chain Topographical Entropy from corr. pLogP method (VAL 85) : 2.3808
Side Chain Topographical Entropy from corr. pLogP method (GLY 86) : -0.0000
Side Chain Topographical Entropy from corr. pLogP method (GLY 87) : -0.0000
Side Chain Topographical Entropy from corr. pLogP method (ALA 88) : -0.0000
Side Chain Topographical Entropy from corr. pLogP method (GLU 89) : 22.4163
Side Chain Topographical Entropy from corr. pLogP method (ALA 90) : -0.0000
Side Chain Topographical Entropy from corr. pLogP method (ARG 91) : 12.3681
Side Chain Topographical Entropy from corr. pLogP method (ILE 92) : 0.2207
Side Chain Topographical Entropy from corr. pLogP method (ASN 93) : 9.3793
Side Chain Topographical Entropy from corr. pLogP method (THR 94) : -0.0000
Side Chain Topographical Entropy from corr. pLogP method (GLN 95) : 3.8713
Side Chain Topographical Entropy from corr. pLogP method (TRP 96) : 1.6988
Side Chain Topographical Entropy from corr. pLogP method (LEU 97) : 0.0773
Side Chain Topographical Entropy from corr. pLogP method (LEU 98) : 4.0528
Side Chain Topographical Entropy from corr. pLogP method (THR 99) : 5.8066
Side Chain Topographical Entropy from corr. pLogP method (SER 100) : 8.7233
Side Chain Topographical Entropy from corr. pLogP method (GLY 101) : -0.0000
Side Chain Topographical Entropy from corr. pLogP method (THR 102) : 6.6830
Side Chain Topographical Entropy from corr. pLogP method (THR 103) : 5.9227
Side Chain Topographical Entropy from corr. pLogP method (GLU 104) : 20.6224
Side Chain Topographical Entropy from corr. pLogP method (ALA 105) : -0.0000
Side Chain Topographical Entropy from corr. pLogP method (ASN 106) : 10.5276
Side Chain Topographical Entropy from corr. pLogP method (ALA 107) : -0.0000
Side Chain Topographical Entropy from corr. pLogP method (TRP 108) : 9.7697
Side Chain Topographical Entropy from corr. pLogP method (LYS 109) : 16.4831
Side Chain Topographical Entropy from corr. pLogP method (SER 110) : 8.8924
Side Chain Topographical Entropy from corr. pLogP method (THR 111) : 0.4918
Side Chain Topographical Entropy from corr. pLogP method (LEU 112) : 3.2878
Side Chain Topographical Entropy from corr. pLogP method (VAL 113) : 0.6183
Side Chain Topographical Entropy from corr. pLogP method (GLY 114) : -0.0000
Side Chain Topographical Entropy from corr. pLogP method (HID 115) : 7.0025
Side Chain Topographical Entropy from corr. pLogP method (ASP 116) : 8.7193
Side Chain Topographical Entropy from corr. pLogP method (THR 117) : 0.6188
Side Chain Topographical Entropy from corr. pLogP method (PHE 118) : 1.4131
Side Chain Topographical Entropy from corr. pLogP method (THR 119) : 5.1436
Side Chain Topographical Entropy from corr. pLogP method (LYS 120) : 11.3001
Side Chain Topographical Entropy from corr. pLogP method (VAL 121) : 6.1731
Side Chain Topographical Entropy from corr. pLogP method (LYS 122) : 20.4889
Side Chain Topographical Entropy from corr. pLogP method (PRO 123) : 16.3404
Side Chain Topographical Entropy from corr. pLogP method (SER 124) : 7.8887
Side Chain Topographical Entropy from corr. pLogP method (ALA 125) : -0.0000
Side Chain Topographical Entropy from corr. pLogP method (ALA 126) : -0.0000
Side Chain Topographical Entropy from corr. pLogP method (CSER 127) : 5.6720
____________________________________________________________
Total SC Topog. Entropy (corr. pLogP)    :         620.728
------------------------------------------------------------
____________________________________________________________
Total BB Topog. Entropy (corr. pLogP)    :          29.608
------------------------------------------------------------
____________________________________________________________
Total Entropy                            :         650.336
------------------------------------------------------------
