------------------------------------------------------------
Topographical entropy of residue side chains 
computed using all the dihedrals with AEM method
------------------------------------------------------------
Residue Topographical Entropy from AEM (NALA 1) : 0.1936
Residue Topographical Entropy from AEM (GLU 2) : 22.4870
Residue Topographical Entropy from AEM (ALA 3) : -0.0000
Residue Topographical Entropy from AEM (GLY 4) : -0.0000
Residue Topographical Entropy from AEM (ILE 5) : 1.1496
Residue Topographical Entropy from AEM (THR 6) : 0.1936
Residue Topographical Entropy from AEM (GLY 7) : -0.0000
Residue Topographical Entropy from AEM (THR 8) : 2.1622
Residue Topographical Entropy from AEM (TRP 9) : -0.0000
Residue Topographical Entropy from AEM (TYR 10) : 0.2395
Residue Topographical Entropy from AEM (ALA 11) : -0.0000
Residue Topographical Entropy from AEM (GLN 12) : 13.4896
Residue Topographical Entropy from AEM (LEU 13) : 7.2980
Residue Topographical Entropy from AEM (GLY 14) : -0.0000
Residue Topographical Entropy from AEM (SER 15) : 7.2984
Residue Topographical Entropy from AEM (THR 16) : 1.8717
Residue Topographical Entropy from AEM (PHE 17) : -0.0000
Residue Topographical Entropy from AEM (ILE 18) : 6.2266
Residue Topographical Entropy from AEM (VAL 19) : -0.0000
Residue Topographical Entropy from AEM (THR 20) : 6.1400
Residue Topographical Entropy from AEM (ALA 21) : -0.0000
Residue Topographical Entropy from AEM (GLY 22) : -0.0000
Residue Topographical Entropy from AEM (ALA 23) : -0.0000
Residue Topographical Entropy from AEM (ASP 24) : 7.0238
Residue Topographical Entropy from AEM (GLY 25) : -0.0000
Residue Topographical Entropy from AEM (ALA 26) : -0.0000
Residue Topographical Entropy from AEM (LEU 27) : 3.5039
Residue Topographical Entropy from AEM (THR 28) : 4.1116
Residue Topographical Entropy from AEM (GLY 29) : -0.0000
Residue Topographical Entropy from AEM (THR 30) : 9.0749
Residue Topographical Entropy from AEM (TYR 31) : -0.0000
Residue Topographical Entropy from AEM (GLU 32) : 18.7521
Residue Topographical Entropy from AEM (SER 33) : 5.4435
Residue Topographical Entropy from AEM (ALA 34) : -0.0000
Residue Topographical Entropy from AEM (VAL 35) : 5.3576
Residue Topographical Entropy from AEM (GLY 36) : -0.0000
Residue Topographical Entropy from AEM (ASN 37) : 9.7570
Residue Topographical Entropy from AEM (ALA 38) : -0.0000
Residue Topographical Entropy from AEM (GLU 39) : 13.4817
Residue Topographical Entropy from AEM (SER 40) : 0.7337
Residue Topographical Entropy from AEM (ARG 41) : 12.7101
Residue Topographical Entropy from AEM (TYR 42) : -0.0000
Residue Topographical Entropy from AEM (VAL 43) : 0.3103
Residue Topographical Entropy from AEM (LEU 44) : 5.9440
Residue Topographical Entropy from AEM (THR 45) : 6.7977
Residue Topographical Entropy from AEM (GLY 46) : -0.0000
Residue Topographical Entropy from AEM (ARG 47) : -0.0000
Residue Topographical Entropy from AEM (TYR 48) : -0.0000
Residue Topographical Entropy from AEM (ASP 49) : -0.0000
Residue Topographical Entropy from AEM (SER 50) : 0.2168
Residue Topographical Entropy from AEM (ALA 51) : -0.0000
Residue Topographical Entropy from AEM (PRO 52) : 5.4854
Residue Topographical Entropy from AEM (ALA 53) : -0.0000
Residue Topographical Entropy from AEM (THR 54) : 8.1773
Residue Topographical Entropy from AEM (ASP 55) : 3.7772
Residue Topographical Entropy from AEM (GLY 56) : -0.0000
Residue Topographical Entropy from AEM (SER 57) : 1.4488
Residue Topographical Entropy from AEM (GLY 58) : -0.0000
Residue Topographical Entropy from AEM (THR 59) : -0.0000
Residue Topographical Entropy from AEM (ALA 60) : -0.0000
Residue Topographical Entropy from AEM (LEU 61) : 2.1722
Residue Topographical Entropy from AEM (GLY 62) : -0.0000
Residue Topographical Entropy from AEM (TRP 63) : -0.0000
Residue Topographical Entropy from AEM (THR 64) : -0.0000
Residue Topographical Entropy from AEM (VAL 65) : 0.2168
Residue Topographical Entropy from AEM (ALA 66) : -0.0000
Residue Topographical Entropy from AEM (TRP 67) : -0.0000
Residue Topographical Entropy from AEM (LYS 68) : 17.6305
Residue Topographical Entropy from AEM (ASN 69) : 5.4950
Residue Topographical Entropy from AEM (ASN 70) : 7.4795
Residue Topographical Entropy from AEM (TYR 71) : 9.3974
Residue Topographical Entropy from AEM (ARG 72) : 17.8352
Residue Topographical Entropy from AEM (ASN 73) : 5.6871
Residue Topographical Entropy from AEM (ALA 74) : -0.0000
Residue Topographical Entropy from AEM (HID 75) : -0.0000
Residue Topographical Entropy from AEM (SER 76) : 1.9175
Residue Topographical Entropy from AEM (ALA 77) : -0.0000
Residue Topographical Entropy from AEM (THR 78) : -0.0000
Residue Topographical Entropy from AEM (THR 79) : 0.1200
Residue Topographical Entropy from AEM (TRP 80) : -0.0000
Residue Topographical Entropy from AEM (SER 81) : -0.0000
Residue Topographical Entropy from AEM (GLY 82) : -0.0000
Residue Topographical Entropy from AEM (GLN 83) : 5.6607
Residue Topographical Entropy from AEM (TYR 84) : -0.0000
Residue Topographical Entropy from AEM (VAL 85) : 1.0945
Residue Topographical Entropy from AEM (GLY 86) : -0.0000
Residue Topographical Entropy from AEM (GLY 87) : -0.0000
Residue Topographical Entropy from AEM (ALA 88) : -0.0000
Residue Topographical Entropy from AEM (GLU 89) : 21.4283
Residue Topographical Entropy from AEM (ALA 90) : -0.0000
Residue Topographical Entropy from AEM (ARG 91) : 9.2360
Residue Topographical Entropy from AEM (ILE 92) : -0.0000
Residue Topographical Entropy from AEM (ASN 93) : 4.2050
Residue Topographical Entropy from AEM (THR 94) : 0.1200
Residue Topographical Entropy from AEM (GLN 95) : 9.4324
Residue Topographical Entropy from AEM (TRP 96) : -0.0000
Residue Topographical Entropy from AEM (LEU 97) : 2.1939
Residue Topographical Entropy from AEM (LEU 98) : 1.6349
Residue Topographical Entropy from AEM (THR 99) : 3.6487
Residue Topographical Entropy from AEM (SER 100) : 6.6235
Residue Topographical Entropy from AEM (GLY 101) : -0.0000
Residue Topographical Entropy from AEM (THR 102) : 4.8329
Residue Topographical Entropy from AEM (THR 103) : 1.1347
Residue Topographical Entropy from AEM (GLU 104) : 22.6401
Residue Topographical Entropy from AEM (ALA 105) : -0.0000
Residue Topographical Entropy from AEM (ASN 106) : 1.8757
Residue Topographical Entropy from AEM (ALA 107) : -0.0000
Residue Topographical Entropy from AEM (TRP 108) : -0.0000
Residue Topographical Entropy from AEM (LYS 109) : 16.0157
Residue Topographical Entropy from AEM (SER 110) : 2.0133
Residue Topographical Entropy from AEM (THR 111) : -0.0000
Residue Topographical Entropy from AEM (LEU 112) : 3.2566
Residue Topographical Entropy from AEM (VAL 113) : -0.0000
Residue Topographical Entropy from AEM (GLY 114) : -0.0000
Residue Topographical Entropy from AEM (HID 115) : -0.0000
Residue Topographical Entropy from AEM (ASP 116) : 5.7575
Residue Topographical Entropy from AEM (THR 117) : -0.0000
Residue Topographical Entropy from AEM (PHE 118) : -0.0000
Residue Topographical Entropy from AEM (THR 119) : 4.2788
Residue Topographical Entropy from AEM (LYS 120) : 15.0932
Residue Topographical Entropy from AEM (VAL 121) : 5.9314
Residue Topographical Entropy from AEM (LYS 122) : 16.5622
Residue Topographical Entropy from AEM (PRO 123) : 6.2397
Residue Topographical Entropy from AEM (SER 124) : 7.4401
Residue Topographical Entropy from AEM (ALA 125) : -0.0000
Residue Topographical Entropy from AEM (ALA 126) : -0.0000
Residue Topographical Entropy from AEM (CSER 127) : 6.0175
____________________________________________________________
Total Topog. Entropy (AEM)               :         443.176
------------------------------------------------------------
____________________________________________________________
Total Entropy                            :         443.176
------------------------------------------------------------
