------------------------------------------------------------
Topographical entropy of residue side chains 
computed using all the dihedrals with correlation/pLogp formalism
------------------------------------------------------------
Side Chain Topographical Entropy from corr. pLogP method (NALA 1) : -0.0000
Side Chain Topographical Entropy from corr. pLogP method (GLU 2) : 22.8716
Side Chain Topographical Entropy from corr. pLogP method (ALA 3) : -0.0000
Side Chain Topographical Entropy from corr. pLogP method (GLY 4) : -0.0000
Side Chain Topographical Entropy from corr. pLogP method (ILE 5) : 3.2983
Side Chain Topographical Entropy from corr. pLogP method (THR 6) : 1.1246
Side Chain Topographical Entropy from corr. pLogP method (GLY 7) : -0.0000
Side Chain Topographical Entropy from corr. pLogP method (THR 8) : 3.5244
Side Chain Topographical Entropy from corr. pLogP method (TRP 9) : 4.9840
Side Chain Topographical Entropy from corr. pLogP method (TYR 10) : 10.4783
Side Chain Topographical Entropy from corr. pLogP method (ALA 11) : -0.0000
Side Chain Topographical Entropy from corr. pLogP method (GLN 12) : 22.2887
Side Chain Topographical Entropy from corr. pLogP method (LEU 13) : 9.7022
Side Chain Topographical Entropy from corr. pLogP method (GLY 14) : -0.0000
Side Chain Topographical Entropy from corr. pLogP method (SER 15) : 7.0148
Side Chain Topographical Entropy from corr. pLogP method (THR 16) : 3.6610
Side Chain Topographical Entropy from corr. pLogP method (PHE 17) : 15.6883
Side Chain Topographical Entropy from corr. pLogP method (ILE 18) : 7.7355
Side Chain Topographical Entropy from corr. pLogP method (VAL 19) : 5.7527
Side Chain Topographical Entropy from corr. pLogP method (THR 20) : 7.3424
Side Chain Topographical Entropy from corr. pLogP method (ALA 21) : -0.0000
Side Chain Topographical Entropy from corr. pLogP method (GLY 22) : -0.0000
Side Chain Topographical Entropy from corr. pLogP method (ALA 23) : -0.0000
Side Chain Topographical Entropy from corr. pLogP method (ASP 24) : 15.1192
Side Chain Topographical Entropy from corr. pLogP method (GLY 25) : -0.0000
Side Chain Topographical Entropy from corr. pLogP method (ALA 26) : -0.0000
Side Chain Topographical Entropy from corr. pLogP method (LEU 27) : 11.0685
Side Chain Topographical Entropy from corr. pLogP method (THR 28) : 8.8204
Side Chain Topographical Entropy from corr. pLogP method (GLY 29) : -0.0000
Side Chain Topographical Entropy from corr. pLogP method (THR 30) : 8.1611
Side Chain Topographical Entropy from corr. pLogP method (TYR 31) : 15.2582
Side Chain Topographical Entropy from corr. pLogP method (GLU 32) : 17.8740
Side Chain Topographical Entropy from corr. pLogP method (SER 33) : 7.1024
Side Chain Topographical Entropy from corr. pLogP method (ALA 34) : -0.0000
Side Chain Topographical Entropy from corr. pLogP method (VAL 35) : 7.3775
Side Chain Topographical Entropy from corr. pLogP method (GLY 36) : -0.0000
Side Chain Topographical Entropy from corr. pLogP method (ASN 37) : 13.1435
Side Chain Topographical Entropy from corr. pLogP method (ALA 38) : -0.0000
Side Chain Topographical Entropy from corr. pLogP method (GLU 39) : 21.7780
Side Chain Topographical Entropy from corr. pLogP method (SER 40) : 5.3208
Side Chain Topographical Entropy from corr. pLogP method (ARG 41) : 8.6770
Side Chain Topographical Entropy from corr. pLogP method (TYR 42) : 5.5416
Side Chain Topographical Entropy from corr. pLogP method (VAL 43) : 2.4832
Side Chain Topographical Entropy from corr. pLogP method (LEU 44) : 3.2524
Side Chain Topographical Entropy from corr. pLogP method (THR 45) : 7.0408
Side Chain Topographical Entropy from corr. pLogP method (GLY 46) : -0.0000
Side Chain Topographical Entropy from corr. pLogP method (ARG 47) : 12.1842
Side Chain Topographical Entropy from corr. pLogP method (TYR 48) : 7.9075
Side Chain Topographical Entropy from corr. pLogP method (ASP 49) : 7.4728
Side Chain Topographical Entropy from corr. pLogP method (SER 50) : 2.5809
Side Chain Topographical Entropy from corr. pLogP method (ALA 51) : -0.0000
Side Chain Topographical Entropy from corr. pLogP method (PRO 52) : 12.8577
Side Chain Topographical Entropy from corr. pLogP method (ALA 53) : -0.0000
Side Chain Topographical Entropy from corr. pLogP method (THR 54) : 7.0931
Side Chain Topographical Entropy from corr. pLogP method (ASP 55) : 15.3781
Side Chain Topographical Entropy from corr. pLogP method (GLY 56) : -0.0000
Side Chain Topographical Entropy from corr. pLogP method (SER 57) : 6.7806
Side Chain Topographical Entropy from corr. pLogP method (GLY 58) : -0.0000
Side Chain Topographical Entropy from corr. pLogP method (THR 59) : 1.3517
Side Chain Topographical Entropy from corr. pLogP method (ALA 60) : -0.0000
Side Chain Topographical Entropy from corr. pLogP method (LEU 61) : 5.7963
Side Chain Topographical Entropy from corr. pLogP method (GLY 62) : -0.0000
Side Chain Topographical Entropy from corr. pLogP method (TRP 63) : 6.8956
Side Chain Topographical Entropy from corr. pLogP method (THR 64) : 1.2065
Side Chain Topographical Entropy from corr. pLogP method (VAL 65) : 1.8934
Side Chain Topographical Entropy from corr. pLogP method (ALA 66) : -0.0000
Side Chain Topographical Entropy from corr. pLogP method (TRP 67) : 8.3260
Side Chain Topographical Entropy from corr. pLogP method (LYS 68) : 15.5522
Side Chain Topographical Entropy from corr. pLogP method (ASN 69) : 6.7370
Side Chain Topographical Entropy from corr. pLogP method (ASN 70) : 14.2937
Side Chain Topographical Entropy from corr. pLogP method (TYR 71) : 11.7334
Side Chain Topographical Entropy from corr. pLogP method (ARG 72) : 14.6497
Side Chain Topographical Entropy from corr. pLogP method (ASN 73) : 1.7887
Side Chain Topographical Entropy from corr. pLogP method (ALA 74) : -0.0000
Side Chain Topographical Entropy from corr. pLogP method (HID 75) : 4.9028
Side Chain Topographical Entropy from corr. pLogP method (SER 76) : 4.3160
Side Chain Topographical Entropy from corr. pLogP method (ALA 77) : -0.0000
Side Chain Topographical Entropy from corr. pLogP method (THR 78) : 0.8665
Side Chain Topographical Entropy from corr. pLogP method (THR 79) : 5.5132
Side Chain Topographical Entropy from corr. pLogP method (TRP 80) : 7.2736
Side Chain Topographical Entropy from corr. pLogP method (SER 81) : 1.1250
Side Chain Topographical Entropy from corr. pLogP method (GLY 82) : -0.0000
Side Chain Topographical Entropy from corr. pLogP method (GLN 83) : 8.4516
Side Chain Topographical Entropy from corr. pLogP method (TYR 84) : 3.0319
Side Chain Topographical Entropy from corr. pLogP method (VAL 85) : 2.3575
Side Chain Topographical Entropy from corr. pLogP method (GLY 86) : -0.0000
Side Chain Topographical Entropy from corr. pLogP method (GLY 87) : -0.0000
Side Chain Topographical Entropy from corr. pLogP method (ALA 88) : -0.0000
Side Chain Topographical Entropy from corr. pLogP method (GLU 89) : 20.2619
Side Chain Topographical Entropy from corr. pLogP method (ALA 90) : -0.0000
Side Chain Topographical Entropy from corr. pLogP method (ARG 91) : 10.3642
Side Chain Topographical Entropy from corr. pLogP method (ILE 92) : 2.6242
Side Chain Topographical Entropy from corr. pLogP method (ASN 93) : 4.6343
Side Chain Topographical Entropy from corr. pLogP method (THR 94) : 2.0122
Side Chain Topographical Entropy from corr. pLogP method (GLN 95) : 7.4247
Side Chain Topographical Entropy from corr. pLogP method (TRP 96) : 3.7766
Side Chain Topographical Entropy from corr. pLogP method (LEU 97) : 1.6798
Side Chain Topographical Entropy from corr. pLogP method (LEU 98) : 2.3749
Side Chain Topographical Entropy from corr. pLogP method (THR 99) : 1.1698
Side Chain Topographical Entropy from corr. pLogP method (SER 100) : 8.1675
Side Chain Topographical Entropy from corr. pLogP method (GLY 101) : -0.0000
Side Chain Topographical Entropy from corr. pLogP method (THR 102) : 8.2944
Side Chain Topographical Entropy from corr. pLogP method (THR 103) : 4.2618
Side Chain Topographical Entropy from corr. pLogP method (GLU 104) : 24.0425
Side Chain Topographical Entropy from corr. pLogP method (ALA 105) : -0.0000
Side Chain Topographical Entropy from corr. pLogP method (ASN 106) : 7.9374
Side Chain Topographical Entropy from corr. pLogP method (ALA 107) : -0.0000
Side Chain Topographical Entropy from corr. pLogP method (TRP 108) : 12.4851
Side Chain Topographical Entropy from corr. pLogP method (LYS 109) : 15.8522
Side Chain Topographical Entropy from corr. pLogP method (SER 110) : 6.7085
Side Chain Topographical Entropy from corr. pLogP method (THR 111) : 0.4807
Side Chain Topographical Entropy from corr. pLogP method (LEU 112) : 2.0089
Side Chain Topographical Entropy from corr. pLogP method (VAL 113) : 1.0299
Side Chain Topographical Entropy from corr. pLogP method (GLY 114) : -0.0000
Side Chain Topographical Entropy from corr. pLogP method (HID 115) : 2.9043
Side Chain Topographical Entropy from corr. pLogP method (ASP 116) : 9.6300
Side Chain Topographical Entropy from corr. pLogP method (THR 117) : 1.6512
Side Chain Topographical Entropy from corr. pLogP method (PHE 118) : 4.8829
Side Chain Topographical Entropy from corr. pLogP method (THR 119) : 5.5165
Side Chain Topographical Entropy from corr. pLogP method (LYS 120) : 10.3803
Side Chain Topographical Entropy from corr. pLogP method (VAL 121) : 2.9491
Side Chain Topographical Entropy from corr. pLogP method (LYS 122) : 24.7982
Side Chain Topographical Entropy from corr. pLogP method (PRO 123) : 16.0423
Side Chain Topographical Entropy from corr. pLogP method (SER 124) : 6.1684
Side Chain Topographical Entropy from corr. pLogP method (ALA 125) : -0.0000
Side Chain Topographical Entropy from corr. pLogP method (ALA 126) : -0.0000
Side Chain Topographical Entropy from corr. pLogP method (CSER 127) : 6.8078
____________________________________________________________
Total SC Topog. Entropy (corr. pLogP)    :         723.125
------------------------------------------------------------
____________________________________________________________
Total BB Topog. Entropy (corr. pLogP)    :          46.868
------------------------------------------------------------
____________________________________________________________
Total Entropy                            :         769.993
------------------------------------------------------------
