38.080   
22.023   
25.631   
12.837   
53.312   
33.868   
13.496   
34.541   
42.880   
36.742   
25.776   
32.595   
51.512   
11.941   
22.146   
34.088   
36.692   
51.895   
43.172   
35.187   
26.755   
13.671   
26.861   
14.961   
13.452   
25.613   
52.198   
34.932   
13.858   
35.723   
39.022   
22.859   
20.351   
25.062   
43.484   
13.106   
25.158   
24.608   
22.496   
21.071   
54.630   
40.562   
45.532   
51.051   
35.849   
13.501   
59.640   
38.813   
16.134   
23.355   
25.190   
27.438   
27.025   
36.077   
15.127   
13.878   
19.995   
12.962   
35.338   
25.388   
53.037   
13.672   
41.619   
33.755   
42.843   
26.118   
42.760   
53.614   
26.249   
27.124   
36.870   
55.729   
26.871   
25.372   
30.290   
23.738   
24.883   
35.861   
34.573   
42.948   
22.289   
13.763   
33.862   
38.007   
43.738   
12.687   
13.878   
26.657   
23.113   
26.116   
56.354   
51.364   
27.640   
35.119   
34.978   
41.659   
51.311   
53.727   
35.369   
21.863   
13.786   
33.800   
36.183   
23.785   
25.772   
27.501   
26.884   
40.932   
54.169   
24.200   
36.255   
52.027   
42.704   
13.965   
28.468   
15.718   
34.787   
37.373   
34.612   
53.972   
44.509   
53.923   
26.716   
20.400   
24.509   
24.222   
19.944   
38.338   
20.861   
24.413   
13.097   
51.094   
35.182   
13.734   
35.581   
41.660   
38.112   
25.184   
32.964   
50.925   
12.846   
20.785   
35.119   
35.957   
52.412   
43.154   
34.463   
26.880   
13.550   
26.236   
14.911   
12.312   
25.938   
52.293   
34.430   
13.404   
34.341   
38.048   
22.668   
21.280   
23.692   
43.966   
11.715   
25.348   
24.412   
22.293   
20.315   
56.350   
38.632   
44.938   
50.797   
35.425   
13.093   
58.024   
39.121   
15.676   
23.013   
24.045   
27.166   
26.553   
33.945   
15.377   
13.267   
20.164   
13.017   
33.137   
25.599   
51.809   
13.195   
41.851   
34.085   
43.687   
25.401   
42.052   
53.601   
26.846   
26.897   
38.478   
57.051   
26.555   
26.351   
30.103   
22.880   
25.139   
34.467   
34.578   
40.988   
20.366   
13.362   
33.864   
37.916   
43.058   
11.742   
13.338   
25.911   
21.868   
24.159   
55.675   
51.014   
25.849   
33.253   
33.900   
41.748   
51.856   
53.184   
35.505   
21.905   
12.420   
35.864   
35.591   
22.552   
26.085   
27.659   
26.038   
41.727   
52.158   
21.580   
36.274   
50.595   
42.994   
12.500   
27.823   
14.456   
34.246   
35.067   
34.129   
53.166   
45.109   
53.696   
26.401   
20.828   
26.029   
24.240   
19.673   
38.490   
21.261   
25.291   
12.144   
53.094   
35.644   
11.520   
32.649   
40.523   
38.138   
25.117   
33.770   
51.368   
12.261   
20.875   
31.974   
35.033   
51.509   
41.465   
32.267   
24.909   
12.233   
25.564   
15.122   
12.302   
24.208   
51.250   
33.982   
11.334   
32.385   
38.188   
21.864   
21.170   
25.282   
43.877   
11.911   
25.670   
25.703   
21.647   
20.755   
56.422   
36.989   
43.219   
51.011   
33.317   
12.551   
58.537   
37.462   
15.676   
20.958   
24.552   
26.455   
24.575   
33.259   
14.925   
12.310   
21.447   
12.943   
34.940   
27.261   
50.340   
12.295   
41.145   
32.349   
43.322   
24.829   
40.231   
53.131   
26.511   
24.776   
37.329   
58.371   
25.149   
26.453   
28.426   
21.991   
24.056   
32.870   
33.942   
40.516   
21.532   
12.562   
34.962   
40.177   
44.484   
13.020   
12.450   
25.868   
22.665   
24.704   
56.770   
51.795   
28.053   
32.748   
36.206   
39.125   
51.093   
51.550   
34.237   
20.862   
12.518   
34.477   
36.236   
22.031   
24.800   
26.726   
25.405   
40.795   
52.482   
22.064   
35.381   
50.582   
42.747   
13.175   
28.262   
15.710   
35.182   
36.481   
34.682   
53.338   
43.883   
52.342   
26.681   
20.572   
24.884   
24.141   
19.735   
38.954   
21.457   
25.488   
12.245   
53.777   
36.128   
12.501   
32.932   
41.089   
37.273   
24.604   
32.946   
51.861   
11.091   
19.824   
33.616   
35.509   
52.465   
43.170   
35.040   
26.232   
12.050   
25.818   
15.308   
11.602   
24.703   
51.680   
33.668   
12.261   
33.226   
38.503   
21.260   
20.742   
25.365   
42.621   
11.979   
24.661   
24.236   
21.204   
19.797   
54.892   
38.503   
43.587   
49.350   
34.283   
11.779   
57.708   
37.682   
16.110   
21.725   
23.233   
25.799   
25.489   
35.086   
15.181   
12.986   
21.401   
12.788   
33.971   
25.747   
52.102   
12.849   
42.218   
33.618   
43.436   
25.612   
37.910   
53.164   
27.616   
26.225   
38.316   
58.185   
27.167   
24.447   
28.702   
21.331   
23.893   
33.513   
33.990   
41.737   
21.474   
13.473   
33.941   
38.521   
42.734   
12.378   
12.395   
24.753   
21.855   
24.034   
56.071   
52.235   
26.184   
35.691   
35.551   
41.757   
51.327   
52.077   
34.499   
20.411   
13.167   
34.371   
35.975   
21.893   
24.878   
26.788   
25.690   
41.164   
53.271   
21.441   
34.546   
50.930   
43.264   
13.419   
28.629   
15.730   
35.212   
35.700   
34.696   
53.191   
43.637   
51.897   
26.676   
20.491   
25.094   
24.836   
19.593   
37.545   
21.490   
24.715   
13.153   
50.984   
33.383   
12.959   
33.676   
39.587   
37.592   
25.416   
32.851   
50.974   
11.789   
20.389   
35.653   
35.668   
51.025   
42.792   
35.197   
25.714   
13.819   
25.476   
14.889   
13.447   
25.107   
51.996   
34.142   
12.847   
34.163   
36.981   
23.163   
20.922   
24.826   
43.741   
11.362   
25.488   
24.417   
21.628   
21.366   
56.139   
39.356   
43.661   
51.329   
34.667   
13.579   
57.362   
38.515   
15.368   
21.712   
23.845   
26.404   
24.606   
34.356   
14.353   
13.029   
19.529   
12.790   
32.886   
25.074   
50.801   
12.779   
39.415   
32.857   
42.805   
24.864   
41.755   
52.465   
26.633   
26.588   
36.504   
55.907   
25.972   
24.726   
27.660   
20.753   
25.488   
34.789   
32.656   
41.165   
21.034   
12.388   
32.694   
36.404   
42.166   
11.823   
12.264   
25.015   
21.117   
25.435   
53.775   
51.180   
25.723   
32.656   
34.701   
40.324   
51.757   
51.524   
35.335   
21.469   
12.395   
34.737   
35.440   
22.554   
25.421   
27.046   
26.109   
40.371   
53.254   
22.433   
35.647   
50.740   
42.632   
11.839   
29.524   
14.274   
33.965   
35.516   
33.096   
53.033   
44.372   
53.510   
26.127   
20.277   
24.881   
24.434   
19.880   
