------------------------------------------------------------
            Hierarchy level. --> United Atom <--            
------------------------------------------------------------
      RESNAME   RESID  FF_ENTROPY  TT_ENTROPY
UATOM NALA          1       9.150      38.531
UATOM GLU           2      22.310      21.395
UATOM ALA           3       5.364      23.898
UATOM GLY           4       2.738      12.159
UATOM ILE           5      26.527      52.736
UATOM THR           6      20.712      32.875
UATOM GLY           7       2.491      13.481
UATOM THR           8      20.781      34.259
UATOM TRP           9      54.174      40.534
UATOM TYR          10      43.122      36.697
UATOM ALA          11       6.568      23.485
UATOM GLN          12      26.267      32.970
UATOM LEU          13      26.259      51.211
UATOM GLY          14       2.904      14.205
UATOM SER          15      12.047      22.602
UATOM THR          16      20.535      34.566
UATOM PHE          17      37.629      38.620
UATOM ILE          18      25.980      52.066
UATOM VAL          19      18.852      43.530
UATOM THR          20      20.021      34.835
UATOM ALA          21       7.367      27.219
UATOM GLY          22       2.683      14.428
UATOM ALA          23       7.275      26.169
UATOM ASP          24      20.348      15.542
UATOM GLY          25       2.932      13.204
UATOM ALA          26       7.110      25.297
UATOM LEU          27      26.052      51.601
UATOM THR          28      17.822      34.888
UATOM GLY          29       2.674      13.127
UATOM THR          30      20.900      35.025
UATOM TYR          31      47.038      38.912
UATOM GLU          32      26.316      22.465
UATOM SER          33      11.754      21.676
UATOM ALA          34       6.239      25.099
UATOM VAL          35      17.577      44.102
UATOM GLY          36       2.943      12.476
UATOM ASN          37      20.872      26.033
UATOM ALA          38       7.543      25.957
UATOM GLU          39      25.351      23.457
UATOM SER          40      12.617      22.095
UATOM ARG          41      44.864      57.467
UATOM TYR          42      47.968      40.366
UATOM VAL          43      19.867      44.438
UATOM LEU          44      27.139      50.577
UATOM THR          45      21.119      36.340
UATOM GLY          46       2.722      13.009
UATOM ARG          47      49.772      58.478
UATOM TYR          48      46.521      39.675
UATOM ASP          49      24.796      16.284
UATOM SER          50      12.879      23.324
UATOM ALA          51       7.550      24.055
UATOM PRO          52      13.972      27.330
UATOM ALA          53       7.013      25.462
UATOM THR          54      18.861      34.814
UATOM ASP          55      21.152      14.795
UATOM GLY          56       2.897      13.406
UATOM SER          57      13.124      20.441
UATOM GLY          58       2.699      13.713
UATOM THR          59      21.736      35.124
UATOM ALA          60       7.387      24.868
UATOM LEU          61      25.915      51.362
UATOM GLY          62       2.753      13.657
UATOM TRP          63      55.792      41.403
UATOM THR          64      19.488      33.729
UATOM VAL          65      20.746      43.848
UATOM ALA          66       7.601      25.283
UATOM TRP          67      55.321      43.018
UATOM LYS          68      30.059      52.476
UATOM ASN          69      24.339      26.350
UATOM ASN          70      20.626      27.290
UATOM TYR          71      42.951      37.544
UATOM ARG          72      44.030      58.219
UATOM ASN          73      24.835      27.736
UATOM ALA          74       7.140      25.520
UATOM HID          75      33.063      30.610
UATOM SER          76      13.573      22.484
UATOM ALA          77       7.380      26.128
UATOM THR          78      21.043      35.671
UATOM THR          79      20.543      38.511
UATOM TRP          80      54.925      43.235
UATOM SER          81      13.093      21.792
UATOM GLY          82       2.753      13.665
UATOM GLN          83      33.306      34.875
UATOM TYR          84      44.997      37.470
UATOM VAL          85      19.180      43.669
UATOM GLY          86       2.747      12.629
UATOM GLY          87       2.516      13.086
UATOM ALA          88       6.858      25.740
UATOM GLU          89      23.401      21.258
UATOM ALA          90       6.359      24.625
UATOM ARG          91      44.245      53.534
UATOM ILE          92      26.060      51.971
UATOM ASN          93      22.525      25.788
UATOM THR          94      20.569      34.266
UATOM GLN          95      29.903      34.842
UATOM TRP          96      54.618      43.871
UATOM LEU          97      27.816      52.617
UATOM LEU          98      26.329      53.063
UATOM THR          99      21.330      37.200
UATOM SER         100      12.223      22.240
UATOM GLY         101       2.497      13.763
UATOM THR         102      19.904      35.775
UATOM THR         103      20.510      35.540
UATOM GLU         104      26.780      24.143
UATOM ALA         105       7.251      25.765
UATOM ASN         106      23.864      27.270
UATOM ALA         107       7.250      26.194
UATOM TRP         108      51.987      41.757
UATOM LYS         109      30.844      53.992
UATOM SER         110      12.736      23.753
UATOM THR         111      20.786      37.035
UATOM LEU         112      26.189      50.605
UATOM VAL         113      20.387      42.152
UATOM GLY         114       2.791      13.540
UATOM HID         115      30.664      27.702
UATOM ASP         116      25.047      15.676
UATOM THR         117      20.583      35.329
UATOM PHE         118      38.118      37.419
UATOM THR         119      19.215      34.012
UATOM LYS         120      29.447      53.846
UATOM VAL         121      18.705      45.997
UATOM LYS         122      27.666      51.813
UATOM PRO         123      14.199      27.360
UATOM SER         124      11.905      21.123
UATOM ALA         125       7.585      27.468
UATOM ALA         126       7.192      24.793
UATOM CSER        127      17.565      22.008
____________________________________________________________
Total Entropy FF (UA level) :        2626.503 J/mol/K
Total Entropy TT (UA level) :        4025.489 J/mol/K
------------------------------------------------------------
____________________________________________________________
Total Entropy                            :        6651.992
------------------------------------------------------------
