------------------------------------------------------------
Topographical entropy of residue side chains 
computed using all the dihedrals with correlation/pLogp formalism
------------------------------------------------------------
Side Chain Topographical Entropy from corr. pLogP method (NALA 1) : -0.0000
Side Chain Topographical Entropy from corr. pLogP method (GLU 2) : 18.9638
Side Chain Topographical Entropy from corr. pLogP method (ALA 3) : -0.0000
Side Chain Topographical Entropy from corr. pLogP method (GLY 4) : -0.0000
Side Chain Topographical Entropy from corr. pLogP method (ILE 5) : 1.9980
Side Chain Topographical Entropy from corr. pLogP method (THR 6) : -0.0000
Side Chain Topographical Entropy from corr. pLogP method (GLY 7) : -0.0000
Side Chain Topographical Entropy from corr. pLogP method (THR 8) : 2.1939
Side Chain Topographical Entropy from corr. pLogP method (TRP 9) : -0.0000
Side Chain Topographical Entropy from corr. pLogP method (TYR 10) : 6.6421
Side Chain Topographical Entropy from corr. pLogP method (ALA 11) : -0.0000
Side Chain Topographical Entropy from corr. pLogP method (GLN 12) : 20.5512
Side Chain Topographical Entropy from corr. pLogP method (LEU 13) : 1.6594
Side Chain Topographical Entropy from corr. pLogP method (GLY 14) : -0.0000
Side Chain Topographical Entropy from corr. pLogP method (SER 15) : 5.3560
Side Chain Topographical Entropy from corr. pLogP method (THR 16) : 0.4656
Side Chain Topographical Entropy from corr. pLogP method (PHE 17) : 0.3056
Side Chain Topographical Entropy from corr. pLogP method (ILE 18) : 7.4933
Side Chain Topographical Entropy from corr. pLogP method (VAL 19) : 6.8591
Side Chain Topographical Entropy from corr. pLogP method (THR 20) : 3.6140
Side Chain Topographical Entropy from corr. pLogP method (ALA 21) : -0.0000
Side Chain Topographical Entropy from corr. pLogP method (GLY 22) : -0.0000
Side Chain Topographical Entropy from corr. pLogP method (ALA 23) : -0.0000
Side Chain Topographical Entropy from corr. pLogP method (ASP 24) : 8.4047
Side Chain Topographical Entropy from corr. pLogP method (GLY 25) : -0.0000
Side Chain Topographical Entropy from corr. pLogP method (ALA 26) : -0.0000
Side Chain Topographical Entropy from corr. pLogP method (LEU 27) : 7.1121
Side Chain Topographical Entropy from corr. pLogP method (THR 28) : 9.0945
Side Chain Topographical Entropy from corr. pLogP method (GLY 29) : -0.0000
Side Chain Topographical Entropy from corr. pLogP method (THR 30) : -0.0000
Side Chain Topographical Entropy from corr. pLogP method (TYR 31) : 9.0949
Side Chain Topographical Entropy from corr. pLogP method (GLU 32) : 16.8705
Side Chain Topographical Entropy from corr. pLogP method (SER 33) : 6.0188
Side Chain Topographical Entropy from corr. pLogP method (ALA 34) : -0.0000
Side Chain Topographical Entropy from corr. pLogP method (VAL 35) : 7.5545
Side Chain Topographical Entropy from corr. pLogP method (GLY 36) : -0.0000
Side Chain Topographical Entropy from corr. pLogP method (ASN 37) : 11.0773
Side Chain Topographical Entropy from corr. pLogP method (ALA 38) : -0.0000
Side Chain Topographical Entropy from corr. pLogP method (GLU 39) : 20.6795
Side Chain Topographical Entropy from corr. pLogP method (SER 40) : 6.7597
Side Chain Topographical Entropy from corr. pLogP method (ARG 41) : 0.9700
Side Chain Topographical Entropy from corr. pLogP method (TYR 42) : -0.0000
Side Chain Topographical Entropy from corr. pLogP method (VAL 43) : 0.1200
Side Chain Topographical Entropy from corr. pLogP method (LEU 44) : 0.0657
Side Chain Topographical Entropy from corr. pLogP method (THR 45) : 1.4747
Side Chain Topographical Entropy from corr. pLogP method (GLY 46) : -0.0000
Side Chain Topographical Entropy from corr. pLogP method (ARG 47) : 0.1698
Side Chain Topographical Entropy from corr. pLogP method (TYR 48) : 4.4970
Side Chain Topographical Entropy from corr. pLogP method (ASP 49) : 0.4270
Side Chain Topographical Entropy from corr. pLogP method (SER 50) : 0.1698
Side Chain Topographical Entropy from corr. pLogP method (ALA 51) : -0.0000
Side Chain Topographical Entropy from corr. pLogP method (PRO 52) : 8.9518
Side Chain Topographical Entropy from corr. pLogP method (ALA 53) : -0.0000
Side Chain Topographical Entropy from corr. pLogP method (THR 54) : 4.9991
Side Chain Topographical Entropy from corr. pLogP method (ASP 55) : 7.2209
Side Chain Topographical Entropy from corr. pLogP method (GLY 56) : -0.0000
Side Chain Topographical Entropy from corr. pLogP method (SER 57) : -0.0000
Side Chain Topographical Entropy from corr. pLogP method (GLY 58) : -0.0000
Side Chain Topographical Entropy from corr. pLogP method (THR 59) : -0.0000
Side Chain Topographical Entropy from corr. pLogP method (ALA 60) : -0.0000
Side Chain Topographical Entropy from corr. pLogP method (LEU 61) : 5.3256
Side Chain Topographical Entropy from corr. pLogP method (GLY 62) : -0.0000
Side Chain Topographical Entropy from corr. pLogP method (TRP 63) : -0.0000
Side Chain Topographical Entropy from corr. pLogP method (THR 64) : 5.7534
Side Chain Topographical Entropy from corr. pLogP method (VAL 65) : -0.0000
Side Chain Topographical Entropy from corr. pLogP method (ALA 66) : -0.0000
Side Chain Topographical Entropy from corr. pLogP method (TRP 67) : -0.0000
Side Chain Topographical Entropy from corr. pLogP method (LYS 68) : 11.1492
Side Chain Topographical Entropy from corr. pLogP method (ASN 69) : 5.7181
Side Chain Topographical Entropy from corr. pLogP method (ASN 70) : 13.6395
Side Chain Topographical Entropy from corr. pLogP method (TYR 71) : 4.4915
Side Chain Topographical Entropy from corr. pLogP method (ARG 72) : 9.2851
Side Chain Topographical Entropy from corr. pLogP method (ASN 73) : 0.2168
Side Chain Topographical Entropy from corr. pLogP method (ALA 74) : -0.0000
Side Chain Topographical Entropy from corr. pLogP method (HID 75) : 0.2168
Side Chain Topographical Entropy from corr. pLogP method (SER 76) : 0.3468
Side Chain Topographical Entropy from corr. pLogP method (ALA 77) : -0.0000
Side Chain Topographical Entropy from corr. pLogP method (THR 78) : -0.0000
Side Chain Topographical Entropy from corr. pLogP method (THR 79) : 0.1200
Side Chain Topographical Entropy from corr. pLogP method (TRP 80) : 2.5916
Side Chain Topographical Entropy from corr. pLogP method (SER 81) : -0.0000
Side Chain Topographical Entropy from corr. pLogP method (GLY 82) : -0.0000
Side Chain Topographical Entropy from corr. pLogP method (GLN 83) : 6.2305
Side Chain Topographical Entropy from corr. pLogP method (TYR 84) : -0.0000
Side Chain Topographical Entropy from corr. pLogP method (VAL 85) : 3.9194
Side Chain Topographical Entropy from corr. pLogP method (GLY 86) : -0.0000
Side Chain Topographical Entropy from corr. pLogP method (GLY 87) : -0.0000
Side Chain Topographical Entropy from corr. pLogP method (ALA 88) : -0.0000
Side Chain Topographical Entropy from corr. pLogP method (GLU 89) : 17.3410
Side Chain Topographical Entropy from corr. pLogP method (ALA 90) : -0.0000
Side Chain Topographical Entropy from corr. pLogP method (ARG 91) : 5.3563
Side Chain Topographical Entropy from corr. pLogP method (ILE 92) : 0.2825
Side Chain Topographical Entropy from corr. pLogP method (ASN 93) : 9.1217
Side Chain Topographical Entropy from corr. pLogP method (THR 94) : -0.0000
Side Chain Topographical Entropy from corr. pLogP method (GLN 95) : 10.5199
Side Chain Topographical Entropy from corr. pLogP method (TRP 96) : 0.7495
Side Chain Topographical Entropy from corr. pLogP method (LEU 97) : 0.1857
Side Chain Topographical Entropy from corr. pLogP method (LEU 98) : 3.5737
Side Chain Topographical Entropy from corr. pLogP method (THR 99) : -0.0000
Side Chain Topographical Entropy from corr. pLogP method (SER 100) : 8.7910
Side Chain Topographical Entropy from corr. pLogP method (GLY 101) : -0.0000
Side Chain Topographical Entropy from corr. pLogP method (THR 102) : -0.0000
Side Chain Topographical Entropy from corr. pLogP method (THR 103) : -0.0000
Side Chain Topographical Entropy from corr. pLogP method (GLU 104) : 19.6139
Side Chain Topographical Entropy from corr. pLogP method (ALA 105) : -0.0000
Side Chain Topographical Entropy from corr. pLogP method (ASN 106) : 3.6430
Side Chain Topographical Entropy from corr. pLogP method (ALA 107) : -0.0000
Side Chain Topographical Entropy from corr. pLogP method (TRP 108) : 5.8688
Side Chain Topographical Entropy from corr. pLogP method (LYS 109) : 8.4571
Side Chain Topographical Entropy from corr. pLogP method (SER 110) : -0.0000
Side Chain Topographical Entropy from corr. pLogP method (THR 111) : 0.1698
Side Chain Topographical Entropy from corr. pLogP method (LEU 112) : 2.9589
Side Chain Topographical Entropy from corr. pLogP method (VAL 113) : 0.2168
Side Chain Topographical Entropy from corr. pLogP method (GLY 114) : -0.0000
Side Chain Topographical Entropy from corr. pLogP method (HID 115) : 7.5978
Side Chain Topographical Entropy from corr. pLogP method (ASP 116) : 0.5034
Side Chain Topographical Entropy from corr. pLogP method (THR 117) : -0.0000
Side Chain Topographical Entropy from corr. pLogP method (PHE 118) : -0.0000
Side Chain Topographical Entropy from corr. pLogP method (THR 119) : 4.2063
Side Chain Topographical Entropy from corr. pLogP method (LYS 120) : 13.1178
Side Chain Topographical Entropy from corr. pLogP method (VAL 121) : 2.7599
Side Chain Topographical Entropy from corr. pLogP method (LYS 122) : 23.2636
Side Chain Topographical Entropy from corr. pLogP method (PRO 123) : 16.6540
Side Chain Topographical Entropy from corr. pLogP method (SER 124) : 4.8473
Side Chain Topographical Entropy from corr. pLogP method (ALA 125) : -0.0000
Side Chain Topographical Entropy from corr. pLogP method (ALA 126) : -0.0000
Side Chain Topographical Entropy from corr. pLogP method (CSER 127) : 1.9872
____________________________________________________________
Total SC Topog. Entropy (corr. pLogP)    :         448.626
------------------------------------------------------------
____________________________________________________________
Total BB Topog. Entropy (corr. pLogP)    :          20.224
------------------------------------------------------------
____________________________________________________________
Total Entropy                            :         468.850
------------------------------------------------------------
------------------------------------------------------------
Topographical entropy of residue side chains 
computed using all the dihedrals with correlation/pLogp formalism
------------------------------------------------------------
Side Chain Topographical Entropy from corr. pLogP method (NALA 1) : -0.0000
Side Chain Topographical Entropy from corr. pLogP method (GLU 2) : 23.4896
Side Chain Topographical Entropy from corr. pLogP method (ALA 3) : -0.0000
Side Chain Topographical Entropy from corr. pLogP method (GLY 4) : -0.0000
Side Chain Topographical Entropy from corr. pLogP method (ILE 5) : 3.8568
Side Chain Topographical Entropy from corr. pLogP method (THR 6) : -0.0000
Side Chain Topographical Entropy from corr. pLogP method (GLY 7) : -0.0000
Side Chain Topographical Entropy from corr. pLogP method (THR 8) : 1.2889
Side Chain Topographical Entropy from corr. pLogP method (TRP 9) : -0.0000
Side Chain Topographical Entropy from corr. pLogP method (TYR 10) : 4.5038
Side Chain Topographical Entropy from corr. pLogP method (ALA 11) : -0.0000
Side Chain Topographical Entropy from corr. pLogP method (GLN 12) : 19.1693
Side Chain Topographical Entropy from corr. pLogP method (LEU 13) : 0.1200
Side Chain Topographical Entropy from corr. pLogP method (GLY 14) : -0.0000
Side Chain Topographical Entropy from corr. pLogP method (SER 15) : 3.1465
Side Chain Topographical Entropy from corr. pLogP method (THR 16) : 5.7138
Side Chain Topographical Entropy from corr. pLogP method (PHE 17) : -0.0000
Side Chain Topographical Entropy from corr. pLogP method (ILE 18) : 5.6910
Side Chain Topographical Entropy from corr. pLogP method (VAL 19) : 8.7409
Side Chain Topographical Entropy from corr. pLogP method (THR 20) : 1.6505
Side Chain Topographical Entropy from corr. pLogP method (ALA 21) : -0.0000
Side Chain Topographical Entropy from corr. pLogP method (GLY 22) : -0.0000
Side Chain Topographical Entropy from corr. pLogP method (ALA 23) : -0.0000
Side Chain Topographical Entropy from corr. pLogP method (ASP 24) : 11.7579
Side Chain Topographical Entropy from corr. pLogP method (GLY 25) : -0.0000
Side Chain Topographical Entropy from corr. pLogP method (ALA 26) : -0.0000
Side Chain Topographical Entropy from corr. pLogP method (LEU 27) : 9.7211
Side Chain Topographical Entropy from corr. pLogP method (THR 28) : 6.2212
Side Chain Topographical Entropy from corr. pLogP method (GLY 29) : -0.0000
Side Chain Topographical Entropy from corr. pLogP method (THR 30) : 0.4270
Side Chain Topographical Entropy from corr. pLogP method (TYR 31) : 1.8411
Side Chain Topographical Entropy from corr. pLogP method (GLU 32) : 12.2086
Side Chain Topographical Entropy from corr. pLogP method (SER 33) : 5.5327
Side Chain Topographical Entropy from corr. pLogP method (ALA 34) : -0.0000
Side Chain Topographical Entropy from corr. pLogP method (VAL 35) : 8.7650
Side Chain Topographical Entropy from corr. pLogP method (GLY 36) : -0.0000
Side Chain Topographical Entropy from corr. pLogP method (ASN 37) : 11.6560
Side Chain Topographical Entropy from corr. pLogP method (ALA 38) : -0.0000
Side Chain Topographical Entropy from corr. pLogP method (GLU 39) : 23.4423
Side Chain Topographical Entropy from corr. pLogP method (SER 40) : 5.8147
Side Chain Topographical Entropy from corr. pLogP method (ARG 41) : 8.3883
Side Chain Topographical Entropy from corr. pLogP method (TYR 42) : 0.7161
Side Chain Topographical Entropy from corr. pLogP method (VAL 43) : 0.0657
Side Chain Topographical Entropy from corr. pLogP method (LEU 44) : 0.5405
Side Chain Topographical Entropy from corr. pLogP method (THR 45) : 1.1491
Side Chain Topographical Entropy from corr. pLogP method (GLY 46) : -0.0000
Side Chain Topographical Entropy from corr. pLogP method (ARG 47) : -0.0000
Side Chain Topographical Entropy from corr. pLogP method (TYR 48) : 3.7749
Side Chain Topographical Entropy from corr. pLogP method (ASP 49) : 1.9775
Side Chain Topographical Entropy from corr. pLogP method (SER 50) : 0.3050
Side Chain Topographical Entropy from corr. pLogP method (ALA 51) : -0.0000
Side Chain Topographical Entropy from corr. pLogP method (PRO 52) : 10.2916
Side Chain Topographical Entropy from corr. pLogP method (ALA 53) : -0.0000
Side Chain Topographical Entropy from corr. pLogP method (THR 54) : 5.6814
Side Chain Topographical Entropy from corr. pLogP method (ASP 55) : 3.8955
Side Chain Topographical Entropy from corr. pLogP method (GLY 56) : -0.0000
Side Chain Topographical Entropy from corr. pLogP method (SER 57) : -0.0000
Side Chain Topographical Entropy from corr. pLogP method (GLY 58) : -0.0000
Side Chain Topographical Entropy from corr. pLogP method (THR 59) : 0.0657
Side Chain Topographical Entropy from corr. pLogP method (ALA 60) : -0.0000
Side Chain Topographical Entropy from corr. pLogP method (LEU 61) : 10.1799
Side Chain Topographical Entropy from corr. pLogP method (GLY 62) : -0.0000
Side Chain Topographical Entropy from corr. pLogP method (TRP 63) : -0.0000
Side Chain Topographical Entropy from corr. pLogP method (THR 64) : 3.9243
Side Chain Topographical Entropy from corr. pLogP method (VAL 65) : 0.0657
Side Chain Topographical Entropy from corr. pLogP method (ALA 66) : -0.0000
Side Chain Topographical Entropy from corr. pLogP method (TRP 67) : 3.8113
Side Chain Topographical Entropy from corr. pLogP method (LYS 68) : 12.6414
Side Chain Topographical Entropy from corr. pLogP method (ASN 69) : 5.9041
Side Chain Topographical Entropy from corr. pLogP method (ASN 70) : 14.1341
Side Chain Topographical Entropy from corr. pLogP method (TYR 71) : 6.9734
Side Chain Topographical Entropy from corr. pLogP method (ARG 72) : 15.7596
Side Chain Topographical Entropy from corr. pLogP method (ASN 73) : 5.2183
Side Chain Topographical Entropy from corr. pLogP method (ALA 74) : -0.0000
Side Chain Topographical Entropy from corr. pLogP method (HID 75) : 2.6477
Side Chain Topographical Entropy from corr. pLogP method (SER 76) : 8.0985
Side Chain Topographical Entropy from corr. pLogP method (ALA 77) : -0.0000
Side Chain Topographical Entropy from corr. pLogP method (THR 78) : 0.4656
Side Chain Topographical Entropy from corr. pLogP method (THR 79) : -0.0000
Side Chain Topographical Entropy from corr. pLogP method (TRP 80) : 1.6992
Side Chain Topographical Entropy from corr. pLogP method (SER 81) : 0.2168
Side Chain Topographical Entropy from corr. pLogP method (GLY 82) : -0.0000
Side Chain Topographical Entropy from corr. pLogP method (GLN 83) : 9.5937
Side Chain Topographical Entropy from corr. pLogP method (TYR 84) : -0.0000
Side Chain Topographical Entropy from corr. pLogP method (VAL 85) : 3.0895
Side Chain Topographical Entropy from corr. pLogP method (GLY 86) : -0.0000
Side Chain Topographical Entropy from corr. pLogP method (GLY 87) : -0.0000
Side Chain Topographical Entropy from corr. pLogP method (ALA 88) : -0.0000
Side Chain Topographical Entropy from corr. pLogP method (GLU 89) : 20.6679
Side Chain Topographical Entropy from corr. pLogP method (ALA 90) : -0.0000
Side Chain Topographical Entropy from corr. pLogP method (ARG 91) : 11.4956
Side Chain Topographical Entropy from corr. pLogP method (ILE 92) : 0.3874
Side Chain Topographical Entropy from corr. pLogP method (ASN 93) : 4.4049
Side Chain Topographical Entropy from corr. pLogP method (THR 94) : -0.0000
Side Chain Topographical Entropy from corr. pLogP method (GLN 95) : 6.7407
Side Chain Topographical Entropy from corr. pLogP method (TRP 96) : 1.1491
Side Chain Topographical Entropy from corr. pLogP method (LEU 97) : 0.0657
Side Chain Topographical Entropy from corr. pLogP method (LEU 98) : 6.0237
Side Chain Topographical Entropy from corr. pLogP method (THR 99) : 0.5405
Side Chain Topographical Entropy from corr. pLogP method (SER 100) : 6.5024
Side Chain Topographical Entropy from corr. pLogP method (GLY 101) : -0.0000
Side Chain Topographical Entropy from corr. pLogP method (THR 102) : -0.0000
Side Chain Topographical Entropy from corr. pLogP method (THR 103) : 5.5054
Side Chain Topographical Entropy from corr. pLogP method (GLU 104) : 22.2889
Side Chain Topographical Entropy from corr. pLogP method (ALA 105) : -0.0000
Side Chain Topographical Entropy from corr. pLogP method (ASN 106) : 5.3268
Side Chain Topographical Entropy from corr. pLogP method (ALA 107) : -0.0000
Side Chain Topographical Entropy from corr. pLogP method (TRP 108) : 5.8209
Side Chain Topographical Entropy from corr. pLogP method (LYS 109) : 13.0756
Side Chain Topographical Entropy from corr. pLogP method (SER 110) : 0.1857
Side Chain Topographical Entropy from corr. pLogP method (THR 111) : -0.0000
Side Chain Topographical Entropy from corr. pLogP method (LEU 112) : 3.7044
Side Chain Topographical Entropy from corr. pLogP method (VAL 113) : 0.0657
Side Chain Topographical Entropy from corr. pLogP method (GLY 114) : -0.0000
Side Chain Topographical Entropy from corr. pLogP method (HID 115) : 0.0657
Side Chain Topographical Entropy from corr. pLogP method (ASP 116) : 1.2583
Side Chain Topographical Entropy from corr. pLogP method (THR 117) : -0.0000
Side Chain Topographical Entropy from corr. pLogP method (PHE 118) : 7.6876
Side Chain Topographical Entropy from corr. pLogP method (THR 119) : 0.0657
Side Chain Topographical Entropy from corr. pLogP method (LYS 120) : 10.4301
Side Chain Topographical Entropy from corr. pLogP method (VAL 121) : 0.3050
Side Chain Topographical Entropy from corr. pLogP method (LYS 122) : 22.8676
Side Chain Topographical Entropy from corr. pLogP method (PRO 123) : 13.5900
Side Chain Topographical Entropy from corr. pLogP method (SER 124) : 2.7438
Side Chain Topographical Entropy from corr. pLogP method (ALA 125) : -0.0000
Side Chain Topographical Entropy from corr. pLogP method (ALA 126) : -0.0000
Side Chain Topographical Entropy from corr. pLogP method (CSER 127) : 3.7748
____________________________________________________________
Total SC Topog. Entropy (corr. pLogP)    :         492.773
------------------------------------------------------------
____________________________________________________________
Total BB Topog. Entropy (corr. pLogP)    :          20.787
------------------------------------------------------------
____________________________________________________________
Total Entropy                            :         513.560
------------------------------------------------------------
------------------------------------------------------------
Topographical entropy of residue side chains 
computed using all the dihedrals with correlation/pLogp formalism
------------------------------------------------------------
Side Chain Topographical Entropy from corr. pLogP method (NALA 1) : -0.0000
Side Chain Topographical Entropy from corr. pLogP method (GLU 2) : 20.6876
Side Chain Topographical Entropy from corr. pLogP method (ALA 3) : -0.0000
Side Chain Topographical Entropy from corr. pLogP method (GLY 4) : -0.0000
Side Chain Topographical Entropy from corr. pLogP method (ILE 5) : 1.2430
Side Chain Topographical Entropy from corr. pLogP method (THR 6) : -0.0000
Side Chain Topographical Entropy from corr. pLogP method (GLY 7) : -0.0000
Side Chain Topographical Entropy from corr. pLogP method (THR 8) : 5.3408
Side Chain Topographical Entropy from corr. pLogP method (TRP 9) : -0.0000
Side Chain Topographical Entropy from corr. pLogP method (TYR 10) : 4.3810
Side Chain Topographical Entropy from corr. pLogP method (ALA 11) : -0.0000
Side Chain Topographical Entropy from corr. pLogP method (GLN 12) : 19.4922
Side Chain Topographical Entropy from corr. pLogP method (LEU 13) : 7.6656
Side Chain Topographical Entropy from corr. pLogP method (GLY 14) : -0.0000
Side Chain Topographical Entropy from corr. pLogP method (SER 15) : 4.9840
Side Chain Topographical Entropy from corr. pLogP method (THR 16) : 8.6745
Side Chain Topographical Entropy from corr. pLogP method (PHE 17) : 9.8259
Side Chain Topographical Entropy from corr. pLogP method (ILE 18) : 8.9965
Side Chain Topographical Entropy from corr. pLogP method (VAL 19) : 2.9232
Side Chain Topographical Entropy from corr. pLogP method (THR 20) : 3.5290
Side Chain Topographical Entropy from corr. pLogP method (ALA 21) : -0.0000
Side Chain Topographical Entropy from corr. pLogP method (GLY 22) : -0.0000
Side Chain Topographical Entropy from corr. pLogP method (ALA 23) : -0.0000
Side Chain Topographical Entropy from corr. pLogP method (ASP 24) : 13.8057
Side Chain Topographical Entropy from corr. pLogP method (GLY 25) : -0.0000
Side Chain Topographical Entropy from corr. pLogP method (ALA 26) : -0.0000
Side Chain Topographical Entropy from corr. pLogP method (LEU 27) : 8.5813
Side Chain Topographical Entropy from corr. pLogP method (THR 28) : 6.0496
Side Chain Topographical Entropy from corr. pLogP method (GLY 29) : -0.0000
Side Chain Topographical Entropy from corr. pLogP method (THR 30) : 7.1690
Side Chain Topographical Entropy from corr. pLogP method (TYR 31) : 11.9042
Side Chain Topographical Entropy from corr. pLogP method (GLU 32) : 17.0023
Side Chain Topographical Entropy from corr. pLogP method (SER 33) : 7.2325
Side Chain Topographical Entropy from corr. pLogP method (ALA 34) : -0.0000
Side Chain Topographical Entropy from corr. pLogP method (VAL 35) : 5.4525
Side Chain Topographical Entropy from corr. pLogP method (GLY 36) : -0.0000
Side Chain Topographical Entropy from corr. pLogP method (ASN 37) : 11.2607
Side Chain Topographical Entropy from corr. pLogP method (ALA 38) : -0.0000
Side Chain Topographical Entropy from corr. pLogP method (GLU 39) : 22.1025
Side Chain Topographical Entropy from corr. pLogP method (SER 40) : 7.6143
Side Chain Topographical Entropy from corr. pLogP method (ARG 41) : 7.5595
Side Chain Topographical Entropy from corr. pLogP method (TYR 42) : -0.0000
Side Chain Topographical Entropy from corr. pLogP method (VAL 43) : 5.5336
Side Chain Topographical Entropy from corr. pLogP method (LEU 44) : 5.1716
Side Chain Topographical Entropy from corr. pLogP method (THR 45) : 3.1896
Side Chain Topographical Entropy from corr. pLogP method (GLY 46) : -0.0000
Side Chain Topographical Entropy from corr. pLogP method (ARG 47) : 0.1698
Side Chain Topographical Entropy from corr. pLogP method (TYR 48) : 4.9523
Side Chain Topographical Entropy from corr. pLogP method (ASP 49) : 0.4531
Side Chain Topographical Entropy from corr. pLogP method (SER 50) : 1.7159
Side Chain Topographical Entropy from corr. pLogP method (ALA 51) : -0.0000
Side Chain Topographical Entropy from corr. pLogP method (PRO 52) : 8.1347
Side Chain Topographical Entropy from corr. pLogP method (ALA 53) : -0.0000
Side Chain Topographical Entropy from corr. pLogP method (THR 54) : 2.2357
Side Chain Topographical Entropy from corr. pLogP method (ASP 55) : 14.8816
Side Chain Topographical Entropy from corr. pLogP method (GLY 56) : -0.0000
Side Chain Topographical Entropy from corr. pLogP method (SER 57) : 5.1561
Side Chain Topographical Entropy from corr. pLogP method (GLY 58) : -0.0000
Side Chain Topographical Entropy from corr. pLogP method (THR 59) : 0.0657
Side Chain Topographical Entropy from corr. pLogP method (ALA 60) : -0.0000
Side Chain Topographical Entropy from corr. pLogP method (LEU 61) : 9.1120
Side Chain Topographical Entropy from corr. pLogP method (GLY 62) : -0.0000
Side Chain Topographical Entropy from corr. pLogP method (TRP 63) : -0.0000
Side Chain Topographical Entropy from corr. pLogP method (THR 64) : -0.0000
Side Chain Topographical Entropy from corr. pLogP method (VAL 65) : 0.4270
Side Chain Topographical Entropy from corr. pLogP method (ALA 66) : -0.0000
Side Chain Topographical Entropy from corr. pLogP method (TRP 67) : -0.0000
Side Chain Topographical Entropy from corr. pLogP method (LYS 68) : 12.4515
Side Chain Topographical Entropy from corr. pLogP method (ASN 69) : 5.6106
Side Chain Topographical Entropy from corr. pLogP method (ASN 70) : 13.9749
Side Chain Topographical Entropy from corr. pLogP method (TYR 71) : 5.0602
Side Chain Topographical Entropy from corr. pLogP method (ARG 72) : 10.8471
Side Chain Topographical Entropy from corr. pLogP method (ASN 73) : 1.6196
Side Chain Topographical Entropy from corr. pLogP method (ALA 74) : -0.0000
Side Chain Topographical Entropy from corr. pLogP method (HID 75) : 6.6712
Side Chain Topographical Entropy from corr. pLogP method (SER 76) : 3.4710
Side Chain Topographical Entropy from corr. pLogP method (ALA 77) : -0.0000
Side Chain Topographical Entropy from corr. pLogP method (THR 78) : 0.0657
Side Chain Topographical Entropy from corr. pLogP method (THR 79) : 7.3357
Side Chain Topographical Entropy from corr. pLogP method (TRP 80) : 2.2770
Side Chain Topographical Entropy from corr. pLogP method (SER 81) : 0.6125
Side Chain Topographical Entropy from corr. pLogP method (GLY 82) : -0.0000
Side Chain Topographical Entropy from corr. pLogP method (GLN 83) : 7.8715
Side Chain Topographical Entropy from corr. pLogP method (TYR 84) : -0.0000
Side Chain Topographical Entropy from corr. pLogP method (VAL 85) : 0.1698
Side Chain Topographical Entropy from corr. pLogP method (GLY 86) : -0.0000
Side Chain Topographical Entropy from corr. pLogP method (GLY 87) : -0.0000
Side Chain Topographical Entropy from corr. pLogP method (ALA 88) : -0.0000
Side Chain Topographical Entropy from corr. pLogP method (GLU 89) : 18.8190
Side Chain Topographical Entropy from corr. pLogP method (ALA 90) : -0.0000
Side Chain Topographical Entropy from corr. pLogP method (ARG 91) : 1.5780
Side Chain Topographical Entropy from corr. pLogP method (ILE 92) : 0.6476
Side Chain Topographical Entropy from corr. pLogP method (ASN 93) : 0.8151
Side Chain Topographical Entropy from corr. pLogP method (THR 94) : 0.2897
Side Chain Topographical Entropy from corr. pLogP method (GLN 95) : 4.2462
Side Chain Topographical Entropy from corr. pLogP method (TRP 96) : 0.5405
Side Chain Topographical Entropy from corr. pLogP method (LEU 97) : -0.0000
Side Chain Topographical Entropy from corr. pLogP method (LEU 98) : 5.3787
Side Chain Topographical Entropy from corr. pLogP method (THR 99) : -0.0000
Side Chain Topographical Entropy from corr. pLogP method (SER 100) : 5.2304
Side Chain Topographical Entropy from corr. pLogP method (GLY 101) : -0.0000
Side Chain Topographical Entropy from corr. pLogP method (THR 102) : 3.5500
Side Chain Topographical Entropy from corr. pLogP method (THR 103) : 0.0657
Side Chain Topographical Entropy from corr. pLogP method (GLU 104) : 20.7006
Side Chain Topographical Entropy from corr. pLogP method (ALA 105) : -0.0000
Side Chain Topographical Entropy from corr. pLogP method (ASN 106) : 3.5396
Side Chain Topographical Entropy from corr. pLogP method (ALA 107) : -0.0000
Side Chain Topographical Entropy from corr. pLogP method (TRP 108) : 5.7264
Side Chain Topographical Entropy from corr. pLogP method (LYS 109) : 13.7791
Side Chain Topographical Entropy from corr. pLogP method (SER 110) : 1.2227
Side Chain Topographical Entropy from corr. pLogP method (THR 111) : -0.0000
Side Chain Topographical Entropy from corr. pLogP method (LEU 112) : 1.1631
Side Chain Topographical Entropy from corr. pLogP method (VAL 113) : 0.0657
Side Chain Topographical Entropy from corr. pLogP method (GLY 114) : -0.0000
Side Chain Topographical Entropy from corr. pLogP method (HID 115) : 0.0657
Side Chain Topographical Entropy from corr. pLogP method (ASP 116) : 1.1623
Side Chain Topographical Entropy from corr. pLogP method (THR 117) : 0.3468
Side Chain Topographical Entropy from corr. pLogP method (PHE 118) : 0.1857
Side Chain Topographical Entropy from corr. pLogP method (THR 119) : 5.0360
Side Chain Topographical Entropy from corr. pLogP method (LYS 120) : 12.3827
Side Chain Topographical Entropy from corr. pLogP method (VAL 121) : -0.0000
Side Chain Topographical Entropy from corr. pLogP method (LYS 122) : 24.0757
Side Chain Topographical Entropy from corr. pLogP method (PRO 123) : 14.6584
Side Chain Topographical Entropy from corr. pLogP method (SER 124) : 8.0848
Side Chain Topographical Entropy from corr. pLogP method (ALA 125) : -0.0000
Side Chain Topographical Entropy from corr. pLogP method (ALA 126) : -0.0000
Side Chain Topographical Entropy from corr. pLogP method (CSER 127) : 4.8408
____________________________________________________________
Total SC Topog. Entropy (corr. pLogP)    :         520.911
------------------------------------------------------------
____________________________________________________________
Total BB Topog. Entropy (corr. pLogP)    :          17.792
------------------------------------------------------------
____________________________________________________________
Total Entropy                            :         538.703
------------------------------------------------------------
------------------------------------------------------------
Topographical entropy of residue side chains 
computed using all the dihedrals with correlation/pLogp formalism
------------------------------------------------------------
Side Chain Topographical Entropy from corr. pLogP method (NALA 1) : -0.0000
Side Chain Topographical Entropy from corr. pLogP method (GLU 2) : 16.8349
Side Chain Topographical Entropy from corr. pLogP method (ALA 3) : -0.0000
Side Chain Topographical Entropy from corr. pLogP method (GLY 4) : -0.0000
Side Chain Topographical Entropy from corr. pLogP method (ILE 5) : 0.3816
Side Chain Topographical Entropy from corr. pLogP method (THR 6) : -0.0000
Side Chain Topographical Entropy from corr. pLogP method (GLY 7) : -0.0000
Side Chain Topographical Entropy from corr. pLogP method (THR 8) : 5.6153
Side Chain Topographical Entropy from corr. pLogP method (TRP 9) : -0.0000
Side Chain Topographical Entropy from corr. pLogP method (TYR 10) : 5.7592
Side Chain Topographical Entropy from corr. pLogP method (ALA 11) : -0.0000
Side Chain Topographical Entropy from corr. pLogP method (GLN 12) : 21.5490
Side Chain Topographical Entropy from corr. pLogP method (LEU 13) : 11.8659
Side Chain Topographical Entropy from corr. pLogP method (GLY 14) : -0.0000
Side Chain Topographical Entropy from corr. pLogP method (SER 15) : 2.7399
Side Chain Topographical Entropy from corr. pLogP method (THR 16) : 4.1187
Side Chain Topographical Entropy from corr. pLogP method (PHE 17) : 0.2617
Side Chain Topographical Entropy from corr. pLogP method (ILE 18) : 3.4737
Side Chain Topographical Entropy from corr. pLogP method (VAL 19) : 8.2809
Side Chain Topographical Entropy from corr. pLogP method (THR 20) : 2.5916
Side Chain Topographical Entropy from corr. pLogP method (ALA 21) : -0.0000
Side Chain Topographical Entropy from corr. pLogP method (GLY 22) : -0.0000
Side Chain Topographical Entropy from corr. pLogP method (ALA 23) : -0.0000
Side Chain Topographical Entropy from corr. pLogP method (ASP 24) : 14.5075
Side Chain Topographical Entropy from corr. pLogP method (GLY 25) : -0.0000
Side Chain Topographical Entropy from corr. pLogP method (ALA 26) : -0.0000
Side Chain Topographical Entropy from corr. pLogP method (LEU 27) : 8.6203
Side Chain Topographical Entropy from corr. pLogP method (THR 28) : 7.8049
Side Chain Topographical Entropy from corr. pLogP method (GLY 29) : -0.0000
Side Chain Topographical Entropy from corr. pLogP method (THR 30) : 8.8630
Side Chain Topographical Entropy from corr. pLogP method (TYR 31) : 4.9457
Side Chain Topographical Entropy from corr. pLogP method (GLU 32) : 16.9767
Side Chain Topographical Entropy from corr. pLogP method (SER 33) : 3.6640
Side Chain Topographical Entropy from corr. pLogP method (ALA 34) : -0.0000
Side Chain Topographical Entropy from corr. pLogP method (VAL 35) : 6.9748
Side Chain Topographical Entropy from corr. pLogP method (GLY 36) : -0.0000
Side Chain Topographical Entropy from corr. pLogP method (ASN 37) : 10.7903
Side Chain Topographical Entropy from corr. pLogP method (ALA 38) : -0.0000
Side Chain Topographical Entropy from corr. pLogP method (GLU 39) : 19.9743
Side Chain Topographical Entropy from corr. pLogP method (SER 40) : 7.1305
Side Chain Topographical Entropy from corr. pLogP method (ARG 41) : 16.0705
Side Chain Topographical Entropy from corr. pLogP method (TYR 42) : 0.2168
Side Chain Topographical Entropy from corr. pLogP method (VAL 43) : 3.0895
Side Chain Topographical Entropy from corr. pLogP method (LEU 44) : 0.3050
Side Chain Topographical Entropy from corr. pLogP method (THR 45) : 4.9448
Side Chain Topographical Entropy from corr. pLogP method (GLY 46) : -0.0000
Side Chain Topographical Entropy from corr. pLogP method (ARG 47) : 0.1200
Side Chain Topographical Entropy from corr. pLogP method (TYR 48) : 3.3326
Side Chain Topographical Entropy from corr. pLogP method (ASP 49) : 5.5923
Side Chain Topographical Entropy from corr. pLogP method (SER 50) : -0.0000
Side Chain Topographical Entropy from corr. pLogP method (ALA 51) : -0.0000
Side Chain Topographical Entropy from corr. pLogP method (PRO 52) : 11.6818
Side Chain Topographical Entropy from corr. pLogP method (ALA 53) : -0.0000
Side Chain Topographical Entropy from corr. pLogP method (THR 54) : 6.5314
Side Chain Topographical Entropy from corr. pLogP method (ASP 55) : 6.4826
Side Chain Topographical Entropy from corr. pLogP method (GLY 56) : -0.0000
Side Chain Topographical Entropy from corr. pLogP method (SER 57) : 0.8151
Side Chain Topographical Entropy from corr. pLogP method (GLY 58) : -0.0000
Side Chain Topographical Entropy from corr. pLogP method (THR 59) : -0.0000
Side Chain Topographical Entropy from corr. pLogP method (ALA 60) : -0.0000
Side Chain Topographical Entropy from corr. pLogP method (LEU 61) : 8.1270
Side Chain Topographical Entropy from corr. pLogP method (GLY 62) : -0.0000
Side Chain Topographical Entropy from corr. pLogP method (TRP 63) : -0.0000
Side Chain Topographical Entropy from corr. pLogP method (THR 64) : 1.2548
Side Chain Topographical Entropy from corr. pLogP method (VAL 65) : 0.0657
Side Chain Topographical Entropy from corr. pLogP method (ALA 66) : -0.0000
Side Chain Topographical Entropy from corr. pLogP method (TRP 67) : -0.0000
Side Chain Topographical Entropy from corr. pLogP method (LYS 68) : 15.9984
Side Chain Topographical Entropy from corr. pLogP method (ASN 69) : 5.4350
Side Chain Topographical Entropy from corr. pLogP method (ASN 70) : 14.3506
Side Chain Topographical Entropy from corr. pLogP method (TYR 71) : 7.9647
Side Chain Topographical Entropy from corr. pLogP method (ARG 72) : 11.5392
Side Chain Topographical Entropy from corr. pLogP method (ASN 73) : 0.1315
Side Chain Topographical Entropy from corr. pLogP method (ALA 74) : -0.0000
Side Chain Topographical Entropy from corr. pLogP method (HID 75) : 0.4125
Side Chain Topographical Entropy from corr. pLogP method (SER 76) : 5.9418
Side Chain Topographical Entropy from corr. pLogP method (ALA 77) : -0.0000
Side Chain Topographical Entropy from corr. pLogP method (THR 78) : -0.0000
Side Chain Topographical Entropy from corr. pLogP method (THR 79) : -0.0000
Side Chain Topographical Entropy from corr. pLogP method (TRP 80) : 1.5004
Side Chain Topographical Entropy from corr. pLogP method (SER 81) : 0.3050
Side Chain Topographical Entropy from corr. pLogP method (GLY 82) : -0.0000
Side Chain Topographical Entropy from corr. pLogP method (GLN 83) : 11.5468
Side Chain Topographical Entropy from corr. pLogP method (TYR 84) : -0.0000
Side Chain Topographical Entropy from corr. pLogP method (VAL 85) : 0.1200
Side Chain Topographical Entropy from corr. pLogP method (GLY 86) : -0.0000
Side Chain Topographical Entropy from corr. pLogP method (GLY 87) : -0.0000
Side Chain Topographical Entropy from corr. pLogP method (ALA 88) : -0.0000
Side Chain Topographical Entropy from corr. pLogP method (GLU 89) : 21.5399
Side Chain Topographical Entropy from corr. pLogP method (ALA 90) : -0.0000
Side Chain Topographical Entropy from corr. pLogP method (ARG 91) : 3.5081
Side Chain Topographical Entropy from corr. pLogP method (ILE 92) : 0.3816
Side Chain Topographical Entropy from corr. pLogP method (ASN 93) : 2.7347
Side Chain Topographical Entropy from corr. pLogP method (THR 94) : 0.0657
Side Chain Topographical Entropy from corr. pLogP method (GLN 95) : 10.0544
Side Chain Topographical Entropy from corr. pLogP method (TRP 96) : 1.2337
Side Chain Topographical Entropy from corr. pLogP method (LEU 97) : 5.2056
Side Chain Topographical Entropy from corr. pLogP method (LEU 98) : 1.2146
Side Chain Topographical Entropy from corr. pLogP method (THR 99) : -0.0000
Side Chain Topographical Entropy from corr. pLogP method (SER 100) : 7.2025
Side Chain Topographical Entropy from corr. pLogP method (GLY 101) : -0.0000
Side Chain Topographical Entropy from corr. pLogP method (THR 102) : 4.6199
Side Chain Topographical Entropy from corr. pLogP method (THR 103) : 7.9069
Side Chain Topographical Entropy from corr. pLogP method (GLU 104) : 20.0199
Side Chain Topographical Entropy from corr. pLogP method (ALA 105) : -0.0000
Side Chain Topographical Entropy from corr. pLogP method (ASN 106) : 5.9028
Side Chain Topographical Entropy from corr. pLogP method (ALA 107) : -0.0000
Side Chain Topographical Entropy from corr. pLogP method (TRP 108) : 5.5784
Side Chain Topographical Entropy from corr. pLogP method (LYS 109) : 18.5759
Side Chain Topographical Entropy from corr. pLogP method (SER 110) : 4.8562
Side Chain Topographical Entropy from corr. pLogP method (THR 111) : 0.1698
Side Chain Topographical Entropy from corr. pLogP method (LEU 112) : 5.9255
Side Chain Topographical Entropy from corr. pLogP method (VAL 113) : -0.0000
Side Chain Topographical Entropy from corr. pLogP method (GLY 114) : -0.0000
Side Chain Topographical Entropy from corr. pLogP method (HID 115) : -0.0000
Side Chain Topographical Entropy from corr. pLogP method (ASP 116) : 7.4943
Side Chain Topographical Entropy from corr. pLogP method (THR 117) : 0.0657
Side Chain Topographical Entropy from corr. pLogP method (PHE 118) : 0.0657
Side Chain Topographical Entropy from corr. pLogP method (THR 119) : 5.6089
Side Chain Topographical Entropy from corr. pLogP method (LYS 120) : 11.3075
Side Chain Topographical Entropy from corr. pLogP method (VAL 121) : -0.0000
Side Chain Topographical Entropy from corr. pLogP method (LYS 122) : 22.6216
Side Chain Topographical Entropy from corr. pLogP method (PRO 123) : 15.2817
Side Chain Topographical Entropy from corr. pLogP method (SER 124) : 5.5915
Side Chain Topographical Entropy from corr. pLogP method (ALA 125) : -0.0000
Side Chain Topographical Entropy from corr. pLogP method (ALA 126) : -0.0000
Side Chain Topographical Entropy from corr. pLogP method (CSER 127) : 4.2768
____________________________________________________________
Total SC Topog. Entropy (corr. pLogP)    :         536.610
------------------------------------------------------------
____________________________________________________________
Total BB Topog. Entropy (corr. pLogP)    :          21.743
------------------------------------------------------------
____________________________________________________________
Total Entropy                            :         558.354
------------------------------------------------------------
------------------------------------------------------------
Topographical entropy of residue side chains 
computed using all the dihedrals with correlation/pLogp formalism
------------------------------------------------------------
Side Chain Topographical Entropy from corr. pLogP method (NALA 1) : -0.0000
Side Chain Topographical Entropy from corr. pLogP method (GLU 2) : 13.8557
Side Chain Topographical Entropy from corr. pLogP method (ALA 3) : -0.0000
Side Chain Topographical Entropy from corr. pLogP method (GLY 4) : -0.0000
Side Chain Topographical Entropy from corr. pLogP method (ILE 5) : 1.0069
Side Chain Topographical Entropy from corr. pLogP method (THR 6) : 2.6477
Side Chain Topographical Entropy from corr. pLogP method (GLY 7) : -0.0000
Side Chain Topographical Entropy from corr. pLogP method (THR 8) : 0.1200
Side Chain Topographical Entropy from corr. pLogP method (TRP 9) : -0.0000
Side Chain Topographical Entropy from corr. pLogP method (TYR 10) : 5.7071
Side Chain Topographical Entropy from corr. pLogP method (ALA 11) : -0.0000
Side Chain Topographical Entropy from corr. pLogP method (GLN 12) : 20.5768
Side Chain Topographical Entropy from corr. pLogP method (LEU 13) : 5.9510
Side Chain Topographical Entropy from corr. pLogP method (GLY 14) : -0.0000
Side Chain Topographical Entropy from corr. pLogP method (SER 15) : 2.2807
Side Chain Topographical Entropy from corr. pLogP method (THR 16) : 1.2058
Side Chain Topographical Entropy from corr. pLogP method (PHE 17) : 8.7319
Side Chain Topographical Entropy from corr. pLogP method (ILE 18) : 7.6776
Side Chain Topographical Entropy from corr. pLogP method (VAL 19) : 6.6156
Side Chain Topographical Entropy from corr. pLogP method (THR 20) : 7.7603
Side Chain Topographical Entropy from corr. pLogP method (ALA 21) : -0.0000
Side Chain Topographical Entropy from corr. pLogP method (GLY 22) : -0.0000
Side Chain Topographical Entropy from corr. pLogP method (ALA 23) : -0.0000
Side Chain Topographical Entropy from corr. pLogP method (ASP 24) : 16.9605
Side Chain Topographical Entropy from corr. pLogP method (GLY 25) : -0.0000
Side Chain Topographical Entropy from corr. pLogP method (ALA 26) : -0.0000
Side Chain Topographical Entropy from corr. pLogP method (LEU 27) : 9.0465
Side Chain Topographical Entropy from corr. pLogP method (THR 28) : 8.3274
Side Chain Topographical Entropy from corr. pLogP method (GLY 29) : -0.0000
Side Chain Topographical Entropy from corr. pLogP method (THR 30) : -0.0000
Side Chain Topographical Entropy from corr. pLogP method (TYR 31) : 8.7007
Side Chain Topographical Entropy from corr. pLogP method (GLU 32) : 8.3712
Side Chain Topographical Entropy from corr. pLogP method (SER 33) : 8.2943
Side Chain Topographical Entropy from corr. pLogP method (ALA 34) : -0.0000
Side Chain Topographical Entropy from corr. pLogP method (VAL 35) : 3.9174
Side Chain Topographical Entropy from corr. pLogP method (GLY 36) : -0.0000
Side Chain Topographical Entropy from corr. pLogP method (ASN 37) : 9.9582
Side Chain Topographical Entropy from corr. pLogP method (ALA 38) : -0.0000
Side Chain Topographical Entropy from corr. pLogP method (GLU 39) : 18.7778
Side Chain Topographical Entropy from corr. pLogP method (SER 40) : 4.6578
Side Chain Topographical Entropy from corr. pLogP method (ARG 41) : 0.5889
Side Chain Topographical Entropy from corr. pLogP method (TYR 42) : -0.0000
Side Chain Topographical Entropy from corr. pLogP method (VAL 43) : 0.1200
Side Chain Topographical Entropy from corr. pLogP method (LEU 44) : 0.1698
Side Chain Topographical Entropy from corr. pLogP method (THR 45) : 1.9751
Side Chain Topographical Entropy from corr. pLogP method (GLY 46) : -0.0000
Side Chain Topographical Entropy from corr. pLogP method (ARG 47) : 0.1200
Side Chain Topographical Entropy from corr. pLogP method (TYR 48) : 4.3648
Side Chain Topographical Entropy from corr. pLogP method (ASP 49) : 1.9099
Side Chain Topographical Entropy from corr. pLogP method (SER 50) : 0.3816
Side Chain Topographical Entropy from corr. pLogP method (ALA 51) : -0.0000
Side Chain Topographical Entropy from corr. pLogP method (PRO 52) : 12.5835
Side Chain Topographical Entropy from corr. pLogP method (ALA 53) : -0.0000
Side Chain Topographical Entropy from corr. pLogP method (THR 54) : 1.1776
Side Chain Topographical Entropy from corr. pLogP method (ASP 55) : 11.9113
Side Chain Topographical Entropy from corr. pLogP method (GLY 56) : -0.0000
Side Chain Topographical Entropy from corr. pLogP method (SER 57) : 7.1665
Side Chain Topographical Entropy from corr. pLogP method (GLY 58) : -0.0000
Side Chain Topographical Entropy from corr. pLogP method (THR 59) : -0.0000
Side Chain Topographical Entropy from corr. pLogP method (ALA 60) : -0.0000
Side Chain Topographical Entropy from corr. pLogP method (LEU 61) : -0.0000
Side Chain Topographical Entropy from corr. pLogP method (GLY 62) : -0.0000
Side Chain Topographical Entropy from corr. pLogP method (TRP 63) : -0.0000
Side Chain Topographical Entropy from corr. pLogP method (THR 64) : 5.6667
Side Chain Topographical Entropy from corr. pLogP method (VAL 65) : -0.0000
Side Chain Topographical Entropy from corr. pLogP method (ALA 66) : -0.0000
Side Chain Topographical Entropy from corr. pLogP method (TRP 67) : -0.0000
Side Chain Topographical Entropy from corr. pLogP method (LYS 68) : 14.1351
Side Chain Topographical Entropy from corr. pLogP method (ASN 69) : 5.6891
Side Chain Topographical Entropy from corr. pLogP method (ASN 70) : 13.0396
Side Chain Topographical Entropy from corr. pLogP method (TYR 71) : 4.5235
Side Chain Topographical Entropy from corr. pLogP method (ARG 72) : 8.0898
Side Chain Topographical Entropy from corr. pLogP method (ASN 73) : 0.0657
Side Chain Topographical Entropy from corr. pLogP method (ALA 74) : -0.0000
Side Chain Topographical Entropy from corr. pLogP method (HID 75) : 0.2168
Side Chain Topographical Entropy from corr. pLogP method (SER 76) : 1.3808
Side Chain Topographical Entropy from corr. pLogP method (ALA 77) : -0.0000
Side Chain Topographical Entropy from corr. pLogP method (THR 78) : 0.0657
Side Chain Topographical Entropy from corr. pLogP method (THR 79) : -0.0000
Side Chain Topographical Entropy from corr. pLogP method (TRP 80) : 1.9997
Side Chain Topographical Entropy from corr. pLogP method (SER 81) : 0.1200
Side Chain Topographical Entropy from corr. pLogP method (GLY 82) : -0.0000
Side Chain Topographical Entropy from corr. pLogP method (GLN 83) : 6.8888
Side Chain Topographical Entropy from corr. pLogP method (TYR 84) : -0.0000
Side Chain Topographical Entropy from corr. pLogP method (VAL 85) : 0.2825
Side Chain Topographical Entropy from corr. pLogP method (GLY 86) : -0.0000
Side Chain Topographical Entropy from corr. pLogP method (GLY 87) : -0.0000
Side Chain Topographical Entropy from corr. pLogP method (ALA 88) : -0.0000
Side Chain Topographical Entropy from corr. pLogP method (GLU 89) : 17.8873
Side Chain Topographical Entropy from corr. pLogP method (ALA 90) : -0.0000
Side Chain Topographical Entropy from corr. pLogP method (ARG 91) : 6.5309
Side Chain Topographical Entropy from corr. pLogP method (ILE 92) : 1.7138
Side Chain Topographical Entropy from corr. pLogP method (ASN 93) : 2.0156
Side Chain Topographical Entropy from corr. pLogP method (THR 94) : 0.0657
Side Chain Topographical Entropy from corr. pLogP method (GLN 95) : 3.8356
Side Chain Topographical Entropy from corr. pLogP method (TRP 96) : 0.3050
Side Chain Topographical Entropy from corr. pLogP method (LEU 97) : 6.4331
Side Chain Topographical Entropy from corr. pLogP method (LEU 98) : 1.4624
Side Chain Topographical Entropy from corr. pLogP method (THR 99) : -0.0000
Side Chain Topographical Entropy from corr. pLogP method (SER 100) : 7.7299
Side Chain Topographical Entropy from corr. pLogP method (GLY 101) : -0.0000
Side Chain Topographical Entropy from corr. pLogP method (THR 102) : 0.0657
Side Chain Topographical Entropy from corr. pLogP method (THR 103) : 7.3140
Side Chain Topographical Entropy from corr. pLogP method (GLU 104) : 22.4465
Side Chain Topographical Entropy from corr. pLogP method (ALA 105) : -0.0000
Side Chain Topographical Entropy from corr. pLogP method (ASN 106) : 4.5160
Side Chain Topographical Entropy from corr. pLogP method (ALA 107) : -0.0000
Side Chain Topographical Entropy from corr. pLogP method (TRP 108) : 5.7482
Side Chain Topographical Entropy from corr. pLogP method (LYS 109) : 12.7882
Side Chain Topographical Entropy from corr. pLogP method (SER 110) : -0.0000
Side Chain Topographical Entropy from corr. pLogP method (THR 111) : 0.0657
Side Chain Topographical Entropy from corr. pLogP method (LEU 112) : 1.6968
Side Chain Topographical Entropy from corr. pLogP method (VAL 113) : -0.0000
Side Chain Topographical Entropy from corr. pLogP method (GLY 114) : -0.0000
Side Chain Topographical Entropy from corr. pLogP method (HID 115) : 7.4143
Side Chain Topographical Entropy from corr. pLogP method (ASP 116) : 11.0538
Side Chain Topographical Entropy from corr. pLogP method (THR 117) : 0.0657
Side Chain Topographical Entropy from corr. pLogP method (PHE 118) : -0.0000
Side Chain Topographical Entropy from corr. pLogP method (THR 119) : -0.0000
Side Chain Topographical Entropy from corr. pLogP method (LYS 120) : 8.1028
Side Chain Topographical Entropy from corr. pLogP method (VAL 121) : 1.8178
Side Chain Topographical Entropy from corr. pLogP method (LYS 122) : 24.3110
Side Chain Topographical Entropy from corr. pLogP method (PRO 123) : 13.8263
Side Chain Topographical Entropy from corr. pLogP method (SER 124) : 5.3144
Side Chain Topographical Entropy from corr. pLogP method (ALA 125) : -0.0000
Side Chain Topographical Entropy from corr. pLogP method (ALA 126) : -0.0000
Side Chain Topographical Entropy from corr. pLogP method (CSER 127) : 3.9720
____________________________________________________________
Total SC Topog. Entropy (corr. pLogP)    :         464.280
------------------------------------------------------------
____________________________________________________________
Total BB Topog. Entropy (corr. pLogP)    :          22.179
------------------------------------------------------------
____________________________________________________________
Total Entropy                            :         486.459
------------------------------------------------------------
