8.915   
22.081   
5.990   
2.827   
27.617   
20.485   
2.756   
20.654   
55.084   
45.648   
7.376   
26.170   
23.975   
2.649   
11.970   
19.790   
36.594   
24.978   
20.610   
20.451   
7.322   
2.455   
7.169   
18.780   
2.835   
7.618   
28.245   
19.711   
2.752   
20.831   
45.442   
24.931   
11.596   
6.571   
16.135   
2.353   
18.820   
6.010   
24.622   
11.499   
39.496   
45.077   
19.518   
27.459   
21.102   
2.895   
49.763   
47.816   
25.741   
12.649   
7.397   
14.190   
6.927   
18.982   
21.259   
2.895   
12.719   
2.634   
20.696   
7.519   
25.739   
2.876   
55.916   
20.875   
20.607   
7.421   
54.635   
30.462   
21.962   
20.975   
40.861   
40.492   
25.186   
6.931   
32.366   
13.133   
7.272   
20.727   
20.151   
55.307   
12.661   
2.918   
32.435   
45.761   
20.251   
2.455   
2.712   
7.219   
26.242   
7.433   
46.823   
26.470   
23.929   
21.322   
32.259   
55.164   
27.101   
28.193   
20.982   
12.614   
2.556   
18.516   
19.681   
25.226   
7.237   
22.253   
6.930   
51.721   
31.207   
12.720   
21.050   
26.234   
20.619   
2.900   
30.198   
24.118   
20.388   
36.687   
19.071   
30.054   
17.213   
28.218   
12.567   
9.738   
5.360   
5.253   
14.085   
9.325   
23.433   
6.485   
2.933   
25.016   
20.521   
2.802   
20.102   
52.209   
44.898   
6.601   
26.828   
23.874   
2.673   
11.723   
19.813   
32.958   
25.158   
19.148   
18.709   
7.012   
2.676   
6.918   
18.588   
2.817   
7.531   
25.519   
18.507   
2.552   
20.311   
43.963   
25.063   
11.774   
6.295   
16.859   
2.341   
18.927   
6.182   
23.641   
11.482   
42.268   
43.190   
19.508   
26.508   
20.440   
2.864   
45.033   
44.801   
24.776   
12.171   
6.939   
13.650   
7.354   
17.891   
20.610   
2.873   
12.190   
2.421   
19.873   
7.275   
24.424   
2.766   
52.077   
20.216   
19.470   
7.910   
53.022   
28.916   
21.679   
20.423   
38.010   
38.784   
23.400   
7.053   
30.834   
12.844   
7.210   
20.694   
21.306   
52.643   
12.394   
2.903   
29.274   
44.390   
19.083   
2.670   
2.543   
6.802   
25.576   
6.726   
40.609   
26.112   
22.878   
20.445   
31.430   
54.582   
26.736   
27.584   
20.187   
12.335   
2.435   
19.849   
20.096   
24.859   
6.571   
22.354   
6.663   
50.206   
28.955   
12.632   
20.455   
26.214   
20.314   
2.694   
29.750   
20.768   
20.729   
35.132   
19.679   
29.792   
18.705   
27.994   
12.107   
10.495   
5.425   
5.192   
13.833   
9.005   
23.868   
6.093   
2.802   
25.257   
19.803   
2.651   
19.744   
48.827   
40.732   
6.672   
25.820   
22.328   
2.429   
10.526   
19.686   
33.029   
24.249   
19.476   
18.973   
6.911   
2.430   
6.343   
18.754   
2.733   
6.885   
26.303   
18.407   
2.843   
18.162   
41.493   
24.093   
11.302   
6.552   
17.330   
2.269   
20.706   
6.583   
24.336   
11.851   
40.060   
41.692   
18.916   
24.678   
19.030   
2.841   
44.774   
41.846   
22.791   
11.485   
6.253   
12.549   
6.405   
17.780   
17.614   
2.777   
11.797   
2.425   
19.998   
7.049   
23.821   
2.914   
50.025   
19.766   
17.877   
7.005   
48.277   
29.373   
22.419   
20.748   
37.918   
41.420   
23.255   
6.680   
28.434   
12.076   
6.902   
20.096   
19.607   
49.959   
12.176   
2.639   
31.942   
42.268   
18.196   
2.376   
2.483   
6.590   
24.890   
6.745   
43.065   
25.767   
22.172   
20.303   
30.413   
51.152   
25.037   
25.760   
20.547   
11.825   
2.419   
18.208   
20.113   
24.933   
6.516   
21.660   
6.897   
47.992   
29.932   
12.490   
19.764   
24.899   
18.712   
2.788   
29.292   
21.465   
19.734   
34.391   
18.879   
28.835   
17.130   
27.007   
11.987   
10.190   
5.307   
5.097   
13.909   
9.276   
23.239   
6.283   
2.770   
24.897   
19.272   
2.646   
19.137   
44.727   
39.530   
6.160   
25.425   
23.531   
2.649   
10.656   
18.521   
30.504   
24.299   
18.136   
19.036   
6.945   
2.276   
5.824   
18.511   
2.494   
7.093   
24.997   
19.156   
2.609   
17.533   
38.349   
23.230   
10.695   
5.653   
16.844   
2.329   
18.368   
5.517   
23.549   
10.450   
38.671   
39.597   
18.697   
24.365   
19.029   
2.651   
41.070   
39.091   
22.387   
12.142   
6.878   
12.267   
6.826   
17.999   
19.340   
2.717   
12.039   
2.699   
18.282   
6.654   
24.407   
2.350   
45.196   
19.595   
18.594   
6.622   
45.155   
28.678   
22.583   
19.820   
37.037   
40.049   
22.565   
6.914   
26.700   
11.803   
6.218   
18.701   
19.164   
45.538   
11.833   
2.797   
28.815   
39.721   
17.349   
2.255   
2.254   
5.877   
22.981   
6.347   
42.197   
25.089   
21.373   
18.359   
30.388   
47.466   
24.902   
24.550   
20.233   
11.273   
2.772   
18.133   
20.296   
23.860   
6.695   
22.064   
6.633   
44.016   
29.110   
11.379   
18.726   
24.862   
18.313   
2.651   
28.024   
19.925   
18.544   
31.214   
18.359   
27.286   
16.640   
26.467   
11.393   
9.969   
5.592   
4.856   
14.163   
8.950   
23.254   
6.563   
2.453   
23.734   
18.821   
2.616   
19.701   
46.157   
39.569   
6.045   
25.519   
22.882   
2.569   
11.378   
18.733   
31.659   
24.287   
19.214   
18.753   
6.556   
2.198   
6.451   
18.176   
2.706   
7.252   
24.916   
18.542   
2.520   
18.096   
40.120   
24.162   
10.607   
5.685   
16.237   
2.357   
19.409   
5.713   
23.093   
10.137   
36.408   
37.815   
18.294   
24.753   
19.327   
2.560   
44.446   
39.813   
21.849   
11.944   
6.184   
11.581   
6.135   
16.957   
19.242   
2.618   
10.917   
2.406   
19.543   
6.753   
24.123   
2.598   
45.345   
19.039   
18.551   
7.145   
44.277   
26.828   
20.852   
19.860   
35.582   
36.841   
19.455   
6.443   
25.461   
11.415   
6.513   
19.120   
19.251   
46.558   
11.611   
2.509   
27.733   
39.813   
17.977   
2.348   
2.511   
5.957   
23.588   
6.587   
39.639   
24.725   
20.953   
19.223   
27.854   
46.407   
23.586   
24.515   
18.993   
11.188   
2.409   
18.910   
19.059   
23.902   
6.329   
21.761   
6.487   
44.552   
27.510   
12.101   
19.052   
24.134   
17.465   
2.545   
28.233   
21.417   
19.077   
32.515   
18.497   
28.203   
16.650   
26.223   
11.864   
10.469   
5.410   
5.276   
14.025   
