------------------------------------------------------------
Topographical entropy of residue side chains 
computed using all the dihedrals with correlation/pLogp formalism
------------------------------------------------------------
Side Chain Topographical Entropy from corr. pLogP method (NALA 1) : -0.0000
Side Chain Topographical Entropy from corr. pLogP method (GLU 2) : 22.6613
Side Chain Topographical Entropy from corr. pLogP method (ALA 3) : -0.0000
Side Chain Topographical Entropy from corr. pLogP method (GLY 4) : -0.0000
Side Chain Topographical Entropy from corr. pLogP method (ILE 5) : 0.3367
Side Chain Topographical Entropy from corr. pLogP method (THR 6) : -0.0000
Side Chain Topographical Entropy from corr. pLogP method (GLY 7) : -0.0000
Side Chain Topographical Entropy from corr. pLogP method (THR 8) : 0.0657
Side Chain Topographical Entropy from corr. pLogP method (TRP 9) : -0.0000
Side Chain Topographical Entropy from corr. pLogP method (TYR 10) : 5.5373
Side Chain Topographical Entropy from corr. pLogP method (ALA 11) : -0.0000
Side Chain Topographical Entropy from corr. pLogP method (GLN 12) : 18.7860
Side Chain Topographical Entropy from corr. pLogP method (LEU 13) : 8.8961
Side Chain Topographical Entropy from corr. pLogP method (GLY 14) : -0.0000
Side Chain Topographical Entropy from corr. pLogP method (SER 15) : 7.1524
Side Chain Topographical Entropy from corr. pLogP method (THR 16) : 1.2889
Side Chain Topographical Entropy from corr. pLogP method (PHE 17) : 0.3050
Side Chain Topographical Entropy from corr. pLogP method (ILE 18) : 7.8635
Side Chain Topographical Entropy from corr. pLogP method (VAL 19) : 1.4488
Side Chain Topographical Entropy from corr. pLogP method (THR 20) : 7.7875
Side Chain Topographical Entropy from corr. pLogP method (ALA 21) : -0.0000
Side Chain Topographical Entropy from corr. pLogP method (GLY 22) : -0.0000
Side Chain Topographical Entropy from corr. pLogP method (ALA 23) : -0.0000
Side Chain Topographical Entropy from corr. pLogP method (ASP 24) : 15.5209
Side Chain Topographical Entropy from corr. pLogP method (GLY 25) : -0.0000
Side Chain Topographical Entropy from corr. pLogP method (ALA 26) : -0.0000
Side Chain Topographical Entropy from corr. pLogP method (LEU 27) : 0.0657
Side Chain Topographical Entropy from corr. pLogP method (THR 28) : 5.1995
Side Chain Topographical Entropy from corr. pLogP method (GLY 29) : -0.0000
Side Chain Topographical Entropy from corr. pLogP method (THR 30) : 5.5565
Side Chain Topographical Entropy from corr. pLogP method (TYR 31) : 6.0297
Side Chain Topographical Entropy from corr. pLogP method (GLU 32) : 14.4150
Side Chain Topographical Entropy from corr. pLogP method (SER 33) : 5.5385
Side Chain Topographical Entropy from corr. pLogP method (ALA 34) : -0.0000
Side Chain Topographical Entropy from corr. pLogP method (VAL 35) : 6.4803
Side Chain Topographical Entropy from corr. pLogP method (GLY 36) : -0.0000
Side Chain Topographical Entropy from corr. pLogP method (ASN 37) : 10.9593
Side Chain Topographical Entropy from corr. pLogP method (ALA 38) : -0.0000
Side Chain Topographical Entropy from corr. pLogP method (GLU 39) : 16.0783
Side Chain Topographical Entropy from corr. pLogP method (SER 40) : 6.7204
Side Chain Topographical Entropy from corr. pLogP method (ARG 41) : 8.9451
Side Chain Topographical Entropy from corr. pLogP method (TYR 42) : 0.1315
Side Chain Topographical Entropy from corr. pLogP method (VAL 43) : 1.7232
Side Chain Topographical Entropy from corr. pLogP method (LEU 44) : 4.0972
Side Chain Topographical Entropy from corr. pLogP method (THR 45) : 7.8911
Side Chain Topographical Entropy from corr. pLogP method (GLY 46) : -0.0000
Side Chain Topographical Entropy from corr. pLogP method (ARG 47) : 0.1200
Side Chain Topographical Entropy from corr. pLogP method (TYR 48) : 4.1780
Side Chain Topographical Entropy from corr. pLogP method (ASP 49) : 5.7618
Side Chain Topographical Entropy from corr. pLogP method (SER 50) : 4.1093
Side Chain Topographical Entropy from corr. pLogP method (ALA 51) : -0.0000
Side Chain Topographical Entropy from corr. pLogP method (PRO 52) : 12.9025
Side Chain Topographical Entropy from corr. pLogP method (ALA 53) : -0.0000
Side Chain Topographical Entropy from corr. pLogP method (THR 54) : 3.3671
Side Chain Topographical Entropy from corr. pLogP method (ASP 55) : 14.9759
Side Chain Topographical Entropy from corr. pLogP method (GLY 56) : -0.0000
Side Chain Topographical Entropy from corr. pLogP method (SER 57) : 6.8340
Side Chain Topographical Entropy from corr. pLogP method (GLY 58) : -0.0000
Side Chain Topographical Entropy from corr. pLogP method (THR 59) : -0.0000
Side Chain Topographical Entropy from corr. pLogP method (ALA 60) : -0.0000
Side Chain Topographical Entropy from corr. pLogP method (LEU 61) : 6.3908
Side Chain Topographical Entropy from corr. pLogP method (GLY 62) : -0.0000
Side Chain Topographical Entropy from corr. pLogP method (TRP 63) : -0.0000
Side Chain Topographical Entropy from corr. pLogP method (THR 64) : -0.0000
Side Chain Topographical Entropy from corr. pLogP method (VAL 65) : 3.0007
Side Chain Topographical Entropy from corr. pLogP method (ALA 66) : -0.0000
Side Chain Topographical Entropy from corr. pLogP method (TRP 67) : -0.0000
Side Chain Topographical Entropy from corr. pLogP method (LYS 68) : 11.5229
Side Chain Topographical Entropy from corr. pLogP method (ASN 69) : 5.4504
Side Chain Topographical Entropy from corr. pLogP method (ASN 70) : 15.3479
Side Chain Topographical Entropy from corr. pLogP method (TYR 71) : 7.2347
Side Chain Topographical Entropy from corr. pLogP method (ARG 72) : 8.2267
Side Chain Topographical Entropy from corr. pLogP method (ASN 73) : 2.7311
Side Chain Topographical Entropy from corr. pLogP method (ALA 74) : -0.0000
Side Chain Topographical Entropy from corr. pLogP method (HID 75) : 0.4125
Side Chain Topographical Entropy from corr. pLogP method (SER 76) : 0.1698
Side Chain Topographical Entropy from corr. pLogP method (ALA 77) : -0.0000
Side Chain Topographical Entropy from corr. pLogP method (THR 78) : -0.0000
Side Chain Topographical Entropy from corr. pLogP method (THR 79) : -0.0000
Side Chain Topographical Entropy from corr. pLogP method (TRP 80) : 1.6260
Side Chain Topographical Entropy from corr. pLogP method (SER 81) : 0.1698
Side Chain Topographical Entropy from corr. pLogP method (GLY 82) : -0.0000
Side Chain Topographical Entropy from corr. pLogP method (GLN 83) : 4.6795
Side Chain Topographical Entropy from corr. pLogP method (TYR 84) : -0.0000
Side Chain Topographical Entropy from corr. pLogP method (VAL 85) : 0.5768
Side Chain Topographical Entropy from corr. pLogP method (GLY 86) : -0.0000
Side Chain Topographical Entropy from corr. pLogP method (GLY 87) : -0.0000
Side Chain Topographical Entropy from corr. pLogP method (ALA 88) : -0.0000
Side Chain Topographical Entropy from corr. pLogP method (GLU 89) : 18.5257
Side Chain Topographical Entropy from corr. pLogP method (ALA 90) : -0.0000
Side Chain Topographical Entropy from corr. pLogP method (ARG 91) : 8.1235
Side Chain Topographical Entropy from corr. pLogP method (ILE 92) : 0.1200
Side Chain Topographical Entropy from corr. pLogP method (ASN 93) : 2.5490
Side Chain Topographical Entropy from corr. pLogP method (THR 94) : 0.3050
Side Chain Topographical Entropy from corr. pLogP method (GLN 95) : 2.0746
Side Chain Topographical Entropy from corr. pLogP method (TRP 96) : 1.5004
Side Chain Topographical Entropy from corr. pLogP method (LEU 97) : 1.4185
Side Chain Topographical Entropy from corr. pLogP method (LEU 98) : 0.1698
Side Chain Topographical Entropy from corr. pLogP method (THR 99) : -0.0000
Side Chain Topographical Entropy from corr. pLogP method (SER 100) : 4.6386
Side Chain Topographical Entropy from corr. pLogP method (GLY 101) : -0.0000
Side Chain Topographical Entropy from corr. pLogP method (THR 102) : 5.4920
Side Chain Topographical Entropy from corr. pLogP method (THR 103) : -0.0000
Side Chain Topographical Entropy from corr. pLogP method (GLU 104) : 21.0557
Side Chain Topographical Entropy from corr. pLogP method (ALA 105) : -0.0000
Side Chain Topographical Entropy from corr. pLogP method (ASN 106) : 3.5458
Side Chain Topographical Entropy from corr. pLogP method (ALA 107) : -0.0000
Side Chain Topographical Entropy from corr. pLogP method (TRP 108) : 5.6991
Side Chain Topographical Entropy from corr. pLogP method (LYS 109) : 8.4394
Side Chain Topographical Entropy from corr. pLogP method (SER 110) : 0.0657
Side Chain Topographical Entropy from corr. pLogP method (THR 111) : 0.1698
Side Chain Topographical Entropy from corr. pLogP method (LEU 112) : 3.6189
Side Chain Topographical Entropy from corr. pLogP method (VAL 113) : -0.0000
Side Chain Topographical Entropy from corr. pLogP method (GLY 114) : -0.0000
Side Chain Topographical Entropy from corr. pLogP method (HID 115) : -0.0000
Side Chain Topographical Entropy from corr. pLogP method (ASP 116) : 6.8964
Side Chain Topographical Entropy from corr. pLogP method (THR 117) : 0.1200
Side Chain Topographical Entropy from corr. pLogP method (PHE 118) : -0.0000
Side Chain Topographical Entropy from corr. pLogP method (THR 119) : 4.5871
Side Chain Topographical Entropy from corr. pLogP method (LYS 120) : 13.9330
Side Chain Topographical Entropy from corr. pLogP method (VAL 121) : 7.1036
Side Chain Topographical Entropy from corr. pLogP method (LYS 122) : 19.3523
Side Chain Topographical Entropy from corr. pLogP method (PRO 123) : 15.0066
Side Chain Topographical Entropy from corr. pLogP method (SER 124) : 7.0929
Side Chain Topographical Entropy from corr. pLogP method (ALA 125) : -0.0000
Side Chain Topographical Entropy from corr. pLogP method (ALA 126) : -0.0000
Side Chain Topographical Entropy from corr. pLogP method (CSER 127) : 3.8554
____________________________________________________________
Total SC Topog. Entropy (corr. pLogP)    :         482.729
------------------------------------------------------------
____________________________________________________________
Total BB Topog. Entropy (corr. pLogP)    :          18.306
------------------------------------------------------------
____________________________________________________________
Total Entropy                            :         501.035
------------------------------------------------------------
