------------------------------------------------------------
            Hierarchy level. --> United Atom <--            
------------------------------------------------------------
      RESNAME   RESID  FF_ENTROPY  TT_ENTROPY
UATOM NALA          1       9.457      38.362
UATOM GLU           2      25.149      22.529
UATOM ALA           3       7.036      24.970
UATOM GLY           4       3.054      14.031
UATOM ILE           5      27.052      54.703
UATOM THR           6      21.615      34.985
UATOM GLY           7       2.687      13.566
UATOM THR           8      21.415      34.182
UATOM TRP           9      54.995      42.565
UATOM TYR          10      46.035      37.083
UATOM ALA          11       7.274      24.502
UATOM GLN          12      26.499      32.843
UATOM LEU          13      23.664      52.098
UATOM GLY          14       2.849      12.198
UATOM SER          15      12.421      22.054
UATOM THR          16      20.613      36.587
UATOM PHE          17      37.920      36.582
UATOM ILE          18      25.790      53.439
UATOM VAL          19      20.402      43.745
UATOM THR          20      21.283      35.375
UATOM ALA          21       7.645      27.038
UATOM GLY          22       2.508      13.122
UATOM ALA          23       6.897      26.645
UATOM ASP          24      18.381      14.390
UATOM GLY          25       3.014      13.602
UATOM ALA          26       7.399      25.583
UATOM LEU          27      27.769      52.424
UATOM THR          28      20.205      35.600
UATOM GLY          29       2.688      13.382
UATOM THR          30      20.985      35.406
UATOM TYR          31      46.725      38.328
UATOM GLU          32      27.999      22.751
UATOM SER          33      12.628      21.470
UATOM ALA          34       6.719      26.381
UATOM VAL          35      19.064      42.553
UATOM GLY          36       2.243      13.559
UATOM ASN          37      20.422      26.392
UATOM ALA          38       6.612      24.579
UATOM GLU          39      25.566      21.938
UATOM SER          40      11.596      20.347
UATOM ARG          41      45.427      56.792
UATOM TYR          42      45.558      39.065
UATOM VAL          43      19.631      44.999
UATOM LEU          44      25.082      52.490
UATOM THR          45      20.372      35.385
UATOM GLY          46       2.688      13.932
UATOM ARG          47      50.181      59.757
UATOM TYR          48      47.415      39.939
UATOM ASP          49      25.457      16.381
UATOM SER          50      12.586      22.338
UATOM ALA          51       7.318      24.355
UATOM PRO          52      14.234      27.006
UATOM ALA          53       7.193      26.267
UATOM THR          54      19.542      35.461
UATOM ASP          55      21.342      15.022
UATOM GLY          56       2.938      13.101
UATOM SER          57      12.541      21.000
UATOM GLY          58       2.655      13.427
UATOM THR          59      20.617      34.263
UATOM ALA          60       7.375      26.674
UATOM LEU          61      25.583      51.360
UATOM GLY          62       2.912      14.170
UATOM TRP          63      54.219      42.868
UATOM THR          64      21.746      35.615
UATOM VAL          65      20.430      43.266
UATOM ALA          66       7.653      26.561
UATOM TRP          67      54.878      41.932
UATOM LYS          68      30.714      52.529
UATOM ASN          69      21.219      27.384
UATOM ASN          70      20.961      27.780
UATOM TYR          71      36.215      36.938
UATOM ARG          72      38.823      55.715
UATOM ASN          73      24.947      26.703
UATOM ALA          74       7.352      25.713
UATOM HID          75      32.332      31.252
UATOM SER          76      11.749      21.778
UATOM ALA          77       7.381      26.211
UATOM THR          78      21.980      35.630
UATOM THR          79      21.944      36.556
UATOM TRP          80      55.293      43.274
UATOM SER          81      12.288      22.730
UATOM GLY          82       2.863      13.709
UATOM GLN          83      31.747      35.198
UATOM TYR          84      46.869      39.042
UATOM VAL          85      19.502      43.437
UATOM GLY          86       2.453      13.249
UATOM GLY          87       2.430      13.076
UATOM ALA          88       6.766      25.911
UATOM GLU          89      23.667      22.036
UATOM ALA          90       7.404      26.204
UATOM ARG          91      41.370      53.385
UATOM ILE          92      26.699      51.639
UATOM ASN          93      22.312      26.124
UATOM THR          94      19.790      34.906
UATOM GLN          95      28.549      35.544
UATOM TRP          96      55.649      43.132
UATOM LEU          97      28.127      52.256
UATOM LEU          98      27.407      52.154
UATOM THR          99      21.298      37.996
UATOM SER         100      12.189      21.795
UATOM GLY         101       2.600      13.845
UATOM THR         102      20.276      36.429
UATOM THR         103      20.442      36.910
UATOM GLU         104      26.207      23.320
UATOM ALA         105       7.188      25.456
UATOM ASN         106      23.790      27.784
UATOM ALA         107       7.349      26.763
UATOM TRP         108      52.503      41.155
UATOM LYS         109      31.722      53.875
UATOM SER         110      13.189      24.569
UATOM THR         111      20.952      36.633
UATOM LEU         112      27.084      51.260
UATOM VAL         113      19.233      42.649
UATOM GLY         114       2.648      13.679
UATOM HID         115      32.213      31.147
UATOM ASP         116      23.513      16.196
UATOM THR         117      20.620      34.653
UATOM PHE         118      36.468      37.645
UATOM THR         119      20.038      33.729
UATOM LYS         120      29.708      53.726
UATOM VAL         121      17.653      45.273
UATOM LYS         122      28.793      53.983
UATOM PRO         123      12.665      26.832
UATOM SER         124      10.568      20.411
UATOM ALA         125       5.659      23.910
UATOM ALA         126       5.191      24.801
UATOM CSER        127      13.982      20.046
____________________________________________________________
Total Entropy FF (UA level) :        2614.389 J/mol/K
Total Entropy TT (UA level) :        4042.977 J/mol/K
------------------------------------------------------------
____________________________________________________________
Total Entropy                            :        6657.366
------------------------------------------------------------
