------------------------------------------------------------
Topographical entropy of residue side chains 
computed using all the dihedrals with correlation/pLogp formalism
------------------------------------------------------------
Side Chain Topographical Entropy from corr. pLogP method (NALA 1) : -0.0000
Side Chain Topographical Entropy from corr. pLogP method (GLU 2) : 22.6273
Side Chain Topographical Entropy from corr. pLogP method (ALA 3) : -0.0000
Side Chain Topographical Entropy from corr. pLogP method (GLY 4) : -0.0000
Side Chain Topographical Entropy from corr. pLogP method (ILE 5) : 2.5204
Side Chain Topographical Entropy from corr. pLogP method (THR 6) : -0.0000
Side Chain Topographical Entropy from corr. pLogP method (GLY 7) : -0.0000
Side Chain Topographical Entropy from corr. pLogP method (THR 8) : 0.4656
Side Chain Topographical Entropy from corr. pLogP method (TRP 9) : -0.0000
Side Chain Topographical Entropy from corr. pLogP method (TYR 10) : 5.4705
Side Chain Topographical Entropy from corr. pLogP method (ALA 11) : -0.0000
Side Chain Topographical Entropy from corr. pLogP method (GLN 12) : 21.4184
Side Chain Topographical Entropy from corr. pLogP method (LEU 13) : 6.4131
Side Chain Topographical Entropy from corr. pLogP method (GLY 14) : -0.0000
Side Chain Topographical Entropy from corr. pLogP method (SER 15) : 6.4232
Side Chain Topographical Entropy from corr. pLogP method (THR 16) : 3.5001
Side Chain Topographical Entropy from corr. pLogP method (PHE 17) : 0.2168
Side Chain Topographical Entropy from corr. pLogP method (ILE 18) : 5.2639
Side Chain Topographical Entropy from corr. pLogP method (VAL 19) : 0.5034
Side Chain Topographical Entropy from corr. pLogP method (THR 20) : 2.2975
Side Chain Topographical Entropy from corr. pLogP method (ALA 21) : -0.0000
Side Chain Topographical Entropy from corr. pLogP method (GLY 22) : -0.0000
Side Chain Topographical Entropy from corr. pLogP method (ALA 23) : -0.0000
Side Chain Topographical Entropy from corr. pLogP method (ASP 24) : 13.5729
Side Chain Topographical Entropy from corr. pLogP method (GLY 25) : -0.0000
Side Chain Topographical Entropy from corr. pLogP method (ALA 26) : -0.0000
Side Chain Topographical Entropy from corr. pLogP method (LEU 27) : -0.0000
Side Chain Topographical Entropy from corr. pLogP method (THR 28) : 1.7944
Side Chain Topographical Entropy from corr. pLogP method (GLY 29) : -0.0000
Side Chain Topographical Entropy from corr. pLogP method (THR 30) : 5.4069
Side Chain Topographical Entropy from corr. pLogP method (TYR 31) : 3.8338
Side Chain Topographical Entropy from corr. pLogP method (GLU 32) : 16.3906
Side Chain Topographical Entropy from corr. pLogP method (SER 33) : 6.6826
Side Chain Topographical Entropy from corr. pLogP method (ALA 34) : -0.0000
Side Chain Topographical Entropy from corr. pLogP method (VAL 35) : 8.8037
Side Chain Topographical Entropy from corr. pLogP method (GLY 36) : -0.0000
Side Chain Topographical Entropy from corr. pLogP method (ASN 37) : 12.5397
Side Chain Topographical Entropy from corr. pLogP method (ALA 38) : -0.0000
Side Chain Topographical Entropy from corr. pLogP method (GLU 39) : 21.5411
Side Chain Topographical Entropy from corr. pLogP method (SER 40) : 0.8790
Side Chain Topographical Entropy from corr. pLogP method (ARG 41) : 16.7605
Side Chain Topographical Entropy from corr. pLogP method (TYR 42) : 0.5034
Side Chain Topographical Entropy from corr. pLogP method (VAL 43) : 0.2168
Side Chain Topographical Entropy from corr. pLogP method (LEU 44) : 2.1351
Side Chain Topographical Entropy from corr. pLogP method (THR 45) : 7.9781
Side Chain Topographical Entropy from corr. pLogP method (GLY 46) : -0.0000
Side Chain Topographical Entropy from corr. pLogP method (ARG 47) : 0.3050
Side Chain Topographical Entropy from corr. pLogP method (TYR 48) : 2.5992
Side Chain Topographical Entropy from corr. pLogP method (ASP 49) : 0.1200
Side Chain Topographical Entropy from corr. pLogP method (SER 50) : 0.3468
Side Chain Topographical Entropy from corr. pLogP method (ALA 51) : -0.0000
Side Chain Topographical Entropy from corr. pLogP method (PRO 52) : 10.5608
Side Chain Topographical Entropy from corr. pLogP method (ALA 53) : -0.0000
Side Chain Topographical Entropy from corr. pLogP method (THR 54) : 5.5048
Side Chain Topographical Entropy from corr. pLogP method (ASP 55) : 5.9610
Side Chain Topographical Entropy from corr. pLogP method (GLY 56) : -0.0000
Side Chain Topographical Entropy from corr. pLogP method (SER 57) : -0.0000
Side Chain Topographical Entropy from corr. pLogP method (GLY 58) : -0.0000
Side Chain Topographical Entropy from corr. pLogP method (THR 59) : -0.0000
Side Chain Topographical Entropy from corr. pLogP method (ALA 60) : -0.0000
Side Chain Topographical Entropy from corr. pLogP method (LEU 61) : 4.6001
Side Chain Topographical Entropy from corr. pLogP method (GLY 62) : -0.0000
Side Chain Topographical Entropy from corr. pLogP method (TRP 63) : -0.0000
Side Chain Topographical Entropy from corr. pLogP method (THR 64) : 0.6125
Side Chain Topographical Entropy from corr. pLogP method (VAL 65) : -0.0000
Side Chain Topographical Entropy from corr. pLogP method (ALA 66) : -0.0000
Side Chain Topographical Entropy from corr. pLogP method (TRP 67) : -0.0000
Side Chain Topographical Entropy from corr. pLogP method (LYS 68) : 9.1388
Side Chain Topographical Entropy from corr. pLogP method (ASN 69) : 5.1541
Side Chain Topographical Entropy from corr. pLogP method (ASN 70) : 13.5395
Side Chain Topographical Entropy from corr. pLogP method (TYR 71) : 4.5272
Side Chain Topographical Entropy from corr. pLogP method (ARG 72) : 16.4272
Side Chain Topographical Entropy from corr. pLogP method (ASN 73) : 0.2399
Side Chain Topographical Entropy from corr. pLogP method (ALA 74) : -0.0000
Side Chain Topographical Entropy from corr. pLogP method (HID 75) : 0.2617
Side Chain Topographical Entropy from corr. pLogP method (SER 76) : 4.3468
Side Chain Topographical Entropy from corr. pLogP method (ALA 77) : -0.0000
Side Chain Topographical Entropy from corr. pLogP method (THR 78) : 0.0657
Side Chain Topographical Entropy from corr. pLogP method (THR 79) : -0.0000
Side Chain Topographical Entropy from corr. pLogP method (TRP 80) : 2.1939
Side Chain Topographical Entropy from corr. pLogP method (SER 81) : 0.8790
Side Chain Topographical Entropy from corr. pLogP method (GLY 82) : -0.0000
Side Chain Topographical Entropy from corr. pLogP method (GLN 83) : 8.3149
Side Chain Topographical Entropy from corr. pLogP method (TYR 84) : -0.0000
Side Chain Topographical Entropy from corr. pLogP method (VAL 85) : 0.1698
Side Chain Topographical Entropy from corr. pLogP method (GLY 86) : -0.0000
Side Chain Topographical Entropy from corr. pLogP method (GLY 87) : -0.0000
Side Chain Topographical Entropy from corr. pLogP method (ALA 88) : -0.0000
Side Chain Topographical Entropy from corr. pLogP method (GLU 89) : 18.8594
Side Chain Topographical Entropy from corr. pLogP method (ALA 90) : -0.0000
Side Chain Topographical Entropy from corr. pLogP method (ARG 91) : 2.0263
Side Chain Topographical Entropy from corr. pLogP method (ILE 92) : 0.0657
Side Chain Topographical Entropy from corr. pLogP method (ASN 93) : 1.4511
Side Chain Topographical Entropy from corr. pLogP method (THR 94) : 2.0218
Side Chain Topographical Entropy from corr. pLogP method (GLN 95) : 7.6689
Side Chain Topographical Entropy from corr. pLogP method (TRP 96) : 0.9104
Side Chain Topographical Entropy from corr. pLogP method (LEU 97) : 2.9700
Side Chain Topographical Entropy from corr. pLogP method (LEU 98) : 3.8373
Side Chain Topographical Entropy from corr. pLogP method (THR 99) : -0.0000
Side Chain Topographical Entropy from corr. pLogP method (SER 100) : 7.9920
Side Chain Topographical Entropy from corr. pLogP method (GLY 101) : -0.0000
Side Chain Topographical Entropy from corr. pLogP method (THR 102) : 6.1337
Side Chain Topographical Entropy from corr. pLogP method (THR 103) : 2.7844
Side Chain Topographical Entropy from corr. pLogP method (GLU 104) : 21.9422
Side Chain Topographical Entropy from corr. pLogP method (ALA 105) : -0.0000
Side Chain Topographical Entropy from corr. pLogP method (ASN 106) : 8.6421
Side Chain Topographical Entropy from corr. pLogP method (ALA 107) : -0.0000
Side Chain Topographical Entropy from corr. pLogP method (TRP 108) : 5.6905
Side Chain Topographical Entropy from corr. pLogP method (LYS 109) : 8.9608
Side Chain Topographical Entropy from corr. pLogP method (SER 110) : 0.6125
Side Chain Topographical Entropy from corr. pLogP method (THR 111) : -0.0000
Side Chain Topographical Entropy from corr. pLogP method (LEU 112) : 4.8186
Side Chain Topographical Entropy from corr. pLogP method (VAL 113) : 0.2617
Side Chain Topographical Entropy from corr. pLogP method (GLY 114) : -0.0000
Side Chain Topographical Entropy from corr. pLogP method (HID 115) : 8.7702
Side Chain Topographical Entropy from corr. pLogP method (ASP 116) : 8.9366
Side Chain Topographical Entropy from corr. pLogP method (THR 117) : 0.0657
Side Chain Topographical Entropy from corr. pLogP method (PHE 118) : -0.0000
Side Chain Topographical Entropy from corr. pLogP method (THR 119) : 5.2307
Side Chain Topographical Entropy from corr. pLogP method (LYS 120) : 9.2071
Side Chain Topographical Entropy from corr. pLogP method (VAL 121) : 7.0833
Side Chain Topographical Entropy from corr. pLogP method (LYS 122) : 16.9451
Side Chain Topographical Entropy from corr. pLogP method (PRO 123) : 14.9528
Side Chain Topographical Entropy from corr. pLogP method (SER 124) : 8.6284
Side Chain Topographical Entropy from corr. pLogP method (ALA 125) : -0.0000
Side Chain Topographical Entropy from corr. pLogP method (ALA 126) : -0.0000
Side Chain Topographical Entropy from corr. pLogP method (CSER 127) : 3.7132
____________________________________________________________
Total SC Topog. Entropy (corr. pLogP)    :         483.210
------------------------------------------------------------
____________________________________________________________
Total BB Topog. Entropy (corr. pLogP)    :          14.754
------------------------------------------------------------
____________________________________________________________
Total Entropy                            :         497.965
------------------------------------------------------------
