0.1200
19.4382
-0.0000
-0.0000
0.6821
0.5768
-0.0000
0.2168
-0.0000
-0.0000
-0.0000
12.9061
7.9222
-0.0000
4.2961
4.6572
-0.0000
7.5646
0.0657
3.8045
-0.0000
-0.0000
-0.0000
12.7702
-0.0000
-0.0000
-0.0000
5.7729
-0.0000
1.6012
-0.0000
14.1272
5.4699
-0.0000
8.5095
-0.0000
9.9785
-0.0000
18.6816
8.2520
14.2643
-0.0000
3.3710
1.2337
0.1200
-0.0000
-0.0000
-0.0000
-0.0000
2.0329
-0.0000
3.8272
-0.0000
5.6307
5.6616
-0.0000
-0.0000
-0.0000
-0.0000
-0.0000
5.4910
-0.0000
-0.0000
-0.0000
-0.0000
-0.0000
-0.0000
11.6444
5.7316
7.9687
1.0023
15.6374
-0.0000
-0.0000
-0.0000
0.5768
-0.0000
-0.0000
-0.0000
-0.0000
-0.0000
-0.0000
3.9865
-0.0000
0.4927
-0.0000
-0.0000
-0.0000
16.2218
-0.0000
7.0426
-0.0000
0.8790
-0.0000
0.1698
-0.0000
-0.0000
-0.0000
-0.0000
6.5976
-0.0000
5.7181
5.2482
16.3997
-0.0000
0.3050
-0.0000
-0.0000
9.6948
-0.0000
-0.0000
5.8619
-0.0000
-0.0000
5.6453
3.2907
-0.0000
-0.0000
3.9940
10.2818
6.8795
17.2150
7.1409
7.8764
-0.0000
-0.0000
5.6706
0.5768
23.2443
-0.0000
-0.0000
6.2226
-0.0000
-0.0000
-0.0000
-0.0000
-0.0000
-0.0000
17.8606
8.6941
-0.0000
7.5394
2.8811
-0.0000
3.2179
5.0595
8.5613
-0.0000
-0.0000
-0.0000
15.3235
-0.0000
-0.0000
0.3468
9.0611
-0.0000
-0.0000
-0.0000
8.7480
8.5068
-0.0000
7.1472
-0.0000
9.1946
-0.0000
21.3527
4.9224
9.7135
-0.0000
-0.0000
2.2148
3.7115
-0.0000
4.1780
-0.0000
-0.0000
2.5496
-0.0000
3.1113
-0.0000
6.8022
8.6461
-0.0000
2.5804
-0.0000
-0.0000
-0.0000
7.4239
-0.0000
-0.0000
-0.0000
0.0657
-0.0000
-0.0000
11.3670
6.2500
7.2518
3.8004
13.1080
0.7495
-0.0000
-0.0000
1.6188
-0.0000
-0.0000
-0.0000
-0.0000
0.4656
-0.0000
5.4185
-0.0000
4.3614
-0.0000
-0.0000
-0.0000
18.5848
-0.0000
16.6814
0.0657
3.7103
-0.0000
1.8715
-0.0000
3.0996
0.9104
-0.0000
6.6809
-0.0000
-0.0000
-0.0000
22.7780
-0.0000
5.1212
-0.0000
-0.0000
15.4837
0.1200
-0.0000
2.7857
-0.0000
-0.0000
4.8960
5.5640
-0.0000
-0.0000
-0.0000
13.6264
4.2727
16.0743
6.0834
6.8481
-0.0000
-0.0000
6.4277
0.4270
23.6479
-0.0000
-0.0000
0.1200
-0.0000
-0.0000
-0.0000
-0.0000
-0.0000
-0.0000
16.5941
8.6986
-0.0000
7.1267
1.1491
-0.0000
8.9799
-0.0000
7.7839
-0.0000
-0.0000
-0.0000
12.3749
-0.0000
-0.0000
0.0657
5.2746
-0.0000
5.5749
-0.0000
16.4787
5.5912
-0.0000
6.4817
-0.0000
8.0397
-0.0000
16.9184
6.7398
6.4702
-0.0000
1.7471
4.1746
7.8501
-0.0000
-0.0000
-0.0000
-0.0000
4.0965
-0.0000
5.8998
-0.0000
3.3821
15.6515
-0.0000
6.8137
-0.0000
-0.0000
-0.0000
5.8286
-0.0000
-0.0000
-0.0000
3.0673
-0.0000
-0.0000
10.2096
0.0657
14.1538
3.1488
7.9131
-0.0000
-0.0000
-0.0000
-0.0000
-0.0000
-0.0000
-0.0000
-0.0000
-0.0000
-0.0000
4.2271
-0.0000
0.3874
-0.0000
-0.0000
-0.0000
17.3976
-0.0000
6.3229
0.2168
2.5122
0.3050
0.7004
-0.0000
1.2992
0.1698
-0.0000
4.6386
-0.0000
5.4920
-0.0000
23.1324
-0.0000
1.8908
-0.0000
-0.0000
8.6199
-0.0000
-0.0000
3.7017
-0.0000
-0.0000
-0.0000
6.4419
-0.0000
-0.0000
4.5334
13.5946
7.1036
19.1063
6.1437
7.0610
-0.0000
-0.0000
9.1470
-0.0000
24.4724
-0.0000
-0.0000
1.6666
-0.0000
-0.0000
-0.0000
-0.0000
-0.0000
-0.0000
21.6344
4.4862
-0.0000
5.7509
5.6247
-0.0000
7.3298
3.1488
-0.0000
-0.0000
-0.0000
-0.0000
6.0425
-0.0000
-0.0000
4.5242
5.9782
-0.0000
4.1023
-0.0000
15.3143
8.4535
-0.0000
6.8616
-0.0000
11.9831
-0.0000
14.5635
7.9372
11.6946
-0.0000
-0.0000
2.0656
4.9473
-0.0000
5.7940
-0.0000
-0.0000
0.0657
-0.0000
2.8401
-0.0000
4.7906
3.6967
-0.0000
-0.0000
-0.0000
-0.0000
-0.0000
3.9326
-0.0000
-0.0000
-0.0000
-0.0000
-0.0000
-0.0000
10.1684
-0.0000
13.3543
3.6906
14.5827
-0.0000
-0.0000
-0.0000
0.4335
-0.0000
-0.0000
-0.0000
-0.0000
0.0657
-0.0000
4.9649
-0.0000
1.9746
-0.0000
-0.0000
-0.0000
21.0492
-0.0000
6.0980
0.1698
9.2424
-0.0000
0.3012
-0.0000
-0.0000
0.0657
-0.0000
4.7991
-0.0000
3.4564
-0.0000
24.8447
-0.0000
1.6579
-0.0000
-0.0000
7.6520
-0.0000
-0.0000
1.0289
-0.0000
-0.0000
-0.0000
7.0462
5.7294
-0.0000
3.9194
12.2886
7.2542
18.7174
6.8630
7.7629
-0.0000
-0.0000
5.2388
1.3161
20.2664
-0.0000
-0.0000
2.3214
-0.0000
-0.0000
1.7944
-0.0000
-0.0000
-0.0000
12.0834
9.0219
-0.0000
5.5962
1.3059
-0.0000
3.2734
-0.0000
5.3075
-0.0000
-0.0000
-0.0000
11.3107
-0.0000
-0.0000
1.1687
4.7013
-0.0000
6.4171
-0.0000
8.4856
4.7997
-0.0000
7.8749
-0.0000
9.7704
-0.0000
9.9641
8.6423
11.1388
-0.0000
0.6125
0.8118
-0.0000
-0.0000
-0.0000
-0.0000
-0.0000
0.0657
-0.0000
5.2570
-0.0000
4.9688
3.8297
-0.0000
5.6790
-0.0000
0.2617
-0.0000
1.7087
-0.0000
-0.0000
-0.0000
0.0657
-0.0000
-0.0000
19.7363
-0.0000
12.2877
10.6829
20.3390
9.5244
-0.0000
-0.0000
2.2216
-0.0000
-0.0000
0.2617
-0.0000
0.3274
-0.0000
9.2972
-0.0000
1.3431
-0.0000
-0.0000
-0.0000
16.6529
-0.0000
14.8999
-0.0000
5.8214
-0.0000
4.3212
-0.0000
4.5574
1.7645
-0.0000
8.2404
-0.0000
-0.0000
-0.0000
24.5829
-0.0000
2.3178
-0.0000
-0.0000
15.0214
-0.0000
-0.0000
4.3156
3.8572
-0.0000
-0.0000
5.2966
-0.0000
-0.0000
4.4227
12.8042
6.4379
16.0673
5.7611
7.6280
-0.0000
-0.0000
6.8056
