------------------------------------------------------------
          Hierarchy level. --> Whole molecule <--           
------------------------------------------------------------
Total number of beads at the whole molecule level = 1
FF Entropy (Whole mol level)             : 67.8727 J/mol/K
TT Entropy (Whole mol level)             : 63.6859 J/mol/K
____________________________________________________________
Total Entropy                            :         131.559
------------------------------------------------------------
------------------------------------------------------------
          Hierarchy level. --> Whole molecule <--           
------------------------------------------------------------
Total number of beads at the whole molecule level = 1
FF Entropy (Whole mol level)             : 67.0545 J/mol/K
TT Entropy (Whole mol level)             : 63.2845 J/mol/K
____________________________________________________________
Total Entropy                            :         130.339
------------------------------------------------------------
------------------------------------------------------------
          Hierarchy level. --> Whole molecule <--           
------------------------------------------------------------
Total number of beads at the whole molecule level = 1
FF Entropy (Whole mol level)             : 67.1119 J/mol/K
TT Entropy (Whole mol level)             : 62.7659 J/mol/K
____________________________________________________________
Total Entropy                            :         129.878
------------------------------------------------------------
------------------------------------------------------------
          Hierarchy level. --> Whole molecule <--           
------------------------------------------------------------
Total number of beads at the whole molecule level = 1
FF Entropy (Whole mol level)             : 67.9386 J/mol/K
TT Entropy (Whole mol level)             : 63.1572 J/mol/K
____________________________________________________________
Total Entropy                            :         131.096
------------------------------------------------------------
------------------------------------------------------------
          Hierarchy level. --> Whole molecule <--           
------------------------------------------------------------
Total number of beads at the whole molecule level = 1
FF Entropy (Whole mol level)             : 67.9047 J/mol/K
TT Entropy (Whole mol level)             : 62.7719 J/mol/K
____________________________________________________________
Total Entropy                            :         130.677
------------------------------------------------------------
