UATOM NALA          1       8.915      38.080
UATOM GLU           2      22.081      22.023
UATOM ALA           3       5.990      25.631
UATOM GLY           4       2.827      12.837
UATOM ILE           5      27.617      53.312
UATOM THR           6      20.485      33.868
UATOM GLY           7       2.756      13.496
UATOM THR           8      20.654      34.541
UATOM TRP           9      55.084      42.880
UATOM TYR          10      45.648      36.742
UATOM ALA          11       7.376      25.776
UATOM GLN          12      26.170      32.595
UATOM LEU          13      23.975      51.512
UATOM GLY          14       2.649      11.941
UATOM SER          15      11.970      22.146
UATOM THR          16      19.790      34.088
UATOM PHE          17      36.594      36.692
UATOM ILE          18      24.978      51.895
UATOM VAL          19      20.610      43.172
UATOM THR          20      20.451      35.187
UATOM ALA          21       7.322      26.755
UATOM GLY          22       2.455      13.671
UATOM ALA          23       7.169      26.861
UATOM ASP          24      18.780      14.961
UATOM GLY          25       2.835      13.452
UATOM ALA          26       7.618      25.613
UATOM LEU          27      28.245      52.198
UATOM THR          28      19.711      34.932
UATOM GLY          29       2.752      13.858
UATOM THR          30      20.831      35.723
UATOM TYR          31      45.442      39.022
UATOM GLU          32      24.931      22.859
UATOM SER          33      11.596      20.351
UATOM ALA          34       6.571      25.062
UATOM VAL          35      16.135      43.484
UATOM GLY          36       2.353      13.106
UATOM ASN          37      18.820      25.158
UATOM ALA          38       6.010      24.608
UATOM GLU          39      24.622      22.496
UATOM SER          40      11.499      21.071
UATOM ARG          41      39.496      54.630
UATOM TYR          42      45.077      40.562
UATOM VAL          43      19.518      45.532
UATOM LEU          44      27.459      51.051
UATOM THR          45      21.102      35.849
UATOM GLY          46       2.895      13.501
UATOM ARG          47      49.763      59.640
UATOM TYR          48      47.816      38.813
UATOM ASP          49      25.741      16.134
UATOM SER          50      12.649      23.355
UATOM ALA          51       7.397      25.190
UATOM PRO          52      14.190      27.438
UATOM ALA          53       6.927      27.025
UATOM THR          54      18.982      36.077
UATOM ASP          55      21.259      15.127
UATOM GLY          56       2.895      13.878
UATOM SER          57      12.719      19.995
UATOM GLY          58       2.634      12.962
UATOM THR          59      20.696      35.338
UATOM ALA          60       7.519      25.388
UATOM LEU          61      25.739      53.037
UATOM GLY          62       2.876      13.672
UATOM TRP          63      55.916      41.619
UATOM THR          64      20.875      33.755
UATOM VAL          65      20.607      42.843
UATOM ALA          66       7.421      26.118
UATOM TRP          67      54.635      42.760
UATOM LYS          68      30.462      53.614
UATOM ASN          69      21.962      26.249
UATOM ASN          70      20.975      27.124
UATOM TYR          71      40.861      36.870
UATOM ARG          72      40.492      55.729
UATOM ASN          73      25.186      26.871
UATOM ALA          74       6.931      25.372
UATOM HID          75      32.366      30.290
UATOM SER          76      13.133      23.738
UATOM ALA          77       7.272      24.883
UATOM THR          78      20.727      35.861
UATOM THR          79      20.151      34.573
UATOM TRP          80      55.307      42.948
UATOM SER          81      12.661      22.289
UATOM GLY          82       2.918      13.763
UATOM GLN          83      32.435      33.862
UATOM TYR          84      45.761      38.007
UATOM VAL          85      20.251      43.738
UATOM GLY          86       2.455      12.687
UATOM GLY          87       2.712      13.878
UATOM ALA          88       7.219      26.657
UATOM GLU          89      26.242      23.113
UATOM ALA          90       7.433      26.116
UATOM ARG          91      46.823      56.354
UATOM ILE          92      26.470      51.364
UATOM ASN          93      23.929      27.640
UATOM THR          94      21.322      35.119
UATOM GLN          95      32.259      34.978
UATOM TRP          96      55.164      41.659
UATOM LEU          97      27.101      51.311
UATOM LEU          98      28.193      53.727
UATOM THR          99      20.982      35.369
UATOM SER         100      12.614      21.863
UATOM GLY         101       2.556      13.786
UATOM THR         102      18.516      33.800
UATOM THR         103      19.681      36.183
UATOM GLU         104      25.226      23.785
UATOM ALA         105       7.237      25.772
UATOM ASN         106      22.253      27.501
UATOM ALA         107       6.930      26.884
UATOM TRP         108      51.721      40.932
UATOM LYS         109      31.207      54.169
UATOM SER         110      12.720      24.200
UATOM THR         111      21.050      36.255
UATOM LEU         112      26.234      52.027
UATOM VAL         113      20.619      42.704
UATOM GLY         114       2.900      13.965
UATOM HID         115      30.198      28.468
UATOM ASP         116      24.118      15.718
UATOM THR         117      20.388      34.787
UATOM PHE         118      36.687      37.373
UATOM THR         119      19.071      34.612
UATOM LYS         120      30.054      53.972
UATOM VAL         121      17.213      44.509
UATOM LYS         122      28.218      53.923
UATOM PRO         123      12.567      26.716
UATOM SER         124       9.738      20.400
UATOM ALA         125       5.360      24.509
UATOM ALA         126       5.253      24.222
UATOM CSER        127      14.085      19.944
UATOM NALA          1       9.325      38.338
UATOM GLU           2      23.433      20.861
UATOM ALA           3       6.485      24.413
UATOM GLY           4       2.933      13.097
UATOM ILE           5      25.016      51.094
UATOM THR           6      20.521      35.182
UATOM GLY           7       2.802      13.734
UATOM THR           8      20.102      35.581
UATOM TRP           9      52.209      41.660
UATOM TYR          10      44.898      38.112
UATOM ALA          11       6.601      25.184
UATOM GLN          12      26.828      32.964
UATOM LEU          13      23.874      50.925
UATOM GLY          14       2.673      12.846
UATOM SER          15      11.723      20.785
UATOM THR          16      19.813      35.119
UATOM PHE          17      32.958      35.957
UATOM ILE          18      25.158      52.412
UATOM VAL          19      19.148      43.154
UATOM THR          20      18.709      34.463
UATOM ALA          21       7.012      26.880
UATOM GLY          22       2.676      13.550
UATOM ALA          23       6.918      26.236
UATOM ASP          24      18.588      14.911
UATOM GLY          25       2.817      12.312
UATOM ALA          26       7.531      25.938
UATOM LEU          27      25.519      52.293
UATOM THR          28      18.507      34.430
UATOM GLY          29       2.552      13.404
UATOM THR          30      20.311      34.341
UATOM TYR          31      43.963      38.048
UATOM GLU          32      25.063      22.668
UATOM SER          33      11.774      21.280
UATOM ALA          34       6.295      23.692
UATOM VAL          35      16.859      43.966
UATOM GLY          36       2.341      11.715
UATOM ASN          37      18.927      25.348
UATOM ALA          38       6.182      24.412
UATOM GLU          39      23.641      22.293
UATOM SER          40      11.482      20.315
UATOM ARG          41      42.268      56.350
UATOM TYR          42      43.190      38.632
UATOM VAL          43      19.508      44.938
UATOM LEU          44      26.508      50.797
UATOM THR          45      20.440      35.425
UATOM GLY          46       2.864      13.093
UATOM ARG          47      45.033      58.024
UATOM TYR          48      44.801      39.121
UATOM ASP          49      24.776      15.676
UATOM SER          50      12.171      23.013
UATOM ALA          51       6.939      24.045
UATOM PRO          52      13.650      27.166
UATOM ALA          53       7.354      26.553
UATOM THR          54      17.891      33.945
UATOM ASP          55      20.610      15.377
UATOM GLY          56       2.873      13.267
UATOM SER          57      12.190      20.164
UATOM GLY          58       2.421      13.017
UATOM THR          59      19.873      33.137
UATOM ALA          60       7.275      25.599
UATOM LEU          61      24.424      51.809
UATOM GLY          62       2.766      13.195
UATOM TRP          63      52.077      41.851
UATOM THR          64      20.216      34.085
UATOM VAL          65      19.470      43.687
UATOM ALA          66       7.910      25.401
UATOM TRP          67      53.022      42.052
UATOM LYS          68      28.916      53.601
UATOM ASN          69      21.679      26.846
UATOM ASN          70      20.423      26.897
UATOM TYR          71      38.010      38.478
UATOM ARG          72      38.784      57.051
UATOM ASN          73      23.400      26.555
UATOM ALA          74       7.053      26.351
UATOM HID          75      30.834      30.103
UATOM SER          76      12.844      22.880
UATOM ALA          77       7.210      25.139
UATOM THR          78      20.694      34.467
UATOM THR          79      21.306      34.578
UATOM TRP          80      52.643      40.988
UATOM SER          81      12.394      20.366
UATOM GLY          82       2.903      13.362
UATOM GLN          83      29.274      33.864
UATOM TYR          84      44.390      37.916
UATOM VAL          85      19.083      43.058
UATOM GLY          86       2.670      11.742
UATOM GLY          87       2.543      13.338
UATOM ALA          88       6.802      25.911
UATOM GLU          89      25.576      21.868
UATOM ALA          90       6.726      24.159
UATOM ARG          91      40.609      55.675
UATOM ILE          92      26.112      51.014
UATOM ASN          93      22.878      25.849
UATOM THR          94      20.445      33.253
UATOM GLN          95      31.430      33.900
UATOM TRP          96      54.582      41.748
UATOM LEU          97      26.736      51.856
UATOM LEU          98      27.584      53.184
UATOM THR          99      20.187      35.505
UATOM SER         100      12.335      21.905
UATOM GLY         101       2.435      12.420
UATOM THR         102      19.849      35.864
UATOM THR         103      20.096      35.591
UATOM GLU         104      24.859      22.552
UATOM ALA         105       6.571      26.085
UATOM ASN         106      22.354      27.659
UATOM ALA         107       6.663      26.038
UATOM TRP         108      50.206      41.727
UATOM LYS         109      28.955      52.158
UATOM SER         110      12.632      21.580
UATOM THR         111      20.455      36.274
UATOM LEU         112      26.214      50.595
UATOM VAL         113      20.314      42.994
UATOM GLY         114       2.694      12.500
UATOM HID         115      29.750      27.823
UATOM ASP         116      20.768      14.456
UATOM THR         117      20.729      34.246
UATOM PHE         118      35.132      35.067
UATOM THR         119      19.679      34.129
UATOM LYS         120      29.792      53.166
UATOM VAL         121      18.705      45.109
UATOM LYS         122      27.994      53.696
UATOM PRO         123      12.107      26.401
UATOM SER         124      10.495      20.828
UATOM ALA         125       5.425      26.029
UATOM ALA         126       5.192      24.240
UATOM CSER        127      13.833      19.673
UATOM NALA          1       9.005      38.490
UATOM GLU           2      23.868      21.261
UATOM ALA           3       6.093      25.291
UATOM GLY           4       2.802      12.144
UATOM ILE           5      25.257      53.094
UATOM THR           6      19.803      35.644
UATOM GLY           7       2.651      11.520
UATOM THR           8      19.744      32.649
UATOM TRP           9      48.827      40.523
UATOM TYR          10      40.732      38.138
UATOM ALA          11       6.672      25.117
UATOM GLN          12      25.820      33.770
UATOM LEU          13      22.328      51.368
UATOM GLY          14       2.429      12.261
UATOM SER          15      10.526      20.875
UATOM THR          16      19.686      31.974
UATOM PHE          17      33.029      35.033
UATOM ILE          18      24.249      51.509
UATOM VAL          19      19.476      41.465
UATOM THR          20      18.973      32.267
UATOM ALA          21       6.911      24.909
UATOM GLY          22       2.430      12.233
UATOM ALA          23       6.343      25.564
UATOM ASP          24      18.754      15.122
UATOM GLY          25       2.733      12.302
UATOM ALA          26       6.885      24.208
UATOM LEU          27      26.303      51.250
UATOM THR          28      18.407      33.982
UATOM GLY          29       2.843      11.334
UATOM THR          30      18.162      32.385
UATOM TYR          31      41.493      38.188
UATOM GLU          32      24.093      21.864
UATOM SER          33      11.302      21.170
UATOM ALA          34       6.552      25.282
UATOM VAL          35      17.330      43.877
UATOM GLY          36       2.269      11.911
UATOM ASN          37      20.706      25.670
UATOM ALA          38       6.583      25.703
UATOM GLU          39      24.336      21.647
UATOM SER          40      11.851      20.755
UATOM ARG          41      40.060      56.422
UATOM TYR          42      41.692      36.989
UATOM VAL          43      18.916      43.219
UATOM LEU          44      24.678      51.011
UATOM THR          45      19.030      33.317
UATOM GLY          46       2.841      12.551
UATOM ARG          47      44.774      58.537
UATOM TYR          48      41.846      37.462
UATOM ASP          49      22.791      15.676
UATOM SER          50      11.485      20.958
UATOM ALA          51       6.253      24.552
UATOM PRO          52      12.549      26.455
UATOM ALA          53       6.405      24.575
UATOM THR          54      17.780      33.259
UATOM ASP          55      17.614      14.925
UATOM GLY          56       2.777      12.310
UATOM SER          57      11.797      21.447
UATOM GLY          58       2.425      12.943
UATOM THR          59      19.998      34.940
UATOM ALA          60       7.049      27.261
UATOM LEU          61      23.821      50.340
UATOM GLY          62       2.914      12.295
UATOM TRP          63      50.025      41.145
UATOM THR          64      19.766      32.349
UATOM VAL          65      17.877      43.322
UATOM ALA          66       7.005      24.829
UATOM TRP          67      48.277      40.231
UATOM LYS          68      29.373      53.131
UATOM ASN          69      22.419      26.511
UATOM ASN          70      20.748      24.776
UATOM TYR          71      37.918      37.329
UATOM ARG          72      41.420      58.371
UATOM ASN          73      23.255      25.149
UATOM ALA          74       6.680      26.453
UATOM HID          75      28.434      28.426
UATOM SER          76      12.076      21.991
UATOM ALA          77       6.902      24.056
UATOM THR          78      20.096      32.870
UATOM THR          79      19.607      33.942
UATOM TRP          80      49.959      40.516
UATOM SER          81      12.176      21.532
UATOM GLY          82       2.639      12.562
UATOM GLN          83      31.942      34.962
UATOM TYR          84      42.268      40.177
UATOM VAL          85      18.196      44.484
UATOM GLY          86       2.376      13.020
UATOM GLY          87       2.483      12.450
UATOM ALA          88       6.590      25.868
UATOM GLU          89      24.890      22.665
UATOM ALA          90       6.745      24.704
UATOM ARG          91      43.065      56.770
UATOM ILE          92      25.767      51.795
UATOM ASN          93      22.172      28.053
UATOM THR          94      20.303      32.748
UATOM GLN          95      30.413      36.206
UATOM TRP          96      51.152      39.125
UATOM LEU          97      25.037      51.093
UATOM LEU          98      25.760      51.550
UATOM THR          99      20.547      34.237
UATOM SER         100      11.825      20.862
UATOM GLY         101       2.419      12.518
UATOM THR         102      18.208      34.477
UATOM THR         103      20.113      36.236
UATOM GLU         104      24.933      22.031
UATOM ALA         105       6.516      24.800
UATOM ASN         106      21.660      26.726
UATOM ALA         107       6.897      25.405
UATOM TRP         108      47.992      40.795
UATOM LYS         109      29.932      52.482
UATOM SER         110      12.490      22.064
UATOM THR         111      19.764      35.381
UATOM LEU         112      24.899      50.582
UATOM VAL         113      18.712      42.747
UATOM GLY         114       2.788      13.175
UATOM HID         115      29.292      28.262
UATOM ASP         116      21.465      15.710
UATOM THR         117      19.734      35.182
UATOM PHE         118      34.391      36.481
UATOM THR         119      18.879      34.682
UATOM LYS         120      28.835      53.338
UATOM VAL         121      17.130      43.883
UATOM LYS         122      27.007      52.342
UATOM PRO         123      11.987      26.681
UATOM SER         124      10.190      20.572
UATOM ALA         125       5.307      24.884
UATOM ALA         126       5.097      24.141
UATOM CSER        127      13.909      19.735
UATOM NALA          1       9.276      38.954
UATOM GLU           2      23.239      21.457
UATOM ALA           3       6.283      25.488
UATOM GLY           4       2.770      12.245
UATOM ILE           5      24.897      53.777
UATOM THR           6      19.272      36.128
UATOM GLY           7       2.646      12.501
UATOM THR           8      19.137      32.932
UATOM TRP           9      44.727      41.089
UATOM TYR          10      39.530      37.273
UATOM ALA          11       6.160      24.604
UATOM GLN          12      25.425      32.946
UATOM LEU          13      23.531      51.861
UATOM GLY          14       2.649      11.091
UATOM SER          15      10.656      19.824
UATOM THR          16      18.521      33.616
UATOM PHE          17      30.504      35.509
UATOM ILE          18      24.299      52.465
UATOM VAL          19      18.136      43.170
UATOM THR          20      19.036      35.040
UATOM ALA          21       6.945      26.232
UATOM GLY          22       2.276      12.050
UATOM ALA          23       5.824      25.818
UATOM ASP          24      18.511      15.308
UATOM GLY          25       2.494      11.602
UATOM ALA          26       7.093      24.703
UATOM LEU          27      24.997      51.680
UATOM THR          28      19.156      33.668
UATOM GLY          29       2.609      12.261
UATOM THR          30      17.533      33.226
UATOM TYR          31      38.349      38.503
UATOM GLU          32      23.230      21.260
UATOM SER          33      10.695      20.742
UATOM ALA          34       5.653      25.365
UATOM VAL          35      16.844      42.621
UATOM GLY          36       2.329      11.979
UATOM ASN          37      18.368      24.661
UATOM ALA          38       5.517      24.236
UATOM GLU          39      23.549      21.204
UATOM SER          40      10.450      19.797
UATOM ARG          41      38.671      54.892
UATOM TYR          42      39.597      38.503
UATOM VAL          43      18.697      43.587
UATOM LEU          44      24.365      49.350
UATOM THR          45      19.029      34.283
UATOM GLY          46       2.651      11.779
UATOM ARG          47      41.070      57.708
UATOM TYR          48      39.091      37.682
UATOM ASP          49      22.387      16.110
UATOM SER          50      12.142      21.725
UATOM ALA          51       6.878      23.233
UATOM PRO          52      12.267      25.799
UATOM ALA          53       6.826      25.489
UATOM THR          54      17.999      35.086
UATOM ASP          55      19.340      15.181
UATOM GLY          56       2.717      12.986
UATOM SER          57      12.039      21.401
UATOM GLY          58       2.699      12.788
UATOM THR          59      18.282      33.971
UATOM ALA          60       6.654      25.747
UATOM LEU          61      24.407      52.102
UATOM GLY          62       2.350      12.849
UATOM TRP          63      45.196      42.218
UATOM THR          64      19.595      33.618
UATOM VAL          65      18.594      43.436
UATOM ALA          66       6.622      25.612
UATOM TRP          67      45.155      37.910
UATOM LYS          68      28.678      53.164
UATOM ASN          69      22.583      27.616
UATOM ASN          70      19.820      26.225
UATOM TYR          71      37.037      38.316
UATOM ARG          72      40.049      58.185
UATOM ASN          73      22.565      27.167
UATOM ALA          74       6.914      24.447
UATOM HID          75      26.700      28.702
UATOM SER          76      11.803      21.331
UATOM ALA          77       6.218      23.893
UATOM THR          78      18.701      33.513
UATOM THR          79      19.164      33.990
UATOM TRP          80      45.538      41.737
UATOM SER          81      11.833      21.474
UATOM GLY          82       2.797      13.473
UATOM GLN          83      28.815      33.941
UATOM TYR          84      39.721      38.521
UATOM VAL          85      17.349      42.734
UATOM GLY          86       2.255      12.378
UATOM GLY          87       2.254      12.395
UATOM ALA          88       5.877      24.753
UATOM GLU          89      22.981      21.855
UATOM ALA          90       6.347      24.034
UATOM ARG          91      42.197      56.071
UATOM ILE          92      25.089      52.235
UATOM ASN          93      21.373      26.184
UATOM THR          94      18.359      35.691
UATOM GLN          95      30.388      35.551
UATOM TRP          96      47.466      41.757
UATOM LEU          97      24.902      51.327
UATOM LEU          98      24.550      52.077
UATOM THR          99      20.233      34.499
UATOM SER         100      11.273      20.411
UATOM GLY         101       2.772      13.167
UATOM THR         102      18.133      34.371
UATOM THR         103      20.296      35.975
UATOM GLU         104      23.860      21.893
UATOM ALA         105       6.695      24.878
UATOM ASN         106      22.064      26.788
UATOM ALA         107       6.633      25.690
UATOM TRP         108      44.016      41.164
UATOM LYS         109      29.110      53.271
UATOM SER         110      11.379      21.441
UATOM THR         111      18.726      34.546
UATOM LEU         112      24.862      50.930
UATOM VAL         113      18.313      43.264
UATOM GLY         114       2.651      13.419
UATOM HID         115      28.024      28.629
UATOM ASP         116      19.925      15.730
UATOM THR         117      18.544      35.212
UATOM PHE         118      31.214      35.700
UATOM THR         119      18.359      34.696
UATOM LYS         120      27.286      53.191
UATOM VAL         121      16.640      43.637
UATOM LYS         122      26.467      51.897
UATOM PRO         123      11.393      26.676
UATOM SER         124       9.969      20.491
UATOM ALA         125       5.592      25.094
UATOM ALA         126       4.856      24.836
UATOM CSER        127      14.163      19.593
UATOM NALA          1       8.950      37.545
UATOM GLU           2      23.254      21.490
UATOM ALA           3       6.563      24.715
UATOM GLY           4       2.453      13.153
UATOM ILE           5      23.734      50.984
UATOM THR           6      18.821      33.383
UATOM GLY           7       2.616      12.959
UATOM THR           8      19.701      33.676
UATOM TRP           9      46.157      39.587
UATOM TYR          10      39.569      37.592
UATOM ALA          11       6.045      25.416
UATOM GLN          12      25.519      32.851
UATOM LEU          13      22.882      50.974
UATOM GLY          14       2.569      11.789
UATOM SER          15      11.378      20.389
UATOM THR          16      18.733      35.653
UATOM PHE          17      31.659      35.668
UATOM ILE          18      24.287      51.025
UATOM VAL          19      19.214      42.792
UATOM THR          20      18.753      35.197
UATOM ALA          21       6.556      25.714
UATOM GLY          22       2.198      13.819
UATOM ALA          23       6.451      25.476
UATOM ASP          24      18.176      14.889
UATOM GLY          25       2.706      13.447
UATOM ALA          26       7.252      25.107
UATOM LEU          27      24.916      51.996
UATOM THR          28      18.542      34.142
UATOM GLY          29       2.520      12.847
UATOM THR          30      18.096      34.163
UATOM TYR          31      40.120      36.981
UATOM GLU          32      24.162      23.163
UATOM SER          33      10.607      20.922
UATOM ALA          34       5.685      24.826
UATOM VAL          35      16.237      43.741
UATOM GLY          36       2.357      11.362
UATOM ASN          37      19.409      25.488
UATOM ALA          38       5.713      24.417
UATOM GLU          39      23.093      21.628
UATOM SER          40      10.137      21.366
UATOM ARG          41      36.408      56.139
UATOM TYR          42      37.815      39.356
UATOM VAL          43      18.294      43.661
UATOM LEU          44      24.753      51.329
UATOM THR          45      19.327      34.667
UATOM GLY          46       2.560      13.579
UATOM ARG          47      44.446      57.362
UATOM TYR          48      39.813      38.515
UATOM ASP          49      21.849      15.368
UATOM SER          50      11.944      21.712
UATOM ALA          51       6.184      23.845
UATOM PRO          52      11.581      26.404
UATOM ALA          53       6.135      24.606
UATOM THR          54      16.957      34.356
UATOM ASP          55      19.242      14.353
UATOM GLY          56       2.618      13.029
UATOM SER          57      10.917      19.529
UATOM GLY          58       2.406      12.790
UATOM THR          59      19.543      32.886
UATOM ALA          60       6.753      25.074
UATOM LEU          61      24.123      50.801
UATOM GLY          62       2.598      12.779
UATOM TRP          63      45.345      39.415
UATOM THR          64      19.039      32.857
UATOM VAL          65      18.551      42.805
UATOM ALA          66       7.145      24.864
UATOM TRP          67      44.277      41.755
UATOM LYS          68      26.828      52.465
UATOM ASN          69      20.852      26.633
UATOM ASN          70      19.860      26.588
UATOM TYR          71      35.582      36.504
UATOM ARG          72      36.841      55.907
UATOM ASN          73      19.455      25.972
UATOM ALA          74       6.443      24.726
UATOM HID          75      25.461      27.660
UATOM SER          76      11.415      20.753
UATOM ALA          77       6.513      25.488
UATOM THR          78      19.120      34.789
UATOM THR          79      19.251      32.656
UATOM TRP          80      46.558      41.165
UATOM SER          81      11.611      21.034
UATOM GLY          82       2.509      12.388
UATOM GLN          83      27.733      32.694
UATOM TYR          84      39.813      36.404
UATOM VAL          85      17.977      42.166
UATOM GLY          86       2.348      11.823
UATOM GLY          87       2.511      12.264
UATOM ALA          88       5.957      25.015
UATOM GLU          89      23.588      21.117
UATOM ALA          90       6.587      25.435
UATOM ARG          91      39.639      53.775
UATOM ILE          92      24.725      51.180
UATOM ASN          93      20.953      25.723
UATOM THR          94      19.223      32.656
UATOM GLN          95      27.854      34.701
UATOM TRP          96      46.407      40.324
UATOM LEU          97      23.586      51.757
UATOM LEU          98      24.515      51.524
UATOM THR          99      18.993      35.335
UATOM SER         100      11.188      21.469
UATOM GLY         101       2.409      12.395
UATOM THR         102      18.910      34.737
UATOM THR         103      19.059      35.440
UATOM GLU         104      23.902      22.554
UATOM ALA         105       6.329      25.421
UATOM ASN         106      21.761      27.046
UATOM ALA         107       6.487      26.109
UATOM TRP         108      44.552      40.371
UATOM LYS         109      27.510      53.254
UATOM SER         110      12.101      22.433
UATOM THR         111      19.052      35.647
UATOM LEU         112      24.134      50.740
UATOM VAL         113      17.465      42.632
UATOM GLY         114       2.545      11.839
UATOM HID         115      28.233      29.524
UATOM ASP         116      21.417      14.274
UATOM THR         117      19.077      33.965
UATOM PHE         118      32.515      35.516
UATOM THR         119      18.497      33.096
UATOM LYS         120      28.203      53.033
UATOM VAL         121      16.650      44.372
UATOM LYS         122      26.223      53.510
UATOM PRO         123      11.864      26.127
UATOM SER         124      10.469      20.277
UATOM ALA         125       5.410      24.881
UATOM ALA         126       5.276      24.434
UATOM CSER        127      14.025      19.880
