38.362   
22.529   
24.970   
14.031   
54.703   
34.985   
13.566   
34.182   
42.565   
37.083   
24.502   
32.843   
52.098   
12.198   
22.054   
36.587   
36.582   
53.439   
43.745   
35.375   
27.038   
13.122   
26.645   
14.390   
13.602   
25.583   
52.424   
35.600   
13.382   
35.406   
38.328   
22.751   
21.470   
26.381   
42.553   
13.559   
26.392   
24.579   
21.938   
20.347   
56.792   
39.065   
44.999   
52.490   
35.385   
13.932   
59.757   
39.939   
16.381   
22.338   
24.355   
27.006   
26.267   
35.461   
15.022   
13.101   
21.000   
13.427   
34.263   
26.674   
51.360   
14.170   
42.868   
35.615   
43.266   
26.561   
41.932   
52.529   
27.384   
27.780   
36.938   
55.715   
26.703   
25.713   
31.252   
21.778   
26.211   
35.630   
36.556   
43.274   
22.730   
13.709   
35.198   
39.042   
43.437   
13.249   
13.076   
25.911   
22.036   
26.204   
53.385   
51.639   
26.124   
34.906   
35.544   
43.132   
52.256   
52.154   
37.996   
21.795   
13.845   
36.429   
36.910   
23.320   
25.456   
27.784   
26.763   
41.155   
53.875   
24.569   
36.633   
51.260   
42.649   
13.679   
31.147   
16.196   
34.653   
37.645   
33.729   
53.726   
45.273   
53.983   
26.832   
20.411   
23.910   
24.801   
20.046   
38.110   
21.671   
26.191   
13.633   
51.271   
34.764   
13.466   
34.296   
41.191   
39.943   
25.496   
32.602   
50.837   
12.117   
20.196   
35.654   
38.925   
51.960   
43.625   
36.369   
25.908   
13.330   
26.528   
15.038   
12.866   
26.008   
52.312   
34.999   
13.293   
33.767   
39.066   
23.285   
21.414   
23.772   
44.334   
12.556   
24.231   
26.004   
22.780   
21.080   
57.213   
38.912   
45.564   
52.160   
36.867   
13.453   
60.100   
39.201   
16.036   
22.076   
23.971   
26.600   
24.665   
33.615   
14.781   
13.198   
19.403   
12.713   
32.694   
25.384   
51.544   
12.611   
41.893   
33.845   
44.614   
27.169   
41.197   
52.937   
26.751   
26.438   
37.697   
56.145   
27.357   
26.162   
30.159   
21.199   
25.103   
35.002   
36.263   
41.252   
21.623   
12.768   
33.279   
37.664   
42.194   
12.017   
12.865   
26.344   
22.979   
25.273   
55.459   
50.642   
26.143   
33.072   
33.095   
41.859   
51.122   
52.031   
36.801   
22.068   
12.603   
34.042   
33.439   
23.473   
26.005   
27.563   
25.583   
41.920   
54.666   
21.702   
35.275   
51.624   
43.662   
12.261   
28.400   
13.751   
34.505   
35.781   
34.463   
53.806   
44.010   
53.629   
26.436   
21.213   
25.309   
23.442   
19.959   
37.945   
21.058   
24.693   
13.183   
52.622   
35.172   
11.212   
34.109   
40.189   
37.143   
25.346   
33.880   
51.213   
11.974   
19.679   
33.827   
35.421   
50.945   
41.681   
34.093   
25.372   
12.281   
25.185   
15.237   
12.465   
24.016   
51.544   
32.395   
11.806   
33.941   
37.410   
22.342   
19.815   
25.543   
43.489   
11.375   
25.426   
24.766   
21.758   
21.059   
54.194   
36.081   
43.789   
51.363   
34.134   
13.249   
56.897   
36.410   
15.540   
20.578   
22.657   
27.049   
25.124   
35.197   
15.150   
12.843   
20.448   
13.099   
34.056   
26.451   
50.057   
12.784   
41.687   
32.086   
42.991   
25.405   
39.783   
51.959   
26.663   
25.263   
36.028   
55.364   
26.077   
24.148   
28.647   
21.039   
24.542   
32.867   
35.613   
39.966   
21.172   
12.695   
34.413   
38.025   
44.090   
13.336   
13.112   
25.782   
22.413   
24.810   
57.639   
51.274   
26.560   
34.589   
34.636   
38.677   
50.004   
50.958   
34.037   
21.676   
12.803   
34.978   
35.808   
22.525   
25.824   
26.076   
24.752   
39.769   
52.478   
21.839   
35.207   
49.448   
42.544   
13.185   
28.767   
15.651   
34.669   
36.550   
35.830   
53.209   
44.258   
52.323   
26.622   
21.274   
24.351   
24.582   
20.176   
38.694   
21.748   
24.517   
12.921   
51.778   
33.683   
12.128   
33.675   
37.584   
37.352   
24.814   
34.198   
51.117   
12.490   
21.271   
36.165   
35.229   
50.548   
41.586   
34.406   
26.639   
13.123   
25.218   
15.193   
12.655   
24.379   
51.016   
33.821   
11.771   
32.406   
37.515   
23.051   
21.895   
24.369   
42.441   
13.102   
25.530   
24.914   
22.021   
20.923   
54.319   
37.261   
44.642   
52.417   
34.660   
12.838   
59.415   
36.566   
14.296   
20.936   
22.714   
26.720   
25.200   
34.780   
15.549   
12.071   
18.873   
13.177   
34.697   
24.895   
49.965   
11.352   
39.436   
32.407   
44.277   
25.001   
42.113   
52.715   
25.865   
25.664   
35.761   
55.758   
25.090   
25.110   
27.946   
22.333   
25.719   
33.580   
35.010   
39.185   
19.602   
11.440   
32.324   
36.950   
43.136   
12.520   
11.514   
26.069   
22.669   
24.834   
56.510   
50.695   
25.880   
32.894   
34.783   
38.345   
50.470   
51.076   
34.479   
20.567   
12.909   
34.330   
35.399   
23.214   
25.994   
26.689   
24.710   
39.950   
53.083   
21.071   
35.497   
50.942   
40.862   
11.281   
27.897   
14.777   
34.208   
35.745   
33.883   
54.644   
44.925   
52.191   
26.095   
21.283   
24.499   
24.462   
19.599   
37.676   
21.115   
25.051   
12.559   
52.001   
33.126   
13.187   
34.527   
40.599   
37.487   
24.836   
32.612   
50.399   
11.413   
21.089   
35.199   
35.773   
53.043   
43.550   
34.532   
26.848   
12.686   
25.822   
14.448   
12.730   
25.077   
52.363   
34.883   
13.203   
34.723   
36.675   
22.583   
21.148   
24.497   
43.701   
12.147   
25.234   
24.134   
22.351   
19.716   
56.987   
36.995   
44.635   
52.027   
34.304   
13.467   
56.695   
37.997   
15.541   
21.912   
24.918   
26.695   
25.515   
34.382   
14.635   
12.126   
20.060   
12.754   
32.624   
25.127   
51.535   
12.260   
40.410   
35.363   
44.793   
26.038   
39.377   
53.021   
26.200   
27.266   
35.900   
53.966   
25.145   
25.626   
28.901   
22.012   
23.357   
34.056   
34.426   
39.903   
22.751   
12.775   
32.490   
36.308   
42.386   
11.847   
12.358   
25.947   
21.297   
25.111   
54.397   
50.909   
25.992   
32.423   
32.390   
40.513   
51.283   
51.363   
35.088   
21.447   
12.415   
35.821   
35.061   
23.156   
25.186   
26.879   
25.927   
39.967   
53.697   
21.741   
35.638   
50.637   
42.148   
12.730   
27.165   
14.557   
33.392   
34.467   
33.129   
53.212   
44.544   
53.653   
26.682   
20.616   
24.426   
24.324   
20.348   
