9.457   
25.149   
7.036   
3.054   
27.052   
21.615   
2.687   
21.415   
54.995   
46.035   
7.274   
26.499   
23.664   
2.849   
12.421   
20.613   
37.920   
25.790   
20.402   
21.283   
7.645   
2.508   
6.897   
18.381   
3.014   
7.399   
27.769   
20.205   
2.688   
20.985   
46.725   
27.999   
12.628   
6.719   
19.064   
2.243   
20.422   
6.612   
25.566   
11.596   
45.427   
45.558   
19.631   
25.082   
20.372   
2.688   
50.181   
47.415   
25.457   
12.586   
7.318   
14.234   
7.193   
19.542   
21.342   
2.938   
12.541   
2.655   
20.617   
7.375   
25.583   
2.912   
54.219   
21.746   
20.430   
7.653   
54.878   
30.714   
21.219   
20.961   
36.215   
38.823   
24.947   
7.352   
32.332   
11.749   
7.381   
21.980   
21.944   
55.293   
12.288   
2.863   
31.747   
46.869   
19.502   
2.453   
2.430   
6.766   
23.667   
7.404   
41.370   
26.699   
22.312   
19.790   
28.549   
55.649   
28.127   
27.407   
21.298   
12.189   
2.600   
20.276   
20.442   
26.207   
7.188   
23.790   
7.349   
52.503   
31.722   
13.189   
20.952   
27.084   
19.233   
2.648   
32.213   
23.513   
20.620   
36.468   
20.038   
29.708   
17.653   
28.793   
12.665   
10.568   
5.659   
5.191   
13.982   
9.132   
23.670   
6.885   
2.837   
26.588   
20.720   
2.870   
19.838   
54.143   
43.743   
6.781   
26.492   
23.017   
2.624   
10.643   
20.015   
36.305   
25.007   
19.860   
19.600   
7.155   
2.556   
7.348   
19.336   
2.870   
7.823   
26.639   
18.428   
2.877   
20.385   
44.670   
26.926   
13.101   
6.572   
17.392   
2.584   
19.858   
6.061   
24.418   
11.137   
41.807   
43.770   
18.731   
24.463   
20.001   
2.760   
48.319   
45.807   
23.469   
12.026   
6.210   
11.511   
6.088   
17.679   
18.904   
2.756   
11.636   
2.507   
20.562   
7.296   
25.332   
2.875   
54.959   
20.679   
19.933   
7.106   
51.193   
29.491   
21.553   
20.880   
39.407   
39.647   
24.401   
7.086   
31.421   
11.842   
6.774   
20.697   
19.810   
55.828   
12.150   
2.849   
30.132   
44.165   
18.247   
2.516   
2.653   
6.875   
26.332   
7.300   
43.658   
27.182   
21.482   
19.489   
30.222   
52.834   
26.885   
26.727   
20.003   
11.489   
2.381   
18.546   
18.311   
24.403   
7.239   
21.715   
7.036   
51.159   
30.159   
12.421   
20.057   
26.131   
20.269   
2.748   
30.135   
21.920   
20.163   
35.361   
20.898   
29.506   
18.987   
28.766   
12.480   
10.721   
5.585   
5.361   
14.153   
9.379   
23.526   
6.317   
2.929   
24.379   
19.804   
2.708   
20.439   
47.041   
42.628   
6.739   
26.244   
23.207   
2.749   
10.897   
19.611   
32.606   
23.408   
19.199   
18.820   
6.937   
2.529   
6.392   
18.986   
2.752   
6.491   
26.384   
19.300   
2.652   
18.869   
41.505   
24.751   
11.184   
6.465   
16.873   
2.373   
20.005   
6.468   
24.643   
11.625   
38.204   
39.246   
19.544   
25.261   
18.821   
2.845   
45.553   
41.121   
24.433   
11.562   
6.520   
13.212   
6.806   
18.768   
21.695   
2.854   
11.881   
2.381   
19.669   
6.948   
24.967   
2.722   
48.558   
19.251   
18.745   
6.661   
46.735   
30.109   
22.343   
21.166   
37.208   
38.761   
21.943   
6.786   
27.060   
11.531   
6.665   
20.129   
19.097   
48.597   
11.944   
2.923   
30.125   
43.375   
18.765   
2.277   
2.584   
6.387   
24.829   
6.982   
42.911   
25.297   
22.322   
19.037   
27.532   
49.355   
25.566   
25.539   
19.677   
12.157   
2.484   
18.396   
19.066   
24.629   
6.905   
22.013   
6.729   
47.076   
29.167   
11.668   
18.766   
25.268   
19.670   
2.751   
28.166   
21.390   
19.264   
33.496   
19.207   
28.231   
17.337   
27.474   
12.479   
10.474   
5.783   
5.165   
14.875   
9.313   
23.590   
6.277   
2.522   
24.386   
17.576   
2.425   
18.904   
46.121   
38.561   
6.386   
25.461   
23.288   
2.545   
10.592   
19.228   
31.203   
24.741   
18.250   
18.671   
6.419   
2.434   
6.727   
18.440   
2.658   
6.368   
23.631   
18.098   
2.702   
18.416   
39.388   
26.206   
10.918   
6.241   
17.611   
2.615   
19.701   
6.145   
23.327   
10.829   
38.576   
38.109   
18.821   
25.988   
19.486   
2.464   
42.571   
40.729   
21.119   
11.733   
6.707   
13.248   
6.491   
18.214   
18.796   
2.681   
11.023   
2.443   
19.281   
6.791   
23.033   
2.848   
45.477   
19.206   
18.502   
6.985   
47.965   
29.179   
20.264   
20.334   
34.971   
36.888   
21.074   
6.613   
26.207   
10.916   
7.110   
19.742   
17.879   
46.389   
11.893   
2.448   
29.080   
39.039   
18.109   
2.334   
2.510   
6.509   
23.774   
6.470   
41.614   
24.535   
22.174   
19.557   
28.340   
45.234   
24.660   
24.656   
17.971   
11.346   
2.206   
18.188   
18.662   
24.396   
6.819   
19.886   
6.348   
42.537   
28.231   
11.243   
18.757   
24.608   
18.643   
2.472   
27.555   
20.380   
18.365   
32.431   
18.595   
27.852   
17.548   
27.005   
12.142   
10.599   
5.599   
5.480   
14.481   
9.373   
22.547   
6.085   
2.437   
24.927   
18.681   
2.305   
19.296   
46.107   
39.581   
6.442   
25.922   
22.481   
2.295   
10.315   
18.615   
31.830   
24.406   
18.462   
18.941   
6.875   
2.282   
6.715   
17.490   
2.581   
6.782   
24.806   
19.127   
2.428   
18.509   
40.098   
24.463   
11.081   
5.855   
17.076   
2.406   
20.756   
6.015   
23.534   
11.210   
39.665   
39.826   
17.589   
24.011   
19.261   
2.553   
44.295   
39.052   
21.278   
11.411   
6.114   
12.700   
5.958   
17.060   
17.345   
2.551   
11.190   
2.537   
19.579   
6.493   
23.350   
2.635   
47.032   
19.474   
19.110   
6.794   
47.644   
28.715   
20.320   
19.551   
33.830   
38.424   
23.260   
6.983   
27.880   
11.684   
6.590   
19.438   
18.259   
46.147   
11.494   
2.614   
27.892   
39.583   
17.935   
2.295   
2.531   
6.027   
23.514   
6.760   
38.800   
24.761   
21.876   
19.038   
27.409   
46.259   
24.096   
24.613   
19.316   
11.492   
2.286   
17.935   
18.679   
23.886   
6.754   
21.266   
6.490   
44.034   
26.958   
11.736   
19.594   
24.810   
18.751   
2.606   
26.277   
19.468   
18.505   
30.740   
18.860   
28.972   
18.601   
27.551   
11.769   
10.389   
5.419   
4.986   
14.391   
