------------------------------------------------------------
Topographical entropy of residue side chains 
computed using all the dihedrals with correlation/pLogp formalism
------------------------------------------------------------
Side Chain Topographical Entropy from corr. pLogP method (NALA 1) : -0.0000
Side Chain Topographical Entropy from corr. pLogP method (GLU 2) : 22.6273
Side Chain Topographical Entropy from corr. pLogP method (ALA 3) : -0.0000
Side Chain Topographical Entropy from corr. pLogP method (GLY 4) : -0.0000
Side Chain Topographical Entropy from corr. pLogP method (ILE 5) : 2.5204
Side Chain Topographical Entropy from corr. pLogP method (THR 6) : -0.0000
Side Chain Topographical Entropy from corr. pLogP method (GLY 7) : -0.0000
Side Chain Topographical Entropy from corr. pLogP method (THR 8) : 0.4656
Side Chain Topographical Entropy from corr. pLogP method (TRP 9) : -0.0000
Side Chain Topographical Entropy from corr. pLogP method (TYR 10) : 5.4705
Side Chain Topographical Entropy from corr. pLogP method (ALA 11) : -0.0000
Side Chain Topographical Entropy from corr. pLogP method (GLN 12) : 21.4184
Side Chain Topographical Entropy from corr. pLogP method (LEU 13) : 6.4131
Side Chain Topographical Entropy from corr. pLogP method (GLY 14) : -0.0000
Side Chain Topographical Entropy from corr. pLogP method (SER 15) : 6.4232
Side Chain Topographical Entropy from corr. pLogP method (THR 16) : 3.5001
Side Chain Topographical Entropy from corr. pLogP method (PHE 17) : 0.2168
Side Chain Topographical Entropy from corr. pLogP method (ILE 18) : 5.2639
Side Chain Topographical Entropy from corr. pLogP method (VAL 19) : 0.5034
Side Chain Topographical Entropy from corr. pLogP method (THR 20) : 2.2975
Side Chain Topographical Entropy from corr. pLogP method (ALA 21) : -0.0000
Side Chain Topographical Entropy from corr. pLogP method (GLY 22) : -0.0000
Side Chain Topographical Entropy from corr. pLogP method (ALA 23) : -0.0000
Side Chain Topographical Entropy from corr. pLogP method (ASP 24) : 13.5729
Side Chain Topographical Entropy from corr. pLogP method (GLY 25) : -0.0000
Side Chain Topographical Entropy from corr. pLogP method (ALA 26) : -0.0000
Side Chain Topographical Entropy from corr. pLogP method (LEU 27) : -0.0000
Side Chain Topographical Entropy from corr. pLogP method (THR 28) : 1.7944
Side Chain Topographical Entropy from corr. pLogP method (GLY 29) : -0.0000
Side Chain Topographical Entropy from corr. pLogP method (THR 30) : 5.4069
Side Chain Topographical Entropy from corr. pLogP method (TYR 31) : 3.8338
Side Chain Topographical Entropy from corr. pLogP method (GLU 32) : 16.3906
Side Chain Topographical Entropy from corr. pLogP method (SER 33) : 6.6826
Side Chain Topographical Entropy from corr. pLogP method (ALA 34) : -0.0000
Side Chain Topographical Entropy from corr. pLogP method (VAL 35) : 8.8037
Side Chain Topographical Entropy from corr. pLogP method (GLY 36) : -0.0000
Side Chain Topographical Entropy from corr. pLogP method (ASN 37) : 12.5397
Side Chain Topographical Entropy from corr. pLogP method (ALA 38) : -0.0000
Side Chain Topographical Entropy from corr. pLogP method (GLU 39) : 21.5411
Side Chain Topographical Entropy from corr. pLogP method (SER 40) : 0.8790
Side Chain Topographical Entropy from corr. pLogP method (ARG 41) : 16.7605
Side Chain Topographical Entropy from corr. pLogP method (TYR 42) : 0.5034
Side Chain Topographical Entropy from corr. pLogP method (VAL 43) : 0.2168
Side Chain Topographical Entropy from corr. pLogP method (LEU 44) : 2.1351
Side Chain Topographical Entropy from corr. pLogP method (THR 45) : 7.9781
Side Chain Topographical Entropy from corr. pLogP method (GLY 46) : -0.0000
Side Chain Topographical Entropy from corr. pLogP method (ARG 47) : 0.3050
Side Chain Topographical Entropy from corr. pLogP method (TYR 48) : 2.5992
Side Chain Topographical Entropy from corr. pLogP method (ASP 49) : 0.1200
Side Chain Topographical Entropy from corr. pLogP method (SER 50) : 0.3468
Side Chain Topographical Entropy from corr. pLogP method (ALA 51) : -0.0000
Side Chain Topographical Entropy from corr. pLogP method (PRO 52) : 10.5608
Side Chain Topographical Entropy from corr. pLogP method (ALA 53) : -0.0000
Side Chain Topographical Entropy from corr. pLogP method (THR 54) : 5.5048
Side Chain Topographical Entropy from corr. pLogP method (ASP 55) : 5.9610
Side Chain Topographical Entropy from corr. pLogP method (GLY 56) : -0.0000
Side Chain Topographical Entropy from corr. pLogP method (SER 57) : -0.0000
Side Chain Topographical Entropy from corr. pLogP method (GLY 58) : -0.0000
Side Chain Topographical Entropy from corr. pLogP method (THR 59) : -0.0000
Side Chain Topographical Entropy from corr. pLogP method (ALA 60) : -0.0000
Side Chain Topographical Entropy from corr. pLogP method (LEU 61) : 4.6001
Side Chain Topographical Entropy from corr. pLogP method (GLY 62) : -0.0000
Side Chain Topographical Entropy from corr. pLogP method (TRP 63) : -0.0000
Side Chain Topographical Entropy from corr. pLogP method (THR 64) : 0.6125
Side Chain Topographical Entropy from corr. pLogP method (VAL 65) : -0.0000
Side Chain Topographical Entropy from corr. pLogP method (ALA 66) : -0.0000
Side Chain Topographical Entropy from corr. pLogP method (TRP 67) : -0.0000
Side Chain Topographical Entropy from corr. pLogP method (LYS 68) : 9.1388
Side Chain Topographical Entropy from corr. pLogP method (ASN 69) : 5.1541
Side Chain Topographical Entropy from corr. pLogP method (ASN 70) : 13.5395
Side Chain Topographical Entropy from corr. pLogP method (TYR 71) : 4.5272
Side Chain Topographical Entropy from corr. pLogP method (ARG 72) : 16.4272
Side Chain Topographical Entropy from corr. pLogP method (ASN 73) : 0.2399
Side Chain Topographical Entropy from corr. pLogP method (ALA 74) : -0.0000
Side Chain Topographical Entropy from corr. pLogP method (HID 75) : 0.2617
Side Chain Topographical Entropy from corr. pLogP method (SER 76) : 4.3468
Side Chain Topographical Entropy from corr. pLogP method (ALA 77) : -0.0000
Side Chain Topographical Entropy from corr. pLogP method (THR 78) : 0.0657
Side Chain Topographical Entropy from corr. pLogP method (THR 79) : -0.0000
Side Chain Topographical Entropy from corr. pLogP method (TRP 80) : 2.1939
Side Chain Topographical Entropy from corr. pLogP method (SER 81) : 0.8790
Side Chain Topographical Entropy from corr. pLogP method (GLY 82) : -0.0000
Side Chain Topographical Entropy from corr. pLogP method (GLN 83) : 8.3149
Side Chain Topographical Entropy from corr. pLogP method (TYR 84) : -0.0000
Side Chain Topographical Entropy from corr. pLogP method (VAL 85) : 0.1698
Side Chain Topographical Entropy from corr. pLogP method (GLY 86) : -0.0000
Side Chain Topographical Entropy from corr. pLogP method (GLY 87) : -0.0000
Side Chain Topographical Entropy from corr. pLogP method (ALA 88) : -0.0000
Side Chain Topographical Entropy from corr. pLogP method (GLU 89) : 18.8594
Side Chain Topographical Entropy from corr. pLogP method (ALA 90) : -0.0000
Side Chain Topographical Entropy from corr. pLogP method (ARG 91) : 2.0263
Side Chain Topographical Entropy from corr. pLogP method (ILE 92) : 0.0657
Side Chain Topographical Entropy from corr. pLogP method (ASN 93) : 1.4511
Side Chain Topographical Entropy from corr. pLogP method (THR 94) : 2.0218
Side Chain Topographical Entropy from corr. pLogP method (GLN 95) : 7.6689
Side Chain Topographical Entropy from corr. pLogP method (TRP 96) : 0.9104
Side Chain Topographical Entropy from corr. pLogP method (LEU 97) : 2.9700
Side Chain Topographical Entropy from corr. pLogP method (LEU 98) : 3.8373
Side Chain Topographical Entropy from corr. pLogP method (THR 99) : -0.0000
Side Chain Topographical Entropy from corr. pLogP method (SER 100) : 7.9920
Side Chain Topographical Entropy from corr. pLogP method (GLY 101) : -0.0000
Side Chain Topographical Entropy from corr. pLogP method (THR 102) : 6.1337
Side Chain Topographical Entropy from corr. pLogP method (THR 103) : 2.7844
Side Chain Topographical Entropy from corr. pLogP method (GLU 104) : 21.9422
Side Chain Topographical Entropy from corr. pLogP method (ALA 105) : -0.0000
Side Chain Topographical Entropy from corr. pLogP method (ASN 106) : 8.6421
Side Chain Topographical Entropy from corr. pLogP method (ALA 107) : -0.0000
Side Chain Topographical Entropy from corr. pLogP method (TRP 108) : 5.6905
Side Chain Topographical Entropy from corr. pLogP method (LYS 109) : 8.9608
Side Chain Topographical Entropy from corr. pLogP method (SER 110) : 0.6125
Side Chain Topographical Entropy from corr. pLogP method (THR 111) : -0.0000
Side Chain Topographical Entropy from corr. pLogP method (LEU 112) : 4.8186
Side Chain Topographical Entropy from corr. pLogP method (VAL 113) : 0.2617
Side Chain Topographical Entropy from corr. pLogP method (GLY 114) : -0.0000
Side Chain Topographical Entropy from corr. pLogP method (HID 115) : 8.7702
Side Chain Topographical Entropy from corr. pLogP method (ASP 116) : 8.9366
Side Chain Topographical Entropy from corr. pLogP method (THR 117) : 0.0657
Side Chain Topographical Entropy from corr. pLogP method (PHE 118) : -0.0000
Side Chain Topographical Entropy from corr. pLogP method (THR 119) : 5.2307
Side Chain Topographical Entropy from corr. pLogP method (LYS 120) : 9.2071
Side Chain Topographical Entropy from corr. pLogP method (VAL 121) : 7.0833
Side Chain Topographical Entropy from corr. pLogP method (LYS 122) : 16.9451
Side Chain Topographical Entropy from corr. pLogP method (PRO 123) : 14.9528
Side Chain Topographical Entropy from corr. pLogP method (SER 124) : 8.6284
Side Chain Topographical Entropy from corr. pLogP method (ALA 125) : -0.0000
Side Chain Topographical Entropy from corr. pLogP method (ALA 126) : -0.0000
Side Chain Topographical Entropy from corr. pLogP method (CSER 127) : 3.7132
____________________________________________________________
Total SC Topog. Entropy (corr. pLogP)    :         483.210
------------------------------------------------------------
____________________________________________________________
Total BB Topog. Entropy (corr. pLogP)    :          14.754
------------------------------------------------------------
____________________________________________________________
Total Entropy                            :         497.965
------------------------------------------------------------
------------------------------------------------------------
Topographical entropy of residue side chains 
computed using all the dihedrals with correlation/pLogp formalism
------------------------------------------------------------
Side Chain Topographical Entropy from corr. pLogP method (NALA 1) : -0.0000
Side Chain Topographical Entropy from corr. pLogP method (GLU 2) : 21.7983
Side Chain Topographical Entropy from corr. pLogP method (ALA 3) : -0.0000
Side Chain Topographical Entropy from corr. pLogP method (GLY 4) : -0.0000
Side Chain Topographical Entropy from corr. pLogP method (ILE 5) : 1.0609
Side Chain Topographical Entropy from corr. pLogP method (THR 6) : 0.7161
Side Chain Topographical Entropy from corr. pLogP method (GLY 7) : -0.0000
Side Chain Topographical Entropy from corr. pLogP method (THR 8) : 0.0657
Side Chain Topographical Entropy from corr. pLogP method (TRP 9) : -0.0000
Side Chain Topographical Entropy from corr. pLogP method (TYR 10) : 5.5319
Side Chain Topographical Entropy from corr. pLogP method (ALA 11) : -0.0000
Side Chain Topographical Entropy from corr. pLogP method (GLN 12) : 20.0800
Side Chain Topographical Entropy from corr. pLogP method (LEU 13) : 6.8188
Side Chain Topographical Entropy from corr. pLogP method (GLY 14) : -0.0000
Side Chain Topographical Entropy from corr. pLogP method (SER 15) : 7.9480
Side Chain Topographical Entropy from corr. pLogP method (THR 16) : 0.0657
Side Chain Topographical Entropy from corr. pLogP method (PHE 17) : 0.2825
Side Chain Topographical Entropy from corr. pLogP method (ILE 18) : 10.1466
Side Chain Topographical Entropy from corr. pLogP method (VAL 19) : 1.5004
Side Chain Topographical Entropy from corr. pLogP method (THR 20) : 6.5410
Side Chain Topographical Entropy from corr. pLogP method (ALA 21) : -0.0000
Side Chain Topographical Entropy from corr. pLogP method (GLY 22) : -0.0000
Side Chain Topographical Entropy from corr. pLogP method (ALA 23) : -0.0000
Side Chain Topographical Entropy from corr. pLogP method (ASP 24) : 15.2962
Side Chain Topographical Entropy from corr. pLogP method (GLY 25) : -0.0000
Side Chain Topographical Entropy from corr. pLogP method (ALA 26) : -0.0000
Side Chain Topographical Entropy from corr. pLogP method (LEU 27) : 7.6865
Side Chain Topographical Entropy from corr. pLogP method (THR 28) : 4.6082
Side Chain Topographical Entropy from corr. pLogP method (GLY 29) : -0.0000
Side Chain Topographical Entropy from corr. pLogP method (THR 30) : 2.0438
Side Chain Topographical Entropy from corr. pLogP method (TYR 31) : 4.1378
Side Chain Topographical Entropy from corr. pLogP method (GLU 32) : 14.8936
Side Chain Topographical Entropy from corr. pLogP method (SER 33) : 7.2848
Side Chain Topographical Entropy from corr. pLogP method (ALA 34) : -0.0000
Side Chain Topographical Entropy from corr. pLogP method (VAL 35) : 6.2049
Side Chain Topographical Entropy from corr. pLogP method (GLY 36) : -0.0000
Side Chain Topographical Entropy from corr. pLogP method (ASN 37) : 10.7801
Side Chain Topographical Entropy from corr. pLogP method (ALA 38) : -0.0000
Side Chain Topographical Entropy from corr. pLogP method (GLU 39) : 20.4611
Side Chain Topographical Entropy from corr. pLogP method (SER 40) : 6.7438
Side Chain Topographical Entropy from corr. pLogP method (ARG 41) : 15.7568
Side Chain Topographical Entropy from corr. pLogP method (TYR 42) : 0.0657
Side Chain Topographical Entropy from corr. pLogP method (VAL 43) : 0.6125
Side Chain Topographical Entropy from corr. pLogP method (LEU 44) : 1.4024
Side Chain Topographical Entropy from corr. pLogP method (THR 45) : 0.2168
Side Chain Topographical Entropy from corr. pLogP method (GLY 46) : -0.0000
Side Chain Topographical Entropy from corr. pLogP method (ARG 47) : 0.2168
Side Chain Topographical Entropy from corr. pLogP method (TYR 48) : 4.1057
Side Chain Topographical Entropy from corr. pLogP method (ASP 49) : 3.8427
Side Chain Topographical Entropy from corr. pLogP method (SER 50) : 1.9223
Side Chain Topographical Entropy from corr. pLogP method (ALA 51) : -0.0000
Side Chain Topographical Entropy from corr. pLogP method (PRO 52) : 12.4500
Side Chain Topographical Entropy from corr. pLogP method (ALA 53) : -0.0000
Side Chain Topographical Entropy from corr. pLogP method (THR 54) : 6.9385
Side Chain Topographical Entropy from corr. pLogP method (ASP 55) : 5.9947
Side Chain Topographical Entropy from corr. pLogP method (GLY 56) : -0.0000
Side Chain Topographical Entropy from corr. pLogP method (SER 57) : -0.0000
Side Chain Topographical Entropy from corr. pLogP method (GLY 58) : -0.0000
Side Chain Topographical Entropy from corr. pLogP method (THR 59) : 2.9329
Side Chain Topographical Entropy from corr. pLogP method (ALA 60) : -0.0000
Side Chain Topographical Entropy from corr. pLogP method (LEU 61) : 3.7569
Side Chain Topographical Entropy from corr. pLogP method (GLY 62) : -0.0000
Side Chain Topographical Entropy from corr. pLogP method (TRP 63) : 0.1200
Side Chain Topographical Entropy from corr. pLogP method (THR 64) : 2.0245
Side Chain Topographical Entropy from corr. pLogP method (VAL 65) : -0.0000
Side Chain Topographical Entropy from corr. pLogP method (ALA 66) : -0.0000
Side Chain Topographical Entropy from corr. pLogP method (TRP 67) : -0.0000
Side Chain Topographical Entropy from corr. pLogP method (LYS 68) : 11.2961
Side Chain Topographical Entropy from corr. pLogP method (ASN 69) : 5.6277
Side Chain Topographical Entropy from corr. pLogP method (ASN 70) : 14.0587
Side Chain Topographical Entropy from corr. pLogP method (TYR 71) : 5.0838
Side Chain Topographical Entropy from corr. pLogP method (ARG 72) : 14.1756
Side Chain Topographical Entropy from corr. pLogP method (ASN 73) : 2.7489
Side Chain Topographical Entropy from corr. pLogP method (ALA 74) : -0.0000
Side Chain Topographical Entropy from corr. pLogP method (HID 75) : 0.3874
Side Chain Topographical Entropy from corr. pLogP method (SER 76) : 5.8623
Side Chain Topographical Entropy from corr. pLogP method (ALA 77) : -0.0000
Side Chain Topographical Entropy from corr. pLogP method (THR 78) : -0.0000
Side Chain Topographical Entropy from corr. pLogP method (THR 79) : 0.1200
Side Chain Topographical Entropy from corr. pLogP method (TRP 80) : 2.0656
Side Chain Topographical Entropy from corr. pLogP method (SER 81) : 0.8473
Side Chain Topographical Entropy from corr. pLogP method (GLY 82) : -0.0000
Side Chain Topographical Entropy from corr. pLogP method (GLN 83) : 10.5593
Side Chain Topographical Entropy from corr. pLogP method (TYR 84) : -0.0000
Side Chain Topographical Entropy from corr. pLogP method (VAL 85) : 0.6821
Side Chain Topographical Entropy from corr. pLogP method (GLY 86) : -0.0000
Side Chain Topographical Entropy from corr. pLogP method (GLY 87) : -0.0000
Side Chain Topographical Entropy from corr. pLogP method (ALA 88) : -0.0000
Side Chain Topographical Entropy from corr. pLogP method (GLU 89) : 17.2079
Side Chain Topographical Entropy from corr. pLogP method (ALA 90) : -0.0000
Side Chain Topographical Entropy from corr. pLogP method (ARG 91) : 13.1539
Side Chain Topographical Entropy from corr. pLogP method (ILE 92) : 0.2897
Side Chain Topographical Entropy from corr. pLogP method (ASN 93) : 6.4769
Side Chain Topographical Entropy from corr. pLogP method (THR 94) : 0.0657
Side Chain Topographical Entropy from corr. pLogP method (GLN 95) : 8.6515
Side Chain Topographical Entropy from corr. pLogP method (TRP 96) : 1.0023
Side Chain Topographical Entropy from corr. pLogP method (LEU 97) : -0.0000
Side Chain Topographical Entropy from corr. pLogP method (LEU 98) : 5.5805
Side Chain Topographical Entropy from corr. pLogP method (THR 99) : -0.0000
Side Chain Topographical Entropy from corr. pLogP method (SER 100) : 8.5435
Side Chain Topographical Entropy from corr. pLogP method (GLY 101) : -0.0000
Side Chain Topographical Entropy from corr. pLogP method (THR 102) : 5.5043
Side Chain Topographical Entropy from corr. pLogP method (THR 103) : 0.0657
Side Chain Topographical Entropy from corr. pLogP method (GLU 104) : 19.5856
Side Chain Topographical Entropy from corr. pLogP method (ALA 105) : -0.0000
Side Chain Topographical Entropy from corr. pLogP method (ASN 106) : 2.6272
Side Chain Topographical Entropy from corr. pLogP method (ALA 107) : -0.0000
Side Chain Topographical Entropy from corr. pLogP method (TRP 108) : 5.7984
Side Chain Topographical Entropy from corr. pLogP method (LYS 109) : 12.0454
Side Chain Topographical Entropy from corr. pLogP method (SER 110) : 2.4483
Side Chain Topographical Entropy from corr. pLogP method (THR 111) : -0.0000
Side Chain Topographical Entropy from corr. pLogP method (LEU 112) : 2.3063
Side Chain Topographical Entropy from corr. pLogP method (VAL 113) : -0.0000
Side Chain Topographical Entropy from corr. pLogP method (GLY 114) : -0.0000
Side Chain Topographical Entropy from corr. pLogP method (HID 115) : 5.1558
Side Chain Topographical Entropy from corr. pLogP method (ASP 116) : 8.8508
Side Chain Topographical Entropy from corr. pLogP method (THR 117) : 2.2148
Side Chain Topographical Entropy from corr. pLogP method (PHE 118) : -0.0000
Side Chain Topographical Entropy from corr. pLogP method (THR 119) : -0.0000
Side Chain Topographical Entropy from corr. pLogP method (LYS 120) : 9.4670
Side Chain Topographical Entropy from corr. pLogP method (VAL 121) : 2.0926
Side Chain Topographical Entropy from corr. pLogP method (LYS 122) : 16.7476
Side Chain Topographical Entropy from corr. pLogP method (PRO 123) : 13.8604
Side Chain Topographical Entropy from corr. pLogP method (SER 124) : 7.6357
Side Chain Topographical Entropy from corr. pLogP method (ALA 125) : -0.0000
Side Chain Topographical Entropy from corr. pLogP method (ALA 126) : -0.0000
Side Chain Topographical Entropy from corr. pLogP method (CSER 127) : 3.6105
____________________________________________________________
Total SC Topog. Entropy (corr. pLogP)    :         499.559
------------------------------------------------------------
____________________________________________________________
Total BB Topog. Entropy (corr. pLogP)    :          18.732
------------------------------------------------------------
____________________________________________________________
Total Entropy                            :         518.291
------------------------------------------------------------
------------------------------------------------------------
Topographical entropy of residue side chains 
computed using all the dihedrals with correlation/pLogp formalism
------------------------------------------------------------
Side Chain Topographical Entropy from corr. pLogP method (NALA 1) : -0.0000
Side Chain Topographical Entropy from corr. pLogP method (GLU 2) : 20.5212
Side Chain Topographical Entropy from corr. pLogP method (ALA 3) : -0.0000
Side Chain Topographical Entropy from corr. pLogP method (GLY 4) : -0.0000
Side Chain Topographical Entropy from corr. pLogP method (ILE 5) : 6.4057
Side Chain Topographical Entropy from corr. pLogP method (THR 6) : 2.8286
Side Chain Topographical Entropy from corr. pLogP method (GLY 7) : -0.0000
Side Chain Topographical Entropy from corr. pLogP method (THR 8) : 0.7495
Side Chain Topographical Entropy from corr. pLogP method (TRP 9) : -0.0000
Side Chain Topographical Entropy from corr. pLogP method (TYR 10) : 5.1867
Side Chain Topographical Entropy from corr. pLogP method (ALA 11) : -0.0000
Side Chain Topographical Entropy from corr. pLogP method (GLN 12) : 20.5600
Side Chain Topographical Entropy from corr. pLogP method (LEU 13) : 8.3754
Side Chain Topographical Entropy from corr. pLogP method (GLY 14) : -0.0000
Side Chain Topographical Entropy from corr. pLogP method (SER 15) : 6.1685
Side Chain Topographical Entropy from corr. pLogP method (THR 16) : 0.2617
Side Chain Topographical Entropy from corr. pLogP method (PHE 17) : 0.6061
Side Chain Topographical Entropy from corr. pLogP method (ILE 18) : 5.4537
Side Chain Topographical Entropy from corr. pLogP method (VAL 19) : 2.0218
Side Chain Topographical Entropy from corr. pLogP method (THR 20) : 7.7552
Side Chain Topographical Entropy from corr. pLogP method (ALA 21) : -0.0000
Side Chain Topographical Entropy from corr. pLogP method (GLY 22) : -0.0000
Side Chain Topographical Entropy from corr. pLogP method (ALA 23) : -0.0000
Side Chain Topographical Entropy from corr. pLogP method (ASP 24) : 17.6822
Side Chain Topographical Entropy from corr. pLogP method (GLY 25) : -0.0000
Side Chain Topographical Entropy from corr. pLogP method (ALA 26) : -0.0000
Side Chain Topographical Entropy from corr. pLogP method (LEU 27) : 5.3476
Side Chain Topographical Entropy from corr. pLogP method (THR 28) : 5.8609
Side Chain Topographical Entropy from corr. pLogP method (GLY 29) : -0.0000
Side Chain Topographical Entropy from corr. pLogP method (THR 30) : 8.6224
Side Chain Topographical Entropy from corr. pLogP method (TYR 31) : 2.8184
Side Chain Topographical Entropy from corr. pLogP method (GLU 32) : 16.4624
Side Chain Topographical Entropy from corr. pLogP method (SER 33) : 6.0910
Side Chain Topographical Entropy from corr. pLogP method (ALA 34) : -0.0000
Side Chain Topographical Entropy from corr. pLogP method (VAL 35) : 8.3119
Side Chain Topographical Entropy from corr. pLogP method (GLY 36) : -0.0000
Side Chain Topographical Entropy from corr. pLogP method (ASN 37) : 8.9981
Side Chain Topographical Entropy from corr. pLogP method (ALA 38) : -0.0000
Side Chain Topographical Entropy from corr. pLogP method (GLU 39) : 21.7369
Side Chain Topographical Entropy from corr. pLogP method (SER 40) : 0.6125
Side Chain Topographical Entropy from corr. pLogP method (ARG 41) : 14.0277
Side Chain Topographical Entropy from corr. pLogP method (TYR 42) : 0.4656
Side Chain Topographical Entropy from corr. pLogP method (VAL 43) : 0.0657
Side Chain Topographical Entropy from corr. pLogP method (LEU 44) : 3.9805
Side Chain Topographical Entropy from corr. pLogP method (THR 45) : 4.4656
Side Chain Topographical Entropy from corr. pLogP method (GLY 46) : -0.0000
Side Chain Topographical Entropy from corr. pLogP method (ARG 47) : 0.2617
Side Chain Topographical Entropy from corr. pLogP method (TYR 48) : 2.7909
Side Chain Topographical Entropy from corr. pLogP method (ASP 49) : 2.4830
Side Chain Topographical Entropy from corr. pLogP method (SER 50) : 2.4768
Side Chain Topographical Entropy from corr. pLogP method (ALA 51) : -0.0000
Side Chain Topographical Entropy from corr. pLogP method (PRO 52) : 11.3823
Side Chain Topographical Entropy from corr. pLogP method (ALA 53) : -0.0000
Side Chain Topographical Entropy from corr. pLogP method (THR 54) : 6.6644
Side Chain Topographical Entropy from corr. pLogP method (ASP 55) : 8.2258
Side Chain Topographical Entropy from corr. pLogP method (GLY 56) : -0.0000
Side Chain Topographical Entropy from corr. pLogP method (SER 57) : 8.7006
Side Chain Topographical Entropy from corr. pLogP method (GLY 58) : -0.0000
Side Chain Topographical Entropy from corr. pLogP method (THR 59) : 2.1297
Side Chain Topographical Entropy from corr. pLogP method (ALA 60) : -0.0000
Side Chain Topographical Entropy from corr. pLogP method (LEU 61) : 1.5810
Side Chain Topographical Entropy from corr. pLogP method (GLY 62) : -0.0000
Side Chain Topographical Entropy from corr. pLogP method (TRP 63) : -0.0000
Side Chain Topographical Entropy from corr. pLogP method (THR 64) : 3.3847
Side Chain Topographical Entropy from corr. pLogP method (VAL 65) : 0.0657
Side Chain Topographical Entropy from corr. pLogP method (ALA 66) : -0.0000
Side Chain Topographical Entropy from corr. pLogP method (TRP 67) : -0.0000
Side Chain Topographical Entropy from corr. pLogP method (LYS 68) : 8.0334
Side Chain Topographical Entropy from corr. pLogP method (ASN 69) : 4.0905
Side Chain Topographical Entropy from corr. pLogP method (ASN 70) : 13.3871
Side Chain Topographical Entropy from corr. pLogP method (TYR 71) : 4.8412
Side Chain Topographical Entropy from corr. pLogP method (ARG 72) : 12.1565
Side Chain Topographical Entropy from corr. pLogP method (ASN 73) : 0.7817
Side Chain Topographical Entropy from corr. pLogP method (ALA 74) : -0.0000
Side Chain Topographical Entropy from corr. pLogP method (HID 75) : 0.3050
Side Chain Topographical Entropy from corr. pLogP method (SER 76) : 5.4109
Side Chain Topographical Entropy from corr. pLogP method (ALA 77) : -0.0000
Side Chain Topographical Entropy from corr. pLogP method (THR 78) : -0.0000
Side Chain Topographical Entropy from corr. pLogP method (THR 79) : -0.0000
Side Chain Topographical Entropy from corr. pLogP method (TRP 80) : 1.9997
Side Chain Topographical Entropy from corr. pLogP method (SER 81) : 0.5405
Side Chain Topographical Entropy from corr. pLogP method (GLY 82) : -0.0000
Side Chain Topographical Entropy from corr. pLogP method (GLN 83) : 10.5347
Side Chain Topographical Entropy from corr. pLogP method (TYR 84) : -0.0000
Side Chain Topographical Entropy from corr. pLogP method (VAL 85) : 0.7826
Side Chain Topographical Entropy from corr. pLogP method (GLY 86) : -0.0000
Side Chain Topographical Entropy from corr. pLogP method (GLY 87) : -0.0000
Side Chain Topographical Entropy from corr. pLogP method (ALA 88) : -0.0000
Side Chain Topographical Entropy from corr. pLogP method (GLU 89) : 20.7345
Side Chain Topographical Entropy from corr. pLogP method (ALA 90) : -0.0000
Side Chain Topographical Entropy from corr. pLogP method (ARG 91) : 6.7667
Side Chain Topographical Entropy from corr. pLogP method (ILE 92) : 1.4583
Side Chain Topographical Entropy from corr. pLogP method (ASN 93) : 2.3233
Side Chain Topographical Entropy from corr. pLogP method (THR 94) : -0.0000
Side Chain Topographical Entropy from corr. pLogP method (GLN 95) : 0.8151
Side Chain Topographical Entropy from corr. pLogP method (TRP 96) : 1.1858
Side Chain Topographical Entropy from corr. pLogP method (LEU 97) : 0.0657
Side Chain Topographical Entropy from corr. pLogP method (LEU 98) : 2.1089
Side Chain Topographical Entropy from corr. pLogP method (THR 99) : -0.0000
Side Chain Topographical Entropy from corr. pLogP method (SER 100) : 8.2661
Side Chain Topographical Entropy from corr. pLogP method (GLY 101) : -0.0000
Side Chain Topographical Entropy from corr. pLogP method (THR 102) : 4.1023
Side Chain Topographical Entropy from corr. pLogP method (THR 103) : 0.0657
Side Chain Topographical Entropy from corr. pLogP method (GLU 104) : 18.3254
Side Chain Topographical Entropy from corr. pLogP method (ALA 105) : -0.0000
Side Chain Topographical Entropy from corr. pLogP method (ASN 106) : 4.3111
Side Chain Topographical Entropy from corr. pLogP method (ALA 107) : -0.0000
Side Chain Topographical Entropy from corr. pLogP method (TRP 108) : 5.8174
Side Chain Topographical Entropy from corr. pLogP method (LYS 109) : 7.4419
Side Chain Topographical Entropy from corr. pLogP method (SER 110) : 5.6823
Side Chain Topographical Entropy from corr. pLogP method (THR 111) : -0.0000
Side Chain Topographical Entropy from corr. pLogP method (LEU 112) : 1.5497
Side Chain Topographical Entropy from corr. pLogP method (VAL 113) : 0.0657
Side Chain Topographical Entropy from corr. pLogP method (GLY 114) : -0.0000
Side Chain Topographical Entropy from corr. pLogP method (HID 115) : 5.3115
Side Chain Topographical Entropy from corr. pLogP method (ASP 116) : 7.6640
Side Chain Topographical Entropy from corr. pLogP method (THR 117) : -0.0000
Side Chain Topographical Entropy from corr. pLogP method (PHE 118) : -0.0000
Side Chain Topographical Entropy from corr. pLogP method (THR 119) : 6.1571
Side Chain Topographical Entropy from corr. pLogP method (LYS 120) : 15.4487
Side Chain Topographical Entropy from corr. pLogP method (VAL 121) : 4.8907
Side Chain Topographical Entropy from corr. pLogP method (LYS 122) : 16.7702
Side Chain Topographical Entropy from corr. pLogP method (PRO 123) : 14.5641
Side Chain Topographical Entropy from corr. pLogP method (SER 124) : 8.8066
Side Chain Topographical Entropy from corr. pLogP method (ALA 125) : -0.0000
Side Chain Topographical Entropy from corr. pLogP method (ALA 126) : -0.0000
Side Chain Topographical Entropy from corr. pLogP method (CSER 127) : 3.1195
____________________________________________________________
Total SC Topog. Entropy (corr. pLogP)    :         499.272
------------------------------------------------------------
____________________________________________________________
Total BB Topog. Entropy (corr. pLogP)    :          13.001
------------------------------------------------------------
____________________________________________________________
Total Entropy                            :         512.273
------------------------------------------------------------
------------------------------------------------------------
Topographical entropy of residue side chains 
computed using all the dihedrals with correlation/pLogp formalism
------------------------------------------------------------
Side Chain Topographical Entropy from corr. pLogP method (NALA 1) : -0.0000
Side Chain Topographical Entropy from corr. pLogP method (GLU 2) : 20.7910
Side Chain Topographical Entropy from corr. pLogP method (ALA 3) : -0.0000
Side Chain Topographical Entropy from corr. pLogP method (GLY 4) : -0.0000
Side Chain Topographical Entropy from corr. pLogP method (ILE 5) : 1.3446
Side Chain Topographical Entropy from corr. pLogP method (THR 6) : -0.0000
Side Chain Topographical Entropy from corr. pLogP method (GLY 7) : -0.0000
Side Chain Topographical Entropy from corr. pLogP method (THR 8) : 0.2168
Side Chain Topographical Entropy from corr. pLogP method (TRP 9) : -0.0000
Side Chain Topographical Entropy from corr. pLogP method (TYR 10) : 5.1900
Side Chain Topographical Entropy from corr. pLogP method (ALA 11) : -0.0000
Side Chain Topographical Entropy from corr. pLogP method (GLN 12) : 19.1240
Side Chain Topographical Entropy from corr. pLogP method (LEU 13) : 6.0531
Side Chain Topographical Entropy from corr. pLogP method (GLY 14) : -0.0000
Side Chain Topographical Entropy from corr. pLogP method (SER 15) : 8.7064
Side Chain Topographical Entropy from corr. pLogP method (THR 16) : -0.0000
Side Chain Topographical Entropy from corr. pLogP method (PHE 17) : 0.1857
Side Chain Topographical Entropy from corr. pLogP method (ILE 18) : 6.6436
Side Chain Topographical Entropy from corr. pLogP method (VAL 19) : 1.9997
Side Chain Topographical Entropy from corr. pLogP method (THR 20) : 0.1200
Side Chain Topographical Entropy from corr. pLogP method (ALA 21) : -0.0000
Side Chain Topographical Entropy from corr. pLogP method (GLY 22) : -0.0000
Side Chain Topographical Entropy from corr. pLogP method (ALA 23) : -0.0000
Side Chain Topographical Entropy from corr. pLogP method (ASP 24) : 14.8835
Side Chain Topographical Entropy from corr. pLogP method (GLY 25) : -0.0000
Side Chain Topographical Entropy from corr. pLogP method (ALA 26) : -0.0000
Side Chain Topographical Entropy from corr. pLogP method (LEU 27) : 7.9212
Side Chain Topographical Entropy from corr. pLogP method (THR 28) : 5.1794
Side Chain Topographical Entropy from corr. pLogP method (GLY 29) : -0.0000
Side Chain Topographical Entropy from corr. pLogP method (THR 30) : 7.6734
Side Chain Topographical Entropy from corr. pLogP method (TYR 31) : 4.5350
Side Chain Topographical Entropy from corr. pLogP method (GLU 32) : 15.4024
Side Chain Topographical Entropy from corr. pLogP method (SER 33) : 5.6357
Side Chain Topographical Entropy from corr. pLogP method (ALA 34) : -0.0000
Side Chain Topographical Entropy from corr. pLogP method (VAL 35) : 4.8538
Side Chain Topographical Entropy from corr. pLogP method (GLY 36) : -0.0000
Side Chain Topographical Entropy from corr. pLogP method (ASN 37) : 13.4802
Side Chain Topographical Entropy from corr. pLogP method (ALA 38) : -0.0000
Side Chain Topographical Entropy from corr. pLogP method (GLU 39) : 18.2909
Side Chain Topographical Entropy from corr. pLogP method (SER 40) : 4.1851
Side Chain Topographical Entropy from corr. pLogP method (ARG 41) : 11.6934
Side Chain Topographical Entropy from corr. pLogP method (TYR 42) : 0.0657
Side Chain Topographical Entropy from corr. pLogP method (VAL 43) : -0.0000
Side Chain Topographical Entropy from corr. pLogP method (LEU 44) : 2.2567
Side Chain Topographical Entropy from corr. pLogP method (THR 45) : 1.6416
Side Chain Topographical Entropy from corr. pLogP method (GLY 46) : -0.0000
Side Chain Topographical Entropy from corr. pLogP method (ARG 47) : 0.1200
Side Chain Topographical Entropy from corr. pLogP method (TYR 48) : 4.2679
Side Chain Topographical Entropy from corr. pLogP method (ASP 49) : 0.3468
Side Chain Topographical Entropy from corr. pLogP method (SER 50) : 1.8871
Side Chain Topographical Entropy from corr. pLogP method (ALA 51) : -0.0000
Side Chain Topographical Entropy from corr. pLogP method (PRO 52) : 6.8687
Side Chain Topographical Entropy from corr. pLogP method (ALA 53) : -0.0000
Side Chain Topographical Entropy from corr. pLogP method (THR 54) : 3.4710
Side Chain Topographical Entropy from corr. pLogP method (ASP 55) : 7.7920
Side Chain Topographical Entropy from corr. pLogP method (GLY 56) : -0.0000
Side Chain Topographical Entropy from corr. pLogP method (SER 57) : -0.0000
Side Chain Topographical Entropy from corr. pLogP method (GLY 58) : -0.0000
Side Chain Topographical Entropy from corr. pLogP method (THR 59) : -0.0000
Side Chain Topographical Entropy from corr. pLogP method (ALA 60) : -0.0000
Side Chain Topographical Entropy from corr. pLogP method (LEU 61) : 5.7330
Side Chain Topographical Entropy from corr. pLogP method (GLY 62) : -0.0000
Side Chain Topographical Entropy from corr. pLogP method (TRP 63) : 0.1200
Side Chain Topographical Entropy from corr. pLogP method (THR 64) : 0.7826
Side Chain Topographical Entropy from corr. pLogP method (VAL 65) : -0.0000
Side Chain Topographical Entropy from corr. pLogP method (ALA 66) : -0.0000
Side Chain Topographical Entropy from corr. pLogP method (TRP 67) : -0.0000
Side Chain Topographical Entropy from corr. pLogP method (LYS 68) : 7.7274
Side Chain Topographical Entropy from corr. pLogP method (ASN 69) : 5.6830
Side Chain Topographical Entropy from corr. pLogP method (ASN 70) : 13.4837
Side Chain Topographical Entropy from corr. pLogP method (TYR 71) : 8.9919
Side Chain Topographical Entropy from corr. pLogP method (ARG 72) : 8.5793
Side Chain Topographical Entropy from corr. pLogP method (ASN 73) : 1.4488
Side Chain Topographical Entropy from corr. pLogP method (ALA 74) : -0.0000
Side Chain Topographical Entropy from corr. pLogP method (HID 75) : 1.6913
Side Chain Topographical Entropy from corr. pLogP method (SER 76) : 3.1989
Side Chain Topographical Entropy from corr. pLogP method (ALA 77) : -0.0000
Side Chain Topographical Entropy from corr. pLogP method (THR 78) : -0.0000
Side Chain Topographical Entropy from corr. pLogP method (THR 79) : 7.6167
Side Chain Topographical Entropy from corr. pLogP method (TRP 80) : 2.3420
Side Chain Topographical Entropy from corr. pLogP method (SER 81) : 3.9940
Side Chain Topographical Entropy from corr. pLogP method (GLY 82) : -0.0000
Side Chain Topographical Entropy from corr. pLogP method (GLN 83) : 10.5999
Side Chain Topographical Entropy from corr. pLogP method (TYR 84) : 7.0661
Side Chain Topographical Entropy from corr. pLogP method (VAL 85) : 6.4766
Side Chain Topographical Entropy from corr. pLogP method (GLY 86) : -0.0000
Side Chain Topographical Entropy from corr. pLogP method (GLY 87) : -0.0000
Side Chain Topographical Entropy from corr. pLogP method (ALA 88) : -0.0000
Side Chain Topographical Entropy from corr. pLogP method (GLU 89) : 17.2890
Side Chain Topographical Entropy from corr. pLogP method (ALA 90) : -0.0000
Side Chain Topographical Entropy from corr. pLogP method (ARG 91) : 14.9295
Side Chain Topographical Entropy from corr. pLogP method (ILE 92) : 0.2617
Side Chain Topographical Entropy from corr. pLogP method (ASN 93) : 9.2743
Side Chain Topographical Entropy from corr. pLogP method (THR 94) : 0.1200
Side Chain Topographical Entropy from corr. pLogP method (GLN 95) : 3.2859
Side Chain Topographical Entropy from corr. pLogP method (TRP 96) : 0.3874
Side Chain Topographical Entropy from corr. pLogP method (LEU 97) : -0.0000
Side Chain Topographical Entropy from corr. pLogP method (LEU 98) : -0.0000
Side Chain Topographical Entropy from corr. pLogP method (THR 99) : -0.0000
Side Chain Topographical Entropy from corr. pLogP method (SER 100) : 5.6337
Side Chain Topographical Entropy from corr. pLogP method (GLY 101) : -0.0000
Side Chain Topographical Entropy from corr. pLogP method (THR 102) : -0.0000
Side Chain Topographical Entropy from corr. pLogP method (THR 103) : -0.0000
Side Chain Topographical Entropy from corr. pLogP method (GLU 104) : 18.0423
Side Chain Topographical Entropy from corr. pLogP method (ALA 105) : -0.0000
Side Chain Topographical Entropy from corr. pLogP method (ASN 106) : 3.9194
Side Chain Topographical Entropy from corr. pLogP method (ALA 107) : -0.0000
Side Chain Topographical Entropy from corr. pLogP method (TRP 108) : 5.8123
Side Chain Topographical Entropy from corr. pLogP method (LYS 109) : 16.6882
Side Chain Topographical Entropy from corr. pLogP method (SER 110) : -0.0000
Side Chain Topographical Entropy from corr. pLogP method (THR 111) : -0.0000
Side Chain Topographical Entropy from corr. pLogP method (LEU 112) : 1.1851
Side Chain Topographical Entropy from corr. pLogP method (VAL 113) : -0.0000
Side Chain Topographical Entropy from corr. pLogP method (GLY 114) : -0.0000
Side Chain Topographical Entropy from corr. pLogP method (HID 115) : 0.0657
Side Chain Topographical Entropy from corr. pLogP method (ASP 116) : 7.3873
Side Chain Topographical Entropy from corr. pLogP method (THR 117) : -0.0000
Side Chain Topographical Entropy from corr. pLogP method (PHE 118) : -0.0000
Side Chain Topographical Entropy from corr. pLogP method (THR 119) : 5.6766
Side Chain Topographical Entropy from corr. pLogP method (LYS 120) : 13.3823
Side Chain Topographical Entropy from corr. pLogP method (VAL 121) : 6.0472
Side Chain Topographical Entropy from corr. pLogP method (LYS 122) : 18.8334
Side Chain Topographical Entropy from corr. pLogP method (PRO 123) : 14.6048
Side Chain Topographical Entropy from corr. pLogP method (SER 124) : 8.7855
Side Chain Topographical Entropy from corr. pLogP method (ALA 125) : -0.0000
Side Chain Topographical Entropy from corr. pLogP method (ALA 126) : -0.0000
Side Chain Topographical Entropy from corr. pLogP method (CSER 127) : 4.8405
____________________________________________________________
Total SC Topog. Entropy (corr. pLogP)    :         484.814
------------------------------------------------------------
____________________________________________________________
Total BB Topog. Entropy (corr. pLogP)    :          18.693
------------------------------------------------------------
____________________________________________________________
Total Entropy                            :         503.507
------------------------------------------------------------
------------------------------------------------------------
Topographical entropy of residue side chains 
computed using all the dihedrals with correlation/pLogp formalism
------------------------------------------------------------
Side Chain Topographical Entropy from corr. pLogP method (NALA 1) : -0.0000
Side Chain Topographical Entropy from corr. pLogP method (GLU 2) : 21.9747
Side Chain Topographical Entropy from corr. pLogP method (ALA 3) : -0.0000
Side Chain Topographical Entropy from corr. pLogP method (GLY 4) : -0.0000
Side Chain Topographical Entropy from corr. pLogP method (ILE 5) : 3.2885
Side Chain Topographical Entropy from corr. pLogP method (THR 6) : -0.0000
Side Chain Topographical Entropy from corr. pLogP method (GLY 7) : -0.0000
Side Chain Topographical Entropy from corr. pLogP method (THR 8) : 0.1200
Side Chain Topographical Entropy from corr. pLogP method (TRP 9) : -0.0000
Side Chain Topographical Entropy from corr. pLogP method (TYR 10) : 5.8053
Side Chain Topographical Entropy from corr. pLogP method (ALA 11) : -0.0000
Side Chain Topographical Entropy from corr. pLogP method (GLN 12) : 19.4059
Side Chain Topographical Entropy from corr. pLogP method (LEU 13) : 7.3978
Side Chain Topographical Entropy from corr. pLogP method (GLY 14) : -0.0000
Side Chain Topographical Entropy from corr. pLogP method (SER 15) : 6.3883
Side Chain Topographical Entropy from corr. pLogP method (THR 16) : 4.4227
Side Chain Topographical Entropy from corr. pLogP method (PHE 17) : 0.3050
Side Chain Topographical Entropy from corr. pLogP method (ILE 18) : 9.8347
Side Chain Topographical Entropy from corr. pLogP method (VAL 19) : 1.5004
Side Chain Topographical Entropy from corr. pLogP method (THR 20) : 5.4609
Side Chain Topographical Entropy from corr. pLogP method (ALA 21) : -0.0000
Side Chain Topographical Entropy from corr. pLogP method (GLY 22) : -0.0000
Side Chain Topographical Entropy from corr. pLogP method (ALA 23) : -0.0000
Side Chain Topographical Entropy from corr. pLogP method (ASP 24) : 15.2176
Side Chain Topographical Entropy from corr. pLogP method (GLY 25) : -0.0000
Side Chain Topographical Entropy from corr. pLogP method (ALA 26) : -0.0000
Side Chain Topographical Entropy from corr. pLogP method (LEU 27) : 9.2408
Side Chain Topographical Entropy from corr. pLogP method (THR 28) : 8.2482
Side Chain Topographical Entropy from corr. pLogP method (GLY 29) : -0.0000
Side Chain Topographical Entropy from corr. pLogP method (THR 30) : 3.5208
Side Chain Topographical Entropy from corr. pLogP method (TYR 31) : 4.5103
Side Chain Topographical Entropy from corr. pLogP method (GLU 32) : 12.7243
Side Chain Topographical Entropy from corr. pLogP method (SER 33) : 7.3882
Side Chain Topographical Entropy from corr. pLogP method (ALA 34) : -0.0000
Side Chain Topographical Entropy from corr. pLogP method (VAL 35) : 7.9537
Side Chain Topographical Entropy from corr. pLogP method (GLY 36) : -0.0000
Side Chain Topographical Entropy from corr. pLogP method (ASN 37) : 11.4727
Side Chain Topographical Entropy from corr. pLogP method (ALA 38) : -0.0000
Side Chain Topographical Entropy from corr. pLogP method (GLU 39) : 20.5821
Side Chain Topographical Entropy from corr. pLogP method (SER 40) : 1.2466
Side Chain Topographical Entropy from corr. pLogP method (ARG 41) : 10.3463
Side Chain Topographical Entropy from corr. pLogP method (TYR 42) : 0.2897
Side Chain Topographical Entropy from corr. pLogP method (VAL 43) : 1.9931
Side Chain Topographical Entropy from corr. pLogP method (LEU 44) : 2.4673
Side Chain Topographical Entropy from corr. pLogP method (THR 45) : 7.8323
Side Chain Topographical Entropy from corr. pLogP method (GLY 46) : -0.0000
Side Chain Topographical Entropy from corr. pLogP method (ARG 47) : 0.0657
Side Chain Topographical Entropy from corr. pLogP method (TYR 48) : 3.5779
Side Chain Topographical Entropy from corr. pLogP method (ASP 49) : 0.1200
Side Chain Topographical Entropy from corr. pLogP method (SER 50) : 0.1698
Side Chain Topographical Entropy from corr. pLogP method (ALA 51) : -0.0000
Side Chain Topographical Entropy from corr. pLogP method (PRO 52) : 9.9368
Side Chain Topographical Entropy from corr. pLogP method (ALA 53) : -0.0000
Side Chain Topographical Entropy from corr. pLogP method (THR 54) : 4.7206
Side Chain Topographical Entropy from corr. pLogP method (ASP 55) : 6.4422
Side Chain Topographical Entropy from corr. pLogP method (GLY 56) : -0.0000
Side Chain Topographical Entropy from corr. pLogP method (SER 57) : -0.0000
Side Chain Topographical Entropy from corr. pLogP method (GLY 58) : -0.0000
Side Chain Topographical Entropy from corr. pLogP method (THR 59) : -0.0000
Side Chain Topographical Entropy from corr. pLogP method (ALA 60) : -0.0000
Side Chain Topographical Entropy from corr. pLogP method (LEU 61) : 0.7081
Side Chain Topographical Entropy from corr. pLogP method (GLY 62) : -0.0000
Side Chain Topographical Entropy from corr. pLogP method (TRP 63) : -0.0000
Side Chain Topographical Entropy from corr. pLogP method (THR 64) : 1.1877
Side Chain Topographical Entropy from corr. pLogP method (VAL 65) : -0.0000
Side Chain Topographical Entropy from corr. pLogP method (ALA 66) : -0.0000
Side Chain Topographical Entropy from corr. pLogP method (TRP 67) : 1.9099
Side Chain Topographical Entropy from corr. pLogP method (LYS 68) : 8.5056
Side Chain Topographical Entropy from corr. pLogP method (ASN 69) : 5.5490
Side Chain Topographical Entropy from corr. pLogP method (ASN 70) : 14.4104
Side Chain Topographical Entropy from corr. pLogP method (TYR 71) : 4.8903
Side Chain Topographical Entropy from corr. pLogP method (ARG 72) : 3.0341
Side Chain Topographical Entropy from corr. pLogP method (ASN 73) : 0.0657
Side Chain Topographical Entropy from corr. pLogP method (ALA 74) : -0.0000
Side Chain Topographical Entropy from corr. pLogP method (HID 75) : 0.7161
Side Chain Topographical Entropy from corr. pLogP method (SER 76) : 5.8626
Side Chain Topographical Entropy from corr. pLogP method (ALA 77) : -0.0000
Side Chain Topographical Entropy from corr. pLogP method (THR 78) : 0.0657
Side Chain Topographical Entropy from corr. pLogP method (THR 79) : -0.0000
Side Chain Topographical Entropy from corr. pLogP method (TRP 80) : 2.1303
Side Chain Topographical Entropy from corr. pLogP method (SER 81) : 0.1200
Side Chain Topographical Entropy from corr. pLogP method (GLY 82) : -0.0000
Side Chain Topographical Entropy from corr. pLogP method (GLN 83) : 7.8951
Side Chain Topographical Entropy from corr. pLogP method (TYR 84) : -0.0000
Side Chain Topographical Entropy from corr. pLogP method (VAL 85) : 2.7964
Side Chain Topographical Entropy from corr. pLogP method (GLY 86) : -0.0000
Side Chain Topographical Entropy from corr. pLogP method (GLY 87) : -0.0000
Side Chain Topographical Entropy from corr. pLogP method (ALA 88) : -0.0000
Side Chain Topographical Entropy from corr. pLogP method (GLU 89) : 20.6878
Side Chain Topographical Entropy from corr. pLogP method (ALA 90) : -0.0000
Side Chain Topographical Entropy from corr. pLogP method (ARG 91) : 9.9237
Side Chain Topographical Entropy from corr. pLogP method (ILE 92) : 0.4522
Side Chain Topographical Entropy from corr. pLogP method (ASN 93) : 6.2143
Side Chain Topographical Entropy from corr. pLogP method (THR 94) : 0.0657
Side Chain Topographical Entropy from corr. pLogP method (GLN 95) : 2.7685
Side Chain Topographical Entropy from corr. pLogP method (TRP 96) : 0.8473
Side Chain Topographical Entropy from corr. pLogP method (LEU 97) : 0.0657
Side Chain Topographical Entropy from corr. pLogP method (LEU 98) : 2.5561
Side Chain Topographical Entropy from corr. pLogP method (THR 99) : 0.2168
Side Chain Topographical Entropy from corr. pLogP method (SER 100) : 7.7403
Side Chain Topographical Entropy from corr. pLogP method (GLY 101) : -0.0000
Side Chain Topographical Entropy from corr. pLogP method (THR 102) : -0.0000
Side Chain Topographical Entropy from corr. pLogP method (THR 103) : -0.0000
Side Chain Topographical Entropy from corr. pLogP method (GLU 104) : 20.5917
Side Chain Topographical Entropy from corr. pLogP method (ALA 105) : -0.0000
Side Chain Topographical Entropy from corr. pLogP method (ASN 106) : 4.6742
Side Chain Topographical Entropy from corr. pLogP method (ALA 107) : -0.0000
Side Chain Topographical Entropy from corr. pLogP method (TRP 108) : 5.7618
Side Chain Topographical Entropy from corr. pLogP method (LYS 109) : 7.9259
Side Chain Topographical Entropy from corr. pLogP method (SER 110) : 1.1203
Side Chain Topographical Entropy from corr. pLogP method (THR 111) : -0.0000
Side Chain Topographical Entropy from corr. pLogP method (LEU 112) : 3.3289
Side Chain Topographical Entropy from corr. pLogP method (VAL 113) : 0.1698
Side Chain Topographical Entropy from corr. pLogP method (GLY 114) : -0.0000
Side Chain Topographical Entropy from corr. pLogP method (HID 115) : 5.7329
Side Chain Topographical Entropy from corr. pLogP method (ASP 116) : 6.9273
Side Chain Topographical Entropy from corr. pLogP method (THR 117) : -0.0000
Side Chain Topographical Entropy from corr. pLogP method (PHE 118) : -0.0000
Side Chain Topographical Entropy from corr. pLogP method (THR 119) : 5.5319
Side Chain Topographical Entropy from corr. pLogP method (LYS 120) : 11.6859
Side Chain Topographical Entropy from corr. pLogP method (VAL 121) : 6.8421
Side Chain Topographical Entropy from corr. pLogP method (LYS 122) : 19.3822
Side Chain Topographical Entropy from corr. pLogP method (PRO 123) : 14.1524
Side Chain Topographical Entropy from corr. pLogP method (SER 124) : 7.8958
Side Chain Topographical Entropy from corr. pLogP method (ALA 125) : -0.0000
Side Chain Topographical Entropy from corr. pLogP method (ALA 126) : -0.0000
Side Chain Topographical Entropy from corr. pLogP method (CSER 127) : 5.6316
____________________________________________________________
Total SC Topog. Entropy (corr. pLogP)    :         474.711
------------------------------------------------------------
____________________________________________________________
Total BB Topog. Entropy (corr. pLogP)    :          17.211
------------------------------------------------------------
____________________________________________________________
Total Entropy                            :         491.923
------------------------------------------------------------
