0.8288
18.0589
-0.0000
-0.0000
1.4488
-0.0000
-0.0000
2.1516
-0.0000
0.1200
-0.0000
14.6664
2.4744
-0.0000
5.4027
0.4656
1.1264
7.7801
6.4922
3.6000
-0.0000
-0.0000
-0.0000
4.9301
-0.0000
-0.0000
1.5763
9.0834
-0.0000
-0.0000
-0.0000
16.1114
5.9694
-0.0000
7.5419
-0.0000
10.6920
-0.0000
22.9993
6.5618
0.4125
-0.0000
0.1200
0.0657
1.4227
-0.0000
-0.0000
-0.0000
-0.0000
0.1857
-0.0000
3.8015
-0.0000
5.0066
4.9688
-0.0000
-0.0000
-0.0000
-0.0000
-0.0000
5.4022
-0.0000
-0.0000
5.6424
-0.0000
-0.0000
-0.0000
10.6414
-0.0000
12.3405
-0.0000
8.8895
-0.0000
-0.0000
-0.0000
0.3468
-0.0000
-0.0000
-0.0000
-0.0000
-0.0000
-0.0000
4.9144
-0.0000
3.9067
-0.0000
-0.0000
-0.0000
15.7771
-0.0000
4.2930
0.4270
9.0893
-0.0000
8.9060
-0.0000
0.1200
3.5737
-0.0000
8.7910
-0.0000
-0.0000
-0.0000
19.3133
-0.0000
2.0134
-0.0000
-0.0000
8.1814
-0.0000
0.0657
3.2121
-0.0000
-0.0000
5.4744
-0.0000
-0.0000
-0.0000
4.1258
13.0364
2.6590
23.2193
5.1904
5.9142
-0.0000
-0.0000
2.0191
0.6352
24.9038
-0.0000
-0.0000
4.1160
-0.0000
-0.0000
1.2614
-0.0000
-0.0000
-0.0000
14.3913
-0.0000
-0.0000
2.8773
5.4328
-0.0000
3.6967
8.7443
1.6505
-0.0000
-0.0000
-0.0000
8.0948
-0.0000
-0.0000
9.3142
6.0593
-0.0000
0.4270
-0.0000
9.2733
5.4546
-0.0000
8.7589
-0.0000
10.9909
-0.0000
20.2154
5.6499
7.8193
-0.0000
-0.0000
0.5405
1.0023
-0.0000
-0.0000
-0.0000
-0.0000
0.3050
-0.0000
4.6293
-0.0000
5.6766
1.6505
-0.0000
-0.0000
-0.0000
-0.0000
-0.0000
9.5425
-0.0000
-0.0000
3.6418
0.1315
-0.0000
6.4651
12.1214
0.1200
7.9953
2.3178
15.3604
-0.0000
-0.0000
-0.0000
8.0877
-0.0000
0.2617
-0.0000
-0.0000
0.1698
-0.0000
6.4545
-0.0000
3.0690
-0.0000
-0.0000
-0.0000
19.6431
-0.0000
9.2503
0.3050
0.5691
-0.0000
5.7548
-0.0000
-0.0000
5.7623
0.5405
6.4895
-0.0000
-0.0000
5.4093
24.1524
-0.0000
2.1617
-0.0000
-0.0000
12.5134
0.1200
-0.0000
4.1810
-0.0000
-0.0000
-0.0000
-0.0000
-0.0000
6.0147
-0.0000
10.3341
0.5405
22.6176
4.8329
4.4239
-0.0000
-0.0000
3.7899
0.8790
18.8179
-0.0000
-0.0000
1.5763
-0.0000
-0.0000
5.3354
-0.0000
-0.0000
-0.0000
18.4368
7.1979
-0.0000
5.0545
8.6899
5.6565
10.4399
2.2896
3.5001
-0.0000
-0.0000
-0.0000
10.2793
-0.0000
-0.0000
2.8751
6.0509
-0.0000
7.1585
9.6722
15.7307
7.2095
-0.0000
5.4714
-0.0000
10.5131
-0.0000
24.1731
7.5207
7.1723
-0.0000
5.5570
4.2622
3.0324
-0.0000
-0.0000
-0.0000
-0.0000
1.6505
-0.0000
3.5976
-0.0000
2.2770
11.0243
-0.0000
5.1244
-0.0000
-0.0000
-0.0000
8.5840
-0.0000
-0.0000
-0.0000
0.4270
-0.0000
-0.0000
11.7846
-0.0000
14.4710
0.3874
10.5988
-0.0000
-0.0000
4.2622
3.4710
-0.0000
-0.0000
5.1343
-0.0000
-0.0000
-0.0000
4.8282
-0.0000
-0.0000
-0.0000
-0.0000
-0.0000
18.0145
-0.0000
1.6846
-0.0000
0.2617
0.1200
0.5966
-0.0000
-0.0000
4.8903
-0.0000
5.1665
-0.0000
3.5355
0.0657
22.8207
-0.0000
1.6569
-0.0000
-0.0000
13.6441
1.1865
-0.0000
1.6024
-0.0000
-0.0000
-0.0000
0.2168
0.3050
-0.0000
5.0360
12.0415
-0.0000
24.0723
3.0175
8.1598
-0.0000
-0.0000
10.2685
0.9720
16.2132
-0.0000
-0.0000
0.0657
-0.0000
-0.0000
5.6216
-0.0000
-0.0000
-0.0000
22.2675
11.2960
-0.0000
2.6936
4.0185
0.2617
6.2888
8.2809
2.5916
-0.0000
-0.0000
-0.0000
10.4230
-0.0000
-0.0000
8.1018
7.6643
-0.0000
8.8676
-0.0000
13.3656
3.5908
-0.0000
6.9721
-0.0000
12.6632
-0.0000
15.9540
7.1305
15.3891
-0.0000
3.0895
0.3050
4.8694
-0.0000
-0.0000
-0.0000
-0.0000
-0.0000
-0.0000
5.4142
-0.0000
6.4930
3.4417
-0.0000
0.7495
-0.0000
-0.0000
-0.0000
7.3172
-0.0000
-0.0000
0.7161
0.0657
-0.0000
-0.0000
15.9375
-0.0000
12.9711
2.7392
11.2426
0.0657
-0.0000
-0.0000
5.9323
-0.0000
-0.0000
-0.0000
-0.0000
0.1200
-0.0000
11.9211
-0.0000
0.0657
-0.0000
-0.0000
-0.0000
19.8407
-0.0000
3.7396
-0.0000
2.0040
-0.0000
-0.0000
-0.0000
4.6196
1.1568
-0.0000
7.2025
-0.0000
4.6199
7.8586
22.2455
-0.0000
4.9322
-0.0000
-0.0000
18.2295
4.8562
-0.0000
6.6829
-0.0000
-0.0000
-0.0000
6.8117
0.0657
-0.0000
5.6089
11.1397
-0.0000
22.4718
6.7006
5.6252
-0.0000
-0.0000
10.5548
0.4270
10.2630
-0.0000
-0.0000
1.4747
2.6662
-0.0000
-0.0000
-0.0000
-0.0000
-0.0000
16.9268
5.5950
-0.0000
2.0656
1.2058
10.7247
7.8567
6.3807
7.7631
-0.0000
-0.0000
-0.0000
13.1759
-0.0000
-0.0000
4.1592
8.3154
-0.0000
-0.0000
7.3787
6.5411
8.3558
-0.0000
3.9174
-0.0000
9.3045
-0.0000
15.3696
4.5126
-0.0000
-0.0000
0.1200
0.1698
1.8178
-0.0000
-0.0000
-0.0000
-0.0000
0.2617
-0.0000
5.6896
-0.0000
1.1776
9.4443
-0.0000
7.1665
-0.0000
-0.0000
-0.0000
-0.0000
-0.0000
-0.0000
5.6667
-0.0000
-0.0000
-0.0000
13.0947
-0.0000
13.0843
-0.0000
7.5707
-0.0000
-0.0000
-0.0000
1.3808
-0.0000
-0.0000
-0.0000
-0.0000
-0.0000
-0.0000
4.4200
-0.0000
0.0657
-0.0000
-0.0000
-0.0000
16.4129
-0.0000
6.6131
2.0438
1.8617
0.0657
-0.0000
-0.0000
5.8775
1.4624
-0.0000
7.7356
-0.0000
-0.0000
7.2363
24.3578
-0.0000
2.0334
-0.0000
-0.0000
12.8454
-0.0000
-0.0000
1.8232
-0.0000
-0.0000
5.8659
9.6011
-0.0000
-0.0000
-0.0000
7.9897
1.8178
24.1270
6.0894
5.7577
-0.0000
-0.0000
4.2560
