UATOM NALA          1       9.150      38.531
UATOM GLU           2      22.310      21.395
UATOM ALA           3       5.364      23.898
UATOM GLY           4       2.738      12.159
UATOM ILE           5      26.527      52.736
UATOM THR           6      20.712      32.875
UATOM GLY           7       2.491      13.481
UATOM THR           8      20.781      34.259
UATOM TRP           9      54.174      40.534
UATOM TYR          10      43.122      36.697
UATOM ALA          11       6.568      23.485
UATOM GLN          12      26.267      32.970
UATOM LEU          13      26.259      51.211
UATOM GLY          14       2.904      14.205
UATOM SER          15      12.047      22.602
UATOM THR          16      20.535      34.566
UATOM PHE          17      37.629      38.620
UATOM ILE          18      25.980      52.066
UATOM VAL          19      18.852      43.530
UATOM THR          20      20.021      34.835
UATOM ALA          21       7.367      27.219
UATOM GLY          22       2.683      14.428
UATOM ALA          23       7.275      26.169
UATOM ASP          24      20.348      15.542
UATOM GLY          25       2.932      13.204
UATOM ALA          26       7.110      25.297
UATOM LEU          27      26.052      51.601
UATOM THR          28      17.822      34.888
UATOM GLY          29       2.674      13.127
UATOM THR          30      20.900      35.025
UATOM TYR          31      47.038      38.912
UATOM GLU          32      26.316      22.465
UATOM SER          33      11.754      21.676
UATOM ALA          34       6.239      25.099
UATOM VAL          35      17.577      44.102
UATOM GLY          36       2.943      12.476
UATOM ASN          37      20.872      26.033
UATOM ALA          38       7.543      25.957
UATOM GLU          39      25.351      23.457
UATOM SER          40      12.617      22.095
UATOM ARG          41      44.864      57.467
UATOM TYR          42      47.968      40.366
UATOM VAL          43      19.867      44.438
UATOM LEU          44      27.139      50.577
UATOM THR          45      21.119      36.340
UATOM GLY          46       2.722      13.009
UATOM ARG          47      49.772      58.478
UATOM TYR          48      46.521      39.675
UATOM ASP          49      24.796      16.284
UATOM SER          50      12.879      23.324
UATOM ALA          51       7.550      24.055
UATOM PRO          52      13.972      27.330
UATOM ALA          53       7.013      25.462
UATOM THR          54      18.861      34.814
UATOM ASP          55      21.152      14.795
UATOM GLY          56       2.897      13.406
UATOM SER          57      13.124      20.441
UATOM GLY          58       2.699      13.713
UATOM THR          59      21.736      35.124
UATOM ALA          60       7.387      24.868
UATOM LEU          61      25.915      51.362
UATOM GLY          62       2.753      13.657
UATOM TRP          63      55.792      41.403
UATOM THR          64      19.488      33.729
UATOM VAL          65      20.746      43.848
UATOM ALA          66       7.601      25.283
UATOM TRP          67      55.321      43.018
UATOM LYS          68      30.059      52.476
UATOM ASN          69      24.339      26.350
UATOM ASN          70      20.626      27.290
UATOM TYR          71      42.951      37.544
UATOM ARG          72      44.030      58.219
UATOM ASN          73      24.835      27.736
UATOM ALA          74       7.140      25.520
UATOM HID          75      33.063      30.610
UATOM SER          76      13.573      22.484
UATOM ALA          77       7.380      26.128
UATOM THR          78      21.043      35.671
UATOM THR          79      20.543      38.511
UATOM TRP          80      54.925      43.235
UATOM SER          81      13.093      21.792
UATOM GLY          82       2.753      13.665
UATOM GLN          83      33.306      34.875
UATOM TYR          84      44.997      37.470
UATOM VAL          85      19.180      43.669
UATOM GLY          86       2.747      12.629
UATOM GLY          87       2.516      13.086
UATOM ALA          88       6.858      25.740
UATOM GLU          89      23.401      21.258
UATOM ALA          90       6.359      24.625
UATOM ARG          91      44.245      53.534
UATOM ILE          92      26.060      51.971
UATOM ASN          93      22.525      25.788
UATOM THR          94      20.569      34.266
UATOM GLN          95      29.903      34.842
UATOM TRP          96      54.618      43.871
UATOM LEU          97      27.816      52.617
UATOM LEU          98      26.329      53.063
UATOM THR          99      21.330      37.200
UATOM SER         100      12.223      22.240
UATOM GLY         101       2.497      13.763
UATOM THR         102      19.904      35.775
UATOM THR         103      20.510      35.540
UATOM GLU         104      26.780      24.143
UATOM ALA         105       7.251      25.765
UATOM ASN         106      23.864      27.270
UATOM ALA         107       7.250      26.194
UATOM TRP         108      51.987      41.757
UATOM LYS         109      30.844      53.992
UATOM SER         110      12.736      23.753
UATOM THR         111      20.786      37.035
UATOM LEU         112      26.189      50.605
UATOM VAL         113      20.387      42.152
UATOM GLY         114       2.791      13.540
UATOM HID         115      30.664      27.702
UATOM ASP         116      25.047      15.676
UATOM THR         117      20.583      35.329
UATOM PHE         118      38.118      37.419
UATOM THR         119      19.215      34.012
UATOM LYS         120      29.447      53.846
UATOM VAL         121      18.705      45.997
UATOM LYS         122      27.666      51.813
UATOM PRO         123      14.199      27.360
UATOM SER         124      11.905      21.123
UATOM ALA         125       7.585      27.468
UATOM ALA         126       7.192      24.793
UATOM CSER        127      17.565      22.008
UATOM NALA          1       9.493      38.992
UATOM GLU           2      21.885      21.535
UATOM ALA           3       5.329      24.895
UATOM GLY           4       2.750      11.193
UATOM ILE           5      26.011      53.883
UATOM THR           6      20.791      34.879
UATOM GLY           7       2.565      12.313
UATOM THR           8      19.567      33.388
UATOM TRP           9      53.923      40.458
UATOM TYR          10      45.278      38.250
UATOM ALA          11       6.921      22.736
UATOM GLN          12      26.434      33.674
UATOM LEU          13      25.302      51.406
UATOM GLY          14       2.632      12.987
UATOM SER          15      12.366      21.643
UATOM THR          16      18.635      32.350
UATOM PHE          17      36.243      36.410
UATOM ILE          18      25.508      51.881
UATOM VAL          19      18.072      43.643
UATOM THR          20      20.173      34.449
UATOM ALA          21       7.478      25.869
UATOM GLY          22       2.417      12.482
UATOM ALA          23       6.741      26.062
UATOM ASP          24      18.852      14.714
UATOM GLY          25       2.831      12.741
UATOM ALA          26       6.902      25.736
UATOM LEU          27      24.038      50.988
UATOM THR          28      19.368      33.730
UATOM GLY          29       2.686      11.638
UATOM THR          30      20.179      34.507
UATOM TYR          31      45.364      36.716
UATOM GLU          32      26.995      21.195
UATOM SER          33      11.996      20.728
UATOM ALA          34       7.068      26.360
UATOM VAL          35      16.991      44.983
UATOM GLY          36       2.794      14.109
UATOM ASN          37      20.350      27.045
UATOM ALA          38       7.307      25.423
UATOM GLU          39      25.299      22.524
UATOM SER          40      12.500      22.403
UATOM ARG          41      43.972      59.795
UATOM TYR          42      44.976      37.054
UATOM VAL          43      20.399      42.341
UATOM LEU          44      26.852      51.316
UATOM THR          45      20.347      35.925
UATOM GLY          46       2.742      13.316
UATOM ARG          47      47.980      59.445
UATOM TYR          48      44.876      38.032
UATOM ASP          49      24.504      16.330
UATOM SER          50      12.607      22.839
UATOM ALA          51       6.609      23.536
UATOM PRO          52      12.506      26.517
UATOM ALA          53       6.656      25.438
UATOM THR          54      17.332      35.605
UATOM ASP          55      22.280      14.749
UATOM GLY          56       2.768      13.515
UATOM SER          57      12.023      20.349
UATOM GLY          58       2.496      12.969
UATOM THR          59      20.084      35.162
UATOM ALA          60       7.165      26.226
UATOM LEU          61      24.620      51.277
UATOM GLY          62       2.764      13.145
UATOM TRP          63      53.233      41.298
UATOM THR          64      19.452      33.858
UATOM VAL          65      19.678      43.920
UATOM ALA          66       6.861      24.845
UATOM TRP          67      44.616      39.835
UATOM LYS          68      30.108      53.904
UATOM ASN          69      24.105      25.762
UATOM ASN          70      20.673      26.301
UATOM TYR          71      40.991      36.517
UATOM ARG          72      39.501      56.677
UATOM ASN          73      22.000      25.274
UATOM ALA          74       6.757      25.334
UATOM HID          75      28.991      29.768
UATOM SER          76      11.284      20.971
UATOM ALA          77       7.014      25.421
UATOM THR          78      20.234      34.570
UATOM THR          79      20.637      35.977
UATOM TRP          80      53.823      41.515
UATOM SER          81      12.748      22.305
UATOM GLY          82       2.825      14.098
UATOM GLN          83      30.242      35.937
UATOM TYR          84      44.120      38.712
UATOM VAL          85      19.137      43.728
UATOM GLY          86       2.295      12.916
UATOM GLY          87       2.400      12.142
UATOM ALA          88       6.485      25.305
UATOM GLU          89      24.682      21.976
UATOM ALA          90       6.930      25.455
UATOM ARG          91      42.029      56.140
UATOM ILE          92      26.141      51.009
UATOM ASN          93      23.747      28.443
UATOM THR          94      20.969      35.899
UATOM GLN          95      30.470      35.221
UATOM TRP          96      54.048      42.365
UATOM LEU          97      27.675      52.703
UATOM LEU          98      25.169      51.477
UATOM THR          99      20.776      35.065
UATOM SER         100      11.895      22.082
UATOM GLY         101       2.632      13.458
UATOM THR         102      19.283      34.999
UATOM THR         103      19.239      35.973
UATOM GLU         104      23.990      21.968
UATOM ALA         105       7.055      24.714
UATOM ASN         106      21.867      27.401
UATOM ALA         107       6.760      24.834
UATOM TRP         108      48.607      38.851
UATOM LYS         109      29.198      52.157
UATOM SER         110      12.431      23.111
UATOM THR         111      20.569      35.175
UATOM LEU         112      26.338      51.387
UATOM VAL         113      19.431      43.554
UATOM GLY         114       2.794      13.538
UATOM HID         115      31.104      30.359
UATOM ASP         116      24.242      15.797
UATOM THR         117      20.649      36.232
UATOM PHE         118      34.361      36.846
UATOM THR         119      19.926      37.089
UATOM LYS         120      29.792      51.404
UATOM VAL         121      18.481      42.153
UATOM LYS         122      29.023      54.015
UATOM PRO         123      14.057      26.394
UATOM SER         124      12.419      22.067
UATOM ALA         125       6.649      27.623
UATOM ALA         126       6.668      25.033
UATOM CSER        127      19.922      21.880
UATOM NALA          1       9.187      38.655
UATOM GLU           2      23.785      21.624
UATOM ALA           3       6.342      24.519
UATOM GLY           4       2.689      12.394
UATOM ILE           5      25.158      51.877
UATOM THR           6      19.887      36.599
UATOM GLY           7       2.640      12.251
UATOM THR           8      19.312      33.240
UATOM TRP           9      49.586      41.024
UATOM TYR          10      40.869      39.514
UATOM ALA          11       6.901      23.365
UATOM GLN          12      25.790      32.434
UATOM LEU          13      23.157      51.002
UATOM GLY          14       2.762      11.638
UATOM SER          15      11.164      21.371
UATOM THR          16      18.245      34.038
UATOM PHE          17      32.365      35.252
UATOM ILE          18      23.844      51.644
UATOM VAL          19      18.775      43.196
UATOM THR          20      19.237      35.024
UATOM ALA          21       7.242      25.991
UATOM GLY          22       2.416      12.543
UATOM ALA          23       6.662      25.738
UATOM ASP          24      18.591      16.054
UATOM GLY          25       3.111      12.135
UATOM ALA          26       6.650      24.851
UATOM LEU          27      24.709      50.853
UATOM THR          28      18.361      33.870
UATOM GLY          29       2.626      12.274
UATOM THR          30      18.246      33.740
UATOM TYR          31      38.851      37.390
UATOM GLU          32      25.757      22.155
UATOM SER          33      11.915      20.845
UATOM ALA          34       6.351      24.666
UATOM VAL          35      17.568      44.707
UATOM GLY          36       2.491      12.518
UATOM ASN          37      20.249      25.957
UATOM ALA          38       7.092      25.588
UATOM GLU          39      24.066      21.707
UATOM SER          40      11.306      21.157
UATOM ARG          41      42.056      54.695
UATOM TYR          42      42.049      37.050
UATOM VAL          43      18.590      44.820
UATOM LEU          44      24.066      49.510
UATOM THR          45      18.588      34.700
UATOM GLY          46       2.746      12.108
UATOM ARG          47      45.427      58.171
UATOM TYR          48      42.207      38.105
UATOM ASP          49      23.712      14.316
UATOM SER          50      11.151      21.889
UATOM ALA          51       6.676      24.041
UATOM PRO          52      13.265      26.273
UATOM ALA          53       7.136      26.359
UATOM THR          54      18.732      35.184
UATOM ASP          55      17.384      15.384
UATOM GLY          56       2.507      12.405
UATOM SER          57      11.092      20.903
UATOM GLY          58       2.679      12.311
UATOM THR          59      19.835      32.115
UATOM ALA          60       7.067      26.273
UATOM LEU          61      23.357      50.607
UATOM GLY          62       2.654      13.063
UATOM TRP          63      49.324      42.081
UATOM THR          64      19.032      33.682
UATOM VAL          65      18.411      43.668
UATOM ALA          66       6.963      24.190
UATOM TRP          67      50.280      40.237
UATOM LYS          68      29.262      52.665
UATOM ASN          69      22.462      27.315
UATOM ASN          70      20.907      26.933
UATOM TYR          71      40.122      40.028
UATOM ARG          72      41.318      57.357
UATOM ASN          73      23.669      27.205
UATOM ALA          74       7.132      25.197
UATOM HID          75      27.677      28.019
UATOM SER          76      11.764      21.915
UATOM ALA          77       6.401      24.775
UATOM THR          78      19.055      34.013
UATOM THR          79      18.733      33.582
UATOM TRP          80      48.888      38.476
UATOM SER          81      12.282      21.212
UATOM GLY          82       2.701      11.856
UATOM GLN          83      29.616      32.822
UATOM TYR          84      41.818      36.849
UATOM VAL          85      19.071      44.149
UATOM GLY          86       2.361      12.202
UATOM GLY          87       2.310      12.012
UATOM ALA          88       6.568      25.810
UATOM GLU          89      24.692      22.755
UATOM ALA          90       7.007      25.094
UATOM ARG          91      44.951      59.174
UATOM ILE          92      25.580      51.575
UATOM ASN          93      23.059      27.588
UATOM THR          94      19.404      32.109
UATOM GLN          95      30.886      32.550
UATOM TRP          96      51.109      38.218
UATOM LEU          97      26.586      51.263
UATOM LEU          98      24.307      51.016
UATOM THR          99      19.278      35.821
UATOM SER         100      11.161      21.611
UATOM GLY         101       2.503      11.653
UATOM THR         102      19.002      33.533
UATOM THR         103      19.244      34.947
UATOM GLU         104      24.183      23.385
UATOM ALA         105       6.256      25.605
UATOM ASN         106      21.905      26.411
UATOM ALA         107       6.641      25.547
UATOM TRP         108      48.163      41.725
UATOM LYS         109      28.140      53.319
UATOM SER         110      12.173      21.468
UATOM THR         111      19.622      34.822
UATOM LEU         112      25.237      50.508
UATOM VAL         113      18.975      42.802
UATOM GLY         114       2.662      12.052
UATOM HID         115      28.552      27.085
UATOM ASP         116      21.840      15.168
UATOM THR         117      20.026      34.839
UATOM PHE         118      32.664      35.694
UATOM THR         119      18.388      35.200
UATOM LYS         120      28.944      53.617
UATOM VAL         121      17.564      41.479
UATOM LYS         122      26.912      52.555
UATOM PRO         123      13.680      26.863
UATOM SER         124      11.443      21.355
UATOM ALA         125       6.525      24.668
UATOM ALA         126       5.626      24.972
UATOM CSER        127      17.286      19.852
UATOM NALA          1       9.501      37.804
UATOM GLU           2      24.409      22.974
UATOM ALA           3       6.498      24.636
UATOM GLY           4       2.874      11.934
UATOM ILE           5      25.319      51.402
UATOM THR           6      18.555      34.659
UATOM GLY           7       2.540      12.474
UATOM THR           8      16.990      33.505
UATOM TRP           9      44.933      38.990
UATOM TYR          10      38.375      35.737
UATOM ALA          11       6.346      23.518
UATOM GLN          12      25.465      32.152
UATOM LEU          13      22.028      50.833
UATOM GLY          14       2.525      12.905
UATOM SER          15      10.830      21.100
UATOM THR          16      17.635      33.508
UATOM PHE          17      31.807      35.127
UATOM ILE          18      24.361      51.635
UATOM VAL          19      17.579      42.554
UATOM THR          20      19.856      34.494
UATOM ALA          21       6.881      26.543
UATOM GLY          22       2.255      12.593
UATOM ALA          23       6.363      25.105
UATOM ASP          24      18.399      15.053
UATOM GLY          25       2.649      12.649
UATOM ALA          26       6.814      25.598
UATOM LEU          27      23.593      51.210
UATOM THR          28      17.947      34.891
UATOM GLY          29       2.749      12.298
UATOM THR          30      17.228      33.121
UATOM TYR          31      38.888      35.864
UATOM GLU          32      24.420      21.879
UATOM SER          33      11.489      20.987
UATOM ALA          34       6.498      24.902
UATOM VAL          35      16.292      42.913
UATOM GLY          36       2.414      11.917
UATOM ASN          37      20.113      25.415
UATOM ALA          38       6.458      24.411
UATOM GLU          39      24.700      22.703
UATOM SER          40      10.516      21.368
UATOM ARG          41      37.698      54.009
UATOM TYR          42      40.345      35.975
UATOM VAL          43      17.727      43.103
UATOM LEU          44      24.249      52.750
UATOM THR          45      17.912      35.019
UATOM GLY          46       2.660      13.031
UATOM ARG          47      44.222      58.886
UATOM TYR          48      39.790      36.223
UATOM ASP          49      21.395      15.463
UATOM SER          50      11.704      21.362
UATOM ALA          51       6.162      24.128
UATOM PRO          52      11.960      26.578
UATOM ALA          53       6.345      24.740
UATOM THR          54      17.629      34.812
UATOM ASP          55      19.338      14.688
UATOM GLY          56       2.547      12.415
UATOM SER          57      11.775      20.221
UATOM GLY          58       2.637      13.601
UATOM THR          59      18.571      33.816
UATOM ALA          60       6.328      25.484
UATOM LEU          61      22.686      51.720
UATOM GLY          62       2.485      12.470
UATOM TRP          63      46.704      41.366
UATOM THR          64      19.957      33.832
UATOM VAL          65      18.449      43.659
UATOM ALA          66       6.702      25.083
UATOM TRP          67      45.828      39.210
UATOM LYS          68      28.357      53.867
UATOM ASN          69      22.817      26.201
UATOM ASN          70      19.711      27.385
UATOM TYR          71      36.496      35.814
UATOM ARG          72      39.952      57.335
UATOM ASN          73      22.801      25.345
UATOM ALA          74       6.505      26.267
UATOM HID          75      28.012      28.597
UATOM SER          76      10.992      21.946
UATOM ALA          77       6.133      25.482
UATOM THR          78      18.510      33.132
UATOM THR          79      18.838      35.164
UATOM TRP          80      44.360      39.323
UATOM SER          81      11.977      20.240
UATOM GLY          82       2.593      11.789
UATOM GLN          83      27.678      33.539
UATOM TYR          84      40.298      37.919
UATOM VAL          85      17.545      43.344
UATOM GLY          86       2.477      12.556
UATOM GLY          87       2.385      11.991
UATOM ALA          88       6.068      24.919
UATOM GLU          89      22.356      21.119
UATOM ALA          90       6.616      25.688
UATOM ARG          91      43.128      58.104
UATOM ILE          92      24.169      51.034
UATOM ASN          93      21.148      27.951
UATOM THR          94      18.586      32.861
UATOM GLN          95      30.453      35.450
UATOM TRP          96      46.120      39.994
UATOM LEU          97      24.474      51.277
UATOM LEU          98      24.155      51.794
UATOM THR          99      20.466      35.013
UATOM SER         100      10.883      20.990
UATOM GLY         101       2.393      12.699
UATOM THR         102      17.915      35.013
UATOM THR         103      17.686      34.091
UATOM GLU         104      23.909      21.333
UATOM ALA         105       6.661      24.238
UATOM ASN         106      21.923      25.874
UATOM ALA         107       6.493      24.200
UATOM TRP         108      44.582      39.607
UATOM LYS         109      26.983      52.318
UATOM SER         110      10.893      21.740
UATOM THR         111      18.250      36.244
UATOM LEU         112      23.218      50.824
UATOM VAL         113      17.854      42.530
UATOM GLY         114       2.520      12.137
UATOM HID         115      27.470      29.044
UATOM ASP         116      20.165      14.980
UATOM THR         117      19.438      33.956
UATOM PHE         118      30.723      35.790
UATOM THR         119      18.488      35.692
UATOM LYS         120      27.188      52.578
UATOM VAL         121      17.954      43.636
UATOM LYS         122      27.532      51.479
UATOM PRO         123      12.546      26.365
UATOM SER         124      10.074      20.869
UATOM ALA         125       5.989      24.435
UATOM ALA         126       5.367      22.774
UATOM CSER        127      15.406      20.150
UATOM NALA          1       9.891      38.870
UATOM GLU           2      24.374      22.427
UATOM ALA           3       6.163      25.113
UATOM GLY           4       2.702      13.409
UATOM ILE           5      24.789      52.542
UATOM THR           6      18.232      33.207
UATOM GLY           7       2.688      11.862
UATOM THR           8      19.514      32.340
UATOM TRP           9      45.882      38.869
UATOM TYR          10      39.019      36.145
UATOM ALA          11       6.139      23.121
UATOM GLN          12      26.743      32.845
UATOM LEU          13      22.658      51.094
UATOM GLY          14       2.783      12.473
UATOM SER          15      11.258      20.878
UATOM THR          16      18.166      32.340
UATOM PHE          17      28.079      33.237
UATOM ILE          18      23.886      51.973
UATOM VAL          19      17.657      42.583
UATOM THR          20      18.712      34.242
UATOM ALA          21       6.554      26.563
UATOM GLY          22       2.510      12.778
UATOM ALA          23       6.613      26.025
UATOM ASP          24      17.500      14.130
UATOM GLY          25       2.687      13.200
UATOM ALA          26       7.159      25.572
UATOM LEU          27      24.194      50.772
UATOM THR          28      18.290      33.276
UATOM GLY          29       2.553      12.121
UATOM THR          30      19.037      34.173
UATOM TYR          31      36.971      36.617
UATOM GLU          32      25.646      21.245
UATOM SER          33      10.957      21.470
UATOM ALA          34       5.747      25.061
UATOM VAL          35      18.265      44.101
UATOM GLY          36       2.553      12.020
UATOM ASN          37      19.591      25.610
UATOM ALA          38       6.894      25.382
UATOM GLU          39      25.249      23.648
UATOM SER          40      11.034      21.530
UATOM ARG          41      42.822      56.496
UATOM TYR          42      41.163      36.633
UATOM VAL          43      19.181      42.502
UATOM LEU          44      24.167      50.673
UATOM THR          45      19.379      36.142
UATOM GLY          46       2.579      12.483
UATOM ARG          47      43.303      56.497
UATOM TYR          48      42.365      36.849
UATOM ASP          49      21.084      16.275
UATOM SER          50      11.730      22.012
UATOM ALA          51       6.409      24.175
UATOM PRO          52      12.114      26.355
UATOM ALA          53       6.083      25.743
UATOM THR          54      17.567      34.984
UATOM ASP          55      19.237      14.717
UATOM GLY          56       2.800      13.118
UATOM SER          57      10.434      20.039
UATOM GLY          58       2.522      12.698
UATOM THR          59      19.130      34.200
UATOM ALA          60       6.828      25.499
UATOM LEU          61      25.280      49.850
UATOM GLY          62       2.571      13.071
UATOM TRP          63      46.839      39.834
UATOM THR          64      18.276      33.804
UATOM VAL          65      18.522      43.289
UATOM ALA          66       6.537      24.999
UATOM TRP          67      46.368      39.568
UATOM LYS          68      28.156      52.391
UATOM ASN          69      22.476      24.992
UATOM ASN          70      20.545      25.888
UATOM TYR          71      39.662      35.823
UATOM ARG          72      41.419      55.897
UATOM ASN          73      22.640      27.164
UATOM ALA          74       6.529      24.579
UATOM HID          75      27.253      29.881
UATOM SER          76      10.901      21.867
UATOM ALA          77       6.764      25.533
UATOM THR          78      18.975      33.711
UATOM THR          79      17.892      36.590
UATOM TRP          80      45.645      40.416
UATOM SER          81      11.570      21.742
UATOM GLY          82       2.639      13.034
UATOM GLN          83      28.708      36.167
UATOM TYR          84      39.473      37.434
UATOM VAL          85      18.226      43.921
UATOM GLY          86       2.473      12.473
UATOM GLY          87       2.447      12.353
UATOM ALA          88       6.307      25.242
UATOM GLU          89      23.929      22.254
UATOM ALA          90       6.389      25.703
UATOM ARG          91      42.965      57.178
UATOM ILE          92      23.816      51.028
UATOM ASN          93      22.017      26.677
UATOM THR          94      18.992      34.428
UATOM GLN          95      29.800      33.550
UATOM TRP          96      46.390      40.537
UATOM LEU          97      24.320      51.488
UATOM LEU          98      24.416      51.222
UATOM THR          99      19.264      35.312
UATOM SER         100      11.530      21.333
UATOM GLY         101       2.384      13.133
UATOM THR         102      17.601      35.502
UATOM THR         103      16.935      35.281
UATOM GLU         104      23.981      21.869
UATOM ALA         105       6.499      24.525
UATOM ASN         106      21.610      27.242
UATOM ALA         107       6.445      25.300
UATOM TRP         108      45.460      38.738
UATOM LYS         109      28.846      51.278
UATOM SER         110      11.924      22.486
UATOM THR         111      18.956      35.277
UATOM LEU         112      24.814      50.872
UATOM VAL         113      18.287      42.091
UATOM GLY         114       2.745      12.920
UATOM HID         115      27.144      28.649
UATOM ASP         116      19.674      15.722
UATOM THR         117      19.174      32.610
UATOM PHE         118      30.504      34.604
UATOM THR         119      18.560      33.935
UATOM LYS         120      29.367      52.299
UATOM VAL         121      17.486      43.594
UATOM LYS         122      26.875      53.021
UATOM PRO         123      12.929      26.556
UATOM SER         124      11.332      20.692
UATOM ALA         125       6.601      26.945
UATOM ALA         126       6.092      23.407
UATOM CSER        127      18.454      22.633
