0.3816
21.4900
-0.0000
-0.0000
3.1271
-0.0000
-0.0000
0.3874
-0.0000
-0.0000
-0.0000
20.4784
6.1668
-0.0000
6.4217
3.4564
-0.0000
5.4152
0.2168
2.2770
-0.0000
-0.0000
-0.0000
9.6329
-0.0000
-0.0000
-0.0000
1.7944
-0.0000
5.4069
-0.0000
13.0186
6.6588
-0.0000
8.8037
-0.0000
11.7727
-0.0000
22.1058
1.0323
16.3654
-0.0000
0.2168
2.1922
7.9150
-0.0000
-0.0000
-0.0000
-0.0000
0.3468
-0.0000
4.7798
-0.0000
5.5090
5.3299
-0.0000
-0.0000
-0.0000
-0.0000
-0.0000
4.8442
-0.0000
-0.0000
-0.0000
-0.0000
-0.0000
-0.0000
8.0453
-0.0000
12.5838
-0.0000
15.9468
-0.0000
-0.0000
-0.0000
4.3468
-0.0000
-0.0000
-0.0000
-0.0000
-0.0000
-0.0000
8.3406
-0.0000
-0.0000
-0.0000
-0.0000
-0.0000
17.9132
-0.0000
1.9964
0.0657
1.4613
2.0218
8.7742
-0.0000
2.9810
3.8155
-0.0000
7.9638
-0.0000
6.0645
2.8334
23.8115
-0.0000
8.0118
-0.0000
-0.0000
8.8976
0.6125
-0.0000
5.3729
0.0657
-0.0000
5.7338
5.4789
-0.0000
-0.0000
5.2307
8.7924
7.0823
16.6853
6.1022
8.6212
-0.0000
-0.0000
5.5850
0.6476
20.7635
-0.0000
-0.0000
1.2398
0.7161
-0.0000
-0.0000
-0.0000
-0.0000
-0.0000
17.0864
6.8889
-0.0000
7.9348
-0.0000
0.1698
10.7322
0.6476
6.5447
-0.0000
-0.0000
-0.0000
12.4767
-0.0000
-0.0000
1.9551
4.6221
-0.0000
2.0438
-0.0000
10.4613
7.2529
-0.0000
6.2049
-0.0000
10.3560
-0.0000
21.3110
6.7476
15.4181
-0.0000
0.6125
1.5265
0.1200
-0.0000
-0.0000
-0.0000
-0.0000
1.9223
-0.0000
5.5857
-0.0000
6.9472
5.6453
-0.0000
-0.0000
-0.0000
2.9157
-0.0000
3.9166
-0.0000
-0.0000
1.6012
-0.0000
-0.0000
-0.0000
10.7264
-0.0000
7.1615
-0.0000
13.7164
2.6951
-0.0000
-0.0000
5.8623
-0.0000
-0.0000
-0.0000
-0.0000
0.3468
-0.0000
6.6661
-0.0000
0.5405
-0.0000
-0.0000
-0.0000
16.2281
-0.0000
12.5998
0.1200
4.2706
-0.0000
3.8442
-0.0000
-0.0000
5.3984
-0.0000
8.5435
-0.0000
5.4470
-0.0000
18.9069
-0.0000
1.0166
-0.0000
-0.0000
11.9462
2.4483
-0.0000
2.5849
-0.0000
-0.0000
5.1000
5.5131
2.2148
-0.0000
-0.0000
10.0512
2.0599
16.2852
6.0970
7.6734
-0.0000
-0.0000
3.5958
0.3468
17.0837
-0.0000
-0.0000
6.6394
2.8637
-0.0000
0.7161
-0.0000
-0.0000
-0.0000
17.0934
8.1770
-0.0000
6.1122
-0.0000
-0.0000
5.8209
1.6012
7.7689
-0.0000
-0.0000
-0.0000
16.4795
-0.0000
-0.0000
5.3152
5.7988
-0.0000
8.6155
-0.0000
15.6072
6.0910
-0.0000
8.3110
-0.0000
7.2897
-0.0000
21.6824
0.6821
13.8239
-0.0000
0.0657
4.1579
4.3704
-0.0000
-0.0000
-0.0000
-0.0000
2.4962
-0.0000
5.3401
-0.0000
6.6981
5.3636
-0.0000
8.7155
-0.0000
2.1024
-0.0000
2.7211
-0.0000
-0.0000
2.1939
0.2617
-0.0000
-0.0000
7.7228
-0.0000
10.9690
-0.0000
11.8824
-0.0000
-0.0000
-0.0000
5.4109
-0.0000
-0.0000
-0.0000
-0.0000
0.4656
-0.0000
8.8226
-0.0000
0.6821
-0.0000
-0.0000
-0.0000
21.9360
-0.0000
5.3543
0.7495
1.6704
0.0657
-0.0000
-0.0000
-0.0000
2.0438
-0.0000
8.2661
-0.0000
4.1141
-0.0000
13.8922
-0.0000
2.5103
-0.0000
-0.0000
7.4527
5.6599
-0.0000
1.8584
-0.0000
-0.0000
-0.0000
5.1206
-0.0000
-0.0000
6.1723
15.0826
4.9019
16.4508
6.1741
8.7950
-0.0000
-0.0000
3.1195
-0.0000
17.3353
-0.0000
-0.0000
1.5627
-0.0000
-0.0000
0.1698
-0.0000
-0.0000
-0.0000
18.1359
6.1043
-0.0000
8.6814
-0.0000
-0.0000
6.9412
0.3468
-0.0000
-0.0000
-0.0000
-0.0000
10.4259
-0.0000
-0.0000
7.1208
5.1943
-0.0000
7.6912
-0.0000
14.8151
5.6357
-0.0000
4.8315
-0.0000
13.5238
-0.0000
18.5760
4.3545
11.0374
-0.0000
-0.0000
2.2567
1.5512
-0.0000
-0.0000
-0.0000
-0.0000
1.8871
-0.0000
2.9162
-0.0000
3.4710
4.4978
-0.0000
-0.0000
-0.0000
-0.0000
-0.0000
5.2450
-0.0000
-0.0000
-0.0000
-0.0000
-0.0000
-0.0000
7.1853
-0.0000
14.1137
5.7471
8.1712
-0.0000
-0.0000
-0.0000
3.1989
-0.0000
-0.0000
7.3577
-0.0000
-0.0000
-0.0000
10.3615
2.2357
6.4706
-0.0000
-0.0000
-0.0000
17.5562
-0.0000
12.7127
-0.0000
8.3850
-0.0000
1.9734
-0.0000
-0.0000
-0.0000
-0.0000
5.6277
-0.0000
-0.0000
-0.0000
13.9319
-0.0000
4.1480
-0.0000
-0.0000
16.4318
-0.0000
-0.0000
1.4239
-0.0000
-0.0000
0.1200
5.4789
-0.0000
-0.0000
5.6766
13.2242
6.0648
18.4624
6.9273
8.7691
-0.0000
-0.0000
9.4298
-0.0000
18.5471
-0.0000
-0.0000
3.4783
-0.0000
-0.0000
-0.0000
-0.0000
-0.0000
-0.0000
16.4495
7.4520
-0.0000
6.3914
4.4227
-0.0000
8.5994
-0.0000
5.4654
-0.0000
-0.0000
-0.0000
11.3100
-0.0000
-0.0000
7.9411
8.2581
-0.0000
3.5345
-0.0000
10.9300
7.4364
-0.0000
7.9902
-0.0000
10.7814
-0.0000
23.0719
1.3211
9.9493
-0.0000
1.9931
2.3460
7.7929
-0.0000
-0.0000
-0.0000
-0.0000
0.1698
-0.0000
4.5574
-0.0000
4.7384
4.0786
-0.0000
-0.0000
-0.0000
-0.0000
-0.0000
0.0657
-0.0000
-0.0000
0.6125
-0.0000
-0.0000
2.1939
7.8701
-0.0000
12.2577
-0.0000
2.5186
-0.0000
-0.0000
-0.0000
5.8202
-0.0000
-0.0000
-0.0000
-0.0000
-0.0000
-0.0000
6.8765
-0.0000
2.6477
-0.0000
-0.0000
-0.0000
22.1399
-0.0000
7.8570
0.1857
6.1741
-0.0000
0.7495
-0.0000
0.1200
2.5364
-0.0000
7.7264
-0.0000
-0.0000
-0.0000
21.8295
-0.0000
3.8945
-0.0000
-0.0000
8.0007
1.1203
-0.0000
3.7515
0.1200
-0.0000
-0.0000
3.2441
-0.0000
-0.0000
5.4789
10.2777
6.8432
19.1489
6.1053
7.8887
-0.0000
-0.0000
10.4121
