RESNAME,RESID,FF_ENTROPY(J/mol/K),TT_ENTROPY(J/mol/K)
NALA,1,9.331297792198532,38.63373650315845
GLU,2,22.740942048743115,21.098861621793603
ALA,3,6.359049343258559,24.906473893995205
GLY,4,2.5007177565618433,11.600741086722971
ILE,5,24.90780399014066,52.799815071227016
THR,6,18.897103687788224,33.300088300392126
GLY,7,2.674750020245528,12.680990904044355
THR,8,19.71765944733457,33.32126628368756
TRP,9,45.829660308568016,39.94684990504381
TYR,10,38.98161018642035,35.57210737225802
ALA,11,6.195169879799451,24.877677019303132
GLN,12,25.46675062546851,33.782606567651506
LEU,13,22.04799095204223,52.5520418302209
GLY,14,2.482464432630666,11.661443522329968
SER,15,10.336353047049236,21.197356247954076
THR,16,18.86857213752532,32.86540347092726
PHE,17,30.802571086840388,33.90198357222582
ILE,18,23.155642556414147,51.07991078247049
VAL,19,18.606345976299977,42.05887335926333
THR,20,18.217406914856006,33.56410440267396
ALA,21,6.718197644361016,25.89950610512512
GLY,22,2.2872977196815656,12.828934903014686
ALA,23,6.650307119122987,25.787388608288015
ASP,24,18.969269573472705,14.302990156349782
GLY,25,2.6088312276248726,13.538869130581379
ALA,26,6.557804617481028,25.65584798037426
LEU,27,23.248888585376115,50.542853070100406
THR,28,17.665719476851464,34.004241593802526
GLY,29,2.6164897706612176,12.263626457895024
THR,30,19.45091929460159,32.90244554161259
TYR,31,39.76204166682564,36.42615384810641
GLU,32,26.916174591584777,21.073325001778265
SER,33,11.308036454462219,20.450390508821457
ALA,34,6.547303286206722,25.0901655875499
VAL,35,16.88320799786052,44.61355883035637
GLY,36,2.7059898654010666,12.36533218816898
ASN,37,20.39804445932516,25.27079663066745
ALA,38,6.701815855332793,25.33049470312076
GLU,39,23.943681726242914,22.97737275073524
SER,40,12.327723729339331,20.969428430473855
ARG,41,39.334099619704986,55.655120305650115
TYR,42,41.46599064879138,36.89529215850931
VAL,43,18.25858471378064,42.954549329836524
LEU,44,24.510732668452896,51.927375738028815
THR,45,18.973076278892258,34.75439262006759
GLY,46,2.5187986605703654,12.83696579583125
ARG,47,42.721362897028094,57.06724895170551
TYR,48,40.8154295697136,37.02562502209867
ASP,49,21.785581157938026,15.192965991450656
SER,50,11.615700356603325,22.46897147645535
ALA,51,6.134203097845516,23.395313436497236
PRO,52,12.628804340864193,26.798281077883107
ALA,53,6.5423459073585395,25.653108529252513
THR,54,17.478034695903258,35.1058591379156
ASP,55,20.299176530214314,14.733886417714874
GLY,56,2.5837654893108026,12.653157803486716
SER,57,11.104295372252633,19.936329822100426
GLY,58,2.415629292320834,13.263203617009983
THR,59,18.31584372097479,34.91764573541584
ALA,60,6.471850583032151,25.699885249139278
LEU,61,24.327541221013178,49.90626785609574
GLY,62,2.643886282475259,12.819325656769482
TRP,63,46.18002167218362,40.078889150004656
THR,64,19.188342577769955,32.965098033044384
VAL,65,18.62715560499976,43.70751179149479
ALA,66,7.256239570135928,25.168731359391725
TRP,67,45.848996748248915,39.98709402657854
LYS,68,29.206440625282006,52.06408473581158
ASN,69,22.15114689163798,25.166306294976646
ASN,70,20.73886551425259,26.05470840258744
TYR,71,39.14300856043402,36.36100095651548
ARG,72,41.70843777875091,55.190541063886606
ASN,73,22.1592029379608,26.328714839288036
ALA,74,6.622255075813996,24.268896072386326
HID,75,27.343018541066154,29.312440038150964
SER,76,11.283634256350929,20.8043138716193
ALA,77,6.826288345448184,26.252117569545437
THR,78,19.314786070573202,34.70657183782019
THR,79,18.164076389000197,36.3465588450962
TRP,80,45.51249352812781,39.95919066940666
SER,81,11.599288999270248,23.261142664290453
GLY,82,2.7126225521303597,13.105343866010765
GLN,83,28.74095134857213,34.45851155327417
TYR,84,39.73047260840379,37.597630528430095
VAL,85,17.40690185874639,43.201050788947924
GLY,86,2.3274570812963744,12.889824142329227
GLY,87,2.6589343101519742,12.36304667545011
ALA,88,6.395888799819717,24.86469722654119
GLU,89,24.358525063193422,21.938445868415048
ALA,90,6.576252834644409,25.556630947353188
ARG,91,42.02263934864148,56.38684157271667
ILE,92,23.675935982343688,49.74943089004434
ASN,93,20.925340091612586,26.46908817401893
THR,94,19.307959233450653,33.72446761106224
GLN,95,27.93159572049707,34.02298233961165
TRP,96,46.44984129060341,40.58263287264831
LEU,97,25.178184526940367,51.12175748501173
LEU,98,24.436958625776736,52.34037751365853
THR,99,18.992895675313015,34.26169413548219
SER,100,10.860601329167432,21.26727777897028
GLY,101,2.4137507587807585,12.845988434206244
THR,102,18.51550177748566,34.58383738405223
THR,103,18.493398060540766,35.24818205489287
GLU,104,24.71224128622346,21.513297882252242
ALA,105,6.508032696005756,25.17363071351633
ASN,106,20.493060137056506,26.201663370461734
ALA,107,6.729745914062552,24.543457479724513
TRP,108,45.48959530164769,38.65750783210113
LYS,109,29.459296194601357,52.200516719930846
SER,110,11.769251265616338,23.060587553286883
THR,111,19.00943422947826,35.10536880283997
LEU,112,24.307998304671077,51.19819432406922
VAL,113,18.487657400902403,43.849299149582826
GLY,114,2.6393316822004653,12.401465194707567
HID,115,27.200869083867964,28.773289589805163
ASP,116,20.032886535293375,15.857871698974296
THR,117,18.694216762208708,33.710101954725445
PHE,118,31.790480679493317,35.524368409663644
THR,119,17.486727681749535,33.188144854972045
LYS,120,29.3495656319372,51.543050838773205
VAL,121,16.88030903840392,44.06440024608454
LYS,122,26.935585962933335,52.28300593611601
PRO,123,12.290995337182,27.055014627739496
SER,124,10.174754653961145,20.714533516872056
ALA,125,5.383891433641238,23.80090604944002
ALA,126,5.092839916523032,23.92251346634709
CSER,127,14.140296957219046,19.789951650868716
