RESNAME,RESID,FF_ENTROPY(J/mol/K),TT_ENTROPY(J/mol/K)
NALA,1,9.37343002389458,37.67589600558945
GLU,2,22.546888214071657,21.114866904801158
ALA,3,6.084919424351756,25.05055511376868
GLY,4,2.437088942992273,12.559005083860326
ILE,5,24.927067823563576,52.00111542258063
THR,6,18.680916371730717,33.12554484023881
GLY,7,2.305169342669117,13.186980086866416
THR,8,19.2957740809191,34.52727117649664
TRP,9,46.10652155396491,40.598978179731255
TYR,10,39.581241647588364,37.487414037945754
ALA,11,6.441991200444797,24.836470308592457
GLN,12,25.92162067204231,32.61158264971032
LEU,13,22.4813433991185,50.398972426584216
GLY,14,2.2953435737668095,11.412683291105978
SER,15,10.314575734906477,21.088633057121946
THR,16,18.61469066875374,35.19900527730756
PHE,17,31.83039129580295,35.77344413381111
ILE,18,24.406429059204964,53.043173540022366
VAL,19,18.4618526439352,43.550451541299715
THR,20,18.941486034403717,34.53230349360235
ALA,21,6.875463611786548,26.847587669446167
GLY,22,2.2819906420053657,12.685952018612786
ALA,23,6.715492540007667,25.82171826479031
ASP,24,17.48969034338544,14.448400090524888
GLY,25,2.5813750931918844,12.73038695550723
ALA,26,6.782480587332276,25.07712950864899
LEU,27,24.806440949705078,52.36306913310744
THR,28,19.127352078450137,34.88307347351025
GLY,29,2.4277565005310455,13.203131720708871
THR,30,18.508804612790946,34.72322996881271
TYR,31,40.09795271672178,36.674591993965365
GLU,32,24.462714853349095,22.582973080721057
SER,33,11.081220554062414,21.14820990087736
ALA,34,5.85463632019998,24.496780439748516
VAL,35,17.075666146481222,43.700594854300256
GLY,36,2.4055717353476758,12.146633590442338
ASN,37,20.7564673626353,25.234487142636482
ALA,38,6.015144570288088,24.13375832811877
GLU,39,23.533631036385074,22.351356778169116
SER,40,11.210327373505274,19.71629475850176
ARG,41,39.66541921542314,56.98747377662384
TYR,42,39.82586867364806,36.995123734264766
VAL,43,17.58915229605495,44.635171543235245
LEU,44,24.011010305963946,52.02743610443383
THR,45,19.26109998247553,34.30435590540128
GLY,46,2.553291352425265,13.467190201844357
ARG,47,44.29466844035993,56.694983605149666
TYR,48,39.05239757379365,37.99707571306739
ASP,49,21.277705576813194,15.540687693205529
SER,50,11.41084107848366,21.912365627743863
ALA,51,6.114400538650467,24.918292843467878
PRO,52,12.699830593065704,26.69491666401494
ALA,53,5.957628660178465,25.515013168812512
THR,54,17.06042299683338,34.38158236077452
ASP,55,17.344552432231392,14.635181658453941
GLY,56,2.5514772756969384,12.126180527636079
SER,57,11.189864792209944,20.06039056307097
GLY,58,2.5371591271070515,12.7537896551958
THR,59,19.579357945982043,32.62395606662344
ALA,60,6.492777489506883,25.12689604489857
LEU,61,23.350423343253674,51.53458284710627
GLY,62,2.6353742004748217,12.259549050741716
TRP,63,47.031861326879024,40.41047967829837
THR,64,19.47421451830442,35.3630283655954
VAL,65,19.10953001208297,44.79259291404526
ALA,66,6.7941675719245245,26.037907168640643
TRP,67,47.64385959732793,39.376555382477484
LYS,68,28.715351076951652,53.02055294628707
ASN,69,20.319673569969186,26.199900525245006
ASN,70,19.550985335407095,27.26621475541155
TYR,71,33.82981858834191,35.90018097652179
ARG,72,38.42414574767178,53.96646275660139
ASN,73,23.259719700508246,25.14542943249235
ALA,74,6.983249387207625,25.625754065536768
HID,75,27.879929299187264,28.900902528156237
SER,76,11.683805942361278,22.012090350582618
ALA,77,6.589733138098033,23.35689079070818
THR,78,19.43764620614124,34.056287002779754
THR,79,18.259292155921663,34.425912847757374
TRP,80,46.14665451779596,39.90304789503629
SER,81,11.494354115722402,22.750558574597648
GLY,82,2.61367035737044,12.775354525080857
GLN,83,27.891621678713165,32.48982480844901
TYR,84,39.582741851519216,36.30767167273368
VAL,85,17.935277103831517,42.38559632969406
GLY,86,2.2953756776871135,11.846560359351573
GLY,87,2.531469015522812,12.357613167786724
ALA,88,6.0273103041184575,25.946965956778396
GLU,89,23.51364526378929,21.297396304662712
ALA,90,6.7600975005293975,25.110690462689714
ARG,91,38.800358945521104,54.39739685702766
ILE,92,24.760972964151627,50.909336915916334
ASN,93,21.87608464944715,25.991748557001518
THR,94,19.037867281263363,32.42325979155539
GLN,95,27.40875366232214,32.389548144968174
TRP,96,46.2594223307175,40.513322658396596
LEU,97,24.096274951133903,51.283239280653056
LEU,98,24.612959984313193,51.36284981174274
THR,99,19.31555869727117,35.08844147766956
SER,100,11.491711693918502,21.44677343690875
GLY,101,2.2857943142553316,12.41471076535941
THR,102,17.93515517154952,35.82092242936335
THR,103,18.679430180798064,35.06127477209683
GLU,104,23.88623629837024,23.156077731417582
ALA,105,6.754338407323107,25.186137189163905
ASN,106,21.26645739677601,26.879308634608822
ALA,107,6.490190963206514,25.927181247556767
TRP,108,44.03391565062134,39.966870613740085
LYS,109,26.958403471912895,53.696506012968754
SER,110,11.736491258862324,21.740954076967935
THR,111,19.594112423239718,35.63798104428412
LEU,112,24.810293624896772,50.63739982189334
VAL,113,18.75125364609873,42.147727013237585
GLY,114,2.6064645601159597,12.73046295251102
HID,115,26.27665990781268,27.1648012113396
ASP,116,19.46843416398632,14.556907512279706
THR,117,18.504565119150637,33.391540573382784
PHE,118,30.73993886550142,34.46739332653673
THR,119,18.86020695733925,33.129020223639564
LYS,120,28.97160503117923,53.21238500972559
VAL,121,18.601107464592978,44.54441810753625
LYS,122,27.551169812167554,53.65282824445529
PRO,123,11.768638637657887,26.68222653178591
SER,124,10.389156152122185,20.616153917859783
ALA,125,5.418771647425446,24.425697305042743
ALA,126,4.985558743328683,24.324192251528395
CSER,127,14.39113031342641,20.348354349638704
