------------------------------------------------------------
            Hierarchy level. --> United Atom <--            
------------------------------------------------------------
      RESNAME   RESID  FF_ENTROPY  TT_ENTROPY
UATOM NALA          1       9.132      38.110
UATOM GLU           2      23.670      21.671
UATOM ALA           3       6.885      26.191
UATOM GLY           4       2.837      13.633
UATOM ILE           5      26.588      51.271
UATOM THR           6      20.720      34.764
UATOM GLY           7       2.870      13.466
UATOM THR           8      19.838      34.296
UATOM TRP           9      54.143      41.191
UATOM TYR          10      43.743      39.943
UATOM ALA          11       6.781      25.496
UATOM GLN          12      26.492      32.602
UATOM LEU          13      23.017      50.837
UATOM GLY          14       2.624      12.117
UATOM SER          15      10.643      20.196
UATOM THR          16      20.015      35.654
UATOM PHE          17      36.305      38.925
UATOM ILE          18      25.007      51.960
UATOM VAL          19      19.860      43.625
UATOM THR          20      19.600      36.369
UATOM ALA          21       7.155      25.908
UATOM GLY          22       2.556      13.330
UATOM ALA          23       7.348      26.528
UATOM ASP          24      19.336      15.038
UATOM GLY          25       2.870      12.866
UATOM ALA          26       7.823      26.008
UATOM LEU          27      26.639      52.312
UATOM THR          28      18.428      34.999
UATOM GLY          29       2.877      13.293
UATOM THR          30      20.385      33.767
UATOM TYR          31      44.670      39.066
UATOM GLU          32      26.926      23.285
UATOM SER          33      13.101      21.414
UATOM ALA          34       6.572      23.772
UATOM VAL          35      17.392      44.334
UATOM GLY          36       2.584      12.556
UATOM ASN          37      19.858      24.231
UATOM ALA          38       6.061      26.004
UATOM GLU          39      24.418      22.780
UATOM SER          40      11.137      21.080
UATOM ARG          41      41.807      57.213
UATOM TYR          42      43.770      38.912
UATOM VAL          43      18.731      45.564
UATOM LEU          44      24.463      52.160
UATOM THR          45      20.001      36.867
UATOM GLY          46       2.760      13.453
UATOM ARG          47      48.319      60.100
UATOM TYR          48      45.807      39.201
UATOM ASP          49      23.469      16.036
UATOM SER          50      12.026      22.076
UATOM ALA          51       6.210      23.971
UATOM PRO          52      11.511      26.600
UATOM ALA          53       6.088      24.665
UATOM THR          54      17.679      33.615
UATOM ASP          55      18.904      14.781
UATOM GLY          56       2.756      13.198
UATOM SER          57      11.636      19.403
UATOM GLY          58       2.507      12.713
UATOM THR          59      20.562      32.694
UATOM ALA          60       7.296      25.384
UATOM LEU          61      25.332      51.544
UATOM GLY          62       2.875      12.611
UATOM TRP          63      54.959      41.893
UATOM THR          64      20.679      33.845
UATOM VAL          65      19.933      44.614
UATOM ALA          66       7.106      27.169
UATOM TRP          67      51.193      41.197
UATOM LYS          68      29.491      52.937
UATOM ASN          69      21.553      26.751
UATOM ASN          70      20.880      26.438
UATOM TYR          71      39.407      37.697
UATOM ARG          72      39.647      56.145
UATOM ASN          73      24.401      27.357
UATOM ALA          74       7.086      26.162
UATOM HID          75      31.421      30.159
UATOM SER          76      11.842      21.199
UATOM ALA          77       6.774      25.103
UATOM THR          78      20.697      35.002
UATOM THR          79      19.810      36.263
UATOM TRP          80      55.828      41.252
UATOM SER          81      12.150      21.623
UATOM GLY          82       2.849      12.768
UATOM GLN          83      30.132      33.279
UATOM TYR          84      44.165      37.664
UATOM VAL          85      18.247      42.194
UATOM GLY          86       2.516      12.017
UATOM GLY          87       2.653      12.865
UATOM ALA          88       6.875      26.344
UATOM GLU          89      26.332      22.979
UATOM ALA          90       7.300      25.273
UATOM ARG          91      43.658      55.459
UATOM ILE          92      27.182      50.642
UATOM ASN          93      21.482      26.143
UATOM THR          94      19.489      33.072
UATOM GLN          95      30.222      33.095
UATOM TRP          96      52.834      41.859
UATOM LEU          97      26.885      51.122
UATOM LEU          98      26.727      52.031
UATOM THR          99      20.003      36.801
UATOM SER         100      11.489      22.068
UATOM GLY         101       2.381      12.603
UATOM THR         102      18.546      34.042
UATOM THR         103      18.311      33.439
UATOM GLU         104      24.403      23.473
UATOM ALA         105       7.239      26.005
UATOM ASN         106      21.715      27.563
UATOM ALA         107       7.036      25.583
UATOM TRP         108      51.159      41.920
UATOM LYS         109      30.159      54.666
UATOM SER         110      12.421      21.702
UATOM THR         111      20.057      35.275
UATOM LEU         112      26.131      51.624
UATOM VAL         113      20.269      43.662
UATOM GLY         114       2.748      12.261
UATOM HID         115      30.135      28.400
UATOM ASP         116      21.920      13.751
UATOM THR         117      20.163      34.505
UATOM PHE         118      35.361      35.781
UATOM THR         119      20.898      34.463
UATOM LYS         120      29.506      53.806
UATOM VAL         121      18.987      44.010
UATOM LYS         122      28.766      53.629
UATOM PRO         123      12.480      26.436
UATOM SER         124      10.721      21.213
UATOM ALA         125       5.585      25.309
UATOM ALA         126       5.361      23.442
UATOM CSER        127      14.153      19.959
____________________________________________________________
Total Entropy FF (UA level) :        2535.927 J/mol/K
Total Entropy TT (UA level) :        3986.648 J/mol/K
------------------------------------------------------------
____________________________________________________________
Total Entropy                            :        6522.575
------------------------------------------------------------
