------------------------------------------------------------
Topographical entropy of residue side chains 
computed using all the dihedrals with AEM method
------------------------------------------------------------
Residue Topographical Entropy from AEM (NALA 1) : 0.4270
Residue Topographical Entropy from AEM (GLU 2) : 10.2630
Residue Topographical Entropy from AEM (ALA 3) : -0.0000
Residue Topographical Entropy from AEM (GLY 4) : -0.0000
Residue Topographical Entropy from AEM (ILE 5) : 1.4747
Residue Topographical Entropy from AEM (THR 6) : 2.6662
Residue Topographical Entropy from AEM (GLY 7) : -0.0000
Residue Topographical Entropy from AEM (THR 8) : -0.0000
Residue Topographical Entropy from AEM (TRP 9) : -0.0000
Residue Topographical Entropy from AEM (TYR 10) : -0.0000
Residue Topographical Entropy from AEM (ALA 11) : -0.0000
Residue Topographical Entropy from AEM (GLN 12) : 16.9268
Residue Topographical Entropy from AEM (LEU 13) : 5.5950
Residue Topographical Entropy from AEM (GLY 14) : -0.0000
Residue Topographical Entropy from AEM (SER 15) : 2.0656
Residue Topographical Entropy from AEM (THR 16) : 1.2058
Residue Topographical Entropy from AEM (PHE 17) : 10.7247
Residue Topographical Entropy from AEM (ILE 18) : 7.8567
Residue Topographical Entropy from AEM (VAL 19) : 6.3807
Residue Topographical Entropy from AEM (THR 20) : 7.7631
Residue Topographical Entropy from AEM (ALA 21) : -0.0000
Residue Topographical Entropy from AEM (GLY 22) : -0.0000
Residue Topographical Entropy from AEM (ALA 23) : -0.0000
Residue Topographical Entropy from AEM (ASP 24) : 13.1759
Residue Topographical Entropy from AEM (GLY 25) : -0.0000
Residue Topographical Entropy from AEM (ALA 26) : -0.0000
Residue Topographical Entropy from AEM (LEU 27) : 4.1592
Residue Topographical Entropy from AEM (THR 28) : 8.3154
Residue Topographical Entropy from AEM (GLY 29) : -0.0000
Residue Topographical Entropy from AEM (THR 30) : -0.0000
Residue Topographical Entropy from AEM (TYR 31) : 7.3787
Residue Topographical Entropy from AEM (GLU 32) : 6.5411
Residue Topographical Entropy from AEM (SER 33) : 8.3558
Residue Topographical Entropy from AEM (ALA 34) : -0.0000
Residue Topographical Entropy from AEM (VAL 35) : 3.9174
Residue Topographical Entropy from AEM (GLY 36) : -0.0000
Residue Topographical Entropy from AEM (ASN 37) : 9.3045
Residue Topographical Entropy from AEM (ALA 38) : -0.0000
Residue Topographical Entropy from AEM (GLU 39) : 15.3696
Residue Topographical Entropy from AEM (SER 40) : 4.5126
Residue Topographical Entropy from AEM (ARG 41) : -0.0000
Residue Topographical Entropy from AEM (TYR 42) : -0.0000
Residue Topographical Entropy from AEM (VAL 43) : 0.1200
Residue Topographical Entropy from AEM (LEU 44) : 0.1698
Residue Topographical Entropy from AEM (THR 45) : 1.8178
Residue Topographical Entropy from AEM (GLY 46) : -0.0000
Residue Topographical Entropy from AEM (ARG 47) : -0.0000
Residue Topographical Entropy from AEM (TYR 48) : -0.0000
Residue Topographical Entropy from AEM (ASP 49) : -0.0000
Residue Topographical Entropy from AEM (SER 50) : 0.2617
Residue Topographical Entropy from AEM (ALA 51) : -0.0000
Residue Topographical Entropy from AEM (PRO 52) : 5.6896
Residue Topographical Entropy from AEM (ALA 53) : -0.0000
Residue Topographical Entropy from AEM (THR 54) : 1.1776
Residue Topographical Entropy from AEM (ASP 55) : 9.4443
Residue Topographical Entropy from AEM (GLY 56) : -0.0000
Residue Topographical Entropy from AEM (SER 57) : 7.1665
Residue Topographical Entropy from AEM (GLY 58) : -0.0000
Residue Topographical Entropy from AEM (THR 59) : -0.0000
Residue Topographical Entropy from AEM (ALA 60) : -0.0000
Residue Topographical Entropy from AEM (LEU 61) : -0.0000
Residue Topographical Entropy from AEM (GLY 62) : -0.0000
Residue Topographical Entropy from AEM (TRP 63) : -0.0000
Residue Topographical Entropy from AEM (THR 64) : 5.6667
Residue Topographical Entropy from AEM (VAL 65) : -0.0000
Residue Topographical Entropy from AEM (ALA 66) : -0.0000
Residue Topographical Entropy from AEM (TRP 67) : -0.0000
Residue Topographical Entropy from AEM (LYS 68) : 13.0947
Residue Topographical Entropy from AEM (ASN 69) : -0.0000
Residue Topographical Entropy from AEM (ASN 70) : 13.0843
Residue Topographical Entropy from AEM (TYR 71) : -0.0000
Residue Topographical Entropy from AEM (ARG 72) : 7.5707
Residue Topographical Entropy from AEM (ASN 73) : -0.0000
Residue Topographical Entropy from AEM (ALA 74) : -0.0000
Residue Topographical Entropy from AEM (HID 75) : -0.0000
Residue Topographical Entropy from AEM (SER 76) : 1.3808
Residue Topographical Entropy from AEM (ALA 77) : -0.0000
Residue Topographical Entropy from AEM (THR 78) : -0.0000
Residue Topographical Entropy from AEM (THR 79) : -0.0000
Residue Topographical Entropy from AEM (TRP 80) : -0.0000
Residue Topographical Entropy from AEM (SER 81) : -0.0000
Residue Topographical Entropy from AEM (GLY 82) : -0.0000
Residue Topographical Entropy from AEM (GLN 83) : 4.4200
Residue Topographical Entropy from AEM (TYR 84) : -0.0000
Residue Topographical Entropy from AEM (VAL 85) : 0.0657
Residue Topographical Entropy from AEM (GLY 86) : -0.0000
Residue Topographical Entropy from AEM (GLY 87) : -0.0000
Residue Topographical Entropy from AEM (ALA 88) : -0.0000
Residue Topographical Entropy from AEM (GLU 89) : 16.4129
Residue Topographical Entropy from AEM (ALA 90) : -0.0000
Residue Topographical Entropy from AEM (ARG 91) : 6.6131
Residue Topographical Entropy from AEM (ILE 92) : 2.0438
Residue Topographical Entropy from AEM (ASN 93) : 1.8617
Residue Topographical Entropy from AEM (THR 94) : 0.0657
Residue Topographical Entropy from AEM (GLN 95) : -0.0000
Residue Topographical Entropy from AEM (TRP 96) : -0.0000
Residue Topographical Entropy from AEM (LEU 97) : 5.8775
Residue Topographical Entropy from AEM (LEU 98) : 1.4624
Residue Topographical Entropy from AEM (THR 99) : -0.0000
Residue Topographical Entropy from AEM (SER 100) : 7.7356
Residue Topographical Entropy from AEM (GLY 101) : -0.0000
Residue Topographical Entropy from AEM (THR 102) : -0.0000
Residue Topographical Entropy from AEM (THR 103) : 7.2363
Residue Topographical Entropy from AEM (GLU 104) : 24.3578
Residue Topographical Entropy from AEM (ALA 105) : -0.0000
Residue Topographical Entropy from AEM (ASN 106) : 2.0334
Residue Topographical Entropy from AEM (ALA 107) : -0.0000
Residue Topographical Entropy from AEM (TRP 108) : -0.0000
Residue Topographical Entropy from AEM (LYS 109) : 12.8454
Residue Topographical Entropy from AEM (SER 110) : -0.0000
Residue Topographical Entropy from AEM (THR 111) : -0.0000
Residue Topographical Entropy from AEM (LEU 112) : 1.8232
Residue Topographical Entropy from AEM (VAL 113) : -0.0000
Residue Topographical Entropy from AEM (GLY 114) : -0.0000
Residue Topographical Entropy from AEM (HID 115) : 5.8659
Residue Topographical Entropy from AEM (ASP 116) : 9.6011
Residue Topographical Entropy from AEM (THR 117) : -0.0000
Residue Topographical Entropy from AEM (PHE 118) : -0.0000
Residue Topographical Entropy from AEM (THR 119) : -0.0000
Residue Topographical Entropy from AEM (LYS 120) : 7.9897
Residue Topographical Entropy from AEM (VAL 121) : 1.8178
Residue Topographical Entropy from AEM (LYS 122) : 24.1270
Residue Topographical Entropy from AEM (PRO 123) : 6.0894
Residue Topographical Entropy from AEM (SER 124) : 5.7577
Residue Topographical Entropy from AEM (ALA 125) : -0.0000
Residue Topographical Entropy from AEM (ALA 126) : -0.0000
Residue Topographical Entropy from AEM (CSER 127) : 4.2560
____________________________________________________________
Total Topog. Entropy (AEM)               :         381.383
------------------------------------------------------------
____________________________________________________________
Total Entropy                            :         381.383
------------------------------------------------------------
