RESNAME,RESID,FF_ENTROPY(J/mol/K),TT_ENTROPY(J/mol/K)
NALA,1,8.935180107126802,38.6115793095142
GLU,2,22.440463505631037,21.563776735015292
ALA,3,5.7456694279904355,24.79209569467934
GLY,4,2.6651496701906856,11.941999936489486
ILE,5,26.496220318660967,53.209314514746474
THR,6,21.056437784220652,34.07431048897233
GLY,7,2.760168620206187,14.282979897001102
THR,8,20.741254329057384,34.73296369578728
TRP,9,56.065518627960884,43.24988993975001
TYR,10,46.35781357529027,37.734491476036446
ALA,11,6.947694538333668,24.88701660609159
GLN,12,26.523306460236096,32.23723375468259
LEU,13,23.924362376374493,51.58311342474222
GLY,14,2.9017442602389023,11.659144809121663
SER,15,11.782602917745395,21.306451882857026
THR,16,19.843459443430525,34.72573231838024
PHE,17,37.199148820662536,37.227030076751234
ILE,18,25.98363492130059,52.0578013827754
VAL,19,20.197453062000672,43.54294397561802
THR,20,20.533115896716012,36.112607033324636
ALA,21,7.659741314732154,26.105507811595707
GLY,22,2.5231821894927595,13.149760149538276
ALA,23,7.2566445714341565,26.15443949168916
ASP,24,19.5807707833377,14.015981820675252
GLY,25,2.8883259915031076,13.35844640330957
ALA,26,7.497708615855263,26.202062588732737
LEU,27,27.781237196601438,52.5054470213291
THR,28,20.695123716764577,34.474568241643716
GLY,29,2.891677088396717,13.338809711817044
THR,30,19.169994146079265,34.54283046651422
TYR,31,45.98297314505574,39.281099418071136
GLU,32,26.49100857782346,21.950290633834324
SER,33,12.179533058637784,21.33563813574058
ALA,34,6.847923325456042,26.476274445012162
VAL,35,17.689255165283875,45.28791209822195
GLY,36,2.638023079007088,12.486276014500605
ASN,37,20.749835830654693,25.599570328901862
ALA,38,6.847107676070049,24.41483677447068
GLU,39,25.415026503791733,22.879843519817324
SER,40,12.71393779963002,22.596456644392838
ARG,41,40.96604589285137,55.543227495039545
TYR,42,46.49567557514007,38.88364582351122
VAL,43,19.765387791816764,44.761999637921555
LEU,44,27.30132650679836,53.52151708077446
THR,45,18.962680463168102,35.54065741319235
GLY,46,2.7970613208500947,13.662769414968462
ARG,47,49.30384043714066,58.482174211777064
TYR,48,47.11237323764953,39.7883131144573
ASP,49,25.523964197907876,16.661474430636257
SER,50,12.579925619253952,22.44361665523308
ALA,51,7.296592894089493,23.968716357133633
PRO,52,14.493597353199922,27.28889083270099
ALA,53,7.330314681433366,26.576059877752698
THR,54,18.30376436900219,34.54050768308367
ASP,55,21.13311132193667,14.671215358701614
GLY,56,2.9245932740899443,14.493755070119883
SER,57,12.517829162278392,20.30094915489356
GLY,58,2.7325882951325267,13.708361749770788
THR,59,21.674175166262554,34.849380352150334
ALA,60,7.408563296649819,25.694460268261764
LEU,61,25.330220890676138,51.583300338850385
GLY,62,2.589958968416064,13.28774224210938
TRP,63,55.65496048601401,42.87358066160819
THR,64,20.727206085519306,33.89891061160497
VAL,65,20.452002693679077,44.5932017578447
ALA,66,7.628022091274012,26.046247595403656
TRP,67,54.418445337295466,42.16442954140073
LYS,68,32.01722282068445,52.95715969894227
ASN,69,24.904946872703384,28.387242862131473
ASN,70,21.23132710614675,27.18832159243255
TYR,71,42.63925540602686,35.974074569998045
ARG,72,40.94445166572492,55.3420782945794
ASN,73,25.261161162939054,27.157978176004054
ALA,74,7.340644597456191,25.6819185666704
HID,75,32.01626764264347,31.007877664450607
SER,76,12.491565000912622,21.89434661790345
ALA,77,6.952958205924758,26.063768391130942
THR,78,21.233693362633577,35.88175658811259
THR,79,20.351121309125787,37.86544543065726
TRP,80,54.52462718537001,42.2772823131351
SER,81,12.98845472555458,26.401715189967188
GLY,82,2.8016615786636603,13.565483595816579
GLN,83,31.752967514269145,35.07818729892883
TYR,84,46.82872248437069,38.308827725823456
VAL,85,19.618941823720256,43.19743237254443
GLY,86,2.46669540581779,12.471741657186563
GLY,87,2.5868365616503457,13.314606045542941
ALA,88,7.122576186067,25.498346087108914
GLU,89,26.448596254648024,21.57059914468058
ALA,90,7.2714700255692195,25.91340441295452
ARG,91,48.08733893475838,57.84847698585779
ILE,92,26.769591838475083,51.13233933304734
ASN,93,24.001955601819517,27.466515751947696
THR,94,20.465148721095197,35.537637126823405
GLN,95,29.529888937116215,35.30911548558028
TRP,96,55.826246326835715,43.88106383024901
LEU,97,26.666061999597503,52.8348533618717
LEU,98,25.486334133155395,52.824009851440714
THR,99,21.507243322676036,37.073721329168166
SER,100,12.334063535735446,22.40548973647533
GLY,101,2.6271170215959234,13.260320035916415
THR,102,19.057558945295277,33.74404323990385
THR,103,20.191905245900337,36.64768443083034
GLU,104,24.3993568809016,23.717594689157888
ALA,105,7.028093134262559,25.563406331356695
ASN,106,22.03318126404012,27.33235983643844
ALA,107,6.925055680897226,26.035705390970254
TRP,108,50.885849372034066,41.59674306096708
LYS,109,30.192353510222535,53.99359577841542
SER,110,11.936110372378398,22.059846085042853
THR,111,21.08531744158067,35.3867179428087
LEU,112,26.24351778712632,52.110486078823826
VAL,113,20.36579327912011,43.17961568429477
GLY,114,2.8919453436031417,13.896555017858235
HID,115,30.799471013979854,30.612520957563717
ASP,116,22.293940313721087,16.157957949830152
THR,117,20.87377254155308,35.45499944153407
PHE,118,36.7164013343475,37.01061074472899
THR,119,19.613238568183753,33.33686538192066
LYS,120,30.75111273664007,53.46170924743018
VAL,121,18.026808617927504,44.071198194840626
LYS,122,28.83239160678559,52.68534827541724
PRO,123,12.673627656328794,26.896207377772516
SER,124,10.9804688005488,20.503310382071774
ALA,125,6.118939497441539,25.059045385582046
ALA,126,6.204895157898629,24.66760191228152
CSER,127,15.20500374036569,20.61384050809506
