RESNAME,RESID,FF_ENTROPY(J/mol/K),TT_ENTROPY(J/mol/K)
NALA,1,9.150154774148316,38.53099650986023
GLU,2,22.310217477864278,21.395394756789635
ALA,3,5.364022172591318,23.897814623493524
GLY,4,2.7379766642111085,12.15916981950668
ILE,5,26.52686877285002,52.735668669423596
THR,6,20.711676913849747,32.87510179072004
GLY,7,2.4913753953120583,13.480590411711546
THR,8,20.78108918745247,34.25917930956277
TRP,9,54.17414337618014,40.53415350112649
TYR,10,43.121816023090446,36.69651080859814
ALA,11,6.56830909483543,23.4846624285274
GLN,12,26.26664310270721,32.96950444178186
LEU,13,26.259085634076026,51.21085740209251
GLY,14,2.9043522441565326,14.204593403543175
SER,15,12.047197049404257,22.601576129880677
THR,16,20.534890331108627,34.56554881275475
PHE,17,37.62942958660743,38.62005997168191
ILE,18,25.979524457549665,52.065778259867066
VAL,19,18.851728077616432,43.53023838130485
THR,20,20.020677790130236,34.835312561035366
ALA,21,7.3669446479223835,27.218608350170722
GLY,22,2.682563989889857,14.428068428712375
ALA,23,7.274708930076976,26.16882486887874
ASP,24,20.348137211532364,15.542233445819615
GLY,25,2.9321018558177983,13.204155145868965
ALA,26,7.109923172703158,25.29749417986197
LEU,27,26.0517336010214,51.600527060580866
THR,28,17.821577712733802,34.8880842517336
GLY,29,2.6735339110486445,13.126648386741016
THR,30,20.899972148578943,35.025490181895144
TYR,31,47.03814368997255,38.91173640756533
GLU,32,26.315740071416972,22.46513722978829
SER,33,11.754107341060019,21.675536997958808
ALA,34,6.239049279901895,25.09876451274452
VAL,35,17.57653382155712,44.10187430785743
GLY,36,2.943156735166149,12.476214793324003
ASN,37,20.871940839897643,26.03316375558196
ALA,38,7.543218786448008,25.957429627267196
GLU,39,25.351333558924953,23.457417425286422
SER,40,12.617293127542132,22.094697497972668
ARG,41,44.864416021816034,57.466532830466484
TYR,42,47.96848367968396,40.36578009985884
VAL,43,19.866857863420574,44.43764202376714
LEU,44,27.139259152368293,50.57724918630441
THR,45,21.118762441715905,36.340399343864
GLY,46,2.722449676525235,13.008765180369172
ARG,47,49.7717406401556,58.47813437056391
TYR,48,46.52060902021242,39.675020461529215
ASP,49,24.79627359140735,16.28423914487545
SER,50,12.878613457093488,23.32364560711467
ALA,51,7.549969088591114,24.055005452932726
PRO,52,13.97221101775454,27.329940501582595
ALA,53,7.012569391982359,25.461989694819717
THR,54,18.860708925051867,34.81362562938166
ASP,55,21.1517391458468,14.795224802308335
GLY,56,2.8965177360086765,13.40555777317526
SER,57,13.123519968403357,20.440847189886437
GLY,58,2.698638240838883,13.712507859674867
THR,59,21.73598961209259,35.12393163158065
ALA,60,7.386530810698669,24.86750395908795
LEU,61,25.91540883542254,51.361744406982915
GLY,62,2.75285880353266,13.657261439649838
TRP,63,55.79243012182867,41.40327677393591
THR,64,19.488092608371748,33.72870762884893
VAL,65,20.7463069752548,43.84819259688797
ALA,66,7.601293189969183,25.282630024482987
TRP,67,55.32116558844375,43.01836585893717
LYS,68,30.058858953871386,52.475692355564966
ASN,69,24.33929880667952,26.35011945662295
ASN,70,20.62556602078784,27.289581280436035
TYR,71,42.95077994432426,37.54376649750839
ARG,72,44.02993056577376,58.21853343973799
ASN,73,24.835333712513396,27.73576502064426
ALA,74,7.139769931860033,25.520180903524277
HID,75,33.062526773789166,30.60982353309194
SER,76,13.573439495095181,22.483610839487845
ALA,77,7.379733323319846,26.127546553436865
THR,78,21.042954764605305,35.67088000348848
THR,79,20.543099499782105,38.5105203957272
TRP,80,54.9248966954037,43.23502921596114
SER,81,13.093360865836203,21.79224566616794
GLY,82,2.7531900640288476,13.665046065562148
GLN,83,33.30589846265447,34.87532847249788
TYR,84,44.99720268982324,37.470061455972925
VAL,85,19.180398999254272,43.66928402036115
GLY,86,2.7468092542243525,12.62917882355573
GLY,87,2.515958678588563,13.085603376905247
ALA,88,6.858019225677985,25.74024472837293
GLU,89,23.400928912775527,21.257525436880325
ALA,90,6.359339192072612,24.624976200645452
ARG,91,44.24465415199987,53.53355952646385
ILE,92,26.060079906406575,51.97097205866339
ASN,93,22.525260580073407,25.788013765297375
THR,94,20.569033279129773,34.26590740669773
GLN,95,29.903296462038686,34.842491006125535
TRP,96,54.61787815176267,43.87122193456759
LEU,97,27.81599463311535,52.6166209116266
LEU,98,26.32944157584554,53.06317088183961
THR,99,21.329519812839116,37.199612787422126
SER,100,12.223432706729366,22.239845227274706
GLY,101,2.4974748103068323,13.762747422489733
THR,102,19.904000270766755,35.774664535250984
THR,103,20.51006220262593,35.5398466874108
GLU,104,26.78019003419771,24.143025488563005
ALA,105,7.251498160668871,25.765490113562297
ASN,106,23.86419235567344,27.27011718914801
ALA,107,7.250480412016776,26.19381108987122
TRP,108,51.987492509654125,41.75670174691006
LYS,109,30.843696996850365,53.991787752722246
SER,110,12.73645759801427,23.752518375777132
THR,111,20.78562352895802,37.03525404018936
LEU,112,26.18908596138528,50.60466268706567
VAL,113,20.387094450252526,42.15209449398645
GLY,114,2.7910261200137043,13.539712073842404
HID,115,30.66402551295773,27.701644744531457
ASP,116,25.04669160511474,15.676406563722061
THR,117,20.582782151011756,35.32857986614652
PHE,118,38.11848060728706,37.41910058521702
THR,119,19.215463578029357,34.0118418254232
LYS,120,29.446704214146248,53.84585198917986
VAL,121,18.70537006292524,45.997210846381826
LYS,122,27.666277509099412,51.81336541134831
PRO,123,14.198679234037023,27.360048787249234
SER,124,11.90486220736858,21.122882337303295
ALA,125,7.585308084472119,27.46783182306033
ALA,126,7.192233933887888,24.792868032717237
CSER,127,17.565483802195637,22.00836113809835
