RESNAME,RESID,FF_ENTROPY(J/mol/K),TT_ENTROPY(J/mol/K)
NALA,1,9.149319906970119,37.79874083988459
GLU,2,22.595873375755467,21.429159344155387
ALA,3,6.587273092458336,25.066450650765415
GLY,4,2.8744848806443914,12.34156424073346
ILE,5,26.33135048961822,52.58225892112377
THR,6,20.639554483172766,35.119671153096114
GLY,7,2.598321539087797,11.859705054977436
THR,8,19.798370345038766,32.604826351517445
TRP,9,52.50223983583813,40.07825549186759
TYR,10,45.936966447386126,36.971565675135245
ALA,11,7.2569001890862195,25.166591450387948
GLN,12,26.24648632789102,32.825315389632976
LEU,13,22.652052442553845,52.36459839329156
GLY,14,2.453694721810915,12.594183937935728
SER,15,11.254553809094455,21.748568455643746
THR,16,19.967865790069716,33.41015885388815
PHE,17,34.88607342254256,35.676537082314894
ILE,18,25.009715752355348,51.92494648339896
VAL,19,19.398678292421735,42.035022662161595
THR,20,19.237690230470335,34.73527728683747
ALA,21,7.323334820205596,26.173839172810776
GLY,22,2.5158291936716193,12.587642145330177
ALA,23,7.582812470046211,25.704877101570055
ASP,24,18.939319963884707,15.131614365378127
GLY,25,3.030569277167554,13.68659532467596
ALA,26,7.797296392399517,25.153971519503482
LEU,27,25.85636454045959,50.09050241403604
THR,28,19.654977943545454,33.19067367257399
GLY,29,2.7249510254798412,11.641376958654588
THR,30,20.334712514366814,34.11897673935051
TYR,31,44.62726946432452,37.77908430787416
GLU,32,26.782098067854584,22.945712122479886
SER,33,11.736504407810191,20.46066097318337
ALA,34,6.529211463749188,26.15289691341209
VAL,35,17.956924938535956,44.67769599373158
GLY,36,2.612900975328295,12.144021101995875
ASN,37,20.891327201365982,26.242904643613713
ALA,38,7.107242589086189,25.60387142556116
GLU,39,24.63940057186652,23.1459057450317
SER,40,12.045598301967953,21.95444749403744
ARG,41,41.00905836598522,57.08907144976771
TYR,42,44.61960660245391,37.06970793607378
VAL,43,20.804960933841095,43.12506126769034
LEU,44,27.470718037246048,52.27502201186167
THR,45,20.352495863896863,35.850614640592084
GLY,46,2.9732869419940986,13.20670328721883
ARG,47,49.13775577369711,60.65611388726854
TYR,48,44.957342429522924,37.67963167696419
ASP,49,24.120771008755895,15.57622865382342
SER,50,11.75832572643312,21.358331566549953
ALA,51,6.514820274575434,24.745449986878135
PRO,52,11.758197483691571,26.55841913826968
ALA,53,5.927788783605459,24.468506510175352
THR,54,17.06777347131426,33.78711292728747
ASP,55,20.710631165943003,15.407241070711962
GLY,56,2.6710305437468573,13.585086011367041
SER,57,12.143708763098878,20.273529010531256
GLY,58,2.2901023946627506,13.24399489675602
THR,59,19.361356968848455,34.58197360512428
ALA,60,7.35713181482437,25.81945189225434
LEU,61,26.19452460345217,49.475401591167056
GLY,62,2.786998291392956,13.139692577835497
TRP,63,52.61694632914954,40.953153862071964
THR,64,20.1925828934303,34.846748751610505
VAL,65,19.78992790689456,43.68009373191155
ALA,66,7.474835890562926,24.212385775883526
TRP,67,53.54199616546424,42.35747015313827
LYS,68,29.794130883001593,53.000637470371466
ASN,69,23.933199845060255,26.110750921262348
ASN,70,20.836505183162533,26.20434663165289
TYR,71,44.15125847696928,37.229201626312346
ARG,72,40.27192996729673,56.29176103132181
ASN,73,24.191614685793212,26.430535666335476
ALA,74,7.246043040805385,24.977947248129986
HID,75,31.12265844965075,30.574080614348947
SER,76,12.150574930641325,21.709992828487053
ALA,77,6.7441460929274974,25.287318908099877
THR,78,20.187524059878864,34.69338788915146
THR,79,19.594176374017458,36.499681949364685
TRP,80,51.3728218556276,41.38920759038018
SER,81,12.935705161913235,22.148276881534446
GLY,82,2.852378530659597,13.36701605395237
GLN,83,28.617244587964553,33.725328040465534
TYR,84,45.37521637735665,38.16811494894505
VAL,85,18.9699808933652,44.61567462204559
GLY,86,2.3743165387358562,13.208133083887537
GLY,87,2.5118370262624445,12.584383111961404
ALA,88,6.6216998793980055,26.414813464783993
GLU,89,24.53571347117399,22.95632259160166
ALA,90,7.146029915907998,25.92614408658717
ARG,91,40.502840684118794,55.66882957585754
ILE,92,26.017681343250775,50.658004854313944
ASN,93,21.95171645549306,26.415653509776252
THR,94,20.0563356045044,33.756386827348265
GLN,95,31.52679479445727,35.6361283936681
TRP,96,51.97724343964775,40.890002598518485
LEU,97,27.296463066644765,51.64709975966733
LEU,98,24.875150005053523,51.24483931434399
THR,99,20.124007493910618,34.81378124921558
SER,100,11.845391096266459,21.71210625889046
GLY,101,2.464348476263748,13.571848478872782
THR,102,18.92254336760578,34.48879295087187
THR,103,19.521524746138216,35.71372198252663
GLU,104,24.61125811368074,22.766232901014966
ALA,105,6.915253276397497,25.641548400912413
ASN,106,22.715288006518627,27.914271783084786
ALA,107,6.9979475974600565,25.41371751555094
TRP,108,48.76607000928578,39.2752593348202
LYS,109,29.59090427734355,52.838157172985916
SER,110,12.156645474123133,22.705721896994895
THR,111,21.511499779929448,35.0641520418726
LEU,112,25.973632098984496,50.93057221853996
VAL,113,19.88115894127538,42.411383758541454
GLY,114,2.9361561902260926,12.784984908982157
HID,115,28.536113917553074,27.950521393104687
ASP,116,21.037370680636464,15.466237362938136
THR,117,19.79959506285326,37.51181277006703
PHE,118,35.91051004015417,36.68610951394259
THR,119,20.492258802061237,35.32019573587733
LYS,120,30.30651537719729,53.51792806379863
VAL,121,18.756585641741513,45.14828788753261
LYS,122,28.838964667207016,52.642880887225274
PRO,123,12.344378313816913,26.18097935059272
SER,124,10.454352028431249,21.153999351379518
ALA,125,5.69061369589397,24.893169051126414
ALA,126,5.177256757111601,24.1622392877065
CSER,127,14.055218208925364,20.5227434652448
