RESNAME,RESID,FF_ENTROPY(J/mol/K),TT_ENTROPY(J/mol/K)
NALA,1,9.493459224675698,38.99168126464036
GLU,2,21.884584606878015,21.534756413087514
ALA,3,5.329165892575683,24.895189935554434
GLY,4,2.7495276925575585,11.192582466288552
ILE,5,26.010551567995225,53.88299758146386
THR,6,20.79114508468198,34.87921239234949
GLY,7,2.5651850986029365,12.313302037282876
THR,8,19.567114335897433,33.3881068192718
TRP,9,53.92339022332397,40.45756999208047
TYR,10,45.277597082021686,38.24959878141773
ALA,11,6.920982946198095,22.73555518262994
GLN,12,26.434201150835786,33.67439287412094
LEU,13,25.301659227061393,51.40619787035917
GLY,14,2.6321099311875935,12.987065284496694
SER,15,12.366338498641177,21.642777439343536
THR,16,18.635076560955536,32.35034464014997
PHE,17,36.242933676449745,36.410372966783996
ILE,18,25.508431054964245,51.88086161900578
VAL,19,18.071652042598068,43.64277164814109
THR,20,20.172889057676688,34.44892097779957
ALA,21,7.478192939029497,25.869173466314432
GLY,22,2.416650970706276,12.48223407210659
ALA,23,6.741472452707897,26.061630941820745
ASP,24,18.852217386419454,14.714293507161909
GLY,25,2.830548566313004,12.741059547540655
ALA,26,6.902311289823563,25.736353683844026
LEU,27,24.03839901397894,50.98802221793327
THR,28,19.368239174092817,33.730408231444855
GLY,29,2.6855757456595115,11.6379325922829
THR,30,20.178759028189496,34.5073694532937
TYR,31,45.36445053428068,36.71603230862272
GLU,32,26.994658959110527,21.194816625081245
SER,33,11.996384339880914,20.727891501149905
ALA,34,7.068180522014242,26.359869745518942
VAL,35,16.990607726327006,44.98254422363185
GLY,36,2.793784202052435,14.108772792772186
ASN,37,20.350374545651558,27.04463256157946
ALA,38,7.307258557359146,25.42268036086046
GLU,39,25.298604511226994,22.524384209635127
SER,40,12.499529561222714,22.40323398518217
ARG,41,43.97227468780456,59.7954285825402
TYR,42,44.97573092284918,37.05379978114616
VAL,43,20.39857354912834,42.34146475951695
LEU,44,26.85224875550371,51.31632105722788
THR,45,20.346707362836376,35.92518305412943
GLY,46,2.741644632145709,13.315824226496625
ARG,47,47.97999426357948,59.44493698363203
TYR,48,44.87565036324029,38.03179343000509
ASP,49,24.504004003404145,16.330206434472412
SER,50,12.607267574104796,22.839275311986952
ALA,51,6.609290644912245,23.535819745681874
PRO,52,12.506228484846442,26.516717146565934
ALA,53,6.655758958460476,25.43813269630139
THR,54,17.331759888066138,35.60498141725178
ASP,55,22.27964494119588,14.74892799592434
GLY,56,2.768212741786585,13.515383635225621
SER,57,12.022582111907289,20.349257395743585
GLY,58,2.495695191100038,12.968860998348164
THR,59,20.084291456525357,35.16206122580103
ALA,60,7.165062174735641,26.22552062863647
LEU,61,24.619772832293794,51.276887587394675
GLY,62,2.763694554339161,13.144601003999327
TRP,63,53.23291966954648,41.29803782859245
THR,64,19.4521952537781,33.85792772715056
VAL,65,19.678393556907782,43.91952147912074
ALA,66,6.860688905039229,24.844695796500957
TRP,67,44.61563523026123,39.83520568483109
LYS,68,30.10767437662869,53.903613332688764
ASN,69,24.105385029777487,25.762302406769205
ASN,70,20.672947653563902,26.301210997850056
TYR,71,40.99055058540391,36.51699191816333
ARG,72,39.50053838202969,56.677041510397636
ASN,73,22.000306232393974,25.273558564185592
ALA,74,6.757433699280206,25.334421189348003
HID,75,28.9906581829041,29.767799364629724
SER,76,11.28442947294772,20.97115341066658
ALA,77,7.013791129023125,25.421476761192178
THR,78,20.233717466281433,34.57006704256703
THR,79,20.637124127248587,35.977198158707886
TRP,80,53.8226552598925,41.515332506516174
SER,81,12.747503395728355,22.304580154834706
GLY,82,2.824716938460512,14.09812986924413
GLN,83,30.24160083915285,35.93682957885701
TYR,84,44.11967915009035,38.71207587244653
VAL,85,19.136772098125096,43.72751970348623
GLY,86,2.2952067759389596,12.916392873782822
GLY,87,2.3998017370950913,12.142494480789408
ALA,88,6.485245046684335,25.304902775585308
GLU,89,24.682080676584338,21.975871914441846
ALA,90,6.929611497124993,25.45457657506552
ARG,91,42.02893190723345,56.14036046819405
ILE,92,26.1406136621904,51.00881225070896
ASN,93,23.747040599094877,28.443279342575437
THR,94,20.96917707826989,35.89877335548898
GLN,95,30.4700804101328,35.2212907437473
TRP,96,54.04770651339516,42.36461769440949
LEU,97,27.67453963955645,52.70334004973494
LEU,98,25.16945148433431,51.47713904468774
THR,99,20.77570186678739,35.06519655878501
SER,100,11.895004756685436,22.081636779105878
GLY,101,2.6320371580304904,13.458154680450734
THR,102,19.283413144697633,34.99890564984375
THR,103,19.23883454820109,35.97346046953225
GLU,104,23.9896613581761,21.968207770636653
ALA,105,7.054970037965435,24.714106572328753
ASN,106,21.867404979447098,27.40094130670892
ALA,107,6.760254040266231,24.834212235398873
TRP,108,48.607010214913196,38.850573179769775
LYS,109,29.197635546895988,52.15728899083802
SER,110,12.431084850668489,23.110591064420763
THR,111,20.569153752084116,35.17460364602251
LEU,112,26.337791645965563,51.38709067081776
VAL,113,19.43149876145022,43.55413203349721
GLY,114,2.7941169764528295,13.537611673812078
HID,115,31.10418557434664,30.359410889366632
ASP,116,24.242034769442984,15.796848467040544
THR,117,20.648859112128154,36.23169471822774
PHE,118,34.36114765635771,36.845566262489314
THR,119,19.926344178343605,37.08865296794331
LYS,120,29.79157276225499,51.40418528116192
VAL,121,18.48066933555714,42.15349567974709
LYS,122,29.023001568827222,54.015420666443056
PRO,123,14.056804683790723,26.394375503596347
SER,124,12.41940216143362,22.067355010968463
ALA,125,6.649359568566394,27.622613659850657
ALA,126,6.667889075940789,25.03259004265154
CSER,127,19.92242486411939,21.880411542594782
