------------------------------------------------------------
Topographical entropy of residue side chains 
computed using all the dihedrals with correlation/pLogp formalism
------------------------------------------------------------
Side Chain Topographical Entropy from corr. pLogP method (NALA 1) : -0.0000
Side Chain Topographical Entropy from corr. pLogP method (GLU 2) : 21.1440
Side Chain Topographical Entropy from corr. pLogP method (ALA 3) : -0.0000
Side Chain Topographical Entropy from corr. pLogP method (GLY 4) : -0.0000
Side Chain Topographical Entropy from corr. pLogP method (ILE 5) : 1.8986
Side Chain Topographical Entropy from corr. pLogP method (THR 6) : -0.0000
Side Chain Topographical Entropy from corr. pLogP method (GLY 7) : -0.0000
Side Chain Topographical Entropy from corr. pLogP method (THR 8) : 0.1200
Side Chain Topographical Entropy from corr. pLogP method (TRP 9) : -0.0000
Side Chain Topographical Entropy from corr. pLogP method (TYR 10) : 5.8793
Side Chain Topographical Entropy from corr. pLogP method (ALA 11) : -0.0000
Side Chain Topographical Entropy from corr. pLogP method (GLN 12) : 17.8456
Side Chain Topographical Entropy from corr. pLogP method (LEU 13) : 6.2155
Side Chain Topographical Entropy from corr. pLogP method (GLY 14) : -0.0000
Side Chain Topographical Entropy from corr. pLogP method (SER 15) : 6.6983
Side Chain Topographical Entropy from corr. pLogP method (THR 16) : 6.6760
Side Chain Topographical Entropy from corr. pLogP method (PHE 17) : 0.2617
Side Chain Topographical Entropy from corr. pLogP method (ILE 18) : 2.3441
Side Chain Topographical Entropy from corr. pLogP method (VAL 19) : 0.6476
Side Chain Topographical Entropy from corr. pLogP method (THR 20) : 2.4377
Side Chain Topographical Entropy from corr. pLogP method (ALA 21) : -0.0000
Side Chain Topographical Entropy from corr. pLogP method (GLY 22) : -0.0000
Side Chain Topographical Entropy from corr. pLogP method (ALA 23) : -0.0000
Side Chain Topographical Entropy from corr. pLogP method (ASP 24) : 14.1811
Side Chain Topographical Entropy from corr. pLogP method (GLY 25) : -0.0000
Side Chain Topographical Entropy from corr. pLogP method (ALA 26) : -0.0000
Side Chain Topographical Entropy from corr. pLogP method (LEU 27) : 7.7072
Side Chain Topographical Entropy from corr. pLogP method (THR 28) : 7.4863
Side Chain Topographical Entropy from corr. pLogP method (GLY 29) : -0.0000
Side Chain Topographical Entropy from corr. pLogP method (THR 30) : -0.0000
Side Chain Topographical Entropy from corr. pLogP method (TYR 31) : 9.3432
Side Chain Topographical Entropy from corr. pLogP method (GLU 32) : 12.7594
Side Chain Topographical Entropy from corr. pLogP method (SER 33) : 5.0810
Side Chain Topographical Entropy from corr. pLogP method (ALA 34) : -0.0000
Side Chain Topographical Entropy from corr. pLogP method (VAL 35) : 7.2985
Side Chain Topographical Entropy from corr. pLogP method (GLY 36) : -0.0000
Side Chain Topographical Entropy from corr. pLogP method (ASN 37) : 16.6040
Side Chain Topographical Entropy from corr. pLogP method (ALA 38) : -0.0000
Side Chain Topographical Entropy from corr. pLogP method (GLU 39) : 12.6069
Side Chain Topographical Entropy from corr. pLogP method (SER 40) : 6.3727
Side Chain Topographical Entropy from corr. pLogP method (ARG 41) : 0.3931
Side Chain Topographical Entropy from corr. pLogP method (TYR 42) : 0.1200
Side Chain Topographical Entropy from corr. pLogP method (VAL 43) : 0.4531
Side Chain Topographical Entropy from corr. pLogP method (LEU 44) : 7.6181
Side Chain Topographical Entropy from corr. pLogP method (THR 45) : 6.3441
Side Chain Topographical Entropy from corr. pLogP method (GLY 46) : -0.0000
Side Chain Topographical Entropy from corr. pLogP method (ARG 47) : 1.7700
Side Chain Topographical Entropy from corr. pLogP method (TYR 48) : 3.4397
Side Chain Topographical Entropy from corr. pLogP method (ASP 49) : 3.4120
Side Chain Topographical Entropy from corr. pLogP method (SER 50) : 4.8520
Side Chain Topographical Entropy from corr. pLogP method (ALA 51) : -0.0000
Side Chain Topographical Entropy from corr. pLogP method (PRO 52) : 9.3825
Side Chain Topographical Entropy from corr. pLogP method (ALA 53) : -0.0000
Side Chain Topographical Entropy from corr. pLogP method (THR 54) : 4.9559
Side Chain Topographical Entropy from corr. pLogP method (ASP 55) : 7.1800
Side Chain Topographical Entropy from corr. pLogP method (GLY 56) : -0.0000
Side Chain Topographical Entropy from corr. pLogP method (SER 57) : 1.9551
Side Chain Topographical Entropy from corr. pLogP method (GLY 58) : -0.0000
Side Chain Topographical Entropy from corr. pLogP method (THR 59) : -0.0000
Side Chain Topographical Entropy from corr. pLogP method (ALA 60) : -0.0000
Side Chain Topographical Entropy from corr. pLogP method (LEU 61) : 6.2255
Side Chain Topographical Entropy from corr. pLogP method (GLY 62) : -0.0000
Side Chain Topographical Entropy from corr. pLogP method (TRP 63) : -0.0000
Side Chain Topographical Entropy from corr. pLogP method (THR 64) : -0.0000
Side Chain Topographical Entropy from corr. pLogP method (VAL 65) : -0.0000
Side Chain Topographical Entropy from corr. pLogP method (ALA 66) : -0.0000
Side Chain Topographical Entropy from corr. pLogP method (TRP 67) : -0.0000
Side Chain Topographical Entropy from corr. pLogP method (LYS 68) : 13.5964
Side Chain Topographical Entropy from corr. pLogP method (ASN 69) : 5.4084
Side Chain Topographical Entropy from corr. pLogP method (ASN 70) : 14.1496
Side Chain Topographical Entropy from corr. pLogP method (TYR 71) : 3.2120
Side Chain Topographical Entropy from corr. pLogP method (ARG 72) : 5.8520
Side Chain Topographical Entropy from corr. pLogP method (ASN 73) : 0.3707
Side Chain Topographical Entropy from corr. pLogP method (ALA 74) : -0.0000
Side Chain Topographical Entropy from corr. pLogP method (HID 75) : 1.6992
Side Chain Topographical Entropy from corr. pLogP method (SER 76) : 0.3874
Side Chain Topographical Entropy from corr. pLogP method (ALA 77) : -0.0000
Side Chain Topographical Entropy from corr. pLogP method (THR 78) : -0.0000
Side Chain Topographical Entropy from corr. pLogP method (THR 79) : -0.0000
Side Chain Topographical Entropy from corr. pLogP method (TRP 80) : 1.4488
Side Chain Topographical Entropy from corr. pLogP method (SER 81) : 0.1200
Side Chain Topographical Entropy from corr. pLogP method (GLY 82) : -0.0000
Side Chain Topographical Entropy from corr. pLogP method (GLN 83) : 11.2184
Side Chain Topographical Entropy from corr. pLogP method (TYR 84) : -0.0000
Side Chain Topographical Entropy from corr. pLogP method (VAL 85) : 0.6920
Side Chain Topographical Entropy from corr. pLogP method (GLY 86) : -0.0000
Side Chain Topographical Entropy from corr. pLogP method (GLY 87) : -0.0000
Side Chain Topographical Entropy from corr. pLogP method (ALA 88) : -0.0000
Side Chain Topographical Entropy from corr. pLogP method (GLU 89) : 22.3353
Side Chain Topographical Entropy from corr. pLogP method (ALA 90) : -0.0000
Side Chain Topographical Entropy from corr. pLogP method (ARG 91) : 9.6691
Side Chain Topographical Entropy from corr. pLogP method (ILE 92) : 0.3395
Side Chain Topographical Entropy from corr. pLogP method (ASN 93) : 3.7971
Side Chain Topographical Entropy from corr. pLogP method (THR 94) : -0.0000
Side Chain Topographical Entropy from corr. pLogP method (GLN 95) : 2.0165
Side Chain Topographical Entropy from corr. pLogP method (TRP 96) : 1.0913
Side Chain Topographical Entropy from corr. pLogP method (LEU 97) : 0.2617
Side Chain Topographical Entropy from corr. pLogP method (LEU 98) : 0.0657
Side Chain Topographical Entropy from corr. pLogP method (THR 99) : -0.0000
Side Chain Topographical Entropy from corr. pLogP method (SER 100) : 5.5209
Side Chain Topographical Entropy from corr. pLogP method (GLY 101) : -0.0000
Side Chain Topographical Entropy from corr. pLogP method (THR 102) : -0.0000
Side Chain Topographical Entropy from corr. pLogP method (THR 103) : -0.0000
Side Chain Topographical Entropy from corr. pLogP method (GLU 104) : 21.5310
Side Chain Topographical Entropy from corr. pLogP method (ALA 105) : -0.0000
Side Chain Topographical Entropy from corr. pLogP method (ASN 106) : 4.4632
Side Chain Topographical Entropy from corr. pLogP method (ALA 107) : -0.0000
Side Chain Topographical Entropy from corr. pLogP method (TRP 108) : 5.7037
Side Chain Topographical Entropy from corr. pLogP method (LYS 109) : 17.5784
Side Chain Topographical Entropy from corr. pLogP method (SER 110) : -0.0000
Side Chain Topographical Entropy from corr. pLogP method (THR 111) : -0.0000
Side Chain Topographical Entropy from corr. pLogP method (LEU 112) : 1.2130
Side Chain Topographical Entropy from corr. pLogP method (VAL 113) : -0.0000
Side Chain Topographical Entropy from corr. pLogP method (GLY 114) : -0.0000
Side Chain Topographical Entropy from corr. pLogP method (HID 115) : 5.7611
Side Chain Topographical Entropy from corr. pLogP method (ASP 116) : 7.7459
Side Chain Topographical Entropy from corr. pLogP method (THR 117) : -0.0000
Side Chain Topographical Entropy from corr. pLogP method (PHE 118) : -0.0000
Side Chain Topographical Entropy from corr. pLogP method (THR 119) : 5.8213
Side Chain Topographical Entropy from corr. pLogP method (LYS 120) : 12.5747
Side Chain Topographical Entropy from corr. pLogP method (VAL 121) : 3.2846
Side Chain Topographical Entropy from corr. pLogP method (LYS 122) : 19.7846
Side Chain Topographical Entropy from corr. pLogP method (PRO 123) : 14.5472
Side Chain Topographical Entropy from corr. pLogP method (SER 124) : 8.5811
Side Chain Topographical Entropy from corr. pLogP method (ALA 125) : -0.0000
Side Chain Topographical Entropy from corr. pLogP method (ALA 126) : -0.0000
Side Chain Topographical Entropy from corr. pLogP method (CSER 127) : 6.6450
____________________________________________________________
Total SC Topog. Entropy (corr. pLogP)    :         468.197
------------------------------------------------------------
____________________________________________________________
Total BB Topog. Entropy (corr. pLogP)    :          16.518
------------------------------------------------------------
____________________________________________________________
Total Entropy                            :         484.715
------------------------------------------------------------
