------------------------------------------------------------
Topographical entropy of residue side chains 
computed using all the dihedrals with correlation/pLogp formalism
------------------------------------------------------------
Side Chain Topographical Entropy from corr. pLogP method (NALA 1) : -0.0000
Side Chain Topographical Entropy from corr. pLogP method (GLU 2) : 22.1027
Side Chain Topographical Entropy from corr. pLogP method (ALA 3) : -0.0000
Side Chain Topographical Entropy from corr. pLogP method (GLY 4) : -0.0000
Side Chain Topographical Entropy from corr. pLogP method (ILE 5) : 1.4663
Side Chain Topographical Entropy from corr. pLogP method (THR 6) : 0.1120
Side Chain Topographical Entropy from corr. pLogP method (GLY 7) : -0.0000
Side Chain Topographical Entropy from corr. pLogP method (THR 8) : 0.9459
Side Chain Topographical Entropy from corr. pLogP method (TRP 9) : 2.5168
Side Chain Topographical Entropy from corr. pLogP method (TYR 10) : 8.0248
Side Chain Topographical Entropy from corr. pLogP method (ALA 11) : -0.0000
Side Chain Topographical Entropy from corr. pLogP method (GLN 12) : 21.0508
Side Chain Topographical Entropy from corr. pLogP method (LEU 13) : 7.6659
Side Chain Topographical Entropy from corr. pLogP method (GLY 14) : -0.0000
Side Chain Topographical Entropy from corr. pLogP method (SER 15) : 6.8879
Side Chain Topographical Entropy from corr. pLogP method (THR 16) : 4.6890
Side Chain Topographical Entropy from corr. pLogP method (PHE 17) : 2.4137
Side Chain Topographical Entropy from corr. pLogP method (ILE 18) : 4.7747
Side Chain Topographical Entropy from corr. pLogP method (VAL 19) : 2.6281
Side Chain Topographical Entropy from corr. pLogP method (THR 20) : 7.1050
Side Chain Topographical Entropy from corr. pLogP method (ALA 21) : -0.0000
Side Chain Topographical Entropy from corr. pLogP method (GLY 22) : -0.0000
Side Chain Topographical Entropy from corr. pLogP method (ALA 23) : -0.0000
Side Chain Topographical Entropy from corr. pLogP method (ASP 24) : 15.1895
Side Chain Topographical Entropy from corr. pLogP method (GLY 25) : -0.0000
Side Chain Topographical Entropy from corr. pLogP method (ALA 26) : -0.0000
Side Chain Topographical Entropy from corr. pLogP method (LEU 27) : 8.7431
Side Chain Topographical Entropy from corr. pLogP method (THR 28) : 8.8523
Side Chain Topographical Entropy from corr. pLogP method (GLY 29) : -0.0000
Side Chain Topographical Entropy from corr. pLogP method (THR 30) : 7.9767
Side Chain Topographical Entropy from corr. pLogP method (TYR 31) : 9.3744
Side Chain Topographical Entropy from corr. pLogP method (GLU 32) : 16.2327
Side Chain Topographical Entropy from corr. pLogP method (SER 33) : 4.1163
Side Chain Topographical Entropy from corr. pLogP method (ALA 34) : -0.0000
Side Chain Topographical Entropy from corr. pLogP method (VAL 35) : 7.3235
Side Chain Topographical Entropy from corr. pLogP method (GLY 36) : -0.0000
Side Chain Topographical Entropy from corr. pLogP method (ASN 37) : 11.3320
Side Chain Topographical Entropy from corr. pLogP method (ALA 38) : -0.0000
Side Chain Topographical Entropy from corr. pLogP method (GLU 39) : 20.1067
Side Chain Topographical Entropy from corr. pLogP method (SER 40) : 5.6158
Side Chain Topographical Entropy from corr. pLogP method (ARG 41) : 14.5741
Side Chain Topographical Entropy from corr. pLogP method (TYR 42) : 3.2282
Side Chain Topographical Entropy from corr. pLogP method (VAL 43) : 1.1213
Side Chain Topographical Entropy from corr. pLogP method (LEU 44) : 3.9652
Side Chain Topographical Entropy from corr. pLogP method (THR 45) : 6.6806
Side Chain Topographical Entropy from corr. pLogP method (GLY 46) : -0.0000
Side Chain Topographical Entropy from corr. pLogP method (ARG 47) : 2.4313
Side Chain Topographical Entropy from corr. pLogP method (TYR 48) : 5.2585
Side Chain Topographical Entropy from corr. pLogP method (ASP 49) : 8.5285
Side Chain Topographical Entropy from corr. pLogP method (SER 50) : 2.0750
Side Chain Topographical Entropy from corr. pLogP method (ALA 51) : -0.0000
Side Chain Topographical Entropy from corr. pLogP method (PRO 52) : 13.3942
Side Chain Topographical Entropy from corr. pLogP method (ALA 53) : -0.0000
Side Chain Topographical Entropy from corr. pLogP method (THR 54) : 5.3294
Side Chain Topographical Entropy from corr. pLogP method (ASP 55) : 9.1716
Side Chain Topographical Entropy from corr. pLogP method (GLY 56) : -0.0000
Side Chain Topographical Entropy from corr. pLogP method (SER 57) : 1.6743
Side Chain Topographical Entropy from corr. pLogP method (GLY 58) : -0.0000
Side Chain Topographical Entropy from corr. pLogP method (THR 59) : 1.4358
Side Chain Topographical Entropy from corr. pLogP method (ALA 60) : -0.0000
Side Chain Topographical Entropy from corr. pLogP method (LEU 61) : 6.7095
Side Chain Topographical Entropy from corr. pLogP method (GLY 62) : -0.0000
Side Chain Topographical Entropy from corr. pLogP method (TRP 63) : 4.0320
Side Chain Topographical Entropy from corr. pLogP method (THR 64) : 0.2186
Side Chain Topographical Entropy from corr. pLogP method (VAL 65) : 0.5618
Side Chain Topographical Entropy from corr. pLogP method (ALA 66) : -0.0000
Side Chain Topographical Entropy from corr. pLogP method (TRP 67) : 7.0572
Side Chain Topographical Entropy from corr. pLogP method (LYS 68) : 21.5546
Side Chain Topographical Entropy from corr. pLogP method (ASN 69) : 12.3306
Side Chain Topographical Entropy from corr. pLogP method (ASN 70) : 14.8981
Side Chain Topographical Entropy from corr. pLogP method (TYR 71) : 14.8270
Side Chain Topographical Entropy from corr. pLogP method (ARG 72) : 19.8102
Side Chain Topographical Entropy from corr. pLogP method (ASN 73) : 9.0166
Side Chain Topographical Entropy from corr. pLogP method (ALA 74) : -0.0000
Side Chain Topographical Entropy from corr. pLogP method (HID 75) : 8.1218
Side Chain Topographical Entropy from corr. pLogP method (SER 76) : 4.9186
Side Chain Topographical Entropy from corr. pLogP method (ALA 77) : -0.0000
Side Chain Topographical Entropy from corr. pLogP method (THR 78) : 0.6031
Side Chain Topographical Entropy from corr. pLogP method (THR 79) : 1.6403
Side Chain Topographical Entropy from corr. pLogP method (TRP 80) : 4.5220
Side Chain Topographical Entropy from corr. pLogP method (SER 81) : 4.0354
Side Chain Topographical Entropy from corr. pLogP method (GLY 82) : -0.0000
Side Chain Topographical Entropy from corr. pLogP method (GLN 83) : 12.2221
Side Chain Topographical Entropy from corr. pLogP method (TYR 84) : 1.9728
Side Chain Topographical Entropy from corr. pLogP method (VAL 85) : 3.1070
Side Chain Topographical Entropy from corr. pLogP method (GLY 86) : -0.0000
Side Chain Topographical Entropy from corr. pLogP method (GLY 87) : -0.0000
Side Chain Topographical Entropy from corr. pLogP method (ALA 88) : -0.0000
Side Chain Topographical Entropy from corr. pLogP method (GLU 89) : 22.8082
Side Chain Topographical Entropy from corr. pLogP method (ALA 90) : -0.0000
Side Chain Topographical Entropy from corr. pLogP method (ARG 91) : 19.0930
Side Chain Topographical Entropy from corr. pLogP method (ILE 92) : 2.4292
Side Chain Topographical Entropy from corr. pLogP method (ASN 93) : 9.3102
Side Chain Topographical Entropy from corr. pLogP method (THR 94) : 6.0641
Side Chain Topographical Entropy from corr. pLogP method (GLN 95) : 10.9097
Side Chain Topographical Entropy from corr. pLogP method (TRP 96) : 1.3818
Side Chain Topographical Entropy from corr. pLogP method (LEU 97) : 5.6185
Side Chain Topographical Entropy from corr. pLogP method (LEU 98) : 3.5916
Side Chain Topographical Entropy from corr. pLogP method (THR 99) : 5.9750
Side Chain Topographical Entropy from corr. pLogP method (SER 100) : 8.8486
Side Chain Topographical Entropy from corr. pLogP method (GLY 101) : -0.0000
Side Chain Topographical Entropy from corr. pLogP method (THR 102) : 2.3576
Side Chain Topographical Entropy from corr. pLogP method (THR 103) : 2.2795
Side Chain Topographical Entropy from corr. pLogP method (GLU 104) : 23.5747
Side Chain Topographical Entropy from corr. pLogP method (ALA 105) : -0.0000
Side Chain Topographical Entropy from corr. pLogP method (ASN 106) : 5.0627
Side Chain Topographical Entropy from corr. pLogP method (ALA 107) : -0.0000
Side Chain Topographical Entropy from corr. pLogP method (TRP 108) : 7.2881
Side Chain Topographical Entropy from corr. pLogP method (LYS 109) : 15.9283
Side Chain Topographical Entropy from corr. pLogP method (SER 110) : 3.0385
Side Chain Topographical Entropy from corr. pLogP method (THR 111) : 0.1740
Side Chain Topographical Entropy from corr. pLogP method (LEU 112) : 1.9682
Side Chain Topographical Entropy from corr. pLogP method (VAL 113) : 0.0085
Side Chain Topographical Entropy from corr. pLogP method (GLY 114) : -0.0000
Side Chain Topographical Entropy from corr. pLogP method (HID 115) : 0.6664
Side Chain Topographical Entropy from corr. pLogP method (ASP 116) : 7.5321
Side Chain Topographical Entropy from corr. pLogP method (THR 117) : 5.8755
Side Chain Topographical Entropy from corr. pLogP method (PHE 118) : 3.3387
Side Chain Topographical Entropy from corr. pLogP method (THR 119) : 6.8999
Side Chain Topographical Entropy from corr. pLogP method (LYS 120) : 14.6035
Side Chain Topographical Entropy from corr. pLogP method (VAL 121) : 5.9322
Side Chain Topographical Entropy from corr. pLogP method (LYS 122) : 17.5791
Side Chain Topographical Entropy from corr. pLogP method (PRO 123) : 15.5694
Side Chain Topographical Entropy from corr. pLogP method (SER 124) : 8.8720
Side Chain Topographical Entropy from corr. pLogP method (ALA 125) : -0.0000
Side Chain Topographical Entropy from corr. pLogP method (ALA 126) : -0.0000
Side Chain Topographical Entropy from corr. pLogP method (CSER 127) : 5.1212
____________________________________________________________
Total SC Topog. Entropy (corr. pLogP)    :         687.974
------------------------------------------------------------
____________________________________________________________
Total BB Topog. Entropy (corr. pLogP)    :          34.039
------------------------------------------------------------
____________________________________________________________
Total Entropy                            :         722.013
------------------------------------------------------------
