------------------------------------------------------------
            Hierarchy level. --> United Atom <--            
------------------------------------------------------------
      RESNAME   RESID  FF_ENTROPY  TT_ENTROPY
UATOM NALA          1       9.111      38.012
UATOM GLU           2      22.264      21.253
UATOM ALA           3       5.746      24.392
UATOM GLY           4       2.357      11.992
UATOM ILE           5      24.263      52.917
UATOM THR           6      17.418      34.077
UATOM GLY           7       2.137      11.663
UATOM THR           8      16.885      31.799
UATOM TRP           9      40.725      38.077
UATOM TYR          10      36.523      37.013
UATOM ALA          11       6.116      23.288
UATOM GLN          12      24.350      33.069
UATOM LEU          13      22.021      50.289
UATOM GLY          14       2.131      10.954
UATOM SER          15      10.689      20.656
UATOM THR          16      17.335      33.464
UATOM PHE          17      26.802      34.161
UATOM ILE          18      22.557      51.685
UATOM VAL          19      16.388      41.444
UATOM THR          20      17.074      33.307
UATOM ALA          21       5.575      25.109
UATOM GLY          22       2.410      11.839
UATOM ALA          23       6.361      24.599
UATOM ASP          24      17.505      15.332
UATOM GLY          25       2.798      12.180
UATOM ALA          26       6.449      23.874
UATOM LEU          27      23.358      50.733
UATOM THR          28      17.859      32.757
UATOM GLY          29       2.438      11.350
UATOM THR          30      17.414      33.461
UATOM TYR          31      35.425      36.781
UATOM GLU          32      24.829      21.413
UATOM SER          33      10.200      20.535
UATOM ALA          34       6.296      25.252
UATOM VAL          35      16.873      44.128
UATOM GLY          36       2.330      11.992
UATOM ASN          37      19.786      24.888
UATOM ALA          38       6.225      25.338
UATOM GLU          39      23.636      21.992
UATOM SER          40      10.844      19.892
UATOM ARG          41      41.012      55.278
UATOM TYR          42      35.709      35.533
UATOM VAL          43      16.445      43.355
UATOM LEU          44      24.210      48.696
UATOM THR          45      18.391      33.719
UATOM GLY          46       2.736      11.863
UATOM ARG          47      41.436      54.192
UATOM TYR          48      36.204      35.011
UATOM ASP          49      20.197      14.892
UATOM SER          50      11.005      20.209
UATOM ALA          51       6.146      22.805
UATOM PRO          52      11.799      26.217
UATOM ALA          53       6.020      25.347
UATOM THR          54      17.680      34.339
UATOM ASP          55      18.576      14.421
UATOM GLY          56       2.623      11.983
UATOM SER          57      10.844      20.718
UATOM GLY          58       2.271      11.526
UATOM THR          59      17.307      34.164
UATOM ALA          60       6.502      25.989
UATOM LEU          61      22.823      50.396
UATOM GLY          62       2.768      11.706
UATOM TRP          63      41.765      38.753
UATOM THR          64      18.310      31.782
UATOM VAL          65      18.141      42.825
UATOM ALA          66       6.352      23.706
UATOM TRP          67      41.503      37.291
UATOM LYS          68      27.347      52.667
UATOM ASN          69      20.993      26.224
UATOM ASN          70      19.186      25.796
UATOM TYR          71      36.939      36.819
UATOM ARG          72      38.856      57.202
UATOM ASN          73      21.317      24.822
UATOM ALA          74       5.925      25.297
UATOM HID          75      25.433      27.149
UATOM SER          76      11.162      20.765
UATOM ALA          77       6.187      25.455
UATOM THR          78      17.967      31.575
UATOM THR          79      18.748      33.720
UATOM TRP          80      40.915      38.272
UATOM SER          81      11.373      19.360
UATOM GLY          82       2.670      11.791
UATOM GLN          83      26.954      32.448
UATOM TYR          84      35.836      35.774
UATOM VAL          85      17.437      44.525
UATOM GLY          86       2.366      12.269
UATOM GLY          87       2.543      11.126
UATOM ALA          88       6.169      25.381
UATOM GLU          89      24.058      21.407
UATOM ALA          90       6.323      24.287
UATOM ARG          91      38.987      56.323
UATOM ILE          92      22.820      49.374
UATOM ASN          93      21.344      26.411
UATOM THR          94      18.002      34.341
UATOM GLN          95      26.459      32.679
UATOM TRP          96      41.971      37.127
UATOM LEU          97      23.430      50.049
UATOM LEU          98      23.613      50.276
UATOM THR          99      17.463      33.883
UATOM SER         100      11.104      20.530
UATOM GLY         101       2.590      11.322
UATOM THR         102      17.783      33.461
UATOM THR         103      17.864      35.214
UATOM GLU         104      23.048      21.481
UATOM ALA         105       6.249      24.935
UATOM ASN         106      20.071      25.067
UATOM ALA         107       6.006      24.520
UATOM TRP         108      41.053      39.439
UATOM LYS         109      25.626      51.629
UATOM SER         110      10.751      20.880
UATOM THR         111      17.697      34.503
UATOM LEU         112      22.696      48.939
UATOM VAL         113      17.392      42.809
UATOM GLY         114       2.774      11.900
UATOM HID         115      24.465      27.144
UATOM ASP         116      19.895      15.151
UATOM THR         117      17.776      35.869
UATOM PHE         118      28.243      34.228
UATOM THR         119      17.959      35.282
UATOM LYS         120      27.971      52.641
UATOM VAL         121      17.851      42.435
UATOM LYS         122      26.177      51.384
UATOM PRO         123      11.225      25.842
UATOM SER         124      10.658      20.208
UATOM ALA         125       6.441      25.710
UATOM ALA         126       6.024      24.736
UATOM CSER        127      17.497      21.132
____________________________________________________________
Total Entropy FF (UA level) :        2235.958 J/mol/K
Total Entropy TT (UA level) :        3836.661 J/mol/K
------------------------------------------------------------
____________________________________________________________
Total Entropy                            :        6072.619
------------------------------------------------------------
