------------------------------------------------------------
Topographical entropy of residue side chains 
computed using all the dihedrals with correlation/pLogp formalism
------------------------------------------------------------
Side Chain Topographical Entropy from corr. pLogP method (NALA 1) : -0.0000
Side Chain Topographical Entropy from corr. pLogP method (GLU 2) : 21.9106
Side Chain Topographical Entropy from corr. pLogP method (ALA 3) : -0.0000
Side Chain Topographical Entropy from corr. pLogP method (GLY 4) : -0.0000
Side Chain Topographical Entropy from corr. pLogP method (ILE 5) : 2.4492
Side Chain Topographical Entropy from corr. pLogP method (THR 6) : 0.6935
Side Chain Topographical Entropy from corr. pLogP method (GLY 7) : -0.0000
Side Chain Topographical Entropy from corr. pLogP method (THR 8) : 2.7065
Side Chain Topographical Entropy from corr. pLogP method (TRP 9) : 0.0518
Side Chain Topographical Entropy from corr. pLogP method (TYR 10) : 5.6143
Side Chain Topographical Entropy from corr. pLogP method (ALA 11) : -0.0000
Side Chain Topographical Entropy from corr. pLogP method (GLN 12) : 20.1927
Side Chain Topographical Entropy from corr. pLogP method (LEU 13) : 8.3167
Side Chain Topographical Entropy from corr. pLogP method (GLY 14) : -0.0000
Side Chain Topographical Entropy from corr. pLogP method (SER 15) : 6.3483
Side Chain Topographical Entropy from corr. pLogP method (THR 16) : 0.1936
Side Chain Topographical Entropy from corr. pLogP method (PHE 17) : 1.0953
Side Chain Topographical Entropy from corr. pLogP method (ILE 18) : 9.6562
Side Chain Topographical Entropy from corr. pLogP method (VAL 19) : 4.8055
Side Chain Topographical Entropy from corr. pLogP method (THR 20) : 8.6440
Side Chain Topographical Entropy from corr. pLogP method (ALA 21) : -0.0000
Side Chain Topographical Entropy from corr. pLogP method (GLY 22) : -0.0000
Side Chain Topographical Entropy from corr. pLogP method (ALA 23) : -0.0000
Side Chain Topographical Entropy from corr. pLogP method (ASP 24) : 16.1256
Side Chain Topographical Entropy from corr. pLogP method (GLY 25) : -0.0000
Side Chain Topographical Entropy from corr. pLogP method (ALA 26) : -0.0000
Side Chain Topographical Entropy from corr. pLogP method (LEU 27) : 10.9487
Side Chain Topographical Entropy from corr. pLogP method (THR 28) : 8.7051
Side Chain Topographical Entropy from corr. pLogP method (GLY 29) : -0.0000
Side Chain Topographical Entropy from corr. pLogP method (THR 30) : 6.5437
Side Chain Topographical Entropy from corr. pLogP method (TYR 31) : 5.0158
Side Chain Topographical Entropy from corr. pLogP method (GLU 32) : 13.8893
Side Chain Topographical Entropy from corr. pLogP method (SER 33) : 8.5744
Side Chain Topographical Entropy from corr. pLogP method (ALA 34) : -0.0000
Side Chain Topographical Entropy from corr. pLogP method (VAL 35) : 7.3327
Side Chain Topographical Entropy from corr. pLogP method (GLY 36) : -0.0000
Side Chain Topographical Entropy from corr. pLogP method (ASN 37) : 15.1797
Side Chain Topographical Entropy from corr. pLogP method (ALA 38) : -0.0000
Side Chain Topographical Entropy from corr. pLogP method (GLU 39) : 20.7921
Side Chain Topographical Entropy from corr. pLogP method (SER 40) : 7.9251
Side Chain Topographical Entropy from corr. pLogP method (ARG 41) : 12.3812
Side Chain Topographical Entropy from corr. pLogP method (TYR 42) : 1.9147
Side Chain Topographical Entropy from corr. pLogP method (VAL 43) : 1.8376
Side Chain Topographical Entropy from corr. pLogP method (LEU 44) : 2.8534
Side Chain Topographical Entropy from corr. pLogP method (THR 45) : 8.0605
Side Chain Topographical Entropy from corr. pLogP method (GLY 46) : -0.0000
Side Chain Topographical Entropy from corr. pLogP method (ARG 47) : 2.1808
Side Chain Topographical Entropy from corr. pLogP method (TYR 48) : 4.5466
Side Chain Topographical Entropy from corr. pLogP method (ASP 49) : 0.3707
Side Chain Topographical Entropy from corr. pLogP method (SER 50) : 2.3042
Side Chain Topographical Entropy from corr. pLogP method (ALA 51) : -0.0000
Side Chain Topographical Entropy from corr. pLogP method (PRO 52) : 7.3654
Side Chain Topographical Entropy from corr. pLogP method (ALA 53) : -0.0000
Side Chain Topographical Entropy from corr. pLogP method (THR 54) : 4.1023
Side Chain Topographical Entropy from corr. pLogP method (ASP 55) : 6.9199
Side Chain Topographical Entropy from corr. pLogP method (GLY 56) : -0.0000
Side Chain Topographical Entropy from corr. pLogP method (SER 57) : 0.0695
Side Chain Topographical Entropy from corr. pLogP method (GLY 58) : -0.0000
Side Chain Topographical Entropy from corr. pLogP method (THR 59) : -0.0000
Side Chain Topographical Entropy from corr. pLogP method (ALA 60) : -0.0000
Side Chain Topographical Entropy from corr. pLogP method (LEU 61) : 6.6947
Side Chain Topographical Entropy from corr. pLogP method (GLY 62) : -0.0000
Side Chain Topographical Entropy from corr. pLogP method (TRP 63) : 1.0570
Side Chain Topographical Entropy from corr. pLogP method (THR 64) : 0.2763
Side Chain Topographical Entropy from corr. pLogP method (VAL 65) : 0.1857
Side Chain Topographical Entropy from corr. pLogP method (ALA 66) : -0.0000
Side Chain Topographical Entropy from corr. pLogP method (TRP 67) : 2.6279
Side Chain Topographical Entropy from corr. pLogP method (LYS 68) : 18.2392
Side Chain Topographical Entropy from corr. pLogP method (ASN 69) : 8.0156
Side Chain Topographical Entropy from corr. pLogP method (ASN 70) : 13.6948
Side Chain Topographical Entropy from corr. pLogP method (TYR 71) : 8.8251
Side Chain Topographical Entropy from corr. pLogP method (ARG 72) : 16.4813
Side Chain Topographical Entropy from corr. pLogP method (ASN 73) : 4.5970
Side Chain Topographical Entropy from corr. pLogP method (ALA 74) : -0.0000
Side Chain Topographical Entropy from corr. pLogP method (HID 75) : 5.7025
Side Chain Topographical Entropy from corr. pLogP method (SER 76) : 3.3287
Side Chain Topographical Entropy from corr. pLogP method (ALA 77) : -0.0000
Side Chain Topographical Entropy from corr. pLogP method (THR 78) : 0.4270
Side Chain Topographical Entropy from corr. pLogP method (THR 79) : 6.6350
Side Chain Topographical Entropy from corr. pLogP method (TRP 80) : 2.3568
Side Chain Topographical Entropy from corr. pLogP method (SER 81) : 4.6734
Side Chain Topographical Entropy from corr. pLogP method (GLY 82) : -0.0000
Side Chain Topographical Entropy from corr. pLogP method (GLN 83) : 12.1987
Side Chain Topographical Entropy from corr. pLogP method (TYR 84) : -0.0000
Side Chain Topographical Entropy from corr. pLogP method (VAL 85) : 2.1852
Side Chain Topographical Entropy from corr. pLogP method (GLY 86) : -0.0000
Side Chain Topographical Entropy from corr. pLogP method (GLY 87) : -0.0000
Side Chain Topographical Entropy from corr. pLogP method (ALA 88) : -0.0000
Side Chain Topographical Entropy from corr. pLogP method (GLU 89) : 19.2161
Side Chain Topographical Entropy from corr. pLogP method (ALA 90) : -0.0000
Side Chain Topographical Entropy from corr. pLogP method (ARG 91) : 12.2049
Side Chain Topographical Entropy from corr. pLogP method (ILE 92) : 0.1312
Side Chain Topographical Entropy from corr. pLogP method (ASN 93) : 6.7975
Side Chain Topographical Entropy from corr. pLogP method (THR 94) : 0.0134
Side Chain Topographical Entropy from corr. pLogP method (GLN 95) : 9.6816
Side Chain Topographical Entropy from corr. pLogP method (TRP 96) : 0.6878
Side Chain Topographical Entropy from corr. pLogP method (LEU 97) : 0.0403
Side Chain Topographical Entropy from corr. pLogP method (LEU 98) : 1.8596
Side Chain Topographical Entropy from corr. pLogP method (THR 99) : 0.2395
Side Chain Topographical Entropy from corr. pLogP method (SER 100) : 7.7967
Side Chain Topographical Entropy from corr. pLogP method (GLY 101) : -0.0000
Side Chain Topographical Entropy from corr. pLogP method (THR 102) : 1.5170
Side Chain Topographical Entropy from corr. pLogP method (THR 103) : 1.2600
Side Chain Topographical Entropy from corr. pLogP method (GLU 104) : 24.2508
Side Chain Topographical Entropy from corr. pLogP method (ALA 105) : -0.0000
Side Chain Topographical Entropy from corr. pLogP method (ASN 106) : 4.5715
Side Chain Topographical Entropy from corr. pLogP method (ALA 107) : -0.0000
Side Chain Topographical Entropy from corr. pLogP method (TRP 108) : 7.3601
Side Chain Topographical Entropy from corr. pLogP method (LYS 109) : 11.2881
Side Chain Topographical Entropy from corr. pLogP method (SER 110) : 0.9683
Side Chain Topographical Entropy from corr. pLogP method (THR 111) : 0.2738
Side Chain Topographical Entropy from corr. pLogP method (LEU 112) : 1.8554
Side Chain Topographical Entropy from corr. pLogP method (VAL 113) : 0.0134
Side Chain Topographical Entropy from corr. pLogP method (GLY 114) : -0.0000
Side Chain Topographical Entropy from corr. pLogP method (HID 115) : 7.6991
Side Chain Topographical Entropy from corr. pLogP method (ASP 116) : 8.0241
Side Chain Topographical Entropy from corr. pLogP method (THR 117) : 0.0250
Side Chain Topographical Entropy from corr. pLogP method (PHE 118) : -0.0000
Side Chain Topographical Entropy from corr. pLogP method (THR 119) : 5.1271
Side Chain Topographical Entropy from corr. pLogP method (LYS 120) : 11.4948
Side Chain Topographical Entropy from corr. pLogP method (VAL 121) : 6.6782
Side Chain Topographical Entropy from corr. pLogP method (LYS 122) : 17.4723
Side Chain Topographical Entropy from corr. pLogP method (PRO 123) : 14.0597
Side Chain Topographical Entropy from corr. pLogP method (SER 124) : 8.1403
Side Chain Topographical Entropy from corr. pLogP method (ALA 125) : -0.0000
Side Chain Topographical Entropy from corr. pLogP method (ALA 126) : -0.0000
Side Chain Topographical Entropy from corr. pLogP method (CSER 127) : 4.8989
____________________________________________________________
Total SC Topog. Entropy (corr. pLogP)    :         582.466
------------------------------------------------------------
____________________________________________________________
Total BB Topog. Entropy (corr. pLogP)    :          27.382
------------------------------------------------------------
____________________________________________________________
Total Entropy                            :         609.847
------------------------------------------------------------
