------------------------------------------------------------
            Hierarchy level. --> United Atom <--            
------------------------------------------------------------
      RESNAME   RESID  FF_ENTROPY  TT_ENTROPY
UATOM NALA          1       9.383      38.355
UATOM GLU           2      21.522      21.022
UATOM ALA           3       5.086      24.307
UATOM GLY           4       2.206      11.696
UATOM ILE           5      22.226      51.344
UATOM THR           6      17.925      34.524
UATOM GLY           7       2.490      11.318
UATOM THR           8      16.304      32.567
UATOM TRP           9      39.318      37.454
UATOM TYR          10      34.575      35.542
UATOM ALA          11       5.851      24.501
UATOM GLN          12      24.060      32.290
UATOM LEU          13      21.565      49.944
UATOM GLY          14       2.449      11.836
UATOM SER          15      10.284      20.099
UATOM THR          16      16.650      33.048
UATOM PHE          17      27.014      33.415
UATOM ILE          18      21.955      50.448
UATOM VAL          19      16.359      41.950
UATOM THR          20      17.057      33.461
UATOM ALA          21       5.563      25.045
UATOM GLY          22       2.177      11.733
UATOM ALA          23       5.794      24.765
UATOM ASP          24      17.136      14.614
UATOM GLY          25       2.376      11.558
UATOM ALA          26       5.813      24.646
UATOM LEU          27      22.152      50.510
UATOM THR          28      17.377      32.963
UATOM GLY          29       2.444      11.284
UATOM THR          30      16.954      33.119
UATOM TYR          31      35.757      35.489
UATOM GLU          32      23.762      21.093
UATOM SER          33      10.016      19.766
UATOM ALA          34       5.807      25.411
UATOM VAL          35      16.236      43.402
UATOM GLY          36       2.491      12.371
UATOM ASN          37      18.989      25.175
UATOM ALA          38       5.295      24.334
UATOM GLU          39      22.090      21.386
UATOM SER          40      10.181      19.881
UATOM ARG          41      37.465      53.779
UATOM TYR          42      33.221      35.429
UATOM VAL          43      15.967      42.793
UATOM LEU          44      22.343      49.850
UATOM THR          45      17.155      33.898
UATOM GLY          46       2.989      12.088
UATOM ARG          47      39.283      54.915
UATOM TYR          48      33.932      34.575
UATOM ASP          49      18.908      14.744
UATOM SER          50      10.278      20.133
UATOM ALA          51       5.757      22.498
UATOM PRO          52      11.462      26.004
UATOM ALA          53       5.820      25.594
UATOM THR          54      16.983      33.774
UATOM ASP          55      18.110      15.042
UATOM GLY          56       2.213      11.659
UATOM SER          57      10.193      19.125
UATOM GLY          58       2.192      11.951
UATOM THR          59      16.799      33.086
UATOM ALA          60       6.330      26.307
UATOM LEU          61      22.059      49.087
UATOM GLY          62       2.733      11.808
UATOM TRP          63      38.457      39.234
UATOM THR          64      17.642      32.306
UATOM VAL          65      16.807      42.021
UATOM ALA          66       6.141      24.735
UATOM TRP          67      36.799      36.939
UATOM LYS          68      26.078      50.913
UATOM ASN          69      19.389      25.593
UATOM ASN          70      18.963      25.531
UATOM TYR          71      33.561      34.834
UATOM ARG          72      35.888      55.950
UATOM ASN          73      19.678      24.543
UATOM ALA          74       5.811      25.345
UATOM HID          75      23.244      26.653
UATOM SER          76       9.961      20.332
UATOM ALA          77       5.802      24.279
UATOM THR          78      16.929      32.026
UATOM THR          79      17.177      34.298
UATOM TRP          80      38.191      37.954
UATOM SER          81      10.377      21.795
UATOM GLY          82       2.608      11.494
UATOM GLN          83      26.838      32.620
UATOM TYR          84      33.685      35.784
UATOM VAL          85      17.494      43.366
UATOM GLY          86       2.276      11.667
UATOM GLY          87       2.288      11.623
UATOM ALA          88       5.840      24.946
UATOM GLU          89      22.854      21.399
UATOM ALA          90       5.747      23.997
UATOM ARG          91      36.791      55.553
UATOM ILE          92      22.026      49.955
UATOM ASN          93      20.310      26.170
UATOM THR          94      16.857      32.649
UATOM GLN          95      25.769      33.443
UATOM TRP          96      38.203      36.905
UATOM LEU          97      22.742      50.163
UATOM LEU          98      22.081      50.167
UATOM THR          99      17.514      34.408
UATOM SER         100      10.106      20.274
UATOM GLY         101       2.329      11.491
UATOM THR         102      17.034      33.205
UATOM THR         103      16.614      33.437
UATOM GLU         104      22.766      21.295
UATOM ALA         105       5.995      25.011
UATOM ASN         106      19.076      24.815
UATOM ALA         107       5.676      24.419
UATOM TRP         108      37.323      37.341
UATOM LYS         109      26.012      51.332
UATOM SER         110       9.862      20.401
UATOM THR         111      17.387      32.981
UATOM LEU         112      21.699      48.759
UATOM VAL         113      16.833      43.055
UATOM GLY         114       2.539      12.084
UATOM HID         115      23.520      26.616
UATOM ASP         116      18.394      14.609
UATOM THR         117      17.622      33.607
UATOM PHE         118      26.059      33.996
UATOM THR         119      16.626      33.757
UATOM LYS         120      26.235      52.615
UATOM VAL         121      16.419      43.756
UATOM LYS         122      25.891      50.967
UATOM PRO         123      10.753      26.140
UATOM SER         124       9.694      19.859
UATOM ALA         125       5.327      24.368
UATOM ALA         126       5.194      24.088
UATOM CSER        127      14.180      19.778
____________________________________________________________
Total Entropy FF (UA level) :        2120.863 J/mol/K
Total Entropy TT (UA level) :        3801.457 J/mol/K
------------------------------------------------------------
____________________________________________________________
Total Entropy                            :        5922.320
------------------------------------------------------------
------------------------------------------------------------
            Hierarchy level. --> United Atom <--            
------------------------------------------------------------
      RESNAME   RESID  FF_ENTROPY  TT_ENTROPY
UATOM NALA          1       9.150      37.891
UATOM GLU           2      22.626      21.037
UATOM ALA           3       5.798      24.279
UATOM GLY           4       2.259      11.597
UATOM ILE           5      21.962      50.929
UATOM THR           6      17.561      33.533
UATOM GLY           7       2.435      11.186
UATOM THR           8      17.281      32.104
UATOM TRP           9      41.253      37.448
UATOM TYR          10      33.961      34.662
UATOM ALA          11       5.990      24.018
UATOM GLN          12      24.093      32.336
UATOM LEU          13      21.420      49.985
UATOM GLY          14       2.124      11.518
UATOM SER          15       9.728      20.242
UATOM THR          16      17.245      33.305
UATOM PHE          17      25.477      33.112
UATOM ILE          18      21.833      50.479
UATOM VAL          19      16.267      42.363
UATOM THR          20      17.139      33.199
UATOM ALA          21       5.377      24.402
UATOM GLY          22       2.272      11.469
UATOM ALA          23       5.958      24.851
UATOM ASP          24      17.641      14.248
UATOM GLY          25       2.373      11.439
UATOM ALA          26       5.851      23.929
UATOM LEU          27      21.345      49.575
UATOM THR          28      17.029      32.775
UATOM GLY          29       2.586      11.261
UATOM THR          30      16.826      32.615
UATOM TYR          31      33.891      35.194
UATOM GLU          32      21.930      20.821
UATOM SER          33       9.486      20.129
UATOM ALA          34       5.200      24.784
UATOM VAL          35      16.419      43.480
UATOM GLY          36       2.267      11.823
UATOM ASN          37      18.487      25.109
UATOM ALA          38       5.465      24.694
UATOM GLU          39      22.333      21.673
UATOM SER          40       9.891      19.931
UATOM ARG          41      36.363      53.887
UATOM TYR          42      33.618      35.142
UATOM VAL          43      17.134      42.185
UATOM LEU          44      21.683      49.470
UATOM THR          45      17.120      33.358
UATOM GLY          46       2.605      11.866
UATOM ARG          47      38.912      53.511
UATOM TYR          48      34.199      35.345
UATOM ASP          49      19.102      14.928
UATOM SER          50      10.267      20.445
UATOM ALA          51       5.475      23.842
UATOM PRO          52      11.041      26.120
UATOM ALA          53       5.480      24.435
UATOM THR          54      16.595      32.996
UATOM ASP          55      16.641      14.304
UATOM GLY          56       2.115      11.667
UATOM SER          57      10.141      20.398
UATOM GLY          58       2.337      11.743
UATOM THR          59      17.285      32.262
UATOM ALA          60       6.277      24.953
UATOM LEU          61      22.171      49.651
UATOM GLY          62       2.662      12.044
UATOM TRP          63      38.943      38.233
UATOM THR          64      17.212      31.898
UATOM VAL          65      16.342      42.347
UATOM ALA          66       5.547      24.078
UATOM TRP          67      36.846      36.173
UATOM LYS          68      25.962      51.477
UATOM ASN          69      18.791      25.019
UATOM ASN          70      18.310      25.370
UATOM TYR          71      32.431      34.866
UATOM ARG          72      35.356      54.067
UATOM ASN          73      19.246      24.580
UATOM ALA          74       5.431      24.806
UATOM HID          75      21.825      27.010
UATOM SER          76       9.659      19.984
UATOM ALA          77       5.523      24.000
UATOM THR          78      16.603      32.891
UATOM THR          79      16.962      32.104
UATOM TRP          80      39.303      37.255
UATOM SER          81      10.452      21.684
UATOM GLY          82       2.492      11.875
UATOM GLN          83      25.556      32.547
UATOM TYR          84      34.838      35.437
UATOM VAL          85      17.282      42.255
UATOM GLY          86       2.398      11.680
UATOM GLY          87       2.321      11.765
UATOM ALA          88       5.806      24.882
UATOM GLU          89      22.438      21.168
UATOM ALA          90       5.487      24.024
UATOM ARG          91      35.797      54.330
UATOM ILE          92      22.688      49.848
UATOM ASN          93      20.107      25.336
UATOM THR          94      17.462      32.546
UATOM GLN          95      25.519      32.873
UATOM TRP          96      39.525      36.880
UATOM LEU          97      22.065      49.714
UATOM LEU          98      22.263      50.527
UATOM THR          99      17.318      33.503
UATOM SER         100      10.238      20.196
UATOM GLY         101       2.192      11.878
UATOM THR         102      17.573      33.409
UATOM THR         103      16.833      33.930
UATOM GLU         104      23.398      21.613
UATOM ALA         105       6.181      24.659
UATOM ASN         106      19.959      25.218
UATOM ALA         107       5.871      24.859
UATOM TRP         108      39.762      37.412
UATOM LYS         109      26.231      51.181
UATOM SER         110      10.286      20.895
UATOM THR         111      16.939      33.760
UATOM LEU         112      22.162      48.888
UATOM VAL         113      16.974      42.266
UATOM GLY         114       2.474      11.958
UATOM HID         115      23.665      26.987
UATOM ASP         116      18.378      14.317
UATOM THR         117      17.670      33.926
UATOM PHE         118      27.125      32.784
UATOM THR         119      17.305      33.255
UATOM LYS         120      26.281      51.549
UATOM VAL         121      16.095      42.991
UATOM LYS         122      25.142      50.964
UATOM PRO         123      10.658      26.291
UATOM SER         124       9.580      20.049
UATOM ALA         125       5.300      24.361
UATOM ALA         126       5.193      24.317
UATOM CSER        127      14.117      19.765
____________________________________________________________
Total Entropy FF (UA level) :        2113.136 J/mol/K
Total Entropy TT (UA level) :        3776.688 J/mol/K
------------------------------------------------------------
____________________________________________________________
Total Entropy                            :        5889.824
------------------------------------------------------------
------------------------------------------------------------
            Hierarchy level. --> United Atom <--            
------------------------------------------------------------
      RESNAME   RESID  FF_ENTROPY  TT_ENTROPY
UATOM NALA          1       8.817      38.182
UATOM GLU           2      21.223      20.946
UATOM ALA           3       5.270      24.507
UATOM GLY           4       2.261      11.815
UATOM ILE           5      22.587      51.192
UATOM THR           6      17.336      33.772
UATOM GLY           7       2.261      11.286
UATOM THR           8      16.391      32.644
UATOM TRP           9      40.392      36.658
UATOM TYR          10      33.263      35.703
UATOM ALA          11       5.651      24.575
UATOM GLN          12      23.540      31.972
UATOM LEU          13      21.358      50.427
UATOM GLY          14       2.315      11.537
UATOM SER          15       9.814      20.062
UATOM THR          16      17.131      33.345
UATOM PHE          17      27.242      32.894
UATOM ILE          18      21.753      50.848
UATOM VAL          19      16.134      41.111
UATOM THR          20      16.715      33.544
UATOM ALA          21       5.568      25.474
UATOM GLY          22       2.231      11.637
UATOM ALA          23       6.030      24.790
UATOM ASP          24      17.160      14.645
UATOM GLY          25       2.410      11.587
UATOM ALA          26       5.936      23.662
UATOM LEU          27      21.454      49.614
UATOM THR          28      17.035      32.715
UATOM GLY          29       2.290      11.013
UATOM THR          30      16.453      33.152
UATOM TYR          31      35.713      35.663
UATOM GLU          32      22.742      21.636
UATOM SER          33       9.898      20.602
UATOM ALA          34       5.416      24.733
UATOM VAL          35      16.524      43.450
UATOM GLY          36       2.318      11.760
UATOM ASN          37      18.680      24.916
UATOM ALA          38       5.541      24.826
UATOM GLU          39      22.085      21.511
UATOM SER          40       9.850      19.921
UATOM ARG          41      35.913      55.137
UATOM TYR          42      32.373      34.874
UATOM VAL          43      15.968      43.189
UATOM LEU          44      21.355      49.377
UATOM THR          45      17.378      34.066
UATOM GLY          46       2.870      11.355
UATOM ARG          47      38.441      53.244
UATOM TYR          48      32.562      35.043
UATOM ASP          49      18.984      14.238
UATOM SER          50      10.030      19.842
UATOM ALA          51       5.416      23.822
UATOM PRO          52      11.089      26.126
UATOM ALA          53       5.424      24.276
UATOM THR          54      17.211      33.210
UATOM ASP          55      16.747      14.470
UATOM GLY          56       2.200      11.470
UATOM SER          57       9.895      19.448
UATOM GLY          58       2.254      11.494
UATOM THR          59      17.071      32.719
UATOM ALA          60       6.243      25.157
UATOM LEU          61      22.492      47.752
UATOM GLY          62       2.670      11.422
UATOM TRP          63      38.444      37.596
UATOM THR          64      16.669      32.351
UATOM VAL          65      16.607      41.909
UATOM ALA          66       5.739      24.312
UATOM TRP          67      36.779      36.892
UATOM LYS          68      26.179      50.369
UATOM ASN          69      18.911      25.738
UATOM ASN          70      18.137      25.549
UATOM TYR          71      32.484      35.847
UATOM ARG          72      34.909      53.953
UATOM ASN          73      19.127      25.124
UATOM ALA          74       5.565      24.185
UATOM HID          75      23.339      26.366
UATOM SER          76       9.929      19.943
UATOM ALA          77       5.801      23.791
UATOM THR          78      16.700      31.995
UATOM THR          79      16.822      33.659
UATOM TRP          80      38.099      36.448
UATOM SER          81      10.783      20.562
UATOM GLY          82       2.343      10.948
UATOM GLN          83      25.127      31.842
UATOM TYR          84      33.745      35.998
UATOM VAL          85      16.704      42.470
UATOM GLY          86       2.354      11.335
UATOM GLY          87       2.289      11.625
UATOM ALA          88       5.497      25.201
UATOM GLU          89      22.261      21.194
UATOM ALA          90       5.490      24.297
UATOM ARG          91      36.329      54.081
UATOM ILE          92      22.012      49.999
UATOM ASN          93      18.534      25.175
UATOM THR          94      17.268      31.959
UATOM GLN          95      25.298      33.227
UATOM TRP          96      37.647      35.775
UATOM LEU          97      22.215      49.946
UATOM LEU          98      22.060      50.217
UATOM THR          99      17.528      33.305
UATOM SER         100      10.065      19.998
UATOM GLY         101       2.221      11.378
UATOM THR         102      17.167      33.347
UATOM THR         103      16.658      34.231
UATOM GLU         104      22.551      21.524
UATOM ALA         105       6.132      25.213
UATOM ASN         106      19.107      25.115
UATOM ALA         107       5.470      24.695
UATOM TRP         108      36.765      37.179
UATOM LYS         109      25.188      51.709
UATOM SER         110       9.826      20.172
UATOM THR         111      16.810      32.918
UATOM LEU         112      21.828      48.980
UATOM VAL         113      15.973      41.869
UATOM GLY         114       2.428      11.475
UATOM HID         115      23.253      26.512
UATOM ASP         116      17.537      14.279
UATOM THR         117      17.511      32.639
UATOM PHE         118      26.414      33.121
UATOM THR         119      17.430      33.909
UATOM LYS         120      25.514      52.364
UATOM VAL         121      15.933      43.285
UATOM LYS         122      24.482      51.046
UATOM PRO         123      10.667      26.616
UATOM SER         124       9.638      20.050
UATOM ALA         125       5.088      24.460
UATOM ALA         126       5.129      24.635
UATOM CSER        127      13.869      20.112
____________________________________________________________
Total Entropy FF (UA level) :        2087.751 J/mol/K
Total Entropy TT (UA level) :        3774.070 J/mol/K
------------------------------------------------------------
____________________________________________________________
Total Entropy                            :        5861.821
------------------------------------------------------------
------------------------------------------------------------
            Hierarchy level. --> United Atom <--            
------------------------------------------------------------
      RESNAME   RESID  FF_ENTROPY  TT_ENTROPY
UATOM NALA          1       8.857      38.239
UATOM GLU           2      21.672      21.197
UATOM ALA           3       5.366      24.228
UATOM GLY           4       2.208      11.479
UATOM ILE           5      22.764      50.681
UATOM THR           6      17.493      32.569
UATOM GLY           7       2.347      12.087
UATOM THR           8      17.516      32.979
UATOM TRP           9      38.184      37.204
UATOM TYR          10      34.508      34.513
UATOM ALA          11       5.569      24.519
UATOM GLN          12      23.824      31.880
UATOM LEU          13      20.982      50.281
UATOM GLY          14       2.261      11.340
UATOM SER          15      10.152      20.416
UATOM THR          16      17.176      32.668
UATOM PHE          17      26.723      32.885
UATOM ILE          18      21.788      50.542
UATOM VAL          19      16.774      41.475
UATOM THR          20      17.233      33.254
UATOM ALA          21       5.955      25.502
UATOM GLY          22       2.094      12.163
UATOM ALA          23       5.630      25.243
UATOM ASP          24      16.778      14.169
UATOM GLY          25       2.176      11.790
UATOM ALA          26       6.095      23.988
UATOM LEU          27      22.076      50.515
UATOM THR          28      16.715      33.466
UATOM GLY          29       2.556      11.999
UATOM THR          30      16.711      32.812
UATOM TYR          31      33.908      35.135
UATOM GLU          32      22.561      20.852
UATOM SER          33      10.124      20.477
UATOM ALA          34       5.596      24.621
UATOM VAL          35      15.915      43.210
UATOM GLY          36       2.351      11.147
UATOM ASN          37      18.221      24.268
UATOM ALA          38       5.677      24.324
UATOM GLU          39      22.752      21.129
UATOM SER          40       9.819      19.869
UATOM ARG          41      35.995      54.081
UATOM TYR          42      34.306      34.981
UATOM VAL          43      16.727      42.971
UATOM LEU          44      21.876      50.195
UATOM THR          45      17.102      33.385
UATOM GLY          46       2.587      12.287
UATOM ARG          47      38.396      53.849
UATOM TYR          48      33.773      34.930
UATOM ASP          49      19.308      14.401
UATOM SER          50      10.388      20.437
UATOM ALA          51       5.594      22.850
UATOM PRO          52      11.079      25.889
UATOM ALA          53       6.163      24.620
UATOM THR          54      17.041      33.681
UATOM ASP          55      17.431      14.328
UATOM GLY          56       2.170      12.508
UATOM SER          57      10.593      18.882
UATOM GLY          58       2.379      11.912
UATOM THR          59      17.106      32.652
UATOM ALA          60       5.794      25.426
UATOM LEU          61      21.983      50.025
UATOM GLY          62       2.423      11.838
UATOM TRP          63      38.004      37.496
UATOM THR          64      18.042      32.355
UATOM VAL          65      16.565      42.537
UATOM ALA          66       6.075      25.370
UATOM TRP          67      37.464      37.487
UATOM LYS          68      25.646      51.910
UATOM ASN          69      20.160      24.943
UATOM ASN          70      18.565      25.660
UATOM TYR          71      32.988      35.004
UATOM ARG          72      36.331      54.061
UATOM ASN          73      20.189      24.333
UATOM ALA          74       5.656      24.142
UATOM HID          75      22.612      26.457
UATOM SER          76      10.343      20.420
UATOM ALA          77       5.581      24.037
UATOM THR          78      17.028      32.851
UATOM THR          79      17.377      32.764
UATOM TRP          80      37.527      36.857
UATOM SER          81      10.332      21.162
UATOM GLY          82       2.891      11.316
UATOM GLN          83      26.126      32.192
UATOM TYR          84      33.952      33.842
UATOM VAL          85      16.761      42.118
UATOM GLY          86       2.261      11.791
UATOM GLY          87       2.240      11.922
UATOM ALA          88       5.936      24.598
UATOM GLU          89      22.499      21.535
UATOM ALA          90       5.729      24.067
UATOM ARG          91      36.691      53.825
UATOM ILE          92      22.069      49.980
UATOM ASN          93      19.171      25.282
UATOM THR          94      17.131      31.924
UATOM GLN          95      25.917      32.494
UATOM TRP          96      39.445      36.248
UATOM LEU          97      22.640      49.769
UATOM LEU          98      21.865      51.173
UATOM THR          99      18.016      33.209
UATOM SER         100      10.168      20.294
UATOM GLY         101       2.335      12.022
UATOM THR         102      17.111      34.221
UATOM THR         103      17.838      34.216
UATOM GLU         104      22.344      21.518
UATOM ALA         105       5.585      24.656
UATOM ASN         106      19.608      25.879
UATOM ALA         107       5.848      24.985
UATOM TRP         108      38.347      37.466
UATOM LYS         109      25.839      51.733
UATOM SER         110      10.660      20.909
UATOM THR         111      17.204      34.449
UATOM LEU         112      22.175      49.913
UATOM VAL         113      16.746      42.266
UATOM GLY         114       2.656      11.559
UATOM HID         115      23.513      26.221
UATOM ASP         116      18.499      14.339
UATOM THR         117      17.559      32.999
UATOM PHE         118      26.919      33.551
UATOM THR         119      17.300      33.482
UATOM LYS         120      25.667      51.774
UATOM VAL         121      15.745      43.604
UATOM LYS         122      25.313      51.401
UATOM PRO         123      10.600      26.208
UATOM SER         124       9.402      20.036
UATOM ALA         125       5.184      24.408
UATOM ALA         126       5.157      24.216
UATOM CSER        127      14.014      19.972
____________________________________________________________
Total Entropy FF (UA level) :        2114.483 J/mol/K
Total Entropy TT (UA level) :        3782.666 J/mol/K
------------------------------------------------------------
____________________________________________________________
Total Entropy                            :        5897.148
------------------------------------------------------------
------------------------------------------------------------
            Hierarchy level. --> United Atom <--            
------------------------------------------------------------
      RESNAME   RESID  FF_ENTROPY  TT_ENTROPY
UATOM NALA          1       9.301      38.243
UATOM GLU           2      21.393      20.958
UATOM ALA           3       5.232      24.226
UATOM GLY           4       2.171      11.801
UATOM ILE           5      21.059      51.920
UATOM THR           6      16.648      32.674
UATOM GLY           7       2.250      11.529
UATOM THR           8      16.976      32.164
UATOM TRP           9      35.820      36.196
UATOM TYR          10      32.211      34.390
UATOM ALA          11       5.409      24.338
UATOM GLN          12      23.891      32.103
UATOM LEU          13      20.414      49.884
UATOM GLY          14       2.171      11.502
UATOM SER          15       9.896      19.936
UATOM THR          16      16.430      32.566
UATOM PHE          17      25.321      32.397
UATOM ILE          18      21.324      50.732
UATOM VAL          19      16.065      41.678
UATOM THR          20      16.850      33.859
UATOM ALA          21       5.580      25.382
UATOM GLY          22       2.208      11.595
UATOM ALA          23       5.429      24.888
UATOM ASP          24      16.409      14.003
UATOM GLY          25       2.225      11.642
UATOM ALA          26       5.320      23.661
UATOM LEU          27      21.416      49.410
UATOM THR          28      16.859      33.240
UATOM GLY          29       2.447      11.737
UATOM THR          30      16.835      33.164
UATOM TYR          31      32.424      34.575
UATOM GLU          32      22.243      20.753
UATOM SER          33       9.698      20.026
UATOM ALA          34       5.405      24.731
UATOM VAL          35      15.485      43.148
UATOM GLY          36       2.107      11.571
UATOM ASN          37      18.022      24.789
UATOM ALA          38       5.515      25.095
UATOM GLU          39      22.226      21.846
UATOM SER          40      10.065      20.249
UATOM ARG          41      34.937      53.117
UATOM TYR          42      32.967      35.043
UATOM VAL          43      16.402      43.107
UATOM LEU          44      21.778      49.978
UATOM THR          45      16.688      33.868
UATOM GLY          46       2.229      11.289
UATOM ARG          47      36.483      53.960
UATOM TYR          48      32.374      33.889
UATOM ASP          49      17.898      14.102
UATOM SER          50      10.039      20.418
UATOM ALA          51       5.494      22.628
UATOM PRO          52      10.769      26.514
UATOM ALA          53       5.496      24.943
UATOM THR          54      16.351      34.346
UATOM ASP          55      16.904      14.249
UATOM GLY          56       2.207      11.899
UATOM SER          57       9.505      19.113
UATOM GLY          58       2.251      11.445
UATOM THR          59      16.719      33.373
UATOM ALA          60       5.304      24.991
UATOM LEU          61      21.125      48.074
UATOM GLY          62       2.225      11.211
UATOM TRP          63      36.558      36.597
UATOM THR          64      16.702      31.194
UATOM VAL          65      16.489      41.881
UATOM ALA          66       5.584      23.659
UATOM TRP          67      37.105      36.172
UATOM LYS          68      24.903      50.527
UATOM ASN          69      18.626      24.365
UATOM ASN          70      17.890      25.536
UATOM TYR          71      31.662      34.385
UATOM ARG          72      35.788      54.209
UATOM ASN          73      18.917      24.405
UATOM ALA          74       5.502      24.595
UATOM HID          75      20.746      26.560
UATOM SER          76       9.552      20.487
UATOM ALA          77       5.412      23.770
UATOM THR          78      17.170      32.125
UATOM THR          79      16.608      33.396
UATOM TRP          80      36.180      36.550
UATOM SER          81      10.121      21.442
UATOM GLY          82       2.357      11.440
UATOM GLN          83      24.346      31.870
UATOM TYR          84      32.527      34.876
UATOM VAL          85      15.765      42.638
UATOM GLY          86       2.062      11.358
UATOM GLY          87       2.099      11.537
UATOM ALA          88       5.278      24.617
UATOM GLU          89      21.179      20.794
UATOM ALA          90       5.453      24.292
UATOM ARG          91      36.122      53.770
UATOM ILE          92      21.170      49.765
UATOM ASN          93      18.335      24.738
UATOM THR          94      16.703      32.303
UATOM GLN          95      24.599      32.669
UATOM TRP          96      36.275      36.818
UATOM LEU          97      21.318      50.218
UATOM LEU          98      21.286      50.330
UATOM THR          99      17.209      33.292
UATOM SER         100      10.029      20.142
UATOM GLY         101       2.202      11.948
UATOM THR         102      16.651      33.287
UATOM THR         103      16.947      34.323
UATOM GLU         104      21.992      21.407
UATOM ALA         105       5.575      24.495
UATOM ASN         106      18.509      25.129
UATOM ALA         107       5.411      24.425
UATOM TRP         108      35.785      37.385
UATOM LYS         109      25.420      51.412
UATOM SER         110       9.812      20.979
UATOM THR         111      16.739      33.783
UATOM LEU         112      21.844      48.992
UATOM VAL         113      16.034      42.389
UATOM GLY         114       2.323      11.597
UATOM HID         115      21.189      26.313
UATOM ASP         116      17.159      14.064
UATOM THR         117      17.121      32.979
UATOM PHE         118      24.647      33.927
UATOM THR         119      16.616      32.563
UATOM LYS         120      25.122      50.641
UATOM VAL         121      15.932      43.341
UATOM LYS         122      24.655      50.677
UATOM PRO         123      10.639      26.052
UATOM SER         124       9.404      20.196
UATOM ALA         125       5.316      24.591
UATOM ALA         126       5.164      24.062
UATOM CSER        127      13.612      19.658
____________________________________________________________
Total Entropy FF (UA level) :        2032.341 J/mol/K
Total Entropy TT (UA level) :        3760.099 J/mol/K
------------------------------------------------------------
____________________________________________________________
Total Entropy                            :        5792.440
------------------------------------------------------------
