------------------------------------------------------------
            Hierarchy level. --> United Atom <--            
------------------------------------------------------------
      RESNAME   RESID  FF_ENTROPY  TT_ENTROPY
UATOM NALA          1       8.949      38.248
UATOM GLU           2      21.939      21.106
UATOM ALA           3       5.381      24.782
UATOM GLY           4       2.174      11.944
UATOM ILE           5      22.067      51.345
UATOM THR           6      16.848      32.991
UATOM GLY           7       2.313      11.889
UATOM THR           8      16.909      32.041
UATOM TRP           9      36.543      36.823
UATOM TYR          10      31.733      34.881
UATOM ALA          11       5.659      24.938
UATOM GLN          12      23.294      31.841
UATOM LEU          13      20.561      50.177
UATOM GLY          14       2.168      11.494
UATOM SER          15       9.543      19.481
UATOM THR          16      16.628      33.220
UATOM PHE          17      25.403      32.925
UATOM ILE          18      21.094      50.687
UATOM VAL          19      16.310      41.463
UATOM THR          20      16.620      33.329
UATOM ALA          21       5.257      25.181
UATOM GLY          22       2.265      11.647
UATOM ALA          23       5.549      24.651
UATOM ASP          24      16.520      14.273
UATOM GLY          25       2.237      11.591
UATOM ALA          26       5.554      23.788
UATOM LEU          27      21.123      49.450
UATOM THR          28      16.530      33.277
UATOM GLY          29       2.330      11.708
UATOM THR          30      16.852      32.480
UATOM TYR          31      32.249      34.816
UATOM GLU          32      21.948      20.886
UATOM SER          33       9.490      19.883
UATOM ALA          34       5.116      24.054
UATOM VAL          35      15.310      43.268
UATOM GLY          36       2.014      11.576
UATOM ASN          37      17.826      25.169
UATOM ALA          38       5.215      24.183
UATOM GLU          39      21.448      21.180
UATOM SER          40       9.559      20.036
UATOM ARG          41      35.014      53.953
UATOM TYR          42      31.869      35.158
UATOM VAL          43      16.424      42.774
UATOM LEU          44      21.131      49.664
UATOM THR          45      16.433      33.181
UATOM GLY          46       2.187      11.468
UATOM ARG          47      36.067      54.193
UATOM TYR          48      31.890      34.026
UATOM ASP          49      18.313      14.013
UATOM SER          50       9.793      20.383
UATOM ALA          51       5.231      23.466
UATOM PRO          52      10.410      26.088
UATOM ALA          53       5.501      24.254
UATOM THR          54      16.340      33.552
UATOM ASP          55      16.629      14.156
UATOM GLY          56       2.102      11.794
UATOM SER          57       9.839      19.276
UATOM GLY          58       2.161      11.711
UATOM THR          59      17.001      32.725
UATOM ALA          60       5.710      25.349
UATOM LEU          61      21.288      49.537
UATOM GLY          62       2.344      11.186
UATOM TRP          63      36.119      36.929
UATOM THR          64      16.184      30.574
UATOM VAL          65      16.020      41.901
UATOM ALA          66       5.465      24.159
UATOM TRP          67      35.948      36.704
UATOM LYS          68      25.536      51.891
UATOM ASN          69      17.815      25.104
UATOM ASN          70      18.226      25.392
UATOM TYR          71      31.473      34.839
UATOM ARG          72      34.552      54.630
UATOM ASN          73      18.207      24.365
UATOM ALA          74       5.325      24.423
UATOM HID          75      21.329      26.021
UATOM SER          76       9.772      20.186
UATOM ALA          77       5.313      24.056
UATOM THR          78      16.879      32.150
UATOM THR          79      16.702      32.020
UATOM TRP          80      36.187      36.412
UATOM SER          81       9.873      20.194
UATOM GLY          82       2.154      11.559
UATOM GLN          83      24.314      31.272
UATOM TYR          84      31.410      34.780
UATOM VAL          85      16.044      42.396
UATOM GLY          86       2.138      11.637
UATOM GLY          87       2.122      11.637
UATOM ALA          88       5.347      24.340
UATOM GLU          89      21.578      20.950
UATOM ALA          90       5.406      24.260
UATOM ARG          91      34.638      53.407
UATOM ILE          92      22.072      50.291
UATOM ASN          93      18.174      25.232
UATOM THR          94      16.611      31.719
UATOM GLN          95      24.399      33.037
UATOM TRP          96      36.941      35.956
UATOM LEU          97      21.482      50.246
UATOM LEU          98      21.493      50.476
UATOM THR          99      16.711      32.870
UATOM SER         100       9.707      20.135
UATOM GLY         101       2.149      11.622
UATOM THR         102      16.324      33.276
UATOM THR         103      16.367      33.969
UATOM GLU         104      22.195      21.739
UATOM ALA         105       5.645      24.723
UATOM ASN         106      18.528      25.521
UATOM ALA         107       5.622      25.043
UATOM TRP         108      35.148      37.825
UATOM LYS         109      25.022      51.420
UATOM SER         110       9.538      20.465
UATOM THR         111      16.981      33.477
UATOM LEU         112      21.538      49.132
UATOM VAL         113      15.805      41.768
UATOM GLY         114       2.308      11.334
UATOM HID         115      21.961      26.414
UATOM ASP         116      17.116      13.897
UATOM THR         117      16.761      33.350
UATOM PHE         118      24.113      32.929
UATOM THR         119      16.881      33.243
UATOM LYS         120      25.710      51.970
UATOM VAL         121      16.101      43.192
UATOM LYS         122      24.428      50.389
UATOM PRO         123      10.726      26.101
UATOM SER         124       9.635      20.077
UATOM ALA         125       5.186      24.462
UATOM ALA         126       5.197      24.082
UATOM CSER        127      13.978      19.964
____________________________________________________________
Total Entropy FF (UA level) :        2020.839 J/mol/K
Total Entropy TT (UA level) :        3760.141 J/mol/K
------------------------------------------------------------
____________________________________________________________
Total Entropy                            :        5780.981
------------------------------------------------------------
