------------------------------------------------------------
Topographical entropy of residue side chains 
computed using all the dihedrals with AEM method
------------------------------------------------------------
Residue Topographical Entropy from AEM (NALA 1) : 1.7022
Residue Topographical Entropy from AEM (GLU 2) : 22.6184
Residue Topographical Entropy from AEM (ALA 3) : -0.0000
Residue Topographical Entropy from AEM (GLY 4) : -0.0000
Residue Topographical Entropy from AEM (ILE 5) : 2.4597
Residue Topographical Entropy from AEM (THR 6) : 1.6789
Residue Topographical Entropy from AEM (GLY 7) : -0.0000
Residue Topographical Entropy from AEM (THR 8) : 2.0282
Residue Topographical Entropy from AEM (TRP 9) : 37.9309
Residue Topographical Entropy from AEM (TYR 10) : 24.9366
Residue Topographical Entropy from AEM (ALA 11) : -0.0000
Residue Topographical Entropy from AEM (GLN 12) : 15.8913
Residue Topographical Entropy from AEM (LEU 13) : 7.3928
Residue Topographical Entropy from AEM (GLY 14) : -0.0000
Residue Topographical Entropy from AEM (SER 15) : 6.2444
Residue Topographical Entropy from AEM (THR 16) : 4.3215
Residue Topographical Entropy from AEM (PHE 17) : 27.6861
Residue Topographical Entropy from AEM (ILE 18) : 8.6197
Residue Topographical Entropy from AEM (VAL 19) : 1.8052
Residue Topographical Entropy from AEM (THR 20) : 6.0664
Residue Topographical Entropy from AEM (ALA 21) : -0.0000
Residue Topographical Entropy from AEM (GLY 22) : -0.0000
Residue Topographical Entropy from AEM (ALA 23) : -0.0000
Residue Topographical Entropy from AEM (ASP 24) : 12.5454
Residue Topographical Entropy from AEM (GLY 25) : -0.0000
Residue Topographical Entropy from AEM (ALA 26) : -0.0000
Residue Topographical Entropy from AEM (LEU 27) : 8.8847
Residue Topographical Entropy from AEM (THR 28) : 7.8516
Residue Topographical Entropy from AEM (GLY 29) : -0.0000
Residue Topographical Entropy from AEM (THR 30) : 7.6067
Residue Topographical Entropy from AEM (TYR 31) : 34.1784
Residue Topographical Entropy from AEM (GLU 32) : 18.4407
Residue Topographical Entropy from AEM (SER 33) : 3.8039
Residue Topographical Entropy from AEM (ALA 34) : -0.0000
Residue Topographical Entropy from AEM (VAL 35) : 8.8703
Residue Topographical Entropy from AEM (GLY 36) : -0.0000
Residue Topographical Entropy from AEM (ASN 37) : 14.0449
Residue Topographical Entropy from AEM (ALA 38) : -0.0000
Residue Topographical Entropy from AEM (GLU 39) : 22.7939
Residue Topographical Entropy from AEM (SER 40) : 9.0234
Residue Topographical Entropy from AEM (ARG 41) : 13.1480
Residue Topographical Entropy from AEM (TYR 42) : 33.1584
Residue Topographical Entropy from AEM (VAL 43) : 4.0644
Residue Topographical Entropy from AEM (LEU 44) : 5.9573
Residue Topographical Entropy from AEM (THR 45) : 4.2057
Residue Topographical Entropy from AEM (GLY 46) : -0.0000
Residue Topographical Entropy from AEM (ARG 47) : 1.0411
Residue Topographical Entropy from AEM (TYR 48) : 27.2747
Residue Topographical Entropy from AEM (ASP 49) : 0.9701
Residue Topographical Entropy from AEM (SER 50) : 4.0788
Residue Topographical Entropy from AEM (ALA 51) : -0.0000
Residue Topographical Entropy from AEM (PRO 52) : 6.8116
Residue Topographical Entropy from AEM (ALA 53) : -0.0000
Residue Topographical Entropy from AEM (THR 54) : 6.1822
Residue Topographical Entropy from AEM (ASP 55) : 5.4817
Residue Topographical Entropy from AEM (GLY 56) : -0.0000
Residue Topographical Entropy from AEM (SER 57) : 1.5444
Residue Topographical Entropy from AEM (GLY 58) : -0.0000
Residue Topographical Entropy from AEM (THR 59) : 1.3242
Residue Topographical Entropy from AEM (ALA 60) : -0.0000
Residue Topographical Entropy from AEM (LEU 61) : 7.5616
Residue Topographical Entropy from AEM (GLY 62) : -0.0000
Residue Topographical Entropy from AEM (TRP 63) : 32.9873
Residue Topographical Entropy from AEM (THR 64) : 0.0193
Residue Topographical Entropy from AEM (VAL 65) : 1.5838
Residue Topographical Entropy from AEM (ALA 66) : -0.0000
Residue Topographical Entropy from AEM (TRP 67) : 46.2289
Residue Topographical Entropy from AEM (LYS 68) : 22.3005
Residue Topographical Entropy from AEM (ASN 69) : 4.3600
Residue Topographical Entropy from AEM (ASN 70) : 14.8163
Residue Topographical Entropy from AEM (TYR 71) : 39.3802
Residue Topographical Entropy from AEM (ARG 72) : 20.7004
Residue Topographical Entropy from AEM (ASN 73) : 8.1988
Residue Topographical Entropy from AEM (ALA 74) : -0.0000
Residue Topographical Entropy from AEM (HID 75) : 23.1385
Residue Topographical Entropy from AEM (SER 76) : 2.9588
Residue Topographical Entropy from AEM (ALA 77) : -0.0000
Residue Topographical Entropy from AEM (THR 78) : 0.5450
Residue Topographical Entropy from AEM (THR 79) : 0.7140
Residue Topographical Entropy from AEM (TRP 80) : 38.7624
Residue Topographical Entropy from AEM (SER 81) : 0.4704
Residue Topographical Entropy from AEM (GLY 82) : -0.0000
Residue Topographical Entropy from AEM (GLN 83) : 8.7418
Residue Topographical Entropy from AEM (TYR 84) : 24.7644
Residue Topographical Entropy from AEM (VAL 85) : 2.4419
Residue Topographical Entropy from AEM (GLY 86) : -0.0000
Residue Topographical Entropy from AEM (GLY 87) : -0.0000
Residue Topographical Entropy from AEM (ALA 88) : -0.0000
Residue Topographical Entropy from AEM (GLU 89) : 21.6931
Residue Topographical Entropy from AEM (ALA 90) : -0.0000
Residue Topographical Entropy from AEM (ARG 91) : 7.5164
Residue Topographical Entropy from AEM (ILE 92) : 1.6759
Residue Topographical Entropy from AEM (ASN 93) : 5.4262
Residue Topographical Entropy from AEM (THR 94) : 6.1328
Residue Topographical Entropy from AEM (GLN 95) : 0.4682
Residue Topographical Entropy from AEM (TRP 96) : 35.8676
Residue Topographical Entropy from AEM (LEU 97) : 1.3453
Residue Topographical Entropy from AEM (LEU 98) : 2.9479
Residue Topographical Entropy from AEM (THR 99) : 4.0043
Residue Topographical Entropy from AEM (SER 100) : 8.4929
Residue Topographical Entropy from AEM (GLY 101) : -0.0000
Residue Topographical Entropy from AEM (THR 102) : 5.7561
Residue Topographical Entropy from AEM (THR 103) : 2.4134
Residue Topographical Entropy from AEM (GLU 104) : 23.3817
Residue Topographical Entropy from AEM (ALA 105) : -0.0000
Residue Topographical Entropy from AEM (ASN 106) : 7.5484
Residue Topographical Entropy from AEM (ALA 107) : -0.0000
Residue Topographical Entropy from AEM (TRP 108) : 37.5923
Residue Topographical Entropy from AEM (LYS 109) : 16.9426
Residue Topographical Entropy from AEM (SER 110) : 4.6699
Residue Topographical Entropy from AEM (THR 111) : 0.0551
Residue Topographical Entropy from AEM (LEU 112) : 1.4763
Residue Topographical Entropy from AEM (VAL 113) : -0.0000
Residue Topographical Entropy from AEM (GLY 114) : -0.0000
Residue Topographical Entropy from AEM (HID 115) : -0.0000
Residue Topographical Entropy from AEM (ASP 116) : 5.7479
Residue Topographical Entropy from AEM (THR 117) : 0.0729
Residue Topographical Entropy from AEM (PHE 118) : 26.7045
Residue Topographical Entropy from AEM (THR 119) : 5.7628
Residue Topographical Entropy from AEM (LYS 120) : 16.2305
Residue Topographical Entropy from AEM (VAL 121) : 5.2820
Residue Topographical Entropy from AEM (LYS 122) : 18.6677
Residue Topographical Entropy from AEM (PRO 123) : 6.0352
Residue Topographical Entropy from AEM (SER 124) : 8.5106
Residue Topographical Entropy from AEM (ALA 125) : -0.0000
Residue Topographical Entropy from AEM (ALA 126) : -0.0000
Residue Topographical Entropy from AEM (CSER 127) : 10.7035
____________________________________________________________
Total Topog. Entropy (AEM)               :        1034.467
------------------------------------------------------------
____________________________________________________________
Total Entropy                            :        1034.467
------------------------------------------------------------
