------------------------------------------------------------
Topographical entropy of residue side chains 
computed using all the dihedrals with AEM method
------------------------------------------------------------
Residue Topographical Entropy from AEM (NALA 1) : 1.4227
Residue Topographical Entropy from AEM (GLU 2) : 18.1092
Residue Topographical Entropy from AEM (ALA 3) : -0.0000
Residue Topographical Entropy from AEM (GLY 4) : -0.0000
Residue Topographical Entropy from AEM (ILE 5) : 2.6711
Residue Topographical Entropy from AEM (THR 6) : 0.5768
Residue Topographical Entropy from AEM (GLY 7) : -0.0000
Residue Topographical Entropy from AEM (THR 8) : 0.6125
Residue Topographical Entropy from AEM (TRP 9) : -0.0000
Residue Topographical Entropy from AEM (TYR 10) : -0.0000
Residue Topographical Entropy from AEM (ALA 11) : -0.0000
Residue Topographical Entropy from AEM (GLN 12) : 19.2177
Residue Topographical Entropy from AEM (LEU 13) : 7.3085
Residue Topographical Entropy from AEM (GLY 14) : -0.0000
Residue Topographical Entropy from AEM (SER 15) : 6.5547
Residue Topographical Entropy from AEM (THR 16) : 6.0179
Residue Topographical Entropy from AEM (PHE 17) : -0.0000
Residue Topographical Entropy from AEM (ILE 18) : 3.7581
Residue Topographical Entropy from AEM (VAL 19) : 1.3043
Residue Topographical Entropy from AEM (THR 20) : 1.4747
Residue Topographical Entropy from AEM (ALA 21) : -0.0000
Residue Topographical Entropy from AEM (GLY 22) : -0.0000
Residue Topographical Entropy from AEM (ALA 23) : -0.0000
Residue Topographical Entropy from AEM (ASP 24) : 12.3148
Residue Topographical Entropy from AEM (GLY 25) : -0.0000
Residue Topographical Entropy from AEM (ALA 26) : -0.0000
Residue Topographical Entropy from AEM (LEU 27) : 0.8473
Residue Topographical Entropy from AEM (THR 28) : 6.5501
Residue Topographical Entropy from AEM (GLY 29) : -0.0000
Residue Topographical Entropy from AEM (THR 30) : -0.0000
Residue Topographical Entropy from AEM (TYR 31) : -0.0000
Residue Topographical Entropy from AEM (GLU 32) : 15.3260
Residue Topographical Entropy from AEM (SER 33) : 4.2848
Residue Topographical Entropy from AEM (ALA 34) : -0.0000
Residue Topographical Entropy from AEM (VAL 35) : 7.9370
Residue Topographical Entropy from AEM (GLY 36) : -0.0000
Residue Topographical Entropy from AEM (ASN 37) : 13.5788
Residue Topographical Entropy from AEM (ALA 38) : -0.0000
Residue Topographical Entropy from AEM (GLU 39) : 21.0255
Residue Topographical Entropy from AEM (SER 40) : 5.7583
Residue Topographical Entropy from AEM (ARG 41) : 10.7140
Residue Topographical Entropy from AEM (TYR 42) : -0.0000
Residue Topographical Entropy from AEM (VAL 43) : -0.0000
Residue Topographical Entropy from AEM (LEU 44) : 4.5764
Residue Topographical Entropy from AEM (THR 45) : 7.7051
Residue Topographical Entropy from AEM (GLY 46) : -0.0000
Residue Topographical Entropy from AEM (ARG 47) : -0.0000
Residue Topographical Entropy from AEM (TYR 48) : -0.0000
Residue Topographical Entropy from AEM (ASP 49) : -0.0000
Residue Topographical Entropy from AEM (SER 50) : 2.0554
Residue Topographical Entropy from AEM (ALA 51) : -0.0000
Residue Topographical Entropy from AEM (PRO 52) : 2.8637
Residue Topographical Entropy from AEM (ALA 53) : -0.0000
Residue Topographical Entropy from AEM (THR 54) : 4.5334
Residue Topographical Entropy from AEM (ASP 55) : 4.0875
Residue Topographical Entropy from AEM (GLY 56) : -0.0000
Residue Topographical Entropy from AEM (SER 57) : 2.4572
Residue Topographical Entropy from AEM (GLY 58) : -0.0000
Residue Topographical Entropy from AEM (THR 59) : -0.0000
Residue Topographical Entropy from AEM (ALA 60) : -0.0000
Residue Topographical Entropy from AEM (LEU 61) : 4.4221
Residue Topographical Entropy from AEM (GLY 62) : -0.0000
Residue Topographical Entropy from AEM (TRP 63) : -0.0000
Residue Topographical Entropy from AEM (THR 64) : -0.0000
Residue Topographical Entropy from AEM (VAL 65) : -0.0000
Residue Topographical Entropy from AEM (ALA 66) : -0.0000
Residue Topographical Entropy from AEM (TRP 67) : -0.0000
Residue Topographical Entropy from AEM (LYS 68) : 10.3244
Residue Topographical Entropy from AEM (ASN 69) : 2.7938
Residue Topographical Entropy from AEM (ASN 70) : 16.6464
Residue Topographical Entropy from AEM (TYR 71) : 13.4660
Residue Topographical Entropy from AEM (ARG 72) : 17.2715
Residue Topographical Entropy from AEM (ASN 73) : -0.0000
Residue Topographical Entropy from AEM (ALA 74) : -0.0000
Residue Topographical Entropy from AEM (HID 75) : -0.0000
Residue Topographical Entropy from AEM (SER 76) : 0.4927
Residue Topographical Entropy from AEM (ALA 77) : -0.0000
Residue Topographical Entropy from AEM (THR 78) : -0.0000
Residue Topographical Entropy from AEM (THR 79) : 0.1698
Residue Topographical Entropy from AEM (TRP 80) : -0.0000
Residue Topographical Entropy from AEM (SER 81) : 2.3982
Residue Topographical Entropy from AEM (GLY 82) : -0.0000
Residue Topographical Entropy from AEM (GLN 83) : 5.2018
Residue Topographical Entropy from AEM (TYR 84) : -0.0000
Residue Topographical Entropy from AEM (VAL 85) : 1.7471
Residue Topographical Entropy from AEM (GLY 86) : -0.0000
Residue Topographical Entropy from AEM (GLY 87) : -0.0000
Residue Topographical Entropy from AEM (ALA 88) : -0.0000
Residue Topographical Entropy from AEM (GLU 89) : 20.9969
Residue Topographical Entropy from AEM (ALA 90) : -0.0000
Residue Topographical Entropy from AEM (ARG 91) : 13.0283
Residue Topographical Entropy from AEM (ILE 92) : 0.1200
Residue Topographical Entropy from AEM (ASN 93) : 10.4145
Residue Topographical Entropy from AEM (THR 94) : -0.0000
Residue Topographical Entropy from AEM (GLN 95) : 2.4423
Residue Topographical Entropy from AEM (TRP 96) : -0.0000
Residue Topographical Entropy from AEM (LEU 97) : 3.9194
Residue Topographical Entropy from AEM (LEU 98) : -0.0000
Residue Topographical Entropy from AEM (THR 99) : -0.0000
Residue Topographical Entropy from AEM (SER 100) : 7.6559
Residue Topographical Entropy from AEM (GLY 101) : -0.0000
Residue Topographical Entropy from AEM (THR 102) : -0.0000
Residue Topographical Entropy from AEM (THR 103) : 2.8637
Residue Topographical Entropy from AEM (GLU 104) : 24.9592
Residue Topographical Entropy from AEM (ALA 105) : -0.0000
Residue Topographical Entropy from AEM (ASN 106) : 6.3486
Residue Topographical Entropy from AEM (ALA 107) : -0.0000
Residue Topographical Entropy from AEM (TRP 108) : -0.0000
Residue Topographical Entropy from AEM (LYS 109) : 16.0818
Residue Topographical Entropy from AEM (SER 110) : 0.5034
Residue Topographical Entropy from AEM (THR 111) : -0.0000
Residue Topographical Entropy from AEM (LEU 112) : 2.7778
Residue Topographical Entropy from AEM (VAL 113) : -0.0000
Residue Topographical Entropy from AEM (GLY 114) : -0.0000
Residue Topographical Entropy from AEM (HID 115) : 4.8577
Residue Topographical Entropy from AEM (ASP 116) : 5.6424
Residue Topographical Entropy from AEM (THR 117) : 8.5054
Residue Topographical Entropy from AEM (PHE 118) : -0.0000
Residue Topographical Entropy from AEM (THR 119) : 4.5432
Residue Topographical Entropy from AEM (LYS 120) : 11.7170
Residue Topographical Entropy from AEM (VAL 121) : 3.9688
Residue Topographical Entropy from AEM (LYS 122) : 14.3237
Residue Topographical Entropy from AEM (PRO 123) : 5.7416
Residue Topographical Entropy from AEM (SER 124) : 8.8328
Residue Topographical Entropy from AEM (ALA 125) : -0.0000
Residue Topographical Entropy from AEM (ALA 126) : -0.0000
Residue Topographical Entropy from AEM (CSER 127) : 8.2280
____________________________________________________________
Total Topog. Entropy (AEM)               :         459.049
------------------------------------------------------------
____________________________________________________________
Total Entropy                            :         459.049
------------------------------------------------------------
