------------------------------------------------------------
Topographical entropy of residue side chains 
computed using all the dihedrals with correlation/pLogp formalism
------------------------------------------------------------
Side Chain Topographical Entropy from corr. pLogP method (NALA 1) : -0.0000
Side Chain Topographical Entropy from corr. pLogP method (GLU 2) : 22.9518
Side Chain Topographical Entropy from corr. pLogP method (ALA 3) : -0.0000
Side Chain Topographical Entropy from corr. pLogP method (GLY 4) : -0.0000
Side Chain Topographical Entropy from corr. pLogP method (ILE 5) : 1.2250
Side Chain Topographical Entropy from corr. pLogP method (THR 6) : 0.3996
Side Chain Topographical Entropy from corr. pLogP method (GLY 7) : -0.0000
Side Chain Topographical Entropy from corr. pLogP method (THR 8) : 4.9426
Side Chain Topographical Entropy from corr. pLogP method (TRP 9) : 2.2889
Side Chain Topographical Entropy from corr. pLogP method (TYR 10) : 10.2474
Side Chain Topographical Entropy from corr. pLogP method (ALA 11) : -0.0000
Side Chain Topographical Entropy from corr. pLogP method (GLN 12) : 21.3995
Side Chain Topographical Entropy from corr. pLogP method (LEU 13) : 4.7739
Side Chain Topographical Entropy from corr. pLogP method (GLY 14) : -0.0000
Side Chain Topographical Entropy from corr. pLogP method (SER 15) : 0.3492
Side Chain Topographical Entropy from corr. pLogP method (THR 16) : 1.3752
Side Chain Topographical Entropy from corr. pLogP method (PHE 17) : 8.2659
Side Chain Topographical Entropy from corr. pLogP method (ILE 18) : 5.5505
Side Chain Topographical Entropy from corr. pLogP method (VAL 19) : 5.0647
Side Chain Topographical Entropy from corr. pLogP method (THR 20) : 6.3237
Side Chain Topographical Entropy from corr. pLogP method (ALA 21) : -0.0000
Side Chain Topographical Entropy from corr. pLogP method (GLY 22) : -0.0000
Side Chain Topographical Entropy from corr. pLogP method (ALA 23) : -0.0000
Side Chain Topographical Entropy from corr. pLogP method (ASP 24) : 15.9931
Side Chain Topographical Entropy from corr. pLogP method (GLY 25) : -0.0000
Side Chain Topographical Entropy from corr. pLogP method (ALA 26) : -0.0000
Side Chain Topographical Entropy from corr. pLogP method (LEU 27) : 8.8496
Side Chain Topographical Entropy from corr. pLogP method (THR 28) : 8.2669
Side Chain Topographical Entropy from corr. pLogP method (GLY 29) : -0.0000
Side Chain Topographical Entropy from corr. pLogP method (THR 30) : 4.2396
Side Chain Topographical Entropy from corr. pLogP method (TYR 31) : 9.6283
Side Chain Topographical Entropy from corr. pLogP method (GLU 32) : 10.8239
Side Chain Topographical Entropy from corr. pLogP method (SER 33) : 6.5184
Side Chain Topographical Entropy from corr. pLogP method (ALA 34) : -0.0000
Side Chain Topographical Entropy from corr. pLogP method (VAL 35) : 5.9265
Side Chain Topographical Entropy from corr. pLogP method (GLY 36) : -0.0000
Side Chain Topographical Entropy from corr. pLogP method (ASN 37) : 10.2611
Side Chain Topographical Entropy from corr. pLogP method (ALA 38) : -0.0000
Side Chain Topographical Entropy from corr. pLogP method (GLU 39) : 20.7446
Side Chain Topographical Entropy from corr. pLogP method (SER 40) : 5.6845
Side Chain Topographical Entropy from corr. pLogP method (ARG 41) : 4.2694
Side Chain Topographical Entropy from corr. pLogP method (TYR 42) : 2.3266
Side Chain Topographical Entropy from corr. pLogP method (VAL 43) : 0.9337
Side Chain Topographical Entropy from corr. pLogP method (LEU 44) : 0.6974
Side Chain Topographical Entropy from corr. pLogP method (THR 45) : 7.4025
Side Chain Topographical Entropy from corr. pLogP method (GLY 46) : -0.0000
Side Chain Topographical Entropy from corr. pLogP method (ARG 47) : 0.1419
Side Chain Topographical Entropy from corr. pLogP method (TYR 48) : 3.8196
Side Chain Topographical Entropy from corr. pLogP method (ASP 49) : 8.5237
Side Chain Topographical Entropy from corr. pLogP method (SER 50) : 1.2966
Side Chain Topographical Entropy from corr. pLogP method (ALA 51) : -0.0000
Side Chain Topographical Entropy from corr. pLogP method (PRO 52) : 12.3332
Side Chain Topographical Entropy from corr. pLogP method (ALA 53) : -0.0000
Side Chain Topographical Entropy from corr. pLogP method (THR 54) : 6.1759
Side Chain Topographical Entropy from corr. pLogP method (ASP 55) : 9.9449
Side Chain Topographical Entropy from corr. pLogP method (GLY 56) : -0.0000
Side Chain Topographical Entropy from corr. pLogP method (SER 57) : 2.6786
Side Chain Topographical Entropy from corr. pLogP method (GLY 58) : -0.0000
Side Chain Topographical Entropy from corr. pLogP method (THR 59) : 3.0607
Side Chain Topographical Entropy from corr. pLogP method (ALA 60) : -0.0000
Side Chain Topographical Entropy from corr. pLogP method (LEU 61) : 5.0779
Side Chain Topographical Entropy from corr. pLogP method (GLY 62) : -0.0000
Side Chain Topographical Entropy from corr. pLogP method (TRP 63) : -0.0000
Side Chain Topographical Entropy from corr. pLogP method (THR 64) : 2.0157
Side Chain Topographical Entropy from corr. pLogP method (VAL 65) : 0.2013
Side Chain Topographical Entropy from corr. pLogP method (ALA 66) : -0.0000
Side Chain Topographical Entropy from corr. pLogP method (TRP 67) : 1.2758
Side Chain Topographical Entropy from corr. pLogP method (LYS 68) : 13.6802
Side Chain Topographical Entropy from corr. pLogP method (ASN 69) : 6.9957
Side Chain Topographical Entropy from corr. pLogP method (ASN 70) : 13.6178
Side Chain Topographical Entropy from corr. pLogP method (TYR 71) : 12.3026
Side Chain Topographical Entropy from corr. pLogP method (ARG 72) : 15.2713
Side Chain Topographical Entropy from corr. pLogP method (ASN 73) : 2.4076
Side Chain Topographical Entropy from corr. pLogP method (ALA 74) : -0.0000
Side Chain Topographical Entropy from corr. pLogP method (HID 75) : 2.2617
Side Chain Topographical Entropy from corr. pLogP method (SER 76) : 3.5750
Side Chain Topographical Entropy from corr. pLogP method (ALA 77) : -0.0000
Side Chain Topographical Entropy from corr. pLogP method (THR 78) : 0.1419
Side Chain Topographical Entropy from corr. pLogP method (THR 79) : 0.7891
Side Chain Topographical Entropy from corr. pLogP method (TRP 80) : 2.7673
Side Chain Topographical Entropy from corr. pLogP method (SER 81) : 0.0134
Side Chain Topographical Entropy from corr. pLogP method (GLY 82) : -0.0000
Side Chain Topographical Entropy from corr. pLogP method (GLN 83) : 8.7850
Side Chain Topographical Entropy from corr. pLogP method (TYR 84) : 0.2205
Side Chain Topographical Entropy from corr. pLogP method (VAL 85) : 1.6429
Side Chain Topographical Entropy from corr. pLogP method (GLY 86) : -0.0000
Side Chain Topographical Entropy from corr. pLogP method (GLY 87) : -0.0000
Side Chain Topographical Entropy from corr. pLogP method (ALA 88) : -0.0000
Side Chain Topographical Entropy from corr. pLogP method (GLU 89) : 21.4576
Side Chain Topographical Entropy from corr. pLogP method (ALA 90) : -0.0000
Side Chain Topographical Entropy from corr. pLogP method (ARG 91) : 13.0910
Side Chain Topographical Entropy from corr. pLogP method (ILE 92) : 0.3415
Side Chain Topographical Entropy from corr. pLogP method (ASN 93) : 8.2035
Side Chain Topographical Entropy from corr. pLogP method (THR 94) : 4.7087
Side Chain Topographical Entropy from corr. pLogP method (GLN 95) : 2.2503
Side Chain Topographical Entropy from corr. pLogP method (TRP 96) : 1.0273
Side Chain Topographical Entropy from corr. pLogP method (LEU 97) : 0.6501
Side Chain Topographical Entropy from corr. pLogP method (LEU 98) : 1.8448
Side Chain Topographical Entropy from corr. pLogP method (THR 99) : 0.0134
Side Chain Topographical Entropy from corr. pLogP method (SER 100) : 8.0182
Side Chain Topographical Entropy from corr. pLogP method (GLY 101) : -0.0000
Side Chain Topographical Entropy from corr. pLogP method (THR 102) : 1.4085
Side Chain Topographical Entropy from corr. pLogP method (THR 103) : 0.5031
Side Chain Topographical Entropy from corr. pLogP method (GLU 104) : 22.6755
Side Chain Topographical Entropy from corr. pLogP method (ALA 105) : -0.0000
Side Chain Topographical Entropy from corr. pLogP method (ASN 106) : 3.7073
Side Chain Topographical Entropy from corr. pLogP method (ALA 107) : -0.0000
Side Chain Topographical Entropy from corr. pLogP method (TRP 108) : 5.8565
Side Chain Topographical Entropy from corr. pLogP method (LYS 109) : 10.3848
Side Chain Topographical Entropy from corr. pLogP method (SER 110) : 0.7273
Side Chain Topographical Entropy from corr. pLogP method (THR 111) : 0.0845
Side Chain Topographical Entropy from corr. pLogP method (LEU 112) : 2.2143
Side Chain Topographical Entropy from corr. pLogP method (VAL 113) : 0.0358
Side Chain Topographical Entropy from corr. pLogP method (GLY 114) : -0.0000
Side Chain Topographical Entropy from corr. pLogP method (HID 115) : 0.0134
Side Chain Topographical Entropy from corr. pLogP method (ASP 116) : 6.3406
Side Chain Topographical Entropy from corr. pLogP method (THR 117) : 2.9386
Side Chain Topographical Entropy from corr. pLogP method (PHE 118) : 0.4358
Side Chain Topographical Entropy from corr. pLogP method (THR 119) : 3.6526
Side Chain Topographical Entropy from corr. pLogP method (LYS 120) : 16.6061
Side Chain Topographical Entropy from corr. pLogP method (VAL 121) : 3.8727
Side Chain Topographical Entropy from corr. pLogP method (LYS 122) : 25.8688
Side Chain Topographical Entropy from corr. pLogP method (PRO 123) : 19.4066
Side Chain Topographical Entropy from corr. pLogP method (SER 124) : 8.0741
Side Chain Topographical Entropy from corr. pLogP method (ALA 125) : -0.0000
Side Chain Topographical Entropy from corr. pLogP method (ALA 126) : -0.0000
Side Chain Topographical Entropy from corr. pLogP method (CSER 127) : 0.9905
____________________________________________________________
Total SC Topog. Entropy (corr. pLogP)    :         556.145
------------------------------------------------------------
____________________________________________________________
Total BB Topog. Entropy (corr. pLogP)    :          31.847
------------------------------------------------------------
____________________________________________________________
Total Entropy                            :         587.993
------------------------------------------------------------
