------------------------------------------------------------
Topographical entropy of residue side chains 
computed using all the dihedrals with correlation/pLogp formalism
------------------------------------------------------------
Side Chain Topographical Entropy from corr. pLogP method (NALA 1) : -0.0000
Side Chain Topographical Entropy from corr. pLogP method (GLU 2) : 24.8344
Side Chain Topographical Entropy from corr. pLogP method (ALA 3) : -0.0000
Side Chain Topographical Entropy from corr. pLogP method (GLY 4) : -0.0000
Side Chain Topographical Entropy from corr. pLogP method (ILE 5) : 2.1552
Side Chain Topographical Entropy from corr. pLogP method (THR 6) : 0.3626
Side Chain Topographical Entropy from corr. pLogP method (GLY 7) : -0.0000
Side Chain Topographical Entropy from corr. pLogP method (THR 8) : 2.1967
Side Chain Topographical Entropy from corr. pLogP method (TRP 9) : 0.0991
Side Chain Topographical Entropy from corr. pLogP method (TYR 10) : 6.0748
Side Chain Topographical Entropy from corr. pLogP method (ALA 11) : -0.0000
Side Chain Topographical Entropy from corr. pLogP method (GLN 12) : 21.1353
Side Chain Topographical Entropy from corr. pLogP method (LEU 13) : 8.3650
Side Chain Topographical Entropy from corr. pLogP method (GLY 14) : -0.0000
Side Chain Topographical Entropy from corr. pLogP method (SER 15) : 7.7363
Side Chain Topographical Entropy from corr. pLogP method (THR 16) : 4.8399
Side Chain Topographical Entropy from corr. pLogP method (PHE 17) : 1.1784
Side Chain Topographical Entropy from corr. pLogP method (ILE 18) : 10.5944
Side Chain Topographical Entropy from corr. pLogP method (VAL 19) : 2.9444
Side Chain Topographical Entropy from corr. pLogP method (THR 20) : 6.9428
Side Chain Topographical Entropy from corr. pLogP method (ALA 21) : -0.0000
Side Chain Topographical Entropy from corr. pLogP method (GLY 22) : -0.0000
Side Chain Topographical Entropy from corr. pLogP method (ALA 23) : -0.0000
Side Chain Topographical Entropy from corr. pLogP method (ASP 24) : 14.2513
Side Chain Topographical Entropy from corr. pLogP method (GLY 25) : -0.0000
Side Chain Topographical Entropy from corr. pLogP method (ALA 26) : -0.0000
Side Chain Topographical Entropy from corr. pLogP method (LEU 27) : 9.8991
Side Chain Topographical Entropy from corr. pLogP method (THR 28) : 9.0168
Side Chain Topographical Entropy from corr. pLogP method (GLY 29) : -0.0000
Side Chain Topographical Entropy from corr. pLogP method (THR 30) : 8.4272
Side Chain Topographical Entropy from corr. pLogP method (TYR 31) : 10.0947
Side Chain Topographical Entropy from corr. pLogP method (GLU 32) : 18.6509
Side Chain Topographical Entropy from corr. pLogP method (SER 33) : 6.7600
Side Chain Topographical Entropy from corr. pLogP method (ALA 34) : -0.0000
Side Chain Topographical Entropy from corr. pLogP method (VAL 35) : 8.8585
Side Chain Topographical Entropy from corr. pLogP method (GLY 36) : -0.0000
Side Chain Topographical Entropy from corr. pLogP method (ASN 37) : 15.1413
Side Chain Topographical Entropy from corr. pLogP method (ALA 38) : -0.0000
Side Chain Topographical Entropy from corr. pLogP method (GLU 39) : 17.4947
Side Chain Topographical Entropy from corr. pLogP method (SER 40) : 7.8778
Side Chain Topographical Entropy from corr. pLogP method (ARG 41) : 16.8740
Side Chain Topographical Entropy from corr. pLogP method (TYR 42) : 0.8564
Side Chain Topographical Entropy from corr. pLogP method (VAL 43) : 1.8648
Side Chain Topographical Entropy from corr. pLogP method (LEU 44) : 10.3465
Side Chain Topographical Entropy from corr. pLogP method (THR 45) : 6.4540
Side Chain Topographical Entropy from corr. pLogP method (GLY 46) : -0.0000
Side Chain Topographical Entropy from corr. pLogP method (ARG 47) : 2.7500
Side Chain Topographical Entropy from corr. pLogP method (TYR 48) : 8.9791
Side Chain Topographical Entropy from corr. pLogP method (ASP 49) : 6.2874
Side Chain Topographical Entropy from corr. pLogP method (SER 50) : 5.0782
Side Chain Topographical Entropy from corr. pLogP method (ALA 51) : -0.0000
Side Chain Topographical Entropy from corr. pLogP method (PRO 52) : 16.0165
Side Chain Topographical Entropy from corr. pLogP method (ALA 53) : -0.0000
Side Chain Topographical Entropy from corr. pLogP method (THR 54) : 8.8462
Side Chain Topographical Entropy from corr. pLogP method (ASP 55) : 15.1791
Side Chain Topographical Entropy from corr. pLogP method (GLY 56) : -0.0000
Side Chain Topographical Entropy from corr. pLogP method (SER 57) : 7.7968
Side Chain Topographical Entropy from corr. pLogP method (GLY 58) : -0.0000
Side Chain Topographical Entropy from corr. pLogP method (THR 59) : 0.8020
Side Chain Topographical Entropy from corr. pLogP method (ALA 60) : -0.0000
Side Chain Topographical Entropy from corr. pLogP method (LEU 61) : 2.0190
Side Chain Topographical Entropy from corr. pLogP method (GLY 62) : -0.0000
Side Chain Topographical Entropy from corr. pLogP method (TRP 63) : 0.0384
Side Chain Topographical Entropy from corr. pLogP method (THR 64) : -0.0000
Side Chain Topographical Entropy from corr. pLogP method (VAL 65) : 2.9923
Side Chain Topographical Entropy from corr. pLogP method (ALA 66) : -0.0000
Side Chain Topographical Entropy from corr. pLogP method (TRP 67) : 0.0752
Side Chain Topographical Entropy from corr. pLogP method (LYS 68) : 16.5222
Side Chain Topographical Entropy from corr. pLogP method (ASN 69) : 15.3079
Side Chain Topographical Entropy from corr. pLogP method (ASN 70) : 14.2468
Side Chain Topographical Entropy from corr. pLogP method (TYR 71) : 12.7696
Side Chain Topographical Entropy from corr. pLogP method (ARG 72) : 20.0734
Side Chain Topographical Entropy from corr. pLogP method (ASN 73) : 1.6898
Side Chain Topographical Entropy from corr. pLogP method (ALA 74) : -0.0000
Side Chain Topographical Entropy from corr. pLogP method (HID 75) : 1.6826
Side Chain Topographical Entropy from corr. pLogP method (SER 76) : 0.5055
Side Chain Topographical Entropy from corr. pLogP method (ALA 77) : -0.0000
Side Chain Topographical Entropy from corr. pLogP method (THR 78) : -0.0000
Side Chain Topographical Entropy from corr. pLogP method (THR 79) : -0.0000
Side Chain Topographical Entropy from corr. pLogP method (TRP 80) : 2.6641
Side Chain Topographical Entropy from corr. pLogP method (SER 81) : 0.9906
Side Chain Topographical Entropy from corr. pLogP method (GLY 82) : -0.0000
Side Chain Topographical Entropy from corr. pLogP method (GLN 83) : 10.1655
Side Chain Topographical Entropy from corr. pLogP method (TYR 84) : 2.2784
Side Chain Topographical Entropy from corr. pLogP method (VAL 85) : 4.8133
Side Chain Topographical Entropy from corr. pLogP method (GLY 86) : -0.0000
Side Chain Topographical Entropy from corr. pLogP method (GLY 87) : -0.0000
Side Chain Topographical Entropy from corr. pLogP method (ALA 88) : -0.0000
Side Chain Topographical Entropy from corr. pLogP method (GLU 89) : 21.1494
Side Chain Topographical Entropy from corr. pLogP method (ALA 90) : -0.0000
Side Chain Topographical Entropy from corr. pLogP method (ARG 91) : 12.1035
Side Chain Topographical Entropy from corr. pLogP method (ILE 92) : 0.1094
Side Chain Topographical Entropy from corr. pLogP method (ASN 93) : 6.5563
Side Chain Topographical Entropy from corr. pLogP method (THR 94) : 1.6096
Side Chain Topographical Entropy from corr. pLogP method (GLN 95) : 5.7276
Side Chain Topographical Entropy from corr. pLogP method (TRP 96) : 1.7032
Side Chain Topographical Entropy from corr. pLogP method (LEU 97) : 2.1433
Side Chain Topographical Entropy from corr. pLogP method (LEU 98) : 0.4584
Side Chain Topographical Entropy from corr. pLogP method (THR 99) : -0.0000
Side Chain Topographical Entropy from corr. pLogP method (SER 100) : 6.5759
Side Chain Topographical Entropy from corr. pLogP method (GLY 101) : -0.0000
Side Chain Topographical Entropy from corr. pLogP method (THR 102) : 8.7368
Side Chain Topographical Entropy from corr. pLogP method (THR 103) : 6.5004
Side Chain Topographical Entropy from corr. pLogP method (GLU 104) : 23.5447
Side Chain Topographical Entropy from corr. pLogP method (ALA 105) : -0.0000
Side Chain Topographical Entropy from corr. pLogP method (ASN 106) : 6.6207
Side Chain Topographical Entropy from corr. pLogP method (ALA 107) : -0.0000
Side Chain Topographical Entropy from corr. pLogP method (TRP 108) : 5.7774
Side Chain Topographical Entropy from corr. pLogP method (LYS 109) : 13.0613
Side Chain Topographical Entropy from corr. pLogP method (SER 110) : 1.5673
Side Chain Topographical Entropy from corr. pLogP method (THR 111) : 0.0250
Side Chain Topographical Entropy from corr. pLogP method (LEU 112) : 1.7458
Side Chain Topographical Entropy from corr. pLogP method (VAL 113) : -0.0000
Side Chain Topographical Entropy from corr. pLogP method (GLY 114) : -0.0000
Side Chain Topographical Entropy from corr. pLogP method (HID 115) : 1.3025
Side Chain Topographical Entropy from corr. pLogP method (ASP 116) : 7.8986
Side Chain Topographical Entropy from corr. pLogP method (THR 117) : 0.2091
Side Chain Topographical Entropy from corr. pLogP method (PHE 118) : 0.0250
Side Chain Topographical Entropy from corr. pLogP method (THR 119) : 5.9475
Side Chain Topographical Entropy from corr. pLogP method (LYS 120) : 14.5499
Side Chain Topographical Entropy from corr. pLogP method (VAL 121) : 6.0909
Side Chain Topographical Entropy from corr. pLogP method (LYS 122) : 18.2650
Side Chain Topographical Entropy from corr. pLogP method (PRO 123) : 13.8816
Side Chain Topographical Entropy from corr. pLogP method (SER 124) : 8.1337
Side Chain Topographical Entropy from corr. pLogP method (ALA 125) : -0.0000
Side Chain Topographical Entropy from corr. pLogP method (ALA 126) : -0.0000
Side Chain Topographical Entropy from corr. pLogP method (CSER 127) : 4.5838
____________________________________________________________
Total SC Topog. Entropy (corr. pLogP)    :         649.501
------------------------------------------------------------
____________________________________________________________
Total BB Topog. Entropy (corr. pLogP)    :          35.649
------------------------------------------------------------
____________________________________________________________
Total Entropy                            :         685.150
------------------------------------------------------------
