------------------------------------------------------------
            Hierarchy level. --> United Atom <--            
------------------------------------------------------------
      RESNAME   RESID  FF_ENTROPY  TT_ENTROPY
UATOM NALA          1       9.060      37.974
UATOM GLU           2      22.036      21.282
UATOM ALA           3       5.707      24.481
UATOM GLY           4       2.338      12.006
UATOM ILE           5      23.202      52.094
UATOM THR           6      17.447      33.961
UATOM GLY           7       2.163      11.482
UATOM THR           8      16.739      32.188
UATOM TRP           9      39.673      37.292
UATOM TYR          10      36.559      36.059
UATOM ALA          11       6.272      23.364
UATOM GLN          12      23.692      32.459
UATOM LEU          13      22.104      49.582
UATOM GLY          14       2.141      11.171
UATOM SER          15      10.109      20.436
UATOM THR          16      17.075      32.770
UATOM PHE          17      27.225      33.895
UATOM ILE          18      22.129      51.259
UATOM VAL          19      16.359      41.552
UATOM THR          20      16.684      32.622
UATOM ALA          21       5.686      25.122
UATOM GLY          22       2.304      12.165
UATOM ALA          23       6.503      25.193
UATOM ASP          24      17.116      14.392
UATOM GLY          25       2.632      11.949
UATOM ALA          26       6.375      24.750
UATOM LEU          27      22.184      50.712
UATOM THR          28      17.194      32.887
UATOM GLY          29       2.259      11.344
UATOM THR          30      17.021      32.667
UATOM TYR          31      35.150      35.074
UATOM GLU          32      23.940      20.956
UATOM SER          33       9.664      20.203
UATOM ALA          34       6.108      25.024
UATOM VAL          35      16.421      43.641
UATOM GLY          36       2.326      11.888
UATOM ASN          37      19.003      24.907
UATOM ALA          38       5.965      24.886
UATOM GLU          39      22.481      21.837
UATOM SER          40      10.443      20.289
UATOM ARG          41      39.543      54.386
UATOM TYR          42      34.353      34.908
UATOM VAL          43      16.130      43.323
UATOM LEU          44      23.373      49.411
UATOM THR          45      17.996      34.439
UATOM GLY          46       2.774      12.281
UATOM ARG          47      40.995      54.626
UATOM TYR          48      33.985      34.852
UATOM ASP          49      19.846      14.601
UATOM SER          50      10.637      20.301
UATOM ALA          51       6.052      22.721
UATOM PRO          52      11.385      26.277
UATOM ALA          53       5.893      25.495
UATOM THR          54      17.376      34.131
UATOM ASP          55      17.740      14.338
UATOM GLY          56       2.515      12.151
UATOM SER          57      10.520      19.505
UATOM GLY          58       2.308      11.930
UATOM THR          59      17.371      33.228
UATOM ALA          60       6.463      25.376
UATOM LEU          61      22.365      50.234
UATOM GLY          62       2.761      12.218
UATOM TRP          63      40.905      39.143
UATOM THR          64      17.891      32.158
UATOM VAL          65      18.044      43.097
UATOM ALA          66       6.316      24.337
UATOM TRP          67      39.578      37.892
UATOM LYS          68      26.548      51.714
UATOM ASN          69      20.945      25.619
UATOM ASN          70      18.925      25.824
UATOM TYR          71      36.085      35.515
UATOM ARG          72      37.045      55.942
UATOM ASN          73      20.488      24.139
UATOM ALA          74       5.908      25.131
UATOM HID          75      24.304      27.378
UATOM SER          76      10.810      21.430
UATOM ALA          77       6.285      25.476
UATOM THR          78      17.823      32.138
UATOM THR          79      18.259      33.250
UATOM TRP          80      39.562      37.286
UATOM SER          81      10.936      19.755
UATOM GLY          82       2.600      11.599
UATOM GLN          83      26.571      32.332
UATOM TYR          84      35.132      34.989
UATOM VAL          85      17.347      43.813
UATOM GLY          86       2.279      11.899
UATOM GLY          87       2.649      11.434
UATOM ALA          88       6.002      25.203
UATOM GLU          89      23.705      21.929
UATOM ALA          90       6.168      24.763
UATOM ARG          91      37.381      54.662
UATOM ILE          92      22.409      48.732
UATOM ASN          93      20.056      25.739
UATOM THR          94      16.987      33.239
UATOM GLN          95      25.176      32.999
UATOM TRP          96      39.979      37.285
UATOM LEU          97      22.669      50.474
UATOM LEU          98      23.046      50.546
UATOM THR          99      17.440      34.021
UATOM SER         100      10.855      20.722
UATOM GLY         101       2.632      11.632
UATOM THR         102      17.897      33.823
UATOM THR         103      17.264      34.490
UATOM GLU         104      22.655      21.140
UATOM ALA         105       5.830      24.536
UATOM ASN         106      19.617      25.222
UATOM ALA         107       5.685      24.673
UATOM TRP         108      38.829      38.002
UATOM LYS         109      25.496      50.913
UATOM SER         110      10.533      20.753
UATOM THR         111      17.621      34.976
UATOM LEU         112      22.311      49.171
UATOM VAL         113      17.117      41.828
UATOM GLY         114       2.626      11.737
UATOM HID         115      23.482      26.641
UATOM ASP         116      19.447      14.489
UATOM THR         117      17.532      34.147
UATOM PHE         118      28.234      33.893
UATOM THR         119      17.420      34.914
UATOM LYS         120      27.173      52.243
UATOM VAL         121      16.850      42.112
UATOM LYS         122      25.639      51.455
UATOM PRO         123      11.319      26.017
UATOM SER         124      10.759      20.429
UATOM ALA         125       6.313      26.138
UATOM ALA         126       5.889      24.622
UATOM CSER        127      16.277      20.209
____________________________________________________________
Total Entropy FF (UA level) :        2179.420 J/mol/K
Total Entropy TT (UA level) :        3812.357 J/mol/K
------------------------------------------------------------
____________________________________________________________
Total Entropy                            :        5991.777
------------------------------------------------------------
