------------------------------------------------------------
Topographical entropy of residue side chains 
computed using all the dihedrals with correlation/pLogp formalism
------------------------------------------------------------
Side Chain Topographical Entropy from corr. pLogP method (NALA 1) : -0.0000
Side Chain Topographical Entropy from corr. pLogP method (GLU 2) : 19.9337
Side Chain Topographical Entropy from corr. pLogP method (ALA 3) : -0.0000
Side Chain Topographical Entropy from corr. pLogP method (GLY 4) : -0.0000
Side Chain Topographical Entropy from corr. pLogP method (ILE 5) : 3.4556
Side Chain Topographical Entropy from corr. pLogP method (THR 6) : 0.2168
Side Chain Topographical Entropy from corr. pLogP method (GLY 7) : -0.0000
Side Chain Topographical Entropy from corr. pLogP method (THR 8) : 0.8205
Side Chain Topographical Entropy from corr. pLogP method (TRP 9) : 3.8001
Side Chain Topographical Entropy from corr. pLogP method (TYR 10) : 9.6244
Side Chain Topographical Entropy from corr. pLogP method (ALA 11) : -0.0000
Side Chain Topographical Entropy from corr. pLogP method (GLN 12) : 20.6568
Side Chain Topographical Entropy from corr. pLogP method (LEU 13) : 7.1167
Side Chain Topographical Entropy from corr. pLogP method (GLY 14) : -0.0000
Side Chain Topographical Entropy from corr. pLogP method (SER 15) : 6.1059
Side Chain Topographical Entropy from corr. pLogP method (THR 16) : 3.0794
Side Chain Topographical Entropy from corr. pLogP method (PHE 17) : 3.0030
Side Chain Topographical Entropy from corr. pLogP method (ILE 18) : 7.0814
Side Chain Topographical Entropy from corr. pLogP method (VAL 19) : 1.4667
Side Chain Topographical Entropy from corr. pLogP method (THR 20) : 6.1030
Side Chain Topographical Entropy from corr. pLogP method (ALA 21) : -0.0000
Side Chain Topographical Entropy from corr. pLogP method (GLY 22) : -0.0000
Side Chain Topographical Entropy from corr. pLogP method (ALA 23) : -0.0000
Side Chain Topographical Entropy from corr. pLogP method (ASP 24) : 15.4499
Side Chain Topographical Entropy from corr. pLogP method (GLY 25) : -0.0000
Side Chain Topographical Entropy from corr. pLogP method (ALA 26) : -0.0000
Side Chain Topographical Entropy from corr. pLogP method (LEU 27) : 8.1848
Side Chain Topographical Entropy from corr. pLogP method (THR 28) : 8.2557
Side Chain Topographical Entropy from corr. pLogP method (GLY 29) : -0.0000
Side Chain Topographical Entropy from corr. pLogP method (THR 30) : 8.0435
Side Chain Topographical Entropy from corr. pLogP method (TYR 31) : 10.1513
Side Chain Topographical Entropy from corr. pLogP method (GLU 32) : 16.8487
Side Chain Topographical Entropy from corr. pLogP method (SER 33) : 7.1310
Side Chain Topographical Entropy from corr. pLogP method (ALA 34) : -0.0000
Side Chain Topographical Entropy from corr. pLogP method (VAL 35) : 9.0581
Side Chain Topographical Entropy from corr. pLogP method (GLY 36) : -0.0000
Side Chain Topographical Entropy from corr. pLogP method (ASN 37) : 14.1728
Side Chain Topographical Entropy from corr. pLogP method (ALA 38) : -0.0000
Side Chain Topographical Entropy from corr. pLogP method (GLU 39) : 18.4815
Side Chain Topographical Entropy from corr. pLogP method (SER 40) : 7.1144
Side Chain Topographical Entropy from corr. pLogP method (ARG 41) : 15.2903
Side Chain Topographical Entropy from corr. pLogP method (TYR 42) : 1.4610
Side Chain Topographical Entropy from corr. pLogP method (VAL 43) : 0.3080
Side Chain Topographical Entropy from corr. pLogP method (LEU 44) : 5.2734
Side Chain Topographical Entropy from corr. pLogP method (THR 45) : 7.9678
Side Chain Topographical Entropy from corr. pLogP method (GLY 46) : -0.0000
Side Chain Topographical Entropy from corr. pLogP method (ARG 47) : 0.2447
Side Chain Topographical Entropy from corr. pLogP method (TYR 48) : 4.0100
Side Chain Topographical Entropy from corr. pLogP method (ASP 49) : 2.3990
Side Chain Topographical Entropy from corr. pLogP method (SER 50) : 2.7825
Side Chain Topographical Entropy from corr. pLogP method (ALA 51) : -0.0000
Side Chain Topographical Entropy from corr. pLogP method (PRO 52) : 9.5278
Side Chain Topographical Entropy from corr. pLogP method (ALA 53) : -0.0000
Side Chain Topographical Entropy from corr. pLogP method (THR 54) : 5.6463
Side Chain Topographical Entropy from corr. pLogP method (ASP 55) : 8.6839
Side Chain Topographical Entropy from corr. pLogP method (GLY 56) : -0.0000
Side Chain Topographical Entropy from corr. pLogP method (SER 57) : 1.5201
Side Chain Topographical Entropy from corr. pLogP method (GLY 58) : -0.0000
Side Chain Topographical Entropy from corr. pLogP method (THR 59) : 1.2614
Side Chain Topographical Entropy from corr. pLogP method (ALA 60) : -0.0000
Side Chain Topographical Entropy from corr. pLogP method (LEU 61) : 5.3873
Side Chain Topographical Entropy from corr. pLogP method (GLY 62) : -0.0000
Side Chain Topographical Entropy from corr. pLogP method (TRP 63) : 3.4591
Side Chain Topographical Entropy from corr. pLogP method (THR 64) : 0.5961
Side Chain Topographical Entropy from corr. pLogP method (VAL 65) : 0.1698
Side Chain Topographical Entropy from corr. pLogP method (ALA 66) : -0.0000
Side Chain Topographical Entropy from corr. pLogP method (TRP 67) : 3.9426
Side Chain Topographical Entropy from corr. pLogP method (LYS 68) : 10.1799
Side Chain Topographical Entropy from corr. pLogP method (ASN 69) : 10.8036
Side Chain Topographical Entropy from corr. pLogP method (ASN 70) : 15.4649
Side Chain Topographical Entropy from corr. pLogP method (TYR 71) : 9.4665
Side Chain Topographical Entropy from corr. pLogP method (ARG 72) : 20.5535
Side Chain Topographical Entropy from corr. pLogP method (ASN 73) : 2.1867
Side Chain Topographical Entropy from corr. pLogP method (ALA 74) : -0.0000
Side Chain Topographical Entropy from corr. pLogP method (HID 75) : 3.9360
Side Chain Topographical Entropy from corr. pLogP method (SER 76) : 3.4155
Side Chain Topographical Entropy from corr. pLogP method (ALA 77) : -0.0000
Side Chain Topographical Entropy from corr. pLogP method (THR 78) : 1.2973
Side Chain Topographical Entropy from corr. pLogP method (THR 79) : 1.6952
Side Chain Topographical Entropy from corr. pLogP method (TRP 80) : 6.4205
Side Chain Topographical Entropy from corr. pLogP method (SER 81) : 5.5553
Side Chain Topographical Entropy from corr. pLogP method (GLY 82) : -0.0000
Side Chain Topographical Entropy from corr. pLogP method (GLN 83) : 10.1868
Side Chain Topographical Entropy from corr. pLogP method (TYR 84) : 3.5985
Side Chain Topographical Entropy from corr. pLogP method (VAL 85) : 3.1622
Side Chain Topographical Entropy from corr. pLogP method (GLY 86) : -0.0000
Side Chain Topographical Entropy from corr. pLogP method (GLY 87) : -0.0000
Side Chain Topographical Entropy from corr. pLogP method (ALA 88) : -0.0000
Side Chain Topographical Entropy from corr. pLogP method (GLU 89) : 22.6904
Side Chain Topographical Entropy from corr. pLogP method (ALA 90) : -0.0000
Side Chain Topographical Entropy from corr. pLogP method (ARG 91) : 16.2548
Side Chain Topographical Entropy from corr. pLogP method (ILE 92) : 3.1025
Side Chain Topographical Entropy from corr. pLogP method (ASN 93) : 9.7853
Side Chain Topographical Entropy from corr. pLogP method (THR 94) : 4.6360
Side Chain Topographical Entropy from corr. pLogP method (GLN 95) : 5.4261
Side Chain Topographical Entropy from corr. pLogP method (TRP 96) : 2.5502
Side Chain Topographical Entropy from corr. pLogP method (LEU 97) : 2.5184
Side Chain Topographical Entropy from corr. pLogP method (LEU 98) : 2.0659
Side Chain Topographical Entropy from corr. pLogP method (THR 99) : 1.2180
Side Chain Topographical Entropy from corr. pLogP method (SER 100) : 8.3544
Side Chain Topographical Entropy from corr. pLogP method (GLY 101) : -0.0000
Side Chain Topographical Entropy from corr. pLogP method (THR 102) : 1.5618
Side Chain Topographical Entropy from corr. pLogP method (THR 103) : 2.7119
Side Chain Topographical Entropy from corr. pLogP method (GLU 104) : 23.5250
Side Chain Topographical Entropy from corr. pLogP method (ALA 105) : -0.0000
Side Chain Topographical Entropy from corr. pLogP method (ASN 106) : 6.1008
Side Chain Topographical Entropy from corr. pLogP method (ALA 107) : -0.0000
Side Chain Topographical Entropy from corr. pLogP method (TRP 108) : 14.4699
Side Chain Topographical Entropy from corr. pLogP method (LYS 109) : 14.6424
Side Chain Topographical Entropy from corr. pLogP method (SER 110) : 1.1594
Side Chain Topographical Entropy from corr. pLogP method (THR 111) : 0.5540
Side Chain Topographical Entropy from corr. pLogP method (LEU 112) : 2.2807
Side Chain Topographical Entropy from corr. pLogP method (VAL 113) : 0.7636
Side Chain Topographical Entropy from corr. pLogP method (GLY 114) : -0.0000
Side Chain Topographical Entropy from corr. pLogP method (HID 115) : 11.8148
Side Chain Topographical Entropy from corr. pLogP method (ASP 116) : 8.7959
Side Chain Topographical Entropy from corr. pLogP method (THR 117) : 7.1703
Side Chain Topographical Entropy from corr. pLogP method (PHE 118) : 2.0692
Side Chain Topographical Entropy from corr. pLogP method (THR 119) : 6.4656
Side Chain Topographical Entropy from corr. pLogP method (LYS 120) : 15.7614
Side Chain Topographical Entropy from corr. pLogP method (VAL 121) : 4.8477
Side Chain Topographical Entropy from corr. pLogP method (LYS 122) : 16.8174
Side Chain Topographical Entropy from corr. pLogP method (PRO 123) : 16.0311
Side Chain Topographical Entropy from corr. pLogP method (SER 124) : 8.7961
Side Chain Topographical Entropy from corr. pLogP method (ALA 125) : -0.0000
Side Chain Topographical Entropy from corr. pLogP method (ALA 126) : -0.0000
Side Chain Topographical Entropy from corr. pLogP method (CSER 127) : 4.3260
____________________________________________________________
Total SC Topog. Entropy (corr. pLogP)    :         652.476
------------------------------------------------------------
____________________________________________________________
Total BB Topog. Entropy (corr. pLogP)    :          35.557
------------------------------------------------------------
____________________________________________________________
Total Entropy                            :         688.033
------------------------------------------------------------
