------------------------------------------------------------
            Hierarchy level. --> United Atom <--            
------------------------------------------------------------
      RESNAME   RESID  FF_ENTROPY  TT_ENTROPY
UATOM NALA          1       8.976      38.547
UATOM GLU           2      23.098      20.800
UATOM ALA           3       6.349      24.830
UATOM GLY           4       2.652      12.950
UATOM ILE           5      25.976      52.576
UATOM THR           6      20.524      33.793
UATOM GLY           7       2.576      12.752
UATOM THR           8      20.104      33.907
UATOM TRP           9      52.311      40.969
UATOM TYR          10      44.655      36.651
UATOM ALA          11       7.162      25.053
UATOM GLN          12      26.159      31.826
UATOM LEU          13      23.082      51.947
UATOM GLY          14       2.781      12.250
UATOM SER          15      11.742      22.031
UATOM THR          16      20.525      34.373
UATOM PHE          17      35.603      35.878
UATOM ILE          18      24.314      50.649
UATOM VAL          19      19.197      42.593
UATOM THR          20      19.416      33.788
UATOM ALA          21       7.064      25.912
UATOM GLY          22       2.542      12.413
UATOM ALA          23       7.313      26.866
UATOM ASP          24      19.132      14.669
UATOM GLY          25       2.990      13.370
UATOM ALA          26       7.386      24.997
UATOM LEU          27      25.471      51.889
UATOM THR          28      18.857      34.153
UATOM GLY          29       2.803      12.620
UATOM THR          30      19.217      33.551
UATOM TYR          31      43.084      37.265
UATOM GLU          32      26.762      22.558
UATOM SER          33      11.341      21.176
UATOM ALA          34       5.668      25.348
UATOM VAL          35      16.760      44.013
UATOM GLY          36       2.705      11.432
UATOM ASN          37      21.764      25.092
UATOM ALA          38       7.078      25.708
UATOM GLU          39      27.841      22.712
UATOM SER          40      12.226      20.736
UATOM ARG          41      44.282      57.377
UATOM TYR          42      45.029      37.859
UATOM VAL          43      19.961      43.510
UATOM LEU          44      25.480      52.721
UATOM THR          45      18.360      35.072
UATOM GLY          46       2.552      13.721
UATOM ARG          47      47.391      58.518
UATOM TYR          48      44.652      38.285
UATOM ASP          49      24.459      16.341
UATOM SER          50      12.035      21.798
UATOM ALA          51       6.668      23.704
UATOM PRO          52      13.818      26.943
UATOM ALA          53       7.030      24.826
UATOM THR          54      18.116      35.172
UATOM ASP          55      21.442      14.395
UATOM GLY          56       2.792      14.006
UATOM SER          57      12.991      20.817
UATOM GLY          58       2.839      13.204
UATOM THR          59      20.236      34.978
UATOM ALA          60       7.170      26.261
UATOM LEU          61      25.148      52.324
UATOM GLY          62       2.791      13.461
UATOM TRP          63      52.936      42.148
UATOM THR          64      20.944      33.766
UATOM VAL          65      20.018      43.705
UATOM ALA          66       7.311      25.835
UATOM TRP          67      52.202      41.873
UATOM LYS          68      30.416      53.374
UATOM ASN          69      24.013      26.026
UATOM ASN          70      20.922      26.846
UATOM TYR          71      41.591      37.161
UATOM ARG          72      41.472      55.641
UATOM ASN          73      24.794      27.667
UATOM ALA          74       6.746      24.038
UATOM HID          75      29.751      30.283
UATOM SER          76      12.926      22.347
UATOM ALA          77       7.367      24.784
UATOM THR          78      20.106      35.874
UATOM THR          79      19.159      34.839
UATOM TRP          80      51.363      42.336
UATOM SER          81      12.369      23.438
UATOM GLY          82       2.786      13.173
UATOM GLN          83      29.793      34.376
UATOM TYR          84      42.945      37.661
UATOM VAL          85      19.316      43.214
UATOM GLY          86       2.521      13.061
UATOM GLY          87       2.521      13.299
UATOM ALA          88       7.022      25.424
UATOM GLU          89      25.194      23.048
UATOM ALA          90       6.812      24.479
UATOM ARG          91      40.960      55.679
UATOM ILE          92      25.653      51.176
UATOM ASN          93      21.759      26.337
UATOM THR          94      19.949      34.385
UATOM GLN          95      31.564      35.646
UATOM TRP          96      52.611      42.022
UATOM LEU          97      27.118      51.572
UATOM LEU          98      26.846      53.193
UATOM THR          99      20.138      35.236
UATOM SER         100      12.977      21.765
UATOM GLY         101       2.490      13.618
UATOM THR         102      19.586      36.664
UATOM THR         103      19.686      35.613
UATOM GLU         104      24.863      22.772
UATOM ALA         105       7.010      25.759
UATOM ASN         106      22.907      27.033
UATOM ALA         107       7.048      25.701
UATOM TRP         108      50.423      39.875
UATOM LYS         109      30.663      53.987
UATOM SER         110      12.826      23.607
UATOM THR         111      20.451      35.796
UATOM LEU         112      26.494      51.532
UATOM VAL         113      19.441      43.666
UATOM GLY         114       2.778      13.324
UATOM HID         115      30.820      30.678
UATOM ASP         116      22.305      15.955
UATOM THR         117      19.803      34.442
UATOM PHE         118      34.709      37.403
UATOM THR         119      19.096      34.075
UATOM LYS         120      29.672      53.031
UATOM VAL         121      17.762      44.654
UATOM LYS         122      27.323      52.527
UATOM PRO         123      12.092      26.345
UATOM SER         124       9.805      19.704
UATOM ALA         125       5.419      24.647
UATOM ALA         126       5.302      24.369
UATOM CSER        127      14.296      20.166
____________________________________________________________
Total Entropy FF (UA level) :        2540.413 J/mol/K
Total Entropy TT (UA level) :        3983.602 J/mol/K
------------------------------------------------------------
____________________________________________________________
Total Entropy                            :        6524.014
------------------------------------------------------------
