------------------------------------------------------------
Topographical entropy of residue side chains 
computed using all the dihedrals with AEM method
------------------------------------------------------------
Residue Topographical Entropy from AEM (NALA 1) : 1.9700
Residue Topographical Entropy from AEM (GLU 2) : 23.4647
Residue Topographical Entropy from AEM (ALA 3) : -0.0000
Residue Topographical Entropy from AEM (GLY 4) : -0.0000
Residue Topographical Entropy from AEM (ILE 5) : 2.0363
Residue Topographical Entropy from AEM (THR 6) : 1.7489
Residue Topographical Entropy from AEM (GLY 7) : -0.0000
Residue Topographical Entropy from AEM (THR 8) : 2.0885
Residue Topographical Entropy from AEM (TRP 9) : 39.8000
Residue Topographical Entropy from AEM (TYR 10) : 24.7930
Residue Topographical Entropy from AEM (ALA 11) : -0.0000
Residue Topographical Entropy from AEM (GLN 12) : 14.0469
Residue Topographical Entropy from AEM (LEU 13) : 8.0719
Residue Topographical Entropy from AEM (GLY 14) : -0.0000
Residue Topographical Entropy from AEM (SER 15) : 8.0957
Residue Topographical Entropy from AEM (THR 16) : 1.2624
Residue Topographical Entropy from AEM (PHE 17) : 9.6997
Residue Topographical Entropy from AEM (ILE 18) : 7.2133
Residue Topographical Entropy from AEM (VAL 19) : 9.0002
Residue Topographical Entropy from AEM (THR 20) : 5.8354
Residue Topographical Entropy from AEM (ALA 21) : -0.0000
Residue Topographical Entropy from AEM (GLY 22) : -0.0000
Residue Topographical Entropy from AEM (ALA 23) : -0.0000
Residue Topographical Entropy from AEM (ASP 24) : 11.8038
Residue Topographical Entropy from AEM (GLY 25) : -0.0000
Residue Topographical Entropy from AEM (ALA 26) : -0.0000
Residue Topographical Entropy from AEM (LEU 27) : 8.9024
Residue Topographical Entropy from AEM (THR 28) : 8.5877
Residue Topographical Entropy from AEM (GLY 29) : -0.0000
Residue Topographical Entropy from AEM (THR 30) : 6.3894
Residue Topographical Entropy from AEM (TYR 31) : 24.0685
Residue Topographical Entropy from AEM (GLU 32) : 21.4956
Residue Topographical Entropy from AEM (SER 33) : 6.4686
Residue Topographical Entropy from AEM (ALA 34) : -0.0000
Residue Topographical Entropy from AEM (VAL 35) : 8.9357
Residue Topographical Entropy from AEM (GLY 36) : -0.0000
Residue Topographical Entropy from AEM (ASN 37) : 13.2827
Residue Topographical Entropy from AEM (ALA 38) : -0.0000
Residue Topographical Entropy from AEM (GLU 39) : 15.8298
Residue Topographical Entropy from AEM (SER 40) : 8.2460
Residue Topographical Entropy from AEM (ARG 41) : 12.6771
Residue Topographical Entropy from AEM (TYR 42) : 24.5274
Residue Topographical Entropy from AEM (VAL 43) : 6.0502
Residue Topographical Entropy from AEM (LEU 44) : 11.2692
Residue Topographical Entropy from AEM (THR 45) : 7.7531
Residue Topographical Entropy from AEM (GLY 46) : -0.0000
Residue Topographical Entropy from AEM (ARG 47) : 0.5413
Residue Topographical Entropy from AEM (TYR 48) : 21.1488
Residue Topographical Entropy from AEM (ASP 49) : 0.3586
Residue Topographical Entropy from AEM (SER 50) : 2.2181
Residue Topographical Entropy from AEM (ALA 51) : -0.0000
Residue Topographical Entropy from AEM (PRO 52) : 8.6280
Residue Topographical Entropy from AEM (ALA 53) : -0.0000
Residue Topographical Entropy from AEM (THR 54) : 6.6867
Residue Topographical Entropy from AEM (ASP 55) : 6.6861
Residue Topographical Entropy from AEM (GLY 56) : -0.0000
Residue Topographical Entropy from AEM (SER 57) : 2.3661
Residue Topographical Entropy from AEM (GLY 58) : -0.0000
Residue Topographical Entropy from AEM (THR 59) : 0.1857
Residue Topographical Entropy from AEM (ALA 60) : -0.0000
Residue Topographical Entropy from AEM (LEU 61) : 6.4131
Residue Topographical Entropy from AEM (GLY 62) : -0.0000
Residue Topographical Entropy from AEM (TRP 63) : 19.1751
Residue Topographical Entropy from AEM (THR 64) : -0.0000
Residue Topographical Entropy from AEM (VAL 65) : 0.0461
Residue Topographical Entropy from AEM (ALA 66) : -0.0000
Residue Topographical Entropy from AEM (TRP 67) : 12.1673
Residue Topographical Entropy from AEM (LYS 68) : 25.0654
Residue Topographical Entropy from AEM (ASN 69) : 4.3371
Residue Topographical Entropy from AEM (ASN 70) : 13.1608
Residue Topographical Entropy from AEM (TYR 71) : 33.5508
Residue Topographical Entropy from AEM (ARG 72) : 21.8071
Residue Topographical Entropy from AEM (ASN 73) : 8.0715
Residue Topographical Entropy from AEM (ALA 74) : -0.0000
Residue Topographical Entropy from AEM (HID 75) : 29.6917
Residue Topographical Entropy from AEM (SER 76) : 6.8657
Residue Topographical Entropy from AEM (ALA 77) : -0.0000
Residue Topographical Entropy from AEM (THR 78) : -0.0000
Residue Topographical Entropy from AEM (THR 79) : 5.6572
Residue Topographical Entropy from AEM (TRP 80) : -0.0000
Residue Topographical Entropy from AEM (SER 81) : 0.0936
Residue Topographical Entropy from AEM (GLY 82) : -0.0000
Residue Topographical Entropy from AEM (GLN 83) : 7.7948
Residue Topographical Entropy from AEM (TYR 84) : 26.4834
Residue Topographical Entropy from AEM (VAL 85) : 2.1750
Residue Topographical Entropy from AEM (GLY 86) : -0.0000
Residue Topographical Entropy from AEM (GLY 87) : -0.0000
Residue Topographical Entropy from AEM (ALA 88) : -0.0000
Residue Topographical Entropy from AEM (GLU 89) : 16.6157
Residue Topographical Entropy from AEM (ALA 90) : -0.0000
Residue Topographical Entropy from AEM (ARG 91) : 17.7979
Residue Topographical Entropy from AEM (ILE 92) : 0.4909
Residue Topographical Entropy from AEM (ASN 93) : 4.5530
Residue Topographical Entropy from AEM (THR 94) : 5.2669
Residue Topographical Entropy from AEM (GLN 95) : 5.2540
Residue Topographical Entropy from AEM (TRP 96) : -0.0000
Residue Topographical Entropy from AEM (LEU 97) : 2.6768
Residue Topographical Entropy from AEM (LEU 98) : 0.7715
Residue Topographical Entropy from AEM (THR 99) : -0.0000
Residue Topographical Entropy from AEM (SER 100) : 8.7719
Residue Topographical Entropy from AEM (GLY 101) : -0.0000
Residue Topographical Entropy from AEM (THR 102) : 8.4348
Residue Topographical Entropy from AEM (THR 103) : 3.4448
Residue Topographical Entropy from AEM (GLU 104) : 25.3028
Residue Topographical Entropy from AEM (ALA 105) : -0.0000
Residue Topographical Entropy from AEM (ASN 106) : 4.2227
Residue Topographical Entropy from AEM (ALA 107) : -0.0000
Residue Topographical Entropy from AEM (TRP 108) : -0.0000
Residue Topographical Entropy from AEM (LYS 109) : 17.6593
Residue Topographical Entropy from AEM (SER 110) : 5.5638
Residue Topographical Entropy from AEM (THR 111) : 0.1370
Residue Topographical Entropy from AEM (LEU 112) : 2.6180
Residue Topographical Entropy from AEM (VAL 113) : -0.0000
Residue Topographical Entropy from AEM (GLY 114) : -0.0000
Residue Topographical Entropy from AEM (HID 115) : 5.5169
Residue Topographical Entropy from AEM (ASP 116) : 5.7515
Residue Topographical Entropy from AEM (THR 117) : 3.0258
Residue Topographical Entropy from AEM (PHE 118) : 0.4106
Residue Topographical Entropy from AEM (THR 119) : 5.8648
Residue Topographical Entropy from AEM (LYS 120) : 14.6441
Residue Topographical Entropy from AEM (VAL 121) : 5.7519
Residue Topographical Entropy from AEM (LYS 122) : 20.2089
Residue Topographical Entropy from AEM (PRO 123) : 8.1575
Residue Topographical Entropy from AEM (SER 124) : 8.7222
Residue Topographical Entropy from AEM (ALA 125) : -0.0000
Residue Topographical Entropy from AEM (ALA 126) : -0.0000
Residue Topographical Entropy from AEM (CSER 127) : 11.3500
____________________________________________________________
Total Topog. Entropy (AEM)               :         845.776
------------------------------------------------------------
____________________________________________________________
Total Entropy                            :         845.776
------------------------------------------------------------
