------------------------------------------------------------
            Hierarchy level. --> United Atom <--            
------------------------------------------------------------
      RESNAME   RESID  FF_ENTROPY  TT_ENTROPY
UATOM NALA          1       9.045      37.903
UATOM GLU           2      21.650      20.494
UATOM ALA           3       5.393      24.781
UATOM GLY           4       2.303      11.605
UATOM ILE           5      24.732      50.825
UATOM THR           6      18.952      32.807
UATOM GLY           7       2.667      12.562
UATOM THR           8      17.973      33.115
UATOM TRP           9      46.116      38.661
UATOM TYR          10      39.234      35.507
UATOM ALA          11       6.603      21.700
UATOM GLN          12      24.959      32.857
UATOM LEU          13      24.204      50.126
UATOM GLY          14       2.553      11.945
UATOM SER          15      11.117      20.412
UATOM THR          16      18.317      33.592
UATOM PHE          17      30.659      34.139
UATOM ILE          18      24.004      50.482
UATOM VAL          19      18.036      43.230
UATOM THR          20      18.194      32.639
UATOM ALA          21       6.238      25.393
UATOM GLY          22       2.623      13.023
UATOM ALA          23       6.499      25.395
UATOM ASP          24      18.208      14.443
UATOM GLY          25       2.724      12.135
UATOM ALA          26       6.647      24.846
UATOM LEU          27      22.944      51.274
UATOM THR          28      18.343      33.672
UATOM GLY          29       2.804      12.116
UATOM THR          30      18.834      33.880
UATOM TYR          31      39.867      34.722
UATOM GLU          32      25.390      21.301
UATOM SER          33      10.996      21.323
UATOM ALA          34       6.087      24.106
UATOM VAL          35      17.088      43.545
UATOM GLY          36       2.601      11.904
UATOM ASN          37      21.135      24.439
UATOM ALA          38       6.444      25.082
UATOM GLU          39      23.528      22.142
UATOM SER          40      11.435      20.734
UATOM ARG          41      42.118      57.559
UATOM TYR          42      38.758      36.472
UATOM VAL          43      17.433      43.666
UATOM LEU          44      24.737      49.009
UATOM THR          45      18.517      34.743
UATOM GLY          46       2.747      13.524
UATOM ARG          47      43.624      56.965
UATOM TYR          48      39.114      37.413
UATOM ASP          49      21.055      15.155
UATOM SER          50      11.401      21.721
UATOM ALA          51       6.227      23.817
UATOM PRO          52      12.540      26.098
UATOM ALA          53       6.160      24.589
UATOM THR          54      17.156      33.804
UATOM ASP          55      17.927      14.630
UATOM GLY          56       2.560      13.069
UATOM SER          57      11.339      19.543
UATOM GLY          58       2.298      12.892
UATOM THR          59      17.516      33.386
UATOM ALA          60       7.066      24.574
UATOM LEU          61      24.428      50.539
UATOM GLY          62       2.650      13.335
UATOM TRP          63      44.185      40.283
UATOM THR          64      17.905      33.495
UATOM VAL          65      18.234      43.146
UATOM ALA          66       7.036      24.985
UATOM TRP          67      43.846      39.412
UATOM LYS          68      28.262      51.626
UATOM ASN          69      22.235      24.758
UATOM ASN          70      19.851      25.836
UATOM TYR          71      37.997      35.945
UATOM ARG          72      39.324      56.093
UATOM ASN          73      22.795      25.303
UATOM ALA          74       6.481      24.423
UATOM HID          75      27.833      28.875
UATOM SER          76      11.693      21.530
UATOM ALA          77       6.373      25.550
UATOM THR          78      18.654      34.930
UATOM THR          79      19.229      36.370
UATOM TRP          80      45.135      38.904
UATOM SER          81      11.778      21.070
UATOM GLY          82       2.620      12.434
UATOM GLN          83      27.589      31.972
UATOM TYR          84      38.971      35.823
UATOM VAL          85      18.265      42.306
UATOM GLY          86       2.259      12.130
UATOM GLY          87       2.402      12.824
UATOM ALA          88       6.512      25.195
UATOM GLU          89      23.510      21.512
UATOM ALA          90       6.470      25.088
UATOM ARG          91      39.713      53.344
UATOM ILE          92      24.083      50.636
UATOM ASN          93      20.466      25.398
UATOM THR          94      18.639      32.996
UATOM GLN          95      29.362      33.645
UATOM TRP          96      44.199      38.695
UATOM LEU          97      24.897      51.781
UATOM LEU          98      24.690      51.892
UATOM THR          99      19.121      34.759
UATOM SER         100      11.477      21.416
UATOM GLY         101       2.717      12.290
UATOM THR         102      18.484      34.486
UATOM THR         103      18.265      33.756
UATOM GLU         104      25.271      22.149
UATOM ALA         105       6.268      25.168
UATOM ASN         106      21.731      27.412
UATOM ALA         107       6.619      25.392
UATOM TRP         108      44.257      38.060
UATOM LYS         109      27.466      52.183
UATOM SER         110      11.378      21.825
UATOM THR         111      18.949      35.318
UATOM LEU         112      23.934      51.213
UATOM VAL         113      17.789      42.725
UATOM GLY         114       2.630      11.747
UATOM HID         115      26.849      27.823
UATOM ASP         116      20.415      14.424
UATOM THR         117      17.959      34.497
UATOM PHE         118      31.455      34.483
UATOM THR         119      17.746      34.013
UATOM LYS         120      27.861      51.335
UATOM VAL         121      17.752      43.988
UATOM LYS         122      26.671      50.218
UATOM PRO         123      12.092      25.955
UATOM SER         124      10.056      20.115
UATOM ALA         125       6.099      25.354
UATOM ALA         126       6.651      26.400
UATOM CSER        127      20.087      20.289
____________________________________________________________
Total Entropy FF (UA level) :        2346.056 J/mol/K
Total Entropy TT (UA level) :        3870.361 J/mol/K
------------------------------------------------------------
____________________________________________________________
Total Entropy                            :        6216.417
------------------------------------------------------------
