------------------------------------------------------------
Topographical entropy of residue side chains 
computed using all the dihedrals with correlation/pLogp formalism
------------------------------------------------------------
Side Chain Topographical Entropy from corr. pLogP method (NALA 1) : -0.0000
Side Chain Topographical Entropy from corr. pLogP method (GLU 2) : 22.1386
Side Chain Topographical Entropy from corr. pLogP method (ALA 3) : -0.0000
Side Chain Topographical Entropy from corr. pLogP method (GLY 4) : -0.0000
Side Chain Topographical Entropy from corr. pLogP method (ILE 5) : 3.6872
Side Chain Topographical Entropy from corr. pLogP method (THR 6) : 0.3807
Side Chain Topographical Entropy from corr. pLogP method (GLY 7) : -0.0000
Side Chain Topographical Entropy from corr. pLogP method (THR 8) : 2.3825
Side Chain Topographical Entropy from corr. pLogP method (TRP 9) : -0.0000
Side Chain Topographical Entropy from corr. pLogP method (TYR 10) : 5.1839
Side Chain Topographical Entropy from corr. pLogP method (ALA 11) : -0.0000
Side Chain Topographical Entropy from corr. pLogP method (GLN 12) : 21.3872
Side Chain Topographical Entropy from corr. pLogP method (LEU 13) : 6.9701
Side Chain Topographical Entropy from corr. pLogP method (GLY 14) : -0.0000
Side Chain Topographical Entropy from corr. pLogP method (SER 15) : 7.3482
Side Chain Topographical Entropy from corr. pLogP method (THR 16) : 6.6754
Side Chain Topographical Entropy from corr. pLogP method (PHE 17) : 0.7362
Side Chain Topographical Entropy from corr. pLogP method (ILE 18) : 9.3547
Side Chain Topographical Entropy from corr. pLogP method (VAL 19) : 6.8559
Side Chain Topographical Entropy from corr. pLogP method (THR 20) : 7.7278
Side Chain Topographical Entropy from corr. pLogP method (ALA 21) : -0.0000
Side Chain Topographical Entropy from corr. pLogP method (GLY 22) : -0.0000
Side Chain Topographical Entropy from corr. pLogP method (ALA 23) : -0.0000
Side Chain Topographical Entropy from corr. pLogP method (ASP 24) : 15.4849
Side Chain Topographical Entropy from corr. pLogP method (GLY 25) : -0.0000
Side Chain Topographical Entropy from corr. pLogP method (ALA 26) : -0.0000
Side Chain Topographical Entropy from corr. pLogP method (LEU 27) : 10.9994
Side Chain Topographical Entropy from corr. pLogP method (THR 28) : 8.7248
Side Chain Topographical Entropy from corr. pLogP method (GLY 29) : -0.0000
Side Chain Topographical Entropy from corr. pLogP method (THR 30) : 7.5527
Side Chain Topographical Entropy from corr. pLogP method (TYR 31) : 3.4592
Side Chain Topographical Entropy from corr. pLogP method (GLU 32) : 16.3991
Side Chain Topographical Entropy from corr. pLogP method (SER 33) : 8.3260
Side Chain Topographical Entropy from corr. pLogP method (ALA 34) : -0.0000
Side Chain Topographical Entropy from corr. pLogP method (VAL 35) : 7.5037
Side Chain Topographical Entropy from corr. pLogP method (GLY 36) : -0.0000
Side Chain Topographical Entropy from corr. pLogP method (ASN 37) : 10.7337
Side Chain Topographical Entropy from corr. pLogP method (ALA 38) : -0.0000
Side Chain Topographical Entropy from corr. pLogP method (GLU 39) : 21.4397
Side Chain Topographical Entropy from corr. pLogP method (SER 40) : 6.2358
Side Chain Topographical Entropy from corr. pLogP method (ARG 41) : 10.4297
Side Chain Topographical Entropy from corr. pLogP method (TYR 42) : 0.0461
Side Chain Topographical Entropy from corr. pLogP method (VAL 43) : 0.8983
Side Chain Topographical Entropy from corr. pLogP method (LEU 44) : 1.2849
Side Chain Topographical Entropy from corr. pLogP method (THR 45) : 4.1746
Side Chain Topographical Entropy from corr. pLogP method (GLY 46) : -0.0000
Side Chain Topographical Entropy from corr. pLogP method (ARG 47) : 0.2470
Side Chain Topographical Entropy from corr. pLogP method (TYR 48) : 3.7485
Side Chain Topographical Entropy from corr. pLogP method (ASP 49) : 8.4915
Side Chain Topographical Entropy from corr. pLogP method (SER 50) : 1.8511
Side Chain Topographical Entropy from corr. pLogP method (ALA 51) : -0.0000
Side Chain Topographical Entropy from corr. pLogP method (PRO 52) : 13.9246
Side Chain Topographical Entropy from corr. pLogP method (ALA 53) : -0.0000
Side Chain Topographical Entropy from corr. pLogP method (THR 54) : 6.6801
Side Chain Topographical Entropy from corr. pLogP method (ASP 55) : 15.8415
Side Chain Topographical Entropy from corr. pLogP method (GLY 56) : -0.0000
Side Chain Topographical Entropy from corr. pLogP method (SER 57) : 8.4599
Side Chain Topographical Entropy from corr. pLogP method (GLY 58) : -0.0000
Side Chain Topographical Entropy from corr. pLogP method (THR 59) : 0.2091
Side Chain Topographical Entropy from corr. pLogP method (ALA 60) : -0.0000
Side Chain Topographical Entropy from corr. pLogP method (LEU 61) : 8.0520
Side Chain Topographical Entropy from corr. pLogP method (GLY 62) : -0.0000
Side Chain Topographical Entropy from corr. pLogP method (TRP 63) : 0.0250
Side Chain Topographical Entropy from corr. pLogP method (THR 64) : 3.0639
Side Chain Topographical Entropy from corr. pLogP method (VAL 65) : -0.0000
Side Chain Topographical Entropy from corr. pLogP method (ALA 66) : -0.0000
Side Chain Topographical Entropy from corr. pLogP method (TRP 67) : 0.0269
Side Chain Topographical Entropy from corr. pLogP method (LYS 68) : 15.9164
Side Chain Topographical Entropy from corr. pLogP method (ASN 69) : 5.5719
Side Chain Topographical Entropy from corr. pLogP method (ASN 70) : 15.2448
Side Chain Topographical Entropy from corr. pLogP method (TYR 71) : 6.0310
Side Chain Topographical Entropy from corr. pLogP method (ARG 72) : 14.6075
Side Chain Topographical Entropy from corr. pLogP method (ASN 73) : 3.3123
Side Chain Topographical Entropy from corr. pLogP method (ALA 74) : -0.0000
Side Chain Topographical Entropy from corr. pLogP method (HID 75) : 2.9873
Side Chain Topographical Entropy from corr. pLogP method (SER 76) : 5.1199
Side Chain Topographical Entropy from corr. pLogP method (ALA 77) : -0.0000
Side Chain Topographical Entropy from corr. pLogP method (THR 78) : 0.0134
Side Chain Topographical Entropy from corr. pLogP method (THR 79) : 4.3518
Side Chain Topographical Entropy from corr. pLogP method (TRP 80) : 2.3392
Side Chain Topographical Entropy from corr. pLogP method (SER 81) : 2.9344
Side Chain Topographical Entropy from corr. pLogP method (GLY 82) : -0.0000
Side Chain Topographical Entropy from corr. pLogP method (GLN 83) : 9.9261
Side Chain Topographical Entropy from corr. pLogP method (TYR 84) : 0.0250
Side Chain Topographical Entropy from corr. pLogP method (VAL 85) : 1.9861
Side Chain Topographical Entropy from corr. pLogP method (GLY 86) : -0.0000
Side Chain Topographical Entropy from corr. pLogP method (GLY 87) : -0.0000
Side Chain Topographical Entropy from corr. pLogP method (ALA 88) : -0.0000
Side Chain Topographical Entropy from corr. pLogP method (GLU 89) : 21.3513
Side Chain Topographical Entropy from corr. pLogP method (ALA 90) : -0.0000
Side Chain Topographical Entropy from corr. pLogP method (ARG 91) : 9.4610
Side Chain Topographical Entropy from corr. pLogP method (ILE 92) : 0.2615
Side Chain Topographical Entropy from corr. pLogP method (ASN 93) : 8.1053
Side Chain Topographical Entropy from corr. pLogP method (THR 94) : 3.7794
Side Chain Topographical Entropy from corr. pLogP method (GLN 95) : 11.5427
Side Chain Topographical Entropy from corr. pLogP method (TRP 96) : 0.7716
Side Chain Topographical Entropy from corr. pLogP method (LEU 97) : 0.1948
Side Chain Topographical Entropy from corr. pLogP method (LEU 98) : 1.1443
Side Chain Topographical Entropy from corr. pLogP method (THR 99) : -0.0000
Side Chain Topographical Entropy from corr. pLogP method (SER 100) : 8.4712
Side Chain Topographical Entropy from corr. pLogP method (GLY 101) : -0.0000
Side Chain Topographical Entropy from corr. pLogP method (THR 102) : 2.6605
Side Chain Topographical Entropy from corr. pLogP method (THR 103) : 4.4924
Side Chain Topographical Entropy from corr. pLogP method (GLU 104) : 21.8461
Side Chain Topographical Entropy from corr. pLogP method (ALA 105) : -0.0000
Side Chain Topographical Entropy from corr. pLogP method (ASN 106) : 4.1099
Side Chain Topographical Entropy from corr. pLogP method (ALA 107) : -0.0000
Side Chain Topographical Entropy from corr. pLogP method (TRP 108) : 5.7933
Side Chain Topographical Entropy from corr. pLogP method (LYS 109) : 13.1217
Side Chain Topographical Entropy from corr. pLogP method (SER 110) : 1.0856
Side Chain Topographical Entropy from corr. pLogP method (THR 111) : -0.0000
Side Chain Topographical Entropy from corr. pLogP method (LEU 112) : 1.5282
Side Chain Topographical Entropy from corr. pLogP method (VAL 113) : -0.0000
Side Chain Topographical Entropy from corr. pLogP method (GLY 114) : -0.0000
Side Chain Topographical Entropy from corr. pLogP method (HID 115) : 8.5653
Side Chain Topographical Entropy from corr. pLogP method (ASP 116) : 9.0166
Side Chain Topographical Entropy from corr. pLogP method (THR 117) : 4.8203
Side Chain Topographical Entropy from corr. pLogP method (PHE 118) : 0.0134
Side Chain Topographical Entropy from corr. pLogP method (THR 119) : 5.5213
Side Chain Topographical Entropy from corr. pLogP method (LYS 120) : 13.7850
Side Chain Topographical Entropy from corr. pLogP method (VAL 121) : 5.0628
Side Chain Topographical Entropy from corr. pLogP method (LYS 122) : 20.0898
Side Chain Topographical Entropy from corr. pLogP method (PRO 123) : 14.2977
Side Chain Topographical Entropy from corr. pLogP method (SER 124) : 7.8518
Side Chain Topographical Entropy from corr. pLogP method (ALA 125) : -0.0000
Side Chain Topographical Entropy from corr. pLogP method (ALA 126) : -0.0000
Side Chain Topographical Entropy from corr. pLogP method (CSER 127) : 4.9475
____________________________________________________________
Total SC Topog. Entropy (corr. pLogP)    :         609.202
------------------------------------------------------------
____________________________________________________________
Total BB Topog. Entropy (corr. pLogP)    :          20.070
------------------------------------------------------------
____________________________________________________________
Total Entropy                            :         629.271
------------------------------------------------------------
