------------------------------------------------------------
            Hierarchy level. --> United Atom <--            
------------------------------------------------------------
      RESNAME   RESID  FF_ENTROPY  TT_ENTROPY
UATOM NALA          1       8.976      37.825
UATOM GLU           2      21.485      21.087
UATOM ALA           3       5.145      24.299
UATOM GLY           4       2.267      11.372
UATOM ILE           5      21.639      50.666
UATOM THR           6      17.873      33.647
UATOM GLY           7       2.241      11.664
UATOM THR           8      16.853      33.283
UATOM TRP           9      37.712      37.396
UATOM TYR          10      34.204      34.919
UATOM ALA          11       6.006      23.159
UATOM GLN          12      23.621      32.187
UATOM LEU          13      21.280      50.617
UATOM GLY          14       2.246      11.588
UATOM SER          15       9.800      19.986
UATOM THR          16      17.071      33.620
UATOM PHE          17      24.916      32.397
UATOM ILE          18      22.041      50.428
UATOM VAL          19      15.988      42.075
UATOM THR          20      16.863      33.107
UATOM ALA          21       5.307      25.393
UATOM GLY          22       2.155      11.810
UATOM ALA          23       5.667      24.763
UATOM ASP          24      16.539      14.298
UATOM GLY          25       2.559      12.221
UATOM ALA          26       5.873      24.461
UATOM LEU          27      21.366      49.702
UATOM THR          28      16.528      33.195
UATOM GLY          29       2.273      11.363
UATOM THR          30      17.539      32.221
UATOM TYR          31      32.814      35.289
UATOM GLU          32      22.998      21.312
UATOM SER          33       9.693      19.953
UATOM ALA          34       5.387      24.749
UATOM VAL          35      15.853      43.246
UATOM GLY          36       2.266      11.729
UATOM ASN          37      18.610      24.425
UATOM ALA          38       5.329      24.699
UATOM GLU          39      22.043      21.806
UATOM SER          40      10.290      19.909
UATOM ARG          41      36.513      53.230
UATOM TYR          42      33.422      34.847
UATOM VAL          43      16.167      42.899
UATOM LEU          44      22.469      48.438
UATOM THR          45      16.828      34.415
UATOM GLY          46       2.673      11.434
UATOM ARG          47      39.338      53.706
UATOM TYR          48      32.930      34.401
UATOM ASP          49      18.161      14.092
UATOM SER          50       9.744      19.971
UATOM ALA          51       5.858      23.425
UATOM PRO          52      11.431      26.503
UATOM ALA          53       5.924      25.260
UATOM THR          54      17.105      33.624
UATOM ASP          55      16.907      14.233
UATOM GLY          56       2.345      11.821
UATOM SER          57       9.774      19.587
UATOM GLY          58       2.202      11.613
UATOM THR          59      17.097      32.846
UATOM ALA          60       5.995      25.027
UATOM LEU          61      21.442      49.297
UATOM GLY          62       2.391      11.660
UATOM TRP          63      37.965      37.436
UATOM THR          64      17.118      31.799
UATOM VAL          65      16.764      42.298
UATOM ALA          66       6.059      23.264
UATOM TRP          67      36.885      36.325
UATOM LYS          68      25.589      52.878
UATOM ASN          69      20.192      25.485
UATOM ASN          70      18.706      25.505
UATOM TYR          71      34.252      35.873
UATOM ARG          72      35.369      54.703
UATOM ASN          73      18.936      24.243
UATOM ALA          74       5.650      25.207
UATOM HID          75      21.470      25.841
UATOM SER          76       9.981      20.366
UATOM ALA          77       5.980      24.296
UATOM THR          78      16.885      31.608
UATOM THR          79      17.669      34.107
UATOM TRP          80      36.857      36.725
UATOM SER          81      10.223      19.921
UATOM GLY          82       2.442      11.019
UATOM GLN          83      25.128      32.408
UATOM TYR          84      32.410      35.446
UATOM VAL          85      16.423      42.529
UATOM GLY          86       2.159      11.694
UATOM GLY          87       2.350      11.526
UATOM ALA          88       6.003      25.023
UATOM GLU          89      22.641      21.265
UATOM ALA          90       5.737      24.029
UATOM ARG          91      36.663      53.403
UATOM ILE          92      21.806      50.133
UATOM ASN          93      19.862      25.761
UATOM THR          94      16.143      31.950
UATOM GLN          95      25.068      32.069
UATOM TRP          96      37.057      36.344
UATOM LEU          97      21.952      48.994
UATOM LEU          98      22.353      50.366
UATOM THR          99      17.229      33.299
UATOM SER         100      10.285      20.191
UATOM GLY         101       2.343      11.468
UATOM THR         102      16.543      33.306
UATOM THR         103      16.827      34.089
UATOM GLU         104      22.292      21.668
UATOM ALA         105       5.517      24.576
UATOM ASN         106      18.648      25.097
UATOM ALA         107       5.526      24.699
UATOM TRP         108      37.186      38.191
UATOM LYS         109      25.121      51.269
UATOM SER         110       9.892      20.790
UATOM THR         111      17.388      32.922
UATOM LEU         112      21.653      49.027
UATOM VAL         113      15.981      41.728
UATOM GLY         114       2.523      11.668
UATOM HID         115      22.333      26.320
UATOM ASP         116      18.090      13.920
UATOM THR         117      16.835      33.630
UATOM PHE         118      25.451      33.560
UATOM THR         119      16.138      33.616
UATOM LYS         120      25.431      50.292
UATOM VAL         121      16.232      43.033
UATOM LYS         122      25.042      50.766
UATOM PRO         123      10.725      26.282
UATOM SER         124       9.955      20.429
UATOM ALA         125       6.019      25.067
UATOM ALA         126       6.045      23.748
UATOM CSER        127      14.473      19.587
____________________________________________________________
Total Entropy FF (UA level) :        2082.501 J/mol/K
Total Entropy TT (UA level) :        3770.268 J/mol/K
------------------------------------------------------------
____________________________________________________________
Total Entropy                            :        5852.769
------------------------------------------------------------
