------------------------------------------------------------
Topographical entropy of residue side chains 
computed using all the dihedrals with AEM method
------------------------------------------------------------
Residue Topographical Entropy from AEM (NALA 1) : 1.2430
Residue Topographical Entropy from AEM (GLU 2) : 22.9653
Residue Topographical Entropy from AEM (ALA 3) : -0.0000
Residue Topographical Entropy from AEM (GLY 4) : -0.0000
Residue Topographical Entropy from AEM (ILE 5) : 2.0776
Residue Topographical Entropy from AEM (THR 6) : 0.0134
Residue Topographical Entropy from AEM (GLY 7) : -0.0000
Residue Topographical Entropy from AEM (THR 8) : 0.8787
Residue Topographical Entropy from AEM (TRP 9) : 36.5859
Residue Topographical Entropy from AEM (TYR 10) : 28.4472
Residue Topographical Entropy from AEM (ALA 11) : -0.0000
Residue Topographical Entropy from AEM (GLN 12) : 18.3647
Residue Topographical Entropy from AEM (LEU 13) : 11.2877
Residue Topographical Entropy from AEM (GLY 14) : -0.0000
Residue Topographical Entropy from AEM (SER 15) : 8.6394
Residue Topographical Entropy from AEM (THR 16) : 1.4673
Residue Topographical Entropy from AEM (PHE 17) : 27.2010
Residue Topographical Entropy from AEM (ILE 18) : 6.4712
Residue Topographical Entropy from AEM (VAL 19) : 0.9424
Residue Topographical Entropy from AEM (THR 20) : 5.7719
Residue Topographical Entropy from AEM (ALA 21) : -0.0000
Residue Topographical Entropy from AEM (GLY 22) : -0.0000
Residue Topographical Entropy from AEM (ALA 23) : -0.0000
Residue Topographical Entropy from AEM (ASP 24) : 11.2544
Residue Topographical Entropy from AEM (GLY 25) : -0.0000
Residue Topographical Entropy from AEM (ALA 26) : -0.0000
Residue Topographical Entropy from AEM (LEU 27) : 7.5408
Residue Topographical Entropy from AEM (THR 28) : 7.5745
Residue Topographical Entropy from AEM (GLY 29) : -0.0000
Residue Topographical Entropy from AEM (THR 30) : 5.7426
Residue Topographical Entropy from AEM (TYR 31) : 24.2021
Residue Topographical Entropy from AEM (GLU 32) : 11.6834
Residue Topographical Entropy from AEM (SER 33) : 3.1595
Residue Topographical Entropy from AEM (ALA 34) : -0.0000
Residue Topographical Entropy from AEM (VAL 35) : 5.0495
Residue Topographical Entropy from AEM (GLY 36) : -0.0000
Residue Topographical Entropy from AEM (ASN 37) : 12.9443
Residue Topographical Entropy from AEM (ALA 38) : -0.0000
Residue Topographical Entropy from AEM (GLU 39) : 25.0356
Residue Topographical Entropy from AEM (SER 40) : 7.5732
Residue Topographical Entropy from AEM (ARG 41) : 14.0861
Residue Topographical Entropy from AEM (TYR 42) : 24.6470
Residue Topographical Entropy from AEM (VAL 43) : 7.1576
Residue Topographical Entropy from AEM (LEU 44) : 4.4448
Residue Topographical Entropy from AEM (THR 45) : 2.4828
Residue Topographical Entropy from AEM (GLY 46) : -0.0000
Residue Topographical Entropy from AEM (ARG 47) : 0.4128
Residue Topographical Entropy from AEM (TYR 48) : 23.7856
Residue Topographical Entropy from AEM (ASP 49) : 1.2124
Residue Topographical Entropy from AEM (SER 50) : 2.5834
Residue Topographical Entropy from AEM (ALA 51) : -0.0000
Residue Topographical Entropy from AEM (PRO 52) : 7.6717
Residue Topographical Entropy from AEM (ALA 53) : -0.0000
Residue Topographical Entropy from AEM (THR 54) : 8.3649
Residue Topographical Entropy from AEM (ASP 55) : 10.9372
Residue Topographical Entropy from AEM (GLY 56) : -0.0000
Residue Topographical Entropy from AEM (SER 57) : 8.0122
Residue Topographical Entropy from AEM (GLY 58) : -0.0000
Residue Topographical Entropy from AEM (THR 59) : 0.6307
Residue Topographical Entropy from AEM (ALA 60) : -0.0000
Residue Topographical Entropy from AEM (LEU 61) : 5.1177
Residue Topographical Entropy from AEM (GLY 62) : -0.0000
Residue Topographical Entropy from AEM (TRP 63) : 39.9748
Residue Topographical Entropy from AEM (THR 64) : 0.5034
Residue Topographical Entropy from AEM (VAL 65) : 0.5096
Residue Topographical Entropy from AEM (ALA 66) : -0.0000
Residue Topographical Entropy from AEM (TRP 67) : 43.3303
Residue Topographical Entropy from AEM (LYS 68) : 20.6244
Residue Topographical Entropy from AEM (ASN 69) : 12.3320
Residue Topographical Entropy from AEM (ASN 70) : 16.8974
Residue Topographical Entropy from AEM (TYR 71) : 33.8567
Residue Topographical Entropy from AEM (ARG 72) : 24.3835
Residue Topographical Entropy from AEM (ASN 73) : 4.8785
Residue Topographical Entropy from AEM (ALA 74) : -0.0000
Residue Topographical Entropy from AEM (HID 75) : 25.5884
Residue Topographical Entropy from AEM (SER 76) : 6.7822
Residue Topographical Entropy from AEM (ALA 77) : -0.0000
Residue Topographical Entropy from AEM (THR 78) : 0.1293
Residue Topographical Entropy from AEM (THR 79) : 1.5160
Residue Topographical Entropy from AEM (TRP 80) : 39.7651
Residue Topographical Entropy from AEM (SER 81) : 1.0032
Residue Topographical Entropy from AEM (GLY 82) : -0.0000
Residue Topographical Entropy from AEM (GLN 83) : 11.4848
Residue Topographical Entropy from AEM (TYR 84) : 25.5792
Residue Topographical Entropy from AEM (VAL 85) : 5.1332
Residue Topographical Entropy from AEM (GLY 86) : -0.0000
Residue Topographical Entropy from AEM (GLY 87) : -0.0000
Residue Topographical Entropy from AEM (ALA 88) : -0.0000
Residue Topographical Entropy from AEM (GLU 89) : 20.0520
Residue Topographical Entropy from AEM (ALA 90) : -0.0000
Residue Topographical Entropy from AEM (ARG 91) : 17.0201
Residue Topographical Entropy from AEM (ILE 92) : 1.8884
Residue Topographical Entropy from AEM (ASN 93) : 6.5423
Residue Topographical Entropy from AEM (THR 94) : 3.4403
Residue Topographical Entropy from AEM (GLN 95) : 7.7865
Residue Topographical Entropy from AEM (TRP 96) : 34.8583
Residue Topographical Entropy from AEM (LEU 97) : 2.3688
Residue Topographical Entropy from AEM (LEU 98) : 3.9816
Residue Topographical Entropy from AEM (THR 99) : 5.1781
Residue Topographical Entropy from AEM (SER 100) : 8.5908
Residue Topographical Entropy from AEM (GLY 101) : -0.0000
Residue Topographical Entropy from AEM (THR 102) : 7.3598
Residue Topographical Entropy from AEM (THR 103) : 2.9471
Residue Topographical Entropy from AEM (GLU 104) : 26.3904
Residue Topographical Entropy from AEM (ALA 105) : -0.0000
Residue Topographical Entropy from AEM (ASN 106) : 8.0206
Residue Topographical Entropy from AEM (ALA 107) : -0.0000
Residue Topographical Entropy from AEM (TRP 108) : 48.1281
Residue Topographical Entropy from AEM (LYS 109) : 18.9077
Residue Topographical Entropy from AEM (SER 110) : 2.7372
Residue Topographical Entropy from AEM (THR 111) : 1.7509
Residue Topographical Entropy from AEM (LEU 112) : 6.3051
Residue Topographical Entropy from AEM (VAL 113) : 1.8597
Residue Topographical Entropy from AEM (GLY 114) : -0.0000
Residue Topographical Entropy from AEM (HID 115) : 29.0624
Residue Topographical Entropy from AEM (ASP 116) : 5.7483
Residue Topographical Entropy from AEM (THR 117) : 7.5003
Residue Topographical Entropy from AEM (PHE 118) : 27.2766
Residue Topographical Entropy from AEM (THR 119) : 4.9620
Residue Topographical Entropy from AEM (LYS 120) : 13.5445
Residue Topographical Entropy from AEM (VAL 121) : 5.1886
Residue Topographical Entropy from AEM (LYS 122) : 20.0222
Residue Topographical Entropy from AEM (PRO 123) : 10.5360
Residue Topographical Entropy from AEM (SER 124) : 8.9608
Residue Topographical Entropy from AEM (ALA 125) : -0.0000
Residue Topographical Entropy from AEM (ALA 126) : -0.0000
Residue Topographical Entropy from AEM (CSER 127) : 7.4976
____________________________________________________________
Total Topog. Entropy (AEM)               :        1106.349
------------------------------------------------------------
____________________________________________________________
Total Entropy                            :        1106.349
------------------------------------------------------------
