------------------------------------------------------------
Topographical entropy of residue side chains 
computed using all the dihedrals with correlation/pLogp formalism
------------------------------------------------------------
Side Chain Topographical Entropy from corr. pLogP method (NALA 1) : -0.0000
Side Chain Topographical Entropy from corr. pLogP method (GLU 2) : 19.8303
Side Chain Topographical Entropy from corr. pLogP method (ALA 3) : -0.0000
Side Chain Topographical Entropy from corr. pLogP method (GLY 4) : -0.0000
Side Chain Topographical Entropy from corr. pLogP method (ILE 5) : 1.7255
Side Chain Topographical Entropy from corr. pLogP method (THR 6) : -0.0000
Side Chain Topographical Entropy from corr. pLogP method (GLY 7) : -0.0000
Side Chain Topographical Entropy from corr. pLogP method (THR 8) : 4.6010
Side Chain Topographical Entropy from corr. pLogP method (TRP 9) : -0.0000
Side Chain Topographical Entropy from corr. pLogP method (TYR 10) : 4.6023
Side Chain Topographical Entropy from corr. pLogP method (ALA 11) : -0.0000
Side Chain Topographical Entropy from corr. pLogP method (GLN 12) : 19.6425
Side Chain Topographical Entropy from corr. pLogP method (LEU 13) : 7.7520
Side Chain Topographical Entropy from corr. pLogP method (GLY 14) : -0.0000
Side Chain Topographical Entropy from corr. pLogP method (SER 15) : 5.2462
Side Chain Topographical Entropy from corr. pLogP method (THR 16) : 4.5331
Side Chain Topographical Entropy from corr. pLogP method (PHE 17) : 13.7706
Side Chain Topographical Entropy from corr. pLogP method (ILE 18) : 6.7981
Side Chain Topographical Entropy from corr. pLogP method (VAL 19) : 7.3539
Side Chain Topographical Entropy from corr. pLogP method (THR 20) : 5.4582
Side Chain Topographical Entropy from corr. pLogP method (ALA 21) : -0.0000
Side Chain Topographical Entropy from corr. pLogP method (GLY 22) : -0.0000
Side Chain Topographical Entropy from corr. pLogP method (ALA 23) : -0.0000
Side Chain Topographical Entropy from corr. pLogP method (ASP 24) : 14.5638
Side Chain Topographical Entropy from corr. pLogP method (GLY 25) : -0.0000
Side Chain Topographical Entropy from corr. pLogP method (ALA 26) : -0.0000
Side Chain Topographical Entropy from corr. pLogP method (LEU 27) : 8.8588
Side Chain Topographical Entropy from corr. pLogP method (THR 28) : 6.1325
Side Chain Topographical Entropy from corr. pLogP method (GLY 29) : -0.0000
Side Chain Topographical Entropy from corr. pLogP method (THR 30) : 8.4862
Side Chain Topographical Entropy from corr. pLogP method (TYR 31) : 6.3651
Side Chain Topographical Entropy from corr. pLogP method (GLU 32) : 18.3706
Side Chain Topographical Entropy from corr. pLogP method (SER 33) : 8.6709
Side Chain Topographical Entropy from corr. pLogP method (ALA 34) : -0.0000
Side Chain Topographical Entropy from corr. pLogP method (VAL 35) : 8.0239
Side Chain Topographical Entropy from corr. pLogP method (GLY 36) : -0.0000
Side Chain Topographical Entropy from corr. pLogP method (ASN 37) : 13.3578
Side Chain Topographical Entropy from corr. pLogP method (ALA 38) : -0.0000
Side Chain Topographical Entropy from corr. pLogP method (GLU 39) : 21.8513
Side Chain Topographical Entropy from corr. pLogP method (SER 40) : 3.7630
Side Chain Topographical Entropy from corr. pLogP method (ARG 41) : 10.3161
Side Chain Topographical Entropy from corr. pLogP method (TYR 42) : 0.0358
Side Chain Topographical Entropy from corr. pLogP method (VAL 43) : 0.6482
Side Chain Topographical Entropy from corr. pLogP method (LEU 44) : 1.4702
Side Chain Topographical Entropy from corr. pLogP method (THR 45) : 5.6990
Side Chain Topographical Entropy from corr. pLogP method (GLY 46) : -0.0000
Side Chain Topographical Entropy from corr. pLogP method (ARG 47) : 12.0573
Side Chain Topographical Entropy from corr. pLogP method (TYR 48) : 2.8571
Side Chain Topographical Entropy from corr. pLogP method (ASP 49) : 0.5947
Side Chain Topographical Entropy from corr. pLogP method (SER 50) : 0.6929
Side Chain Topographical Entropy from corr. pLogP method (ALA 51) : -0.0000
Side Chain Topographical Entropy from corr. pLogP method (PRO 52) : 8.3068
Side Chain Topographical Entropy from corr. pLogP method (ALA 53) : -0.0000
Side Chain Topographical Entropy from corr. pLogP method (THR 54) : 4.9954
Side Chain Topographical Entropy from corr. pLogP method (ASP 55) : 8.8537
Side Chain Topographical Entropy from corr. pLogP method (GLY 56) : -0.0000
Side Chain Topographical Entropy from corr. pLogP method (SER 57) : 1.7333
Side Chain Topographical Entropy from corr. pLogP method (GLY 58) : -0.0000
Side Chain Topographical Entropy from corr. pLogP method (THR 59) : -0.0000
Side Chain Topographical Entropy from corr. pLogP method (ALA 60) : -0.0000
Side Chain Topographical Entropy from corr. pLogP method (LEU 61) : 3.9539
Side Chain Topographical Entropy from corr. pLogP method (GLY 62) : -0.0000
Side Chain Topographical Entropy from corr. pLogP method (TRP 63) : -0.0000
Side Chain Topographical Entropy from corr. pLogP method (THR 64) : 1.7232
Side Chain Topographical Entropy from corr. pLogP method (VAL 65) : -0.0000
Side Chain Topographical Entropy from corr. pLogP method (ALA 66) : -0.0000
Side Chain Topographical Entropy from corr. pLogP method (TRP 67) : -0.0000
Side Chain Topographical Entropy from corr. pLogP method (LYS 68) : 13.9491
Side Chain Topographical Entropy from corr. pLogP method (ASN 69) : 5.7589
Side Chain Topographical Entropy from corr. pLogP method (ASN 70) : 13.8826
Side Chain Topographical Entropy from corr. pLogP method (TYR 71) : 8.0796
Side Chain Topographical Entropy from corr. pLogP method (ARG 72) : 16.1595
Side Chain Topographical Entropy from corr. pLogP method (ASN 73) : 0.1593
Side Chain Topographical Entropy from corr. pLogP method (ALA 74) : -0.0000
Side Chain Topographical Entropy from corr. pLogP method (HID 75) : 0.2825
Side Chain Topographical Entropy from corr. pLogP method (SER 76) : 6.1908
Side Chain Topographical Entropy from corr. pLogP method (ALA 77) : -0.0000
Side Chain Topographical Entropy from corr. pLogP method (THR 78) : -0.0000
Side Chain Topographical Entropy from corr. pLogP method (THR 79) : 0.3150
Side Chain Topographical Entropy from corr. pLogP method (TRP 80) : 1.9439
Side Chain Topographical Entropy from corr. pLogP method (SER 81) : 0.0657
Side Chain Topographical Entropy from corr. pLogP method (GLY 82) : -0.0000
Side Chain Topographical Entropy from corr. pLogP method (GLN 83) : 4.2102
Side Chain Topographical Entropy from corr. pLogP method (TYR 84) : -0.0000
Side Chain Topographical Entropy from corr. pLogP method (VAL 85) : 0.8313
Side Chain Topographical Entropy from corr. pLogP method (GLY 86) : -0.0000
Side Chain Topographical Entropy from corr. pLogP method (GLY 87) : -0.0000
Side Chain Topographical Entropy from corr. pLogP method (ALA 88) : -0.0000
Side Chain Topographical Entropy from corr. pLogP method (GLU 89) : 20.0476
Side Chain Topographical Entropy from corr. pLogP method (ALA 90) : -0.0000
Side Chain Topographical Entropy from corr. pLogP method (ARG 91) : 7.8576
Side Chain Topographical Entropy from corr. pLogP method (ILE 92) : 0.8330
Side Chain Topographical Entropy from corr. pLogP method (ASN 93) : 1.7675
Side Chain Topographical Entropy from corr. pLogP method (THR 94) : 0.0657
Side Chain Topographical Entropy from corr. pLogP method (GLN 95) : 12.5622
Side Chain Topographical Entropy from corr. pLogP method (TRP 96) : 1.1776
Side Chain Topographical Entropy from corr. pLogP method (LEU 97) : 0.1730
Side Chain Topographical Entropy from corr. pLogP method (LEU 98) : 3.0499
Side Chain Topographical Entropy from corr. pLogP method (THR 99) : -0.0000
Side Chain Topographical Entropy from corr. pLogP method (SER 100) : 7.3828
Side Chain Topographical Entropy from corr. pLogP method (GLY 101) : -0.0000
Side Chain Topographical Entropy from corr. pLogP method (THR 102) : -0.0000
Side Chain Topographical Entropy from corr. pLogP method (THR 103) : -0.0000
Side Chain Topographical Entropy from corr. pLogP method (GLU 104) : 23.4180
Side Chain Topographical Entropy from corr. pLogP method (ALA 105) : -0.0000
Side Chain Topographical Entropy from corr. pLogP method (ASN 106) : 2.9593
Side Chain Topographical Entropy from corr. pLogP method (ALA 107) : -0.0000
Side Chain Topographical Entropy from corr. pLogP method (TRP 108) : 5.7436
Side Chain Topographical Entropy from corr. pLogP method (LYS 109) : 11.0031
Side Chain Topographical Entropy from corr. pLogP method (SER 110) : 3.1920
Side Chain Topographical Entropy from corr. pLogP method (THR 111) : 0.0358
Side Chain Topographical Entropy from corr. pLogP method (LEU 112) : 1.3511
Side Chain Topographical Entropy from corr. pLogP method (VAL 113) : -0.0000
Side Chain Topographical Entropy from corr. pLogP method (GLY 114) : -0.0000
Side Chain Topographical Entropy from corr. pLogP method (HID 115) : -0.0000
Side Chain Topographical Entropy from corr. pLogP method (ASP 116) : 6.8903
Side Chain Topographical Entropy from corr. pLogP method (THR 117) : -0.0000
Side Chain Topographical Entropy from corr. pLogP method (PHE 118) : 0.1810
Side Chain Topographical Entropy from corr. pLogP method (THR 119) : 5.2669
Side Chain Topographical Entropy from corr. pLogP method (LYS 120) : 10.6535
Side Chain Topographical Entropy from corr. pLogP method (VAL 121) : 6.1952
Side Chain Topographical Entropy from corr. pLogP method (LYS 122) : 24.1502
Side Chain Topographical Entropy from corr. pLogP method (PRO 123) : 15.0438
Side Chain Topographical Entropy from corr. pLogP method (SER 124) : 4.9781
Side Chain Topographical Entropy from corr. pLogP method (ALA 125) : -0.0000
Side Chain Topographical Entropy from corr. pLogP method (ALA 126) : -0.0000
Side Chain Topographical Entropy from corr. pLogP method (CSER 127) : 4.5378
____________________________________________________________
Total SC Topog. Entropy (corr. pLogP)    :         536.040
------------------------------------------------------------
____________________________________________________________
Total BB Topog. Entropy (corr. pLogP)    :          19.684
------------------------------------------------------------
____________________________________________________________
Total Entropy                            :         555.724
------------------------------------------------------------
