------------------------------------------------------------
Topographical entropy of residue side chains 
computed using all the dihedrals with correlation/pLogp formalism
------------------------------------------------------------
Side Chain Topographical Entropy from corr. pLogP method (NALA 1) : -0.0000
Side Chain Topographical Entropy from corr. pLogP method (GLU 2) : 21.1007
Side Chain Topographical Entropy from corr. pLogP method (ALA 3) : -0.0000
Side Chain Topographical Entropy from corr. pLogP method (GLY 4) : -0.0000
Side Chain Topographical Entropy from corr. pLogP method (ILE 5) : 1.7595
Side Chain Topographical Entropy from corr. pLogP method (THR 6) : -0.0000
Side Chain Topographical Entropy from corr. pLogP method (GLY 7) : -0.0000
Side Chain Topographical Entropy from corr. pLogP method (THR 8) : 4.4392
Side Chain Topographical Entropy from corr. pLogP method (TRP 9) : 0.6674
Side Chain Topographical Entropy from corr. pLogP method (TYR 10) : 6.7066
Side Chain Topographical Entropy from corr. pLogP method (ALA 11) : -0.0000
Side Chain Topographical Entropy from corr. pLogP method (GLN 12) : 21.6621
Side Chain Topographical Entropy from corr. pLogP method (LEU 13) : 8.9553
Side Chain Topographical Entropy from corr. pLogP method (GLY 14) : -0.0000
Side Chain Topographical Entropy from corr. pLogP method (SER 15) : 7.4373
Side Chain Topographical Entropy from corr. pLogP method (THR 16) : 4.4502
Side Chain Topographical Entropy from corr. pLogP method (PHE 17) : 16.0197
Side Chain Topographical Entropy from corr. pLogP method (ILE 18) : 6.5991
Side Chain Topographical Entropy from corr. pLogP method (VAL 19) : 6.9021
Side Chain Topographical Entropy from corr. pLogP method (THR 20) : 6.8976
Side Chain Topographical Entropy from corr. pLogP method (ALA 21) : -0.0000
Side Chain Topographical Entropy from corr. pLogP method (GLY 22) : -0.0000
Side Chain Topographical Entropy from corr. pLogP method (ALA 23) : -0.0000
Side Chain Topographical Entropy from corr. pLogP method (ASP 24) : 15.8500
Side Chain Topographical Entropy from corr. pLogP method (GLY 25) : -0.0000
Side Chain Topographical Entropy from corr. pLogP method (ALA 26) : -0.0000
Side Chain Topographical Entropy from corr. pLogP method (LEU 27) : 10.3785
Side Chain Topographical Entropy from corr. pLogP method (THR 28) : 5.9766
Side Chain Topographical Entropy from corr. pLogP method (GLY 29) : -0.0000
Side Chain Topographical Entropy from corr. pLogP method (THR 30) : 8.8762
Side Chain Topographical Entropy from corr. pLogP method (TYR 31) : 8.6913
Side Chain Topographical Entropy from corr. pLogP method (GLU 32) : 19.1951
Side Chain Topographical Entropy from corr. pLogP method (SER 33) : 8.2665
Side Chain Topographical Entropy from corr. pLogP method (ALA 34) : -0.0000
Side Chain Topographical Entropy from corr. pLogP method (VAL 35) : 7.3721
Side Chain Topographical Entropy from corr. pLogP method (GLY 36) : -0.0000
Side Chain Topographical Entropy from corr. pLogP method (ASN 37) : 14.4297
Side Chain Topographical Entropy from corr. pLogP method (ALA 38) : -0.0000
Side Chain Topographical Entropy from corr. pLogP method (GLU 39) : 22.4129
Side Chain Topographical Entropy from corr. pLogP method (SER 40) : 6.0125
Side Chain Topographical Entropy from corr. pLogP method (ARG 41) : 10.4742
Side Chain Topographical Entropy from corr. pLogP method (TYR 42) : 2.8463
Side Chain Topographical Entropy from corr. pLogP method (VAL 43) : 1.0522
Side Chain Topographical Entropy from corr. pLogP method (LEU 44) : 2.2191
Side Chain Topographical Entropy from corr. pLogP method (THR 45) : 6.9420
Side Chain Topographical Entropy from corr. pLogP method (GLY 46) : -0.0000
Side Chain Topographical Entropy from corr. pLogP method (ARG 47) : 11.4170
Side Chain Topographical Entropy from corr. pLogP method (TYR 48) : 5.7028
Side Chain Topographical Entropy from corr. pLogP method (ASP 49) : 1.9979
Side Chain Topographical Entropy from corr. pLogP method (SER 50) : 1.5440
Side Chain Topographical Entropy from corr. pLogP method (ALA 51) : -0.0000
Side Chain Topographical Entropy from corr. pLogP method (PRO 52) : 9.0956
Side Chain Topographical Entropy from corr. pLogP method (ALA 53) : -0.0000
Side Chain Topographical Entropy from corr. pLogP method (THR 54) : 7.1810
Side Chain Topographical Entropy from corr. pLogP method (ASP 55) : 10.9202
Side Chain Topographical Entropy from corr. pLogP method (GLY 56) : -0.0000
Side Chain Topographical Entropy from corr. pLogP method (SER 57) : 2.5686
Side Chain Topographical Entropy from corr. pLogP method (GLY 58) : -0.0000
Side Chain Topographical Entropy from corr. pLogP method (THR 59) : 0.7786
Side Chain Topographical Entropy from corr. pLogP method (ALA 60) : -0.0000
Side Chain Topographical Entropy from corr. pLogP method (LEU 61) : 5.8314
Side Chain Topographical Entropy from corr. pLogP method (GLY 62) : -0.0000
Side Chain Topographical Entropy from corr. pLogP method (TRP 63) : 3.2690
Side Chain Topographical Entropy from corr. pLogP method (THR 64) : 1.9042
Side Chain Topographical Entropy from corr. pLogP method (VAL 65) : 1.6848
Side Chain Topographical Entropy from corr. pLogP method (ALA 66) : -0.0000
Side Chain Topographical Entropy from corr. pLogP method (TRP 67) : 2.3839
Side Chain Topographical Entropy from corr. pLogP method (LYS 68) : 14.7312
Side Chain Topographical Entropy from corr. pLogP method (ASN 69) : 6.1650
Side Chain Topographical Entropy from corr. pLogP method (ASN 70) : 14.4240
Side Chain Topographical Entropy from corr. pLogP method (TYR 71) : 11.1487
Side Chain Topographical Entropy from corr. pLogP method (ARG 72) : 13.8679
Side Chain Topographical Entropy from corr. pLogP method (ASN 73) : 0.3236
Side Chain Topographical Entropy from corr. pLogP method (ALA 74) : -0.0000
Side Chain Topographical Entropy from corr. pLogP method (HID 75) : 0.2410
Side Chain Topographical Entropy from corr. pLogP method (SER 76) : 4.7063
Side Chain Topographical Entropy from corr. pLogP method (ALA 77) : -0.0000
Side Chain Topographical Entropy from corr. pLogP method (THR 78) : 0.0358
Side Chain Topographical Entropy from corr. pLogP method (THR 79) : 1.4040
Side Chain Topographical Entropy from corr. pLogP method (TRP 80) : 3.7572
Side Chain Topographical Entropy from corr. pLogP method (SER 81) : 0.9823
Side Chain Topographical Entropy from corr. pLogP method (GLY 82) : -0.0000
Side Chain Topographical Entropy from corr. pLogP method (GLN 83) : 6.0370
Side Chain Topographical Entropy from corr. pLogP method (TYR 84) : 1.2355
Side Chain Topographical Entropy from corr. pLogP method (VAL 85) : 1.9508
Side Chain Topographical Entropy from corr. pLogP method (GLY 86) : -0.0000
Side Chain Topographical Entropy from corr. pLogP method (GLY 87) : -0.0000
Side Chain Topographical Entropy from corr. pLogP method (ALA 88) : -0.0000
Side Chain Topographical Entropy from corr. pLogP method (GLU 89) : 20.5609
Side Chain Topographical Entropy from corr. pLogP method (ALA 90) : -0.0000
Side Chain Topographical Entropy from corr. pLogP method (ARG 91) : 9.9463
Side Chain Topographical Entropy from corr. pLogP method (ILE 92) : 1.2572
Side Chain Topographical Entropy from corr. pLogP method (ASN 93) : 2.6507
Side Chain Topographical Entropy from corr. pLogP method (THR 94) : 0.9536
Side Chain Topographical Entropy from corr. pLogP method (GLN 95) : 9.7404
Side Chain Topographical Entropy from corr. pLogP method (TRP 96) : 1.2905
Side Chain Topographical Entropy from corr. pLogP method (LEU 97) : 0.1419
Side Chain Topographical Entropy from corr. pLogP method (LEU 98) : 1.8783
Side Chain Topographical Entropy from corr. pLogP method (THR 99) : -0.0000
Side Chain Topographical Entropy from corr. pLogP method (SER 100) : 7.6897
Side Chain Topographical Entropy from corr. pLogP method (GLY 101) : -0.0000
Side Chain Topographical Entropy from corr. pLogP method (THR 102) : 5.9274
Side Chain Topographical Entropy from corr. pLogP method (THR 103) : 2.6205
Side Chain Topographical Entropy from corr. pLogP method (GLU 104) : 23.1436
Side Chain Topographical Entropy from corr. pLogP method (ALA 105) : -0.0000
Side Chain Topographical Entropy from corr. pLogP method (ASN 106) : 6.4480
Side Chain Topographical Entropy from corr. pLogP method (ALA 107) : -0.0000
Side Chain Topographical Entropy from corr. pLogP method (TRP 108) : 5.7423
Side Chain Topographical Entropy from corr. pLogP method (LYS 109) : 10.3859
Side Chain Topographical Entropy from corr. pLogP method (SER 110) : 7.6568
Side Chain Topographical Entropy from corr. pLogP method (THR 111) : 0.0193
Side Chain Topographical Entropy from corr. pLogP method (LEU 112) : 1.1344
Side Chain Topographical Entropy from corr. pLogP method (VAL 113) : -0.0000
Side Chain Topographical Entropy from corr. pLogP method (GLY 114) : -0.0000
Side Chain Topographical Entropy from corr. pLogP method (HID 115) : 0.0511
Side Chain Topographical Entropy from corr. pLogP method (ASP 116) : 8.7119
Side Chain Topographical Entropy from corr. pLogP method (THR 117) : 0.8901
Side Chain Topographical Entropy from corr. pLogP method (PHE 118) : 3.6263
Side Chain Topographical Entropy from corr. pLogP method (THR 119) : 5.7206
Side Chain Topographical Entropy from corr. pLogP method (LYS 120) : 8.3742
Side Chain Topographical Entropy from corr. pLogP method (VAL 121) : 4.4988
Side Chain Topographical Entropy from corr. pLogP method (LYS 122) : 24.1857
Side Chain Topographical Entropy from corr. pLogP method (PRO 123) : 15.4830
Side Chain Topographical Entropy from corr. pLogP method (SER 124) : 6.4541
Side Chain Topographical Entropy from corr. pLogP method (ALA 125) : -0.0000
Side Chain Topographical Entropy from corr. pLogP method (ALA 126) : -0.0000
Side Chain Topographical Entropy from corr. pLogP method (CSER 127) : 5.5337
____________________________________________________________
Total SC Topog. Entropy (corr. pLogP)    :         614.598
------------------------------------------------------------
____________________________________________________________
Total BB Topog. Entropy (corr. pLogP)    :          28.323
------------------------------------------------------------
____________________________________________________________
Total Entropy                            :         642.921
------------------------------------------------------------
