------------------------------------------------------------
            Hierarchy level. --> United Atom <--            
------------------------------------------------------------
      RESNAME   RESID  FF_ENTROPY  TT_ENTROPY
UATOM NALA          1       9.084      38.093
UATOM GLU           2      22.012      20.912
UATOM ALA           3       5.356      24.245
UATOM GLY           4       2.259      11.821
UATOM ILE           5      21.178      51.200
UATOM THR           6      16.195      32.798
UATOM GLY           7       2.127      11.353
UATOM THR           8      16.764      32.597
UATOM TRP           9      36.941      36.432
UATOM TYR          10      31.308      34.496
UATOM ALA          11       5.401      25.031
UATOM GLN          12      23.867      32.522
UATOM LEU          13      20.876      50.557
UATOM GLY          14       2.125      11.376
UATOM SER          15       9.292      19.585
UATOM THR          16      16.569      32.752
UATOM PHE          17      25.118      32.556
UATOM ILE          18      20.945      49.957
UATOM VAL          19      16.078      41.212
UATOM THR          20      16.649      33.346
UATOM ALA          21       5.385      25.167
UATOM GLY          22       2.131      11.643
UATOM ALA          23       5.757      24.716
UATOM ASP          24      16.865      14.091
UATOM GLY          25       2.236      11.867
UATOM ALA          26       5.335      24.095
UATOM LEU          27      21.038      49.784
UATOM THR          28      16.273      33.164
UATOM GLY          29       2.194      11.468
UATOM THR          30      16.840      32.768
UATOM TYR          31      32.441      34.544
UATOM GLU          32      21.705      20.753
UATOM SER          33       9.501      20.218
UATOM ALA          34       5.298      24.210
UATOM VAL          35      15.747      42.858
UATOM GLY          36       2.029      11.459
UATOM ASN          37      17.351      24.912
UATOM ALA          38       5.021      24.417
UATOM GLU          39      21.807      20.783
UATOM SER          40       9.503      19.770
UATOM ARG          41      34.410      53.419
UATOM TYR          42      32.391      34.326
UATOM VAL          43      16.371      42.836
UATOM LEU          44      21.551      49.678
UATOM THR          45      16.191      33.091
UATOM GLY          46       2.173      11.765
UATOM ARG          47      35.938      53.729
UATOM TYR          48      31.561      34.650
UATOM ASP          49      17.548      13.893
UATOM SER          50       9.594      20.326
UATOM ALA          51       5.283      24.334
UATOM PRO          52      10.757      25.926
UATOM ALA          53       5.360      24.194
UATOM THR          54      16.410      33.212
UATOM ASP          55      16.989      14.809
UATOM GLY          56       2.100      11.440
UATOM SER          57       9.733      19.854
UATOM GLY          58       2.226      11.996
UATOM THR          59      16.776      33.058
UATOM ALA          60       5.432      24.577
UATOM LEU          61      21.095      49.504
UATOM GLY          62       2.256      11.788
UATOM TRP          63      37.135      37.550
UATOM THR          64      16.424      31.035
UATOM VAL          65      16.089      41.969
UATOM ALA          66       5.352      24.206
UATOM TRP          67      36.788      36.593
UATOM LYS          68      24.974      50.721
UATOM ASN          69      18.277      25.123
UATOM ASN          70      18.197      24.953
UATOM TYR          71      30.991      34.382
UATOM ARG          72      34.458      53.753
UATOM ASN          73      18.138      24.798
UATOM ALA          74       5.276      24.776
UATOM HID          75      21.628      26.190
UATOM SER          76       9.956      20.553
UATOM ALA          77       5.721      24.022
UATOM THR          78      17.219      32.112
UATOM THR          79      16.687      33.378
UATOM TRP          80      36.145      36.171
UATOM SER          81       9.969      19.794
UATOM GLY          82       2.207      11.435
UATOM GLN          83      23.677      32.253
UATOM TYR          84      31.997      35.373
UATOM VAL          85      15.782      42.588
UATOM GLY          86       2.119      11.429
UATOM GLY          87       2.129      11.672
UATOM ALA          88       5.290      24.731
UATOM GLU          89      21.871      21.271
UATOM ALA          90       5.260      24.534
UATOM ARG          91      34.758      53.164
UATOM ILE          92      21.505      50.430
UATOM ASN          93      18.755      25.172
UATOM THR          94      17.001      32.114
UATOM GLN          95      24.846      33.173
UATOM TRP          96      35.801      36.164
UATOM LEU          97      20.982      49.354
UATOM LEU          98      21.033      50.339
UATOM THR          99      16.488      33.023
UATOM SER         100       9.902      19.977
UATOM GLY         101       2.226      11.518
UATOM THR         102      16.703      33.229
UATOM THR         103      16.790      33.805
UATOM GLU         104      21.811      21.256
UATOM ALA         105       5.636      24.511
UATOM ASN         106      18.578      24.925
UATOM ALA         107       5.452      25.107
UATOM TRP         108      36.279      37.220
UATOM LYS         109      24.748      50.989
UATOM SER         110      10.009      21.095
UATOM THR         111      17.050      33.673
UATOM LEU         112      21.593      48.630
UATOM VAL         113      16.000      41.726
UATOM GLY         114       2.131      11.305
UATOM HID         115      21.402      26.359
UATOM ASP         116      16.857      14.362
UATOM THR         117      16.648      33.195
UATOM PHE         118      25.810      33.701
UATOM THR         119      16.670      33.168
UATOM LYS         120      25.185      51.282
UATOM VAL         121      15.600      43.172
UATOM LYS         122      24.811      51.133
UATOM PRO         123      10.274      26.164
UATOM SER         124       9.320      20.009
UATOM ALA         125       5.205      24.388
UATOM ALA         126       5.062      24.007
UATOM CSER        127      13.939      19.652
____________________________________________________________
Total Entropy FF (UA level) :        2019.365 J/mol/K
Total Entropy TT (UA level) :        3757.787 J/mol/K
------------------------------------------------------------
____________________________________________________________
Total Entropy                            :        5777.152
------------------------------------------------------------
