------------------------------------------------------------
Topographical entropy of residue side chains 
computed using all the dihedrals with correlation/pLogp formalism
------------------------------------------------------------
Side Chain Topographical Entropy from corr. pLogP method (NALA 1) : -0.0000
Side Chain Topographical Entropy from corr. pLogP method (GLU 2) : 18.4342
Side Chain Topographical Entropy from corr. pLogP method (ALA 3) : -0.0000
Side Chain Topographical Entropy from corr. pLogP method (GLY 4) : -0.0000
Side Chain Topographical Entropy from corr. pLogP method (ILE 5) : 2.0053
Side Chain Topographical Entropy from corr. pLogP method (THR 6) : 0.6095
Side Chain Topographical Entropy from corr. pLogP method (GLY 7) : -0.0000
Side Chain Topographical Entropy from corr. pLogP method (THR 8) : 1.6794
Side Chain Topographical Entropy from corr. pLogP method (TRP 9) : 3.3825
Side Chain Topographical Entropy from corr. pLogP method (TYR 10) : 7.7875
Side Chain Topographical Entropy from corr. pLogP method (ALA 11) : -0.0000
Side Chain Topographical Entropy from corr. pLogP method (GLN 12) : 20.7804
Side Chain Topographical Entropy from corr. pLogP method (LEU 13) : 8.1062
Side Chain Topographical Entropy from corr. pLogP method (GLY 14) : -0.0000
Side Chain Topographical Entropy from corr. pLogP method (SER 15) : 8.7458
Side Chain Topographical Entropy from corr. pLogP method (THR 16) : 5.1084
Side Chain Topographical Entropy from corr. pLogP method (PHE 17) : 3.8437
Side Chain Topographical Entropy from corr. pLogP method (ILE 18) : 10.5417
Side Chain Topographical Entropy from corr. pLogP method (VAL 19) : 2.4865
Side Chain Topographical Entropy from corr. pLogP method (THR 20) : 7.4931
Side Chain Topographical Entropy from corr. pLogP method (ALA 21) : -0.0000
Side Chain Topographical Entropy from corr. pLogP method (GLY 22) : -0.0000
Side Chain Topographical Entropy from corr. pLogP method (ALA 23) : -0.0000
Side Chain Topographical Entropy from corr. pLogP method (ASP 24) : 13.8639
Side Chain Topographical Entropy from corr. pLogP method (GLY 25) : -0.0000
Side Chain Topographical Entropy from corr. pLogP method (ALA 26) : -0.0000
Side Chain Topographical Entropy from corr. pLogP method (LEU 27) : 9.1796
Side Chain Topographical Entropy from corr. pLogP method (THR 28) : 8.5106
Side Chain Topographical Entropy from corr. pLogP method (GLY 29) : -0.0000
Side Chain Topographical Entropy from corr. pLogP method (THR 30) : 5.1208
Side Chain Topographical Entropy from corr. pLogP method (TYR 31) : 7.3755
Side Chain Topographical Entropy from corr. pLogP method (GLU 32) : 17.2068
Side Chain Topographical Entropy from corr. pLogP method (SER 33) : 7.7240
Side Chain Topographical Entropy from corr. pLogP method (ALA 34) : -0.0000
Side Chain Topographical Entropy from corr. pLogP method (VAL 35) : 8.1140
Side Chain Topographical Entropy from corr. pLogP method (GLY 36) : -0.0000
Side Chain Topographical Entropy from corr. pLogP method (ASN 37) : 13.4154
Side Chain Topographical Entropy from corr. pLogP method (ALA 38) : -0.0000
Side Chain Topographical Entropy from corr. pLogP method (GLU 39) : 23.3903
Side Chain Topographical Entropy from corr. pLogP method (SER 40) : 4.6202
Side Chain Topographical Entropy from corr. pLogP method (ARG 41) : 15.0879
Side Chain Topographical Entropy from corr. pLogP method (TYR 42) : 4.1742
Side Chain Topographical Entropy from corr. pLogP method (VAL 43) : 0.9745
Side Chain Topographical Entropy from corr. pLogP method (LEU 44) : 2.4556
Side Chain Topographical Entropy from corr. pLogP method (THR 45) : 8.1556
Side Chain Topographical Entropy from corr. pLogP method (GLY 46) : -0.0000
Side Chain Topographical Entropy from corr. pLogP method (ARG 47) : 2.6973
Side Chain Topographical Entropy from corr. pLogP method (TYR 48) : 4.8808
Side Chain Topographical Entropy from corr. pLogP method (ASP 49) : 9.1274
Side Chain Topographical Entropy from corr. pLogP method (SER 50) : 4.0677
Side Chain Topographical Entropy from corr. pLogP method (ALA 51) : -0.0000
Side Chain Topographical Entropy from corr. pLogP method (PRO 52) : 13.6830
Side Chain Topographical Entropy from corr. pLogP method (ALA 53) : -0.0000
Side Chain Topographical Entropy from corr. pLogP method (THR 54) : 6.6677
Side Chain Topographical Entropy from corr. pLogP method (ASP 55) : 14.6914
Side Chain Topographical Entropy from corr. pLogP method (GLY 56) : -0.0000
Side Chain Topographical Entropy from corr. pLogP method (SER 57) : 8.8522
Side Chain Topographical Entropy from corr. pLogP method (GLY 58) : -0.0000
Side Chain Topographical Entropy from corr. pLogP method (THR 59) : 0.5220
Side Chain Topographical Entropy from corr. pLogP method (ALA 60) : -0.0000
Side Chain Topographical Entropy from corr. pLogP method (LEU 61) : 7.1908
Side Chain Topographical Entropy from corr. pLogP method (GLY 62) : -0.0000
Side Chain Topographical Entropy from corr. pLogP method (TRP 63) : 3.4880
Side Chain Topographical Entropy from corr. pLogP method (THR 64) : 0.9548
Side Chain Topographical Entropy from corr. pLogP method (VAL 65) : 1.0677
Side Chain Topographical Entropy from corr. pLogP method (ALA 66) : -0.0000
Side Chain Topographical Entropy from corr. pLogP method (TRP 67) : 4.3541
Side Chain Topographical Entropy from corr. pLogP method (LYS 68) : 17.6779
Side Chain Topographical Entropy from corr. pLogP method (ASN 69) : 6.7084
Side Chain Topographical Entropy from corr. pLogP method (ASN 70) : 14.3658
Side Chain Topographical Entropy from corr. pLogP method (TYR 71) : 9.4779
Side Chain Topographical Entropy from corr. pLogP method (ARG 72) : 18.2802
Side Chain Topographical Entropy from corr. pLogP method (ASN 73) : 9.7865
Side Chain Topographical Entropy from corr. pLogP method (ALA 74) : -0.0000
Side Chain Topographical Entropy from corr. pLogP method (HID 75) : 6.0248
Side Chain Topographical Entropy from corr. pLogP method (SER 76) : 6.2421
Side Chain Topographical Entropy from corr. pLogP method (ALA 77) : -0.0000
Side Chain Topographical Entropy from corr. pLogP method (THR 78) : 1.1636
Side Chain Topographical Entropy from corr. pLogP method (THR 79) : 5.7297
Side Chain Topographical Entropy from corr. pLogP method (TRP 80) : 5.9025
Side Chain Topographical Entropy from corr. pLogP method (SER 81) : 4.2234
Side Chain Topographical Entropy from corr. pLogP method (GLY 82) : -0.0000
Side Chain Topographical Entropy from corr. pLogP method (GLN 83) : 11.3957
Side Chain Topographical Entropy from corr. pLogP method (TYR 84) : 0.9962
Side Chain Topographical Entropy from corr. pLogP method (VAL 85) : 2.0394
Side Chain Topographical Entropy from corr. pLogP method (GLY 86) : -0.0000
Side Chain Topographical Entropy from corr. pLogP method (GLY 87) : -0.0000
Side Chain Topographical Entropy from corr. pLogP method (ALA 88) : -0.0000
Side Chain Topographical Entropy from corr. pLogP method (GLU 89) : 20.9800
Side Chain Topographical Entropy from corr. pLogP method (ALA 90) : -0.0000
Side Chain Topographical Entropy from corr. pLogP method (ARG 91) : 13.1403
Side Chain Topographical Entropy from corr. pLogP method (ILE 92) : 1.1716
Side Chain Topographical Entropy from corr. pLogP method (ASN 93) : 7.5232
Side Chain Topographical Entropy from corr. pLogP method (THR 94) : 3.0080
Side Chain Topographical Entropy from corr. pLogP method (GLN 95) : 3.1021
Side Chain Topographical Entropy from corr. pLogP method (TRP 96) : 4.6980
Side Chain Topographical Entropy from corr. pLogP method (LEU 97) : 1.7646
Side Chain Topographical Entropy from corr. pLogP method (LEU 98) : 4.3058
Side Chain Topographical Entropy from corr. pLogP method (THR 99) : 0.5703
Side Chain Topographical Entropy from corr. pLogP method (SER 100) : 8.3154
Side Chain Topographical Entropy from corr. pLogP method (GLY 101) : -0.0000
Side Chain Topographical Entropy from corr. pLogP method (THR 102) : 8.8743
Side Chain Topographical Entropy from corr. pLogP method (THR 103) : 5.1859
Side Chain Topographical Entropy from corr. pLogP method (GLU 104) : 20.6640
Side Chain Topographical Entropy from corr. pLogP method (ALA 105) : -0.0000
Side Chain Topographical Entropy from corr. pLogP method (ASN 106) : 8.5755
Side Chain Topographical Entropy from corr. pLogP method (ALA 107) : -0.0000
Side Chain Topographical Entropy from corr. pLogP method (TRP 108) : 12.8092
Side Chain Topographical Entropy from corr. pLogP method (LYS 109) : 16.0461
Side Chain Topographical Entropy from corr. pLogP method (SER 110) : 4.0300
Side Chain Topographical Entropy from corr. pLogP method (THR 111) : 1.2246
Side Chain Topographical Entropy from corr. pLogP method (LEU 112) : 5.0306
Side Chain Topographical Entropy from corr. pLogP method (VAL 113) : 0.6890
Side Chain Topographical Entropy from corr. pLogP method (GLY 114) : -0.0000
Side Chain Topographical Entropy from corr. pLogP method (HID 115) : 2.5260
Side Chain Topographical Entropy from corr. pLogP method (ASP 116) : 9.2406
Side Chain Topographical Entropy from corr. pLogP method (THR 117) : 6.7647
Side Chain Topographical Entropy from corr. pLogP method (PHE 118) : 2.6053
Side Chain Topographical Entropy from corr. pLogP method (THR 119) : 5.3352
Side Chain Topographical Entropy from corr. pLogP method (LYS 120) : 13.8124
Side Chain Topographical Entropy from corr. pLogP method (VAL 121) : 4.8801
Side Chain Topographical Entropy from corr. pLogP method (LYS 122) : 17.1460
Side Chain Topographical Entropy from corr. pLogP method (PRO 123) : 15.8966
Side Chain Topographical Entropy from corr. pLogP method (SER 124) : 8.7716
Side Chain Topographical Entropy from corr. pLogP method (ALA 125) : -0.0000
Side Chain Topographical Entropy from corr. pLogP method (ALA 126) : -0.0000
Side Chain Topographical Entropy from corr. pLogP method (CSER 127) : 4.6794
____________________________________________________________
Total SC Topog. Entropy (corr. pLogP)    :         695.998
------------------------------------------------------------
____________________________________________________________
Total BB Topog. Entropy (corr. pLogP)    :          35.974
------------------------------------------------------------
____________________________________________________________
Total Entropy                            :         731.972
------------------------------------------------------------
