------------------------------------------------------------
Topographical entropy of residue side chains 
computed using all the dihedrals with correlation/pLogp formalism
------------------------------------------------------------
Side Chain Topographical Entropy from corr. pLogP method (NALA 1) : -0.0000
Side Chain Topographical Entropy from corr. pLogP method (GLU 2) : 24.0376
Side Chain Topographical Entropy from corr. pLogP method (ALA 3) : -0.0000
Side Chain Topographical Entropy from corr. pLogP method (GLY 4) : -0.0000
Side Chain Topographical Entropy from corr. pLogP method (ILE 5) : 4.0968
Side Chain Topographical Entropy from corr. pLogP method (THR 6) : 2.4409
Side Chain Topographical Entropy from corr. pLogP method (GLY 7) : -0.0000
Side Chain Topographical Entropy from corr. pLogP method (THR 8) : 2.0573
Side Chain Topographical Entropy from corr. pLogP method (TRP 9) : 6.0705
Side Chain Topographical Entropy from corr. pLogP method (TYR 10) : 12.2860
Side Chain Topographical Entropy from corr. pLogP method (ALA 11) : -0.0000
Side Chain Topographical Entropy from corr. pLogP method (GLN 12) : 22.2786
Side Chain Topographical Entropy from corr. pLogP method (LEU 13) : 9.9356
Side Chain Topographical Entropy from corr. pLogP method (GLY 14) : -0.0000
Side Chain Topographical Entropy from corr. pLogP method (SER 15) : 7.1204
Side Chain Topographical Entropy from corr. pLogP method (THR 16) : 4.1199
Side Chain Topographical Entropy from corr. pLogP method (PHE 17) : 4.8334
Side Chain Topographical Entropy from corr. pLogP method (ILE 18) : 10.4786
Side Chain Topographical Entropy from corr. pLogP method (VAL 19) : 5.2752
Side Chain Topographical Entropy from corr. pLogP method (THR 20) : 6.5243
Side Chain Topographical Entropy from corr. pLogP method (ALA 21) : -0.0000
Side Chain Topographical Entropy from corr. pLogP method (GLY 22) : -0.0000
Side Chain Topographical Entropy from corr. pLogP method (ALA 23) : -0.0000
Side Chain Topographical Entropy from corr. pLogP method (ASP 24) : 14.6166
Side Chain Topographical Entropy from corr. pLogP method (GLY 25) : -0.0000
Side Chain Topographical Entropy from corr. pLogP method (ALA 26) : -0.0000
Side Chain Topographical Entropy from corr. pLogP method (LEU 27) : 11.0581
Side Chain Topographical Entropy from corr. pLogP method (THR 28) : 8.8985
Side Chain Topographical Entropy from corr. pLogP method (GLY 29) : -0.0000
Side Chain Topographical Entropy from corr. pLogP method (THR 30) : 7.9628
Side Chain Topographical Entropy from corr. pLogP method (TYR 31) : 12.6292
Side Chain Topographical Entropy from corr. pLogP method (GLU 32) : 19.8483
Side Chain Topographical Entropy from corr. pLogP method (SER 33) : 8.7069
Side Chain Topographical Entropy from corr. pLogP method (ALA 34) : -0.0000
Side Chain Topographical Entropy from corr. pLogP method (VAL 35) : 8.3161
Side Chain Topographical Entropy from corr. pLogP method (GLY 36) : -0.0000
Side Chain Topographical Entropy from corr. pLogP method (ASN 37) : 15.3699
Side Chain Topographical Entropy from corr. pLogP method (ALA 38) : -0.0000
Side Chain Topographical Entropy from corr. pLogP method (GLU 39) : 21.7294
Side Chain Topographical Entropy from corr. pLogP method (SER 40) : 8.3001
Side Chain Topographical Entropy from corr. pLogP method (ARG 41) : 20.4728
Side Chain Topographical Entropy from corr. pLogP method (TYR 42) : 4.1891
Side Chain Topographical Entropy from corr. pLogP method (VAL 43) : 1.7930
Side Chain Topographical Entropy from corr. pLogP method (LEU 44) : 7.6967
Side Chain Topographical Entropy from corr. pLogP method (THR 45) : 6.4702
Side Chain Topographical Entropy from corr. pLogP method (GLY 46) : -0.0000
Side Chain Topographical Entropy from corr. pLogP method (ARG 47) : 4.1233
Side Chain Topographical Entropy from corr. pLogP method (TYR 48) : 10.5772
Side Chain Topographical Entropy from corr. pLogP method (ASP 49) : 10.3467
Side Chain Topographical Entropy from corr. pLogP method (SER 50) : 4.6561
Side Chain Topographical Entropy from corr. pLogP method (ALA 51) : -0.0000
Side Chain Topographical Entropy from corr. pLogP method (PRO 52) : 15.6499
Side Chain Topographical Entropy from corr. pLogP method (ALA 53) : -0.0000
Side Chain Topographical Entropy from corr. pLogP method (THR 54) : 8.9207
Side Chain Topographical Entropy from corr. pLogP method (ASP 55) : 14.9756
Side Chain Topographical Entropy from corr. pLogP method (GLY 56) : -0.0000
Side Chain Topographical Entropy from corr. pLogP method (SER 57) : 7.4223
Side Chain Topographical Entropy from corr. pLogP method (GLY 58) : -0.0000
Side Chain Topographical Entropy from corr. pLogP method (THR 59) : 1.8346
Side Chain Topographical Entropy from corr. pLogP method (ALA 60) : -0.0000
Side Chain Topographical Entropy from corr. pLogP method (LEU 61) : 6.5313
Side Chain Topographical Entropy from corr. pLogP method (GLY 62) : -0.0000
Side Chain Topographical Entropy from corr. pLogP method (TRP 63) : 6.1654
Side Chain Topographical Entropy from corr. pLogP method (THR 64) : 0.8813
Side Chain Topographical Entropy from corr. pLogP method (VAL 65) : 2.4553
Side Chain Topographical Entropy from corr. pLogP method (ALA 66) : -0.0000
Side Chain Topographical Entropy from corr. pLogP method (TRP 67) : 6.8420
Side Chain Topographical Entropy from corr. pLogP method (LYS 68) : 17.9513
Side Chain Topographical Entropy from corr. pLogP method (ASN 69) : 13.4886
Side Chain Topographical Entropy from corr. pLogP method (ASN 70) : 14.4751
Side Chain Topographical Entropy from corr. pLogP method (TYR 71) : 18.0259
Side Chain Topographical Entropy from corr. pLogP method (ARG 72) : 20.8708
Side Chain Topographical Entropy from corr. pLogP method (ASN 73) : 3.7094
Side Chain Topographical Entropy from corr. pLogP method (ALA 74) : -0.0000
Side Chain Topographical Entropy from corr. pLogP method (HID 75) : 4.9668
Side Chain Topographical Entropy from corr. pLogP method (SER 76) : 2.3239
Side Chain Topographical Entropy from corr. pLogP method (ALA 77) : -0.0000
Side Chain Topographical Entropy from corr. pLogP method (THR 78) : 1.1519
Side Chain Topographical Entropy from corr. pLogP method (THR 79) : 1.0919
Side Chain Topographical Entropy from corr. pLogP method (TRP 80) : 9.3803
Side Chain Topographical Entropy from corr. pLogP method (SER 81) : 2.6224
Side Chain Topographical Entropy from corr. pLogP method (GLY 82) : -0.0000
Side Chain Topographical Entropy from corr. pLogP method (GLN 83) : 15.9855
Side Chain Topographical Entropy from corr. pLogP method (TYR 84) : 3.9723
Side Chain Topographical Entropy from corr. pLogP method (VAL 85) : 4.9422
Side Chain Topographical Entropy from corr. pLogP method (GLY 86) : -0.0000
Side Chain Topographical Entropy from corr. pLogP method (GLY 87) : -0.0000
Side Chain Topographical Entropy from corr. pLogP method (ALA 88) : -0.0000
Side Chain Topographical Entropy from corr. pLogP method (GLU 89) : 21.6371
Side Chain Topographical Entropy from corr. pLogP method (ALA 90) : -0.0000
Side Chain Topographical Entropy from corr. pLogP method (ARG 91) : 12.2858
Side Chain Topographical Entropy from corr. pLogP method (ILE 92) : 3.0335
Side Chain Topographical Entropy from corr. pLogP method (ASN 93) : 7.7440
Side Chain Topographical Entropy from corr. pLogP method (THR 94) : 2.3674
Side Chain Topographical Entropy from corr. pLogP method (GLN 95) : 8.5048
Side Chain Topographical Entropy from corr. pLogP method (TRP 96) : 6.5451
Side Chain Topographical Entropy from corr. pLogP method (LEU 97) : 4.2993
Side Chain Topographical Entropy from corr. pLogP method (LEU 98) : 2.5941
Side Chain Topographical Entropy from corr. pLogP method (THR 99) : 1.2582
Side Chain Topographical Entropy from corr. pLogP method (SER 100) : 7.8436
Side Chain Topographical Entropy from corr. pLogP method (GLY 101) : -0.0000
Side Chain Topographical Entropy from corr. pLogP method (THR 102) : 7.3013
Side Chain Topographical Entropy from corr. pLogP method (THR 103) : 6.5690
Side Chain Topographical Entropy from corr. pLogP method (GLU 104) : 23.0615
Side Chain Topographical Entropy from corr. pLogP method (ALA 105) : -0.0000
Side Chain Topographical Entropy from corr. pLogP method (ASN 106) : 6.9630
Side Chain Topographical Entropy from corr. pLogP method (ALA 107) : -0.0000
Side Chain Topographical Entropy from corr. pLogP method (TRP 108) : 10.5941
Side Chain Topographical Entropy from corr. pLogP method (LYS 109) : 16.2891
Side Chain Topographical Entropy from corr. pLogP method (SER 110) : 2.7933
Side Chain Topographical Entropy from corr. pLogP method (THR 111) : 2.0022
Side Chain Topographical Entropy from corr. pLogP method (LEU 112) : 4.4953
Side Chain Topographical Entropy from corr. pLogP method (VAL 113) : 1.5290
Side Chain Topographical Entropy from corr. pLogP method (GLY 114) : -0.0000
Side Chain Topographical Entropy from corr. pLogP method (HID 115) : 4.7692
Side Chain Topographical Entropy from corr. pLogP method (ASP 116) : 9.6765
Side Chain Topographical Entropy from corr. pLogP method (THR 117) : 6.3775
Side Chain Topographical Entropy from corr. pLogP method (PHE 118) : 5.2844
Side Chain Topographical Entropy from corr. pLogP method (THR 119) : 6.8615
Side Chain Topographical Entropy from corr. pLogP method (LYS 120) : 15.6502
Side Chain Topographical Entropy from corr. pLogP method (VAL 121) : 5.7614
Side Chain Topographical Entropy from corr. pLogP method (LYS 122) : 19.8052
Side Chain Topographical Entropy from corr. pLogP method (PRO 123) : 17.3071
Side Chain Topographical Entropy from corr. pLogP method (SER 124) : 8.6121
Side Chain Topographical Entropy from corr. pLogP method (ALA 125) : -0.0000
Side Chain Topographical Entropy from corr. pLogP method (ALA 126) : -0.0000
Side Chain Topographical Entropy from corr. pLogP method (CSER 127) : 4.4768
____________________________________________________________
Total SC Topog. Entropy (corr. pLogP)    :         800.245
------------------------------------------------------------
____________________________________________________________
Total BB Topog. Entropy (corr. pLogP)    :          54.484
------------------------------------------------------------
____________________________________________________________
Total Entropy                            :         854.730
------------------------------------------------------------
