------------------------------------------------------------
Topographical entropy of residue side chains 
computed using all the dihedrals with AEM method
------------------------------------------------------------
Residue Topographical Entropy from AEM (NALA 1) : 1.6012
Residue Topographical Entropy from AEM (GLU 2) : 13.8905
Residue Topographical Entropy from AEM (ALA 3) : -0.0000
Residue Topographical Entropy from AEM (GLY 4) : -0.0000
Residue Topographical Entropy from AEM (ILE 5) : 4.5609
Residue Topographical Entropy from AEM (THR 6) : 1.2600
Residue Topographical Entropy from AEM (GLY 7) : -0.0000
Residue Topographical Entropy from AEM (THR 8) : 1.6089
Residue Topographical Entropy from AEM (TRP 9) : 37.9775
Residue Topographical Entropy from AEM (TYR 10) : 24.2150
Residue Topographical Entropy from AEM (ALA 11) : -0.0000
Residue Topographical Entropy from AEM (GLN 12) : 18.7661
Residue Topographical Entropy from AEM (LEU 13) : 11.1209
Residue Topographical Entropy from AEM (GLY 14) : -0.0000
Residue Topographical Entropy from AEM (SER 15) : 8.3511
Residue Topographical Entropy from AEM (THR 16) : 8.2575
Residue Topographical Entropy from AEM (PHE 17) : 31.5715
Residue Topographical Entropy from AEM (ILE 18) : 9.5076
Residue Topographical Entropy from AEM (VAL 19) : 8.2131
Residue Topographical Entropy from AEM (THR 20) : 7.2671
Residue Topographical Entropy from AEM (ALA 21) : -0.0000
Residue Topographical Entropy from AEM (GLY 22) : -0.0000
Residue Topographical Entropy from AEM (ALA 23) : -0.0000
Residue Topographical Entropy from AEM (ASP 24) : 8.5740
Residue Topographical Entropy from AEM (GLY 25) : -0.0000
Residue Topographical Entropy from AEM (ALA 26) : -0.0000
Residue Topographical Entropy from AEM (LEU 27) : 11.9617
Residue Topographical Entropy from AEM (THR 28) : 5.1583
Residue Topographical Entropy from AEM (GLY 29) : -0.0000
Residue Topographical Entropy from AEM (THR 30) : 8.3260
Residue Topographical Entropy from AEM (TYR 31) : 26.9946
Residue Topographical Entropy from AEM (GLU 32) : 17.2252
Residue Topographical Entropy from AEM (SER 33) : 8.6444
Residue Topographical Entropy from AEM (ALA 34) : -0.0000
Residue Topographical Entropy from AEM (VAL 35) : 6.4407
Residue Topographical Entropy from AEM (GLY 36) : -0.0000
Residue Topographical Entropy from AEM (ASN 37) : 14.6191
Residue Topographical Entropy from AEM (ALA 38) : -0.0000
Residue Topographical Entropy from AEM (GLU 39) : 22.7831
Residue Topographical Entropy from AEM (SER 40) : 4.2872
Residue Topographical Entropy from AEM (ARG 41) : 11.3695
Residue Topographical Entropy from AEM (TYR 42) : 22.8584
Residue Topographical Entropy from AEM (VAL 43) : 2.2148
Residue Topographical Entropy from AEM (LEU 44) : 1.8760
Residue Topographical Entropy from AEM (THR 45) : 5.7470
Residue Topographical Entropy from AEM (GLY 46) : -0.0000
Residue Topographical Entropy from AEM (ARG 47) : 1.6454
Residue Topographical Entropy from AEM (TYR 48) : 22.0439
Residue Topographical Entropy from AEM (ASP 49) : 5.3040
Residue Topographical Entropy from AEM (SER 50) : 0.8512
Residue Topographical Entropy from AEM (ALA 51) : -0.0000
Residue Topographical Entropy from AEM (PRO 52) : 6.4776
Residue Topographical Entropy from AEM (ALA 53) : -0.0000
Residue Topographical Entropy from AEM (THR 54) : 7.8807
Residue Topographical Entropy from AEM (ASP 55) : 4.6476
Residue Topographical Entropy from AEM (GLY 56) : -0.0000
Residue Topographical Entropy from AEM (SER 57) : 5.7626
Residue Topographical Entropy from AEM (GLY 58) : -0.0000
Residue Topographical Entropy from AEM (THR 59) : -0.0000
Residue Topographical Entropy from AEM (ALA 60) : -0.0000
Residue Topographical Entropy from AEM (LEU 61) : 7.2694
Residue Topographical Entropy from AEM (GLY 62) : -0.0000
Residue Topographical Entropy from AEM (TRP 63) : 37.1732
Residue Topographical Entropy from AEM (THR 64) : 0.6418
Residue Topographical Entropy from AEM (VAL 65) : 1.2337
Residue Topographical Entropy from AEM (ALA 66) : -0.0000
Residue Topographical Entropy from AEM (TRP 67) : 40.8591
Residue Topographical Entropy from AEM (LYS 68) : 16.2930
Residue Topographical Entropy from AEM (ASN 69) : 3.5753
Residue Topographical Entropy from AEM (ASN 70) : 13.6897
Residue Topographical Entropy from AEM (TYR 71) : 26.4072
Residue Topographical Entropy from AEM (ARG 72) : 15.9886
Residue Topographical Entropy from AEM (ASN 73) : 2.6412
Residue Topographical Entropy from AEM (ALA 74) : -0.0000
Residue Topographical Entropy from AEM (HID 75) : 19.9495
Residue Topographical Entropy from AEM (SER 76) : 6.0490
Residue Topographical Entropy from AEM (ALA 77) : -0.0000
Residue Topographical Entropy from AEM (THR 78) : 0.6297
Residue Topographical Entropy from AEM (THR 79) : 9.1293
Residue Topographical Entropy from AEM (TRP 80) : 40.7610
Residue Topographical Entropy from AEM (SER 81) : 4.2661
Residue Topographical Entropy from AEM (GLY 82) : -0.0000
Residue Topographical Entropy from AEM (GLN 83) : 11.3736
Residue Topographical Entropy from AEM (TYR 84) : 23.8726
Residue Topographical Entropy from AEM (VAL 85) : 4.2646
Residue Topographical Entropy from AEM (GLY 86) : -0.0000
Residue Topographical Entropy from AEM (GLY 87) : -0.0000
Residue Topographical Entropy from AEM (ALA 88) : -0.0000
Residue Topographical Entropy from AEM (GLU 89) : 22.6184
Residue Topographical Entropy from AEM (ALA 90) : -0.0000
Residue Topographical Entropy from AEM (ARG 91) : 15.5622
Residue Topographical Entropy from AEM (ILE 92) : 2.6028
Residue Topographical Entropy from AEM (ASN 93) : 11.8743
Residue Topographical Entropy from AEM (THR 94) : 2.1185
Residue Topographical Entropy from AEM (GLN 95) : 10.8222
Residue Topographical Entropy from AEM (TRP 96) : 36.6025
Residue Topographical Entropy from AEM (LEU 97) : 4.9289
Residue Topographical Entropy from AEM (LEU 98) : 3.6128
Residue Topographical Entropy from AEM (THR 99) : -0.0000
Residue Topographical Entropy from AEM (SER 100) : 8.1845
Residue Topographical Entropy from AEM (GLY 101) : -0.0000
Residue Topographical Entropy from AEM (THR 102) : 2.5670
Residue Topographical Entropy from AEM (THR 103) : 5.2016
Residue Topographical Entropy from AEM (GLU 104) : 19.0205
Residue Topographical Entropy from AEM (ALA 105) : -0.0000
Residue Topographical Entropy from AEM (ASN 106) : 2.1622
Residue Topographical Entropy from AEM (ALA 107) : -0.0000
Residue Topographical Entropy from AEM (TRP 108) : 0.2526
Residue Topographical Entropy from AEM (LYS 109) : 13.1705
Residue Topographical Entropy from AEM (SER 110) : 5.7025
Residue Topographical Entropy from AEM (THR 111) : 1.5293
Residue Topographical Entropy from AEM (LEU 112) : 4.5374
Residue Topographical Entropy from AEM (VAL 113) : 0.8151
Residue Topographical Entropy from AEM (GLY 114) : -0.0000
Residue Topographical Entropy from AEM (HID 115) : 19.4003
Residue Topographical Entropy from AEM (ASP 116) : 5.8432
Residue Topographical Entropy from AEM (THR 117) : 5.3273
Residue Topographical Entropy from AEM (PHE 118) : 29.7916
Residue Topographical Entropy from AEM (THR 119) : 5.0433
Residue Topographical Entropy from AEM (LYS 120) : 14.2193
Residue Topographical Entropy from AEM (VAL 121) : 4.6240
Residue Topographical Entropy from AEM (LYS 122) : 19.5204
Residue Topographical Entropy from AEM (PRO 123) : 10.2221
Residue Topographical Entropy from AEM (SER 124) : 8.3875
Residue Topographical Entropy from AEM (ALA 125) : -0.0000
Residue Topographical Entropy from AEM (ALA 126) : -0.0000
Residue Topographical Entropy from AEM (CSER 127) : 12.0206
____________________________________________________________
Total Topog. Entropy (AEM)               :        1016.215
------------------------------------------------------------
____________________________________________________________
Total Entropy                            :        1016.215
------------------------------------------------------------
