------------------------------------------------------------
Topographical entropy of residue side chains 
computed using all the dihedrals with correlation/pLogp formalism
------------------------------------------------------------
Side Chain Topographical Entropy from corr. pLogP method (NALA 1) : -0.0000
Side Chain Topographical Entropy from corr. pLogP method (GLU 2) : 23.0298
Side Chain Topographical Entropy from corr. pLogP method (ALA 3) : -0.0000
Side Chain Topographical Entropy from corr. pLogP method (GLY 4) : -0.0000
Side Chain Topographical Entropy from corr. pLogP method (ILE 5) : 1.1677
Side Chain Topographical Entropy from corr. pLogP method (THR 6) : 0.5284
Side Chain Topographical Entropy from corr. pLogP method (GLY 7) : -0.0000
Side Chain Topographical Entropy from corr. pLogP method (THR 8) : 4.1849
Side Chain Topographical Entropy from corr. pLogP method (TRP 9) : 1.8012
Side Chain Topographical Entropy from corr. pLogP method (TYR 10) : 9.3554
Side Chain Topographical Entropy from corr. pLogP method (ALA 11) : -0.0000
Side Chain Topographical Entropy from corr. pLogP method (GLN 12) : 21.1079
Side Chain Topographical Entropy from corr. pLogP method (LEU 13) : 3.8815
Side Chain Topographical Entropy from corr. pLogP method (GLY 14) : -0.0000
Side Chain Topographical Entropy from corr. pLogP method (SER 15) : 0.2850
Side Chain Topographical Entropy from corr. pLogP method (THR 16) : 1.2648
Side Chain Topographical Entropy from corr. pLogP method (PHE 17) : 7.7064
Side Chain Topographical Entropy from corr. pLogP method (ILE 18) : 5.4601
Side Chain Topographical Entropy from corr. pLogP method (VAL 19) : 4.3090
Side Chain Topographical Entropy from corr. pLogP method (THR 20) : 6.7822
Side Chain Topographical Entropy from corr. pLogP method (ALA 21) : -0.0000
Side Chain Topographical Entropy from corr. pLogP method (GLY 22) : -0.0000
Side Chain Topographical Entropy from corr. pLogP method (ALA 23) : -0.0000
Side Chain Topographical Entropy from corr. pLogP method (ASP 24) : 16.2443
Side Chain Topographical Entropy from corr. pLogP method (GLY 25) : -0.0000
Side Chain Topographical Entropy from corr. pLogP method (ALA 26) : -0.0000
Side Chain Topographical Entropy from corr. pLogP method (LEU 27) : 9.7861
Side Chain Topographical Entropy from corr. pLogP method (THR 28) : 8.7406
Side Chain Topographical Entropy from corr. pLogP method (GLY 29) : -0.0000
Side Chain Topographical Entropy from corr. pLogP method (THR 30) : 4.3567
Side Chain Topographical Entropy from corr. pLogP method (TYR 31) : 9.5344
Side Chain Topographical Entropy from corr. pLogP method (GLU 32) : 10.7882
Side Chain Topographical Entropy from corr. pLogP method (SER 33) : 6.1398
Side Chain Topographical Entropy from corr. pLogP method (ALA 34) : -0.0000
Side Chain Topographical Entropy from corr. pLogP method (VAL 35) : 6.2633
Side Chain Topographical Entropy from corr. pLogP method (GLY 36) : -0.0000
Side Chain Topographical Entropy from corr. pLogP method (ASN 37) : 10.3966
Side Chain Topographical Entropy from corr. pLogP method (ALA 38) : -0.0000
Side Chain Topographical Entropy from corr. pLogP method (GLU 39) : 21.0414
Side Chain Topographical Entropy from corr. pLogP method (SER 40) : 5.7348
Side Chain Topographical Entropy from corr. pLogP method (ARG 41) : 4.4629
Side Chain Topographical Entropy from corr. pLogP method (TYR 42) : 2.1972
Side Chain Topographical Entropy from corr. pLogP method (VAL 43) : 1.1425
Side Chain Topographical Entropy from corr. pLogP method (LEU 44) : 0.5480
Side Chain Topographical Entropy from corr. pLogP method (THR 45) : 6.7441
Side Chain Topographical Entropy from corr. pLogP method (GLY 46) : -0.0000
Side Chain Topographical Entropy from corr. pLogP method (ARG 47) : 0.1494
Side Chain Topographical Entropy from corr. pLogP method (TYR 48) : 3.7838
Side Chain Topographical Entropy from corr. pLogP method (ASP 49) : 8.2497
Side Chain Topographical Entropy from corr. pLogP method (SER 50) : 1.1007
Side Chain Topographical Entropy from corr. pLogP method (ALA 51) : -0.0000
Side Chain Topographical Entropy from corr. pLogP method (PRO 52) : 12.5745
Side Chain Topographical Entropy from corr. pLogP method (ALA 53) : -0.0000
Side Chain Topographical Entropy from corr. pLogP method (THR 54) : 6.4339
Side Chain Topographical Entropy from corr. pLogP method (ASP 55) : 9.4892
Side Chain Topographical Entropy from corr. pLogP method (GLY 56) : -0.0000
Side Chain Topographical Entropy from corr. pLogP method (SER 57) : 2.2162
Side Chain Topographical Entropy from corr. pLogP method (GLY 58) : -0.0000
Side Chain Topographical Entropy from corr. pLogP method (THR 59) : 3.6544
Side Chain Topographical Entropy from corr. pLogP method (ALA 60) : -0.0000
Side Chain Topographical Entropy from corr. pLogP method (LEU 61) : 5.3140
Side Chain Topographical Entropy from corr. pLogP method (GLY 62) : -0.0000
Side Chain Topographical Entropy from corr. pLogP method (TRP 63) : 0.0104
Side Chain Topographical Entropy from corr. pLogP method (THR 64) : 1.6306
Side Chain Topographical Entropy from corr. pLogP method (VAL 65) : 0.1570
Side Chain Topographical Entropy from corr. pLogP method (ALA 66) : -0.0000
Side Chain Topographical Entropy from corr. pLogP method (TRP 67) : 0.9918
Side Chain Topographical Entropy from corr. pLogP method (LYS 68) : 13.9320
Side Chain Topographical Entropy from corr. pLogP method (ASN 69) : 6.7720
Side Chain Topographical Entropy from corr. pLogP method (ASN 70) : 13.5604
Side Chain Topographical Entropy from corr. pLogP method (TYR 71) : 11.2123
Side Chain Topographical Entropy from corr. pLogP method (ARG 72) : 15.4701
Side Chain Topographical Entropy from corr. pLogP method (ASN 73) : 3.1569
Side Chain Topographical Entropy from corr. pLogP method (ALA 74) : -0.0000
Side Chain Topographical Entropy from corr. pLogP method (HID 75) : 2.0774
Side Chain Topographical Entropy from corr. pLogP method (SER 76) : 3.7065
Side Chain Topographical Entropy from corr. pLogP method (ALA 77) : -0.0000
Side Chain Topographical Entropy from corr. pLogP method (THR 78) : 0.1758
Side Chain Topographical Entropy from corr. pLogP method (THR 79) : 0.8146
Side Chain Topographical Entropy from corr. pLogP method (TRP 80) : 2.9502
Side Chain Topographical Entropy from corr. pLogP method (SER 81) : 0.0104
Side Chain Topographical Entropy from corr. pLogP method (GLY 82) : -0.0000
Side Chain Topographical Entropy from corr. pLogP method (GLN 83) : 8.8533
Side Chain Topographical Entropy from corr. pLogP method (TYR 84) : 0.4733
Side Chain Topographical Entropy from corr. pLogP method (VAL 85) : 1.6103
Side Chain Topographical Entropy from corr. pLogP method (GLY 86) : -0.0000
Side Chain Topographical Entropy from corr. pLogP method (GLY 87) : -0.0000
Side Chain Topographical Entropy from corr. pLogP method (ALA 88) : -0.0000
Side Chain Topographical Entropy from corr. pLogP method (GLU 89) : 20.4638
Side Chain Topographical Entropy from corr. pLogP method (ALA 90) : -0.0000
Side Chain Topographical Entropy from corr. pLogP method (ARG 91) : 11.8635
Side Chain Topographical Entropy from corr. pLogP method (ILE 92) : 0.2977
Side Chain Topographical Entropy from corr. pLogP method (ASN 93) : 7.4668
Side Chain Topographical Entropy from corr. pLogP method (THR 94) : 5.6089
Side Chain Topographical Entropy from corr. pLogP method (GLN 95) : 2.3781
Side Chain Topographical Entropy from corr. pLogP method (TRP 96) : 1.2058
Side Chain Topographical Entropy from corr. pLogP method (LEU 97) : 0.6220
Side Chain Topographical Entropy from corr. pLogP method (LEU 98) : 1.6349
Side Chain Topographical Entropy from corr. pLogP method (THR 99) : 0.0104
Side Chain Topographical Entropy from corr. pLogP method (SER 100) : 7.7644
Side Chain Topographical Entropy from corr. pLogP method (GLY 101) : -0.0000
Side Chain Topographical Entropy from corr. pLogP method (THR 102) : 3.6499
Side Chain Topographical Entropy from corr. pLogP method (THR 103) : 0.4821
Side Chain Topographical Entropy from corr. pLogP method (GLU 104) : 21.7178
Side Chain Topographical Entropy from corr. pLogP method (ALA 105) : -0.0000
Side Chain Topographical Entropy from corr. pLogP method (ASN 106) : 3.9352
Side Chain Topographical Entropy from corr. pLogP method (ALA 107) : -0.0000
Side Chain Topographical Entropy from corr. pLogP method (TRP 108) : 5.8319
Side Chain Topographical Entropy from corr. pLogP method (LYS 109) : 12.3426
Side Chain Topographical Entropy from corr. pLogP method (SER 110) : 0.5813
Side Chain Topographical Entropy from corr. pLogP method (THR 111) : 0.1264
Side Chain Topographical Entropy from corr. pLogP method (LEU 112) : 2.1300
Side Chain Topographical Entropy from corr. pLogP method (VAL 113) : 0.0551
Side Chain Topographical Entropy from corr. pLogP method (GLY 114) : -0.0000
Side Chain Topographical Entropy from corr. pLogP method (HID 115) : 0.2811
Side Chain Topographical Entropy from corr. pLogP method (ASP 116) : 6.3280
Side Chain Topographical Entropy from corr. pLogP method (THR 117) : 2.5240
Side Chain Topographical Entropy from corr. pLogP method (PHE 118) : 0.3563
Side Chain Topographical Entropy from corr. pLogP method (THR 119) : 3.5397
Side Chain Topographical Entropy from corr. pLogP method (LYS 120) : 16.8113
Side Chain Topographical Entropy from corr. pLogP method (VAL 121) : 4.5011
Side Chain Topographical Entropy from corr. pLogP method (LYS 122) : 25.2871
Side Chain Topographical Entropy from corr. pLogP method (PRO 123) : 18.9476
Side Chain Topographical Entropy from corr. pLogP method (SER 124) : 7.8986
Side Chain Topographical Entropy from corr. pLogP method (ALA 125) : -0.0000
Side Chain Topographical Entropy from corr. pLogP method (ALA 126) : -0.0000
Side Chain Topographical Entropy from corr. pLogP method (CSER 127) : 0.8919
____________________________________________________________
Total SC Topog. Entropy (corr. pLogP)    :         553.052
------------------------------------------------------------
____________________________________________________________
Total BB Topog. Entropy (corr. pLogP)    :          31.945
------------------------------------------------------------
____________________________________________________________
Total Entropy                            :         584.997
------------------------------------------------------------
