------------------------------------------------------------
Topographical entropy of residue side chains 
computed using all the dihedrals with AEM method
------------------------------------------------------------
Residue Topographical Entropy from AEM (NALA 1) : 0.7329
Residue Topographical Entropy from AEM (GLU 2) : 23.2319
Residue Topographical Entropy from AEM (ALA 3) : -0.0000
Residue Topographical Entropy from AEM (GLY 4) : -0.0000
Residue Topographical Entropy from AEM (ILE 5) : 2.0090
Residue Topographical Entropy from AEM (THR 6) : 0.3672
Residue Topographical Entropy from AEM (GLY 7) : -0.0000
Residue Topographical Entropy from AEM (THR 8) : 3.3167
Residue Topographical Entropy from AEM (TRP 9) : 36.8229
Residue Topographical Entropy from AEM (TYR 10) : 28.8138
Residue Topographical Entropy from AEM (ALA 11) : -0.0000
Residue Topographical Entropy from AEM (GLN 12) : 18.6572
Residue Topographical Entropy from AEM (LEU 13) : 11.0338
Residue Topographical Entropy from AEM (GLY 14) : -0.0000
Residue Topographical Entropy from AEM (SER 15) : 7.4588
Residue Topographical Entropy from AEM (THR 16) : 6.2542
Residue Topographical Entropy from AEM (PHE 17) : 24.3391
Residue Topographical Entropy from AEM (ILE 18) : 11.4845
Residue Topographical Entropy from AEM (VAL 19) : 5.5902
Residue Topographical Entropy from AEM (THR 20) : 8.1846
Residue Topographical Entropy from AEM (ALA 21) : -0.0000
Residue Topographical Entropy from AEM (GLY 22) : -0.0000
Residue Topographical Entropy from AEM (ALA 23) : -0.0000
Residue Topographical Entropy from AEM (ASP 24) : 11.3376
Residue Topographical Entropy from AEM (GLY 25) : -0.0000
Residue Topographical Entropy from AEM (ALA 26) : -0.0000
Residue Topographical Entropy from AEM (LEU 27) : 3.1678
Residue Topographical Entropy from AEM (THR 28) : 8.4220
Residue Topographical Entropy from AEM (GLY 29) : -0.0000
Residue Topographical Entropy from AEM (THR 30) : 4.2677
Residue Topographical Entropy from AEM (TYR 31) : 21.1310
Residue Topographical Entropy from AEM (GLU 32) : 17.1072
Residue Topographical Entropy from AEM (SER 33) : 7.8923
Residue Topographical Entropy from AEM (ALA 34) : -0.0000
Residue Topographical Entropy from AEM (VAL 35) : 7.7089
Residue Topographical Entropy from AEM (GLY 36) : -0.0000
Residue Topographical Entropy from AEM (ASN 37) : 9.9422
Residue Topographical Entropy from AEM (ALA 38) : -0.0000
Residue Topographical Entropy from AEM (GLU 39) : 24.1540
Residue Topographical Entropy from AEM (SER 40) : 6.1004
Residue Topographical Entropy from AEM (ARG 41) : 12.9919
Residue Topographical Entropy from AEM (TYR 42) : 21.4881
Residue Topographical Entropy from AEM (VAL 43) : 0.4365
Residue Topographical Entropy from AEM (LEU 44) : 0.6318
Residue Topographical Entropy from AEM (THR 45) : 6.8880
Residue Topographical Entropy from AEM (GLY 46) : -0.0000
Residue Topographical Entropy from AEM (ARG 47) : -0.0000
Residue Topographical Entropy from AEM (TYR 48) : -0.0000
Residue Topographical Entropy from AEM (ASP 49) : -0.0000
Residue Topographical Entropy from AEM (SER 50) : 0.7449
Residue Topographical Entropy from AEM (ALA 51) : -0.0000
Residue Topographical Entropy from AEM (PRO 52) : 5.0133
Residue Topographical Entropy from AEM (ALA 53) : -0.0000
Residue Topographical Entropy from AEM (THR 54) : 7.2363
Residue Topographical Entropy from AEM (ASP 55) : 3.7673
Residue Topographical Entropy from AEM (GLY 56) : -0.0000
Residue Topographical Entropy from AEM (SER 57) : -0.0000
Residue Topographical Entropy from AEM (GLY 58) : -0.0000
Residue Topographical Entropy from AEM (THR 59) : -0.0000
Residue Topographical Entropy from AEM (ALA 60) : -0.0000
Residue Topographical Entropy from AEM (LEU 61) : 4.5072
Residue Topographical Entropy from AEM (GLY 62) : -0.0000
Residue Topographical Entropy from AEM (TRP 63) : 18.9930
Residue Topographical Entropy from AEM (THR 64) : 2.0819
Residue Topographical Entropy from AEM (VAL 65) : 0.1200
Residue Topographical Entropy from AEM (ALA 66) : -0.0000
Residue Topographical Entropy from AEM (TRP 67) : 44.8136
Residue Topographical Entropy from AEM (LYS 68) : 9.1156
Residue Topographical Entropy from AEM (ASN 69) : 0.7624
Residue Topographical Entropy from AEM (ASN 70) : 10.6074
Residue Topographical Entropy from AEM (TYR 71) : 27.2636
Residue Topographical Entropy from AEM (ARG 72) : 14.4624
Residue Topographical Entropy from AEM (ASN 73) : 1.4185
Residue Topographical Entropy from AEM (ALA 74) : -0.0000
Residue Topographical Entropy from AEM (HID 75) : 22.0606
Residue Topographical Entropy from AEM (SER 76) : 5.5160
Residue Topographical Entropy from AEM (ALA 77) : -0.0000
Residue Topographical Entropy from AEM (THR 78) : 0.0193
Residue Topographical Entropy from AEM (THR 79) : 5.8099
Residue Topographical Entropy from AEM (TRP 80) : 32.1471
Residue Topographical Entropy from AEM (SER 81) : 0.0799
Residue Topographical Entropy from AEM (GLY 82) : -0.0000
Residue Topographical Entropy from AEM (GLN 83) : 6.2563
Residue Topographical Entropy from AEM (TYR 84) : 23.4824
Residue Topographical Entropy from AEM (VAL 85) : 2.3005
Residue Topographical Entropy from AEM (GLY 86) : -0.0000
Residue Topographical Entropy from AEM (GLY 87) : -0.0000
Residue Topographical Entropy from AEM (ALA 88) : -0.0000
Residue Topographical Entropy from AEM (GLU 89) : 23.3839
Residue Topographical Entropy from AEM (ALA 90) : -0.0000
Residue Topographical Entropy from AEM (ARG 91) : 11.5595
Residue Topographical Entropy from AEM (ILE 92) : 0.1322
Residue Topographical Entropy from AEM (ASN 93) : 8.2920
Residue Topographical Entropy from AEM (THR 94) : -0.0000
Residue Topographical Entropy from AEM (GLN 95) : 2.1174
Residue Topographical Entropy from AEM (TRP 96) : 35.5596
Residue Topographical Entropy from AEM (LEU 97) : -0.0000
Residue Topographical Entropy from AEM (LEU 98) : 4.0129
Residue Topographical Entropy from AEM (THR 99) : 5.7941
Residue Topographical Entropy from AEM (SER 100) : 8.7202
Residue Topographical Entropy from AEM (GLY 101) : -0.0000
Residue Topographical Entropy from AEM (THR 102) : 6.7609
Residue Topographical Entropy from AEM (THR 103) : 6.4040
Residue Topographical Entropy from AEM (GLU 104) : 19.4799
Residue Topographical Entropy from AEM (ALA 105) : -0.0000
Residue Topographical Entropy from AEM (ASN 106) : 10.3625
Residue Topographical Entropy from AEM (ALA 107) : -0.0000
Residue Topographical Entropy from AEM (TRP 108) : 41.8237
Residue Topographical Entropy from AEM (LYS 109) : 16.5107
Residue Topographical Entropy from AEM (SER 110) : 8.8246
Residue Topographical Entropy from AEM (THR 111) : 0.6301
Residue Topographical Entropy from AEM (LEU 112) : 3.7332
Residue Topographical Entropy from AEM (VAL 113) : 0.6024
Residue Topographical Entropy from AEM (GLY 114) : -0.0000
Residue Topographical Entropy from AEM (HID 115) : 24.1340
Residue Topographical Entropy from AEM (ASP 116) : 6.1371
Residue Topographical Entropy from AEM (THR 117) : 0.2396
Residue Topographical Entropy from AEM (PHE 118) : 27.0653
Residue Topographical Entropy from AEM (THR 119) : 5.1278
Residue Topographical Entropy from AEM (LYS 120) : 10.6144
Residue Topographical Entropy from AEM (VAL 121) : 6.1521
Residue Topographical Entropy from AEM (LYS 122) : 20.2682
Residue Topographical Entropy from AEM (PRO 123) : 8.1032
Residue Topographical Entropy from AEM (SER 124) : 7.9007
Residue Topographical Entropy from AEM (ALA 125) : -0.0000
Residue Topographical Entropy from AEM (ALA 126) : -0.0000
Residue Topographical Entropy from AEM (CSER 127) : 12.1705
____________________________________________________________
Total Topog. Entropy (AEM)               :         943.160
------------------------------------------------------------
____________________________________________________________
Total Entropy                            :         943.160
------------------------------------------------------------
