------------------------------------------------------------
Topographical entropy of residue side chains 
computed using all the dihedrals with correlation/pLogp formalism
------------------------------------------------------------
Side Chain Topographical Entropy from corr. pLogP method (NALA 1) : -0.0000
Side Chain Topographical Entropy from corr. pLogP method (GLU 2) : 24.5848
Side Chain Topographical Entropy from corr. pLogP method (ALA 3) : -0.0000
Side Chain Topographical Entropy from corr. pLogP method (GLY 4) : -0.0000
Side Chain Topographical Entropy from corr. pLogP method (ILE 5) : 2.7767
Side Chain Topographical Entropy from corr. pLogP method (THR 6) : 3.3917
Side Chain Topographical Entropy from corr. pLogP method (GLY 7) : -0.0000
Side Chain Topographical Entropy from corr. pLogP method (THR 8) : 0.7199
Side Chain Topographical Entropy from corr. pLogP method (TRP 9) : 1.7011
Side Chain Topographical Entropy from corr. pLogP method (TYR 10) : 5.9576
Side Chain Topographical Entropy from corr. pLogP method (ALA 11) : -0.0000
Side Chain Topographical Entropy from corr. pLogP method (GLN 12) : 18.6183
Side Chain Topographical Entropy from corr. pLogP method (LEU 13) : 2.3720
Side Chain Topographical Entropy from corr. pLogP method (GLY 14) : -0.0000
Side Chain Topographical Entropy from corr. pLogP method (SER 15) : 5.7691
Side Chain Topographical Entropy from corr. pLogP method (THR 16) : 8.0480
Side Chain Topographical Entropy from corr. pLogP method (PHE 17) : 5.4007
Side Chain Topographical Entropy from corr. pLogP method (ILE 18) : 9.6791
Side Chain Topographical Entropy from corr. pLogP method (VAL 19) : 6.5113
Side Chain Topographical Entropy from corr. pLogP method (THR 20) : 7.5664
Side Chain Topographical Entropy from corr. pLogP method (ALA 21) : -0.0000
Side Chain Topographical Entropy from corr. pLogP method (GLY 22) : -0.0000
Side Chain Topographical Entropy from corr. pLogP method (ALA 23) : -0.0000
Side Chain Topographical Entropy from corr. pLogP method (ASP 24) : 14.4817
Side Chain Topographical Entropy from corr. pLogP method (GLY 25) : -0.0000
Side Chain Topographical Entropy from corr. pLogP method (ALA 26) : -0.0000
Side Chain Topographical Entropy from corr. pLogP method (LEU 27) : 6.3929
Side Chain Topographical Entropy from corr. pLogP method (THR 28) : 9.1009
Side Chain Topographical Entropy from corr. pLogP method (GLY 29) : -0.0000
Side Chain Topographical Entropy from corr. pLogP method (THR 30) : 6.9698
Side Chain Topographical Entropy from corr. pLogP method (TYR 31) : 4.0386
Side Chain Topographical Entropy from corr. pLogP method (GLU 32) : 16.9729
Side Chain Topographical Entropy from corr. pLogP method (SER 33) : 8.2193
Side Chain Topographical Entropy from corr. pLogP method (ALA 34) : -0.0000
Side Chain Topographical Entropy from corr. pLogP method (VAL 35) : 8.4783
Side Chain Topographical Entropy from corr. pLogP method (GLY 36) : -0.0000
Side Chain Topographical Entropy from corr. pLogP method (ASN 37) : 13.6989
Side Chain Topographical Entropy from corr. pLogP method (ALA 38) : -0.0000
Side Chain Topographical Entropy from corr. pLogP method (GLU 39) : 23.1303
Side Chain Topographical Entropy from corr. pLogP method (SER 40) : 6.6823
Side Chain Topographical Entropy from corr. pLogP method (ARG 41) : 8.7027
Side Chain Topographical Entropy from corr. pLogP method (TYR 42) : 0.9768
Side Chain Topographical Entropy from corr. pLogP method (VAL 43) : 1.5787
Side Chain Topographical Entropy from corr. pLogP method (LEU 44) : 1.7457
Side Chain Topographical Entropy from corr. pLogP method (THR 45) : 2.1064
Side Chain Topographical Entropy from corr. pLogP method (GLY 46) : -0.0000
Side Chain Topographical Entropy from corr. pLogP method (ARG 47) : 3.4879
Side Chain Topographical Entropy from corr. pLogP method (TYR 48) : 6.2028
Side Chain Topographical Entropy from corr. pLogP method (ASP 49) : 1.8162
Side Chain Topographical Entropy from corr. pLogP method (SER 50) : 2.8020
Side Chain Topographical Entropy from corr. pLogP method (ALA 51) : -0.0000
Side Chain Topographical Entropy from corr. pLogP method (PRO 52) : 13.4479
Side Chain Topographical Entropy from corr. pLogP method (ALA 53) : -0.0000
Side Chain Topographical Entropy from corr. pLogP method (THR 54) : 8.0689
Side Chain Topographical Entropy from corr. pLogP method (ASP 55) : 8.4194
Side Chain Topographical Entropy from corr. pLogP method (GLY 56) : -0.0000
Side Chain Topographical Entropy from corr. pLogP method (SER 57) : 2.0993
Side Chain Topographical Entropy from corr. pLogP method (GLY 58) : -0.0000
Side Chain Topographical Entropy from corr. pLogP method (THR 59) : 0.9651
Side Chain Topographical Entropy from corr. pLogP method (ALA 60) : -0.0000
Side Chain Topographical Entropy from corr. pLogP method (LEU 61) : 8.9031
Side Chain Topographical Entropy from corr. pLogP method (GLY 62) : -0.0000
Side Chain Topographical Entropy from corr. pLogP method (TRP 63) : 1.1565
Side Chain Topographical Entropy from corr. pLogP method (THR 64) : 0.5405
Side Chain Topographical Entropy from corr. pLogP method (VAL 65) : 0.2835
Side Chain Topographical Entropy from corr. pLogP method (ALA 66) : -0.0000
Side Chain Topographical Entropy from corr. pLogP method (TRP 67) : 0.8580
Side Chain Topographical Entropy from corr. pLogP method (LYS 68) : 11.0436
Side Chain Topographical Entropy from corr. pLogP method (ASN 69) : 6.2575
Side Chain Topographical Entropy from corr. pLogP method (ASN 70) : 14.2042
Side Chain Topographical Entropy from corr. pLogP method (TYR 71) : 7.0110
Side Chain Topographical Entropy from corr. pLogP method (ARG 72) : 8.7306
Side Chain Topographical Entropy from corr. pLogP method (ASN 73) : 2.0430
Side Chain Topographical Entropy from corr. pLogP method (ALA 74) : -0.0000
Side Chain Topographical Entropy from corr. pLogP method (HID 75) : 2.1920
Side Chain Topographical Entropy from corr. pLogP method (SER 76) : 6.2977
Side Chain Topographical Entropy from corr. pLogP method (ALA 77) : -0.0000
Side Chain Topographical Entropy from corr. pLogP method (THR 78) : 0.3193
Side Chain Topographical Entropy from corr. pLogP method (THR 79) : 2.8405
Side Chain Topographical Entropy from corr. pLogP method (TRP 80) : 3.6394
Side Chain Topographical Entropy from corr. pLogP method (SER 81) : 1.3297
Side Chain Topographical Entropy from corr. pLogP method (GLY 82) : -0.0000
Side Chain Topographical Entropy from corr. pLogP method (GLN 83) : 14.3943
Side Chain Topographical Entropy from corr. pLogP method (TYR 84) : 11.0320
Side Chain Topographical Entropy from corr. pLogP method (VAL 85) : 5.5979
Side Chain Topographical Entropy from corr. pLogP method (GLY 86) : -0.0000
Side Chain Topographical Entropy from corr. pLogP method (GLY 87) : -0.0000
Side Chain Topographical Entropy from corr. pLogP method (ALA 88) : -0.0000
Side Chain Topographical Entropy from corr. pLogP method (GLU 89) : 19.9414
Side Chain Topographical Entropy from corr. pLogP method (ALA 90) : -0.0000
Side Chain Topographical Entropy from corr. pLogP method (ARG 91) : 18.6948
Side Chain Topographical Entropy from corr. pLogP method (ILE 92) : 0.7953
Side Chain Topographical Entropy from corr. pLogP method (ASN 93) : 6.3865
Side Chain Topographical Entropy from corr. pLogP method (THR 94) : 6.7328
Side Chain Topographical Entropy from corr. pLogP method (GLN 95) : 14.1436
Side Chain Topographical Entropy from corr. pLogP method (TRP 96) : 6.3940
Side Chain Topographical Entropy from corr. pLogP method (LEU 97) : 4.7957
Side Chain Topographical Entropy from corr. pLogP method (LEU 98) : 4.1632
Side Chain Topographical Entropy from corr. pLogP method (THR 99) : 5.1607
Side Chain Topographical Entropy from corr. pLogP method (SER 100) : 6.3691
Side Chain Topographical Entropy from corr. pLogP method (GLY 101) : -0.0000
Side Chain Topographical Entropy from corr. pLogP method (THR 102) : 3.3564
Side Chain Topographical Entropy from corr. pLogP method (THR 103) : 1.8421
Side Chain Topographical Entropy from corr. pLogP method (GLU 104) : 23.4127
Side Chain Topographical Entropy from corr. pLogP method (ALA 105) : -0.0000
Side Chain Topographical Entropy from corr. pLogP method (ASN 106) : 5.7439
Side Chain Topographical Entropy from corr. pLogP method (ALA 107) : -0.0000
Side Chain Topographical Entropy from corr. pLogP method (TRP 108) : 7.2595
Side Chain Topographical Entropy from corr. pLogP method (LYS 109) : 15.8960
Side Chain Topographical Entropy from corr. pLogP method (SER 110) : 4.0662
Side Chain Topographical Entropy from corr. pLogP method (THR 111) : 0.6300
Side Chain Topographical Entropy from corr. pLogP method (LEU 112) : 3.7690
Side Chain Topographical Entropy from corr. pLogP method (VAL 113) : 2.6537
Side Chain Topographical Entropy from corr. pLogP method (GLY 114) : -0.0000
Side Chain Topographical Entropy from corr. pLogP method (HID 115) : 3.9180
Side Chain Topographical Entropy from corr. pLogP method (ASP 116) : 6.8438
Side Chain Topographical Entropy from corr. pLogP method (THR 117) : 2.2931
Side Chain Topographical Entropy from corr. pLogP method (PHE 118) : 5.7542
Side Chain Topographical Entropy from corr. pLogP method (THR 119) : 0.7661
Side Chain Topographical Entropy from corr. pLogP method (LYS 120) : 14.3565
Side Chain Topographical Entropy from corr. pLogP method (VAL 121) : 5.2577
Side Chain Topographical Entropy from corr. pLogP method (LYS 122) : 23.8827
Side Chain Topographical Entropy from corr. pLogP method (PRO 123) : 15.0540
Side Chain Topographical Entropy from corr. pLogP method (SER 124) : 2.4229
Side Chain Topographical Entropy from corr. pLogP method (ALA 125) : -0.0000
Side Chain Topographical Entropy from corr. pLogP method (ALA 126) : -0.0000
Side Chain Topographical Entropy from corr. pLogP method (CSER 127) : 4.2364
____________________________________________________________
Total SC Topog. Entropy (corr. pLogP)    :         639.348
------------------------------------------------------------
____________________________________________________________
Total BB Topog. Entropy (corr. pLogP)    :          42.214
------------------------------------------------------------
____________________________________________________________
Total Entropy                            :         681.562
------------------------------------------------------------
