------------------------------------------------------------
Topographical entropy of residue side chains 
computed using all the dihedrals with correlation/pLogp formalism
------------------------------------------------------------
Side Chain Topographical Entropy from corr. pLogP method (NALA 1) : -0.0000
Side Chain Topographical Entropy from corr. pLogP method (GLU 2) : 22.5653
Side Chain Topographical Entropy from corr. pLogP method (ALA 3) : -0.0000
Side Chain Topographical Entropy from corr. pLogP method (GLY 4) : -0.0000
Side Chain Topographical Entropy from corr. pLogP method (ILE 5) : 2.3842
Side Chain Topographical Entropy from corr. pLogP method (THR 6) : 0.3103
Side Chain Topographical Entropy from corr. pLogP method (GLY 7) : -0.0000
Side Chain Topographical Entropy from corr. pLogP method (THR 8) : 1.4042
Side Chain Topographical Entropy from corr. pLogP method (TRP 9) : 2.4437
Side Chain Topographical Entropy from corr. pLogP method (TYR 10) : 10.6886
Side Chain Topographical Entropy from corr. pLogP method (ALA 11) : -0.0000
Side Chain Topographical Entropy from corr. pLogP method (GLN 12) : 20.0652
Side Chain Topographical Entropy from corr. pLogP method (LEU 13) : 6.9694
Side Chain Topographical Entropy from corr. pLogP method (GLY 14) : -0.0000
Side Chain Topographical Entropy from corr. pLogP method (SER 15) : 5.5795
Side Chain Topographical Entropy from corr. pLogP method (THR 16) : 1.5973
Side Chain Topographical Entropy from corr. pLogP method (PHE 17) : 2.4913
Side Chain Topographical Entropy from corr. pLogP method (ILE 18) : 9.2689
Side Chain Topographical Entropy from corr. pLogP method (VAL 19) : 2.4348
Side Chain Topographical Entropy from corr. pLogP method (THR 20) : 6.8725
Side Chain Topographical Entropy from corr. pLogP method (ALA 21) : -0.0000
Side Chain Topographical Entropy from corr. pLogP method (GLY 22) : -0.0000
Side Chain Topographical Entropy from corr. pLogP method (ALA 23) : -0.0000
Side Chain Topographical Entropy from corr. pLogP method (ASP 24) : 16.1541
Side Chain Topographical Entropy from corr. pLogP method (GLY 25) : -0.0000
Side Chain Topographical Entropy from corr. pLogP method (ALA 26) : -0.0000
Side Chain Topographical Entropy from corr. pLogP method (LEU 27) : 9.3674
Side Chain Topographical Entropy from corr. pLogP method (THR 28) : 8.8837
Side Chain Topographical Entropy from corr. pLogP method (GLY 29) : -0.0000
Side Chain Topographical Entropy from corr. pLogP method (THR 30) : 9.0862
Side Chain Topographical Entropy from corr. pLogP method (TYR 31) : 7.1451
Side Chain Topographical Entropy from corr. pLogP method (GLU 32) : 16.9572
Side Chain Topographical Entropy from corr. pLogP method (SER 33) : 7.5998
Side Chain Topographical Entropy from corr. pLogP method (ALA 34) : -0.0000
Side Chain Topographical Entropy from corr. pLogP method (VAL 35) : 9.0594
Side Chain Topographical Entropy from corr. pLogP method (GLY 36) : -0.0000
Side Chain Topographical Entropy from corr. pLogP method (ASN 37) : 14.1741
Side Chain Topographical Entropy from corr. pLogP method (ALA 38) : -0.0000
Side Chain Topographical Entropy from corr. pLogP method (GLU 39) : 16.8013
Side Chain Topographical Entropy from corr. pLogP method (SER 40) : 8.6178
Side Chain Topographical Entropy from corr. pLogP method (ARG 41) : 16.2510
Side Chain Topographical Entropy from corr. pLogP method (TYR 42) : 1.8408
Side Chain Topographical Entropy from corr. pLogP method (VAL 43) : 0.3824
Side Chain Topographical Entropy from corr. pLogP method (LEU 44) : 5.1681
Side Chain Topographical Entropy from corr. pLogP method (THR 45) : 7.1946
Side Chain Topographical Entropy from corr. pLogP method (GLY 46) : -0.0000
Side Chain Topographical Entropy from corr. pLogP method (ARG 47) : 0.6986
Side Chain Topographical Entropy from corr. pLogP method (TYR 48) : 5.3802
Side Chain Topographical Entropy from corr. pLogP method (ASP 49) : 4.1229
Side Chain Topographical Entropy from corr. pLogP method (SER 50) : 3.0916
Side Chain Topographical Entropy from corr. pLogP method (ALA 51) : -0.0000
Side Chain Topographical Entropy from corr. pLogP method (PRO 52) : 14.6415
Side Chain Topographical Entropy from corr. pLogP method (ALA 53) : -0.0000
Side Chain Topographical Entropy from corr. pLogP method (THR 54) : 5.5797
Side Chain Topographical Entropy from corr. pLogP method (ASP 55) : 11.8876
Side Chain Topographical Entropy from corr. pLogP method (GLY 56) : -0.0000
Side Chain Topographical Entropy from corr. pLogP method (SER 57) : 2.8399
Side Chain Topographical Entropy from corr. pLogP method (GLY 58) : -0.0000
Side Chain Topographical Entropy from corr. pLogP method (THR 59) : 0.9361
Side Chain Topographical Entropy from corr. pLogP method (ALA 60) : -0.0000
Side Chain Topographical Entropy from corr. pLogP method (LEU 61) : 4.3420
Side Chain Topographical Entropy from corr. pLogP method (GLY 62) : -0.0000
Side Chain Topographical Entropy from corr. pLogP method (TRP 63) : 1.8109
Side Chain Topographical Entropy from corr. pLogP method (THR 64) : 0.0742
Side Chain Topographical Entropy from corr. pLogP method (VAL 65) : 0.0966
Side Chain Topographical Entropy from corr. pLogP method (ALA 66) : -0.0000
Side Chain Topographical Entropy from corr. pLogP method (TRP 67) : 2.3051
Side Chain Topographical Entropy from corr. pLogP method (LYS 68) : 12.4666
Side Chain Topographical Entropy from corr. pLogP method (ASN 69) : 9.0865
Side Chain Topographical Entropy from corr. pLogP method (ASN 70) : 15.0798
Side Chain Topographical Entropy from corr. pLogP method (TYR 71) : 13.4025
Side Chain Topographical Entropy from corr. pLogP method (ARG 72) : 21.1719
Side Chain Topographical Entropy from corr. pLogP method (ASN 73) : 7.1160
Side Chain Topographical Entropy from corr. pLogP method (ALA 74) : -0.0000
Side Chain Topographical Entropy from corr. pLogP method (HID 75) : 5.6609
Side Chain Topographical Entropy from corr. pLogP method (SER 76) : 1.9848
Side Chain Topographical Entropy from corr. pLogP method (ALA 77) : -0.0000
Side Chain Topographical Entropy from corr. pLogP method (THR 78) : 0.6814
Side Chain Topographical Entropy from corr. pLogP method (THR 79) : 0.9031
Side Chain Topographical Entropy from corr. pLogP method (TRP 80) : 4.1983
Side Chain Topographical Entropy from corr. pLogP method (SER 81) : 4.1813
Side Chain Topographical Entropy from corr. pLogP method (GLY 82) : -0.0000
Side Chain Topographical Entropy from corr. pLogP method (GLN 83) : 10.4570
Side Chain Topographical Entropy from corr. pLogP method (TYR 84) : 3.0151
Side Chain Topographical Entropy from corr. pLogP method (VAL 85) : 2.9108
Side Chain Topographical Entropy from corr. pLogP method (GLY 86) : -0.0000
Side Chain Topographical Entropy from corr. pLogP method (GLY 87) : -0.0000
Side Chain Topographical Entropy from corr. pLogP method (ALA 88) : -0.0000
Side Chain Topographical Entropy from corr. pLogP method (GLU 89) : 20.5316
Side Chain Topographical Entropy from corr. pLogP method (ALA 90) : -0.0000
Side Chain Topographical Entropy from corr. pLogP method (ARG 91) : 14.1109
Side Chain Topographical Entropy from corr. pLogP method (ILE 92) : 2.7951
Side Chain Topographical Entropy from corr. pLogP method (ASN 93) : 8.6911
Side Chain Topographical Entropy from corr. pLogP method (THR 94) : 5.6192
Side Chain Topographical Entropy from corr. pLogP method (GLN 95) : 5.6153
Side Chain Topographical Entropy from corr. pLogP method (TRP 96) : 2.7926
Side Chain Topographical Entropy from corr. pLogP method (LEU 97) : 1.7838
Side Chain Topographical Entropy from corr. pLogP method (LEU 98) : 1.5229
Side Chain Topographical Entropy from corr. pLogP method (THR 99) : 0.6351
Side Chain Topographical Entropy from corr. pLogP method (SER 100) : 7.8950
Side Chain Topographical Entropy from corr. pLogP method (GLY 101) : -0.0000
Side Chain Topographical Entropy from corr. pLogP method (THR 102) : 6.2694
Side Chain Topographical Entropy from corr. pLogP method (THR 103) : 2.7413
Side Chain Topographical Entropy from corr. pLogP method (GLU 104) : 23.5212
Side Chain Topographical Entropy from corr. pLogP method (ALA 105) : -0.0000
Side Chain Topographical Entropy from corr. pLogP method (ASN 106) : 6.2429
Side Chain Topographical Entropy from corr. pLogP method (ALA 107) : -0.0000
Side Chain Topographical Entropy from corr. pLogP method (TRP 108) : 11.4560
Side Chain Topographical Entropy from corr. pLogP method (LYS 109) : 14.5301
Side Chain Topographical Entropy from corr. pLogP method (SER 110) : 0.9560
Side Chain Topographical Entropy from corr. pLogP method (THR 111) : 0.6599
Side Chain Topographical Entropy from corr. pLogP method (LEU 112) : 2.4017
Side Chain Topographical Entropy from corr. pLogP method (VAL 113) : 1.6260
Side Chain Topographical Entropy from corr. pLogP method (GLY 114) : -0.0000
Side Chain Topographical Entropy from corr. pLogP method (HID 115) : 11.0212
Side Chain Topographical Entropy from corr. pLogP method (ASP 116) : 7.4915
Side Chain Topographical Entropy from corr. pLogP method (THR 117) : 6.3849
Side Chain Topographical Entropy from corr. pLogP method (PHE 118) : 2.2531
Side Chain Topographical Entropy from corr. pLogP method (THR 119) : 6.2218
Side Chain Topographical Entropy from corr. pLogP method (LYS 120) : 15.4808
Side Chain Topographical Entropy from corr. pLogP method (VAL 121) : 5.7328
Side Chain Topographical Entropy from corr. pLogP method (LYS 122) : 18.6964
Side Chain Topographical Entropy from corr. pLogP method (PRO 123) : 16.6298
Side Chain Topographical Entropy from corr. pLogP method (SER 124) : 9.0122
Side Chain Topographical Entropy from corr. pLogP method (ALA 125) : -0.0000
Side Chain Topographical Entropy from corr. pLogP method (ALA 126) : -0.0000
Side Chain Topographical Entropy from corr. pLogP method (CSER 127) : 4.9019
____________________________________________________________
Total SC Topog. Entropy (corr. pLogP)    :         666.104
------------------------------------------------------------
____________________________________________________________
Total BB Topog. Entropy (corr. pLogP)    :          43.009
------------------------------------------------------------
____________________________________________________________
Total Entropy                            :         709.113
------------------------------------------------------------
