------------------------------------------------------------
Topographical entropy of residue side chains 
computed using all the dihedrals with AEM method
------------------------------------------------------------
Residue Topographical Entropy from AEM (NALA 1) : 2.0747
Residue Topographical Entropy from AEM (GLU 2) : 22.8595
Residue Topographical Entropy from AEM (ALA 3) : -0.0000
Residue Topographical Entropy from AEM (GLY 4) : -0.0000
Residue Topographical Entropy from AEM (ILE 5) : 2.9754
Residue Topographical Entropy from AEM (THR 6) : 1.6668
Residue Topographical Entropy from AEM (GLY 7) : -0.0000
Residue Topographical Entropy from AEM (THR 8) : 4.1797
Residue Topographical Entropy from AEM (TRP 9) : 39.9764
Residue Topographical Entropy from AEM (TYR 10) : 30.7026
Residue Topographical Entropy from AEM (ALA 11) : -0.0000
Residue Topographical Entropy from AEM (GLN 12) : 19.1138
Residue Topographical Entropy from AEM (LEU 13) : 10.4312
Residue Topographical Entropy from AEM (GLY 14) : -0.0000
Residue Topographical Entropy from AEM (SER 15) : 6.7444
Residue Topographical Entropy from AEM (THR 16) : 2.6773
Residue Topographical Entropy from AEM (PHE 17) : 37.4377
Residue Topographical Entropy from AEM (ILE 18) : 9.2996
Residue Topographical Entropy from AEM (VAL 19) : 5.2063
Residue Topographical Entropy from AEM (THR 20) : 7.0763
Residue Topographical Entropy from AEM (ALA 21) : -0.0000
Residue Topographical Entropy from AEM (GLY 22) : -0.0000
Residue Topographical Entropy from AEM (ALA 23) : -0.0000
Residue Topographical Entropy from AEM (ASP 24) : 11.8638
Residue Topographical Entropy from AEM (GLY 25) : -0.0000
Residue Topographical Entropy from AEM (ALA 26) : -0.0000
Residue Topographical Entropy from AEM (LEU 27) : 11.0491
Residue Topographical Entropy from AEM (THR 28) : 8.5063
Residue Topographical Entropy from AEM (GLY 29) : -0.0000
Residue Topographical Entropy from AEM (THR 30) : 7.4640
Residue Topographical Entropy from AEM (TYR 31) : 32.6771
Residue Topographical Entropy from AEM (GLU 32) : 14.3571
Residue Topographical Entropy from AEM (SER 33) : 6.8087
Residue Topographical Entropy from AEM (ALA 34) : -0.0000
Residue Topographical Entropy from AEM (VAL 35) : 7.6319
Residue Topographical Entropy from AEM (GLY 36) : -0.0000
Residue Topographical Entropy from AEM (ASN 37) : 12.8003
Residue Topographical Entropy from AEM (ALA 38) : -0.0000
Residue Topographical Entropy from AEM (GLU 39) : 24.3028
Residue Topographical Entropy from AEM (SER 40) : 5.2983
Residue Topographical Entropy from AEM (ARG 41) : 8.5384
Residue Topographical Entropy from AEM (TYR 42) : 28.9830
Residue Topographical Entropy from AEM (VAL 43) : 1.5554
Residue Topographical Entropy from AEM (LEU 44) : 3.4178
Residue Topographical Entropy from AEM (THR 45) : 7.0186
Residue Topographical Entropy from AEM (GLY 46) : -0.0000
Residue Topographical Entropy from AEM (ARG 47) : 9.9693
Residue Topographical Entropy from AEM (TYR 48) : 29.8051
Residue Topographical Entropy from AEM (ASP 49) : 5.9786
Residue Topographical Entropy from AEM (SER 50) : 2.4979
Residue Topographical Entropy from AEM (ALA 51) : -0.0000
Residue Topographical Entropy from AEM (PRO 52) : 7.4573
Residue Topographical Entropy from AEM (ALA 53) : -0.0000
Residue Topographical Entropy from AEM (THR 54) : 7.8002
Residue Topographical Entropy from AEM (ASP 55) : 12.5444
Residue Topographical Entropy from AEM (GLY 56) : -0.0000
Residue Topographical Entropy from AEM (SER 57) : 7.1507
Residue Topographical Entropy from AEM (GLY 58) : -0.0000
Residue Topographical Entropy from AEM (THR 59) : 1.4205
Residue Topographical Entropy from AEM (ALA 60) : -0.0000
Residue Topographical Entropy from AEM (LEU 61) : 4.9806
Residue Topographical Entropy from AEM (GLY 62) : -0.0000
Residue Topographical Entropy from AEM (TRP 63) : 45.6891
Residue Topographical Entropy from AEM (THR 64) : 1.3570
Residue Topographical Entropy from AEM (VAL 65) : 1.3392
Residue Topographical Entropy from AEM (ALA 66) : -0.0000
Residue Topographical Entropy from AEM (TRP 67) : 46.7893
Residue Topographical Entropy from AEM (LYS 68) : 15.7261
Residue Topographical Entropy from AEM (ASN 69) : 2.0000
Residue Topographical Entropy from AEM (ASN 70) : 11.1937
Residue Topographical Entropy from AEM (TYR 71) : 30.1964
Residue Topographical Entropy from AEM (ARG 72) : 14.2819
Residue Topographical Entropy from AEM (ASN 73) : 1.8116
Residue Topographical Entropy from AEM (ALA 74) : -0.0000
Residue Topographical Entropy from AEM (HID 75) : 22.9745
Residue Topographical Entropy from AEM (SER 76) : 4.5978
Residue Topographical Entropy from AEM (ALA 77) : -0.0000
Residue Topographical Entropy from AEM (THR 78) : 1.8865
Residue Topographical Entropy from AEM (THR 79) : 5.8277
Residue Topographical Entropy from AEM (TRP 80) : 41.7516
Residue Topographical Entropy from AEM (SER 81) : 0.9583
Residue Topographical Entropy from AEM (GLY 82) : -0.0000
Residue Topographical Entropy from AEM (GLN 83) : 9.0708
Residue Topographical Entropy from AEM (TYR 84) : 28.7658
Residue Topographical Entropy from AEM (VAL 85) : 2.0905
Residue Topographical Entropy from AEM (GLY 86) : -0.0000
Residue Topographical Entropy from AEM (GLY 87) : -0.0000
Residue Topographical Entropy from AEM (ALA 88) : -0.0000
Residue Topographical Entropy from AEM (GLU 89) : 21.7358
Residue Topographical Entropy from AEM (ALA 90) : -0.0000
Residue Topographical Entropy from AEM (ARG 91) : 9.3099
Residue Topographical Entropy from AEM (ILE 92) : 2.8931
Residue Topographical Entropy from AEM (ASN 93) : 6.3051
Residue Topographical Entropy from AEM (THR 94) : 1.9116
Residue Topographical Entropy from AEM (GLN 95) : 5.8984
Residue Topographical Entropy from AEM (TRP 96) : 44.3269
Residue Topographical Entropy from AEM (LEU 97) : 2.7045
Residue Topographical Entropy from AEM (LEU 98) : 3.6860
Residue Topographical Entropy from AEM (THR 99) : 0.5798
Residue Topographical Entropy from AEM (SER 100) : 8.2198
Residue Topographical Entropy from AEM (GLY 101) : -0.0000
Residue Topographical Entropy from AEM (THR 102) : 7.7437
Residue Topographical Entropy from AEM (THR 103) : 3.9777
Residue Topographical Entropy from AEM (GLU 104) : 25.9542
Residue Topographical Entropy from AEM (ALA 105) : -0.0000
Residue Topographical Entropy from AEM (ASN 106) : 8.0119
Residue Topographical Entropy from AEM (ALA 107) : -0.0000
Residue Topographical Entropy from AEM (TRP 108) : 46.9231
Residue Topographical Entropy from AEM (LYS 109) : 15.9829
Residue Topographical Entropy from AEM (SER 110) : 6.4428
Residue Topographical Entropy from AEM (THR 111) : 0.5451
Residue Topographical Entropy from AEM (LEU 112) : 4.1318
Residue Topographical Entropy from AEM (VAL 113) : 1.5467
Residue Topographical Entropy from AEM (GLY 114) : -0.0000
Residue Topographical Entropy from AEM (HID 115) : 22.4247
Residue Topographical Entropy from AEM (ASP 116) : 7.9631
Residue Topographical Entropy from AEM (THR 117) : 2.2248
Residue Topographical Entropy from AEM (PHE 118) : 30.0241
Residue Topographical Entropy from AEM (THR 119) : 5.0625
Residue Topographical Entropy from AEM (LYS 120) : 11.7201
Residue Topographical Entropy from AEM (VAL 121) : 2.9222
Residue Topographical Entropy from AEM (LYS 122) : 25.6891
Residue Topographical Entropy from AEM (PRO 123) : 10.3330
Residue Topographical Entropy from AEM (SER 124) : 6.0270
Residue Topographical Entropy from AEM (ALA 125) : -0.0000
Residue Topographical Entropy from AEM (ALA 126) : -0.0000
Residue Topographical Entropy from AEM (CSER 127) : 9.1482
____________________________________________________________
Total Topog. Entropy (AEM)               :        1134.975
------------------------------------------------------------
____________________________________________________________
Total Entropy                            :        1134.975
------------------------------------------------------------
