------------------------------------------------------------
Topographical entropy of residue side chains 
computed using all the dihedrals with correlation/pLogp formalism
------------------------------------------------------------
Side Chain Topographical Entropy from corr. pLogP method (NALA 1) : -0.0000
Side Chain Topographical Entropy from corr. pLogP method (GLU 2) : 22.9163
Side Chain Topographical Entropy from corr. pLogP method (ALA 3) : -0.0000
Side Chain Topographical Entropy from corr. pLogP method (GLY 4) : -0.0000
Side Chain Topographical Entropy from corr. pLogP method (ILE 5) : 4.1279
Side Chain Topographical Entropy from corr. pLogP method (THR 6) : 1.9253
Side Chain Topographical Entropy from corr. pLogP method (GLY 7) : -0.0000
Side Chain Topographical Entropy from corr. pLogP method (THR 8) : 6.2578
Side Chain Topographical Entropy from corr. pLogP method (TRP 9) : 6.8321
Side Chain Topographical Entropy from corr. pLogP method (TYR 10) : 14.3519
Side Chain Topographical Entropy from corr. pLogP method (ALA 11) : -0.0000
Side Chain Topographical Entropy from corr. pLogP method (GLN 12) : 22.3088
Side Chain Topographical Entropy from corr. pLogP method (LEU 13) : 10.3404
Side Chain Topographical Entropy from corr. pLogP method (GLY 14) : -0.0000
Side Chain Topographical Entropy from corr. pLogP method (SER 15) : 8.4793
Side Chain Topographical Entropy from corr. pLogP method (THR 16) : 5.9474
Side Chain Topographical Entropy from corr. pLogP method (PHE 17) : 7.9093
Side Chain Topographical Entropy from corr. pLogP method (ILE 18) : 11.4739
Side Chain Topographical Entropy from corr. pLogP method (VAL 19) : 6.3901
Side Chain Topographical Entropy from corr. pLogP method (THR 20) : 7.9225
Side Chain Topographical Entropy from corr. pLogP method (ALA 21) : -0.0000
Side Chain Topographical Entropy from corr. pLogP method (GLY 22) : -0.0000
Side Chain Topographical Entropy from corr. pLogP method (ALA 23) : -0.0000
Side Chain Topographical Entropy from corr. pLogP method (ASP 24) : 15.9142
Side Chain Topographical Entropy from corr. pLogP method (GLY 25) : -0.0000
Side Chain Topographical Entropy from corr. pLogP method (ALA 26) : -0.0000
Side Chain Topographical Entropy from corr. pLogP method (LEU 27) : 10.7023
Side Chain Topographical Entropy from corr. pLogP method (THR 28) : 8.6779
Side Chain Topographical Entropy from corr. pLogP method (GLY 29) : -0.0000
Side Chain Topographical Entropy from corr. pLogP method (THR 30) : 5.6703
Side Chain Topographical Entropy from corr. pLogP method (TYR 31) : 9.2816
Side Chain Topographical Entropy from corr. pLogP method (GLU 32) : 17.8070
Side Chain Topographical Entropy from corr. pLogP method (SER 33) : 8.0842
Side Chain Topographical Entropy from corr. pLogP method (ALA 34) : -0.0000
Side Chain Topographical Entropy from corr. pLogP method (VAL 35) : 8.2673
Side Chain Topographical Entropy from corr. pLogP method (GLY 36) : -0.0000
Side Chain Topographical Entropy from corr. pLogP method (ASN 37) : 12.6460
Side Chain Topographical Entropy from corr. pLogP method (ALA 38) : -0.0000
Side Chain Topographical Entropy from corr. pLogP method (GLU 39) : 21.9088
Side Chain Topographical Entropy from corr. pLogP method (SER 40) : 6.1878
Side Chain Topographical Entropy from corr. pLogP method (ARG 41) : 13.3105
Side Chain Topographical Entropy from corr. pLogP method (TYR 42) : 6.2221
Side Chain Topographical Entropy from corr. pLogP method (VAL 43) : 1.9673
Side Chain Topographical Entropy from corr. pLogP method (LEU 44) : 3.6809
Side Chain Topographical Entropy from corr. pLogP method (THR 45) : 6.6986
Side Chain Topographical Entropy from corr. pLogP method (GLY 46) : -0.0000
Side Chain Topographical Entropy from corr. pLogP method (ARG 47) : 4.8126
Side Chain Topographical Entropy from corr. pLogP method (TYR 48) : 8.4014
Side Chain Topographical Entropy from corr. pLogP method (ASP 49) : 8.9892
Side Chain Topographical Entropy from corr. pLogP method (SER 50) : 2.7690
Side Chain Topographical Entropy from corr. pLogP method (ALA 51) : -0.0000
Side Chain Topographical Entropy from corr. pLogP method (PRO 52) : 16.1232
Side Chain Topographical Entropy from corr. pLogP method (ALA 53) : -0.0000
Side Chain Topographical Entropy from corr. pLogP method (THR 54) : 6.8879
Side Chain Topographical Entropy from corr. pLogP method (ASP 55) : 13.7645
Side Chain Topographical Entropy from corr. pLogP method (GLY 56) : -0.0000
Side Chain Topographical Entropy from corr. pLogP method (SER 57) : 8.2986
Side Chain Topographical Entropy from corr. pLogP method (GLY 58) : -0.0000
Side Chain Topographical Entropy from corr. pLogP method (THR 59) : 2.7028
Side Chain Topographical Entropy from corr. pLogP method (ALA 60) : -0.0000
Side Chain Topographical Entropy from corr. pLogP method (LEU 61) : 8.5462
Side Chain Topographical Entropy from corr. pLogP method (GLY 62) : -0.0000
Side Chain Topographical Entropy from corr. pLogP method (TRP 63) : 7.7994
Side Chain Topographical Entropy from corr. pLogP method (THR 64) : 2.3559
Side Chain Topographical Entropy from corr. pLogP method (VAL 65) : 0.7337
Side Chain Topographical Entropy from corr. pLogP method (ALA 66) : -0.0000
Side Chain Topographical Entropy from corr. pLogP method (TRP 67) : 7.3281
Side Chain Topographical Entropy from corr. pLogP method (LYS 68) : 17.0427
Side Chain Topographical Entropy from corr. pLogP method (ASN 69) : 8.9768
Side Chain Topographical Entropy from corr. pLogP method (ASN 70) : 14.8053
Side Chain Topographical Entropy from corr. pLogP method (TYR 71) : 5.7590
Side Chain Topographical Entropy from corr. pLogP method (ARG 72) : 17.7076
Side Chain Topographical Entropy from corr. pLogP method (ASN 73) : 9.8294
Side Chain Topographical Entropy from corr. pLogP method (ALA 74) : -0.0000
Side Chain Topographical Entropy from corr. pLogP method (HID 75) : 10.8415
Side Chain Topographical Entropy from corr. pLogP method (SER 76) : 5.2224
Side Chain Topographical Entropy from corr. pLogP method (ALA 77) : -0.0000
Side Chain Topographical Entropy from corr. pLogP method (THR 78) : 1.7321
Side Chain Topographical Entropy from corr. pLogP method (THR 79) : 4.7472
Side Chain Topographical Entropy from corr. pLogP method (TRP 80) : 10.2737
Side Chain Topographical Entropy from corr. pLogP method (SER 81) : 4.3010
Side Chain Topographical Entropy from corr. pLogP method (GLY 82) : -0.0000
Side Chain Topographical Entropy from corr. pLogP method (GLN 83) : 11.4901
Side Chain Topographical Entropy from corr. pLogP method (TYR 84) : 3.9370
Side Chain Topographical Entropy from corr. pLogP method (VAL 85) : 2.7600
Side Chain Topographical Entropy from corr. pLogP method (GLY 86) : -0.0000
Side Chain Topographical Entropy from corr. pLogP method (GLY 87) : -0.0000
Side Chain Topographical Entropy from corr. pLogP method (ALA 88) : -0.0000
Side Chain Topographical Entropy from corr. pLogP method (GLU 89) : 22.5531
Side Chain Topographical Entropy from corr. pLogP method (ALA 90) : -0.0000
Side Chain Topographical Entropy from corr. pLogP method (ARG 91) : 13.6721
Side Chain Topographical Entropy from corr. pLogP method (ILE 92) : 1.9366
Side Chain Topographical Entropy from corr. pLogP method (ASN 93) : 10.0754
Side Chain Topographical Entropy from corr. pLogP method (THR 94) : 2.2480
Side Chain Topographical Entropy from corr. pLogP method (GLN 95) : 5.0677
Side Chain Topographical Entropy from corr. pLogP method (TRP 96) : 7.8391
Side Chain Topographical Entropy from corr. pLogP method (LEU 97) : 3.3676
Side Chain Topographical Entropy from corr. pLogP method (LEU 98) : 5.7945
Side Chain Topographical Entropy from corr. pLogP method (THR 99) : 5.3230
Side Chain Topographical Entropy from corr. pLogP method (SER 100) : 8.4955
Side Chain Topographical Entropy from corr. pLogP method (GLY 101) : -0.0000
Side Chain Topographical Entropy from corr. pLogP method (THR 102) : 8.6495
Side Chain Topographical Entropy from corr. pLogP method (THR 103) : 5.7330
Side Chain Topographical Entropy from corr. pLogP method (GLU 104) : 21.9316
Side Chain Topographical Entropy from corr. pLogP method (ALA 105) : -0.0000
Side Chain Topographical Entropy from corr. pLogP method (ASN 106) : 9.2209
Side Chain Topographical Entropy from corr. pLogP method (ALA 107) : -0.0000
Side Chain Topographical Entropy from corr. pLogP method (TRP 108) : 16.4761
Side Chain Topographical Entropy from corr. pLogP method (LYS 109) : 17.9389
Side Chain Topographical Entropy from corr. pLogP method (SER 110) : 8.3095
Side Chain Topographical Entropy from corr. pLogP method (THR 111) : 2.0308
Side Chain Topographical Entropy from corr. pLogP method (LEU 112) : 4.1673
Side Chain Topographical Entropy from corr. pLogP method (VAL 113) : 1.7225
Side Chain Topographical Entropy from corr. pLogP method (GLY 114) : -0.0000
Side Chain Topographical Entropy from corr. pLogP method (HID 115) : 5.5909
Side Chain Topographical Entropy from corr. pLogP method (ASP 116) : 9.4770
Side Chain Topographical Entropy from corr. pLogP method (THR 117) : 2.3868
Side Chain Topographical Entropy from corr. pLogP method (PHE 118) : 5.4404
Side Chain Topographical Entropy from corr. pLogP method (THR 119) : 6.7929
Side Chain Topographical Entropy from corr. pLogP method (LYS 120) : 14.8328
Side Chain Topographical Entropy from corr. pLogP method (VAL 121) : 6.2983
Side Chain Topographical Entropy from corr. pLogP method (LYS 122) : 21.3894
Side Chain Topographical Entropy from corr. pLogP method (PRO 123) : 17.4389
Side Chain Topographical Entropy from corr. pLogP method (SER 124) : 8.5098
Side Chain Topographical Entropy from corr. pLogP method (ALA 125) : -0.0000
Side Chain Topographical Entropy from corr. pLogP method (ALA 126) : -0.0000
Side Chain Topographical Entropy from corr. pLogP method (CSER 127) : 5.4804
____________________________________________________________
Total SC Topog. Entropy (corr. pLogP)    :         809.338
------------------------------------------------------------
____________________________________________________________
Total BB Topog. Entropy (corr. pLogP)    :          54.465
------------------------------------------------------------
____________________________________________________________
Total Entropy                            :         863.803
------------------------------------------------------------
