------------------------------------------------------------
Topographical entropy of residue side chains 
computed using all the dihedrals with AEM method
------------------------------------------------------------
Residue Topographical Entropy from AEM (NALA 1) : 1.6628
Residue Topographical Entropy from AEM (GLU 2) : 22.5825
Residue Topographical Entropy from AEM (ALA 3) : -0.0000
Residue Topographical Entropy from AEM (GLY 4) : -0.0000
Residue Topographical Entropy from AEM (ILE 5) : 3.0178
Residue Topographical Entropy from AEM (THR 6) : 0.8203
Residue Topographical Entropy from AEM (GLY 7) : -0.0000
Residue Topographical Entropy from AEM (THR 8) : 0.4106
Residue Topographical Entropy from AEM (TRP 9) : 40.4582
Residue Topographical Entropy from AEM (TYR 10) : 22.1638
Residue Topographical Entropy from AEM (ALA 11) : -0.0000
Residue Topographical Entropy from AEM (GLN 12) : 18.0025
Residue Topographical Entropy from AEM (LEU 13) : 8.0380
Residue Topographical Entropy from AEM (GLY 14) : -0.0000
Residue Topographical Entropy from AEM (SER 15) : 6.4046
Residue Topographical Entropy from AEM (THR 16) : 1.8536
Residue Topographical Entropy from AEM (PHE 17) : 32.2116
Residue Topographical Entropy from AEM (ILE 18) : 8.2345
Residue Topographical Entropy from AEM (VAL 19) : 3.7801
Residue Topographical Entropy from AEM (THR 20) : 5.8227
Residue Topographical Entropy from AEM (ALA 21) : -0.0000
Residue Topographical Entropy from AEM (GLY 22) : -0.0000
Residue Topographical Entropy from AEM (ALA 23) : -0.0000
Residue Topographical Entropy from AEM (ASP 24) : 11.4940
Residue Topographical Entropy from AEM (GLY 25) : -0.0000
Residue Topographical Entropy from AEM (ALA 26) : -0.0000
Residue Topographical Entropy from AEM (LEU 27) : 9.1538
Residue Topographical Entropy from AEM (THR 28) : 8.6002
Residue Topographical Entropy from AEM (GLY 29) : -0.0000
Residue Topographical Entropy from AEM (THR 30) : 6.7916
Residue Topographical Entropy from AEM (TYR 31) : 27.4137
Residue Topographical Entropy from AEM (GLU 32) : 8.9297
Residue Topographical Entropy from AEM (SER 33) : 5.2517
Residue Topographical Entropy from AEM (ALA 34) : -0.0000
Residue Topographical Entropy from AEM (VAL 35) : 6.0939
Residue Topographical Entropy from AEM (GLY 36) : -0.0000
Residue Topographical Entropy from AEM (ASN 37) : 8.4679
Residue Topographical Entropy from AEM (ALA 38) : -0.0000
Residue Topographical Entropy from AEM (GLU 39) : 22.4554
Residue Topographical Entropy from AEM (SER 40) : 5.6803
Residue Topographical Entropy from AEM (ARG 41) : 5.4210
Residue Topographical Entropy from AEM (TYR 42) : 26.9012
Residue Topographical Entropy from AEM (VAL 43) : 1.2841
Residue Topographical Entropy from AEM (LEU 44) : 0.4351
Residue Topographical Entropy from AEM (THR 45) : 4.8327
Residue Topographical Entropy from AEM (GLY 46) : -0.0000
Residue Topographical Entropy from AEM (ARG 47) : 0.7027
Residue Topographical Entropy from AEM (TYR 48) : 24.4444
Residue Topographical Entropy from AEM (ASP 49) : 6.6674
Residue Topographical Entropy from AEM (SER 50) : 1.5531
Residue Topographical Entropy from AEM (ALA 51) : -0.0000
Residue Topographical Entropy from AEM (PRO 52) : 6.4377
Residue Topographical Entropy from AEM (ALA 53) : -0.0000
Residue Topographical Entropy from AEM (THR 54) : 8.7128
Residue Topographical Entropy from AEM (ASP 55) : 13.1437
Residue Topographical Entropy from AEM (GLY 56) : -0.0000
Residue Topographical Entropy from AEM (SER 57) : 7.4888
Residue Topographical Entropy from AEM (GLY 58) : -0.0000
Residue Topographical Entropy from AEM (THR 59) : 5.5542
Residue Topographical Entropy from AEM (ALA 60) : -0.0000
Residue Topographical Entropy from AEM (LEU 61) : 8.4782
Residue Topographical Entropy from AEM (GLY 62) : -0.0000
Residue Topographical Entropy from AEM (TRP 63) : 32.3249
Residue Topographical Entropy from AEM (THR 64) : -0.0000
Residue Topographical Entropy from AEM (VAL 65) : 0.1003
Residue Topographical Entropy from AEM (ALA 66) : -0.0000
Residue Topographical Entropy from AEM (TRP 67) : 35.9414
Residue Topographical Entropy from AEM (LYS 68) : 13.5484
Residue Topographical Entropy from AEM (ASN 69) : 0.9267
Residue Topographical Entropy from AEM (ASN 70) : 12.2951
Residue Topographical Entropy from AEM (TYR 71) : 27.0451
Residue Topographical Entropy from AEM (ARG 72) : 14.7282
Residue Topographical Entropy from AEM (ASN 73) : 1.8391
Residue Topographical Entropy from AEM (ALA 74) : -0.0000
Residue Topographical Entropy from AEM (HID 75) : 21.4250
Residue Topographical Entropy from AEM (SER 76) : 3.8747
Residue Topographical Entropy from AEM (ALA 77) : -0.0000
Residue Topographical Entropy from AEM (THR 78) : 0.1934
Residue Topographical Entropy from AEM (THR 79) : -0.0000
Residue Topographical Entropy from AEM (TRP 80) : 35.1145
Residue Topographical Entropy from AEM (SER 81) : -0.0000
Residue Topographical Entropy from AEM (GLY 82) : -0.0000
Residue Topographical Entropy from AEM (GLN 83) : 12.4293
Residue Topographical Entropy from AEM (TYR 84) : 23.5227
Residue Topographical Entropy from AEM (VAL 85) : 1.6817
Residue Topographical Entropy from AEM (GLY 86) : -0.0000
Residue Topographical Entropy from AEM (GLY 87) : -0.0000
Residue Topographical Entropy from AEM (ALA 88) : -0.0000
Residue Topographical Entropy from AEM (GLU 89) : 21.0159
Residue Topographical Entropy from AEM (ALA 90) : -0.0000
Residue Topographical Entropy from AEM (ARG 91) : 6.6923
Residue Topographical Entropy from AEM (ILE 92) : 0.2726
Residue Topographical Entropy from AEM (ASN 93) : 5.4223
Residue Topographical Entropy from AEM (THR 94) : 4.8913
Residue Topographical Entropy from AEM (GLN 95) : 4.7476
Residue Topographical Entropy from AEM (TRP 96) : 39.7613
Residue Topographical Entropy from AEM (LEU 97) : 0.8734
Residue Topographical Entropy from AEM (LEU 98) : 2.8515
Residue Topographical Entropy from AEM (THR 99) : 0.0461
Residue Topographical Entropy from AEM (SER 100) : 8.0890
Residue Topographical Entropy from AEM (GLY 101) : -0.0000
Residue Topographical Entropy from AEM (THR 102) : 4.0979
Residue Topographical Entropy from AEM (THR 103) : 2.5406
Residue Topographical Entropy from AEM (GLU 104) : 19.5131
Residue Topographical Entropy from AEM (ALA 105) : -0.0000
Residue Topographical Entropy from AEM (ASN 106) : 2.8571
Residue Topographical Entropy from AEM (ALA 107) : -0.0000
Residue Topographical Entropy from AEM (TRP 108) : 30.7346
Residue Topographical Entropy from AEM (LYS 109) : 14.7017
Residue Topographical Entropy from AEM (SER 110) : 2.1683
Residue Topographical Entropy from AEM (THR 111) : -0.0000
Residue Topographical Entropy from AEM (LEU 112) : 2.5711
Residue Topographical Entropy from AEM (VAL 113) : -0.0000
Residue Topographical Entropy from AEM (GLY 114) : -0.0000
Residue Topographical Entropy from AEM (HID 115) : 19.3043
Residue Topographical Entropy from AEM (ASP 116) : 9.0167
Residue Topographical Entropy from AEM (THR 117) : 5.1491
Residue Topographical Entropy from AEM (PHE 118) : 26.6753
Residue Topographical Entropy from AEM (THR 119) : 4.5873
Residue Topographical Entropy from AEM (LYS 120) : 10.6466
Residue Topographical Entropy from AEM (VAL 121) : 0.9834
Residue Topographical Entropy from AEM (LYS 122) : 25.3003
Residue Topographical Entropy from AEM (PRO 123) : 7.1055
Residue Topographical Entropy from AEM (SER 124) : 2.9297
Residue Topographical Entropy from AEM (ALA 125) : -0.0000
Residue Topographical Entropy from AEM (ALA 126) : -0.0000
Residue Topographical Entropy from AEM (CSER 127) : 12.1496
____________________________________________________________
Total Topog. Entropy (AEM)               :         952.539
------------------------------------------------------------
____________________________________________________________
Total Entropy                            :         952.539
------------------------------------------------------------
