------------------------------------------------------------
Topographical entropy of residue side chains 
computed using all the dihedrals with AEM method
------------------------------------------------------------
Residue Topographical Entropy from AEM (NALA 1) : 1.3025
Residue Topographical Entropy from AEM (GLU 2) : 21.1396
Residue Topographical Entropy from AEM (ALA 3) : -0.0000
Residue Topographical Entropy from AEM (GLY 4) : -0.0000
Residue Topographical Entropy from AEM (ILE 5) : 2.2645
Residue Topographical Entropy from AEM (THR 6) : 0.8232
Residue Topographical Entropy from AEM (GLY 7) : -0.0000
Residue Topographical Entropy from AEM (THR 8) : 3.6181
Residue Topographical Entropy from AEM (TRP 9) : 36.8147
Residue Topographical Entropy from AEM (TYR 10) : 27.8743
Residue Topographical Entropy from AEM (ALA 11) : -0.0000
Residue Topographical Entropy from AEM (GLN 12) : 19.0260
Residue Topographical Entropy from AEM (LEU 13) : 8.9106
Residue Topographical Entropy from AEM (GLY 14) : -0.0000
Residue Topographical Entropy from AEM (SER 15) : 6.7303
Residue Topographical Entropy from AEM (THR 16) : 2.2615
Residue Topographical Entropy from AEM (PHE 17) : 36.6126
Residue Topographical Entropy from AEM (ILE 18) : 9.0891
Residue Topographical Entropy from AEM (VAL 19) : 5.4053
Residue Topographical Entropy from AEM (THR 20) : 7.1102
Residue Topographical Entropy from AEM (ALA 21) : -0.0000
Residue Topographical Entropy from AEM (GLY 22) : -0.0000
Residue Topographical Entropy from AEM (ALA 23) : -0.0000
Residue Topographical Entropy from AEM (ASP 24) : 11.0351
Residue Topographical Entropy from AEM (GLY 25) : -0.0000
Residue Topographical Entropy from AEM (ALA 26) : -0.0000
Residue Topographical Entropy from AEM (LEU 27) : 10.2509
Residue Topographical Entropy from AEM (THR 28) : 8.8445
Residue Topographical Entropy from AEM (GLY 29) : -0.0000
Residue Topographical Entropy from AEM (THR 30) : 7.6801
Residue Topographical Entropy from AEM (TYR 31) : 34.0666
Residue Topographical Entropy from AEM (GLU 32) : 15.1155
Residue Topographical Entropy from AEM (SER 33) : 7.7164
Residue Topographical Entropy from AEM (ALA 34) : -0.0000
Residue Topographical Entropy from AEM (VAL 35) : 7.3895
Residue Topographical Entropy from AEM (GLY 36) : -0.0000
Residue Topographical Entropy from AEM (ASN 37) : 12.2937
Residue Topographical Entropy from AEM (ALA 38) : -0.0000
Residue Topographical Entropy from AEM (GLU 39) : 22.2399
Residue Topographical Entropy from AEM (SER 40) : 5.4472
Residue Topographical Entropy from AEM (ARG 41) : 8.0135
Residue Topographical Entropy from AEM (TYR 42) : 28.9398
Residue Topographical Entropy from AEM (VAL 43) : 1.9663
Residue Topographical Entropy from AEM (LEU 44) : 2.3788
Residue Topographical Entropy from AEM (THR 45) : 7.0317
Residue Topographical Entropy from AEM (GLY 46) : -0.0000
Residue Topographical Entropy from AEM (ARG 47) : 7.2065
Residue Topographical Entropy from AEM (TYR 48) : 25.0920
Residue Topographical Entropy from AEM (ASP 49) : 1.4725
Residue Topographical Entropy from AEM (SER 50) : 1.8067
Residue Topographical Entropy from AEM (ALA 51) : -0.0000
Residue Topographical Entropy from AEM (PRO 52) : 6.2228
Residue Topographical Entropy from AEM (ALA 53) : -0.0000
Residue Topographical Entropy from AEM (THR 54) : 7.4284
Residue Topographical Entropy from AEM (ASP 55) : 11.8189
Residue Topographical Entropy from AEM (GLY 56) : -0.0000
Residue Topographical Entropy from AEM (SER 57) : 6.3014
Residue Topographical Entropy from AEM (GLY 58) : -0.0000
Residue Topographical Entropy from AEM (THR 59) : 0.5081
Residue Topographical Entropy from AEM (ALA 60) : -0.0000
Residue Topographical Entropy from AEM (LEU 61) : 4.2221
Residue Topographical Entropy from AEM (GLY 62) : -0.0000
Residue Topographical Entropy from AEM (TRP 63) : 38.6393
Residue Topographical Entropy from AEM (THR 64) : 1.2855
Residue Topographical Entropy from AEM (VAL 65) : 1.2717
Residue Topographical Entropy from AEM (ALA 66) : -0.0000
Residue Topographical Entropy from AEM (TRP 67) : 38.0623
Residue Topographical Entropy from AEM (LYS 68) : 14.6789
Residue Topographical Entropy from AEM (ASN 69) : 0.8060
Residue Topographical Entropy from AEM (ASN 70) : 11.0940
Residue Topographical Entropy from AEM (TYR 71) : 29.9112
Residue Topographical Entropy from AEM (ARG 72) : 14.5877
Residue Topographical Entropy from AEM (ASN 73) : 0.6880
Residue Topographical Entropy from AEM (ALA 74) : -0.0000
Residue Topographical Entropy from AEM (HID 75) : 20.6998
Residue Topographical Entropy from AEM (SER 76) : 4.0587
Residue Topographical Entropy from AEM (ALA 77) : -0.0000
Residue Topographical Entropy from AEM (THR 78) : 0.2293
Residue Topographical Entropy from AEM (THR 79) : 6.3290
Residue Topographical Entropy from AEM (TRP 80) : 39.3712
Residue Topographical Entropy from AEM (SER 81) : 0.6453
Residue Topographical Entropy from AEM (GLY 82) : -0.0000
Residue Topographical Entropy from AEM (GLN 83) : 8.6445
Residue Topographical Entropy from AEM (TYR 84) : 27.6337
Residue Topographical Entropy from AEM (VAL 85) : 2.1532
Residue Topographical Entropy from AEM (GLY 86) : -0.0000
Residue Topographical Entropy from AEM (GLY 87) : -0.0000
Residue Topographical Entropy from AEM (ALA 88) : -0.0000
Residue Topographical Entropy from AEM (GLU 89) : 20.5052
Residue Topographical Entropy from AEM (ALA 90) : -0.0000
Residue Topographical Entropy from AEM (ARG 91) : 8.1632
Residue Topographical Entropy from AEM (ILE 92) : 1.5196
Residue Topographical Entropy from AEM (ASN 93) : 4.7718
Residue Topographical Entropy from AEM (THR 94) : 1.7959
Residue Topographical Entropy from AEM (GLN 95) : 6.3758
Residue Topographical Entropy from AEM (TRP 96) : 35.9615
Residue Topographical Entropy from AEM (LEU 97) : 0.5819
Residue Topographical Entropy from AEM (LEU 98) : 1.6501
Residue Topographical Entropy from AEM (THR 99) : 0.3692
Residue Topographical Entropy from AEM (SER 100) : 7.9998
Residue Topographical Entropy from AEM (GLY 101) : -0.0000
Residue Topographical Entropy from AEM (THR 102) : 8.4897
Residue Topographical Entropy from AEM (THR 103) : 4.2647
Residue Topographical Entropy from AEM (GLU 104) : 26.0876
Residue Topographical Entropy from AEM (ALA 105) : -0.0000
Residue Topographical Entropy from AEM (ASN 106) : 8.1479
Residue Topographical Entropy from AEM (ALA 107) : -0.0000
Residue Topographical Entropy from AEM (TRP 108) : 41.7004
Residue Topographical Entropy from AEM (LYS 109) : 15.7473
Residue Topographical Entropy from AEM (SER 110) : 6.8002
Residue Topographical Entropy from AEM (THR 111) : 0.0585
Residue Topographical Entropy from AEM (LEU 112) : 1.8731
Residue Topographical Entropy from AEM (VAL 113) : 0.7476
Residue Topographical Entropy from AEM (GLY 114) : -0.0000
Residue Topographical Entropy from AEM (HID 115) : 18.7646
Residue Topographical Entropy from AEM (ASP 116) : 7.7316
Residue Topographical Entropy from AEM (THR 117) : 1.4555
Residue Topographical Entropy from AEM (PHE 118) : 25.8484
Residue Topographical Entropy from AEM (THR 119) : 5.3089
Residue Topographical Entropy from AEM (LYS 120) : 8.5344
Residue Topographical Entropy from AEM (VAL 121) : 3.3200
Residue Topographical Entropy from AEM (LYS 122) : 24.4300
Residue Topographical Entropy from AEM (PRO 123) : 7.5619
Residue Topographical Entropy from AEM (SER 124) : 5.7173
Residue Topographical Entropy from AEM (ALA 125) : -0.0000
Residue Topographical Entropy from AEM (ALA 126) : -0.0000
Residue Topographical Entropy from AEM (CSER 127) : 8.6123
____________________________________________________________
Total Topog. Entropy (AEM)               :        1033.157
------------------------------------------------------------
____________________________________________________________
Total Entropy                            :        1033.157
------------------------------------------------------------
