------------------------------------------------------------
Topographical entropy of residue side chains 
computed using all the dihedrals with correlation/pLogp formalism
------------------------------------------------------------
Side Chain Topographical Entropy from corr. pLogP method (NALA 1) : -0.0000
Side Chain Topographical Entropy from corr. pLogP method (GLU 2) : 24.0697
Side Chain Topographical Entropy from corr. pLogP method (ALA 3) : -0.0000
Side Chain Topographical Entropy from corr. pLogP method (GLY 4) : -0.0000
Side Chain Topographical Entropy from corr. pLogP method (ILE 5) : 2.6638
Side Chain Topographical Entropy from corr. pLogP method (THR 6) : 5.3838
Side Chain Topographical Entropy from corr. pLogP method (GLY 7) : -0.0000
Side Chain Topographical Entropy from corr. pLogP method (THR 8) : 0.8065
Side Chain Topographical Entropy from corr. pLogP method (TRP 9) : 3.3784
Side Chain Topographical Entropy from corr. pLogP method (TYR 10) : 8.8283
Side Chain Topographical Entropy from corr. pLogP method (ALA 11) : -0.0000
Side Chain Topographical Entropy from corr. pLogP method (GLN 12) : 21.6407
Side Chain Topographical Entropy from corr. pLogP method (LEU 13) : 3.1738
Side Chain Topographical Entropy from corr. pLogP method (GLY 14) : -0.0000
Side Chain Topographical Entropy from corr. pLogP method (SER 15) : 3.5802
Side Chain Topographical Entropy from corr. pLogP method (THR 16) : 5.3820
Side Chain Topographical Entropy from corr. pLogP method (PHE 17) : 15.9628
Side Chain Topographical Entropy from corr. pLogP method (ILE 18) : 7.7019
Side Chain Topographical Entropy from corr. pLogP method (VAL 19) : 6.3844
Side Chain Topographical Entropy from corr. pLogP method (THR 20) : 7.9655
Side Chain Topographical Entropy from corr. pLogP method (ALA 21) : -0.0000
Side Chain Topographical Entropy from corr. pLogP method (GLY 22) : -0.0000
Side Chain Topographical Entropy from corr. pLogP method (ALA 23) : -0.0000
Side Chain Topographical Entropy from corr. pLogP method (ASP 24) : 13.0945
Side Chain Topographical Entropy from corr. pLogP method (GLY 25) : -0.0000
Side Chain Topographical Entropy from corr. pLogP method (ALA 26) : -0.0000
Side Chain Topographical Entropy from corr. pLogP method (LEU 27) : 9.4201
Side Chain Topographical Entropy from corr. pLogP method (THR 28) : 8.7218
Side Chain Topographical Entropy from corr. pLogP method (GLY 29) : -0.0000
Side Chain Topographical Entropy from corr. pLogP method (THR 30) : 6.7238
Side Chain Topographical Entropy from corr. pLogP method (TYR 31) : 5.2899
Side Chain Topographical Entropy from corr. pLogP method (GLU 32) : 15.2661
Side Chain Topographical Entropy from corr. pLogP method (SER 33) : 6.8360
Side Chain Topographical Entropy from corr. pLogP method (ALA 34) : -0.0000
Side Chain Topographical Entropy from corr. pLogP method (VAL 35) : 5.2894
Side Chain Topographical Entropy from corr. pLogP method (GLY 36) : -0.0000
Side Chain Topographical Entropy from corr. pLogP method (ASN 37) : 14.0131
Side Chain Topographical Entropy from corr. pLogP method (ALA 38) : -0.0000
Side Chain Topographical Entropy from corr. pLogP method (GLU 39) : 22.3999
Side Chain Topographical Entropy from corr. pLogP method (SER 40) : 5.2299
Side Chain Topographical Entropy from corr. pLogP method (ARG 41) : 11.9147
Side Chain Topographical Entropy from corr. pLogP method (TYR 42) : 1.8167
Side Chain Topographical Entropy from corr. pLogP method (VAL 43) : 2.5317
Side Chain Topographical Entropy from corr. pLogP method (LEU 44) : 0.9687
Side Chain Topographical Entropy from corr. pLogP method (THR 45) : 5.8649
Side Chain Topographical Entropy from corr. pLogP method (GLY 46) : -0.0000
Side Chain Topographical Entropy from corr. pLogP method (ARG 47) : 1.7409
Side Chain Topographical Entropy from corr. pLogP method (TYR 48) : 7.9415
Side Chain Topographical Entropy from corr. pLogP method (ASP 49) : 6.4536
Side Chain Topographical Entropy from corr. pLogP method (SER 50) : 4.0225
Side Chain Topographical Entropy from corr. pLogP method (ALA 51) : -0.0000
Side Chain Topographical Entropy from corr. pLogP method (PRO 52) : 14.6990
Side Chain Topographical Entropy from corr. pLogP method (ALA 53) : -0.0000
Side Chain Topographical Entropy from corr. pLogP method (THR 54) : 8.6913
Side Chain Topographical Entropy from corr. pLogP method (ASP 55) : 15.2983
Side Chain Topographical Entropy from corr. pLogP method (GLY 56) : -0.0000
Side Chain Topographical Entropy from corr. pLogP method (SER 57) : 8.7133
Side Chain Topographical Entropy from corr. pLogP method (GLY 58) : -0.0000
Side Chain Topographical Entropy from corr. pLogP method (THR 59) : 2.6125
Side Chain Topographical Entropy from corr. pLogP method (ALA 60) : -0.0000
Side Chain Topographical Entropy from corr. pLogP method (LEU 61) : 6.5274
Side Chain Topographical Entropy from corr. pLogP method (GLY 62) : -0.0000
Side Chain Topographical Entropy from corr. pLogP method (TRP 63) : 2.6060
Side Chain Topographical Entropy from corr. pLogP method (THR 64) : 0.3388
Side Chain Topographical Entropy from corr. pLogP method (VAL 65) : 0.0492
Side Chain Topographical Entropy from corr. pLogP method (ALA 66) : -0.0000
Side Chain Topographical Entropy from corr. pLogP method (TRP 67) : 2.0128
Side Chain Topographical Entropy from corr. pLogP method (LYS 68) : 18.0573
Side Chain Topographical Entropy from corr. pLogP method (ASN 69) : 7.1260
Side Chain Topographical Entropy from corr. pLogP method (ASN 70) : 14.1086
Side Chain Topographical Entropy from corr. pLogP method (TYR 71) : 7.8972
Side Chain Topographical Entropy from corr. pLogP method (ARG 72) : 13.2872
Side Chain Topographical Entropy from corr. pLogP method (ASN 73) : 8.9447
Side Chain Topographical Entropy from corr. pLogP method (ALA 74) : -0.0000
Side Chain Topographical Entropy from corr. pLogP method (HID 75) : 7.5702
Side Chain Topographical Entropy from corr. pLogP method (SER 76) : 4.1378
Side Chain Topographical Entropy from corr. pLogP method (ALA 77) : -0.0000
Side Chain Topographical Entropy from corr. pLogP method (THR 78) : 0.3048
Side Chain Topographical Entropy from corr. pLogP method (THR 79) : 3.3670
Side Chain Topographical Entropy from corr. pLogP method (TRP 80) : 5.8682
Side Chain Topographical Entropy from corr. pLogP method (SER 81) : 1.3015
Side Chain Topographical Entropy from corr. pLogP method (GLY 82) : -0.0000
Side Chain Topographical Entropy from corr. pLogP method (GLN 83) : 13.4692
Side Chain Topographical Entropy from corr. pLogP method (TYR 84) : 8.7851
Side Chain Topographical Entropy from corr. pLogP method (VAL 85) : 4.2725
Side Chain Topographical Entropy from corr. pLogP method (GLY 86) : -0.0000
Side Chain Topographical Entropy from corr. pLogP method (GLY 87) : -0.0000
Side Chain Topographical Entropy from corr. pLogP method (ALA 88) : -0.0000
Side Chain Topographical Entropy from corr. pLogP method (GLU 89) : 21.7044
Side Chain Topographical Entropy from corr. pLogP method (ALA 90) : -0.0000
Side Chain Topographical Entropy from corr. pLogP method (ARG 91) : 15.8691
Side Chain Topographical Entropy from corr. pLogP method (ILE 92) : 2.8551
Side Chain Topographical Entropy from corr. pLogP method (ASN 93) : 7.6717
Side Chain Topographical Entropy from corr. pLogP method (THR 94) : 4.3140
Side Chain Topographical Entropy from corr. pLogP method (GLN 95) : 15.5913
Side Chain Topographical Entropy from corr. pLogP method (TRP 96) : 5.1045
Side Chain Topographical Entropy from corr. pLogP method (LEU 97) : 3.8709
Side Chain Topographical Entropy from corr. pLogP method (LEU 98) : 4.6516
Side Chain Topographical Entropy from corr. pLogP method (THR 99) : 2.7368
Side Chain Topographical Entropy from corr. pLogP method (SER 100) : 6.6278
Side Chain Topographical Entropy from corr. pLogP method (GLY 101) : -0.0000
Side Chain Topographical Entropy from corr. pLogP method (THR 102) : 4.9174
Side Chain Topographical Entropy from corr. pLogP method (THR 103) : 3.8884
Side Chain Topographical Entropy from corr. pLogP method (GLU 104) : 23.7736
Side Chain Topographical Entropy from corr. pLogP method (ALA 105) : -0.0000
Side Chain Topographical Entropy from corr. pLogP method (ASN 106) : 7.2927
Side Chain Topographical Entropy from corr. pLogP method (ALA 107) : -0.0000
Side Chain Topographical Entropy from corr. pLogP method (TRP 108) : 13.6340
Side Chain Topographical Entropy from corr. pLogP method (LYS 109) : 17.4132
Side Chain Topographical Entropy from corr. pLogP method (SER 110) : 5.4325
Side Chain Topographical Entropy from corr. pLogP method (THR 111) : 1.6561
Side Chain Topographical Entropy from corr. pLogP method (LEU 112) : 4.1467
Side Chain Topographical Entropy from corr. pLogP method (VAL 113) : 1.8366
Side Chain Topographical Entropy from corr. pLogP method (GLY 114) : -0.0000
Side Chain Topographical Entropy from corr. pLogP method (HID 115) : 4.8445
Side Chain Topographical Entropy from corr. pLogP method (ASP 116) : 7.5803
Side Chain Topographical Entropy from corr. pLogP method (THR 117) : 6.9710
Side Chain Topographical Entropy from corr. pLogP method (PHE 118) : 6.6581
Side Chain Topographical Entropy from corr. pLogP method (THR 119) : 1.5381
Side Chain Topographical Entropy from corr. pLogP method (LYS 120) : 9.6446
Side Chain Topographical Entropy from corr. pLogP method (VAL 121) : 3.4500
Side Chain Topographical Entropy from corr. pLogP method (LYS 122) : 24.6893
Side Chain Topographical Entropy from corr. pLogP method (PRO 123) : 16.7345
Side Chain Topographical Entropy from corr. pLogP method (SER 124) : 2.4438
Side Chain Topographical Entropy from corr. pLogP method (ALA 125) : -0.0000
Side Chain Topographical Entropy from corr. pLogP method (ALA 126) : -0.0000
Side Chain Topographical Entropy from corr. pLogP method (CSER 127) : 6.0179
____________________________________________________________
Total SC Topog. Entropy (corr. pLogP)    :         718.068
------------------------------------------------------------
____________________________________________________________
Total BB Topog. Entropy (corr. pLogP)    :          51.957
------------------------------------------------------------
____________________________________________________________
Total Entropy                            :         770.025
------------------------------------------------------------
