------------------------------------------------------------
            Hierarchy level. --> United Atom <--            
------------------------------------------------------------
      RESNAME   RESID  FF_ENTROPY  TT_ENTROPY
UATOM NALA          1       9.197      38.030
UATOM GLU           2      21.918      21.490
UATOM ALA           3       5.529      24.629
UATOM GLY           4       2.361      12.679
UATOM ILE           5      24.887      53.448
UATOM THR           6      18.867      34.241
UATOM GLY           7       2.446      12.887
UATOM THR           8      18.517      34.215
UATOM TRP           9      45.672      41.351
UATOM TYR          10      38.098      36.524
UATOM ALA          11       6.718      25.221
UATOM GLN          12      25.737      32.762
UATOM LEU          13      22.577      52.307
UATOM GLY          14       2.546      11.703
UATOM SER          15      11.139      21.705
UATOM THR          16      17.820      33.741
UATOM PHE          17      31.184      36.944
UATOM ILE          18      23.699      52.619
UATOM VAL          19      18.008      43.165
UATOM THR          20      18.140      35.446
UATOM ALA          21       6.657      26.378
UATOM GLY          22       2.494      13.505
UATOM ALA          23       6.440      25.814
UATOM ASP          24      17.521      14.078
UATOM GLY          25       2.698      13.515
UATOM ALA          26       6.555      25.148
UATOM LEU          27      25.135      51.852
UATOM THR          28      17.823      34.250
UATOM GLY          29       2.746      13.091
UATOM THR          30      17.223      35.365
UATOM TYR          31      39.277      37.131
UATOM GLU          32      26.081      22.567
UATOM SER          33      11.037      21.350
UATOM ALA          34       6.534      27.030
UATOM VAL          35      17.277      44.972
UATOM GLY          36       2.397      12.514
UATOM ASN          37      21.070      25.023
UATOM ALA          38       6.357      25.055
UATOM GLU          39      23.622      23.762
UATOM SER          40      11.977      22.557
UATOM ARG          41      39.563      54.599
UATOM TYR          42      40.919      39.207
UATOM VAL          43      18.346      44.764
UATOM LEU          44      25.548      51.123
UATOM THR          45      18.875      36.161
UATOM GLY          46       2.516      13.204
UATOM ARG          47      43.856      58.151
UATOM TYR          48      40.382      38.801
UATOM ASP          49      20.925      16.388
UATOM SER          50      11.657      22.245
UATOM ALA          51       6.992      24.087
UATOM PRO          52      12.842      27.017
UATOM ALA          53       6.329      26.630
UATOM THR          54      18.430      35.502
UATOM ASP          55      19.030      14.512
UATOM GLY          56       2.604      13.916
UATOM SER          57      11.106      21.462
UATOM GLY          58       2.836      13.417
UATOM THR          59      19.570      35.116
UATOM ALA          60       6.395      25.947
UATOM LEU          61      24.716      50.539
UATOM GLY          62       2.539      13.278
UATOM TRP          63      46.352      43.437
UATOM THR          64      17.759      34.045
UATOM VAL          65      19.682      44.409
UATOM ALA          66       7.103      25.189
UATOM TRP          67      47.248      40.868
UATOM LYS          68      29.271      51.926
UATOM ASN          69      22.049      25.403
UATOM ASN          70      19.915      27.309
UATOM TYR          71      38.202      36.613
UATOM ARG          72      40.420      56.972
UATOM ASN          73      21.680      26.018
UATOM ALA          74       6.698      25.110
UATOM HID          75      28.473      30.856
UATOM SER          76      11.631      20.819
UATOM ALA          77       6.819      25.434
UATOM THR          78      19.289      34.812
UATOM THR          79      19.059      37.890
UATOM TRP          80      46.302      42.659
UATOM SER          81      11.850      26.459
UATOM GLY          82       2.511      13.677
UATOM GLN          83      28.251      34.749
UATOM TYR          84      39.477      37.958
UATOM VAL          85      18.315      43.226
UATOM GLY          86       2.216      12.341
UATOM GLY          87       2.469      12.865
UATOM ALA          88       6.265      25.425
UATOM GLU          89      23.458      21.653
UATOM ALA          90       6.522      25.711
UATOM ARG          91      42.151      57.198
UATOM ILE          92      24.579      50.958
UATOM ASN          93      21.797      27.130
UATOM THR          94      19.259      34.688
UATOM GLN          95      29.391      35.349
UATOM TRP          96      44.414      42.589
UATOM LEU          97      24.061      52.518
UATOM LEU          98      24.013      53.331
UATOM THR          99      19.426      35.502
UATOM SER         100      11.417      22.284
UATOM GLY         101       2.481      13.225
UATOM THR         102      18.504      35.963
UATOM THR         103      19.154      36.263
UATOM GLU         104      24.237      23.336
UATOM ALA         105       6.876      25.189
UATOM ASN         106      20.628      26.467
UATOM ALA         107       5.986      26.436
UATOM TRP         108      44.705      40.679
UATOM LYS         109      28.955      53.150
UATOM SER         110      11.370      22.049
UATOM THR         111      18.930      36.703
UATOM LEU         112      24.245      51.963
UATOM VAL         113      18.781      44.369
UATOM GLY         114       2.342      13.521
UATOM HID         115      27.526      30.133
UATOM ASP         116      21.168      15.843
UATOM THR         117      18.851      34.958
UATOM PHE         118      30.281      36.435
UATOM THR         119      18.512      32.627
UATOM LYS         120      28.856      53.444
UATOM VAL         121      17.720      45.043
UATOM LYS         122      27.962      53.546
UATOM PRO         123      12.637      26.530
UATOM SER         124      10.148      20.677
UATOM ALA         125       5.790      24.883
UATOM ALA         126       5.511      23.879
UATOM CSER        127      13.783      20.135
____________________________________________________________
Total Entropy FF (UA level) :        2367.690 J/mol/K
Total Entropy TT (UA level) :        4008.956 J/mol/K
------------------------------------------------------------
____________________________________________________________
Total Entropy                            :        6376.646
------------------------------------------------------------
