------------------------------------------------------------
Topographical entropy of residue side chains 
computed using all the dihedrals with AEM method
------------------------------------------------------------
Residue Topographical Entropy from AEM (NALA 1) : 0.8885
Residue Topographical Entropy from AEM (GLU 2) : 23.2043
Residue Topographical Entropy from AEM (ALA 3) : -0.0000
Residue Topographical Entropy from AEM (GLY 4) : -0.0000
Residue Topographical Entropy from AEM (ILE 5) : 1.8051
Residue Topographical Entropy from AEM (THR 6) : 0.2878
Residue Topographical Entropy from AEM (GLY 7) : -0.0000
Residue Topographical Entropy from AEM (THR 8) : 0.9988
Residue Topographical Entropy from AEM (TRP 9) : 39.2571
Residue Topographical Entropy from AEM (TYR 10) : 24.6600
Residue Topographical Entropy from AEM (ALA 11) : -0.0000
Residue Topographical Entropy from AEM (GLN 12) : 15.0156
Residue Topographical Entropy from AEM (LEU 13) : 7.8237
Residue Topographical Entropy from AEM (GLY 14) : -0.0000
Residue Topographical Entropy from AEM (SER 15) : 6.9380
Residue Topographical Entropy from AEM (THR 16) : 4.6223
Residue Topographical Entropy from AEM (PHE 17) : 27.6842
Residue Topographical Entropy from AEM (ILE 18) : 7.0985
Residue Topographical Entropy from AEM (VAL 19) : 2.0166
Residue Topographical Entropy from AEM (THR 20) : 7.1101
Residue Topographical Entropy from AEM (ALA 21) : -0.0000
Residue Topographical Entropy from AEM (GLY 22) : -0.0000
Residue Topographical Entropy from AEM (ALA 23) : -0.0000
Residue Topographical Entropy from AEM (ASP 24) : 10.8243
Residue Topographical Entropy from AEM (GLY 25) : -0.0000
Residue Topographical Entropy from AEM (ALA 26) : -0.0000
Residue Topographical Entropy from AEM (LEU 27) : 8.4825
Residue Topographical Entropy from AEM (THR 28) : 8.8612
Residue Topographical Entropy from AEM (GLY 29) : -0.0000
Residue Topographical Entropy from AEM (THR 30) : 7.9883
Residue Topographical Entropy from AEM (TYR 31) : 22.5752
Residue Topographical Entropy from AEM (GLU 32) : 16.2768
Residue Topographical Entropy from AEM (SER 33) : 4.0821
Residue Topographical Entropy from AEM (ALA 34) : -0.0000
Residue Topographical Entropy from AEM (VAL 35) : 7.3453
Residue Topographical Entropy from AEM (GLY 36) : -0.0000
Residue Topographical Entropy from AEM (ASN 37) : 8.8356
Residue Topographical Entropy from AEM (ALA 38) : -0.0000
Residue Topographical Entropy from AEM (GLU 39) : 19.2780
Residue Topographical Entropy from AEM (SER 40) : 5.7149
Residue Topographical Entropy from AEM (ARG 41) : 14.2773
Residue Topographical Entropy from AEM (TYR 42) : 22.9474
Residue Topographical Entropy from AEM (VAL 43) : 1.1331
Residue Topographical Entropy from AEM (LEU 44) : 4.1923
Residue Topographical Entropy from AEM (THR 45) : 6.5652
Residue Topographical Entropy from AEM (GLY 46) : -0.0000
Residue Topographical Entropy from AEM (ARG 47) : 2.2953
Residue Topographical Entropy from AEM (TYR 48) : 24.5503
Residue Topographical Entropy from AEM (ASP 49) : 3.5031
Residue Topographical Entropy from AEM (SER 50) : 2.0151
Residue Topographical Entropy from AEM (ALA 51) : -0.0000
Residue Topographical Entropy from AEM (PRO 52) : 6.9301
Residue Topographical Entropy from AEM (ALA 53) : -0.0000
Residue Topographical Entropy from AEM (THR 54) : 5.1971
Residue Topographical Entropy from AEM (ASP 55) : 6.4016
Residue Topographical Entropy from AEM (GLY 56) : -0.0000
Residue Topographical Entropy from AEM (SER 57) : 1.6664
Residue Topographical Entropy from AEM (GLY 58) : -0.0000
Residue Topographical Entropy from AEM (THR 59) : 1.4422
Residue Topographical Entropy from AEM (ALA 60) : -0.0000
Residue Topographical Entropy from AEM (LEU 61) : 6.2883
Residue Topographical Entropy from AEM (GLY 62) : -0.0000
Residue Topographical Entropy from AEM (TRP 63) : 35.0115
Residue Topographical Entropy from AEM (THR 64) : 0.6441
Residue Topographical Entropy from AEM (VAL 65) : 0.5319
Residue Topographical Entropy from AEM (ALA 66) : -0.0000
Residue Topographical Entropy from AEM (TRP 67) : 41.9838
Residue Topographical Entropy from AEM (LYS 68) : 20.7747
Residue Topographical Entropy from AEM (ASN 69) : 10.7607
Residue Topographical Entropy from AEM (ASN 70) : 13.2819
Residue Topographical Entropy from AEM (TYR 71) : 34.5847
Residue Topographical Entropy from AEM (ARG 72) : 19.6250
Residue Topographical Entropy from AEM (ASN 73) : 4.0025
Residue Topographical Entropy from AEM (ALA 74) : -0.0000
Residue Topographical Entropy from AEM (HID 75) : 23.0378
Residue Topographical Entropy from AEM (SER 76) : 4.8854
Residue Topographical Entropy from AEM (ALA 77) : -0.0000
Residue Topographical Entropy from AEM (THR 78) : 0.6467
Residue Topographical Entropy from AEM (THR 79) : 1.9182
Residue Topographical Entropy from AEM (TRP 80) : 35.5568
Residue Topographical Entropy from AEM (SER 81) : 4.0230
Residue Topographical Entropy from AEM (GLY 82) : -0.0000
Residue Topographical Entropy from AEM (GLN 83) : 10.1656
Residue Topographical Entropy from AEM (TYR 84) : 27.8310
Residue Topographical Entropy from AEM (VAL 85) : 3.2647
Residue Topographical Entropy from AEM (GLY 86) : -0.0000
Residue Topographical Entropy from AEM (GLY 87) : -0.0000
Residue Topographical Entropy from AEM (ALA 88) : -0.0000
Residue Topographical Entropy from AEM (GLU 89) : 22.0354
Residue Topographical Entropy from AEM (ALA 90) : -0.0000
Residue Topographical Entropy from AEM (ARG 91) : 18.6579
Residue Topographical Entropy from AEM (ILE 92) : 1.8889
Residue Topographical Entropy from AEM (ASN 93) : 8.5726
Residue Topographical Entropy from AEM (THR 94) : 6.1656
Residue Topographical Entropy from AEM (GLN 95) : 7.3059
Residue Topographical Entropy from AEM (TRP 96) : 44.3308
Residue Topographical Entropy from AEM (LEU 97) : 5.4455
Residue Topographical Entropy from AEM (LEU 98) : 3.5002
Residue Topographical Entropy from AEM (THR 99) : 5.8798
Residue Topographical Entropy from AEM (SER 100) : 8.8542
Residue Topographical Entropy from AEM (GLY 101) : -0.0000
Residue Topographical Entropy from AEM (THR 102) : 2.3785
Residue Topographical Entropy from AEM (THR 103) : 2.2749
Residue Topographical Entropy from AEM (GLU 104) : 25.4714
Residue Topographical Entropy from AEM (ALA 105) : -0.0000
Residue Topographical Entropy from AEM (ASN 106) : 1.6740
Residue Topographical Entropy from AEM (ALA 107) : -0.0000
Residue Topographical Entropy from AEM (TRP 108) : 40.8094
Residue Topographical Entropy from AEM (LYS 109) : 15.6109
Residue Topographical Entropy from AEM (SER 110) : 3.0173
Residue Topographical Entropy from AEM (THR 111) : 0.2725
Residue Topographical Entropy from AEM (LEU 112) : 2.2143
Residue Topographical Entropy from AEM (VAL 113) : -0.0000
Residue Topographical Entropy from AEM (GLY 114) : -0.0000
Residue Topographical Entropy from AEM (HID 115) : 0.5840
Residue Topographical Entropy from AEM (ASP 116) : 6.0338
Residue Topographical Entropy from AEM (THR 117) : 5.7235
Residue Topographical Entropy from AEM (PHE 118) : 28.2242
Residue Topographical Entropy from AEM (THR 119) : 6.8575
Residue Topographical Entropy from AEM (LYS 120) : 14.5958
Residue Topographical Entropy from AEM (VAL 121) : 5.9223
Residue Topographical Entropy from AEM (LYS 122) : 17.3966
Residue Topographical Entropy from AEM (PRO 123) : 7.4194
Residue Topographical Entropy from AEM (SER 124) : 8.8757
Residue Topographical Entropy from AEM (ALA 125) : -0.0000
Residue Topographical Entropy from AEM (ALA 126) : -0.0000
Residue Topographical Entropy from AEM (CSER 127) : 6.4576
____________________________________________________________
Total Topog. Entropy (AEM)               :        1026.060
------------------------------------------------------------
____________________________________________________________
Total Entropy                            :        1026.060
------------------------------------------------------------
