------------------------------------------------------------
Topographical entropy of residue side chains 
computed using all the dihedrals with correlation/pLogp formalism
------------------------------------------------------------
Side Chain Topographical Entropy from corr. pLogP method (NALA 1) : -0.0000
Side Chain Topographical Entropy from corr. pLogP method (GLU 2) : 21.9145
Side Chain Topographical Entropy from corr. pLogP method (ALA 3) : -0.0000
Side Chain Topographical Entropy from corr. pLogP method (GLY 4) : -0.0000
Side Chain Topographical Entropy from corr. pLogP method (ILE 5) : 2.0726
Side Chain Topographical Entropy from corr. pLogP method (THR 6) : 0.5653
Side Chain Topographical Entropy from corr. pLogP method (GLY 7) : -0.0000
Side Chain Topographical Entropy from corr. pLogP method (THR 8) : 1.7552
Side Chain Topographical Entropy from corr. pLogP method (TRP 9) : 4.7891
Side Chain Topographical Entropy from corr. pLogP method (TYR 10) : 9.0814
Side Chain Topographical Entropy from corr. pLogP method (ALA 11) : -0.0000
Side Chain Topographical Entropy from corr. pLogP method (GLN 12) : 21.5464
Side Chain Topographical Entropy from corr. pLogP method (LEU 13) : 7.6649
Side Chain Topographical Entropy from corr. pLogP method (GLY 14) : -0.0000
Side Chain Topographical Entropy from corr. pLogP method (SER 15) : 5.8955
Side Chain Topographical Entropy from corr. pLogP method (THR 16) : 3.8588
Side Chain Topographical Entropy from corr. pLogP method (PHE 17) : 3.8804
Side Chain Topographical Entropy from corr. pLogP method (ILE 18) : 7.6914
Side Chain Topographical Entropy from corr. pLogP method (VAL 19) : 4.2253
Side Chain Topographical Entropy from corr. pLogP method (THR 20) : 6.9239
Side Chain Topographical Entropy from corr. pLogP method (ALA 21) : -0.0000
Side Chain Topographical Entropy from corr. pLogP method (GLY 22) : -0.0000
Side Chain Topographical Entropy from corr. pLogP method (ALA 23) : -0.0000
Side Chain Topographical Entropy from corr. pLogP method (ASP 24) : 16.7093
Side Chain Topographical Entropy from corr. pLogP method (GLY 25) : -0.0000
Side Chain Topographical Entropy from corr. pLogP method (ALA 26) : -0.0000
Side Chain Topographical Entropy from corr. pLogP method (LEU 27) : 9.8217
Side Chain Topographical Entropy from corr. pLogP method (THR 28) : 8.3742
Side Chain Topographical Entropy from corr. pLogP method (GLY 29) : -0.0000
Side Chain Topographical Entropy from corr. pLogP method (THR 30) : 7.8215
Side Chain Topographical Entropy from corr. pLogP method (TYR 31) : 12.0448
Side Chain Topographical Entropy from corr. pLogP method (GLU 32) : 20.3461
Side Chain Topographical Entropy from corr. pLogP method (SER 33) : 4.1810
Side Chain Topographical Entropy from corr. pLogP method (ALA 34) : -0.0000
Side Chain Topographical Entropy from corr. pLogP method (VAL 35) : 9.0272
Side Chain Topographical Entropy from corr. pLogP method (GLY 36) : -0.0000
Side Chain Topographical Entropy from corr. pLogP method (ASN 37) : 16.5377
Side Chain Topographical Entropy from corr. pLogP method (ALA 38) : -0.0000
Side Chain Topographical Entropy from corr. pLogP method (GLU 39) : 22.7001
Side Chain Topographical Entropy from corr. pLogP method (SER 40) : 8.9729
Side Chain Topographical Entropy from corr. pLogP method (ARG 41) : 16.7742
Side Chain Topographical Entropy from corr. pLogP method (TYR 42) : 13.9756
Side Chain Topographical Entropy from corr. pLogP method (VAL 43) : 3.4061
Side Chain Topographical Entropy from corr. pLogP method (LEU 44) : 5.0669
Side Chain Topographical Entropy from corr. pLogP method (THR 45) : 3.8937
Side Chain Topographical Entropy from corr. pLogP method (GLY 46) : -0.0000
Side Chain Topographical Entropy from corr. pLogP method (ARG 47) : 2.9827
Side Chain Topographical Entropy from corr. pLogP method (TYR 48) : 6.4651
Side Chain Topographical Entropy from corr. pLogP method (ASP 49) : 6.4596
Side Chain Topographical Entropy from corr. pLogP method (SER 50) : 3.7017
Side Chain Topographical Entropy from corr. pLogP method (ALA 51) : -0.0000
Side Chain Topographical Entropy from corr. pLogP method (PRO 52) : 12.9343
Side Chain Topographical Entropy from corr. pLogP method (ALA 53) : -0.0000
Side Chain Topographical Entropy from corr. pLogP method (THR 54) : 6.8096
Side Chain Topographical Entropy from corr. pLogP method (ASP 55) : 8.3920
Side Chain Topographical Entropy from corr. pLogP method (GLY 56) : -0.0000
Side Chain Topographical Entropy from corr. pLogP method (SER 57) : 3.1395
Side Chain Topographical Entropy from corr. pLogP method (GLY 58) : -0.0000
Side Chain Topographical Entropy from corr. pLogP method (THR 59) : 1.3697
Side Chain Topographical Entropy from corr. pLogP method (ALA 60) : -0.0000
Side Chain Topographical Entropy from corr. pLogP method (LEU 61) : 7.5495
Side Chain Topographical Entropy from corr. pLogP method (GLY 62) : -0.0000
Side Chain Topographical Entropy from corr. pLogP method (TRP 63) : 4.0577
Side Chain Topographical Entropy from corr. pLogP method (THR 64) : 0.7880
Side Chain Topographical Entropy from corr. pLogP method (VAL 65) : 1.4577
Side Chain Topographical Entropy from corr. pLogP method (ALA 66) : -0.0000
Side Chain Topographical Entropy from corr. pLogP method (TRP 67) : 4.9802
Side Chain Topographical Entropy from corr. pLogP method (LYS 68) : 22.8989
Side Chain Topographical Entropy from corr. pLogP method (ASN 69) : 9.4561
Side Chain Topographical Entropy from corr. pLogP method (ASN 70) : 14.5508
Side Chain Topographical Entropy from corr. pLogP method (TYR 71) : 17.0520
Side Chain Topographical Entropy from corr. pLogP method (ARG 72) : 21.5940
Side Chain Topographical Entropy from corr. pLogP method (ASN 73) : 10.3350
Side Chain Topographical Entropy from corr. pLogP method (ALA 74) : -0.0000
Side Chain Topographical Entropy from corr. pLogP method (HID 75) : 6.1679
Side Chain Topographical Entropy from corr. pLogP method (SER 76) : 3.8458
Side Chain Topographical Entropy from corr. pLogP method (ALA 77) : -0.0000
Side Chain Topographical Entropy from corr. pLogP method (THR 78) : 1.2194
Side Chain Topographical Entropy from corr. pLogP method (THR 79) : 1.2058
Side Chain Topographical Entropy from corr. pLogP method (TRP 80) : 7.7477
Side Chain Topographical Entropy from corr. pLogP method (SER 81) : 1.4931
Side Chain Topographical Entropy from corr. pLogP method (GLY 82) : -0.0000
Side Chain Topographical Entropy from corr. pLogP method (GLN 83) : 10.9950
Side Chain Topographical Entropy from corr. pLogP method (TYR 84) : 3.4012
Side Chain Topographical Entropy from corr. pLogP method (VAL 85) : 2.4483
Side Chain Topographical Entropy from corr. pLogP method (GLY 86) : -0.0000
Side Chain Topographical Entropy from corr. pLogP method (GLY 87) : -0.0000
Side Chain Topographical Entropy from corr. pLogP method (ALA 88) : -0.0000
Side Chain Topographical Entropy from corr. pLogP method (GLU 89) : 21.2130
Side Chain Topographical Entropy from corr. pLogP method (ALA 90) : -0.0000
Side Chain Topographical Entropy from corr. pLogP method (ARG 91) : 11.0866
Side Chain Topographical Entropy from corr. pLogP method (ILE 92) : 2.3393
Side Chain Topographical Entropy from corr. pLogP method (ASN 93) : 7.4749
Side Chain Topographical Entropy from corr. pLogP method (THR 94) : 6.3100
Side Chain Topographical Entropy from corr. pLogP method (GLN 95) : 7.7259
Side Chain Topographical Entropy from corr. pLogP method (TRP 96) : 5.6893
Side Chain Topographical Entropy from corr. pLogP method (LEU 97) : 2.8001
Side Chain Topographical Entropy from corr. pLogP method (LEU 98) : 3.7928
Side Chain Topographical Entropy from corr. pLogP method (THR 99) : 5.7130
Side Chain Topographical Entropy from corr. pLogP method (SER 100) : 8.3376
Side Chain Topographical Entropy from corr. pLogP method (GLY 101) : -0.0000
Side Chain Topographical Entropy from corr. pLogP method (THR 102) : 7.9340
Side Chain Topographical Entropy from corr. pLogP method (THR 103) : 6.2230
Side Chain Topographical Entropy from corr. pLogP method (GLU 104) : 23.3701
Side Chain Topographical Entropy from corr. pLogP method (ALA 105) : -0.0000
Side Chain Topographical Entropy from corr. pLogP method (ASN 106) : 9.0488
Side Chain Topographical Entropy from corr. pLogP method (ALA 107) : -0.0000
Side Chain Topographical Entropy from corr. pLogP method (TRP 108) : 10.0198
Side Chain Topographical Entropy from corr. pLogP method (LYS 109) : 18.1265
Side Chain Topographical Entropy from corr. pLogP method (SER 110) : 6.3883
Side Chain Topographical Entropy from corr. pLogP method (THR 111) : 0.6487
Side Chain Topographical Entropy from corr. pLogP method (LEU 112) : 1.7465
Side Chain Topographical Entropy from corr. pLogP method (VAL 113) : 0.8268
Side Chain Topographical Entropy from corr. pLogP method (GLY 114) : -0.0000
Side Chain Topographical Entropy from corr. pLogP method (HID 115) : 2.6635
Side Chain Topographical Entropy from corr. pLogP method (ASP 116) : 9.5764
Side Chain Topographical Entropy from corr. pLogP method (THR 117) : 1.0971
Side Chain Topographical Entropy from corr. pLogP method (PHE 118) : 3.0379
Side Chain Topographical Entropy from corr. pLogP method (THR 119) : 5.9279
Side Chain Topographical Entropy from corr. pLogP method (LYS 120) : 16.4430
Side Chain Topographical Entropy from corr. pLogP method (VAL 121) : 5.8120
Side Chain Topographical Entropy from corr. pLogP method (LYS 122) : 19.0785
Side Chain Topographical Entropy from corr. pLogP method (PRO 123) : 15.3510
Side Chain Topographical Entropy from corr. pLogP method (SER 124) : 8.5994
Side Chain Topographical Entropy from corr. pLogP method (ALA 125) : -0.0000
Side Chain Topographical Entropy from corr. pLogP method (ALA 126) : -0.0000
Side Chain Topographical Entropy from corr. pLogP method (CSER 127) : 5.4864
____________________________________________________________
Total SC Topog. Entropy (corr. pLogP)    :         746.905
------------------------------------------------------------
____________________________________________________________
Total BB Topog. Entropy (corr. pLogP)    :          51.041
------------------------------------------------------------
____________________________________________________________
Total Entropy                            :         797.946
------------------------------------------------------------
