------------------------------------------------------------
Topographical entropy of residue side chains 
computed using all the dihedrals with correlation/pLogp formalism
------------------------------------------------------------
Side Chain Topographical Entropy from corr. pLogP method (NALA 1) : -0.0000
Side Chain Topographical Entropy from corr. pLogP method (GLU 2) : 18.0079
Side Chain Topographical Entropy from corr. pLogP method (ALA 3) : -0.0000
Side Chain Topographical Entropy from corr. pLogP method (GLY 4) : -0.0000
Side Chain Topographical Entropy from corr. pLogP method (ILE 5) : 1.4304
Side Chain Topographical Entropy from corr. pLogP method (THR 6) : -0.0000
Side Chain Topographical Entropy from corr. pLogP method (GLY 7) : -0.0000
Side Chain Topographical Entropy from corr. pLogP method (THR 8) : 1.9152
Side Chain Topographical Entropy from corr. pLogP method (TRP 9) : -0.0000
Side Chain Topographical Entropy from corr. pLogP method (TYR 10) : 6.9463
Side Chain Topographical Entropy from corr. pLogP method (ALA 11) : -0.0000
Side Chain Topographical Entropy from corr. pLogP method (GLN 12) : 21.1895
Side Chain Topographical Entropy from corr. pLogP method (LEU 13) : 7.5671
Side Chain Topographical Entropy from corr. pLogP method (GLY 14) : -0.0000
Side Chain Topographical Entropy from corr. pLogP method (SER 15) : 6.4531
Side Chain Topographical Entropy from corr. pLogP method (THR 16) : 0.1200
Side Chain Topographical Entropy from corr. pLogP method (PHE 17) : 0.7373
Side Chain Topographical Entropy from corr. pLogP method (ILE 18) : 6.5565
Side Chain Topographical Entropy from corr. pLogP method (VAL 19) : 2.0765
Side Chain Topographical Entropy from corr. pLogP method (THR 20) : 6.8752
Side Chain Topographical Entropy from corr. pLogP method (ALA 21) : -0.0000
Side Chain Topographical Entropy from corr. pLogP method (GLY 22) : -0.0000
Side Chain Topographical Entropy from corr. pLogP method (ALA 23) : -0.0000
Side Chain Topographical Entropy from corr. pLogP method (ASP 24) : 16.7629
Side Chain Topographical Entropy from corr. pLogP method (GLY 25) : -0.0000
Side Chain Topographical Entropy from corr. pLogP method (ALA 26) : -0.0000
Side Chain Topographical Entropy from corr. pLogP method (LEU 27) : 8.4835
Side Chain Topographical Entropy from corr. pLogP method (THR 28) : 6.8391
Side Chain Topographical Entropy from corr. pLogP method (GLY 29) : -0.0000
Side Chain Topographical Entropy from corr. pLogP method (THR 30) : 1.7451
Side Chain Topographical Entropy from corr. pLogP method (TYR 31) : 10.8367
Side Chain Topographical Entropy from corr. pLogP method (GLU 32) : 15.3828
Side Chain Topographical Entropy from corr. pLogP method (SER 33) : 2.6987
Side Chain Topographical Entropy from corr. pLogP method (ALA 34) : -0.0000
Side Chain Topographical Entropy from corr. pLogP method (VAL 35) : 5.2786
Side Chain Topographical Entropy from corr. pLogP method (GLY 36) : -0.0000
Side Chain Topographical Entropy from corr. pLogP method (ASN 37) : 13.1885
Side Chain Topographical Entropy from corr. pLogP method (ALA 38) : -0.0000
Side Chain Topographical Entropy from corr. pLogP method (GLU 39) : 24.4003
Side Chain Topographical Entropy from corr. pLogP method (SER 40) : 7.5546
Side Chain Topographical Entropy from corr. pLogP method (ARG 41) : 14.8420
Side Chain Topographical Entropy from corr. pLogP method (TYR 42) : 3.8953
Side Chain Topographical Entropy from corr. pLogP method (VAL 43) : 3.9316
Side Chain Topographical Entropy from corr. pLogP method (LEU 44) : 8.1917
Side Chain Topographical Entropy from corr. pLogP method (THR 45) : 1.7708
Side Chain Topographical Entropy from corr. pLogP method (GLY 46) : -0.0000
Side Chain Topographical Entropy from corr. pLogP method (ARG 47) : 0.1453
Side Chain Topographical Entropy from corr. pLogP method (TYR 48) : 2.5412
Side Chain Topographical Entropy from corr. pLogP method (ASP 49) : 1.2752
Side Chain Topographical Entropy from corr. pLogP method (SER 50) : 1.0380
Side Chain Topographical Entropy from corr. pLogP method (ALA 51) : -0.0000
Side Chain Topographical Entropy from corr. pLogP method (PRO 52) : 8.8268
Side Chain Topographical Entropy from corr. pLogP method (ALA 53) : -0.0000
Side Chain Topographical Entropy from corr. pLogP method (THR 54) : 6.5499
Side Chain Topographical Entropy from corr. pLogP method (ASP 55) : 6.8561
Side Chain Topographical Entropy from corr. pLogP method (GLY 56) : -0.0000
Side Chain Topographical Entropy from corr. pLogP method (SER 57) : 1.0913
Side Chain Topographical Entropy from corr. pLogP method (GLY 58) : -0.0000
Side Chain Topographical Entropy from corr. pLogP method (THR 59) : 0.5034
Side Chain Topographical Entropy from corr. pLogP method (ALA 60) : -0.0000
Side Chain Topographical Entropy from corr. pLogP method (LEU 61) : 6.2568
Side Chain Topographical Entropy from corr. pLogP method (GLY 62) : -0.0000
Side Chain Topographical Entropy from corr. pLogP method (TRP 63) : -0.0000
Side Chain Topographical Entropy from corr. pLogP method (THR 64) : -0.0000
Side Chain Topographical Entropy from corr. pLogP method (VAL 65) : 2.0328
Side Chain Topographical Entropy from corr. pLogP method (ALA 66) : -0.0000
Side Chain Topographical Entropy from corr. pLogP method (TRP 67) : 5.7972
Side Chain Topographical Entropy from corr. pLogP method (LYS 68) : 19.9629
Side Chain Topographical Entropy from corr. pLogP method (ASN 69) : 11.3476
Side Chain Topographical Entropy from corr. pLogP method (ASN 70) : 13.4851
Side Chain Topographical Entropy from corr. pLogP method (TYR 71) : 15.3818
Side Chain Topographical Entropy from corr. pLogP method (ARG 72) : 19.9059
Side Chain Topographical Entropy from corr. pLogP method (ASN 73) : 11.6041
Side Chain Topographical Entropy from corr. pLogP method (ALA 74) : -0.0000
Side Chain Topographical Entropy from corr. pLogP method (HID 75) : 11.1402
Side Chain Topographical Entropy from corr. pLogP method (SER 76) : 3.8623
Side Chain Topographical Entropy from corr. pLogP method (ALA 77) : -0.0000
Side Chain Topographical Entropy from corr. pLogP method (THR 78) : 0.0657
Side Chain Topographical Entropy from corr. pLogP method (THR 79) : 0.2395
Side Chain Topographical Entropy from corr. pLogP method (TRP 80) : 2.0241
Side Chain Topographical Entropy from corr. pLogP method (SER 81) : 0.1200
Side Chain Topographical Entropy from corr. pLogP method (GLY 82) : -0.0000
Side Chain Topographical Entropy from corr. pLogP method (GLN 83) : 5.9448
Side Chain Topographical Entropy from corr. pLogP method (TYR 84) : -0.0000
Side Chain Topographical Entropy from corr. pLogP method (VAL 85) : 0.4073
Side Chain Topographical Entropy from corr. pLogP method (GLY 86) : -0.0000
Side Chain Topographical Entropy from corr. pLogP method (GLY 87) : -0.0000
Side Chain Topographical Entropy from corr. pLogP method (ALA 88) : -0.0000
Side Chain Topographical Entropy from corr. pLogP method (GLU 89) : 20.8413
Side Chain Topographical Entropy from corr. pLogP method (ALA 90) : -0.0000
Side Chain Topographical Entropy from corr. pLogP method (ARG 91) : 5.8300
Side Chain Topographical Entropy from corr. pLogP method (ILE 92) : 0.3009
Side Chain Topographical Entropy from corr. pLogP method (ASN 93) : 2.6476
Side Chain Topographical Entropy from corr. pLogP method (THR 94) : 0.1593
Side Chain Topographical Entropy from corr. pLogP method (GLN 95) : 4.5727
Side Chain Topographical Entropy from corr. pLogP method (TRP 96) : 1.2198
Side Chain Topographical Entropy from corr. pLogP method (LEU 97) : 0.2168
Side Chain Topographical Entropy from corr. pLogP method (LEU 98) : 6.0562
Side Chain Topographical Entropy from corr. pLogP method (THR 99) : 4.7991
Side Chain Topographical Entropy from corr. pLogP method (SER 100) : 8.7389
Side Chain Topographical Entropy from corr. pLogP method (GLY 101) : -0.0000
Side Chain Topographical Entropy from corr. pLogP method (THR 102) : 1.1191
Side Chain Topographical Entropy from corr. pLogP method (THR 103) : 1.9891
Side Chain Topographical Entropy from corr. pLogP method (GLU 104) : 23.5814
Side Chain Topographical Entropy from corr. pLogP method (ALA 105) : -0.0000
Side Chain Topographical Entropy from corr. pLogP method (ASN 106) : 6.4128
Side Chain Topographical Entropy from corr. pLogP method (ALA 107) : -0.0000
Side Chain Topographical Entropy from corr. pLogP method (TRP 108) : 5.8776
Side Chain Topographical Entropy from corr. pLogP method (LYS 109) : 15.9728
Side Chain Topographical Entropy from corr. pLogP method (SER 110) : 0.0657
Side Chain Topographical Entropy from corr. pLogP method (THR 111) : -0.0000
Side Chain Topographical Entropy from corr. pLogP method (LEU 112) : 1.5182
Side Chain Topographical Entropy from corr. pLogP method (VAL 113) : -0.0000
Side Chain Topographical Entropy from corr. pLogP method (GLY 114) : -0.0000
Side Chain Topographical Entropy from corr. pLogP method (HID 115) : 0.1015
Side Chain Topographical Entropy from corr. pLogP method (ASP 116) : 6.8399
Side Chain Topographical Entropy from corr. pLogP method (THR 117) : -0.0000
Side Chain Topographical Entropy from corr. pLogP method (PHE 118) : -0.0000
Side Chain Topographical Entropy from corr. pLogP method (THR 119) : 5.1347
Side Chain Topographical Entropy from corr. pLogP method (LYS 120) : 10.9491
Side Chain Topographical Entropy from corr. pLogP method (VAL 121) : 5.4679
Side Chain Topographical Entropy from corr. pLogP method (LYS 122) : 18.2705
Side Chain Topographical Entropy from corr. pLogP method (PRO 123) : 14.8803
Side Chain Topographical Entropy from corr. pLogP method (SER 124) : 8.8389
Side Chain Topographical Entropy from corr. pLogP method (ALA 125) : -0.0000
Side Chain Topographical Entropy from corr. pLogP method (ALA 126) : -0.0000
Side Chain Topographical Entropy from corr. pLogP method (CSER 127) : 4.6540
____________________________________________________________
Total SC Topog. Entropy (corr. pLogP)    :         571.139
------------------------------------------------------------
____________________________________________________________
Total BB Topog. Entropy (corr. pLogP)    :          32.288
------------------------------------------------------------
____________________________________________________________
Total Entropy                            :         603.427
------------------------------------------------------------
