------------------------------------------------------------
            Hierarchy level. --> United Atom <--            
------------------------------------------------------------
      RESNAME   RESID  FF_ENTROPY  TT_ENTROPY
UATOM NALA          1       9.112      38.475
UATOM GLU           2      21.358      21.250
UATOM ALA           3       5.090      24.384
UATOM GLY           4       2.144      12.030
UATOM ILE           5      21.638      51.026
UATOM THR           6      16.645      32.865
UATOM GLY           7       2.258      11.608
UATOM THR           8      17.017      32.504
UATOM TRP           9      35.717      36.494
UATOM TYR          10      32.381      34.369
UATOM ALA          11       5.515      24.101
UATOM GLN          12      23.308      32.053
UATOM LEU          13      20.612      50.029
UATOM GLY          14       2.182      11.505
UATOM SER          15       9.386      19.797
UATOM THR          16      16.400      33.149
UATOM PHE          17      25.300      33.224
UATOM ILE          18      21.291      50.331
UATOM VAL          19      16.000      42.476
UATOM THR          20      16.936      33.207
UATOM ALA          21       5.702      25.421
UATOM GLY          22       2.160      11.404
UATOM ALA          23       5.338      24.598
UATOM ASP          24      15.916      14.353
UATOM GLY          25       2.123      11.593
UATOM ALA          26       5.632      23.601
UATOM LEU          27      21.142      49.933
UATOM THR          28      16.734      32.860
UATOM GLY          29       2.243      11.547
UATOM THR          30      16.719      32.964
UATOM TYR          31      32.470      34.316
UATOM GLU          32      21.692      20.871
UATOM SER          33       9.343      20.114
UATOM ALA          34       5.251      24.151
UATOM VAL          35      15.709      42.358
UATOM GLY          36       2.090      11.399
UATOM ASN          37      17.688      24.794
UATOM ALA          38       5.300      24.537
UATOM GLU          39      21.572      21.432
UATOM SER          40       9.641      19.796
UATOM ARG          41      34.860      53.310
UATOM TYR          42      31.572      34.356
UATOM VAL          43      16.329      43.231
UATOM LEU          44      20.751      49.024
UATOM THR          45      16.845      33.074
UATOM GLY          46       2.418      11.724
UATOM ARG          47      36.662      53.435
UATOM TYR          48      31.780      34.349
UATOM ASP          49      17.236      14.225
UATOM SER          50       9.724      20.600
UATOM ALA          51       5.375      22.946
UATOM PRO          52      10.652      26.250
UATOM ALA          53       5.373      24.707
UATOM THR          54      16.526      32.878
UATOM ASP          55      16.381      14.358
UATOM GLY          56       2.137      12.321
UATOM SER          57       9.775      19.496
UATOM GLY          58       2.261      11.753
UATOM THR          59      16.690      32.496
UATOM ALA          60       5.222      24.664
UATOM LEU          61      20.976      49.563
UATOM GLY          62       2.268      11.764
UATOM TRP          63      36.727      37.542
UATOM THR          64      17.288      30.769
UATOM VAL          65      16.362      42.810
UATOM ALA          66       5.603      25.068
UATOM TRP          67      36.139      36.251
UATOM LYS          68      24.544      50.666
UATOM ASN          69      18.325      24.982
UATOM ASN          70      17.913      25.472
UATOM TYR          71      31.057      34.865
UATOM ARG          72      34.483      53.949
UATOM ASN          73      18.231      24.621
UATOM ALA          74       5.326      24.481
UATOM HID          75      20.323      26.119
UATOM SER          76       9.827      19.974
UATOM ALA          77       5.376      23.811
UATOM THR          78      16.497      32.206
UATOM THR          79      16.489      32.671
UATOM TRP          80      35.871      37.114
UATOM SER          81       9.888      19.792
UATOM GLY          82       2.752      11.481
UATOM GLN          83      24.266      32.003
UATOM TYR          84      32.236      35.465
UATOM VAL          85      16.249      41.920
UATOM GLY          86       2.181      11.656
UATOM GLY          87       2.245      11.646
UATOM ALA          88       5.521      24.865
UATOM GLU          89      21.904      21.232
UATOM ALA          90       5.588      24.554
UATOM ARG          91      34.132      53.261
UATOM ILE          92      21.073      49.551
UATOM ASN          93      18.593      24.624
UATOM THR          94      16.949      32.371
UATOM GLN          95      24.662      32.828
UATOM TRP          96      36.475      36.952
UATOM LEU          97      21.694      48.970
UATOM LEU          98      20.916      50.363
UATOM THR          99      17.326      32.685
UATOM SER         100       9.702      20.057
UATOM GLY         101       2.186      11.467
UATOM THR         102      16.598      32.664
UATOM THR         103      16.833      34.234
UATOM GLU         104      21.880      21.156
UATOM ALA         105       5.313      24.776
UATOM ASN         106      18.516      25.233
UATOM ALA         107       5.512      24.790
UATOM TRP         108      35.971      37.244
UATOM LYS         109      24.863      51.636
UATOM SER         110      10.205      20.542
UATOM THR         111      16.322      33.200
UATOM LEU         112      21.515      49.118
UATOM VAL         113      16.395      41.706
UATOM GLY         114       2.342      11.586
UATOM HID         115      22.042      26.546
UATOM ASP         116      17.334      14.024
UATOM THR         117      16.572      33.707
UATOM PHE         118      24.086      32.785
UATOM THR         119      16.513      33.594
UATOM LYS         120      24.655      51.347
UATOM VAL         121      15.659      43.250
UATOM LYS         122      24.820      50.524
UATOM PRO         123      10.346      26.236
UATOM SER         124       9.290      19.774
UATOM ALA         125       5.232      24.650
UATOM ALA         126       5.226      24.206
UATOM CSER        127      13.734      19.707
____________________________________________________________
Total Entropy FF (UA level) :        2017.266 J/mol/K
Total Entropy TT (UA level) :        3756.792 J/mol/K
------------------------------------------------------------
____________________________________________________________
Total Entropy                            :        5774.058
------------------------------------------------------------
