------------------------------------------------------------
Topographical entropy of residue side chains 
computed using all the dihedrals with AEM method
------------------------------------------------------------
Residue Topographical Entropy from AEM (NALA 1) : 1.3206
Residue Topographical Entropy from AEM (GLU 2) : 23.3461
Residue Topographical Entropy from AEM (ALA 3) : -0.0000
Residue Topographical Entropy from AEM (GLY 4) : -0.0000
Residue Topographical Entropy from AEM (ILE 5) : 0.7724
Residue Topographical Entropy from AEM (THR 6) : 5.3072
Residue Topographical Entropy from AEM (GLY 7) : -0.0000
Residue Topographical Entropy from AEM (THR 8) : 1.0341
Residue Topographical Entropy from AEM (TRP 9) : 37.5489
Residue Topographical Entropy from AEM (TYR 10) : 23.3686
Residue Topographical Entropy from AEM (ALA 11) : -0.0000
Residue Topographical Entropy from AEM (GLN 12) : 22.0711
Residue Topographical Entropy from AEM (LEU 13) : 2.1243
Residue Topographical Entropy from AEM (GLY 14) : -0.0000
Residue Topographical Entropy from AEM (SER 15) : 3.6240
Residue Topographical Entropy from AEM (THR 16) : 5.3069
Residue Topographical Entropy from AEM (PHE 17) : 37.9611
Residue Topographical Entropy from AEM (ILE 18) : 9.7237
Residue Topographical Entropy from AEM (VAL 19) : 6.1622
Residue Topographical Entropy from AEM (THR 20) : 7.9719
Residue Topographical Entropy from AEM (ALA 21) : -0.0000
Residue Topographical Entropy from AEM (GLY 22) : -0.0000
Residue Topographical Entropy from AEM (ALA 23) : -0.0000
Residue Topographical Entropy from AEM (ASP 24) : 9.9038
Residue Topographical Entropy from AEM (GLY 25) : -0.0000
Residue Topographical Entropy from AEM (ALA 26) : -0.0000
Residue Topographical Entropy from AEM (LEU 27) : 9.2848
Residue Topographical Entropy from AEM (THR 28) : 8.7848
Residue Topographical Entropy from AEM (GLY 29) : -0.0000
Residue Topographical Entropy from AEM (THR 30) : 6.8228
Residue Topographical Entropy from AEM (TYR 31) : 24.8088
Residue Topographical Entropy from AEM (GLU 32) : 11.7323
Residue Topographical Entropy from AEM (SER 33) : 6.8562
Residue Topographical Entropy from AEM (ALA 34) : -0.0000
Residue Topographical Entropy from AEM (VAL 35) : 5.3237
Residue Topographical Entropy from AEM (GLY 36) : -0.0000
Residue Topographical Entropy from AEM (ASN 37) : 10.1015
Residue Topographical Entropy from AEM (ALA 38) : -0.0000
Residue Topographical Entropy from AEM (GLU 39) : 22.9828
Residue Topographical Entropy from AEM (SER 40) : 5.3521
Residue Topographical Entropy from AEM (ARG 41) : 11.3825
Residue Topographical Entropy from AEM (TYR 42) : 24.6702
Residue Topographical Entropy from AEM (VAL 43) : 2.5666
Residue Topographical Entropy from AEM (LEU 44) : 0.9093
Residue Topographical Entropy from AEM (THR 45) : 5.8277
Residue Topographical Entropy from AEM (GLY 46) : -0.0000
Residue Topographical Entropy from AEM (ARG 47) : 1.6443
Residue Topographical Entropy from AEM (TYR 48) : 25.3778
Residue Topographical Entropy from AEM (ASP 49) : 1.3496
Residue Topographical Entropy from AEM (SER 50) : 3.9409
Residue Topographical Entropy from AEM (ALA 51) : -0.0000
Residue Topographical Entropy from AEM (PRO 52) : 8.6969
Residue Topographical Entropy from AEM (ALA 53) : -0.0000
Residue Topographical Entropy from AEM (THR 54) : 8.5966
Residue Topographical Entropy from AEM (ASP 55) : 12.0110
Residue Topographical Entropy from AEM (GLY 56) : -0.0000
Residue Topographical Entropy from AEM (SER 57) : 8.7457
Residue Topographical Entropy from AEM (GLY 58) : -0.0000
Residue Topographical Entropy from AEM (THR 59) : 1.4673
Residue Topographical Entropy from AEM (ALA 60) : -0.0000
Residue Topographical Entropy from AEM (LEU 61) : 5.8348
Residue Topographical Entropy from AEM (GLY 62) : -0.0000
Residue Topographical Entropy from AEM (TRP 63) : 37.7631
Residue Topographical Entropy from AEM (THR 64) : 0.1453
Residue Topographical Entropy from AEM (VAL 65) : 0.1285
Residue Topographical Entropy from AEM (ALA 66) : -0.0000
Residue Topographical Entropy from AEM (TRP 67) : 37.1541
Residue Topographical Entropy from AEM (LYS 68) : 17.3029
Residue Topographical Entropy from AEM (ASN 69) : 1.5887
Residue Topographical Entropy from AEM (ASN 70) : 14.7805
Residue Topographical Entropy from AEM (TYR 71) : 25.6213
Residue Topographical Entropy from AEM (ARG 72) : 13.2692
Residue Topographical Entropy from AEM (ASN 73) : 9.2381
Residue Topographical Entropy from AEM (ALA 74) : -0.0000
Residue Topographical Entropy from AEM (HID 75) : 22.9990
Residue Topographical Entropy from AEM (SER 76) : 4.0842
Residue Topographical Entropy from AEM (ALA 77) : -0.0000
Residue Topographical Entropy from AEM (THR 78) : 0.7254
Residue Topographical Entropy from AEM (THR 79) : 3.2992
Residue Topographical Entropy from AEM (TRP 80) : 33.2782
Residue Topographical Entropy from AEM (SER 81) : 1.3551
Residue Topographical Entropy from AEM (GLY 82) : -0.0000
Residue Topographical Entropy from AEM (GLN 83) : 10.4032
Residue Topographical Entropy from AEM (TYR 84) : 30.7004
Residue Topographical Entropy from AEM (VAL 85) : 3.9835
Residue Topographical Entropy from AEM (GLY 86) : -0.0000
Residue Topographical Entropy from AEM (GLY 87) : -0.0000
Residue Topographical Entropy from AEM (ALA 88) : -0.0000
Residue Topographical Entropy from AEM (GLU 89) : 18.0292
Residue Topographical Entropy from AEM (ALA 90) : -0.0000
Residue Topographical Entropy from AEM (ARG 91) : 14.9777
Residue Topographical Entropy from AEM (ILE 92) : 1.9460
Residue Topographical Entropy from AEM (ASN 93) : 7.8836
Residue Topographical Entropy from AEM (THR 94) : 4.5483
Residue Topographical Entropy from AEM (GLN 95) : 12.7875
Residue Topographical Entropy from AEM (TRP 96) : 44.6122
Residue Topographical Entropy from AEM (LEU 97) : 3.8365
Residue Topographical Entropy from AEM (LEU 98) : 4.4454
Residue Topographical Entropy from AEM (THR 99) : 2.7661
Residue Topographical Entropy from AEM (SER 100) : 6.6316
Residue Topographical Entropy from AEM (GLY 101) : -0.0000
Residue Topographical Entropy from AEM (THR 102) : 5.0257
Residue Topographical Entropy from AEM (THR 103) : 3.9880
Residue Topographical Entropy from AEM (GLU 104) : 26.0396
Residue Topographical Entropy from AEM (ALA 105) : -0.0000
Residue Topographical Entropy from AEM (ASN 106) : 4.6544
Residue Topographical Entropy from AEM (ALA 107) : -0.0000
Residue Topographical Entropy from AEM (TRP 108) : 46.1771
Residue Topographical Entropy from AEM (LYS 109) : 17.5413
Residue Topographical Entropy from AEM (SER 110) : 5.4241
Residue Topographical Entropy from AEM (THR 111) : 1.6095
Residue Topographical Entropy from AEM (LEU 112) : 4.7447
Residue Topographical Entropy from AEM (VAL 113) : 1.9969
Residue Topographical Entropy from AEM (GLY 114) : -0.0000
Residue Topographical Entropy from AEM (HID 115) : 20.4707
Residue Topographical Entropy from AEM (ASP 116) : 5.8690
Residue Topographical Entropy from AEM (THR 117) : 6.9630
Residue Topographical Entropy from AEM (PHE 118) : 26.7136
Residue Topographical Entropy from AEM (THR 119) : 1.7280
Residue Topographical Entropy from AEM (LYS 120) : 9.6608
Residue Topographical Entropy from AEM (VAL 121) : 3.4279
Residue Topographical Entropy from AEM (LYS 122) : 24.7062
Residue Topographical Entropy from AEM (PRO 123) : 8.2911
Residue Topographical Entropy from AEM (SER 124) : 2.6092
Residue Topographical Entropy from AEM (ALA 125) : -0.0000
Residue Topographical Entropy from AEM (ALA 126) : -0.0000
Residue Topographical Entropy from AEM (CSER 127) : 7.5266
____________________________________________________________
Total Topog. Entropy (AEM)               :        1058.069
------------------------------------------------------------
____________________________________________________________
Total Entropy                            :        1058.069
------------------------------------------------------------
