------------------------------------------------------------
            Hierarchy level. --> United Atom <--            
------------------------------------------------------------
      RESNAME   RESID  FF_ENTROPY  TT_ENTROPY
UATOM NALA          1       9.287      38.272
UATOM GLU           2      21.487      20.903
UATOM ALA           3       5.201      24.306
UATOM GLY           4       2.086      11.633
UATOM ILE           5      21.365      51.072
UATOM THR           6      16.792      33.650
UATOM GLY           7       2.314      11.572
UATOM THR           8      16.639      32.456
UATOM TRP           9      35.722      36.772
UATOM TYR          10      32.189      34.741
UATOM ALA          11       5.450      24.196
UATOM GLN          12      23.739      32.152
UATOM LEU          13      21.047      50.230
UATOM GLY          14       2.254      11.599
UATOM SER          15       9.676      19.901
UATOM THR          16      16.291      32.406
UATOM PHE          17      24.734      32.653
UATOM ILE          18      20.986      50.585
UATOM VAL          19      15.903      41.768
UATOM THR          20      16.309      33.442
UATOM ALA          21       5.453      24.830
UATOM GLY          22       2.123      11.635
UATOM ALA          23       5.386      24.534
UATOM ASP          24      16.271      14.144
UATOM GLY          25       2.227      11.148
UATOM ALA          26       5.412      24.012
UATOM LEU          27      21.048      50.229
UATOM THR          28      16.533      33.092
UATOM GLY          29       2.221      11.432
UATOM THR          30      16.430      33.015
UATOM TYR          31      32.013      35.045
UATOM GLU          32      21.995      20.912
UATOM SER          33       9.552      19.843
UATOM ALA          34       5.411      25.035
UATOM VAL          35      15.804      43.086
UATOM GLY          36       2.219      11.806
UATOM ASN          37      18.036      24.920
UATOM ALA          38       5.289      24.229
UATOM GLU          39      21.562      21.363
UATOM SER          40       9.529      19.784
UATOM ARG          41      35.109      53.205
UATOM TYR          42      31.822      35.016
UATOM VAL          43      15.934      42.438
UATOM LEU          44      21.340      49.535
UATOM THR          45      16.624      33.030
UATOM GLY          46       2.344      11.259
UATOM ARG          47      35.826      52.827
UATOM TYR          48      31.116      34.309
UATOM ASP          49      17.534      14.410
UATOM SER          50       9.862      20.162
UATOM ALA          51       5.390      22.929
UATOM PRO          52      10.704      26.128
UATOM ALA          53       5.341      24.596
UATOM THR          54      16.680      33.320
UATOM ASP          55      16.541      14.633
UATOM GLY          56       2.083      11.513
UATOM SER          57       9.466      19.313
UATOM GLY          58       2.176      11.441
UATOM THR          59      16.772      32.745
UATOM ALA          60       5.504      25.464
UATOM LEU          61      20.944      48.890
UATOM GLY          62       2.270      11.218
UATOM TRP          63      35.640      37.823
UATOM THR          64      16.943      31.213
UATOM VAL          65      16.043      41.857
UATOM ALA          66       5.598      24.323
UATOM TRP          67      35.160      36.140
UATOM LYS          68      24.667      50.896
UATOM ASN          69      18.837      25.055
UATOM ASN          70      18.103      25.401
UATOM TYR          71      31.401      34.314
UATOM ARG          72      34.533      54.618
UATOM ASN          73      18.743      24.161
UATOM ALA          74       5.635      24.774
UATOM HID          75      20.766      25.845
UATOM SER          76       9.701      20.001
UATOM ALA          77       5.479      23.879
UATOM THR          78      16.617      32.098
UATOM THR          79      16.402      33.334
UATOM TRP          80      35.348      36.747
UATOM SER          81       9.632      21.101
UATOM GLY          82       2.407      11.105
UATOM GLN          83      24.332      32.141
UATOM TYR          84      31.638      35.099
UATOM VAL          85      16.097      42.737
UATOM GLY          86       2.174      11.300
UATOM GLY          87       2.163      11.133
UATOM ALA          88       5.516      24.628
UATOM GLU          89      21.890      20.919
UATOM ALA          90       5.405      24.003
UATOM ARG          91      34.812      53.714
UATOM ILE          92      21.497      49.663
UATOM ASN          93      18.721      25.390
UATOM THR          94      16.560      32.689
UATOM GLN          95      24.330      32.875
UATOM TRP          96      35.392      36.202
UATOM LEU          97      21.280      49.470
UATOM LEU          98      21.035      50.006
UATOM THR          99      16.976      33.879
UATOM SER         100       9.559      20.033
UATOM GLY         101       2.188      11.409
UATOM THR         102      16.593      32.758
UATOM THR         103      16.392      33.400
UATOM GLU         104      22.011      21.333
UATOM ALA         105       5.290      24.587
UATOM ASN         106      18.086      24.660
UATOM ALA         107       5.444      24.526
UATOM TRP         108      35.464      36.822
UATOM LYS         109      24.693      51.103
UATOM SER         110       9.826      20.642
UATOM THR         111      16.673      32.814
UATOM LEU         112      21.149      48.531
UATOM VAL         113      16.330      42.239
UATOM GLY         114       2.300      11.660
UATOM HID         115      21.226      26.296
UATOM ASP         116      16.893      14.113
UATOM THR         117      17.013      32.955
UATOM PHE         118      24.697      33.163
UATOM THR         119      16.287      33.369
UATOM LYS         120      24.938      52.134
UATOM VAL         121      15.924      43.278
UATOM LYS         122      24.840      50.377
UATOM PRO         123      10.461      26.200
UATOM SER         124       9.474      19.791
UATOM ALA         125       5.138      24.438
UATOM ALA         126       5.194      24.090
UATOM CSER        127      13.928      19.594
____________________________________________________________
Total Entropy FF (UA level) :        2010.853 J/mol/K
Total Entropy TT (UA level) :        3753.633 J/mol/K
------------------------------------------------------------
____________________________________________________________
Total Entropy                            :        5764.486
------------------------------------------------------------
