------------------------------------------------------------
            Hierarchy level. --> United Atom <--            
------------------------------------------------------------
      RESNAME   RESID  FF_ENTROPY  TT_ENTROPY
UATOM NALA          1       8.836      38.071
UATOM GLU           2      21.773      21.268
UATOM ALA           3       5.414      24.486
UATOM GLY           4       2.342      11.756
UATOM ILE           5      22.324      50.910
UATOM THR           6      17.709      33.807
UATOM GLY           7       2.394      11.654
UATOM THR           8      16.474      32.806
UATOM TRP           9      39.491      36.735
UATOM TYR          10      34.952      35.445
UATOM ALA          11       5.774      24.564
UATOM GLN          12      23.571      31.942
UATOM LEU          13      21.185      49.875
UATOM GLY          14       2.178      11.876
UATOM SER          15      10.094      19.910
UATOM THR          16      17.305      33.519
UATOM PHE          17      27.397      32.673
UATOM ILE          18      22.173      50.246
UATOM VAL          19      16.194      40.497
UATOM THR          20      16.973      33.239
UATOM ALA          21       5.652      25.016
UATOM GLY          22       2.257      11.405
UATOM ALA          23       6.174      25.110
UATOM ASP          24      17.500      15.383
UATOM GLY          25       2.538      11.760
UATOM ALA          26       5.868      24.525
UATOM LEU          27      21.389      49.196
UATOM THR          28      16.627      33.292
UATOM GLY          29       2.430      11.140
UATOM THR          30      16.794      33.043
UATOM TYR          31      33.726      35.351
UATOM GLU          32      22.305      21.461
UATOM SER          33       9.836      20.678
UATOM ALA          34       5.700      25.366
UATOM VAL          35      16.124      43.730
UATOM GLY          36       2.267      12.121
UATOM ASN          37      18.018      25.377
UATOM ALA          38       5.575      24.658
UATOM GLU          39      22.301      21.268
UATOM SER          40       9.948      20.176
UATOM ARG          41      35.358      55.015
UATOM TYR          42      32.505      35.235
UATOM VAL          43      16.017      42.984
UATOM LEU          44      21.443      49.435
UATOM THR          45      16.898      33.657
UATOM GLY          46       2.887      11.409
UATOM ARG          47      38.811      55.601
UATOM TYR          48      34.326      35.349
UATOM ASP          49      18.996      14.250
UATOM SER          50       9.893      20.424
UATOM ALA          51       5.572      23.290
UATOM PRO          52      11.044      26.473
UATOM ALA          53       5.598      24.340
UATOM THR          54      16.553      32.549
UATOM ASP          55      16.423      14.373
UATOM GLY          56       2.196      11.593
UATOM SER          57      10.093      20.376
UATOM GLY          58       2.157      11.724
UATOM THR          59      16.718      33.150
UATOM ALA          60       6.408      25.261
UATOM LEU          61      22.566      50.157
UATOM GLY          62       2.622      11.023
UATOM TRP          63      37.830      37.327
UATOM THR          64      17.018      30.862
UATOM VAL          65      16.341      41.863
UATOM ALA          66       5.652      24.787
UATOM TRP          67      37.099      37.982
UATOM LYS          68      26.203      52.308
UATOM ASN          69      18.690      25.243
UATOM ASN          70      18.383      25.230
UATOM TYR          71      31.856      35.471
UATOM ARG          72      34.986      54.450
UATOM ASN          73      19.717      24.446
UATOM ALA          74       5.733      24.942
UATOM HID          75      22.960      25.886
UATOM SER          76      10.524      20.183
UATOM ALA          77       5.935      24.060
UATOM THR          78      17.071      32.433
UATOM THR          79      17.123      33.020
UATOM TRP          80      38.770      37.613
UATOM SER          81      10.357      19.684
UATOM GLY          82       2.356      11.339
UATOM GLN          83      26.187      32.047
UATOM TYR          84      33.336      35.810
UATOM VAL          85      17.298      42.623
UATOM GLY          86       2.294      11.740
UATOM GLY          87       2.368      11.613
UATOM ALA          88       5.864      25.679
UATOM GLU          89      22.129      20.879
UATOM ALA          90       5.593      24.014
UATOM ARG          91      36.329      53.813
UATOM ILE          92      22.059      50.783
UATOM ASN          93      19.611      25.658
UATOM THR          94      17.292      32.024
UATOM GLN          95      25.871      32.508
UATOM TRP          96      38.304      36.654
UATOM LEU          97      22.324      50.221
UATOM LEU          98      22.831      50.732
UATOM THR          99      17.464      33.537
UATOM SER         100      10.223      20.250
UATOM GLY         101       2.399      11.459
UATOM THR         102      16.885      32.700
UATOM THR         103      17.118      33.680
UATOM GLU         104      22.455      21.585
UATOM ALA         105       6.085      25.510
UATOM ASN         106      18.825      25.180
UATOM ALA         107       5.730      24.617
UATOM TRP         108      38.299      38.209
UATOM LYS         109      25.860      51.903
UATOM SER         110       9.854      20.503
UATOM THR         111      17.510      33.302
UATOM LEU         112      21.802      49.693
UATOM VAL         113      16.401      41.925
UATOM GLY         114       2.526      11.561
UATOM HID         115      22.614      26.198
UATOM ASP         116      18.138      14.053
UATOM THR         117      17.495      33.455
UATOM PHE         118      26.728      32.954
UATOM THR         119      16.506      33.699
UATOM LYS         120      26.350      52.658
UATOM VAL         121      16.164      43.790
UATOM LYS         122      25.706      50.770
UATOM PRO         123      10.901      26.110
UATOM SER         124       9.735      20.598
UATOM ALA         125       5.539      24.714
UATOM ALA         126       5.010      24.257
UATOM CSER        127      13.980      20.146
____________________________________________________________
Total Entropy FF (UA level) :        2101.260 J/mol/K
Total Entropy TT (UA level) :        3787.939 J/mol/K
------------------------------------------------------------
____________________________________________________________
Total Entropy                            :        5889.199
------------------------------------------------------------
