------------------------------------------------------------
            Hierarchy level. --> United Atom <--            
------------------------------------------------------------
      RESNAME   RESID  FF_ENTROPY  TT_ENTROPY
UATOM NALA          1       8.982      38.115
UATOM GLU           2      23.817      20.853
UATOM ALA           3       5.466      23.904
UATOM GLY           4       2.136      11.530
UATOM ILE           5      23.480      51.301
UATOM THR           6      18.170      33.850
UATOM GLY           7       2.234      11.118
UATOM THR           8      17.424      32.889
UATOM TRP           9      43.718      37.329
UATOM TYR          10      35.478      36.825
UATOM ALA          11       6.062      24.215
UATOM GLN          12      24.822      32.790
UATOM LEU          13      22.902      50.420
UATOM GLY          14       2.568      12.281
UATOM SER          15      10.542      20.739
UATOM THR          16      17.756      33.961
UATOM PHE          17      27.375      33.445
UATOM ILE          18      22.299      50.453
UATOM VAL          19      16.717      43.643
UATOM THR          20      18.081      33.554
UATOM ALA          21       5.750      25.395
UATOM GLY          22       2.266      11.259
UATOM ALA          23       6.635      24.911
UATOM ASP          24      17.760      15.056
UATOM GLY          25       2.617      11.934
UATOM ALA          26       6.099      23.646
UATOM LEU          27      23.034      50.397
UATOM THR          28      18.330      33.102
UATOM GLY          29       2.497      11.713
UATOM THR          30      17.127      33.049
UATOM TYR          31      37.837      36.600
UATOM GLU          32      23.485      21.042
UATOM SER          33      10.238      20.441
UATOM ALA          34       5.886      24.292
UATOM VAL          35      16.902      43.511
UATOM GLY          36       2.230      11.433
UATOM ASN          37      19.553      24.997
UATOM ALA          38       5.710      25.480
UATOM GLU          39      22.683      22.533
UATOM SER          40      10.869      20.860
UATOM ARG          41      39.069      54.217
UATOM TYR          42      35.227      35.449
UATOM VAL          43      16.777      42.584
UATOM LEU          44      23.387      50.163
UATOM THR          45      17.807      33.321
UATOM GLY          46       2.548      11.895
UATOM ARG          47      42.246      56.791
UATOM TYR          48      36.794      36.082
UATOM ASP          49      21.032      14.752
UATOM SER          50      10.722      20.072
UATOM ALA          51       5.971      23.012
UATOM PRO          52      12.414      26.519
UATOM ALA          53       5.988      25.302
UATOM THR          54      16.816      33.743
UATOM ASP          55      18.778      15.620
UATOM GLY          56       2.672      11.332
UATOM SER          57      10.405      20.570
UATOM GLY          58       2.412      11.246
UATOM THR          59      19.180      33.138
UATOM ALA          60       6.869      25.873
UATOM LEU          61      22.817      49.556
UATOM GLY          62       2.686      11.469
UATOM TRP          63      42.272      38.263
UATOM THR          64      18.127      32.164
UATOM VAL          65      17.681      42.291
UATOM ALA          66       6.526      23.209
UATOM TRP          67      41.172      38.415
UATOM LYS          68      26.701      53.146
UATOM ASN          69      20.950      24.617
UATOM ASN          70      19.308      26.163
UATOM TYR          71      36.049      36.114
UATOM ARG          72      38.308      54.994
UATOM ASN          73      20.693      24.391
UATOM ALA          74       6.004      25.090
UATOM HID          75      26.190      26.833
UATOM SER          76      10.648      20.677
UATOM ALA          77       6.083      23.651
UATOM THR          78      18.236      32.815
UATOM THR          79      18.103      33.507
UATOM TRP          80      42.614      37.193
UATOM SER          81      10.890      21.405
UATOM GLY          82       2.572      11.630
UATOM GLN          83      25.448      32.133
UATOM TYR          84      36.935      36.715
UATOM VAL          85      17.721      43.311
UATOM GLY          86       2.383      12.481
UATOM GLY          87       2.573      11.558
UATOM ALA          88       5.986      24.693
UATOM GLU          89      22.472      21.822
UATOM ALA          90       5.852      23.939
UATOM ARG          91      37.437      55.373
UATOM ILE          92      22.962      50.926
UATOM ASN          93      20.191      25.959
UATOM THR          94      17.421      31.906
UATOM GLN          95      27.570      32.288
UATOM TRP          96      40.845      36.037
UATOM LEU          97      23.040      50.670
UATOM LEU          98      23.083      50.735
UATOM THR          99      18.628      33.320
UATOM SER         100      10.902      19.915
UATOM GLY         101       2.505      12.136
UATOM THR         102      18.394      34.552
UATOM THR         103      17.278      33.400
UATOM GLU         104      23.848      21.897
UATOM ALA         105       5.973      24.809
UATOM ASN         106      19.925      24.878
UATOM ALA         107       5.481      24.363
UATOM TRP         108      38.845      38.255
UATOM LYS         109      26.102      52.371
UATOM SER         110      10.744      20.666
UATOM THR         111      18.168      33.611
UATOM LEU         112      22.688      49.043
UATOM VAL         113      17.355      42.540
UATOM GLY         114       2.502      12.023
UATOM HID         115      24.084      27.195
UATOM ASP         116      19.868      14.053
UATOM THR         117      18.406      33.726
UATOM PHE         118      28.671      34.501
UATOM THR         119      17.996      33.510
UATOM LYS         120      27.859      52.586
UATOM VAL         121      17.604      44.317
UATOM LYS         122      26.342      52.038
UATOM PRO         123      11.145      26.665
UATOM SER         124       9.941      20.565
UATOM ALA         125       5.591      25.257
UATOM ALA         126       5.358      24.310
UATOM CSER        127      14.255      19.765
____________________________________________________________
Total Entropy FF (UA level) :        2227.655 J/mol/K
Total Entropy TT (UA level) :        3820.948 J/mol/K
------------------------------------------------------------
____________________________________________________________
Total Entropy                            :        6048.603
------------------------------------------------------------
