------------------------------------------------------------
Topographical entropy of residue side chains 
computed using all the dihedrals with correlation/pLogp formalism
------------------------------------------------------------
Side Chain Topographical Entropy from corr. pLogP method (NALA 1) : -0.0000
Side Chain Topographical Entropy from corr. pLogP method (GLU 2) : 22.4632
Side Chain Topographical Entropy from corr. pLogP method (ALA 3) : -0.0000
Side Chain Topographical Entropy from corr. pLogP method (GLY 4) : -0.0000
Side Chain Topographical Entropy from corr. pLogP method (ILE 5) : 1.6647
Side Chain Topographical Entropy from corr. pLogP method (THR 6) : 0.1360
Side Chain Topographical Entropy from corr. pLogP method (GLY 7) : -0.0000
Side Chain Topographical Entropy from corr. pLogP method (THR 8) : 1.1165
Side Chain Topographical Entropy from corr. pLogP method (TRP 9) : 2.9960
Side Chain Topographical Entropy from corr. pLogP method (TYR 10) : 8.5001
Side Chain Topographical Entropy from corr. pLogP method (ALA 11) : -0.0000
Side Chain Topographical Entropy from corr. pLogP method (GLN 12) : 20.9595
Side Chain Topographical Entropy from corr. pLogP method (LEU 13) : 7.2457
Side Chain Topographical Entropy from corr. pLogP method (GLY 14) : -0.0000
Side Chain Topographical Entropy from corr. pLogP method (SER 15) : 7.7048
Side Chain Topographical Entropy from corr. pLogP method (THR 16) : 5.3060
Side Chain Topographical Entropy from corr. pLogP method (PHE 17) : 2.9107
Side Chain Topographical Entropy from corr. pLogP method (ILE 18) : 5.4643
Side Chain Topographical Entropy from corr. pLogP method (VAL 19) : 2.9517
Side Chain Topographical Entropy from corr. pLogP method (THR 20) : 7.0914
Side Chain Topographical Entropy from corr. pLogP method (ALA 21) : -0.0000
Side Chain Topographical Entropy from corr. pLogP method (GLY 22) : -0.0000
Side Chain Topographical Entropy from corr. pLogP method (ALA 23) : -0.0000
Side Chain Topographical Entropy from corr. pLogP method (ASP 24) : 13.2035
Side Chain Topographical Entropy from corr. pLogP method (GLY 25) : -0.0000
Side Chain Topographical Entropy from corr. pLogP method (ALA 26) : -0.0000
Side Chain Topographical Entropy from corr. pLogP method (LEU 27) : 9.2181
Side Chain Topographical Entropy from corr. pLogP method (THR 28) : 8.7612
Side Chain Topographical Entropy from corr. pLogP method (GLY 29) : -0.0000
Side Chain Topographical Entropy from corr. pLogP method (THR 30) : 8.3267
Side Chain Topographical Entropy from corr. pLogP method (TYR 31) : 10.3526
Side Chain Topographical Entropy from corr. pLogP method (GLU 32) : 17.4794
Side Chain Topographical Entropy from corr. pLogP method (SER 33) : 4.4194
Side Chain Topographical Entropy from corr. pLogP method (ALA 34) : -0.0000
Side Chain Topographical Entropy from corr. pLogP method (VAL 35) : 7.6431
Side Chain Topographical Entropy from corr. pLogP method (GLY 36) : -0.0000
Side Chain Topographical Entropy from corr. pLogP method (ASN 37) : 11.6029
Side Chain Topographical Entropy from corr. pLogP method (ALA 38) : -0.0000
Side Chain Topographical Entropy from corr. pLogP method (GLU 39) : 19.9041
Side Chain Topographical Entropy from corr. pLogP method (SER 40) : 5.2791
Side Chain Topographical Entropy from corr. pLogP method (ARG 41) : 15.3859
Side Chain Topographical Entropy from corr. pLogP method (TYR 42) : 3.7877
Side Chain Topographical Entropy from corr. pLogP method (VAL 43) : 1.0674
Side Chain Topographical Entropy from corr. pLogP method (LEU 44) : 4.6730
Side Chain Topographical Entropy from corr. pLogP method (THR 45) : 7.1694
Side Chain Topographical Entropy from corr. pLogP method (GLY 46) : -0.0000
Side Chain Topographical Entropy from corr. pLogP method (ARG 47) : 2.9000
Side Chain Topographical Entropy from corr. pLogP method (TYR 48) : 5.2694
Side Chain Topographical Entropy from corr. pLogP method (ASP 49) : 8.9807
Side Chain Topographical Entropy from corr. pLogP method (SER 50) : 1.5946
Side Chain Topographical Entropy from corr. pLogP method (ALA 51) : -0.0000
Side Chain Topographical Entropy from corr. pLogP method (PRO 52) : 13.3584
Side Chain Topographical Entropy from corr. pLogP method (ALA 53) : -0.0000
Side Chain Topographical Entropy from corr. pLogP method (THR 54) : 5.8106
Side Chain Topographical Entropy from corr. pLogP method (ASP 55) : 9.4977
Side Chain Topographical Entropy from corr. pLogP method (GLY 56) : -0.0000
Side Chain Topographical Entropy from corr. pLogP method (SER 57) : 1.9808
Side Chain Topographical Entropy from corr. pLogP method (GLY 58) : -0.0000
Side Chain Topographical Entropy from corr. pLogP method (THR 59) : 2.0062
Side Chain Topographical Entropy from corr. pLogP method (ALA 60) : -0.0000
Side Chain Topographical Entropy from corr. pLogP method (LEU 61) : 7.1048
Side Chain Topographical Entropy from corr. pLogP method (GLY 62) : -0.0000
Side Chain Topographical Entropy from corr. pLogP method (TRP 63) : 4.9108
Side Chain Topographical Entropy from corr. pLogP method (THR 64) : 0.2649
Side Chain Topographical Entropy from corr. pLogP method (VAL 65) : 0.6986
Side Chain Topographical Entropy from corr. pLogP method (ALA 66) : -0.0000
Side Chain Topographical Entropy from corr. pLogP method (TRP 67) : 6.5501
Side Chain Topographical Entropy from corr. pLogP method (LYS 68) : 21.1683
Side Chain Topographical Entropy from corr. pLogP method (ASN 69) : 12.5071
Side Chain Topographical Entropy from corr. pLogP method (ASN 70) : 14.8271
Side Chain Topographical Entropy from corr. pLogP method (TYR 71) : 14.4036
Side Chain Topographical Entropy from corr. pLogP method (ARG 72) : 19.4684
Side Chain Topographical Entropy from corr. pLogP method (ASN 73) : 8.5503
Side Chain Topographical Entropy from corr. pLogP method (ALA 74) : -0.0000
Side Chain Topographical Entropy from corr. pLogP method (HID 75) : 9.3270
Side Chain Topographical Entropy from corr. pLogP method (SER 76) : 4.1156
Side Chain Topographical Entropy from corr. pLogP method (ALA 77) : -0.0000
Side Chain Topographical Entropy from corr. pLogP method (THR 78) : 0.3027
Side Chain Topographical Entropy from corr. pLogP method (THR 79) : 1.9460
Side Chain Topographical Entropy from corr. pLogP method (TRP 80) : 4.9824
Side Chain Topographical Entropy from corr. pLogP method (SER 81) : 1.0518
Side Chain Topographical Entropy from corr. pLogP method (GLY 82) : -0.0000
Side Chain Topographical Entropy from corr. pLogP method (GLN 83) : 11.7038
Side Chain Topographical Entropy from corr. pLogP method (TYR 84) : 2.3866
Side Chain Topographical Entropy from corr. pLogP method (VAL 85) : 3.0370
Side Chain Topographical Entropy from corr. pLogP method (GLY 86) : -0.0000
Side Chain Topographical Entropy from corr. pLogP method (GLY 87) : -0.0000
Side Chain Topographical Entropy from corr. pLogP method (ALA 88) : -0.0000
Side Chain Topographical Entropy from corr. pLogP method (GLU 89) : 23.1308
Side Chain Topographical Entropy from corr. pLogP method (ALA 90) : -0.0000
Side Chain Topographical Entropy from corr. pLogP method (ARG 91) : 19.1643
Side Chain Topographical Entropy from corr. pLogP method (ILE 92) : 3.0423
Side Chain Topographical Entropy from corr. pLogP method (ASN 93) : 6.8324
Side Chain Topographical Entropy from corr. pLogP method (THR 94) : 6.4368
Side Chain Topographical Entropy from corr. pLogP method (GLN 95) : 10.8319
Side Chain Topographical Entropy from corr. pLogP method (TRP 96) : 1.5142
Side Chain Topographical Entropy from corr. pLogP method (LEU 97) : 5.2862
Side Chain Topographical Entropy from corr. pLogP method (LEU 98) : 2.7485
Side Chain Topographical Entropy from corr. pLogP method (THR 99) : 6.0120
Side Chain Topographical Entropy from corr. pLogP method (SER 100) : 8.4338
Side Chain Topographical Entropy from corr. pLogP method (GLY 101) : -0.0000
Side Chain Topographical Entropy from corr. pLogP method (THR 102) : 2.5432
Side Chain Topographical Entropy from corr. pLogP method (THR 103) : 1.1378
Side Chain Topographical Entropy from corr. pLogP method (GLU 104) : 23.5883
Side Chain Topographical Entropy from corr. pLogP method (ALA 105) : -0.0000
Side Chain Topographical Entropy from corr. pLogP method (ASN 106) : 5.2123
Side Chain Topographical Entropy from corr. pLogP method (ALA 107) : -0.0000
Side Chain Topographical Entropy from corr. pLogP method (TRP 108) : 7.4174
Side Chain Topographical Entropy from corr. pLogP method (LYS 109) : 16.3124
Side Chain Topographical Entropy from corr. pLogP method (SER 110) : 3.3883
Side Chain Topographical Entropy from corr. pLogP method (THR 111) : 0.2038
Side Chain Topographical Entropy from corr. pLogP method (LEU 112) : 2.0132
Side Chain Topographical Entropy from corr. pLogP method (VAL 113) : 0.0104
Side Chain Topographical Entropy from corr. pLogP method (GLY 114) : -0.0000
Side Chain Topographical Entropy from corr. pLogP method (HID 115) : 0.7516
Side Chain Topographical Entropy from corr. pLogP method (ASP 116) : 7.8680
Side Chain Topographical Entropy from corr. pLogP method (THR 117) : 5.6389
Side Chain Topographical Entropy from corr. pLogP method (PHE 118) : 4.0482
Side Chain Topographical Entropy from corr. pLogP method (THR 119) : 6.3712
Side Chain Topographical Entropy from corr. pLogP method (LYS 120) : 14.6713
Side Chain Topographical Entropy from corr. pLogP method (VAL 121) : 5.7523
Side Chain Topographical Entropy from corr. pLogP method (LYS 122) : 18.1154
Side Chain Topographical Entropy from corr. pLogP method (PRO 123) : 15.8479
Side Chain Topographical Entropy from corr. pLogP method (SER 124) : 8.8353
Side Chain Topographical Entropy from corr. pLogP method (ALA 125) : -0.0000
Side Chain Topographical Entropy from corr. pLogP method (ALA 126) : -0.0000
Side Chain Topographical Entropy from corr. pLogP method (CSER 127) : 4.9106
____________________________________________________________
Total SC Topog. Entropy (corr. pLogP)    :         693.561
------------------------------------------------------------
____________________________________________________________
Total BB Topog. Entropy (corr. pLogP)    :          33.637
------------------------------------------------------------
____________________________________________________________
Total Entropy                            :         727.198
------------------------------------------------------------
