------------------------------------------------------------
Topographical entropy of residue side chains 
computed using all the dihedrals with correlation/pLogp formalism
------------------------------------------------------------
Side Chain Topographical Entropy from corr. pLogP method (NALA 1) : -0.0000
Side Chain Topographical Entropy from corr. pLogP method (GLU 2) : 18.8590
Side Chain Topographical Entropy from corr. pLogP method (ALA 3) : -0.0000
Side Chain Topographical Entropy from corr. pLogP method (GLY 4) : -0.0000
Side Chain Topographical Entropy from corr. pLogP method (ILE 5) : 0.7463
Side Chain Topographical Entropy from corr. pLogP method (THR 6) : -0.0000
Side Chain Topographical Entropy from corr. pLogP method (GLY 7) : -0.0000
Side Chain Topographical Entropy from corr. pLogP method (THR 8) : 0.5034
Side Chain Topographical Entropy from corr. pLogP method (TRP 9) : -0.0000
Side Chain Topographical Entropy from corr. pLogP method (TYR 10) : 5.8348
Side Chain Topographical Entropy from corr. pLogP method (ALA 11) : -0.0000
Side Chain Topographical Entropy from corr. pLogP method (GLN 12) : 20.8925
Side Chain Topographical Entropy from corr. pLogP method (LEU 13) : 7.0365
Side Chain Topographical Entropy from corr. pLogP method (GLY 14) : -0.0000
Side Chain Topographical Entropy from corr. pLogP method (SER 15) : 7.6538
Side Chain Topographical Entropy from corr. pLogP method (THR 16) : 1.8411
Side Chain Topographical Entropy from corr. pLogP method (PHE 17) : 1.6192
Side Chain Topographical Entropy from corr. pLogP method (ILE 18) : 3.9709
Side Chain Topographical Entropy from corr. pLogP method (VAL 19) : 6.4308
Side Chain Topographical Entropy from corr. pLogP method (THR 20) : 4.4082
Side Chain Topographical Entropy from corr. pLogP method (ALA 21) : -0.0000
Side Chain Topographical Entropy from corr. pLogP method (GLY 22) : -0.0000
Side Chain Topographical Entropy from corr. pLogP method (ALA 23) : -0.0000
Side Chain Topographical Entropy from corr. pLogP method (ASP 24) : 9.9294
Side Chain Topographical Entropy from corr. pLogP method (GLY 25) : -0.0000
Side Chain Topographical Entropy from corr. pLogP method (ALA 26) : -0.0000
Side Chain Topographical Entropy from corr. pLogP method (LEU 27) : 5.1506
Side Chain Topographical Entropy from corr. pLogP method (THR 28) : 7.8503
Side Chain Topographical Entropy from corr. pLogP method (GLY 29) : -0.0000
Side Chain Topographical Entropy from corr. pLogP method (THR 30) : -0.0000
Side Chain Topographical Entropy from corr. pLogP method (TYR 31) : 5.3346
Side Chain Topographical Entropy from corr. pLogP method (GLU 32) : 11.0111
Side Chain Topographical Entropy from corr. pLogP method (SER 33) : 3.2179
Side Chain Topographical Entropy from corr. pLogP method (ALA 34) : -0.0000
Side Chain Topographical Entropy from corr. pLogP method (VAL 35) : 5.5343
Side Chain Topographical Entropy from corr. pLogP method (GLY 36) : -0.0000
Side Chain Topographical Entropy from corr. pLogP method (ASN 37) : 12.3957
Side Chain Topographical Entropy from corr. pLogP method (ALA 38) : -0.0000
Side Chain Topographical Entropy from corr. pLogP method (GLU 39) : 16.4544
Side Chain Topographical Entropy from corr. pLogP method (SER 40) : 7.5167
Side Chain Topographical Entropy from corr. pLogP method (ARG 41) : 9.8357
Side Chain Topographical Entropy from corr. pLogP method (TYR 42) : -0.0000
Side Chain Topographical Entropy from corr. pLogP method (VAL 43) : 0.0657
Side Chain Topographical Entropy from corr. pLogP method (LEU 44) : 4.9962
Side Chain Topographical Entropy from corr. pLogP method (THR 45) : 4.2063
Side Chain Topographical Entropy from corr. pLogP method (GLY 46) : -0.0000
Side Chain Topographical Entropy from corr. pLogP method (ARG 47) : 0.0657
Side Chain Topographical Entropy from corr. pLogP method (TYR 48) : 3.0225
Side Chain Topographical Entropy from corr. pLogP method (ASP 49) : 4.6755
Side Chain Topographical Entropy from corr. pLogP method (SER 50) : -0.0000
Side Chain Topographical Entropy from corr. pLogP method (ALA 51) : -0.0000
Side Chain Topographical Entropy from corr. pLogP method (PRO 52) : 12.6677
Side Chain Topographical Entropy from corr. pLogP method (ALA 53) : -0.0000
Side Chain Topographical Entropy from corr. pLogP method (THR 54) : 8.3963
Side Chain Topographical Entropy from corr. pLogP method (ASP 55) : 4.6445
Side Chain Topographical Entropy from corr. pLogP method (GLY 56) : -0.0000
Side Chain Topographical Entropy from corr. pLogP method (SER 57) : 3.7372
Side Chain Topographical Entropy from corr. pLogP method (GLY 58) : -0.0000
Side Chain Topographical Entropy from corr. pLogP method (THR 59) : -0.0000
Side Chain Topographical Entropy from corr. pLogP method (ALA 60) : -0.0000
Side Chain Topographical Entropy from corr. pLogP method (LEU 61) : 6.4353
Side Chain Topographical Entropy from corr. pLogP method (GLY 62) : -0.0000
Side Chain Topographical Entropy from corr. pLogP method (TRP 63) : -0.0000
Side Chain Topographical Entropy from corr. pLogP method (THR 64) : -0.0000
Side Chain Topographical Entropy from corr. pLogP method (VAL 65) : -0.0000
Side Chain Topographical Entropy from corr. pLogP method (ALA 66) : -0.0000
Side Chain Topographical Entropy from corr. pLogP method (TRP 67) : -0.0000
Side Chain Topographical Entropy from corr. pLogP method (LYS 68) : 21.7572
Side Chain Topographical Entropy from corr. pLogP method (ASN 69) : 10.9978
Side Chain Topographical Entropy from corr. pLogP method (ASN 70) : 15.3000
Side Chain Topographical Entropy from corr. pLogP method (TYR 71) : 12.2561
Side Chain Topographical Entropy from corr. pLogP method (ARG 72) : 17.4581
Side Chain Topographical Entropy from corr. pLogP method (ASN 73) : 1.5763
Side Chain Topographical Entropy from corr. pLogP method (ALA 74) : -0.0000
Side Chain Topographical Entropy from corr. pLogP method (HID 75) : 0.7495
Side Chain Topographical Entropy from corr. pLogP method (SER 76) : 7.3033
Side Chain Topographical Entropy from corr. pLogP method (ALA 77) : -0.0000
Side Chain Topographical Entropy from corr. pLogP method (THR 78) : -0.0000
Side Chain Topographical Entropy from corr. pLogP method (THR 79) : 0.4656
Side Chain Topographical Entropy from corr. pLogP method (TRP 80) : 3.7506
Side Chain Topographical Entropy from corr. pLogP method (SER 81) : 0.0657
Side Chain Topographical Entropy from corr. pLogP method (GLY 82) : -0.0000
Side Chain Topographical Entropy from corr. pLogP method (GLN 83) : 7.4792
Side Chain Topographical Entropy from corr. pLogP method (TYR 84) : -0.0000
Side Chain Topographical Entropy from corr. pLogP method (VAL 85) : 1.6581
Side Chain Topographical Entropy from corr. pLogP method (GLY 86) : -0.0000
Side Chain Topographical Entropy from corr. pLogP method (GLY 87) : -0.0000
Side Chain Topographical Entropy from corr. pLogP method (ALA 88) : -0.0000
Side Chain Topographical Entropy from corr. pLogP method (GLU 89) : 12.8684
Side Chain Topographical Entropy from corr. pLogP method (ALA 90) : -0.0000
Side Chain Topographical Entropy from corr. pLogP method (ARG 91) : 7.5606
Side Chain Topographical Entropy from corr. pLogP method (ILE 92) : 0.1200
Side Chain Topographical Entropy from corr. pLogP method (ASN 93) : 6.8419
Side Chain Topographical Entropy from corr. pLogP method (THR 94) : 4.6664
Side Chain Topographical Entropy from corr. pLogP method (GLN 95) : 1.6809
Side Chain Topographical Entropy from corr. pLogP method (TRP 96) : 1.2614
Side Chain Topographical Entropy from corr. pLogP method (LEU 97) : 2.1601
Side Chain Topographical Entropy from corr. pLogP method (LEU 98) : 0.3468
Side Chain Topographical Entropy from corr. pLogP method (THR 99) : -0.0000
Side Chain Topographical Entropy from corr. pLogP method (SER 100) : 8.9650
Side Chain Topographical Entropy from corr. pLogP method (GLY 101) : -0.0000
Side Chain Topographical Entropy from corr. pLogP method (THR 102) : -0.0000
Side Chain Topographical Entropy from corr. pLogP method (THR 103) : -0.0000
Side Chain Topographical Entropy from corr. pLogP method (GLU 104) : 23.5658
Side Chain Topographical Entropy from corr. pLogP method (ALA 105) : -0.0000
Side Chain Topographical Entropy from corr. pLogP method (ASN 106) : 8.7050
Side Chain Topographical Entropy from corr. pLogP method (ALA 107) : -0.0000
Side Chain Topographical Entropy from corr. pLogP method (TRP 108) : 5.8105
Side Chain Topographical Entropy from corr. pLogP method (LYS 109) : 15.1154
Side Chain Topographical Entropy from corr. pLogP method (SER 110) : 5.4852
Side Chain Topographical Entropy from corr. pLogP method (THR 111) : -0.0000
Side Chain Topographical Entropy from corr. pLogP method (LEU 112) : 2.0301
Side Chain Topographical Entropy from corr. pLogP method (VAL 113) : -0.0000
Side Chain Topographical Entropy from corr. pLogP method (GLY 114) : -0.0000
Side Chain Topographical Entropy from corr. pLogP method (HID 115) : 0.7477
Side Chain Topographical Entropy from corr. pLogP method (ASP 116) : 5.7486
Side Chain Topographical Entropy from corr. pLogP method (THR 117) : 4.9916
Side Chain Topographical Entropy from corr. pLogP method (PHE 118) : -0.0000
Side Chain Topographical Entropy from corr. pLogP method (THR 119) : 0.4270
Side Chain Topographical Entropy from corr. pLogP method (LYS 120) : 14.7812
Side Chain Topographical Entropy from corr. pLogP method (VAL 121) : 7.4060
Side Chain Topographical Entropy from corr. pLogP method (LYS 122) : 16.4948
Side Chain Topographical Entropy from corr. pLogP method (PRO 123) : 14.5053
Side Chain Topographical Entropy from corr. pLogP method (SER 124) : 8.0060
Side Chain Topographical Entropy from corr. pLogP method (ALA 125) : -0.0000
Side Chain Topographical Entropy from corr. pLogP method (ALA 126) : -0.0000
Side Chain Topographical Entropy from corr. pLogP method (CSER 127) : 5.3701
____________________________________________________________
Total SC Topog. Entropy (corr. pLogP)    :         513.419
------------------------------------------------------------
____________________________________________________________
Total BB Topog. Entropy (corr. pLogP)    :          23.380
------------------------------------------------------------
____________________________________________________________
Total Entropy                            :         536.799
------------------------------------------------------------
