------------------------------------------------------------
Topographical entropy of residue side chains 
computed using all the dihedrals with correlation/pLogp formalism
------------------------------------------------------------
Side Chain Topographical Entropy from corr. pLogP method (NALA 1) : -0.0000
Side Chain Topographical Entropy from corr. pLogP method (GLU 2) : 21.3573
Side Chain Topographical Entropy from corr. pLogP method (ALA 3) : -0.0000
Side Chain Topographical Entropy from corr. pLogP method (GLY 4) : -0.0000
Side Chain Topographical Entropy from corr. pLogP method (ILE 5) : 4.5366
Side Chain Topographical Entropy from corr. pLogP method (THR 6) : 0.8948
Side Chain Topographical Entropy from corr. pLogP method (GLY 7) : -0.0000
Side Chain Topographical Entropy from corr. pLogP method (THR 8) : 0.1936
Side Chain Topographical Entropy from corr. pLogP method (TRP 9) : -0.0000
Side Chain Topographical Entropy from corr. pLogP method (TYR 10) : 5.2669
Side Chain Topographical Entropy from corr. pLogP method (ALA 11) : -0.0000
Side Chain Topographical Entropy from corr. pLogP method (GLN 12) : 21.7353
Side Chain Topographical Entropy from corr. pLogP method (LEU 13) : 7.9958
Side Chain Topographical Entropy from corr. pLogP method (GLY 14) : -0.0000
Side Chain Topographical Entropy from corr. pLogP method (SER 15) : 6.8163
Side Chain Topographical Entropy from corr. pLogP method (THR 16) : 3.3710
Side Chain Topographical Entropy from corr. pLogP method (PHE 17) : 0.1200
Side Chain Topographical Entropy from corr. pLogP method (ILE 18) : 5.2071
Side Chain Topographical Entropy from corr. pLogP method (VAL 19) : 5.9428
Side Chain Topographical Entropy from corr. pLogP method (THR 20) : 5.8688
Side Chain Topographical Entropy from corr. pLogP method (ALA 21) : -0.0000
Side Chain Topographical Entropy from corr. pLogP method (GLY 22) : -0.0000
Side Chain Topographical Entropy from corr. pLogP method (ALA 23) : -0.0000
Side Chain Topographical Entropy from corr. pLogP method (ASP 24) : 15.7777
Side Chain Topographical Entropy from corr. pLogP method (GLY 25) : -0.0000
Side Chain Topographical Entropy from corr. pLogP method (ALA 26) : -0.0000
Side Chain Topographical Entropy from corr. pLogP method (LEU 27) : 11.0937
Side Chain Topographical Entropy from corr. pLogP method (THR 28) : 6.8069
Side Chain Topographical Entropy from corr. pLogP method (GLY 29) : -0.0000
Side Chain Topographical Entropy from corr. pLogP method (THR 30) : 9.1191
Side Chain Topographical Entropy from corr. pLogP method (TYR 31) : 2.8533
Side Chain Topographical Entropy from corr. pLogP method (GLU 32) : 14.1735
Side Chain Topographical Entropy from corr. pLogP method (SER 33) : 7.9622
Side Chain Topographical Entropy from corr. pLogP method (ALA 34) : -0.0000
Side Chain Topographical Entropy from corr. pLogP method (VAL 35) : 5.1643
Side Chain Topographical Entropy from corr. pLogP method (GLY 36) : -0.0000
Side Chain Topographical Entropy from corr. pLogP method (ASN 37) : 10.3063
Side Chain Topographical Entropy from corr. pLogP method (ALA 38) : -0.0000
Side Chain Topographical Entropy from corr. pLogP method (GLU 39) : 20.4341
Side Chain Topographical Entropy from corr. pLogP method (SER 40) : 6.1252
Side Chain Topographical Entropy from corr. pLogP method (ARG 41) : 9.5476
Side Chain Topographical Entropy from corr. pLogP method (TYR 42) : 0.0657
Side Chain Topographical Entropy from corr. pLogP method (VAL 43) : 1.5000
Side Chain Topographical Entropy from corr. pLogP method (LEU 44) : 2.0040
Side Chain Topographical Entropy from corr. pLogP method (THR 45) : 4.5084
Side Chain Topographical Entropy from corr. pLogP method (GLY 46) : -0.0000
Side Chain Topographical Entropy from corr. pLogP method (ARG 47) : 0.3260
Side Chain Topographical Entropy from corr. pLogP method (TYR 48) : 4.0176
Side Chain Topographical Entropy from corr. pLogP method (ASP 49) : 5.1963
Side Chain Topographical Entropy from corr. pLogP method (SER 50) : 0.1015
Side Chain Topographical Entropy from corr. pLogP method (ALA 51) : -0.0000
Side Chain Topographical Entropy from corr. pLogP method (PRO 52) : 11.2715
Side Chain Topographical Entropy from corr. pLogP method (ALA 53) : -0.0000
Side Chain Topographical Entropy from corr. pLogP method (THR 54) : 5.2255
Side Chain Topographical Entropy from corr. pLogP method (ASP 55) : 7.4859
Side Chain Topographical Entropy from corr. pLogP method (GLY 56) : -0.0000
Side Chain Topographical Entropy from corr. pLogP method (SER 57) : 6.2002
Side Chain Topographical Entropy from corr. pLogP method (GLY 58) : -0.0000
Side Chain Topographical Entropy from corr. pLogP method (THR 59) : 0.0358
Side Chain Topographical Entropy from corr. pLogP method (ALA 60) : -0.0000
Side Chain Topographical Entropy from corr. pLogP method (LEU 61) : 8.1650
Side Chain Topographical Entropy from corr. pLogP method (GLY 62) : -0.0000
Side Chain Topographical Entropy from corr. pLogP method (TRP 63) : 0.0657
Side Chain Topographical Entropy from corr. pLogP method (THR 64) : 5.4815
Side Chain Topographical Entropy from corr. pLogP method (VAL 65) : -0.0000
Side Chain Topographical Entropy from corr. pLogP method (ALA 66) : -0.0000
Side Chain Topographical Entropy from corr. pLogP method (TRP 67) : 0.0715
Side Chain Topographical Entropy from corr. pLogP method (LYS 68) : 12.3579
Side Chain Topographical Entropy from corr. pLogP method (ASN 69) : 5.2903
Side Chain Topographical Entropy from corr. pLogP method (ASN 70) : 15.4868
Side Chain Topographical Entropy from corr. pLogP method (TYR 71) : 5.0181
Side Chain Topographical Entropy from corr. pLogP method (ARG 72) : 9.5704
Side Chain Topographical Entropy from corr. pLogP method (ASN 73) : 0.1810
Side Chain Topographical Entropy from corr. pLogP method (ALA 74) : -0.0000
Side Chain Topographical Entropy from corr. pLogP method (HID 75) : 0.1453
Side Chain Topographical Entropy from corr. pLogP method (SER 76) : 7.0139
Side Chain Topographical Entropy from corr. pLogP method (ALA 77) : -0.0000
Side Chain Topographical Entropy from corr. pLogP method (THR 78) : 0.0358
Side Chain Topographical Entropy from corr. pLogP method (THR 79) : 6.2166
Side Chain Topographical Entropy from corr. pLogP method (TRP 80) : 1.9326
Side Chain Topographical Entropy from corr. pLogP method (SER 81) : 1.8178
Side Chain Topographical Entropy from corr. pLogP method (GLY 82) : -0.0000
Side Chain Topographical Entropy from corr. pLogP method (GLN 83) : 9.6892
Side Chain Topographical Entropy from corr. pLogP method (TYR 84) : -0.0000
Side Chain Topographical Entropy from corr. pLogP method (VAL 85) : 1.2606
Side Chain Topographical Entropy from corr. pLogP method (GLY 86) : -0.0000
Side Chain Topographical Entropy from corr. pLogP method (GLY 87) : -0.0000
Side Chain Topographical Entropy from corr. pLogP method (ALA 88) : -0.0000
Side Chain Topographical Entropy from corr. pLogP method (GLU 89) : 22.6892
Side Chain Topographical Entropy from corr. pLogP method (ALA 90) : -0.0000
Side Chain Topographical Entropy from corr. pLogP method (ARG 91) : 11.6304
Side Chain Topographical Entropy from corr. pLogP method (ILE 92) : 0.1950
Side Chain Topographical Entropy from corr. pLogP method (ASN 93) : 8.4348
Side Chain Topographical Entropy from corr. pLogP method (THR 94) : 0.0657
Side Chain Topographical Entropy from corr. pLogP method (GLN 95) : 12.3427
Side Chain Topographical Entropy from corr. pLogP method (TRP 96) : 0.7495
Side Chain Topographical Entropy from corr. pLogP method (LEU 97) : 0.1810
Side Chain Topographical Entropy from corr. pLogP method (LEU 98) : 2.5632
Side Chain Topographical Entropy from corr. pLogP method (THR 99) : -0.0000
Side Chain Topographical Entropy from corr. pLogP method (SER 100) : 8.1617
Side Chain Topographical Entropy from corr. pLogP method (GLY 101) : -0.0000
Side Chain Topographical Entropy from corr. pLogP method (THR 102) : 5.2077
Side Chain Topographical Entropy from corr. pLogP method (THR 103) : 3.3602
Side Chain Topographical Entropy from corr. pLogP method (GLU 104) : 21.8122
Side Chain Topographical Entropy from corr. pLogP method (ALA 105) : -0.0000
Side Chain Topographical Entropy from corr. pLogP method (ASN 106) : 4.5187
Side Chain Topographical Entropy from corr. pLogP method (ALA 107) : -0.0000
Side Chain Topographical Entropy from corr. pLogP method (TRP 108) : 5.7919
Side Chain Topographical Entropy from corr. pLogP method (LYS 109) : 13.3152
Side Chain Topographical Entropy from corr. pLogP method (SER 110) : 2.5282
Side Chain Topographical Entropy from corr. pLogP method (THR 111) : -0.0000
Side Chain Topographical Entropy from corr. pLogP method (LEU 112) : 2.2084
Side Chain Topographical Entropy from corr. pLogP method (VAL 113) : -0.0000
Side Chain Topographical Entropy from corr. pLogP method (GLY 114) : -0.0000
Side Chain Topographical Entropy from corr. pLogP method (HID 115) : 5.4631
Side Chain Topographical Entropy from corr. pLogP method (ASP 116) : 8.6994
Side Chain Topographical Entropy from corr. pLogP method (THR 117) : 0.0358
Side Chain Topographical Entropy from corr. pLogP method (PHE 118) : 0.0358
Side Chain Topographical Entropy from corr. pLogP method (THR 119) : 4.8943
Side Chain Topographical Entropy from corr. pLogP method (LYS 120) : 15.4947
Side Chain Topographical Entropy from corr. pLogP method (VAL 121) : 4.5663
Side Chain Topographical Entropy from corr. pLogP method (LYS 122) : 19.4343
Side Chain Topographical Entropy from corr. pLogP method (PRO 123) : 14.7337
Side Chain Topographical Entropy from corr. pLogP method (SER 124) : 7.6419
Side Chain Topographical Entropy from corr. pLogP method (ALA 125) : -0.0000
Side Chain Topographical Entropy from corr. pLogP method (ALA 126) : -0.0000
Side Chain Topographical Entropy from corr. pLogP method (CSER 127) : 4.1679
____________________________________________________________
Total SC Topog. Entropy (corr. pLogP)    :         557.331
------------------------------------------------------------
____________________________________________________________
Total BB Topog. Entropy (corr. pLogP)    :          16.492
------------------------------------------------------------
____________________________________________________________
Total Entropy                            :         573.823
------------------------------------------------------------
