------------------------------------------------------------
Topographical entropy of residue side chains 
computed using all the dihedrals with correlation/pLogp formalism
------------------------------------------------------------
Side Chain Topographical Entropy from corr. pLogP method (NALA 1) : -0.0000
Side Chain Topographical Entropy from corr. pLogP method (GLU 2) : 22.0696
Side Chain Topographical Entropy from corr. pLogP method (ALA 3) : -0.0000
Side Chain Topographical Entropy from corr. pLogP method (GLY 4) : -0.0000
Side Chain Topographical Entropy from corr. pLogP method (ILE 5) : 1.2221
Side Chain Topographical Entropy from corr. pLogP method (THR 6) : 0.1230
Side Chain Topographical Entropy from corr. pLogP method (GLY 7) : -0.0000
Side Chain Topographical Entropy from corr. pLogP method (THR 8) : 1.2349
Side Chain Topographical Entropy from corr. pLogP method (TRP 9) : 2.0920
Side Chain Topographical Entropy from corr. pLogP method (TYR 10) : 7.6586
Side Chain Topographical Entropy from corr. pLogP method (ALA 11) : -0.0000
Side Chain Topographical Entropy from corr. pLogP method (GLN 12) : 21.3579
Side Chain Topographical Entropy from corr. pLogP method (LEU 13) : 7.6540
Side Chain Topographical Entropy from corr. pLogP method (GLY 14) : -0.0000
Side Chain Topographical Entropy from corr. pLogP method (SER 15) : 7.1741
Side Chain Topographical Entropy from corr. pLogP method (THR 16) : 4.2035
Side Chain Topographical Entropy from corr. pLogP method (PHE 17) : 2.1190
Side Chain Topographical Entropy from corr. pLogP method (ILE 18) : 4.8934
Side Chain Topographical Entropy from corr. pLogP method (VAL 19) : 3.2312
Side Chain Topographical Entropy from corr. pLogP method (THR 20) : 7.3604
Side Chain Topographical Entropy from corr. pLogP method (ALA 21) : -0.0000
Side Chain Topographical Entropy from corr. pLogP method (GLY 22) : -0.0000
Side Chain Topographical Entropy from corr. pLogP method (ALA 23) : -0.0000
Side Chain Topographical Entropy from corr. pLogP method (ASP 24) : 14.9959
Side Chain Topographical Entropy from corr. pLogP method (GLY 25) : -0.0000
Side Chain Topographical Entropy from corr. pLogP method (ALA 26) : -0.0000
Side Chain Topographical Entropy from corr. pLogP method (LEU 27) : 8.9239
Side Chain Topographical Entropy from corr. pLogP method (THR 28) : 8.8680
Side Chain Topographical Entropy from corr. pLogP method (GLY 29) : -0.0000
Side Chain Topographical Entropy from corr. pLogP method (THR 30) : 7.6915
Side Chain Topographical Entropy from corr. pLogP method (TYR 31) : 8.7167
Side Chain Topographical Entropy from corr. pLogP method (GLU 32) : 16.1290
Side Chain Topographical Entropy from corr. pLogP method (SER 33) : 3.7680
Side Chain Topographical Entropy from corr. pLogP method (ALA 34) : -0.0000
Side Chain Topographical Entropy from corr. pLogP method (VAL 35) : 7.1347
Side Chain Topographical Entropy from corr. pLogP method (GLY 36) : -0.0000
Side Chain Topographical Entropy from corr. pLogP method (ASN 37) : 10.8081
Side Chain Topographical Entropy from corr. pLogP method (ALA 38) : -0.0000
Side Chain Topographical Entropy from corr. pLogP method (GLU 39) : 20.5125
Side Chain Topographical Entropy from corr. pLogP method (SER 40) : 5.4292
Side Chain Topographical Entropy from corr. pLogP method (ARG 41) : 14.0852
Side Chain Topographical Entropy from corr. pLogP method (TYR 42) : 2.8048
Side Chain Topographical Entropy from corr. pLogP method (VAL 43) : 1.0706
Side Chain Topographical Entropy from corr. pLogP method (LEU 44) : 3.4590
Side Chain Topographical Entropy from corr. pLogP method (THR 45) : 6.5049
Side Chain Topographical Entropy from corr. pLogP method (GLY 46) : -0.0000
Side Chain Topographical Entropy from corr. pLogP method (ARG 47) : 2.0845
Side Chain Topographical Entropy from corr. pLogP method (TYR 48) : 4.9337
Side Chain Topographical Entropy from corr. pLogP method (ASP 49) : 8.2412
Side Chain Topographical Entropy from corr. pLogP method (SER 50) : 2.5798
Side Chain Topographical Entropy from corr. pLogP method (ALA 51) : -0.0000
Side Chain Topographical Entropy from corr. pLogP method (PRO 52) : 13.4180
Side Chain Topographical Entropy from corr. pLogP method (ALA 53) : -0.0000
Side Chain Topographical Entropy from corr. pLogP method (THR 54) : 5.1436
Side Chain Topographical Entropy from corr. pLogP method (ASP 55) : 8.9901
Side Chain Topographical Entropy from corr. pLogP method (GLY 56) : -0.0000
Side Chain Topographical Entropy from corr. pLogP method (SER 57) : 2.1620
Side Chain Topographical Entropy from corr. pLogP method (GLY 58) : -0.0000
Side Chain Topographical Entropy from corr. pLogP method (THR 59) : 1.4631
Side Chain Topographical Entropy from corr. pLogP method (ALA 60) : -0.0000
Side Chain Topographical Entropy from corr. pLogP method (LEU 61) : 6.4707
Side Chain Topographical Entropy from corr. pLogP method (GLY 62) : -0.0000
Side Chain Topographical Entropy from corr. pLogP method (TRP 63) : 3.4441
Side Chain Topographical Entropy from corr. pLogP method (THR 64) : 0.5678
Side Chain Topographical Entropy from corr. pLogP method (VAL 65) : 0.4857
Side Chain Topographical Entropy from corr. pLogP method (ALA 66) : -0.0000
Side Chain Topographical Entropy from corr. pLogP method (TRP 67) : 6.3337
Side Chain Topographical Entropy from corr. pLogP method (LYS 68) : 21.6995
Side Chain Topographical Entropy from corr. pLogP method (ASN 69) : 11.5994
Side Chain Topographical Entropy from corr. pLogP method (ASN 70) : 14.6880
Side Chain Topographical Entropy from corr. pLogP method (TYR 71) : 15.8308
Side Chain Topographical Entropy from corr. pLogP method (ARG 72) : 20.0808
Side Chain Topographical Entropy from corr. pLogP method (ASN 73) : 10.8650
Side Chain Topographical Entropy from corr. pLogP method (ALA 74) : -0.0000
Side Chain Topographical Entropy from corr. pLogP method (HID 75) : 7.0424
Side Chain Topographical Entropy from corr. pLogP method (SER 76) : 4.9218
Side Chain Topographical Entropy from corr. pLogP method (ALA 77) : -0.0000
Side Chain Topographical Entropy from corr. pLogP method (THR 78) : 0.2312
Side Chain Topographical Entropy from corr. pLogP method (THR 79) : 2.4454
Side Chain Topographical Entropy from corr. pLogP method (TRP 80) : 4.1215
Side Chain Topographical Entropy from corr. pLogP method (SER 81) : 3.5720
Side Chain Topographical Entropy from corr. pLogP method (GLY 82) : -0.0000
Side Chain Topographical Entropy from corr. pLogP method (GLN 83) : 11.5773
Side Chain Topographical Entropy from corr. pLogP method (TYR 84) : 1.7721
Side Chain Topographical Entropy from corr. pLogP method (VAL 85) : 2.9095
Side Chain Topographical Entropy from corr. pLogP method (GLY 86) : -0.0000
Side Chain Topographical Entropy from corr. pLogP method (GLY 87) : -0.0000
Side Chain Topographical Entropy from corr. pLogP method (ALA 88) : -0.0000
Side Chain Topographical Entropy from corr. pLogP method (GLU 89) : 22.4054
Side Chain Topographical Entropy from corr. pLogP method (ALA 90) : -0.0000
Side Chain Topographical Entropy from corr. pLogP method (ARG 91) : 18.2266
Side Chain Topographical Entropy from corr. pLogP method (ILE 92) : 1.5476
Side Chain Topographical Entropy from corr. pLogP method (ASN 93) : 9.4479
Side Chain Topographical Entropy from corr. pLogP method (THR 94) : 5.2583
Side Chain Topographical Entropy from corr. pLogP method (GLN 95) : 11.3359
Side Chain Topographical Entropy from corr. pLogP method (TRP 96) : 1.3082
Side Chain Topographical Entropy from corr. pLogP method (LEU 97) : 5.2508
Side Chain Topographical Entropy from corr. pLogP method (LEU 98) : 3.4463
Side Chain Topographical Entropy from corr. pLogP method (THR 99) : 5.9254
Side Chain Topographical Entropy from corr. pLogP method (SER 100) : 8.9626
Side Chain Topographical Entropy from corr. pLogP method (GLY 101) : -0.0000
Side Chain Topographical Entropy from corr. pLogP method (THR 102) : 2.0652
Side Chain Topographical Entropy from corr. pLogP method (THR 103) : 2.1688
Side Chain Topographical Entropy from corr. pLogP method (GLU 104) : 23.3746
Side Chain Topographical Entropy from corr. pLogP method (ALA 105) : -0.0000
Side Chain Topographical Entropy from corr. pLogP method (ASN 106) : 4.9637
Side Chain Topographical Entropy from corr. pLogP method (ALA 107) : -0.0000
Side Chain Topographical Entropy from corr. pLogP method (TRP 108) : 7.0655
Side Chain Topographical Entropy from corr. pLogP method (LYS 109) : 15.5618
Side Chain Topographical Entropy from corr. pLogP method (SER 110) : 2.6704
Side Chain Topographical Entropy from corr. pLogP method (THR 111) : 0.2175
Side Chain Topographical Entropy from corr. pLogP method (LEU 112) : 1.9794
Side Chain Topographical Entropy from corr. pLogP method (VAL 113) : 0.0072
Side Chain Topographical Entropy from corr. pLogP method (GLY 114) : -0.0000
Side Chain Topographical Entropy from corr. pLogP method (HID 115) : 0.5840
Side Chain Topographical Entropy from corr. pLogP method (ASP 116) : 7.7766
Side Chain Topographical Entropy from corr. pLogP method (THR 117) : 6.1228
Side Chain Topographical Entropy from corr. pLogP method (PHE 118) : 2.8588
Side Chain Topographical Entropy from corr. pLogP method (THR 119) : 6.8528
Side Chain Topographical Entropy from corr. pLogP method (LYS 120) : 14.3072
Side Chain Topographical Entropy from corr. pLogP method (VAL 121) : 6.1081
Side Chain Topographical Entropy from corr. pLogP method (LYS 122) : 17.7652
Side Chain Topographical Entropy from corr. pLogP method (PRO 123) : 15.7264
Side Chain Topographical Entropy from corr. pLogP method (SER 124) : 8.8826
Side Chain Topographical Entropy from corr. pLogP method (ALA 125) : -0.0000
Side Chain Topographical Entropy from corr. pLogP method (ALA 126) : -0.0000
Side Chain Topographical Entropy from corr. pLogP method (CSER 127) : 5.1675
____________________________________________________________
Total SC Topog. Entropy (corr. pLogP)    :         678.312
------------------------------------------------------------
____________________________________________________________
Total BB Topog. Entropy (corr. pLogP)    :          34.378
------------------------------------------------------------
____________________________________________________________
Total Entropy                            :         712.689
------------------------------------------------------------
