------------------------------------------------------------
Topographical entropy of residue side chains 
computed using all the dihedrals with correlation/pLogp formalism
------------------------------------------------------------
Side Chain Topographical Entropy from corr. pLogP method (NALA 1) : -0.0000
Side Chain Topographical Entropy from corr. pLogP method (GLU 2) : 18.8809
Side Chain Topographical Entropy from corr. pLogP method (ALA 3) : -0.0000
Side Chain Topographical Entropy from corr. pLogP method (GLY 4) : -0.0000
Side Chain Topographical Entropy from corr. pLogP method (ILE 5) : 1.8343
Side Chain Topographical Entropy from corr. pLogP method (THR 6) : -0.0000
Side Chain Topographical Entropy from corr. pLogP method (GLY 7) : -0.0000
Side Chain Topographical Entropy from corr. pLogP method (THR 8) : 1.7707
Side Chain Topographical Entropy from corr. pLogP method (TRP 9) : 0.9845
Side Chain Topographical Entropy from corr. pLogP method (TYR 10) : 5.8846
Side Chain Topographical Entropy from corr. pLogP method (ALA 11) : -0.0000
Side Chain Topographical Entropy from corr. pLogP method (GLN 12) : 20.6342
Side Chain Topographical Entropy from corr. pLogP method (LEU 13) : 7.9437
Side Chain Topographical Entropy from corr. pLogP method (GLY 14) : -0.0000
Side Chain Topographical Entropy from corr. pLogP method (SER 15) : 8.6627
Side Chain Topographical Entropy from corr. pLogP method (THR 16) : 4.8736
Side Chain Topographical Entropy from corr. pLogP method (PHE 17) : 1.4320
Side Chain Topographical Entropy from corr. pLogP method (ILE 18) : 9.7876
Side Chain Topographical Entropy from corr. pLogP method (VAL 19) : 2.8736
Side Chain Topographical Entropy from corr. pLogP method (THR 20) : 7.5323
Side Chain Topographical Entropy from corr. pLogP method (ALA 21) : -0.0000
Side Chain Topographical Entropy from corr. pLogP method (GLY 22) : -0.0000
Side Chain Topographical Entropy from corr. pLogP method (ALA 23) : -0.0000
Side Chain Topographical Entropy from corr. pLogP method (ASP 24) : 13.9053
Side Chain Topographical Entropy from corr. pLogP method (GLY 25) : -0.0000
Side Chain Topographical Entropy from corr. pLogP method (ALA 26) : -0.0000
Side Chain Topographical Entropy from corr. pLogP method (LEU 27) : 8.4460
Side Chain Topographical Entropy from corr. pLogP method (THR 28) : 8.4223
Side Chain Topographical Entropy from corr. pLogP method (GLY 29) : -0.0000
Side Chain Topographical Entropy from corr. pLogP method (THR 30) : 5.0445
Side Chain Topographical Entropy from corr. pLogP method (TYR 31) : 4.6078
Side Chain Topographical Entropy from corr. pLogP method (GLU 32) : 16.2798
Side Chain Topographical Entropy from corr. pLogP method (SER 33) : 7.5182
Side Chain Topographical Entropy from corr. pLogP method (ALA 34) : -0.0000
Side Chain Topographical Entropy from corr. pLogP method (VAL 35) : 8.1025
Side Chain Topographical Entropy from corr. pLogP method (GLY 36) : -0.0000
Side Chain Topographical Entropy from corr. pLogP method (ASN 37) : 12.7454
Side Chain Topographical Entropy from corr. pLogP method (ALA 38) : -0.0000
Side Chain Topographical Entropy from corr. pLogP method (GLU 39) : 22.7896
Side Chain Topographical Entropy from corr. pLogP method (SER 40) : 4.5382
Side Chain Topographical Entropy from corr. pLogP method (ARG 41) : 14.4096
Side Chain Topographical Entropy from corr. pLogP method (TYR 42) : 0.9558
Side Chain Topographical Entropy from corr. pLogP method (VAL 43) : 0.6976
Side Chain Topographical Entropy from corr. pLogP method (LEU 44) : 1.5223
Side Chain Topographical Entropy from corr. pLogP method (THR 45) : 8.4448
Side Chain Topographical Entropy from corr. pLogP method (GLY 46) : -0.0000
Side Chain Topographical Entropy from corr. pLogP method (ARG 47) : 0.8663
Side Chain Topographical Entropy from corr. pLogP method (TYR 48) : 3.5125
Side Chain Topographical Entropy from corr. pLogP method (ASP 49) : 7.8981
Side Chain Topographical Entropy from corr. pLogP method (SER 50) : 4.0913
Side Chain Topographical Entropy from corr. pLogP method (ALA 51) : -0.0000
Side Chain Topographical Entropy from corr. pLogP method (PRO 52) : 12.4800
Side Chain Topographical Entropy from corr. pLogP method (ALA 53) : -0.0000
Side Chain Topographical Entropy from corr. pLogP method (THR 54) : 6.7266
Side Chain Topographical Entropy from corr. pLogP method (ASP 55) : 14.6485
Side Chain Topographical Entropy from corr. pLogP method (GLY 56) : -0.0000
Side Chain Topographical Entropy from corr. pLogP method (SER 57) : 8.9523
Side Chain Topographical Entropy from corr. pLogP method (GLY 58) : -0.0000
Side Chain Topographical Entropy from corr. pLogP method (THR 59) : 0.0647
Side Chain Topographical Entropy from corr. pLogP method (ALA 60) : -0.0000
Side Chain Topographical Entropy from corr. pLogP method (LEU 61) : 6.6753
Side Chain Topographical Entropy from corr. pLogP method (GLY 62) : -0.0000
Side Chain Topographical Entropy from corr. pLogP method (TRP 63) : 0.5632
Side Chain Topographical Entropy from corr. pLogP method (THR 64) : 0.4555
Side Chain Topographical Entropy from corr. pLogP method (VAL 65) : 0.0293
Side Chain Topographical Entropy from corr. pLogP method (ALA 66) : -0.0000
Side Chain Topographical Entropy from corr. pLogP method (TRP 67) : 0.6086
Side Chain Topographical Entropy from corr. pLogP method (LYS 68) : 16.2649
Side Chain Topographical Entropy from corr. pLogP method (ASN 69) : 5.9353
Side Chain Topographical Entropy from corr. pLogP method (ASN 70) : 14.1806
Side Chain Topographical Entropy from corr. pLogP method (TYR 71) : 8.9738
Side Chain Topographical Entropy from corr. pLogP method (ARG 72) : 16.4156
Side Chain Topographical Entropy from corr. pLogP method (ASN 73) : 7.4558
Side Chain Topographical Entropy from corr. pLogP method (ALA 74) : -0.0000
Side Chain Topographical Entropy from corr. pLogP method (HID 75) : 3.3114
Side Chain Topographical Entropy from corr. pLogP method (SER 76) : 5.8916
Side Chain Topographical Entropy from corr. pLogP method (ALA 77) : -0.0000
Side Chain Topographical Entropy from corr. pLogP method (THR 78) : 0.3838
Side Chain Topographical Entropy from corr. pLogP method (THR 79) : 5.5614
Side Chain Topographical Entropy from corr. pLogP method (TRP 80) : 2.8469
Side Chain Topographical Entropy from corr. pLogP method (SER 81) : 3.7184
Side Chain Topographical Entropy from corr. pLogP method (GLY 82) : -0.0000
Side Chain Topographical Entropy from corr. pLogP method (GLN 83) : 11.0745
Side Chain Topographical Entropy from corr. pLogP method (TYR 84) : 0.0482
Side Chain Topographical Entropy from corr. pLogP method (VAL 85) : 2.2551
Side Chain Topographical Entropy from corr. pLogP method (GLY 86) : -0.0000
Side Chain Topographical Entropy from corr. pLogP method (GLY 87) : -0.0000
Side Chain Topographical Entropy from corr. pLogP method (ALA 88) : -0.0000
Side Chain Topographical Entropy from corr. pLogP method (GLU 89) : 20.9742
Side Chain Topographical Entropy from corr. pLogP method (ALA 90) : -0.0000
Side Chain Topographical Entropy from corr. pLogP method (ARG 91) : 13.3376
Side Chain Topographical Entropy from corr. pLogP method (ILE 92) : 0.4485
Side Chain Topographical Entropy from corr. pLogP method (ASN 93) : 7.1092
Side Chain Topographical Entropy from corr. pLogP method (THR 94) : 2.9873
Side Chain Topographical Entropy from corr. pLogP method (GLN 95) : 2.5555
Side Chain Topographical Entropy from corr. pLogP method (TRP 96) : 1.9270
Side Chain Topographical Entropy from corr. pLogP method (LEU 97) : 0.6598
Side Chain Topographical Entropy from corr. pLogP method (LEU 98) : 3.0199
Side Chain Topographical Entropy from corr. pLogP method (THR 99) : 0.1695
Side Chain Topographical Entropy from corr. pLogP method (SER 100) : 8.3443
Side Chain Topographical Entropy from corr. pLogP method (GLY 101) : -0.0000
Side Chain Topographical Entropy from corr. pLogP method (THR 102) : 8.9883
Side Chain Topographical Entropy from corr. pLogP method (THR 103) : 5.5888
Side Chain Topographical Entropy from corr. pLogP method (GLU 104) : 20.7567
Side Chain Topographical Entropy from corr. pLogP method (ALA 105) : -0.0000
Side Chain Topographical Entropy from corr. pLogP method (ASN 106) : 7.9490
Side Chain Topographical Entropy from corr. pLogP method (ALA 107) : -0.0000
Side Chain Topographical Entropy from corr. pLogP method (TRP 108) : 11.3380
Side Chain Topographical Entropy from corr. pLogP method (LYS 109) : 15.8134
Side Chain Topographical Entropy from corr. pLogP method (SER 110) : 3.6713
Side Chain Topographical Entropy from corr. pLogP method (THR 111) : 0.6034
Side Chain Topographical Entropy from corr. pLogP method (LEU 112) : 4.2018
Side Chain Topographical Entropy from corr. pLogP method (VAL 113) : 0.7455
Side Chain Topographical Entropy from corr. pLogP method (GLY 114) : -0.0000
Side Chain Topographical Entropy from corr. pLogP method (HID 115) : 1.2658
Side Chain Topographical Entropy from corr. pLogP method (ASP 116) : 8.5086
Side Chain Topographical Entropy from corr. pLogP method (THR 117) : 5.8499
Side Chain Topographical Entropy from corr. pLogP method (PHE 118) : 0.5791
Side Chain Topographical Entropy from corr. pLogP method (THR 119) : 5.6423
Side Chain Topographical Entropy from corr. pLogP method (LYS 120) : 12.8731
Side Chain Topographical Entropy from corr. pLogP method (VAL 121) : 4.8616
Side Chain Topographical Entropy from corr. pLogP method (LYS 122) : 16.6036
Side Chain Topographical Entropy from corr. pLogP method (PRO 123) : 15.0151
Side Chain Topographical Entropy from corr. pLogP method (SER 124) : 8.6571
Side Chain Topographical Entropy from corr. pLogP method (ALA 125) : -0.0000
Side Chain Topographical Entropy from corr. pLogP method (ALA 126) : -0.0000
Side Chain Topographical Entropy from corr. pLogP method (CSER 127) : 4.2078
____________________________________________________________
Total SC Topog. Entropy (corr. pLogP)    :         628.667
------------------------------------------------------------
____________________________________________________________
Total BB Topog. Entropy (corr. pLogP)    :          25.796
------------------------------------------------------------
____________________________________________________________
Total Entropy                            :         654.462
------------------------------------------------------------
