------------------------------------------------------------
Topographical entropy of residue side chains 
computed using all the dihedrals with correlation/pLogp formalism
------------------------------------------------------------
Side Chain Topographical Entropy from corr. pLogP method (NALA 1) : -0.0000
Side Chain Topographical Entropy from corr. pLogP method (GLU 2) : 17.1993
Side Chain Topographical Entropy from corr. pLogP method (ALA 3) : -0.0000
Side Chain Topographical Entropy from corr. pLogP method (GLY 4) : -0.0000
Side Chain Topographical Entropy from corr. pLogP method (ILE 5) : 2.4571
Side Chain Topographical Entropy from corr. pLogP method (THR 6) : 0.5768
Side Chain Topographical Entropy from corr. pLogP method (GLY 7) : -0.0000
Side Chain Topographical Entropy from corr. pLogP method (THR 8) : 0.6125
Side Chain Topographical Entropy from corr. pLogP method (TRP 9) : -0.0000
Side Chain Topographical Entropy from corr. pLogP method (TYR 10) : 5.5183
Side Chain Topographical Entropy from corr. pLogP method (ALA 11) : -0.0000
Side Chain Topographical Entropy from corr. pLogP method (GLN 12) : 21.4872
Side Chain Topographical Entropy from corr. pLogP method (LEU 13) : 7.0824
Side Chain Topographical Entropy from corr. pLogP method (GLY 14) : -0.0000
Side Chain Topographical Entropy from corr. pLogP method (SER 15) : 6.5707
Side Chain Topographical Entropy from corr. pLogP method (THR 16) : 6.0193
Side Chain Topographical Entropy from corr. pLogP method (PHE 17) : 0.1698
Side Chain Topographical Entropy from corr. pLogP method (ILE 18) : 3.6316
Side Chain Topographical Entropy from corr. pLogP method (VAL 19) : 1.6252
Side Chain Topographical Entropy from corr. pLogP method (THR 20) : 1.5004
Side Chain Topographical Entropy from corr. pLogP method (ALA 21) : -0.0000
Side Chain Topographical Entropy from corr. pLogP method (GLY 22) : -0.0000
Side Chain Topographical Entropy from corr. pLogP method (ALA 23) : -0.0000
Side Chain Topographical Entropy from corr. pLogP method (ASP 24) : 16.2510
Side Chain Topographical Entropy from corr. pLogP method (GLY 25) : -0.0000
Side Chain Topographical Entropy from corr. pLogP method (ALA 26) : -0.0000
Side Chain Topographical Entropy from corr. pLogP method (LEU 27) : 0.8807
Side Chain Topographical Entropy from corr. pLogP method (THR 28) : 6.6809
Side Chain Topographical Entropy from corr. pLogP method (GLY 29) : -0.0000
Side Chain Topographical Entropy from corr. pLogP method (THR 30) : -0.0000
Side Chain Topographical Entropy from corr. pLogP method (TYR 31) : 4.6053
Side Chain Topographical Entropy from corr. pLogP method (GLU 32) : 15.5203
Side Chain Topographical Entropy from corr. pLogP method (SER 33) : 4.2962
Side Chain Topographical Entropy from corr. pLogP method (ALA 34) : -0.0000
Side Chain Topographical Entropy from corr. pLogP method (VAL 35) : 7.9410
Side Chain Topographical Entropy from corr. pLogP method (GLY 36) : -0.0000
Side Chain Topographical Entropy from corr. pLogP method (ASN 37) : 13.3643
Side Chain Topographical Entropy from corr. pLogP method (ALA 38) : -0.0000
Side Chain Topographical Entropy from corr. pLogP method (GLU 39) : 19.1878
Side Chain Topographical Entropy from corr. pLogP method (SER 40) : 5.8123
Side Chain Topographical Entropy from corr. pLogP method (ARG 41) : 11.7132
Side Chain Topographical Entropy from corr. pLogP method (TYR 42) : 0.0657
Side Chain Topographical Entropy from corr. pLogP method (VAL 43) : -0.0000
Side Chain Topographical Entropy from corr. pLogP method (LEU 44) : 4.8332
Side Chain Topographical Entropy from corr. pLogP method (THR 45) : 7.7438
Side Chain Topographical Entropy from corr. pLogP method (GLY 46) : -0.0000
Side Chain Topographical Entropy from corr. pLogP method (ARG 47) : 0.0657
Side Chain Topographical Entropy from corr. pLogP method (TYR 48) : 3.1516
Side Chain Topographical Entropy from corr. pLogP method (ASP 49) : 1.4227
Side Chain Topographical Entropy from corr. pLogP method (SER 50) : 2.0554
Side Chain Topographical Entropy from corr. pLogP method (ALA 51) : -0.0000
Side Chain Topographical Entropy from corr. pLogP method (PRO 52) : 7.6634
Side Chain Topographical Entropy from corr. pLogP method (ALA 53) : -0.0000
Side Chain Topographical Entropy from corr. pLogP method (THR 54) : 4.4838
Side Chain Topographical Entropy from corr. pLogP method (ASP 55) : 6.2306
Side Chain Topographical Entropy from corr. pLogP method (GLY 56) : -0.0000
Side Chain Topographical Entropy from corr. pLogP method (SER 57) : 2.4113
Side Chain Topographical Entropy from corr. pLogP method (GLY 58) : -0.0000
Side Chain Topographical Entropy from corr. pLogP method (THR 59) : -0.0000
Side Chain Topographical Entropy from corr. pLogP method (ALA 60) : -0.0000
Side Chain Topographical Entropy from corr. pLogP method (LEU 61) : 5.2779
Side Chain Topographical Entropy from corr. pLogP method (GLY 62) : -0.0000
Side Chain Topographical Entropy from corr. pLogP method (TRP 63) : 0.0657
Side Chain Topographical Entropy from corr. pLogP method (THR 64) : 0.0657
Side Chain Topographical Entropy from corr. pLogP method (VAL 65) : -0.0000
Side Chain Topographical Entropy from corr. pLogP method (ALA 66) : -0.0000
Side Chain Topographical Entropy from corr. pLogP method (TRP 67) : -0.0000
Side Chain Topographical Entropy from corr. pLogP method (LYS 68) : 10.8558
Side Chain Topographical Entropy from corr. pLogP method (ASN 69) : 7.7009
Side Chain Topographical Entropy from corr. pLogP method (ASN 70) : 13.6122
Side Chain Topographical Entropy from corr. pLogP method (TYR 71) : 13.4352
Side Chain Topographical Entropy from corr. pLogP method (ARG 72) : 17.4185
Side Chain Topographical Entropy from corr. pLogP method (ASN 73) : 0.1857
Side Chain Topographical Entropy from corr. pLogP method (ALA 74) : -0.0000
Side Chain Topographical Entropy from corr. pLogP method (HID 75) : 1.2337
Side Chain Topographical Entropy from corr. pLogP method (SER 76) : 0.5966
Side Chain Topographical Entropy from corr. pLogP method (ALA 77) : -0.0000
Side Chain Topographical Entropy from corr. pLogP method (THR 78) : -0.0000
Side Chain Topographical Entropy from corr. pLogP method (THR 79) : 0.1698
Side Chain Topographical Entropy from corr. pLogP method (TRP 80) : 2.5346
Side Chain Topographical Entropy from corr. pLogP method (SER 81) : 6.3951
Side Chain Topographical Entropy from corr. pLogP method (GLY 82) : -0.0000
Side Chain Topographical Entropy from corr. pLogP method (GLN 83) : 8.2483
Side Chain Topographical Entropy from corr. pLogP method (TYR 84) : -0.0000
Side Chain Topographical Entropy from corr. pLogP method (VAL 85) : 1.7944
Side Chain Topographical Entropy from corr. pLogP method (GLY 86) : -0.0000
Side Chain Topographical Entropy from corr. pLogP method (GLY 87) : -0.0000
Side Chain Topographical Entropy from corr. pLogP method (ALA 88) : -0.0000
Side Chain Topographical Entropy from corr. pLogP method (GLU 89) : 22.4592
Side Chain Topographical Entropy from corr. pLogP method (ALA 90) : -0.0000
Side Chain Topographical Entropy from corr. pLogP method (ARG 91) : 13.0931
Side Chain Topographical Entropy from corr. pLogP method (ILE 92) : 0.2897
Side Chain Topographical Entropy from corr. pLogP method (ASN 93) : 10.8841
Side Chain Topographical Entropy from corr. pLogP method (THR 94) : -0.0000
Side Chain Topographical Entropy from corr. pLogP method (GLN 95) : 5.1354
Side Chain Topographical Entropy from corr. pLogP method (TRP 96) : 1.6012
Side Chain Topographical Entropy from corr. pLogP method (LEU 97) : 3.9980
Side Chain Topographical Entropy from corr. pLogP method (LEU 98) : 0.0657
Side Chain Topographical Entropy from corr. pLogP method (THR 99) : -0.0000
Side Chain Topographical Entropy from corr. pLogP method (SER 100) : 7.6472
Side Chain Topographical Entropy from corr. pLogP method (GLY 101) : -0.0000
Side Chain Topographical Entropy from corr. pLogP method (THR 102) : -0.0000
Side Chain Topographical Entropy from corr. pLogP method (THR 103) : 2.8811
Side Chain Topographical Entropy from corr. pLogP method (GLU 104) : 23.2430
Side Chain Topographical Entropy from corr. pLogP method (ALA 105) : -0.0000
Side Chain Topographical Entropy from corr. pLogP method (ASN 106) : 5.2649
Side Chain Topographical Entropy from corr. pLogP method (ALA 107) : -0.0000
Side Chain Topographical Entropy from corr. pLogP method (TRP 108) : 5.7565
Side Chain Topographical Entropy from corr. pLogP method (LYS 109) : 16.1024
Side Chain Topographical Entropy from corr. pLogP method (SER 110) : 0.5034
Side Chain Topographical Entropy from corr. pLogP method (THR 111) : 0.0657
Side Chain Topographical Entropy from corr. pLogP method (LEU 112) : 2.5782
Side Chain Topographical Entropy from corr. pLogP method (VAL 113) : 0.1200
Side Chain Topographical Entropy from corr. pLogP method (GLY 114) : -0.0000
Side Chain Topographical Entropy from corr. pLogP method (HID 115) : 6.2781
Side Chain Topographical Entropy from corr. pLogP method (ASP 116) : 7.9586
Side Chain Topographical Entropy from corr. pLogP method (THR 117) : 8.5054
Side Chain Topographical Entropy from corr. pLogP method (PHE 118) : -0.0000
Side Chain Topographical Entropy from corr. pLogP method (THR 119) : 4.5432
Side Chain Topographical Entropy from corr. pLogP method (LYS 120) : 12.9134
Side Chain Topographical Entropy from corr. pLogP method (VAL 121) : 3.9510
Side Chain Topographical Entropy from corr. pLogP method (LYS 122) : 14.6915
Side Chain Topographical Entropy from corr. pLogP method (PRO 123) : 14.1437
Side Chain Topographical Entropy from corr. pLogP method (SER 124) : 8.8374
Side Chain Topographical Entropy from corr. pLogP method (ALA 125) : -0.0000
Side Chain Topographical Entropy from corr. pLogP method (ALA 126) : -0.0000
Side Chain Topographical Entropy from corr. pLogP method (CSER 127) : 5.0113
____________________________________________________________
Total SC Topog. Entropy (corr. pLogP)    :         518.944
------------------------------------------------------------
____________________________________________________________
Total BB Topog. Entropy (corr. pLogP)    :          17.793
------------------------------------------------------------
____________________________________________________________
Total Entropy                            :         536.737
------------------------------------------------------------
