------------------------------------------------------------
Topographical entropy of residue side chains 
computed using all the dihedrals with AEM method
------------------------------------------------------------
Residue Topographical Entropy from AEM (NALA 1) : 1.6749
Residue Topographical Entropy from AEM (GLU 2) : 23.8267
Residue Topographical Entropy from AEM (ALA 3) : -0.0000
Residue Topographical Entropy from AEM (GLY 4) : -0.0000
Residue Topographical Entropy from AEM (ILE 5) : 0.7180
Residue Topographical Entropy from AEM (THR 6) : 2.8453
Residue Topographical Entropy from AEM (GLY 7) : -0.0000
Residue Topographical Entropy from AEM (THR 8) : 0.7315
Residue Topographical Entropy from AEM (TRP 9) : 37.1231
Residue Topographical Entropy from AEM (TYR 10) : 20.8916
Residue Topographical Entropy from AEM (ALA 11) : -0.0000
Residue Topographical Entropy from AEM (GLN 12) : 16.7947
Residue Topographical Entropy from AEM (LEU 13) : 1.8384
Residue Topographical Entropy from AEM (GLY 14) : -0.0000
Residue Topographical Entropy from AEM (SER 15) : 5.7129
Residue Topographical Entropy from AEM (THR 16) : 7.9038
Residue Topographical Entropy from AEM (PHE 17) : 30.6164
Residue Topographical Entropy from AEM (ILE 18) : 9.0558
Residue Topographical Entropy from AEM (VAL 19) : 6.3047
Residue Topographical Entropy from AEM (THR 20) : 7.7008
Residue Topographical Entropy from AEM (ALA 21) : -0.0000
Residue Topographical Entropy from AEM (GLY 22) : -0.0000
Residue Topographical Entropy from AEM (ALA 23) : -0.0000
Residue Topographical Entropy from AEM (ASP 24) : 11.4795
Residue Topographical Entropy from AEM (GLY 25) : -0.0000
Residue Topographical Entropy from AEM (ALA 26) : -0.0000
Residue Topographical Entropy from AEM (LEU 27) : 6.3497
Residue Topographical Entropy from AEM (THR 28) : 9.0534
Residue Topographical Entropy from AEM (GLY 29) : -0.0000
Residue Topographical Entropy from AEM (THR 30) : 6.7093
Residue Topographical Entropy from AEM (TYR 31) : 24.0285
Residue Topographical Entropy from AEM (GLU 32) : 13.0490
Residue Topographical Entropy from AEM (SER 33) : 8.2388
Residue Topographical Entropy from AEM (ALA 34) : -0.0000
Residue Topographical Entropy from AEM (VAL 35) : 8.4767
Residue Topographical Entropy from AEM (GLY 36) : -0.0000
Residue Topographical Entropy from AEM (ASN 37) : 11.6400
Residue Topographical Entropy from AEM (ALA 38) : -0.0000
Residue Topographical Entropy from AEM (GLU 39) : 20.5757
Residue Topographical Entropy from AEM (SER 40) : 6.6802
Residue Topographical Entropy from AEM (ARG 41) : 7.9578
Residue Topographical Entropy from AEM (TYR 42) : 24.3285
Residue Topographical Entropy from AEM (VAL 43) : 1.6214
Residue Topographical Entropy from AEM (LEU 44) : 1.7366
Residue Topographical Entropy from AEM (THR 45) : 1.4263
Residue Topographical Entropy from AEM (GLY 46) : -0.0000
Residue Topographical Entropy from AEM (ARG 47) : 3.2007
Residue Topographical Entropy from AEM (TYR 48) : 26.1708
Residue Topographical Entropy from AEM (ASP 49) : 1.4874
Residue Topographical Entropy from AEM (SER 50) : 2.8773
Residue Topographical Entropy from AEM (ALA 51) : -0.0000
Residue Topographical Entropy from AEM (PRO 52) : 8.1342
Residue Topographical Entropy from AEM (ALA 53) : -0.0000
Residue Topographical Entropy from AEM (THR 54) : 7.9036
Residue Topographical Entropy from AEM (ASP 55) : 5.6798
Residue Topographical Entropy from AEM (GLY 56) : -0.0000
Residue Topographical Entropy from AEM (SER 57) : 2.0983
Residue Topographical Entropy from AEM (GLY 58) : -0.0000
Residue Topographical Entropy from AEM (THR 59) : 1.0041
Residue Topographical Entropy from AEM (ALA 60) : -0.0000
Residue Topographical Entropy from AEM (LEU 61) : 8.1236
Residue Topographical Entropy from AEM (GLY 62) : -0.0000
Residue Topographical Entropy from AEM (TRP 63) : 36.9774
Residue Topographical Entropy from AEM (THR 64) : -0.0000
Residue Topographical Entropy from AEM (VAL 65) : 0.2835
Residue Topographical Entropy from AEM (ALA 66) : -0.0000
Residue Topographical Entropy from AEM (TRP 67) : 36.4968
Residue Topographical Entropy from AEM (LYS 68) : 10.3981
Residue Topographical Entropy from AEM (ASN 69) : 0.8159
Residue Topographical Entropy from AEM (ASN 70) : 14.7357
Residue Topographical Entropy from AEM (TYR 71) : 24.0100
Residue Topographical Entropy from AEM (ARG 72) : 8.4999
Residue Topographical Entropy from AEM (ASN 73) : 0.2651
Residue Topographical Entropy from AEM (ALA 74) : -0.0000
Residue Topographical Entropy from AEM (HID 75) : 16.9101
Residue Topographical Entropy from AEM (SER 76) : 6.2828
Residue Topographical Entropy from AEM (ALA 77) : -0.0000
Residue Topographical Entropy from AEM (THR 78) : 0.2835
Residue Topographical Entropy from AEM (THR 79) : 2.6197
Residue Topographical Entropy from AEM (TRP 80) : 35.9272
Residue Topographical Entropy from AEM (SER 81) : 1.3071
Residue Topographical Entropy from AEM (GLY 82) : -0.0000
Residue Topographical Entropy from AEM (GLN 83) : 11.8210
Residue Topographical Entropy from AEM (TYR 84) : 28.7168
Residue Topographical Entropy from AEM (VAL 85) : 5.6111
Residue Topographical Entropy from AEM (GLY 86) : -0.0000
Residue Topographical Entropy from AEM (GLY 87) : -0.0000
Residue Topographical Entropy from AEM (ALA 88) : -0.0000
Residue Topographical Entropy from AEM (GLU 89) : 16.2936
Residue Topographical Entropy from AEM (ALA 90) : -0.0000
Residue Topographical Entropy from AEM (ARG 91) : 18.0469
Residue Topographical Entropy from AEM (ILE 92) : 0.6340
Residue Topographical Entropy from AEM (ASN 93) : 6.6090
Residue Topographical Entropy from AEM (THR 94) : 6.7328
Residue Topographical Entropy from AEM (GLN 95) : 12.5067
Residue Topographical Entropy from AEM (TRP 96) : 39.1610
Residue Topographical Entropy from AEM (LEU 97) : 4.5400
Residue Topographical Entropy from AEM (LEU 98) : 3.9853
Residue Topographical Entropy from AEM (THR 99) : 5.2058
Residue Topographical Entropy from AEM (SER 100) : 6.3581
Residue Topographical Entropy from AEM (GLY 101) : -0.0000
Residue Topographical Entropy from AEM (THR 102) : 2.1325
Residue Topographical Entropy from AEM (THR 103) : 0.6301
Residue Topographical Entropy from AEM (GLU 104) : 25.8301
Residue Topographical Entropy from AEM (ALA 105) : -0.0000
Residue Topographical Entropy from AEM (ASN 106) : 3.9117
Residue Topographical Entropy from AEM (ALA 107) : -0.0000
Residue Topographical Entropy from AEM (TRP 108) : 42.2141
Residue Topographical Entropy from AEM (LYS 109) : 15.8756
Residue Topographical Entropy from AEM (SER 110) : 3.9175
Residue Topographical Entropy from AEM (THR 111) : 1.3964
Residue Topographical Entropy from AEM (LEU 112) : 4.4007
Residue Topographical Entropy from AEM (VAL 113) : 2.6471
Residue Topographical Entropy from AEM (GLY 114) : -0.0000
Residue Topographical Entropy from AEM (HID 115) : 21.8362
Residue Topographical Entropy from AEM (ASP 116) : 5.6642
Residue Topographical Entropy from AEM (THR 117) : 2.3094
Residue Topographical Entropy from AEM (PHE 118) : 29.2902
Residue Topographical Entropy from AEM (THR 119) : 0.8140
Residue Topographical Entropy from AEM (LYS 120) : 14.1650
Residue Topographical Entropy from AEM (VAL 121) : 5.2179
Residue Topographical Entropy from AEM (LYS 122) : 23.6396
Residue Topographical Entropy from AEM (PRO 123) : 7.4233
Residue Topographical Entropy from AEM (SER 124) : 2.4787
Residue Topographical Entropy from AEM (ALA 125) : -0.0000
Residue Topographical Entropy from AEM (ALA 126) : -0.0000
Residue Topographical Entropy from AEM (CSER 127) : 4.9101
____________________________________________________________
Total Topog. Entropy (AEM)               :         986.509
------------------------------------------------------------
____________________________________________________________
Total Entropy                            :         986.509
------------------------------------------------------------
