------------------------------------------------------------
Topographical entropy of residue side chains 
computed using all the dihedrals with correlation/pLogp formalism
------------------------------------------------------------
Side Chain Topographical Entropy from corr. pLogP method (NALA 1) : -0.0000
Side Chain Topographical Entropy from corr. pLogP method (GLU 2) : 22.5786
Side Chain Topographical Entropy from corr. pLogP method (ALA 3) : -0.0000
Side Chain Topographical Entropy from corr. pLogP method (GLY 4) : -0.0000
Side Chain Topographical Entropy from corr. pLogP method (ILE 5) : 3.0533
Side Chain Topographical Entropy from corr. pLogP method (THR 6) : 1.4115
Side Chain Topographical Entropy from corr. pLogP method (GLY 7) : -0.0000
Side Chain Topographical Entropy from corr. pLogP method (THR 8) : 1.7190
Side Chain Topographical Entropy from corr. pLogP method (TRP 9) : 5.4369
Side Chain Topographical Entropy from corr. pLogP method (TYR 10) : 12.9222
Side Chain Topographical Entropy from corr. pLogP method (ALA 11) : -0.0000
Side Chain Topographical Entropy from corr. pLogP method (GLN 12) : 22.0098
Side Chain Topographical Entropy from corr. pLogP method (LEU 13) : 8.3965
Side Chain Topographical Entropy from corr. pLogP method (GLY 14) : -0.0000
Side Chain Topographical Entropy from corr. pLogP method (SER 15) : 5.1275
Side Chain Topographical Entropy from corr. pLogP method (THR 16) : 4.0590
Side Chain Topographical Entropy from corr. pLogP method (PHE 17) : 4.0508
Side Chain Topographical Entropy from corr. pLogP method (ILE 18) : 10.6436
Side Chain Topographical Entropy from corr. pLogP method (VAL 19) : 4.2618
Side Chain Topographical Entropy from corr. pLogP method (THR 20) : 6.2144
Side Chain Topographical Entropy from corr. pLogP method (ALA 21) : -0.0000
Side Chain Topographical Entropy from corr. pLogP method (GLY 22) : -0.0000
Side Chain Topographical Entropy from corr. pLogP method (ALA 23) : -0.0000
Side Chain Topographical Entropy from corr. pLogP method (ASP 24) : 15.9346
Side Chain Topographical Entropy from corr. pLogP method (GLY 25) : -0.0000
Side Chain Topographical Entropy from corr. pLogP method (ALA 26) : -0.0000
Side Chain Topographical Entropy from corr. pLogP method (LEU 27) : 9.9444
Side Chain Topographical Entropy from corr. pLogP method (THR 28) : 8.9439
Side Chain Topographical Entropy from corr. pLogP method (GLY 29) : -0.0000
Side Chain Topographical Entropy from corr. pLogP method (THR 30) : 8.8146
Side Chain Topographical Entropy from corr. pLogP method (TYR 31) : 9.8400
Side Chain Topographical Entropy from corr. pLogP method (GLU 32) : 17.9237
Side Chain Topographical Entropy from corr. pLogP method (SER 33) : 7.8471
Side Chain Topographical Entropy from corr. pLogP method (ALA 34) : -0.0000
Side Chain Topographical Entropy from corr. pLogP method (VAL 35) : 8.9252
Side Chain Topographical Entropy from corr. pLogP method (GLY 36) : -0.0000
Side Chain Topographical Entropy from corr. pLogP method (ASN 37) : 15.5511
Side Chain Topographical Entropy from corr. pLogP method (ALA 38) : -0.0000
Side Chain Topographical Entropy from corr. pLogP method (GLU 39) : 21.0541
Side Chain Topographical Entropy from corr. pLogP method (SER 40) : 5.4492
Side Chain Topographical Entropy from corr. pLogP method (ARG 41) : 16.1095
Side Chain Topographical Entropy from corr. pLogP method (TYR 42) : 4.3044
Side Chain Topographical Entropy from corr. pLogP method (VAL 43) : 2.1897
Side Chain Topographical Entropy from corr. pLogP method (LEU 44) : 3.5701
Side Chain Topographical Entropy from corr. pLogP method (THR 45) : 3.8670
Side Chain Topographical Entropy from corr. pLogP method (GLY 46) : -0.0000
Side Chain Topographical Entropy from corr. pLogP method (ARG 47) : 6.8633
Side Chain Topographical Entropy from corr. pLogP method (TYR 48) : 9.1988
Side Chain Topographical Entropy from corr. pLogP method (ASP 49) : 10.4779
Side Chain Topographical Entropy from corr. pLogP method (SER 50) : 5.5769
Side Chain Topographical Entropy from corr. pLogP method (ALA 51) : -0.0000
Side Chain Topographical Entropy from corr. pLogP method (PRO 52) : 15.9396
Side Chain Topographical Entropy from corr. pLogP method (ALA 53) : -0.0000
Side Chain Topographical Entropy from corr. pLogP method (THR 54) : 8.8429
Side Chain Topographical Entropy from corr. pLogP method (ASP 55) : 15.4247
Side Chain Topographical Entropy from corr. pLogP method (GLY 56) : -0.0000
Side Chain Topographical Entropy from corr. pLogP method (SER 57) : 8.0718
Side Chain Topographical Entropy from corr. pLogP method (GLY 58) : -0.0000
Side Chain Topographical Entropy from corr. pLogP method (THR 59) : 2.2263
Side Chain Topographical Entropy from corr. pLogP method (ALA 60) : -0.0000
Side Chain Topographical Entropy from corr. pLogP method (LEU 61) : 5.2942
Side Chain Topographical Entropy from corr. pLogP method (GLY 62) : -0.0000
Side Chain Topographical Entropy from corr. pLogP method (TRP 63) : 2.2339
Side Chain Topographical Entropy from corr. pLogP method (THR 64) : 0.3147
Side Chain Topographical Entropy from corr. pLogP method (VAL 65) : 0.6836
Side Chain Topographical Entropy from corr. pLogP method (ALA 66) : -0.0000
Side Chain Topographical Entropy from corr. pLogP method (TRP 67) : 4.7713
Side Chain Topographical Entropy from corr. pLogP method (LYS 68) : 16.0616
Side Chain Topographical Entropy from corr. pLogP method (ASN 69) : 8.3035
Side Chain Topographical Entropy from corr. pLogP method (ASN 70) : 15.0437
Side Chain Topographical Entropy from corr. pLogP method (TYR 71) : 14.4392
Side Chain Topographical Entropy from corr. pLogP method (ARG 72) : 18.2157
Side Chain Topographical Entropy from corr. pLogP method (ASN 73) : 9.0961
Side Chain Topographical Entropy from corr. pLogP method (ALA 74) : -0.0000
Side Chain Topographical Entropy from corr. pLogP method (HID 75) : 9.2868
Side Chain Topographical Entropy from corr. pLogP method (SER 76) : 2.0367
Side Chain Topographical Entropy from corr. pLogP method (ALA 77) : -0.0000
Side Chain Topographical Entropy from corr. pLogP method (THR 78) : 0.5180
Side Chain Topographical Entropy from corr. pLogP method (THR 79) : 0.3208
Side Chain Topographical Entropy from corr. pLogP method (TRP 80) : 4.0720
Side Chain Topographical Entropy from corr. pLogP method (SER 81) : 0.4607
Side Chain Topographical Entropy from corr. pLogP method (GLY 82) : -0.0000
Side Chain Topographical Entropy from corr. pLogP method (GLN 83) : 10.2702
Side Chain Topographical Entropy from corr. pLogP method (TYR 84) : 11.7905
Side Chain Topographical Entropy from corr. pLogP method (VAL 85) : 2.5281
Side Chain Topographical Entropy from corr. pLogP method (GLY 86) : -0.0000
Side Chain Topographical Entropy from corr. pLogP method (GLY 87) : -0.0000
Side Chain Topographical Entropy from corr. pLogP method (ALA 88) : -0.0000
Side Chain Topographical Entropy from corr. pLogP method (GLU 89) : 21.4962
Side Chain Topographical Entropy from corr. pLogP method (ALA 90) : -0.0000
Side Chain Topographical Entropy from corr. pLogP method (ARG 91) : 13.4311
Side Chain Topographical Entropy from corr. pLogP method (ILE 92) : 2.1741
Side Chain Topographical Entropy from corr. pLogP method (ASN 93) : 7.3558
Side Chain Topographical Entropy from corr. pLogP method (THR 94) : 5.6216
Side Chain Topographical Entropy from corr. pLogP method (GLN 95) : 3.5551
Side Chain Topographical Entropy from corr. pLogP method (TRP 96) : 3.9857
Side Chain Topographical Entropy from corr. pLogP method (LEU 97) : 3.4465
Side Chain Topographical Entropy from corr. pLogP method (LEU 98) : 2.8172
Side Chain Topographical Entropy from corr. pLogP method (THR 99) : 1.6799
Side Chain Topographical Entropy from corr. pLogP method (SER 100) : 8.7189
Side Chain Topographical Entropy from corr. pLogP method (GLY 101) : -0.0000
Side Chain Topographical Entropy from corr. pLogP method (THR 102) : 3.3102
Side Chain Topographical Entropy from corr. pLogP method (THR 103) : 1.3105
Side Chain Topographical Entropy from corr. pLogP method (GLU 104) : 20.3781
Side Chain Topographical Entropy from corr. pLogP method (ALA 105) : -0.0000
Side Chain Topographical Entropy from corr. pLogP method (ASN 106) : 5.7748
Side Chain Topographical Entropy from corr. pLogP method (ALA 107) : -0.0000
Side Chain Topographical Entropy from corr. pLogP method (TRP 108) : 10.1231
Side Chain Topographical Entropy from corr. pLogP method (LYS 109) : 20.6165
Side Chain Topographical Entropy from corr. pLogP method (SER 110) : 2.0362
Side Chain Topographical Entropy from corr. pLogP method (THR 111) : 0.3359
Side Chain Topographical Entropy from corr. pLogP method (LEU 112) : 3.6723
Side Chain Topographical Entropy from corr. pLogP method (VAL 113) : 1.1867
Side Chain Topographical Entropy from corr. pLogP method (GLY 114) : -0.0000
Side Chain Topographical Entropy from corr. pLogP method (HID 115) : 11.3973
Side Chain Topographical Entropy from corr. pLogP method (ASP 116) : 9.9293
Side Chain Topographical Entropy from corr. pLogP method (THR 117) : 7.1008
Side Chain Topographical Entropy from corr. pLogP method (PHE 118) : 3.9299
Side Chain Topographical Entropy from corr. pLogP method (THR 119) : 3.5364
Side Chain Topographical Entropy from corr. pLogP method (LYS 120) : 16.8546
Side Chain Topographical Entropy from corr. pLogP method (VAL 121) : 5.6465
Side Chain Topographical Entropy from corr. pLogP method (LYS 122) : 21.4785
Side Chain Topographical Entropy from corr. pLogP method (PRO 123) : 18.8535
Side Chain Topographical Entropy from corr. pLogP method (SER 124) : 8.2830
Side Chain Topographical Entropy from corr. pLogP method (ALA 125) : -0.0000
Side Chain Topographical Entropy from corr. pLogP method (ALA 126) : -0.0000
Side Chain Topographical Entropy from corr. pLogP method (CSER 127) : 4.8990
____________________________________________________________
Total SC Topog. Entropy (corr. pLogP)    :         745.452
------------------------------------------------------------
____________________________________________________________
Total BB Topog. Entropy (corr. pLogP)    :          52.264
------------------------------------------------------------
____________________________________________________________
Total Entropy                            :         797.717
------------------------------------------------------------
