------------------------------------------------------------
Topographical entropy of residue side chains 
computed using all the dihedrals with correlation/pLogp formalism
------------------------------------------------------------
Side Chain Topographical Entropy from corr. pLogP method (NALA 1) : -0.0000
Side Chain Topographical Entropy from corr. pLogP method (GLU 2) : 20.4646
Side Chain Topographical Entropy from corr. pLogP method (ALA 3) : -0.0000
Side Chain Topographical Entropy from corr. pLogP method (GLY 4) : -0.0000
Side Chain Topographical Entropy from corr. pLogP method (ILE 5) : 2.8712
Side Chain Topographical Entropy from corr. pLogP method (THR 6) : 2.7926
Side Chain Topographical Entropy from corr. pLogP method (GLY 7) : -0.0000
Side Chain Topographical Entropy from corr. pLogP method (THR 8) : 0.9771
Side Chain Topographical Entropy from corr. pLogP method (TRP 9) : -0.0000
Side Chain Topographical Entropy from corr. pLogP method (TYR 10) : 6.4962
Side Chain Topographical Entropy from corr. pLogP method (ALA 11) : -0.0000
Side Chain Topographical Entropy from corr. pLogP method (GLN 12) : 20.3833
Side Chain Topographical Entropy from corr. pLogP method (LEU 13) : 7.7463
Side Chain Topographical Entropy from corr. pLogP method (GLY 14) : -0.0000
Side Chain Topographical Entropy from corr. pLogP method (SER 15) : 6.5880
Side Chain Topographical Entropy from corr. pLogP method (THR 16) : 5.9829
Side Chain Topographical Entropy from corr. pLogP method (PHE 17) : 0.2395
Side Chain Topographical Entropy from corr. pLogP method (ILE 18) : 9.7528
Side Chain Topographical Entropy from corr. pLogP method (VAL 19) : 1.5763
Side Chain Topographical Entropy from corr. pLogP method (THR 20) : 8.2136
Side Chain Topographical Entropy from corr. pLogP method (ALA 21) : -0.0000
Side Chain Topographical Entropy from corr. pLogP method (GLY 22) : -0.0000
Side Chain Topographical Entropy from corr. pLogP method (ALA 23) : -0.0000
Side Chain Topographical Entropy from corr. pLogP method (ASP 24) : 14.8812
Side Chain Topographical Entropy from corr. pLogP method (GLY 25) : -0.0000
Side Chain Topographical Entropy from corr. pLogP method (ALA 26) : -0.0000
Side Chain Topographical Entropy from corr. pLogP method (LEU 27) : 6.0073
Side Chain Topographical Entropy from corr. pLogP method (THR 28) : 8.4608
Side Chain Topographical Entropy from corr. pLogP method (GLY 29) : -0.0000
Side Chain Topographical Entropy from corr. pLogP method (THR 30) : 3.3202
Side Chain Topographical Entropy from corr. pLogP method (TYR 31) : 8.8947
Side Chain Topographical Entropy from corr. pLogP method (GLU 32) : 11.3452
Side Chain Topographical Entropy from corr. pLogP method (SER 33) : 1.3459
Side Chain Topographical Entropy from corr. pLogP method (ALA 34) : -0.0000
Side Chain Topographical Entropy from corr. pLogP method (VAL 35) : 7.7255
Side Chain Topographical Entropy from corr. pLogP method (GLY 36) : -0.0000
Side Chain Topographical Entropy from corr. pLogP method (ASN 37) : 15.7021
Side Chain Topographical Entropy from corr. pLogP method (ALA 38) : -0.0000
Side Chain Topographical Entropy from corr. pLogP method (GLU 39) : 18.5709
Side Chain Topographical Entropy from corr. pLogP method (SER 40) : 2.4882
Side Chain Topographical Entropy from corr. pLogP method (ARG 41) : 6.7866
Side Chain Topographical Entropy from corr. pLogP method (TYR 42) : -0.0000
Side Chain Topographical Entropy from corr. pLogP method (VAL 43) : -0.0000
Side Chain Topographical Entropy from corr. pLogP method (LEU 44) : 3.4236
Side Chain Topographical Entropy from corr. pLogP method (THR 45) : 1.0913
Side Chain Topographical Entropy from corr. pLogP method (GLY 46) : -0.0000
Side Chain Topographical Entropy from corr. pLogP method (ARG 47) : 0.7754
Side Chain Topographical Entropy from corr. pLogP method (TYR 48) : 2.9288
Side Chain Topographical Entropy from corr. pLogP method (ASP 49) : 4.6892
Side Chain Topographical Entropy from corr. pLogP method (SER 50) : 1.8636
Side Chain Topographical Entropy from corr. pLogP method (ALA 51) : -0.0000
Side Chain Topographical Entropy from corr. pLogP method (PRO 52) : 13.6823
Side Chain Topographical Entropy from corr. pLogP method (ALA 53) : -0.0000
Side Chain Topographical Entropy from corr. pLogP method (THR 54) : 8.9319
Side Chain Topographical Entropy from corr. pLogP method (ASP 55) : 15.9708
Side Chain Topographical Entropy from corr. pLogP method (GLY 56) : -0.0000
Side Chain Topographical Entropy from corr. pLogP method (SER 57) : 8.0580
Side Chain Topographical Entropy from corr. pLogP method (GLY 58) : -0.0000
Side Chain Topographical Entropy from corr. pLogP method (THR 59) : 0.0358
Side Chain Topographical Entropy from corr. pLogP method (ALA 60) : -0.0000
Side Chain Topographical Entropy from corr. pLogP method (LEU 61) : 4.3894
Side Chain Topographical Entropy from corr. pLogP method (GLY 62) : -0.0000
Side Chain Topographical Entropy from corr. pLogP method (TRP 63) : -0.0000
Side Chain Topographical Entropy from corr. pLogP method (THR 64) : -0.0000
Side Chain Topographical Entropy from corr. pLogP method (VAL 65) : -0.0000
Side Chain Topographical Entropy from corr. pLogP method (ALA 66) : -0.0000
Side Chain Topographical Entropy from corr. pLogP method (TRP 67) : -0.0000
Side Chain Topographical Entropy from corr. pLogP method (LYS 68) : 14.0422
Side Chain Topographical Entropy from corr. pLogP method (ASN 69) : 8.3862
Side Chain Topographical Entropy from corr. pLogP method (ASN 70) : 15.0651
Side Chain Topographical Entropy from corr. pLogP method (TYR 71) : 11.8457
Side Chain Topographical Entropy from corr. pLogP method (ARG 72) : 15.1799
Side Chain Topographical Entropy from corr. pLogP method (ASN 73) : 7.4078
Side Chain Topographical Entropy from corr. pLogP method (ALA 74) : -0.0000
Side Chain Topographical Entropy from corr. pLogP method (HID 75) : 9.5354
Side Chain Topographical Entropy from corr. pLogP method (SER 76) : 0.0657
Side Chain Topographical Entropy from corr. pLogP method (ALA 77) : -0.0000
Side Chain Topographical Entropy from corr. pLogP method (THR 78) : -0.0000
Side Chain Topographical Entropy from corr. pLogP method (THR 79) : -0.0000
Side Chain Topographical Entropy from corr. pLogP method (TRP 80) : 0.9104
Side Chain Topographical Entropy from corr. pLogP method (SER 81) : -0.0000
Side Chain Topographical Entropy from corr. pLogP method (GLY 82) : -0.0000
Side Chain Topographical Entropy from corr. pLogP method (GLN 83) : 9.1712
Side Chain Topographical Entropy from corr. pLogP method (TYR 84) : -0.0000
Side Chain Topographical Entropy from corr. pLogP method (VAL 85) : 1.5017
Side Chain Topographical Entropy from corr. pLogP method (GLY 86) : -0.0000
Side Chain Topographical Entropy from corr. pLogP method (GLY 87) : -0.0000
Side Chain Topographical Entropy from corr. pLogP method (ALA 88) : -0.0000
Side Chain Topographical Entropy from corr. pLogP method (GLU 89) : 19.8793
Side Chain Topographical Entropy from corr. pLogP method (ALA 90) : -0.0000
Side Chain Topographical Entropy from corr. pLogP method (ARG 91) : 9.2166
Side Chain Topographical Entropy from corr. pLogP method (ILE 92) : 0.8451
Side Chain Topographical Entropy from corr. pLogP method (ASN 93) : 4.3174
Side Chain Topographical Entropy from corr. pLogP method (THR 94) : -0.0000
Side Chain Topographical Entropy from corr. pLogP method (GLN 95) : 3.9356
Side Chain Topographical Entropy from corr. pLogP method (TRP 96) : 1.6749
Side Chain Topographical Entropy from corr. pLogP method (LEU 97) : 2.7562
Side Chain Topographical Entropy from corr. pLogP method (LEU 98) : 2.3988
Side Chain Topographical Entropy from corr. pLogP method (THR 99) : -0.0000
Side Chain Topographical Entropy from corr. pLogP method (SER 100) : 6.5201
Side Chain Topographical Entropy from corr. pLogP method (GLY 101) : -0.0000
Side Chain Topographical Entropy from corr. pLogP method (THR 102) : 0.0358
Side Chain Topographical Entropy from corr. pLogP method (THR 103) : 0.0358
Side Chain Topographical Entropy from corr. pLogP method (GLU 104) : 21.5317
Side Chain Topographical Entropy from corr. pLogP method (ALA 105) : -0.0000
Side Chain Topographical Entropy from corr. pLogP method (ASN 106) : 4.7975
Side Chain Topographical Entropy from corr. pLogP method (ALA 107) : -0.0000
Side Chain Topographical Entropy from corr. pLogP method (TRP 108) : 5.6467
Side Chain Topographical Entropy from corr. pLogP method (LYS 109) : 18.6695
Side Chain Topographical Entropy from corr. pLogP method (SER 110) : 1.2198
Side Chain Topographical Entropy from corr. pLogP method (THR 111) : -0.0000
Side Chain Topographical Entropy from corr. pLogP method (LEU 112) : 2.3567
Side Chain Topographical Entropy from corr. pLogP method (VAL 113) : 0.7409
Side Chain Topographical Entropy from corr. pLogP method (GLY 114) : -0.0000
Side Chain Topographical Entropy from corr. pLogP method (HID 115) : 9.0958
Side Chain Topographical Entropy from corr. pLogP method (ASP 116) : 7.6744
Side Chain Topographical Entropy from corr. pLogP method (THR 117) : -0.0000
Side Chain Topographical Entropy from corr. pLogP method (PHE 118) : -0.0000
Side Chain Topographical Entropy from corr. pLogP method (THR 119) : 5.3584
Side Chain Topographical Entropy from corr. pLogP method (LYS 120) : 15.6722
Side Chain Topographical Entropy from corr. pLogP method (VAL 121) : 5.8764
Side Chain Topographical Entropy from corr. pLogP method (LYS 122) : 20.5706
Side Chain Topographical Entropy from corr. pLogP method (PRO 123) : 15.9522
Side Chain Topographical Entropy from corr. pLogP method (SER 124) : 7.9496
Side Chain Topographical Entropy from corr. pLogP method (ALA 125) : -0.0000
Side Chain Topographical Entropy from corr. pLogP method (ALA 126) : -0.0000
Side Chain Topographical Entropy from corr. pLogP method (CSER 127) : 4.7957
____________________________________________________________
Total SC Topog. Entropy (corr. pLogP)    :         558.088
------------------------------------------------------------
____________________________________________________________
Total BB Topog. Entropy (corr. pLogP)    :          25.293
------------------------------------------------------------
____________________________________________________________
Total Entropy                            :         583.381
------------------------------------------------------------
