------------------------------------------------------------
Topographical entropy of residue side chains 
computed using all the dihedrals with correlation/pLogp formalism
------------------------------------------------------------
Side Chain Topographical Entropy from corr. pLogP method (NALA 1) : -0.0000
Side Chain Topographical Entropy from corr. pLogP method (GLU 2) : 22.9758
Side Chain Topographical Entropy from corr. pLogP method (ALA 3) : -0.0000
Side Chain Topographical Entropy from corr. pLogP method (GLY 4) : -0.0000
Side Chain Topographical Entropy from corr. pLogP method (ILE 5) : 3.5401
Side Chain Topographical Entropy from corr. pLogP method (THR 6) : 1.8170
Side Chain Topographical Entropy from corr. pLogP method (GLY 7) : -0.0000
Side Chain Topographical Entropy from corr. pLogP method (THR 8) : 2.8154
Side Chain Topographical Entropy from corr. pLogP method (TRP 9) : 8.2891
Side Chain Topographical Entropy from corr. pLogP method (TYR 10) : 13.9417
Side Chain Topographical Entropy from corr. pLogP method (ALA 11) : -0.0000
Side Chain Topographical Entropy from corr. pLogP method (GLN 12) : 22.0395
Side Chain Topographical Entropy from corr. pLogP method (LEU 13) : 8.8106
Side Chain Topographical Entropy from corr. pLogP method (GLY 14) : -0.0000
Side Chain Topographical Entropy from corr. pLogP method (SER 15) : 5.3536
Side Chain Topographical Entropy from corr. pLogP method (THR 16) : 4.4574
Side Chain Topographical Entropy from corr. pLogP method (PHE 17) : 6.2078
Side Chain Topographical Entropy from corr. pLogP method (ILE 18) : 10.7202
Side Chain Topographical Entropy from corr. pLogP method (VAL 19) : 4.6102
Side Chain Topographical Entropy from corr. pLogP method (THR 20) : 6.6729
Side Chain Topographical Entropy from corr. pLogP method (ALA 21) : -0.0000
Side Chain Topographical Entropy from corr. pLogP method (GLY 22) : -0.0000
Side Chain Topographical Entropy from corr. pLogP method (ALA 23) : -0.0000
Side Chain Topographical Entropy from corr. pLogP method (ASP 24) : 15.4081
Side Chain Topographical Entropy from corr. pLogP method (GLY 25) : -0.0000
Side Chain Topographical Entropy from corr. pLogP method (ALA 26) : -0.0000
Side Chain Topographical Entropy from corr. pLogP method (LEU 27) : 10.5800
Side Chain Topographical Entropy from corr. pLogP method (THR 28) : 8.9378
Side Chain Topographical Entropy from corr. pLogP method (GLY 29) : -0.0000
Side Chain Topographical Entropy from corr. pLogP method (THR 30) : 8.4618
Side Chain Topographical Entropy from corr. pLogP method (TYR 31) : 11.5868
Side Chain Topographical Entropy from corr. pLogP method (GLU 32) : 18.6540
Side Chain Topographical Entropy from corr. pLogP method (SER 33) : 8.2338
Side Chain Topographical Entropy from corr. pLogP method (ALA 34) : -0.0000
Side Chain Topographical Entropy from corr. pLogP method (VAL 35) : 8.7358
Side Chain Topographical Entropy from corr. pLogP method (GLY 36) : -0.0000
Side Chain Topographical Entropy from corr. pLogP method (ASN 37) : 15.7161
Side Chain Topographical Entropy from corr. pLogP method (ALA 38) : -0.0000
Side Chain Topographical Entropy from corr. pLogP method (GLU 39) : 21.3821
Side Chain Topographical Entropy from corr. pLogP method (SER 40) : 5.5258
Side Chain Topographical Entropy from corr. pLogP method (ARG 41) : 15.6106
Side Chain Topographical Entropy from corr. pLogP method (TYR 42) : 6.0393
Side Chain Topographical Entropy from corr. pLogP method (VAL 43) : 1.7714
Side Chain Topographical Entropy from corr. pLogP method (LEU 44) : 4.0744
Side Chain Topographical Entropy from corr. pLogP method (THR 45) : 4.7380
Side Chain Topographical Entropy from corr. pLogP method (GLY 46) : -0.0000
Side Chain Topographical Entropy from corr. pLogP method (ARG 47) : 9.9340
Side Chain Topographical Entropy from corr. pLogP method (TYR 48) : 9.7685
Side Chain Topographical Entropy from corr. pLogP method (ASP 49) : 10.5660
Side Chain Topographical Entropy from corr. pLogP method (SER 50) : 6.1459
Side Chain Topographical Entropy from corr. pLogP method (ALA 51) : -0.0000
Side Chain Topographical Entropy from corr. pLogP method (PRO 52) : 16.0615
Side Chain Topographical Entropy from corr. pLogP method (ALA 53) : -0.0000
Side Chain Topographical Entropy from corr. pLogP method (THR 54) : 8.9803
Side Chain Topographical Entropy from corr. pLogP method (ASP 55) : 15.4661
Side Chain Topographical Entropy from corr. pLogP method (GLY 56) : -0.0000
Side Chain Topographical Entropy from corr. pLogP method (SER 57) : 7.9765
Side Chain Topographical Entropy from corr. pLogP method (GLY 58) : -0.0000
Side Chain Topographical Entropy from corr. pLogP method (THR 59) : 2.0363
Side Chain Topographical Entropy from corr. pLogP method (ALA 60) : -0.0000
Side Chain Topographical Entropy from corr. pLogP method (LEU 61) : 5.6063
Side Chain Topographical Entropy from corr. pLogP method (GLY 62) : -0.0000
Side Chain Topographical Entropy from corr. pLogP method (TRP 63) : 5.7684
Side Chain Topographical Entropy from corr. pLogP method (THR 64) : 0.9228
Side Chain Topographical Entropy from corr. pLogP method (VAL 65) : 0.8358
Side Chain Topographical Entropy from corr. pLogP method (ALA 66) : -0.0000
Side Chain Topographical Entropy from corr. pLogP method (TRP 67) : 6.6664
Side Chain Topographical Entropy from corr. pLogP method (LYS 68) : 17.5412
Side Chain Topographical Entropy from corr. pLogP method (ASN 69) : 8.5267
Side Chain Topographical Entropy from corr. pLogP method (ASN 70) : 15.0510
Side Chain Topographical Entropy from corr. pLogP method (TYR 71) : 14.1758
Side Chain Topographical Entropy from corr. pLogP method (ARG 72) : 18.1545
Side Chain Topographical Entropy from corr. pLogP method (ASN 73) : 9.4515
Side Chain Topographical Entropy from corr. pLogP method (ALA 74) : -0.0000
Side Chain Topographical Entropy from corr. pLogP method (HID 75) : 8.4294
Side Chain Topographical Entropy from corr. pLogP method (SER 76) : 2.3995
Side Chain Topographical Entropy from corr. pLogP method (ALA 77) : -0.0000
Side Chain Topographical Entropy from corr. pLogP method (THR 78) : 1.2237
Side Chain Topographical Entropy from corr. pLogP method (THR 79) : 0.8476
Side Chain Topographical Entropy from corr. pLogP method (TRP 80) : 7.5461
Side Chain Topographical Entropy from corr. pLogP method (SER 81) : 1.0487
Side Chain Topographical Entropy from corr. pLogP method (GLY 82) : -0.0000
Side Chain Topographical Entropy from corr. pLogP method (GLN 83) : 12.2691
Side Chain Topographical Entropy from corr. pLogP method (TYR 84) : 13.3020
Side Chain Topographical Entropy from corr. pLogP method (VAL 85) : 3.5207
Side Chain Topographical Entropy from corr. pLogP method (GLY 86) : -0.0000
Side Chain Topographical Entropy from corr. pLogP method (GLY 87) : -0.0000
Side Chain Topographical Entropy from corr. pLogP method (ALA 88) : -0.0000
Side Chain Topographical Entropy from corr. pLogP method (GLU 89) : 21.9114
Side Chain Topographical Entropy from corr. pLogP method (ALA 90) : -0.0000
Side Chain Topographical Entropy from corr. pLogP method (ARG 91) : 14.7245
Side Chain Topographical Entropy from corr. pLogP method (ILE 92) : 2.9598
Side Chain Topographical Entropy from corr. pLogP method (ASN 93) : 9.1324
Side Chain Topographical Entropy from corr. pLogP method (THR 94) : 6.2247
Side Chain Topographical Entropy from corr. pLogP method (GLN 95) : 5.4864
Side Chain Topographical Entropy from corr. pLogP method (TRP 96) : 8.2211
Side Chain Topographical Entropy from corr. pLogP method (LEU 97) : 4.0258
Side Chain Topographical Entropy from corr. pLogP method (LEU 98) : 4.2829
Side Chain Topographical Entropy from corr. pLogP method (THR 99) : 2.5202
Side Chain Topographical Entropy from corr. pLogP method (SER 100) : 8.7019
Side Chain Topographical Entropy from corr. pLogP method (GLY 101) : -0.0000
Side Chain Topographical Entropy from corr. pLogP method (THR 102) : 4.4303
Side Chain Topographical Entropy from corr. pLogP method (THR 103) : 1.1892
Side Chain Topographical Entropy from corr. pLogP method (GLU 104) : 21.0458
Side Chain Topographical Entropy from corr. pLogP method (ALA 105) : -0.0000
Side Chain Topographical Entropy from corr. pLogP method (ASN 106) : 6.9396
Side Chain Topographical Entropy from corr. pLogP method (ALA 107) : -0.0000
Side Chain Topographical Entropy from corr. pLogP method (TRP 108) : 13.7707
Side Chain Topographical Entropy from corr. pLogP method (LYS 109) : 21.3435
Side Chain Topographical Entropy from corr. pLogP method (SER 110) : 3.2346
Side Chain Topographical Entropy from corr. pLogP method (THR 111) : 1.5860
Side Chain Topographical Entropy from corr. pLogP method (LEU 112) : 5.5266
Side Chain Topographical Entropy from corr. pLogP method (VAL 113) : 1.8893
Side Chain Topographical Entropy from corr. pLogP method (GLY 114) : -0.0000
Side Chain Topographical Entropy from corr. pLogP method (HID 115) : 14.5151
Side Chain Topographical Entropy from corr. pLogP method (ASP 116) : 10.7178
Side Chain Topographical Entropy from corr. pLogP method (THR 117) : 7.3940
Side Chain Topographical Entropy from corr. pLogP method (PHE 118) : 7.1090
Side Chain Topographical Entropy from corr. pLogP method (THR 119) : 4.9682
Side Chain Topographical Entropy from corr. pLogP method (LYS 120) : 17.9684
Side Chain Topographical Entropy from corr. pLogP method (VAL 121) : 5.6353
Side Chain Topographical Entropy from corr. pLogP method (LYS 122) : 21.6033
Side Chain Topographical Entropy from corr. pLogP method (PRO 123) : 18.9957
Side Chain Topographical Entropy from corr. pLogP method (SER 124) : 8.5448
Side Chain Topographical Entropy from corr. pLogP method (ALA 125) : -0.0000
Side Chain Topographical Entropy from corr. pLogP method (ALA 126) : -0.0000
Side Chain Topographical Entropy from corr. pLogP method (CSER 127) : 4.9994
____________________________________________________________
Total SC Topog. Entropy (corr. pLogP)    :         819.527
------------------------------------------------------------
____________________________________________________________
Total BB Topog. Entropy (corr. pLogP)    :          59.058
------------------------------------------------------------
____________________________________________________________
Total Entropy                            :         878.585
------------------------------------------------------------
