------------------------------------------------------------
Topographical entropy of residue side chains 
computed using all the dihedrals with AEM method
------------------------------------------------------------
Residue Topographical Entropy from AEM (NALA 1) : 1.5029
Residue Topographical Entropy from AEM (GLU 2) : 22.5761
Residue Topographical Entropy from AEM (ALA 3) : -0.0000
Residue Topographical Entropy from AEM (GLY 4) : -0.0000
Residue Topographical Entropy from AEM (ILE 5) : 2.2684
Residue Topographical Entropy from AEM (THR 6) : 0.6010
Residue Topographical Entropy from AEM (GLY 7) : -0.0000
Residue Topographical Entropy from AEM (THR 8) : 1.9451
Residue Topographical Entropy from AEM (TRP 9) : 39.9846
Residue Topographical Entropy from AEM (TYR 10) : 25.9557
Residue Topographical Entropy from AEM (ALA 11) : -0.0000
Residue Topographical Entropy from AEM (GLN 12) : 15.9637
Residue Topographical Entropy from AEM (LEU 13) : 7.8333
Residue Topographical Entropy from AEM (GLY 14) : -0.0000
Residue Topographical Entropy from AEM (SER 15) : 6.1071
Residue Topographical Entropy from AEM (THR 16) : 4.1301
Residue Topographical Entropy from AEM (PHE 17) : 25.4286
Residue Topographical Entropy from AEM (ILE 18) : 8.5909
Residue Topographical Entropy from AEM (VAL 19) : 1.5820
Residue Topographical Entropy from AEM (THR 20) : 6.5573
Residue Topographical Entropy from AEM (ALA 21) : -0.0000
Residue Topographical Entropy from AEM (GLY 22) : -0.0000
Residue Topographical Entropy from AEM (ALA 23) : -0.0000
Residue Topographical Entropy from AEM (ASP 24) : 12.4864
Residue Topographical Entropy from AEM (GLY 25) : -0.0000
Residue Topographical Entropy from AEM (ALA 26) : -0.0000
Residue Topographical Entropy from AEM (LEU 27) : 8.4979
Residue Topographical Entropy from AEM (THR 28) : 8.3326
Residue Topographical Entropy from AEM (GLY 29) : -0.0000
Residue Topographical Entropy from AEM (THR 30) : 8.3892
Residue Topographical Entropy from AEM (TYR 31) : 30.5221
Residue Topographical Entropy from AEM (GLU 32) : 20.6073
Residue Topographical Entropy from AEM (SER 33) : 4.2493
Residue Topographical Entropy from AEM (ALA 34) : -0.0000
Residue Topographical Entropy from AEM (VAL 35) : 8.9664
Residue Topographical Entropy from AEM (GLY 36) : -0.0000
Residue Topographical Entropy from AEM (ASN 37) : 8.9870
Residue Topographical Entropy from AEM (ALA 38) : -0.0000
Residue Topographical Entropy from AEM (GLU 39) : 23.2632
Residue Topographical Entropy from AEM (SER 40) : 9.0669
Residue Topographical Entropy from AEM (ARG 41) : 15.8970
Residue Topographical Entropy from AEM (TYR 42) : 36.0261
Residue Topographical Entropy from AEM (VAL 43) : 3.7743
Residue Topographical Entropy from AEM (LEU 44) : 5.8023
Residue Topographical Entropy from AEM (THR 45) : 3.8955
Residue Topographical Entropy from AEM (GLY 46) : -0.0000
Residue Topographical Entropy from AEM (ARG 47) : 1.0806
Residue Topographical Entropy from AEM (TYR 48) : 27.2817
Residue Topographical Entropy from AEM (ASP 49) : 1.2037
Residue Topographical Entropy from AEM (SER 50) : 3.7863
Residue Topographical Entropy from AEM (ALA 51) : -0.0000
Residue Topographical Entropy from AEM (PRO 52) : 6.7983
Residue Topographical Entropy from AEM (ALA 53) : -0.0000
Residue Topographical Entropy from AEM (THR 54) : 7.0835
Residue Topographical Entropy from AEM (ASP 55) : 5.8831
Residue Topographical Entropy from AEM (GLY 56) : -0.0000
Residue Topographical Entropy from AEM (SER 57) : 3.3314
Residue Topographical Entropy from AEM (GLY 58) : -0.0000
Residue Topographical Entropy from AEM (THR 59) : 1.1386
Residue Topographical Entropy from AEM (ALA 60) : -0.0000
Residue Topographical Entropy from AEM (LEU 61) : 7.2180
Residue Topographical Entropy from AEM (GLY 62) : -0.0000
Residue Topographical Entropy from AEM (TRP 63) : 42.4303
Residue Topographical Entropy from AEM (THR 64) : 0.8052
Residue Topographical Entropy from AEM (VAL 65) : 1.6584
Residue Topographical Entropy from AEM (ALA 66) : -0.0000
Residue Topographical Entropy from AEM (TRP 67) : 47.0889
Residue Topographical Entropy from AEM (LYS 68) : 22.4327
Residue Topographical Entropy from AEM (ASN 69) : 5.4182
Residue Topographical Entropy from AEM (ASN 70) : 15.2976
Residue Topographical Entropy from AEM (TYR 71) : 36.6566
Residue Topographical Entropy from AEM (ARG 72) : 21.3089
Residue Topographical Entropy from AEM (ASN 73) : 8.0463
Residue Topographical Entropy from AEM (ALA 74) : -0.0000
Residue Topographical Entropy from AEM (HID 75) : 23.2891
Residue Topographical Entropy from AEM (SER 76) : 3.5650
Residue Topographical Entropy from AEM (ALA 77) : -0.0000
Residue Topographical Entropy from AEM (THR 78) : 1.3413
Residue Topographical Entropy from AEM (THR 79) : 1.7569
Residue Topographical Entropy from AEM (TRP 80) : 36.9647
Residue Topographical Entropy from AEM (SER 81) : 1.3778
Residue Topographical Entropy from AEM (GLY 82) : -0.0000
Residue Topographical Entropy from AEM (GLN 83) : 10.2765
Residue Topographical Entropy from AEM (TYR 84) : 25.4357
Residue Topographical Entropy from AEM (VAL 85) : 2.7163
Residue Topographical Entropy from AEM (GLY 86) : -0.0000
Residue Topographical Entropy from AEM (GLY 87) : -0.0000
Residue Topographical Entropy from AEM (ALA 88) : -0.0000
Residue Topographical Entropy from AEM (GLU 89) : 21.9954
Residue Topographical Entropy from AEM (ALA 90) : -0.0000
Residue Topographical Entropy from AEM (ARG 91) : 9.2062
Residue Topographical Entropy from AEM (ILE 92) : 1.8872
Residue Topographical Entropy from AEM (ASN 93) : 7.2170
Residue Topographical Entropy from AEM (THR 94) : 6.0013
Residue Topographical Entropy from AEM (GLN 95) : 2.4160
Residue Topographical Entropy from AEM (TRP 96) : 41.6598
Residue Topographical Entropy from AEM (LEU 97) : 2.6994
Residue Topographical Entropy from AEM (LEU 98) : 3.8330
Residue Topographical Entropy from AEM (THR 99) : 5.1178
Residue Topographical Entropy from AEM (SER 100) : 8.2839
Residue Topographical Entropy from AEM (GLY 101) : -0.0000
Residue Topographical Entropy from AEM (THR 102) : 6.7307
Residue Topographical Entropy from AEM (THR 103) : 5.0921
Residue Topographical Entropy from AEM (GLU 104) : 23.3647
Residue Topographical Entropy from AEM (ALA 105) : -0.0000
Residue Topographical Entropy from AEM (ASN 106) : 8.2652
Residue Topographical Entropy from AEM (ALA 107) : -0.0000
Residue Topographical Entropy from AEM (TRP 108) : 41.2595
Residue Topographical Entropy from AEM (LYS 109) : 16.0344
Residue Topographical Entropy from AEM (SER 110) : 6.1740
Residue Topographical Entropy from AEM (THR 111) : 0.5768
Residue Topographical Entropy from AEM (LEU 112) : 1.7567
Residue Topographical Entropy from AEM (VAL 113) : 0.5642
Residue Topographical Entropy from AEM (GLY 114) : -0.0000
Residue Topographical Entropy from AEM (HID 115) : 18.4053
Residue Topographical Entropy from AEM (ASP 116) : 5.8658
Residue Topographical Entropy from AEM (THR 117) : 1.4651
Residue Topographical Entropy from AEM (PHE 118) : 24.9130
Residue Topographical Entropy from AEM (THR 119) : 5.6453
Residue Topographical Entropy from AEM (LYS 120) : 16.3739
Residue Topographical Entropy from AEM (VAL 121) : 5.7625
Residue Topographical Entropy from AEM (LYS 122) : 19.2208
Residue Topographical Entropy from AEM (PRO 123) : 7.9718
Residue Topographical Entropy from AEM (SER 124) : 8.5279
Residue Topographical Entropy from AEM (ALA 125) : -0.0000
Residue Topographical Entropy from AEM (ALA 126) : -0.0000
Residue Topographical Entropy from AEM (CSER 127) : 11.2730
____________________________________________________________
Total Topog. Entropy (AEM)               :        1098.022
------------------------------------------------------------
____________________________________________________________
Total Entropy                            :        1098.022
------------------------------------------------------------
