------------------------------------------------------------
            Hierarchy level. --> United Atom <--            
------------------------------------------------------------
      RESNAME   RESID  FF_ENTROPY  TT_ENTROPY
UATOM NALA          1       9.036      38.307
UATOM GLU           2      21.281      20.869
UATOM ALA           3       5.193      24.462
UATOM GLY           4       2.157      11.602
UATOM ILE           5      21.471      51.143
UATOM THR           6      16.550      33.467
UATOM GLY           7       2.294      11.357
UATOM THR           8      16.715      32.787
UATOM TRP           9      35.300      36.500
UATOM TYR          10      31.920      34.542
UATOM ALA          11       5.326      24.148
UATOM GLN          12      23.203      31.863
UATOM LEU          13      20.666      50.070
UATOM GLY          14       2.144      11.706
UATOM SER          15       9.500      20.066
UATOM THR          16      16.823      32.965
UATOM PHE          17      24.522      32.303
UATOM ILE          18      21.393      50.572
UATOM VAL          19      15.682      41.035
UATOM THR          20      16.569      32.970
UATOM ALA          21       5.590      25.379
UATOM GLY          22       2.196      11.477
UATOM ALA          23       5.394      24.506
UATOM ASP          24      16.266      14.282
UATOM GLY          25       2.193      11.264
UATOM ALA          26       5.631      24.223
UATOM LEU          27      21.099      49.730
UATOM THR          28      16.617      32.985
UATOM GLY          29       2.303      11.417
UATOM THR          30      16.711      32.769
UATOM TYR          31      32.195      35.140
UATOM GLU          32      21.926      21.266
UATOM SER          33       9.461      19.810
UATOM ALA          34       5.177      24.545
UATOM VAL          35      15.656      43.046
UATOM GLY          36       2.111      11.914
UATOM ASN          37      17.738      25.167
UATOM ALA          38       5.217      24.550
UATOM GLU          39      21.296      21.178
UATOM SER          40       9.393      20.121
UATOM ARG          41      34.259      53.648
UATOM TYR          42      31.658      34.811
UATOM VAL          43      16.184      43.216
UATOM LEU          44      21.142      49.748
UATOM THR          45      16.659      33.659
UATOM GLY          46       2.404      11.646
UATOM ARG          47      36.253      52.963
UATOM TYR          48      31.459      34.027
UATOM ASP          49      17.485      14.369
UATOM SER          50       9.648      20.330
UATOM ALA          51       5.301      23.211
UATOM PRO          52      10.419      26.555
UATOM ALA          53       5.577      24.782
UATOM THR          54      16.591      33.468
UATOM ASP          55      16.665      14.497
UATOM GLY          56       2.164      11.735
UATOM SER          57       9.742      19.533
UATOM GLY          58       2.203      11.368
UATOM THR          59      16.204      32.701
UATOM ALA          60       5.585      25.175
UATOM LEU          61      21.038      49.254
UATOM GLY          62       2.369      11.153
UATOM TRP          63      35.768      37.332
UATOM THR          64      16.868      30.877
UATOM VAL          65      15.722      41.645
UATOM ALA          66       5.414      24.087
UATOM TRP          67      35.267      36.610
UATOM LYS          68      24.737      50.949
UATOM ASN          69      18.082      24.817
UATOM ASN          70      17.985      25.188
UATOM TYR          71      30.372      34.752
UATOM ARG          72      34.177      53.868
UATOM ASN          73      18.108      25.279
UATOM ALA          74       5.328      24.803
UATOM HID          75      20.925      25.663
UATOM SER          76       9.752      20.074
UATOM ALA          77       5.445      23.429
UATOM THR          78      16.655      31.960
UATOM THR          79      16.092      33.287
UATOM TRP          80      35.024      36.059
UATOM SER          81       9.859      19.529
UATOM GLY          82       2.303      11.410
UATOM GLN          83      24.076      31.727
UATOM TYR          84      31.294      35.110
UATOM VAL          85      16.012      42.259
UATOM GLY          86       2.190      11.372
UATOM GLY          87       2.189      11.567
UATOM ALA          88       5.324      24.668
UATOM GLU          89      21.509      21.092
UATOM ALA          90       5.298      24.287
UATOM ARG          91      35.196      53.662
UATOM ILE          92      21.297      49.799
UATOM ASN          93      18.403      25.547
UATOM THR          94      16.628      31.790
UATOM GLN          95      24.061      32.402
UATOM TRP          96      35.537      36.595
UATOM LEU          97      21.796      49.680
UATOM LEU          98      21.158      50.213
UATOM THR          99      16.682      32.876
UATOM SER         100       9.472      19.904
UATOM GLY         101       2.223      11.852
UATOM THR         102      16.496      33.481
UATOM THR         103      16.586      34.330
UATOM GLU         104      21.818      21.010
UATOM ALA         105       5.337      24.485
UATOM ASN         106      18.318      24.922
UATOM ALA         107       5.507      24.731
UATOM TRP         108      35.076      37.680
UATOM LYS         109      24.635      50.820
UATOM SER         110       9.573      20.400
UATOM THR         111      16.391      33.719
UATOM LEU         112      21.314      49.062
UATOM VAL         113      15.714      41.403
UATOM GLY         114       2.377      11.667
UATOM HID         115      21.191      26.322
UATOM ASP         116      17.211      13.996
UATOM THR         117      16.771      33.403
UATOM PHE         118      24.852      33.313
UATOM THR         119      16.607      33.358
UATOM LYS         120      24.610      51.389
UATOM VAL         121      15.595      43.089
UATOM LYS         122      24.466      50.566
UATOM PRO         123      10.219      26.194
UATOM SER         124       9.512      19.882
UATOM ALA         125       5.161      24.369
UATOM ALA         126       5.134      24.528
UATOM CSER        127      13.968      19.726
____________________________________________________________
Total Entropy FF (UA level) :        2001.587 J/mol/K
Total Entropy TT (UA level) :        3755.217 J/mol/K
------------------------------------------------------------
____________________________________________________________
Total Entropy                            :        5756.804
------------------------------------------------------------
