------------------------------------------------------------
Topographical entropy of residue side chains 
computed using all the dihedrals with correlation/pLogp formalism
------------------------------------------------------------
Side Chain Topographical Entropy from corr. pLogP method (NALA 1) : -0.0000
Side Chain Topographical Entropy from corr. pLogP method (GLU 2) : 19.1962
Side Chain Topographical Entropy from corr. pLogP method (ALA 3) : -0.0000
Side Chain Topographical Entropy from corr. pLogP method (GLY 4) : -0.0000
Side Chain Topographical Entropy from corr. pLogP method (ILE 5) : 5.5780
Side Chain Topographical Entropy from corr. pLogP method (THR 6) : 1.5259
Side Chain Topographical Entropy from corr. pLogP method (GLY 7) : -0.0000
Side Chain Topographical Entropy from corr. pLogP method (THR 8) : -0.0000
Side Chain Topographical Entropy from corr. pLogP method (TRP 9) : -0.0000
Side Chain Topographical Entropy from corr. pLogP method (TYR 10) : 5.1206
Side Chain Topographical Entropy from corr. pLogP method (ALA 11) : -0.0000
Side Chain Topographical Entropy from corr. pLogP method (GLN 12) : 20.9933
Side Chain Topographical Entropy from corr. pLogP method (LEU 13) : 7.3572
Side Chain Topographical Entropy from corr. pLogP method (GLY 14) : -0.0000
Side Chain Topographical Entropy from corr. pLogP method (SER 15) : 6.9219
Side Chain Topographical Entropy from corr. pLogP method (THR 16) : 2.0065
Side Chain Topographical Entropy from corr. pLogP method (PHE 17) : 0.1200
Side Chain Topographical Entropy from corr. pLogP method (ILE 18) : 5.1276
Side Chain Topographical Entropy from corr. pLogP method (VAL 19) : 6.0513
Side Chain Topographical Entropy from corr. pLogP method (THR 20) : 5.6860
Side Chain Topographical Entropy from corr. pLogP method (ALA 21) : -0.0000
Side Chain Topographical Entropy from corr. pLogP method (GLY 22) : -0.0000
Side Chain Topographical Entropy from corr. pLogP method (ALA 23) : -0.0000
Side Chain Topographical Entropy from corr. pLogP method (ASP 24) : 9.1586
Side Chain Topographical Entropy from corr. pLogP method (GLY 25) : -0.0000
Side Chain Topographical Entropy from corr. pLogP method (ALA 26) : -0.0000
Side Chain Topographical Entropy from corr. pLogP method (LEU 27) : 10.2495
Side Chain Topographical Entropy from corr. pLogP method (THR 28) : 6.7827
Side Chain Topographical Entropy from corr. pLogP method (GLY 29) : -0.0000
Side Chain Topographical Entropy from corr. pLogP method (THR 30) : 7.8546
Side Chain Topographical Entropy from corr. pLogP method (TYR 31) : 2.6643
Side Chain Topographical Entropy from corr. pLogP method (GLU 32) : 11.6544
Side Chain Topographical Entropy from corr. pLogP method (SER 33) : 8.3902
Side Chain Topographical Entropy from corr. pLogP method (ALA 34) : -0.0000
Side Chain Topographical Entropy from corr. pLogP method (VAL 35) : 2.3165
Side Chain Topographical Entropy from corr. pLogP method (GLY 36) : -0.0000
Side Chain Topographical Entropy from corr. pLogP method (ASN 37) : 11.4897
Side Chain Topographical Entropy from corr. pLogP method (ALA 38) : -0.0000
Side Chain Topographical Entropy from corr. pLogP method (GLU 39) : 20.0166
Side Chain Topographical Entropy from corr. pLogP method (SER 40) : 3.9723
Side Chain Topographical Entropy from corr. pLogP method (ARG 41) : 6.7400
Side Chain Topographical Entropy from corr. pLogP method (TYR 42) : -0.0000
Side Chain Topographical Entropy from corr. pLogP method (VAL 43) : 2.5269
Side Chain Topographical Entropy from corr. pLogP method (LEU 44) : 2.8221
Side Chain Topographical Entropy from corr. pLogP method (THR 45) : 1.5259
Side Chain Topographical Entropy from corr. pLogP method (GLY 46) : -0.0000
Side Chain Topographical Entropy from corr. pLogP method (ARG 47) : 0.2617
Side Chain Topographical Entropy from corr. pLogP method (TYR 48) : 4.2790
Side Chain Topographical Entropy from corr. pLogP method (ASP 49) : 5.2610
Side Chain Topographical Entropy from corr. pLogP method (SER 50) : 0.1857
Side Chain Topographical Entropy from corr. pLogP method (ALA 51) : -0.0000
Side Chain Topographical Entropy from corr. pLogP method (PRO 52) : 11.0572
Side Chain Topographical Entropy from corr. pLogP method (ALA 53) : -0.0000
Side Chain Topographical Entropy from corr. pLogP method (THR 54) : 7.6922
Side Chain Topographical Entropy from corr. pLogP method (ASP 55) : 7.1767
Side Chain Topographical Entropy from corr. pLogP method (GLY 56) : -0.0000
Side Chain Topographical Entropy from corr. pLogP method (SER 57) : 5.4162
Side Chain Topographical Entropy from corr. pLogP method (GLY 58) : -0.0000
Side Chain Topographical Entropy from corr. pLogP method (THR 59) : -0.0000
Side Chain Topographical Entropy from corr. pLogP method (ALA 60) : -0.0000
Side Chain Topographical Entropy from corr. pLogP method (LEU 61) : 7.7365
Side Chain Topographical Entropy from corr. pLogP method (GLY 62) : -0.0000
Side Chain Topographical Entropy from corr. pLogP method (TRP 63) : 0.1200
Side Chain Topographical Entropy from corr. pLogP method (THR 64) : 5.2258
Side Chain Topographical Entropy from corr. pLogP method (VAL 65) : -0.0000
Side Chain Topographical Entropy from corr. pLogP method (ALA 66) : -0.0000
Side Chain Topographical Entropy from corr. pLogP method (TRP 67) : 0.1315
Side Chain Topographical Entropy from corr. pLogP method (LYS 68) : 8.2398
Side Chain Topographical Entropy from corr. pLogP method (ASN 69) : 5.7181
Side Chain Topographical Entropy from corr. pLogP method (ASN 70) : 14.5168
Side Chain Topographical Entropy from corr. pLogP method (TYR 71) : 5.3303
Side Chain Topographical Entropy from corr. pLogP method (ARG 72) : 1.2574
Side Chain Topographical Entropy from corr. pLogP method (ASN 73) : -0.0000
Side Chain Topographical Entropy from corr. pLogP method (ALA 74) : -0.0000
Side Chain Topographical Entropy from corr. pLogP method (HID 75) : 0.1698
Side Chain Topographical Entropy from corr. pLogP method (SER 76) : 7.4218
Side Chain Topographical Entropy from corr. pLogP method (ALA 77) : -0.0000
Side Chain Topographical Entropy from corr. pLogP method (THR 78) : 0.0657
Side Chain Topographical Entropy from corr. pLogP method (THR 79) : -0.0000
Side Chain Topographical Entropy from corr. pLogP method (TRP 80) : 2.0218
Side Chain Topographical Entropy from corr. pLogP method (SER 81) : 1.0023
Side Chain Topographical Entropy from corr. pLogP method (GLY 82) : -0.0000
Side Chain Topographical Entropy from corr. pLogP method (GLN 83) : 9.6191
Side Chain Topographical Entropy from corr. pLogP method (TYR 84) : -0.0000
Side Chain Topographical Entropy from corr. pLogP method (VAL 85) : 0.3050
Side Chain Topographical Entropy from corr. pLogP method (GLY 86) : -0.0000
Side Chain Topographical Entropy from corr. pLogP method (GLY 87) : -0.0000
Side Chain Topographical Entropy from corr. pLogP method (ALA 88) : -0.0000
Side Chain Topographical Entropy from corr. pLogP method (GLU 89) : 22.9294
Side Chain Topographical Entropy from corr. pLogP method (ALA 90) : -0.0000
Side Chain Topographical Entropy from corr. pLogP method (ARG 91) : 4.3884
Side Chain Topographical Entropy from corr. pLogP method (ILE 92) : 0.1857
Side Chain Topographical Entropy from corr. pLogP method (ASN 93) : 5.5782
Side Chain Topographical Entropy from corr. pLogP method (THR 94) : 0.0657
Side Chain Topographical Entropy from corr. pLogP method (GLN 95) : 5.2213
Side Chain Topographical Entropy from corr. pLogP method (TRP 96) : 1.1491
Side Chain Topographical Entropy from corr. pLogP method (LEU 97) : -0.0000
Side Chain Topographical Entropy from corr. pLogP method (LEU 98) : 1.8871
Side Chain Topographical Entropy from corr. pLogP method (THR 99) : -0.0000
Side Chain Topographical Entropy from corr. pLogP method (SER 100) : 7.2330
Side Chain Topographical Entropy from corr. pLogP method (GLY 101) : -0.0000
Side Chain Topographical Entropy from corr. pLogP method (THR 102) : 1.6012
Side Chain Topographical Entropy from corr. pLogP method (THR 103) : -0.0000
Side Chain Topographical Entropy from corr. pLogP method (GLU 104) : 20.6175
Side Chain Topographical Entropy from corr. pLogP method (ALA 105) : -0.0000
Side Chain Topographical Entropy from corr. pLogP method (ASN 106) : 4.2444
Side Chain Topographical Entropy from corr. pLogP method (ALA 107) : -0.0000
Side Chain Topographical Entropy from corr. pLogP method (TRP 108) : 5.8174
Side Chain Topographical Entropy from corr. pLogP method (LYS 109) : 11.2939
Side Chain Topographical Entropy from corr. pLogP method (SER 110) : 4.1606
Side Chain Topographical Entropy from corr. pLogP method (THR 111) : -0.0000
Side Chain Topographical Entropy from corr. pLogP method (LEU 112) : 1.8551
Side Chain Topographical Entropy from corr. pLogP method (VAL 113) : -0.0000
Side Chain Topographical Entropy from corr. pLogP method (GLY 114) : -0.0000
Side Chain Topographical Entropy from corr. pLogP method (HID 115) : 5.5112
Side Chain Topographical Entropy from corr. pLogP method (ASP 116) : 9.0214
Side Chain Topographical Entropy from corr. pLogP method (THR 117) : 0.0657
Side Chain Topographical Entropy from corr. pLogP method (PHE 118) : 0.0657
Side Chain Topographical Entropy from corr. pLogP method (THR 119) : 1.9326
Side Chain Topographical Entropy from corr. pLogP method (LYS 120) : 16.0087
Side Chain Topographical Entropy from corr. pLogP method (VAL 121) : 4.0832
Side Chain Topographical Entropy from corr. pLogP method (LYS 122) : 19.8106
Side Chain Topographical Entropy from corr. pLogP method (PRO 123) : 14.8146
Side Chain Topographical Entropy from corr. pLogP method (SER 124) : 7.5928
Side Chain Topographical Entropy from corr. pLogP method (ALA 125) : -0.0000
Side Chain Topographical Entropy from corr. pLogP method (ALA 126) : -0.0000
Side Chain Topographical Entropy from corr. pLogP method (CSER 127) : 2.7168
____________________________________________________________
Total SC Topog. Entropy (corr. pLogP)    :         483.912
------------------------------------------------------------
____________________________________________________________
Total BB Topog. Entropy (corr. pLogP)    :          11.777
------------------------------------------------------------
____________________________________________________________
Total Entropy                            :         495.688
------------------------------------------------------------
