------------------------------------------------------------
Topographical entropy of residue side chains 
computed using all the dihedrals with correlation/pLogp formalism
------------------------------------------------------------
Side Chain Topographical Entropy from corr. pLogP method (NALA 1) : -0.0000
Side Chain Topographical Entropy from corr. pLogP method (GLU 2) : 22.7428
Side Chain Topographical Entropy from corr. pLogP method (ALA 3) : -0.0000
Side Chain Topographical Entropy from corr. pLogP method (GLY 4) : -0.0000
Side Chain Topographical Entropy from corr. pLogP method (ILE 5) : 2.4072
Side Chain Topographical Entropy from corr. pLogP method (THR 6) : 1.2566
Side Chain Topographical Entropy from corr. pLogP method (GLY 7) : -0.0000
Side Chain Topographical Entropy from corr. pLogP method (THR 8) : 1.5484
Side Chain Topographical Entropy from corr. pLogP method (TRP 9) : 3.2934
Side Chain Topographical Entropy from corr. pLogP method (TYR 10) : 9.7582
Side Chain Topographical Entropy from corr. pLogP method (ALA 11) : -0.0000
Side Chain Topographical Entropy from corr. pLogP method (GLN 12) : 20.1093
Side Chain Topographical Entropy from corr. pLogP method (LEU 13) : 7.2399
Side Chain Topographical Entropy from corr. pLogP method (GLY 14) : -0.0000
Side Chain Topographical Entropy from corr. pLogP method (SER 15) : 5.1963
Side Chain Topographical Entropy from corr. pLogP method (THR 16) : 1.4297
Side Chain Topographical Entropy from corr. pLogP method (PHE 17) : 2.4683
Side Chain Topographical Entropy from corr. pLogP method (ILE 18) : 9.1496
Side Chain Topographical Entropy from corr. pLogP method (VAL 19) : 1.8509
Side Chain Topographical Entropy from corr. pLogP method (THR 20) : 6.8024
Side Chain Topographical Entropy from corr. pLogP method (ALA 21) : -0.0000
Side Chain Topographical Entropy from corr. pLogP method (GLY 22) : -0.0000
Side Chain Topographical Entropy from corr. pLogP method (ALA 23) : -0.0000
Side Chain Topographical Entropy from corr. pLogP method (ASP 24) : 16.3547
Side Chain Topographical Entropy from corr. pLogP method (GLY 25) : -0.0000
Side Chain Topographical Entropy from corr. pLogP method (ALA 26) : -0.0000
Side Chain Topographical Entropy from corr. pLogP method (LEU 27) : 9.4520
Side Chain Topographical Entropy from corr. pLogP method (THR 28) : 8.8280
Side Chain Topographical Entropy from corr. pLogP method (GLY 29) : -0.0000
Side Chain Topographical Entropy from corr. pLogP method (THR 30) : 9.0984
Side Chain Topographical Entropy from corr. pLogP method (TYR 31) : 7.7874
Side Chain Topographical Entropy from corr. pLogP method (GLU 32) : 16.9292
Side Chain Topographical Entropy from corr. pLogP method (SER 33) : 7.2672
Side Chain Topographical Entropy from corr. pLogP method (ALA 34) : -0.0000
Side Chain Topographical Entropy from corr. pLogP method (VAL 35) : 9.0347
Side Chain Topographical Entropy from corr. pLogP method (GLY 36) : -0.0000
Side Chain Topographical Entropy from corr. pLogP method (ASN 37) : 14.1399
Side Chain Topographical Entropy from corr. pLogP method (ALA 38) : -0.0000
Side Chain Topographical Entropy from corr. pLogP method (GLU 39) : 16.6382
Side Chain Topographical Entropy from corr. pLogP method (SER 40) : 8.5198
Side Chain Topographical Entropy from corr. pLogP method (ARG 41) : 14.7849
Side Chain Topographical Entropy from corr. pLogP method (TYR 42) : 1.7939
Side Chain Topographical Entropy from corr. pLogP method (VAL 43) : 0.4244
Side Chain Topographical Entropy from corr. pLogP method (LEU 44) : 4.6751
Side Chain Topographical Entropy from corr. pLogP method (THR 45) : 7.7300
Side Chain Topographical Entropy from corr. pLogP method (GLY 46) : -0.0000
Side Chain Topographical Entropy from corr. pLogP method (ARG 47) : 0.9008
Side Chain Topographical Entropy from corr. pLogP method (TYR 48) : 5.5306
Side Chain Topographical Entropy from corr. pLogP method (ASP 49) : 7.0615
Side Chain Topographical Entropy from corr. pLogP method (SER 50) : 3.1873
Side Chain Topographical Entropy from corr. pLogP method (ALA 51) : -0.0000
Side Chain Topographical Entropy from corr. pLogP method (PRO 52) : 14.7234
Side Chain Topographical Entropy from corr. pLogP method (ALA 53) : -0.0000
Side Chain Topographical Entropy from corr. pLogP method (THR 54) : 4.6444
Side Chain Topographical Entropy from corr. pLogP method (ASP 55) : 12.3236
Side Chain Topographical Entropy from corr. pLogP method (GLY 56) : -0.0000
Side Chain Topographical Entropy from corr. pLogP method (SER 57) : 2.9243
Side Chain Topographical Entropy from corr. pLogP method (GLY 58) : -0.0000
Side Chain Topographical Entropy from corr. pLogP method (THR 59) : 1.0390
Side Chain Topographical Entropy from corr. pLogP method (ALA 60) : -0.0000
Side Chain Topographical Entropy from corr. pLogP method (LEU 61) : 4.6569
Side Chain Topographical Entropy from corr. pLogP method (GLY 62) : -0.0000
Side Chain Topographical Entropy from corr. pLogP method (TRP 63) : 2.1117
Side Chain Topographical Entropy from corr. pLogP method (THR 64) : 0.0633
Side Chain Topographical Entropy from corr. pLogP method (VAL 65) : 0.1345
Side Chain Topographical Entropy from corr. pLogP method (ALA 66) : -0.0000
Side Chain Topographical Entropy from corr. pLogP method (TRP 67) : 2.5996
Side Chain Topographical Entropy from corr. pLogP method (LYS 68) : 12.8333
Side Chain Topographical Entropy from corr. pLogP method (ASN 69) : 8.9544
Side Chain Topographical Entropy from corr. pLogP method (ASN 70) : 14.9606
Side Chain Topographical Entropy from corr. pLogP method (TYR 71) : 13.7213
Side Chain Topographical Entropy from corr. pLogP method (ARG 72) : 21.2778
Side Chain Topographical Entropy from corr. pLogP method (ASN 73) : 6.6473
Side Chain Topographical Entropy from corr. pLogP method (ALA 74) : -0.0000
Side Chain Topographical Entropy from corr. pLogP method (HID 75) : 7.1148
Side Chain Topographical Entropy from corr. pLogP method (SER 76) : 2.2527
Side Chain Topographical Entropy from corr. pLogP method (ALA 77) : -0.0000
Side Chain Topographical Entropy from corr. pLogP method (THR 78) : 0.6403
Side Chain Topographical Entropy from corr. pLogP method (THR 79) : 0.8371
Side Chain Topographical Entropy from corr. pLogP method (TRP 80) : 4.6793
Side Chain Topographical Entropy from corr. pLogP method (SER 81) : 4.2468
Side Chain Topographical Entropy from corr. pLogP method (GLY 82) : -0.0000
Side Chain Topographical Entropy from corr. pLogP method (GLN 83) : 10.3500
Side Chain Topographical Entropy from corr. pLogP method (TYR 84) : 2.9580
Side Chain Topographical Entropy from corr. pLogP method (VAL 85) : 2.3748
Side Chain Topographical Entropy from corr. pLogP method (GLY 86) : -0.0000
Side Chain Topographical Entropy from corr. pLogP method (GLY 87) : -0.0000
Side Chain Topographical Entropy from corr. pLogP method (ALA 88) : -0.0000
Side Chain Topographical Entropy from corr. pLogP method (GLU 89) : 19.9053
Side Chain Topographical Entropy from corr. pLogP method (ALA 90) : -0.0000
Side Chain Topographical Entropy from corr. pLogP method (ARG 91) : 13.4339
Side Chain Topographical Entropy from corr. pLogP method (ILE 92) : 2.8706
Side Chain Topographical Entropy from corr. pLogP method (ASN 93) : 9.3079
Side Chain Topographical Entropy from corr. pLogP method (THR 94) : 5.8827
Side Chain Topographical Entropy from corr. pLogP method (GLN 95) : 6.5714
Side Chain Topographical Entropy from corr. pLogP method (TRP 96) : 3.1898
Side Chain Topographical Entropy from corr. pLogP method (LEU 97) : 1.9502
Side Chain Topographical Entropy from corr. pLogP method (LEU 98) : 1.9913
Side Chain Topographical Entropy from corr. pLogP method (THR 99) : 0.1356
Side Chain Topographical Entropy from corr. pLogP method (SER 100) : 8.0436
Side Chain Topographical Entropy from corr. pLogP method (GLY 101) : -0.0000
Side Chain Topographical Entropy from corr. pLogP method (THR 102) : 6.5101
Side Chain Topographical Entropy from corr. pLogP method (THR 103) : 3.1903
Side Chain Topographical Entropy from corr. pLogP method (GLU 104) : 23.7924
Side Chain Topographical Entropy from corr. pLogP method (ALA 105) : -0.0000
Side Chain Topographical Entropy from corr. pLogP method (ASN 106) : 7.0982
Side Chain Topographical Entropy from corr. pLogP method (ALA 107) : -0.0000
Side Chain Topographical Entropy from corr. pLogP method (TRP 108) : 13.9447
Side Chain Topographical Entropy from corr. pLogP method (LYS 109) : 15.1357
Side Chain Topographical Entropy from corr. pLogP method (SER 110) : 2.5568
Side Chain Topographical Entropy from corr. pLogP method (THR 111) : 0.7463
Side Chain Topographical Entropy from corr. pLogP method (LEU 112) : 2.5362
Side Chain Topographical Entropy from corr. pLogP method (VAL 113) : 1.9868
Side Chain Topographical Entropy from corr. pLogP method (GLY 114) : -0.0000
Side Chain Topographical Entropy from corr. pLogP method (HID 115) : 10.9393
Side Chain Topographical Entropy from corr. pLogP method (ASP 116) : 7.3443
Side Chain Topographical Entropy from corr. pLogP method (THR 117) : 5.8570
Side Chain Topographical Entropy from corr. pLogP method (PHE 118) : 2.7870
Side Chain Topographical Entropy from corr. pLogP method (THR 119) : 6.1885
Side Chain Topographical Entropy from corr. pLogP method (LYS 120) : 15.3269
Side Chain Topographical Entropy from corr. pLogP method (VAL 121) : 5.4719
Side Chain Topographical Entropy from corr. pLogP method (LYS 122) : 18.8795
Side Chain Topographical Entropy from corr. pLogP method (PRO 123) : 16.6602
Side Chain Topographical Entropy from corr. pLogP method (SER 124) : 8.9749
Side Chain Topographical Entropy from corr. pLogP method (ALA 125) : -0.0000
Side Chain Topographical Entropy from corr. pLogP method (ALA 126) : -0.0000
Side Chain Topographical Entropy from corr. pLogP method (CSER 127) : 5.0369
____________________________________________________________
Total SC Topog. Entropy (corr. pLogP)    :         678.706
------------------------------------------------------------
____________________________________________________________
Total BB Topog. Entropy (corr. pLogP)    :          46.374
------------------------------------------------------------
____________________________________________________________
Total Entropy                            :         725.081
------------------------------------------------------------
