------------------------------------------------------------
Topographical entropy of residue side chains 
computed using all the dihedrals with AEM method
------------------------------------------------------------
Residue Topographical Entropy from AEM (NALA 1) : 1.1605
Residue Topographical Entropy from AEM (GLU 2) : 20.6296
Residue Topographical Entropy from AEM (ALA 3) : -0.0000
Residue Topographical Entropy from AEM (GLY 4) : -0.0000
Residue Topographical Entropy from AEM (ILE 5) : 4.2506
Residue Topographical Entropy from AEM (THR 6) : 1.0760
Residue Topographical Entropy from AEM (GLY 7) : -0.0000
Residue Topographical Entropy from AEM (THR 8) : 2.8876
Residue Topographical Entropy from AEM (TRP 9) : 38.2136
Residue Topographical Entropy from AEM (TYR 10) : 28.7710
Residue Topographical Entropy from AEM (ALA 11) : -0.0000
Residue Topographical Entropy from AEM (GLN 12) : 16.2379
Residue Topographical Entropy from AEM (LEU 13) : 8.7112
Residue Topographical Entropy from AEM (GLY 14) : -0.0000
Residue Topographical Entropy from AEM (SER 15) : 5.7949
Residue Topographical Entropy from AEM (THR 16) : 0.7122
Residue Topographical Entropy from AEM (PHE 17) : 25.5588
Residue Topographical Entropy from AEM (ILE 18) : 11.9964
Residue Topographical Entropy from AEM (VAL 19) : 3.3851
Residue Topographical Entropy from AEM (THR 20) : 8.0165
Residue Topographical Entropy from AEM (ALA 21) : -0.0000
Residue Topographical Entropy from AEM (GLY 22) : -0.0000
Residue Topographical Entropy from AEM (ALA 23) : -0.0000
Residue Topographical Entropy from AEM (ASP 24) : 11.1239
Residue Topographical Entropy from AEM (GLY 25) : -0.0000
Residue Topographical Entropy from AEM (ALA 26) : -0.0000
Residue Topographical Entropy from AEM (LEU 27) : 10.6289
Residue Topographical Entropy from AEM (THR 28) : 8.9116
Residue Topographical Entropy from AEM (GLY 29) : -0.0000
Residue Topographical Entropy from AEM (THR 30) : 5.5632
Residue Topographical Entropy from AEM (TYR 31) : 28.7515
Residue Topographical Entropy from AEM (GLU 32) : 9.6454
Residue Topographical Entropy from AEM (SER 33) : 8.5500
Residue Topographical Entropy from AEM (ALA 34) : -0.0000
Residue Topographical Entropy from AEM (VAL 35) : 6.2556
Residue Topographical Entropy from AEM (GLY 36) : -0.0000
Residue Topographical Entropy from AEM (ASN 37) : 16.2043
Residue Topographical Entropy from AEM (ALA 38) : -0.0000
Residue Topographical Entropy from AEM (GLU 39) : 25.2302
Residue Topographical Entropy from AEM (SER 40) : 6.8697
Residue Topographical Entropy from AEM (ARG 41) : 11.9990
Residue Topographical Entropy from AEM (TYR 42) : 29.7486
Residue Topographical Entropy from AEM (VAL 43) : 2.5883
Residue Topographical Entropy from AEM (LEU 44) : 3.0011
Residue Topographical Entropy from AEM (THR 45) : 7.6900
Residue Topographical Entropy from AEM (GLY 46) : -0.0000
Residue Topographical Entropy from AEM (ARG 47) : 3.9500
Residue Topographical Entropy from AEM (TYR 48) : 28.8181
Residue Topographical Entropy from AEM (ASP 49) : 2.0088
Residue Topographical Entropy from AEM (SER 50) : 2.2842
Residue Topographical Entropy from AEM (ALA 51) : -0.0000
Residue Topographical Entropy from AEM (PRO 52) : 6.7990
Residue Topographical Entropy from AEM (ALA 53) : -0.0000
Residue Topographical Entropy from AEM (THR 54) : 5.9984
Residue Topographical Entropy from AEM (ASP 55) : 7.5765
Residue Topographical Entropy from AEM (GLY 56) : -0.0000
Residue Topographical Entropy from AEM (SER 57) : 6.6196
Residue Topographical Entropy from AEM (GLY 58) : -0.0000
Residue Topographical Entropy from AEM (THR 59) : 2.0460
Residue Topographical Entropy from AEM (ALA 60) : -0.0000
Residue Topographical Entropy from AEM (LEU 61) : 7.3571
Residue Topographical Entropy from AEM (GLY 62) : -0.0000
Residue Topographical Entropy from AEM (TRP 63) : 43.6596
Residue Topographical Entropy from AEM (THR 64) : 1.3395
Residue Topographical Entropy from AEM (VAL 65) : 0.9563
Residue Topographical Entropy from AEM (ALA 66) : -0.0000
Residue Topographical Entropy from AEM (TRP 67) : 38.6115
Residue Topographical Entropy from AEM (LYS 68) : 18.6323
Residue Topographical Entropy from AEM (ASN 69) : 3.1367
Residue Topographical Entropy from AEM (ASN 70) : 14.7991
Residue Topographical Entropy from AEM (TYR 71) : 26.9041
Residue Topographical Entropy from AEM (ARG 72) : 18.5310
Residue Topographical Entropy from AEM (ASN 73) : 6.2824
Residue Topographical Entropy from AEM (ALA 74) : -0.0000
Residue Topographical Entropy from AEM (HID 75) : 21.4256
Residue Topographical Entropy from AEM (SER 76) : 3.0055
Residue Topographical Entropy from AEM (ALA 77) : -0.0000
Residue Topographical Entropy from AEM (THR 78) : 0.8337
Residue Topographical Entropy from AEM (THR 79) : 5.0207
Residue Topographical Entropy from AEM (TRP 80) : 33.2354
Residue Topographical Entropy from AEM (SER 81) : 1.4592
Residue Topographical Entropy from AEM (GLY 82) : -0.0000
Residue Topographical Entropy from AEM (GLN 83) : 8.6339
Residue Topographical Entropy from AEM (TYR 84) : 29.2361
Residue Topographical Entropy from AEM (VAL 85) : 4.2731
Residue Topographical Entropy from AEM (GLY 86) : -0.0000
Residue Topographical Entropy from AEM (GLY 87) : -0.0000
Residue Topographical Entropy from AEM (ALA 88) : -0.0000
Residue Topographical Entropy from AEM (GLU 89) : 22.7605
Residue Topographical Entropy from AEM (ALA 90) : -0.0000
Residue Topographical Entropy from AEM (ARG 91) : 15.5085
Residue Topographical Entropy from AEM (ILE 92) : 1.7100
Residue Topographical Entropy from AEM (ASN 93) : 8.2340
Residue Topographical Entropy from AEM (THR 94) : 2.6262
Residue Topographical Entropy from AEM (GLN 95) : 8.4146
Residue Topographical Entropy from AEM (TRP 96) : 36.8064
Residue Topographical Entropy from AEM (LEU 97) : 0.9317
Residue Topographical Entropy from AEM (LEU 98) : 2.1480
Residue Topographical Entropy from AEM (THR 99) : 0.5233
Residue Topographical Entropy from AEM (SER 100) : 7.6917
Residue Topographical Entropy from AEM (GLY 101) : -0.0000
Residue Topographical Entropy from AEM (THR 102) : 0.5947
Residue Topographical Entropy from AEM (THR 103) : 1.0160
Residue Topographical Entropy from AEM (GLU 104) : 26.1548
Residue Topographical Entropy from AEM (ALA 105) : -0.0000
Residue Topographical Entropy from AEM (ASN 106) : 1.5060
Residue Topographical Entropy from AEM (ALA 107) : -0.0000
Residue Topographical Entropy from AEM (TRP 108) : 41.5861
Residue Topographical Entropy from AEM (LYS 109) : 11.7899
Residue Topographical Entropy from AEM (SER 110) : 1.1635
Residue Topographical Entropy from AEM (THR 111) : 0.3053
Residue Topographical Entropy from AEM (LEU 112) : 2.5485
Residue Topographical Entropy from AEM (VAL 113) : 0.8363
Residue Topographical Entropy from AEM (GLY 114) : -0.0000
Residue Topographical Entropy from AEM (HID 115) : 24.6431
Residue Topographical Entropy from AEM (ASP 116) : 6.0874
Residue Topographical Entropy from AEM (THR 117) : 4.3679
Residue Topographical Entropy from AEM (PHE 118) : 28.4266
Residue Topographical Entropy from AEM (THR 119) : 5.7614
Residue Topographical Entropy from AEM (LYS 120) : 15.1183
Residue Topographical Entropy from AEM (VAL 121) : 6.4692
Residue Topographical Entropy from AEM (LYS 122) : 18.2709
Residue Topographical Entropy from AEM (PRO 123) : 9.1850
Residue Topographical Entropy from AEM (SER 124) : 8.4685
Residue Topographical Entropy from AEM (ALA 125) : -0.0000
Residue Topographical Entropy from AEM (ALA 126) : -0.0000
Residue Topographical Entropy from AEM (CSER 127) : 8.9659
____________________________________________________________
Total Topog. Entropy (AEM)               :        1054.217
------------------------------------------------------------
____________________________________________________________
Total Entropy                            :        1054.217
------------------------------------------------------------
