------------------------------------------------------------
Topographical entropy of residue side chains 
computed using all the dihedrals with AEM method
------------------------------------------------------------
Residue Topographical Entropy from AEM (NALA 1) : 1.4940
Residue Topographical Entropy from AEM (GLU 2) : 22.9673
Residue Topographical Entropy from AEM (ALA 3) : -0.0000
Residue Topographical Entropy from AEM (GLY 4) : -0.0000
Residue Topographical Entropy from AEM (ILE 5) : 1.1217
Residue Topographical Entropy from AEM (THR 6) : 5.2110
Residue Topographical Entropy from AEM (GLY 7) : -0.0000
Residue Topographical Entropy from AEM (THR 8) : 0.7703
Residue Topographical Entropy from AEM (TRP 9) : 38.8806
Residue Topographical Entropy from AEM (TYR 10) : 26.0372
Residue Topographical Entropy from AEM (ALA 11) : -0.0000
Residue Topographical Entropy from AEM (GLN 12) : 20.7921
Residue Topographical Entropy from AEM (LEU 13) : 4.0437
Residue Topographical Entropy from AEM (GLY 14) : -0.0000
Residue Topographical Entropy from AEM (SER 15) : 4.4386
Residue Topographical Entropy from AEM (THR 16) : 6.2675
Residue Topographical Entropy from AEM (PHE 17) : 34.7082
Residue Topographical Entropy from AEM (ILE 18) : 10.2458
Residue Topographical Entropy from AEM (VAL 19) : 6.4282
Residue Topographical Entropy from AEM (THR 20) : 7.8693
Residue Topographical Entropy from AEM (ALA 21) : -0.0000
Residue Topographical Entropy from AEM (GLY 22) : -0.0000
Residue Topographical Entropy from AEM (ALA 23) : -0.0000
Residue Topographical Entropy from AEM (ASP 24) : 11.2383
Residue Topographical Entropy from AEM (GLY 25) : -0.0000
Residue Topographical Entropy from AEM (ALA 26) : -0.0000
Residue Topographical Entropy from AEM (LEU 27) : 10.2505
Residue Topographical Entropy from AEM (THR 28) : 8.6747
Residue Topographical Entropy from AEM (GLY 29) : -0.0000
Residue Topographical Entropy from AEM (THR 30) : 6.3315
Residue Topographical Entropy from AEM (TYR 31) : 27.4737
Residue Topographical Entropy from AEM (GLU 32) : 12.1171
Residue Topographical Entropy from AEM (SER 33) : 7.6795
Residue Topographical Entropy from AEM (ALA 34) : -0.0000
Residue Topographical Entropy from AEM (VAL 35) : 6.0743
Residue Topographical Entropy from AEM (GLY 36) : -0.0000
Residue Topographical Entropy from AEM (ASN 37) : 11.4854
Residue Topographical Entropy from AEM (ALA 38) : -0.0000
Residue Topographical Entropy from AEM (GLU 39) : 19.1315
Residue Topographical Entropy from AEM (SER 40) : 5.5425
Residue Topographical Entropy from AEM (ARG 41) : 11.9954
Residue Topographical Entropy from AEM (TYR 42) : 26.8581
Residue Topographical Entropy from AEM (VAL 43) : 1.7043
Residue Topographical Entropy from AEM (LEU 44) : 1.0832
Residue Topographical Entropy from AEM (THR 45) : 1.8595
Residue Topographical Entropy from AEM (GLY 46) : -0.0000
Residue Topographical Entropy from AEM (ARG 47) : 2.3110
Residue Topographical Entropy from AEM (TYR 48) : 26.1661
Residue Topographical Entropy from AEM (ASP 49) : 1.8804
Residue Topographical Entropy from AEM (SER 50) : 3.3853
Residue Topographical Entropy from AEM (ALA 51) : -0.0000
Residue Topographical Entropy from AEM (PRO 52) : 9.3935
Residue Topographical Entropy from AEM (ALA 53) : -0.0000
Residue Topographical Entropy from AEM (THR 54) : 8.2187
Residue Topographical Entropy from AEM (ASP 55) : 7.5320
Residue Topographical Entropy from AEM (GLY 56) : -0.0000
Residue Topographical Entropy from AEM (SER 57) : 6.9325
Residue Topographical Entropy from AEM (GLY 58) : -0.0000
Residue Topographical Entropy from AEM (THR 59) : 4.1324
Residue Topographical Entropy from AEM (ALA 60) : -0.0000
Residue Topographical Entropy from AEM (LEU 61) : 7.2518
Residue Topographical Entropy from AEM (GLY 62) : -0.0000
Residue Topographical Entropy from AEM (TRP 63) : 38.2328
Residue Topographical Entropy from AEM (THR 64) : 0.2053
Residue Topographical Entropy from AEM (VAL 65) : 0.0193
Residue Topographical Entropy from AEM (ALA 66) : -0.0000
Residue Topographical Entropy from AEM (TRP 67) : 38.3998
Residue Topographical Entropy from AEM (LYS 68) : 13.9353
Residue Topographical Entropy from AEM (ASN 69) : 0.5087
Residue Topographical Entropy from AEM (ASN 70) : 14.6107
Residue Topographical Entropy from AEM (TYR 71) : 23.7357
Residue Topographical Entropy from AEM (ARG 72) : 11.2822
Residue Topographical Entropy from AEM (ASN 73) : 2.2168
Residue Topographical Entropy from AEM (ALA 74) : -0.0000
Residue Topographical Entropy from AEM (HID 75) : 20.8812
Residue Topographical Entropy from AEM (SER 76) : 4.7482
Residue Topographical Entropy from AEM (ALA 77) : -0.0000
Residue Topographical Entropy from AEM (THR 78) : 0.5124
Residue Topographical Entropy from AEM (THR 79) : 4.1612
Residue Topographical Entropy from AEM (TRP 80) : 37.6659
Residue Topographical Entropy from AEM (SER 81) : 1.8588
Residue Topographical Entropy from AEM (GLY 82) : -0.0000
Residue Topographical Entropy from AEM (GLN 83) : 13.0835
Residue Topographical Entropy from AEM (TYR 84) : 26.4988
Residue Topographical Entropy from AEM (VAL 85) : 4.6928
Residue Topographical Entropy from AEM (GLY 86) : -0.0000
Residue Topographical Entropy from AEM (GLY 87) : -0.0000
Residue Topographical Entropy from AEM (ALA 88) : -0.0000
Residue Topographical Entropy from AEM (GLU 89) : 17.7040
Residue Topographical Entropy from AEM (ALA 90) : -0.0000
Residue Topographical Entropy from AEM (ARG 91) : 15.8486
Residue Topographical Entropy from AEM (ILE 92) : 4.0121
Residue Topographical Entropy from AEM (ASN 93) : 8.2464
Residue Topographical Entropy from AEM (THR 94) : 5.7909
Residue Topographical Entropy from AEM (GLN 95) : 13.7836
Residue Topographical Entropy from AEM (TRP 96) : 39.7978
Residue Topographical Entropy from AEM (LEU 97) : 4.8151
Residue Topographical Entropy from AEM (LEU 98) : 5.8095
Residue Topographical Entropy from AEM (THR 99) : 3.5999
Residue Topographical Entropy from AEM (SER 100) : 6.7216
Residue Topographical Entropy from AEM (GLY 101) : -0.0000
Residue Topographical Entropy from AEM (THR 102) : 5.2399
Residue Topographical Entropy from AEM (THR 103) : 0.3874
Residue Topographical Entropy from AEM (GLU 104) : 24.9738
Residue Topographical Entropy from AEM (ALA 105) : -0.0000
Residue Topographical Entropy from AEM (ASN 106) : 3.6162
Residue Topographical Entropy from AEM (ALA 107) : -0.0000
Residue Topographical Entropy from AEM (TRP 108) : 43.2199
Residue Topographical Entropy from AEM (LYS 109) : 18.5756
Residue Topographical Entropy from AEM (SER 110) : 4.4187
Residue Topographical Entropy from AEM (THR 111) : 0.9414
Residue Topographical Entropy from AEM (LEU 112) : 4.8891
Residue Topographical Entropy from AEM (VAL 113) : 3.6535
Residue Topographical Entropy from AEM (GLY 114) : -0.0000
Residue Topographical Entropy from AEM (HID 115) : 22.7884
Residue Topographical Entropy from AEM (ASP 116) : 6.2680
Residue Topographical Entropy from AEM (THR 117) : 2.7214
Residue Topographical Entropy from AEM (PHE 118) : 30.6411
Residue Topographical Entropy from AEM (THR 119) : 1.9352
Residue Topographical Entropy from AEM (LYS 120) : 12.2862
Residue Topographical Entropy from AEM (VAL 121) : 4.4500
Residue Topographical Entropy from AEM (LYS 122) : 24.5618
Residue Topographical Entropy from AEM (PRO 123) : 8.6194
Residue Topographical Entropy from AEM (SER 124) : 2.6289
Residue Topographical Entropy from AEM (ALA 125) : -0.0000
Residue Topographical Entropy from AEM (ALA 126) : -0.0000
Residue Topographical Entropy from AEM (CSER 127) : 8.0598
____________________________________________________________
Total Topog. Entropy (AEM)               :        1056.233
------------------------------------------------------------
____________________________________________________________
Total Entropy                            :        1056.233
------------------------------------------------------------
