------------------------------------------------------------
Topographical entropy of residue side chains 
computed using all the dihedrals with correlation/pLogp formalism
------------------------------------------------------------
Side Chain Topographical Entropy from corr. pLogP method (NALA 1) : -0.0000
Side Chain Topographical Entropy from corr. pLogP method (GLU 2) : 20.1099
Side Chain Topographical Entropy from corr. pLogP method (ALA 3) : -0.0000
Side Chain Topographical Entropy from corr. pLogP method (GLY 4) : -0.0000
Side Chain Topographical Entropy from corr. pLogP method (ILE 5) : 2.1780
Side Chain Topographical Entropy from corr. pLogP method (THR 6) : -0.0000
Side Chain Topographical Entropy from corr. pLogP method (GLY 7) : -0.0000
Side Chain Topographical Entropy from corr. pLogP method (THR 8) : 5.0790
Side Chain Topographical Entropy from corr. pLogP method (TRP 9) : -0.0000
Side Chain Topographical Entropy from corr. pLogP method (TYR 10) : 3.6234
Side Chain Topographical Entropy from corr. pLogP method (ALA 11) : -0.0000
Side Chain Topographical Entropy from corr. pLogP method (GLN 12) : 19.7569
Side Chain Topographical Entropy from corr. pLogP method (LEU 13) : 4.1733
Side Chain Topographical Entropy from corr. pLogP method (GLY 14) : -0.0000
Side Chain Topographical Entropy from corr. pLogP method (SER 15) : 0.9414
Side Chain Topographical Entropy from corr. pLogP method (THR 16) : 1.1687
Side Chain Topographical Entropy from corr. pLogP method (PHE 17) : 7.6066
Side Chain Topographical Entropy from corr. pLogP method (ILE 18) : 4.4312
Side Chain Topographical Entropy from corr. pLogP method (VAL 19) : 6.3935
Side Chain Topographical Entropy from corr. pLogP method (THR 20) : 5.8612
Side Chain Topographical Entropy from corr. pLogP method (ALA 21) : -0.0000
Side Chain Topographical Entropy from corr. pLogP method (GLY 22) : -0.0000
Side Chain Topographical Entropy from corr. pLogP method (ALA 23) : -0.0000
Side Chain Topographical Entropy from corr. pLogP method (ASP 24) : 14.4020
Side Chain Topographical Entropy from corr. pLogP method (GLY 25) : -0.0000
Side Chain Topographical Entropy from corr. pLogP method (ALA 26) : -0.0000
Side Chain Topographical Entropy from corr. pLogP method (LEU 27) : 7.8428
Side Chain Topographical Entropy from corr. pLogP method (THR 28) : 5.8127
Side Chain Topographical Entropy from corr. pLogP method (GLY 29) : -0.0000
Side Chain Topographical Entropy from corr. pLogP method (THR 30) : 6.6511
Side Chain Topographical Entropy from corr. pLogP method (TYR 31) : 7.2432
Side Chain Topographical Entropy from corr. pLogP method (GLU 32) : 17.5279
Side Chain Topographical Entropy from corr. pLogP method (SER 33) : 7.7635
Side Chain Topographical Entropy from corr. pLogP method (ALA 34) : -0.0000
Side Chain Topographical Entropy from corr. pLogP method (VAL 35) : 8.4836
Side Chain Topographical Entropy from corr. pLogP method (GLY 36) : -0.0000
Side Chain Topographical Entropy from corr. pLogP method (ASN 37) : 10.5774
Side Chain Topographical Entropy from corr. pLogP method (ALA 38) : -0.0000
Side Chain Topographical Entropy from corr. pLogP method (GLU 39) : 20.7087
Side Chain Topographical Entropy from corr. pLogP method (SER 40) : 4.8322
Side Chain Topographical Entropy from corr. pLogP method (ARG 41) : 11.3435
Side Chain Topographical Entropy from corr. pLogP method (TYR 42) : 0.0657
Side Chain Topographical Entropy from corr. pLogP method (VAL 43) : 1.0619
Side Chain Topographical Entropy from corr. pLogP method (LEU 44) : 1.1625
Side Chain Topographical Entropy from corr. pLogP method (THR 45) : 5.7534
Side Chain Topographical Entropy from corr. pLogP method (GLY 46) : -0.0000
Side Chain Topographical Entropy from corr. pLogP method (ARG 47) : 5.9604
Side Chain Topographical Entropy from corr. pLogP method (TYR 48) : 3.0825
Side Chain Topographical Entropy from corr. pLogP method (ASP 49) : 0.7826
Side Chain Topographical Entropy from corr. pLogP method (SER 50) : 1.1496
Side Chain Topographical Entropy from corr. pLogP method (ALA 51) : -0.0000
Side Chain Topographical Entropy from corr. pLogP method (PRO 52) : 8.5951
Side Chain Topographical Entropy from corr. pLogP method (ALA 53) : -0.0000
Side Chain Topographical Entropy from corr. pLogP method (THR 54) : 5.7416
Side Chain Topographical Entropy from corr. pLogP method (ASP 55) : 6.7371
Side Chain Topographical Entropy from corr. pLogP method (GLY 56) : -0.0000
Side Chain Topographical Entropy from corr. pLogP method (SER 57) : 1.2614
Side Chain Topographical Entropy from corr. pLogP method (GLY 58) : -0.0000
Side Chain Topographical Entropy from corr. pLogP method (THR 59) : -0.0000
Side Chain Topographical Entropy from corr. pLogP method (ALA 60) : -0.0000
Side Chain Topographical Entropy from corr. pLogP method (LEU 61) : 5.0851
Side Chain Topographical Entropy from corr. pLogP method (GLY 62) : -0.0000
Side Chain Topographical Entropy from corr. pLogP method (TRP 63) : -0.0000
Side Chain Topographical Entropy from corr. pLogP method (THR 64) : 2.8109
Side Chain Topographical Entropy from corr. pLogP method (VAL 65) : -0.0000
Side Chain Topographical Entropy from corr. pLogP method (ALA 66) : -0.0000
Side Chain Topographical Entropy from corr. pLogP method (TRP 67) : -0.0000
Side Chain Topographical Entropy from corr. pLogP method (LYS 68) : 14.5699
Side Chain Topographical Entropy from corr. pLogP method (ASN 69) : 5.7631
Side Chain Topographical Entropy from corr. pLogP method (ASN 70) : 13.1979
Side Chain Topographical Entropy from corr. pLogP method (TYR 71) : 5.5957
Side Chain Topographical Entropy from corr. pLogP method (ARG 72) : 16.2923
Side Chain Topographical Entropy from corr. pLogP method (ASN 73) : 0.1200
Side Chain Topographical Entropy from corr. pLogP method (ALA 74) : -0.0000
Side Chain Topographical Entropy from corr. pLogP method (HID 75) : 0.3816
Side Chain Topographical Entropy from corr. pLogP method (SER 76) : 5.0310
Side Chain Topographical Entropy from corr. pLogP method (ALA 77) : -0.0000
Side Chain Topographical Entropy from corr. pLogP method (THR 78) : -0.0000
Side Chain Topographical Entropy from corr. pLogP method (THR 79) : 0.2355
Side Chain Topographical Entropy from corr. pLogP method (TRP 80) : 2.1303
Side Chain Topographical Entropy from corr. pLogP method (SER 81) : 0.0657
Side Chain Topographical Entropy from corr. pLogP method (GLY 82) : -0.0000
Side Chain Topographical Entropy from corr. pLogP method (GLN 83) : 5.7529
Side Chain Topographical Entropy from corr. pLogP method (TYR 84) : -0.0000
Side Chain Topographical Entropy from corr. pLogP method (VAL 85) : 0.8790
Side Chain Topographical Entropy from corr. pLogP method (GLY 86) : -0.0000
Side Chain Topographical Entropy from corr. pLogP method (GLY 87) : -0.0000
Side Chain Topographical Entropy from corr. pLogP method (ALA 88) : -0.0000
Side Chain Topographical Entropy from corr. pLogP method (GLU 89) : 17.1939
Side Chain Topographical Entropy from corr. pLogP method (ALA 90) : -0.0000
Side Chain Topographical Entropy from corr. pLogP method (ARG 91) : 7.5537
Side Chain Topographical Entropy from corr. pLogP method (ILE 92) : 0.6911
Side Chain Topographical Entropy from corr. pLogP method (ASN 93) : 2.5761
Side Chain Topographical Entropy from corr. pLogP method (THR 94) : 0.1698
Side Chain Topographical Entropy from corr. pLogP method (GLN 95) : 10.2567
Side Chain Topographical Entropy from corr. pLogP method (TRP 96) : 0.9104
Side Chain Topographical Entropy from corr. pLogP method (LEU 97) : -0.0000
Side Chain Topographical Entropy from corr. pLogP method (LEU 98) : 4.2943
Side Chain Topographical Entropy from corr. pLogP method (THR 99) : -0.0000
Side Chain Topographical Entropy from corr. pLogP method (SER 100) : 6.9204
Side Chain Topographical Entropy from corr. pLogP method (GLY 101) : -0.0000
Side Chain Topographical Entropy from corr. pLogP method (THR 102) : -0.0000
Side Chain Topographical Entropy from corr. pLogP method (THR 103) : -0.0000
Side Chain Topographical Entropy from corr. pLogP method (GLU 104) : 22.7037
Side Chain Topographical Entropy from corr. pLogP method (ALA 105) : -0.0000
Side Chain Topographical Entropy from corr. pLogP method (ASN 106) : 2.4769
Side Chain Topographical Entropy from corr. pLogP method (ALA 107) : -0.0000
Side Chain Topographical Entropy from corr. pLogP method (TRP 108) : 5.6860
Side Chain Topographical Entropy from corr. pLogP method (LYS 109) : 9.6129
Side Chain Topographical Entropy from corr. pLogP method (SER 110) : 4.7660
Side Chain Topographical Entropy from corr. pLogP method (THR 111) : 0.0657
Side Chain Topographical Entropy from corr. pLogP method (LEU 112) : 1.8971
Side Chain Topographical Entropy from corr. pLogP method (VAL 113) : -0.0000
Side Chain Topographical Entropy from corr. pLogP method (GLY 114) : -0.0000
Side Chain Topographical Entropy from corr. pLogP method (HID 115) : -0.0000
Side Chain Topographical Entropy from corr. pLogP method (ASP 116) : 8.0622
Side Chain Topographical Entropy from corr. pLogP method (THR 117) : -0.0000
Side Chain Topographical Entropy from corr. pLogP method (PHE 118) : -0.0000
Side Chain Topographical Entropy from corr. pLogP method (THR 119) : 5.3408
Side Chain Topographical Entropy from corr. pLogP method (LYS 120) : 10.9068
Side Chain Topographical Entropy from corr. pLogP method (VAL 121) : 6.0698
Side Chain Topographical Entropy from corr. pLogP method (LYS 122) : 24.3361
Side Chain Topographical Entropy from corr. pLogP method (PRO 123) : 13.2158
Side Chain Topographical Entropy from corr. pLogP method (SER 124) : 1.1081
Side Chain Topographical Entropy from corr. pLogP method (ALA 125) : -0.0000
Side Chain Topographical Entropy from corr. pLogP method (ALA 126) : -0.0000
Side Chain Topographical Entropy from corr. pLogP method (CSER 127) : 4.0374
____________________________________________________________
Total SC Topog. Entropy (corr. pLogP)    :         494.628
------------------------------------------------------------
____________________________________________________________
Total BB Topog. Entropy (corr. pLogP)    :          18.549
------------------------------------------------------------
____________________________________________________________
Total Entropy                            :         513.178
------------------------------------------------------------
