------------------------------------------------------------
Topographical entropy of residue side chains 
computed using all the dihedrals with correlation/pLogp formalism
------------------------------------------------------------
Side Chain Topographical Entropy from corr. pLogP method (NALA 1) : -0.0000
Side Chain Topographical Entropy from corr. pLogP method (GLU 2) : 22.5297
Side Chain Topographical Entropy from corr. pLogP method (ALA 3) : -0.0000
Side Chain Topographical Entropy from corr. pLogP method (GLY 4) : -0.0000
Side Chain Topographical Entropy from corr. pLogP method (ILE 5) : 3.6108
Side Chain Topographical Entropy from corr. pLogP method (THR 6) : 1.1336
Side Chain Topographical Entropy from corr. pLogP method (GLY 7) : -0.0000
Side Chain Topographical Entropy from corr. pLogP method (THR 8) : 2.1555
Side Chain Topographical Entropy from corr. pLogP method (TRP 9) : 1.1527
Side Chain Topographical Entropy from corr. pLogP method (TYR 10) : 7.5650
Side Chain Topographical Entropy from corr. pLogP method (ALA 11) : -0.0000
Side Chain Topographical Entropy from corr. pLogP method (GLN 12) : 21.8036
Side Chain Topographical Entropy from corr. pLogP method (LEU 13) : 8.5716
Side Chain Topographical Entropy from corr. pLogP method (GLY 14) : -0.0000
Side Chain Topographical Entropy from corr. pLogP method (SER 15) : 7.0139
Side Chain Topographical Entropy from corr. pLogP method (THR 16) : 8.5757
Side Chain Topographical Entropy from corr. pLogP method (PHE 17) : 1.3219
Side Chain Topographical Entropy from corr. pLogP method (ILE 18) : 11.0363
Side Chain Topographical Entropy from corr. pLogP method (VAL 19) : 6.7146
Side Chain Topographical Entropy from corr. pLogP method (THR 20) : 7.6725
Side Chain Topographical Entropy from corr. pLogP method (ALA 21) : -0.0000
Side Chain Topographical Entropy from corr. pLogP method (GLY 22) : -0.0000
Side Chain Topographical Entropy from corr. pLogP method (ALA 23) : -0.0000
Side Chain Topographical Entropy from corr. pLogP method (ASP 24) : 14.3082
Side Chain Topographical Entropy from corr. pLogP method (GLY 25) : -0.0000
Side Chain Topographical Entropy from corr. pLogP method (ALA 26) : -0.0000
Side Chain Topographical Entropy from corr. pLogP method (LEU 27) : 10.9362
Side Chain Topographical Entropy from corr. pLogP method (THR 28) : 9.0921
Side Chain Topographical Entropy from corr. pLogP method (GLY 29) : -0.0000
Side Chain Topographical Entropy from corr. pLogP method (THR 30) : 5.8510
Side Chain Topographical Entropy from corr. pLogP method (TYR 31) : 4.2904
Side Chain Topographical Entropy from corr. pLogP method (GLU 32) : 17.2374
Side Chain Topographical Entropy from corr. pLogP method (SER 33) : 8.0137
Side Chain Topographical Entropy from corr. pLogP method (ALA 34) : -0.0000
Side Chain Topographical Entropy from corr. pLogP method (VAL 35) : 7.0203
Side Chain Topographical Entropy from corr. pLogP method (GLY 36) : -0.0000
Side Chain Topographical Entropy from corr. pLogP method (ASN 37) : 11.2955
Side Chain Topographical Entropy from corr. pLogP method (ALA 38) : -0.0000
Side Chain Topographical Entropy from corr. pLogP method (GLU 39) : 21.6088
Side Chain Topographical Entropy from corr. pLogP method (SER 40) : 5.5898
Side Chain Topographical Entropy from corr. pLogP method (ARG 41) : 10.3765
Side Chain Topographical Entropy from corr. pLogP method (TYR 42) : 0.7872
Side Chain Topographical Entropy from corr. pLogP method (VAL 43) : 1.0669
Side Chain Topographical Entropy from corr. pLogP method (LEU 44) : 1.0849
Side Chain Topographical Entropy from corr. pLogP method (THR 45) : 4.1689
Side Chain Topographical Entropy from corr. pLogP method (GLY 46) : -0.0000
Side Chain Topographical Entropy from corr. pLogP method (ARG 47) : 0.4751
Side Chain Topographical Entropy from corr. pLogP method (TYR 48) : 4.4247
Side Chain Topographical Entropy from corr. pLogP method (ASP 49) : 8.0616
Side Chain Topographical Entropy from corr. pLogP method (SER 50) : 1.5567
Side Chain Topographical Entropy from corr. pLogP method (ALA 51) : -0.0000
Side Chain Topographical Entropy from corr. pLogP method (PRO 52) : 14.1860
Side Chain Topographical Entropy from corr. pLogP method (ALA 53) : -0.0000
Side Chain Topographical Entropy from corr. pLogP method (THR 54) : 8.7316
Side Chain Topographical Entropy from corr. pLogP method (ASP 55) : 17.2474
Side Chain Topographical Entropy from corr. pLogP method (GLY 56) : -0.0000
Side Chain Topographical Entropy from corr. pLogP method (SER 57) : 8.4792
Side Chain Topographical Entropy from corr. pLogP method (GLY 58) : -0.0000
Side Chain Topographical Entropy from corr. pLogP method (THR 59) : 2.6696
Side Chain Topographical Entropy from corr. pLogP method (ALA 60) : -0.0000
Side Chain Topographical Entropy from corr. pLogP method (LEU 61) : 7.6794
Side Chain Topographical Entropy from corr. pLogP method (GLY 62) : -0.0000
Side Chain Topographical Entropy from corr. pLogP method (TRP 63) : 0.0134
Side Chain Topographical Entropy from corr. pLogP method (THR 64) : 1.9256
Side Chain Topographical Entropy from corr. pLogP method (VAL 65) : 0.1936
Side Chain Topographical Entropy from corr. pLogP method (ALA 66) : -0.0000
Side Chain Topographical Entropy from corr. pLogP method (TRP 67) : 1.4015
Side Chain Topographical Entropy from corr. pLogP method (LYS 68) : 15.1542
Side Chain Topographical Entropy from corr. pLogP method (ASN 69) : 6.3022
Side Chain Topographical Entropy from corr. pLogP method (ASN 70) : 15.1547
Side Chain Topographical Entropy from corr. pLogP method (TYR 71) : 7.4032
Side Chain Topographical Entropy from corr. pLogP method (ARG 72) : 13.8399
Side Chain Topographical Entropy from corr. pLogP method (ASN 73) : 3.8987
Side Chain Topographical Entropy from corr. pLogP method (ALA 74) : -0.0000
Side Chain Topographical Entropy from corr. pLogP method (HID 75) : 4.6179
Side Chain Topographical Entropy from corr. pLogP method (SER 76) : 3.5781
Side Chain Topographical Entropy from corr. pLogP method (ALA 77) : -0.0000
Side Chain Topographical Entropy from corr. pLogP method (THR 78) : 0.0193
Side Chain Topographical Entropy from corr. pLogP method (THR 79) : 2.8900
Side Chain Topographical Entropy from corr. pLogP method (TRP 80) : 3.0664
Side Chain Topographical Entropy from corr. pLogP method (SER 81) : 3.2793
Side Chain Topographical Entropy from corr. pLogP method (GLY 82) : -0.0000
Side Chain Topographical Entropy from corr. pLogP method (GLN 83) : 11.2310
Side Chain Topographical Entropy from corr. pLogP method (TYR 84) : 1.9220
Side Chain Topographical Entropy from corr. pLogP method (VAL 85) : 2.0404
Side Chain Topographical Entropy from corr. pLogP method (GLY 86) : -0.0000
Side Chain Topographical Entropy from corr. pLogP method (GLY 87) : -0.0000
Side Chain Topographical Entropy from corr. pLogP method (ALA 88) : -0.0000
Side Chain Topographical Entropy from corr. pLogP method (GLU 89) : 21.4439
Side Chain Topographical Entropy from corr. pLogP method (ALA 90) : -0.0000
Side Chain Topographical Entropy from corr. pLogP method (ARG 91) : 10.3840
Side Chain Topographical Entropy from corr. pLogP method (ILE 92) : 0.4212
Side Chain Topographical Entropy from corr. pLogP method (ASN 93) : 8.2195
Side Chain Topographical Entropy from corr. pLogP method (THR 94) : 5.7022
Side Chain Topographical Entropy from corr. pLogP method (GLN 95) : 7.7483
Side Chain Topographical Entropy from corr. pLogP method (TRP 96) : 1.0595
Side Chain Topographical Entropy from corr. pLogP method (LEU 97) : 0.2100
Side Chain Topographical Entropy from corr. pLogP method (LEU 98) : 0.9355
Side Chain Topographical Entropy from corr. pLogP method (THR 99) : 0.0799
Side Chain Topographical Entropy from corr. pLogP method (SER 100) : 8.4259
Side Chain Topographical Entropy from corr. pLogP method (GLY 101) : -0.0000
Side Chain Topographical Entropy from corr. pLogP method (THR 102) : 4.0276
Side Chain Topographical Entropy from corr. pLogP method (THR 103) : 3.5043
Side Chain Topographical Entropy from corr. pLogP method (GLU 104) : 21.0023
Side Chain Topographical Entropy from corr. pLogP method (ALA 105) : -0.0000
Side Chain Topographical Entropy from corr. pLogP method (ASN 106) : 5.8917
Side Chain Topographical Entropy from corr. pLogP method (ALA 107) : -0.0000
Side Chain Topographical Entropy from corr. pLogP method (TRP 108) : 7.6156
Side Chain Topographical Entropy from corr. pLogP method (LYS 109) : 15.1745
Side Chain Topographical Entropy from corr. pLogP method (SER 110) : 1.9909
Side Chain Topographical Entropy from corr. pLogP method (THR 111) : 0.0072
Side Chain Topographical Entropy from corr. pLogP method (LEU 112) : 1.2936
Side Chain Topographical Entropy from corr. pLogP method (VAL 113) : 0.0561
Side Chain Topographical Entropy from corr. pLogP method (GLY 114) : -0.0000
Side Chain Topographical Entropy from corr. pLogP method (HID 115) : 8.3590
Side Chain Topographical Entropy from corr. pLogP method (ASP 116) : 9.6962
Side Chain Topographical Entropy from corr. pLogP method (THR 117) : 6.1513
Side Chain Topographical Entropy from corr. pLogP method (PHE 118) : 3.5897
Side Chain Topographical Entropy from corr. pLogP method (THR 119) : 5.5972
Side Chain Topographical Entropy from corr. pLogP method (LYS 120) : 14.5795
Side Chain Topographical Entropy from corr. pLogP method (VAL 121) : 5.1718
Side Chain Topographical Entropy from corr. pLogP method (LYS 122) : 20.0577
Side Chain Topographical Entropy from corr. pLogP method (PRO 123) : 15.6633
Side Chain Topographical Entropy from corr. pLogP method (SER 124) : 8.4722
Side Chain Topographical Entropy from corr. pLogP method (ALA 125) : -0.0000
Side Chain Topographical Entropy from corr. pLogP method (ALA 126) : -0.0000
Side Chain Topographical Entropy from corr. pLogP method (CSER 127) : 5.0080
____________________________________________________________
Total SC Topog. Entropy (corr. pLogP)    :         642.568
------------------------------------------------------------
____________________________________________________________
Total BB Topog. Entropy (corr. pLogP)    :          27.128
------------------------------------------------------------
____________________________________________________________
Total Entropy                            :         669.695
------------------------------------------------------------
