------------------------------------------------------------
            Hierarchy level. --> United Atom <--            
------------------------------------------------------------
      RESNAME   RESID  FF_ENTROPY  TT_ENTROPY
UATOM BTN           1      91.943      80.334
____________________________________________________________
Total Entropy FF (UA level) :          91.943 J/mol/K
Total Entropy TT (UA level) :          80.334 J/mol/K
------------------------------------------------------------
____________________________________________________________
Total Entropy                            :         172.277
------------------------------------------------------------
------------------------------------------------------------
            Hierarchy level. --> United Atom <--            
------------------------------------------------------------
      RESNAME   RESID  FF_ENTROPY  TT_ENTROPY
UATOM BTN           1      92.536      80.594
____________________________________________________________
Total Entropy FF (UA level) :          92.536 J/mol/K
Total Entropy TT (UA level) :          80.594 J/mol/K
------------------------------------------------------------
____________________________________________________________
Total Entropy                            :         173.130
------------------------------------------------------------
------------------------------------------------------------
            Hierarchy level. --> United Atom <--            
------------------------------------------------------------
      RESNAME   RESID  FF_ENTROPY  TT_ENTROPY
UATOM BTN           1      92.689      78.544
____________________________________________________________
Total Entropy FF (UA level) :          92.689 J/mol/K
Total Entropy TT (UA level) :          78.544 J/mol/K
------------------------------------------------------------
____________________________________________________________
Total Entropy                            :         171.232
------------------------------------------------------------
------------------------------------------------------------
            Hierarchy level. --> United Atom <--            
------------------------------------------------------------
      RESNAME   RESID  FF_ENTROPY  TT_ENTROPY
UATOM BTN           1      89.761      79.073
____________________________________________________________
Total Entropy FF (UA level) :          89.761 J/mol/K
Total Entropy TT (UA level) :          79.073 J/mol/K
------------------------------------------------------------
____________________________________________________________
Total Entropy                            :         168.834
------------------------------------------------------------
------------------------------------------------------------
            Hierarchy level. --> United Atom <--            
------------------------------------------------------------
      RESNAME   RESID  FF_ENTROPY  TT_ENTROPY
UATOM BTN           1      89.549      79.584
____________________________________________________________
Total Entropy FF (UA level) :          89.549 J/mol/K
Total Entropy TT (UA level) :          79.584 J/mol/K
------------------------------------------------------------
____________________________________________________________
Total Entropy                            :         169.132
------------------------------------------------------------
