------------------------------------------------------------
Topographical entropy of residue side chains 
 computed using all the dihedrals with pLogp formalism
------------------------------------------------------------
Dihedral 4    0    7    8     : -0.0000
Dihedral 0    4    3    6     : -0.0000
Dihedral 0    7    6    3     : 0.0657
Dihedral 7    6    2    9     : 0.3468
Dihedral 5    4    0    7     : -0.0000
Dihedral 4    3    6    7     : 0.1200
Dihedral 6    2    9    10    : 5.8372
Dihedral 5    4    3    6     : 0.1200
Dihedral 1    2    6    7     : 0.3874
Dihedral 0    7    6    2     : 0.0657
Dihedral 11   12   13   15    : 5.7461
Dihedral 1    2    6    3     : 0.1698
Dihedral 4    0    7    6     : 0.0657
Dihedral 1    8    7    6     : 5.3018
Dihedral 10   11   12   13    : 8.8574
Dihedral 2    6    7    8     : 0.3050
Dihedral 3    6    7    8     : 1.1491
Dihedral 6    2    1    8     : 1.2614
Dihedral 11   12   13   14    : -0.0000
Dihedral 2    6    3    4     : 0.2168
Dihedral 2    1    8    7     : 0.5768
Dihedral 3    4    0    7     : 0.0657
Dihedral 3    6    2    9     : 0.0657
Dihedral 2    9    10   11    : 8.7645
Dihedral 0    7    8    1     : 4.4938
Dihedral 9    10   11   12    : 7.1072
Dihedral 1    2    9    10    : 5.8439
Dihedral 8    1    2    9     : 0.6476
Side Chain Topographical Entropy (BTN 1) : 57.5811
____________________________________________________________
Total SC Topog. Entropy                  :          57.581
------------------------------------------------------------
------------------------------------------------------------
Topographical entropy of BB dihedrals 
 computed using the pLogp formalism
------------------------------------------------------------
____________________________________________________________
Total BB Topog. Entropy                  :           0.000
------------------------------------------------------------
____________________________________________________________
Total Entropy                            :          57.581
------------------------------------------------------------
