------------------------------------------------------------
          Hierarchy level. --> Whole molecule <--           
------------------------------------------------------------
Total number of beads at the whole molecule level = 1
FF Entropy (Whole mol level)             : 58.5719 J/mol/K
TT Entropy (Whole mol level)             : 53.2670 J/mol/K
____________________________________________________________
Total Entropy                            :         111.839
------------------------------------------------------------
------------------------------------------------------------
          Hierarchy level. --> Whole molecule <--           
------------------------------------------------------------
Total number of beads at the whole molecule level = 1
FF Entropy (Whole mol level)             : 59.1203 J/mol/K
TT Entropy (Whole mol level)             : 53.2834 J/mol/K
____________________________________________________________
Total Entropy                            :         112.404
------------------------------------------------------------
------------------------------------------------------------
          Hierarchy level. --> Whole molecule <--           
------------------------------------------------------------
Total number of beads at the whole molecule level = 1
FF Entropy (Whole mol level)             : 58.1126 J/mol/K
TT Entropy (Whole mol level)             : 53.1833 J/mol/K
____________________________________________________________
Total Entropy                            :         111.296
------------------------------------------------------------
------------------------------------------------------------
          Hierarchy level. --> Whole molecule <--           
------------------------------------------------------------
Total number of beads at the whole molecule level = 1
FF Entropy (Whole mol level)             : 59.1807 J/mol/K
TT Entropy (Whole mol level)             : 53.3159 J/mol/K
____________________________________________________________
Total Entropy                            :         112.497
------------------------------------------------------------
------------------------------------------------------------
          Hierarchy level. --> Whole molecule <--           
------------------------------------------------------------
Total number of beads at the whole molecule level = 1
FF Entropy (Whole mol level)             : 58.2715 J/mol/K
TT Entropy (Whole mol level)             : 52.8381 J/mol/K
____________________________________________________________
Total Entropy                            :         111.110
------------------------------------------------------------
