------------------------------------------------------------
Topographical entropy of residue side chains 
computed using all the dihedrals with AEM method
------------------------------------------------------------
Residue Topographical Entropy from AEM (BTN 1) : 27.3479
____________________________________________________________
Total Topog. Entropy (AEM)               :          27.348
------------------------------------------------------------
____________________________________________________________
Total Entropy                            :          27.348
------------------------------------------------------------
------------------------------------------------------------
Topographical entropy of residue side chains 
computed using all the dihedrals with AEM method
------------------------------------------------------------
Residue Topographical Entropy from AEM (BTN 1) : 27.2684
____________________________________________________________
Total Topog. Entropy (AEM)               :          27.268
------------------------------------------------------------
____________________________________________________________
Total Entropy                            :          27.268
------------------------------------------------------------
------------------------------------------------------------
Topographical entropy of residue side chains 
computed using all the dihedrals with AEM method
------------------------------------------------------------
Residue Topographical Entropy from AEM (BTN 1) : 28.1265
____________________________________________________________
Total Topog. Entropy (AEM)               :          28.126
------------------------------------------------------------
____________________________________________________________
Total Entropy                            :          28.126
------------------------------------------------------------
------------------------------------------------------------
Topographical entropy of residue side chains 
computed using all the dihedrals with AEM method
------------------------------------------------------------
Residue Topographical Entropy from AEM (BTN 1) : 26.9357
____________________________________________________________
Total Topog. Entropy (AEM)               :          26.936
------------------------------------------------------------
____________________________________________________________
Total Entropy                            :          26.936
------------------------------------------------------------
------------------------------------------------------------
Topographical entropy of residue side chains 
computed using all the dihedrals with AEM method
------------------------------------------------------------
Residue Topographical Entropy from AEM (BTN 1) : 27.6824
____________________________________________________________
Total Topog. Entropy (AEM)               :          27.682
------------------------------------------------------------
____________________________________________________________
Total Entropy                            :          27.682
------------------------------------------------------------
