------------------------------------------------------------
Topographical entropy of residue side chains 
 computed using all the dihedrals with pLogp formalism
------------------------------------------------------------
Dihedral 0    4    3    6     : -0.0000
Dihedral 2    6    3    4     : 0.1200
Dihedral 0    7    6    2     : -0.0000
Dihedral 9    10   11   12    : 6.8577
Dihedral 7    6    2    9     : 0.2168
Dihedral 1    2    9    10    : 5.5820
Dihedral 0    7    8    1     : 4.6010
Dihedral 3    4    0    7     : -0.0000
Dihedral 2    9    10   11    : 7.7546
Dihedral 4    3    6    7     : -0.0000
Dihedral 11   12   13   15    : 5.7198
Dihedral 10   11   12   13    : 8.8219
Dihedral 4    0    7    8     : -0.0000
Dihedral 1    2    6    7     : 0.3050
Dihedral 5    4    0    7     : -0.0000
Dihedral 4    0    7    6     : -0.0000
Dihedral 8    1    2    9     : 0.8473
Dihedral 2    6    7    8     : 0.5768
Dihedral 0    7    6    3     : 0.1200
Dihedral 1    8    7    6     : 5.1931
Dihedral 6    2    1    8     : 1.3161
Dihedral 6    2    9    10    : 5.6757
Dihedral 2    1    8    7     : 0.6476
Dihedral 5    4    3    6     : 0.0657
Dihedral 3    6    2    9     : -0.0000
Dihedral 3    6    7    8     : 1.5763
Dihedral 11   12   13   14    : -0.0000
Dihedral 1    2    6    3     : 0.1698
Side Chain Topographical Entropy (BTN 1) : 56.1671
____________________________________________________________
Total SC Topog. Entropy                  :          56.167
------------------------------------------------------------
------------------------------------------------------------
Topographical entropy of BB dihedrals 
 computed using the pLogp formalism
------------------------------------------------------------
____________________________________________________________
Total BB Topog. Entropy                  :           0.000
------------------------------------------------------------
____________________________________________________________
Total Entropy                            :          56.167
------------------------------------------------------------
