39.252   	38.581   	37.956   	38.228   
21.543   	22.235   	21.630   	21.885   
24.873   	24.799   	24.166   	24.561   
11.764   	12.156   	12.617   	12.738   
51.996   	52.141   	51.880   	52.111   
34.211   	34.813   	34.077   	33.989   
12.478   	12.494   	12.969   	13.401   
35.030   	34.628   	33.578   	34.786   
41.259   	39.920   	39.229   	39.908   
36.591   	35.544   	36.431   	39.606   
26.694   	27.904   	27.641   	30.553   
31.940   	33.851   	33.159   	34.391   
51.287   	53.729   	51.690   	52.922   
11.715   	12.861   	11.701   	13.566   
21.338   	22.049   	22.725   	24.172   
34.276   	35.215   	34.618   	35.586   
35.881   	35.057   	35.532   	37.576   
52.700   	51.917   	52.167   	52.903   
42.760   	43.480   	42.394   	44.024   
34.204   	34.609   	34.298   	34.960   
25.303   	25.842   	26.006   	26.561   
12.738   	12.923   	13.022   	13.253   
25.567   	25.698   	26.027   	26.538   
14.581   	14.301   	14.860   	16.181   
12.339   	13.000   	13.415   	13.108   
24.818   	25.338   	24.734   	24.545   
51.179   	52.264   	50.442   	51.315   
34.227   	34.017   	34.625   	34.644   
12.607   	13.259   	13.484   	12.990   
34.837   	33.204   	34.899   	34.920   
37.595   	36.591   	37.278   	37.902   
22.279   	22.220   	21.841   	22.110   
22.984   	21.598   	22.464   	23.765   
23.817   	24.338   	25.543   	26.410   
43.571   	42.514   	41.763   	43.135   
13.121   	12.833   	12.361   	12.582   
25.202   	26.390   	26.366   	26.126   
25.050   	24.372   	26.346   	26.581   
22.665   	22.277   	21.962   	23.489   
22.227   	21.515   	20.993   	21.869   
57.058   	58.519   	56.028   	59.062   
38.178   	36.831   	37.674   	41.263   
44.111   	43.306   	43.908   	44.030   
50.085   	48.984   	50.913   	48.903   
35.048   	36.128   	33.669   	37.638   
13.176   	13.422   	13.632   	13.000   
56.456   	57.410   	58.193   	58.429   
38.278   	36.801   	36.434   	39.510   
16.824   	15.712   	15.452   	15.891   
21.553   	22.042   	22.346   	22.423   
23.194   	23.920   	23.713   	23.482   
26.668   	26.647   	25.905   	27.723   
25.382   	25.445   	24.713   	25.784   
34.553   	34.373   	34.440   	35.163   
14.918   	13.961   	15.549   	15.064   
12.643   	12.628   	13.851   	12.407   
21.458   	20.574   	19.771   	20.373   
12.277   	13.568   	13.034   	12.796   
33.832   	34.390   	33.766   	34.885   
24.809   	25.107   	25.521   	26.074   
51.139   	50.270   	50.118   	50.799   
13.021   	13.361   	12.394   	13.472   
42.483   	40.634   	39.189   	40.476   
33.872   	33.626   	33.676   	32.802   
43.972   	44.064   	43.499   	44.397   
24.971   	25.470   	25.700   	24.611   
38.469   	40.481   	40.647   	42.806   
52.126   	55.142   	52.520   	53.088   
28.682   	28.296   	25.875   	25.780   
26.129   	25.913   	26.798   	27.040   
34.884   	35.904   	36.384   	38.049   
56.179   	56.976   	57.413   	57.854   
24.875   	25.492   	26.665   	27.046   
25.637   	25.709   	24.848   	25.181   
29.014   	29.817   	28.293   	30.235   
21.120   	22.434   	21.663   	23.511   
25.420   	25.435   	26.114   	25.244   
35.624   	36.041   	36.348   	38.199   
34.087   	36.056   	33.369   	34.834   
40.957   	40.230   	39.789   	42.454   
24.464   	21.793   	21.865   	20.140   
13.204   	12.944   	11.429   	12.915   
34.792   	34.307   	32.155   	33.657   
38.668   	38.842   	36.982   	37.960   
42.412   	43.380   	43.142   	43.824   
12.044   	12.586   	12.030   	13.067   
12.393   	12.000   	12.183   	12.860   
24.833   	24.925   	25.796   	26.483   
21.426   	21.720   	22.218   	23.111   
24.045   	25.841   	25.146   	25.726   
55.601   	56.735   	56.013   	57.034   
50.504   	51.108   	50.619   	51.520   
26.708   	28.151   	26.122   	26.568   
35.494   	34.750   	33.819   	33.777   
35.098   	35.337   	33.962   	34.579   
42.716   	41.702   	39.616   	41.104   
51.827   	50.793   	51.344   	50.327   
54.090   	52.067   	51.981   	53.576   
36.243   	36.266   	36.011   	35.527   
21.070   	21.408   	22.188   	22.460   
11.794   	12.906   	13.141   	13.587   
35.507   	34.367   	35.208   	35.391   
36.672   	35.495   	33.664   	34.843   
22.284   	21.820   	23.149   	22.741   
25.218   	24.286   	26.320   	26.652   
27.322   	26.412   	27.385   	28.063   
26.300   	26.119   	26.083   	26.831   
40.742   	40.661   	40.772   	42.172   
54.072   	51.098   	54.273   	53.289   
22.411   	23.022   	23.022   	23.003   
35.316   	35.530   	35.873   	34.969   
50.382   	51.328   	51.152   	52.584   
43.044   	42.657   	39.799   	41.764   
13.336   	12.900   	11.482   	12.439   
29.684   	30.499   	28.294   	30.300   
15.055   	15.815   	13.573   	14.941   
35.063   	33.653   	34.081   	33.892   
36.162   	36.092   	36.514   	37.783   
32.970   	33.627   	33.463   	36.678   
53.707   	52.292   	54.092   	54.663   
43.361   	43.461   	45.032   	44.945   
52.380   	53.074   	52.998   	52.241   
26.700   	27.140   	27.370   	25.939   
19.911   	20.297   	20.338   	21.496   
24.434   	25.324   	24.472   	24.392   
24.166   	24.613   	23.965   	24.016   
19.928   	19.268   	19.996   	20.345   
38.402   	38.587   	38.068   	38.378   
21.125   	20.698   	21.337   	21.242   
24.928   	25.412   	24.278   	24.630   
11.318   	11.533   	11.980   	13.400   
53.338   	54.400   	53.686   	51.280   
34.930   	35.738   	34.200   	35.413   
13.753   	13.700   	13.166   	13.334   
35.198   	35.921   	35.238   	36.662   
40.663   	43.110   	41.985   	41.424   
36.528   	40.414   	37.928   	40.510   
25.041   	31.086   	30.569   	30.951   
33.893   	34.257   	35.049   	34.274   
52.797   	53.735   	53.877   	52.032   
12.890   	13.538   	14.030   	13.874   
21.270   	20.821   	23.199   	22.855   
33.606   	36.765   	35.422   	36.178   
36.563   	38.146   	37.362   	37.128   
51.763   	53.603   	51.526   	53.617   
43.440   	45.025   	42.748   	45.095   
35.013   	37.144   	35.045   	34.453   
25.328   	26.001   	26.768   	26.517   
12.668   	13.861   	12.013   	13.423   
25.143   	25.161   	26.198   	26.153   
13.921   	15.518   	16.317   	16.047   
13.003   	12.773   	13.475   	13.103   
25.053   	25.448   	24.100   	24.343   
53.152   	53.528   	52.861   	53.665   
35.316   	34.514   	33.967   	36.081   
13.499   	14.090   	12.820   	14.237   
36.306   	35.294   	36.333   	33.702   
38.821   	40.638   	38.948   	39.147   
23.047   	23.586   	22.581   	22.678   
22.312   	24.381   	22.999   	24.174   
24.309   	24.761   	25.833   	26.197   
42.550   	42.827   	43.576   	41.929   
13.139   	13.615   	13.602   	12.271   
25.473   	25.058   	27.023   	26.487   
25.083   	25.680   	26.321   	26.138   
22.698   	23.160   	22.704   	22.629   
22.044   	23.004   	23.667   	21.959   
55.752   	58.109   	57.031   	59.130   
38.520   	40.848   	40.333   	40.858   
44.370   	44.769   	43.862   	44.541   
51.257   	48.567   	48.375   	48.631   
36.411   	36.047   	36.022   	35.237   
13.081   	13.179   	12.315   	12.424   
56.301   	56.306   	60.154   	60.500   
37.883   	40.163   	39.812   	37.716   
16.278   	15.791   	16.149   	14.878   
22.224   	22.416   	22.481   	22.287   
25.271   	23.766   	22.786   	23.533   
26.564   	26.816   	27.435   	27.825   
25.115   	26.150   	24.354   	25.535   
34.414   	36.296   	36.139   	34.896   
14.532   	15.851   	15.215   	15.130   
12.567   	12.565   	12.957   	13.075   
20.508   	21.228   	21.007   	20.542   
12.848   	12.872   	12.540   	12.976   
34.735   	34.483   	35.410   	34.155   
26.060   	26.131   	26.882   	26.604   
50.840   	51.762   	51.640   	49.707   
12.816   	13.386   	13.110   	12.813   
43.180   	44.106   	43.346   	40.792   
34.778   	33.850   	32.249   	33.969   
42.440   	44.037   	42.785   	44.103   
24.567   	25.137   	25.100   	24.084   
40.284   	40.590   	43.324   	43.676   
53.558   	55.053   	52.999   	54.215   
27.976   	29.120   	27.582   	27.767   
26.292   	26.627   	26.252   	27.561   
35.870   	37.932   	38.521   	37.758   
56.082   	55.888   	54.217   	57.842   
27.071   	27.977   	26.433   	27.685   
25.201   	26.440   	25.500   	26.015   
29.362   	29.714   	30.025   	28.846   
21.283   	22.912   	21.613   	22.449   
25.612   	23.813   	26.136   	24.987   
36.334   	37.381   	38.739   	37.408   
34.009   	36.808   	34.108   	34.640   
42.323   	42.398   	41.369   	40.187   
25.257   	21.924   	22.887   	20.562   
13.403   	13.050   	12.766   	11.957   
34.487   	35.065   	34.238   	32.103   
39.588   	40.249   	38.856   	39.587   
43.567   	44.069   	44.272   	43.999   
12.496   	13.258   	14.175   	12.884   
12.032   	12.037   	12.165   	12.637   
24.994   	24.876   	26.114   	26.628   
21.246   	21.712   	23.351   	22.857   
26.229   	24.399   	25.148   	26.023   
55.904   	57.710   	56.064   	58.235   
52.537   	53.177   	51.363   	52.327   
26.879   	26.853   	26.918   	26.264   
35.557   	36.303   	36.519   	33.056   
36.469   	34.994   	34.554   	35.302   
41.962   	42.484   	42.134   	41.353   
51.691   	51.750   	51.399   	51.469   
52.009   	53.405   	52.816   	51.167   
35.508   	36.699   	34.227   	34.895   
20.883   	21.592   	21.672   	21.776   
12.800   	12.178   	13.088   	13.095   
34.472   	35.612   	33.485   	34.841   
35.303   	37.398   	36.270   	34.774   
22.738   	23.030   	22.942   	23.453   
24.713   	25.756   	26.034   	26.475   
26.234   	26.429   	27.785   	27.148   
26.528   	26.561   	26.597   	26.467   
43.363   	43.748   	42.670   	43.998   
53.645   	53.905   	54.165   	54.170   
23.499   	24.326   	23.694   	22.791   
35.691   	35.399   	34.049   	33.896   
50.312   	51.527   	51.082   	52.196   
42.318   	43.913   	42.604   	42.131   
13.822   	13.729   	13.080   	11.533   
30.757   	31.604   	29.651   	31.409   
16.427   	15.559   	16.009   	15.047   
36.252   	35.782   	36.011   	34.832   
36.966   	37.527   	37.688   	37.153   
34.598   	33.907   	36.048   	35.345   
52.761   	54.017   	54.272   	54.537   
43.840   	43.809   	45.487   	44.851   
54.849   	53.351   	51.881   	52.842   
25.988   	26.139   	27.012   	26.539   
20.425   	20.173   	21.337   	21.261   
24.527   	24.207   	24.613   	24.136   
24.500   	24.489   	24.546   	24.369   
19.420   	19.874   	20.429   	19.254   
39.071   	38.063   	37.786   	37.671   
21.155   	21.043   	21.606   	21.894   
26.098   	24.527   	24.899   	25.259   
12.379   	11.802   	12.971   	11.709   
53.522   	52.679   	51.792   	52.284   
34.499   	35.813   	35.662   	34.389   
13.130   	12.050   	12.780   	12.391   
33.988   	35.080   	34.127   	34.271   
41.476   	38.872   	39.627   	41.000   
39.537   	37.624   	37.471   	37.804   
27.757   	25.807   	28.055   	27.038   
34.212   	32.943   	33.503   	33.167   
53.101   	51.808   	51.895   	54.330   
13.400   	13.492   	13.350   	12.672   
20.592   	22.207   	21.335   	20.551   
35.520   	33.151   	35.991   	34.410   
36.029   	32.687   	34.705   	35.602   
51.683   	51.188   	51.161   	51.987   
44.392   	41.909   	43.112   	42.655   
35.218   	34.482   	34.799   	34.419   
25.138   	25.611   	25.670   	25.295   
11.651   	12.217   	11.958   	11.700   
25.060   	24.422   	24.845   	25.392   
15.780   	15.263   	14.838   	14.889   
11.713   	12.318   	11.351   	11.943   
23.943   	25.024   	24.799   	24.189   
52.141   	52.111   	51.557   	51.536   
34.229   	34.526   	35.127   	33.257   
12.551   	12.355   	12.558   	11.947   
33.665   	33.019   	33.442   	33.593   
39.268   	38.234   	37.300   	38.536   
23.061   	21.997   	23.082   	23.053   
22.999   	22.209   	22.130   	23.573   
25.139   	24.564   	25.599   	25.127   
43.553   	43.718   	41.812   	44.302   
12.812   	12.004   	12.069   	12.263   
24.338   	26.221   	25.684   	25.854   
25.396   	24.932   	25.142   	26.481   
21.893   	21.312   	21.588   	21.846   
21.901   	20.243   	20.067   	22.331   
56.042   	55.702   	56.462   	56.443   
38.818   	36.373   	37.655   	38.796   
43.955   	43.534   	44.594   	44.091   
47.413   	51.567   	47.494   	49.181   
34.133   	33.590   	33.398   	33.373   
11.901   	12.079   	11.716   	11.479   
57.132   	57.771   	58.625   	56.530   
37.771   	35.258   	35.780   	37.718   
15.157   	14.154   	14.055   	15.306   
21.699   	21.031   	20.740   	21.213   
24.393   	23.090   	23.737   	22.383   
26.044   	26.624   	26.524   	26.383   
24.385   	25.952   	24.938   	24.603   
33.623   	34.479   	34.457   	35.635   
14.946   	14.821   	15.463   	15.617   
11.828   	12.616   	12.263   	12.165   
21.559   	20.503   	20.585   	21.252   
11.833   	12.586   	12.125   	11.469   
33.870   	33.784   	33.807   	34.126   
25.939   	26.016   	26.206   	25.985   
51.064   	48.380   	48.255   	50.000   
10.907   	11.484   	11.394   	11.538   
41.642   	40.332   	39.685   	41.732   
32.414   	32.465   	32.678   	31.601   
42.342   	43.096   	43.283   	42.722   
23.254   	23.986   	23.941   	23.226   
39.011   	40.945   	41.691   	38.464   
52.478   	53.687   	54.187   	53.946   
26.624   	26.063   	27.708   	27.649   
26.312   	26.875   	26.839   	27.223   
37.532   	36.277   	37.641   	37.192   
56.511   	55.178   	57.231   	55.964   
27.643   	25.930   	25.442   	26.341   
25.221   	25.603   	25.676   	25.699   
27.264   	27.102   	27.411   	27.595   
20.337   	21.342   	21.449   	20.712   
24.878   	24.742   	25.507   	23.598   
34.873   	35.074   	35.039   	35.042   
35.052   	32.617   	32.129   	33.188   
40.203   	38.426   	39.253   	40.247   
22.886   	20.611   	21.218   	20.714   
12.265   	11.499   	11.458   	12.319   
32.962   	32.752   	32.190   	33.240   
38.685   	38.502   	38.515   	39.281   
44.033   	43.976   	43.744   	44.473   
12.704   	12.834   	12.580   	12.836   
12.246   	11.618   	12.165   	12.118   
25.508   	25.480   	25.567   	25.160   
21.479   	22.305   	22.390   	21.442   
23.859   	24.797   	24.640   	24.731   
55.450   	57.337   	56.017   	55.809   
51.205   	51.863   	51.417   	52.419   
27.045   	26.494   	26.233   	27.411   
33.471   	35.066   	34.125   	34.085   
34.230   	33.251   	33.363   	34.030   
39.045   	39.594   	38.905   	38.397   
51.137   	50.161   	49.909   	50.758   
52.378   	51.165   	50.620   	51.139   
34.342   	35.405   	34.839   	33.269   
20.868   	20.127   	20.809   	20.617   
11.916   	12.591   	12.573   	12.156   
35.363   	33.618   	34.349   	34.625   
36.018   	35.169   	35.176   	35.616   
22.872   	20.997   	22.057   	22.727   
26.025   	24.774   	25.616   	26.497   
27.103   	25.610   	25.736   	27.390   
25.790   	26.029   	25.631   	26.650   
42.538   	41.265   	41.528   	41.874   
53.507   	52.754   	52.777   	53.830   
20.404   	22.177   	22.345   	21.325   
34.718   	34.579   	35.816   	33.827   
49.311   	50.038   	49.573   	50.936   
43.534   	42.186   	41.308   	41.385   
12.867   	11.917   	11.400   	12.649   
28.279   	29.468   	29.301   	28.795   
15.100   	14.717   	14.296   	15.134   
35.442   	34.817   	34.944   	34.979   
35.433   	37.222   	36.153   	35.963   
34.551   	35.791   	34.224   	34.802   
53.791   	54.001   	51.564   	51.982   
43.559   	43.727   	44.506   	43.589   
51.025   	51.872   	52.658   	51.149   
26.882   	27.129   	26.404   	26.749   
20.732   	20.178   	19.978   	20.612   
24.658   	24.830   	24.943   	24.138   
24.708   	24.344   	24.850   	24.203   
19.241   	19.913   	20.324   	20.199   
38.880   	38.390   	21.068   	38.534   
21.480   	21.331   	24.303   	21.213   
25.063   	24.203   	11.751   	23.953   
12.613   	11.843   	53.384   	11.876   
53.512   	52.874   	34.989   	53.302   
37.381   	34.869   	13.380   	35.734   
13.495   	13.039   	35.693   	13.573   
35.625   	35.716   	40.774   	34.348   
43.444   	40.426   	39.561   	41.906   
40.651   	37.914   	29.954   	38.433   
26.414   	28.044   	34.445   	27.766   
33.870   	36.204   	52.583   	34.948   
52.314   	53.281   	13.742   	53.910   
13.344   	14.109   	22.918   	13.504   
22.256   	22.215   	36.654   	22.672   
34.338   	34.498   	36.535   	34.978   
37.153   	34.190   	52.037   	37.125   
52.104   	51.148   	44.515   	52.404   
43.145   	42.273   	34.591   	43.510   
35.560   	35.706   	26.071   	34.358   
25.801   	26.313   	12.983   	26.146   
12.776   	12.578   	25.516   	12.241   
24.446   	24.654   	15.926   	25.539   
15.521   	14.691   	13.216   	15.170   
12.650   	12.506   	24.632   	13.090   
25.140   	24.921   	52.489   	23.952   
51.994   	52.039   	35.835   	52.114   
35.010   	34.756   	13.575   	34.662   
13.397   	13.310   	33.875   	13.380   
34.756   	35.464   	38.682   	33.312   
39.313   	39.852   	23.373   	37.864   
23.388   	22.833   	24.007   	22.604   
23.888   	23.323   	25.898   	23.192   
24.009   	25.547   	42.927   	25.651   
43.439   	44.215   	12.346   	43.937   
12.531   	13.036   	25.797   	13.138   
25.794   	25.887   	26.376   	25.841   
25.858   	24.301   	22.025   	25.576   
23.122   	21.938   	21.838   	22.310   
21.732   	22.181   	56.195   	22.292   
54.516   	55.784   	39.803   	55.720   
40.789   	38.343   	44.315   	40.505   
45.065   	44.340   	48.847   	44.573   
49.625   	50.076   	34.141   	48.285   
34.846   	35.159   	12.460   	33.182   
12.817   	12.276   	59.730   	11.370   
56.090   	56.862   	37.725   	57.333   
39.002   	36.290   	14.343   	38.803   
15.940   	15.460   	21.469   	16.068   
21.668   	22.173   	23.286   	21.752   
24.129   	23.552   	26.382   	22.268   
26.932   	26.530   	25.281   	26.234   
26.068   	26.291   	35.621   	24.718   
35.404   	35.656   	16.322   	33.086   
16.114   	15.326   	12.169   	15.426   
12.041   	12.272   	21.258   	12.744   
20.990   	21.315   	12.770   	21.870   
12.122   	12.881   	34.362   	11.986   
35.311   	34.066   	26.010   	34.905   
26.038   	26.837   	49.685   	26.462   
50.233   	52.106   	11.500   	49.002   
11.898   	12.387   	40.118   	11.649   
43.550   	43.836   	33.586   	40.578   
34.956   	32.971   	43.895   	32.439   
42.528   	42.895   	23.807   	42.982   
23.272   	24.457   	42.277   	23.199   
39.620   	41.148   	53.919   	41.492   
54.683   	54.405   	29.005   	52.915   
27.424   	26.144   	26.920   	28.689   
27.827   	26.674   	37.019   	27.577   
37.960   	35.719   	58.972   	37.665   
57.159   	56.195   	25.461   	55.778   
28.469   	25.704   	26.500   	25.947   
25.845   	26.280   	28.273   	25.835   
27.557   	28.178   	21.670   	28.487   
20.099   	22.267   	25.419   	22.054   
24.811   	25.257   	36.858   	24.848   
36.091   	36.133   	35.715   	36.617   
36.668   	33.977   	40.030   	32.839   
41.616   	40.292   	22.010   	41.881   
24.371   	20.156   	11.084   	20.473   
13.071   	12.310   	31.626   	12.980   
34.613   	35.886   	39.756   	35.211   
39.393   	40.961   	43.875   	40.883   
43.434   	43.920   	13.126   	45.219   
12.633   	13.017   	12.169   	13.458   
11.512   	12.110   	25.673   	12.013   
25.157   	25.186   	22.355   	26.112   
20.619   	21.398   	25.517   	21.904   
24.594   	25.469   	56.669   	24.117   
56.342   	56.269   	52.205   	59.218   
51.836   	52.642   	27.486   	52.025   
26.916   	27.221   	36.382   	27.351   
35.785   	35.001   	35.765   	35.253   
35.775   	34.834   	40.342   	34.054   
41.659   	40.776   	50.795   	41.374   
50.487   	50.137   	52.823   	50.515   
50.666   	51.853   	35.189   	52.200   
35.996   	34.553   	21.531   	33.936   
20.422   	21.125   	12.671   	20.479   
11.944   	13.024   	35.706   	13.361   
34.441   	36.121   	36.264   	36.130   
35.605   	36.570   	23.115   	36.105   
23.517   	22.464   	26.235   	22.651   
25.706   	25.284   	26.843   	26.010   
26.443   	25.403   	26.129   	27.009   
26.479   	26.352   	43.162   	26.262   
43.197   	43.314   	53.647   	42.794   
53.572   	52.803   	22.656   	52.881   
22.299   	22.550   	36.368   	23.110   
35.127   	34.141   	51.163   	34.024   
49.637   	49.240   	41.814   	50.713   
41.669   	42.557   	11.668   	41.201   
13.187   	13.193   	28.060   	13.092   
31.063   	32.072   	14.892   	30.862   
15.832   	15.863   	34.411   	15.611   
34.726   	36.350   	37.408   	36.044   
37.461   	37.128   	34.819   	37.279   
35.018   	35.160   	54.686   	35.742   
52.972   	52.239   	45.021   	53.770   
43.026   	43.682   	53.164   	44.222   
52.089   	52.783   	26.390   	49.970   
26.488   	26.469   	21.097   	26.317   
19.790   	20.209   	24.188   	21.137   
24.941   	24.812   	25.064   	24.886   
24.237   	23.837   	20.283   	23.993   
19.315   	20.054   	39.090   	19.758   
37.896   	37.463   	21.444   	38.378   
21.224   	21.250   	23.678   	21.812   
25.319   	24.398   	11.816   	24.573   
12.723   	11.762   	51.063   	12.476   
53.189   	52.951   	33.847   	53.218   
34.864   	33.953   	12.474   	33.795   
12.650   	12.583   	33.971   	13.202   
34.964   	35.442   	39.935   	34.032   
40.476   	38.704   	37.465   	41.226   
36.856   	35.905   	29.758   	37.007   
26.174   	27.863   	33.790   	27.500   
33.092   	35.160   	52.679   	33.484   
51.597   	52.330   	12.626   	51.580   
12.095   	12.546   	23.237   	12.930   
21.125   	22.211   	35.972   	22.130   
33.844   	34.849   	33.513   	33.511   
35.107   	33.570   	51.477   	36.394   
51.933   	51.490   	43.169   	51.319   
41.727   	42.160   	34.126   	43.574   
34.933   	35.442   	26.355   	34.795   
25.776   	25.292   	13.012   	25.061   
12.621   	12.943   	25.852   	11.926   
25.055   	25.157   	14.745   	25.793   
14.312   	13.765   	13.069   	15.407   
12.045   	12.536   	25.006   	12.675   
23.987   	25.420   	51.837   	24.275   
50.408   	52.862   	35.367   	50.922   
33.830   	34.406   	12.605   	34.044   
12.523   	13.115   	32.718   	12.458   
34.807   	33.652   	37.087   	35.160   
37.912   	37.053   	22.353   	36.855   
21.953   	22.208   	22.359   	23.271   
23.390   	22.116   	25.645   	22.303   
24.629   	24.447   	41.925   	25.722   
43.725   	41.912   	12.141   	43.922   
13.414   	12.880   	26.334   	12.784   
25.391   	25.571   	25.675   	25.988   
25.869   	24.764   	21.420   	26.150   
22.913   	21.503   	19.897   	22.714   
22.740   	21.024   	56.366   	21.223   
59.487   	56.596   	38.043   	55.336   
37.910   	37.902   	43.397   	39.593   
44.041   	42.774   	48.800   	44.159   
50.323   	51.005   	36.316   	48.148   
34.067   	34.645   	12.189   	34.025   
12.845   	13.301   	59.192   	11.909   
56.666   	57.121   	36.054   	58.226   
38.921   	35.844   	14.069   	37.587   
15.891   	14.769   	22.387   	15.712   
21.581   	21.498   	23.199   	21.945   
21.780   	23.137   	26.579   	23.198   
27.356   	27.025   	24.671   	26.552   
25.140   	25.841   	33.850   	24.966   
35.080   	35.493   	15.876   	32.718   
15.294   	14.790   	12.392   	14.603   
12.551   	11.607   	18.889   	13.080   
19.706   	20.073   	13.298   	20.420   
12.601   	12.905   	32.901   	12.460   
34.482   	35.098   	26.151   	34.118   
25.938   	25.953   	48.686   	26.155   
51.294   	51.447   	12.255   	51.223   
12.839   	11.569   	38.405   	12.675   
41.834   	40.339   	33.860   	39.971   
34.116   	32.051   	43.935   	32.710   
42.926   	42.757   	24.548   	43.194   
23.785   	24.327   	41.205   	23.587   
37.858   	39.608   	53.060   	39.435   
51.906   	54.406   	24.834   	52.097   
26.556   	27.020   	26.436   	28.174   
26.043   	27.041   	37.138   	25.926   
36.371   	35.695   	57.263   	37.806   
55.696   	55.161   	25.325   	55.936   
27.236   	24.781   	25.312   	24.402   
25.420   	25.988   	28.077   	24.752   
28.176   	28.456   	21.553   	27.402   
20.843   	22.466   	25.923   	20.600   
24.685   	25.562   	36.200   	24.022   
36.123   	34.940   	36.228   	36.425   
36.379   	33.363   	37.655   	33.765   
40.458   	38.383   	20.016   	41.444   
24.662   	21.358   	11.053   	21.926   
13.240   	11.594   	32.161   	12.469   
34.358   	34.118   	36.937   	33.937   
38.075   	38.268   	43.462   	38.122   
43.921   	43.207   	12.300   	43.456   
12.359   	12.223   	11.945   	12.224   
12.396   	11.978   	25.035   	12.725   
25.384   	25.256   	21.656   	25.150   
21.350   	21.110   	25.847   	22.093   
25.072   	25.692   	56.195   	24.605   
56.785   	58.454   	50.917   	57.251   
51.394   	51.506   	25.780   	50.980   
27.793   	25.754   	34.864   	25.803   
35.618   	34.520   	35.240   	33.463   
34.873   	35.682   	38.032   	34.037   
41.964   	40.096   	50.249   	40.080   
51.063   	50.704   	50.931   	50.315   
51.410   	51.794   	35.030   	51.876   
34.649   	34.479   	22.160   	33.302   
20.532   	21.426   	13.028   	20.681   
12.249   	13.471   	34.745   	12.390   
33.549   	33.980   	34.973   	34.431   
35.317   	35.225   	22.587   	34.190   
22.299   	21.611   	25.611   	23.385   
25.124   	24.378   	27.686   	26.173   
27.021   	26.467   	26.104   	27.237   
26.103   	25.732   	39.299   	26.012   
42.151   	40.733   	52.895   	41.218   
53.992   	51.105   	22.999   	53.441   
21.981   	22.086   	35.033   	22.036   
33.827   	34.870   	50.124   	33.390   
49.896   	49.680   	40.522   	49.701   
42.672   	42.682   	12.057   	41.385   
13.495   	12.083   	28.741   	12.852   
28.890   	30.033   	14.183   	28.532   
15.859   	15.440   	32.862   	14.472   
34.823   	34.625   	35.464   	34.603   
35.345   	36.266   	34.734   	35.746   
33.882   	34.319   	52.714   	34.325   
51.943   	52.721   	44.094   	52.049   
43.986   	43.495   	51.317   	43.893   
52.092   	53.811   	26.294   	51.333   
27.248   	26.188   	20.335   	27.020   
21.041   	20.423   	24.890   	20.865   
24.757   	25.076   	24.549   	24.760   
24.798   	24.673   	19.905   	24.727   
19.837   	19.839   		19.839   
