-0.0000
24.4754
-0.0000
-0.0000
3.0499
-0.0000
-0.0000
-0.0000
-0.0000
-0.0000
0.3468
-0.0000
0.0657
-0.0000
-0.0000
-0.0000
-0.0000
-0.0000
-0.0000
7.1634
-0.0000
-0.0000
-0.0000
13.5044
-0.0000
-0.0000
1.7829
3.1001
-0.0000
-0.0000
-0.0000
6.0622
-0.0000
-0.0000
0.0657
-0.0000
10.3792
-0.0000
14.5796
-0.0000
4.9242
-0.0000
0.8473
-0.0000
-0.0000
-0.0000
-0.0000
-0.0000
-0.0000
1.3111
-0.0000
5.7329
-0.0000
5.3570
3.5146
-0.0000
5.7573
-0.0000
0.3050
-0.0000
2.8109
-0.0000
-0.0000
2.4768
0.2168
-0.0000
-0.0000
12.1530
-0.0000
12.1553
6.9636
12.7524
-0.0000
-0.0000
-0.0000
3.5435
-0.0000
-0.0000
-0.0000
-0.0000
0.6821
-0.0000
4.3428
-0.0000
2.6057
-0.0000
-0.0000
-0.0000
17.5179
-0.0000
8.0774
-0.0000
5.0754
-0.0000
-0.0000
-0.0000
-0.0000
3.4417
-0.0000
6.9796
-0.0000
-0.0000
-0.0000
23.9249
-0.0000
0.6717
-0.0000
-0.0000
12.8494
-0.0000
-0.0000
3.8994
-0.0000
-0.0000
-0.0000
-0.0000
-0.0000
-0.0000
3.3215
7.3210
5.9464
18.3903
5.8261
3.7800
-0.0000
-0.0000
6.8648
0.4656
21.8910
-0.0000
-0.0000
0.0657
-0.0000
-0.0000
-0.0000
-0.0000
-0.0000
0.3874
-0.0000
-0.0000
-0.0000
-0.0000
-0.0000
-0.0000
0.5216
-0.0000
4.5317
-0.0000
-0.0000
-0.0000
10.6981
-0.0000
-0.0000
0.6488
-0.0000
-0.0000
-0.0000
-0.0000
5.3054
-0.0000
-0.0000
-0.0000
-0.0000
11.1576
-0.0000
14.8181
0.0657
7.1325
-0.0000
-0.0000
-0.0000
5.2828
-0.0000
-0.0000
-0.0000
-0.0000
0.3874
-0.0000
5.5787
-0.0000
4.5915
11.8374
-0.0000
3.2500
-0.0000
-0.0000
-0.0000
5.3614
-0.0000
-0.0000
5.6991
0.2168
-0.0000
-0.0000
10.2212
-0.0000
12.9572
3.5146
13.4294
-0.0000
-0.0000
-0.0000
-0.0000
-0.0000
-0.0000
-0.0000
-0.0000
0.5405
-0.0000
6.0476
-0.0000
1.4767
-0.0000
-0.0000
-0.0000
21.3488
-0.0000
10.0646
-0.0000
6.4105
0.1200
-0.0000
-0.0000
-0.0000
-0.0000
-0.0000
4.5659
-0.0000
-0.0000
-0.0000
26.5696
-0.0000
2.2692
-0.0000
-0.0000
9.8206
-0.0000
-0.0000
1.0321
-0.0000
-0.0000
-0.0000
-0.0000
3.3215
-0.0000
1.5512
7.7435
3.0102
16.1665
5.7439
8.8474
-0.0000
-0.0000
9.4397
0.0657
19.8955
-0.0000
-0.0000
1.4653
-0.0000
-0.0000
-0.0000
-0.0000
-0.0000
2.3381
17.2559
5.1981
-0.0000
-0.0000
4.6386
1.9775
6.4980
0.3468
5.7404
-0.0000
-0.0000
-0.0000
15.2687
-0.0000
-0.0000
3.9877
8.0312
-0.0000
6.6566
-0.0000
13.5670
-0.0000
-0.0000
-0.0000
-0.0000
10.2392
-0.0000
17.3236
0.4656
12.2442
-0.0000
-0.0000
0.8017
-0.0000
-0.0000
-0.0000
-0.0000
-0.0000
0.2355
-0.0000
5.2000
-0.0000
8.3007
9.5774
-0.0000
4.3588
-0.0000
-0.0000
-0.0000
4.0789
-0.0000
-0.0000
-0.0000
-0.0000
-0.0000
-0.0000
9.2875
-0.0000
13.1609
6.8808
15.5126
-0.0000
-0.0000
-0.0000
-0.0000
-0.0000
-0.0000
3.4856
-0.0000
0.1200
-0.0000
7.4072
-0.0000
1.4227
-0.0000
-0.0000
-0.0000
19.5827
-0.0000
11.1824
0.0657
6.9923
-0.0000
7.1862
-0.0000
3.4269
-0.0000
-0.0000
7.0967
-0.0000
5.0140
-0.0000
22.5572
-0.0000
2.8012
-0.0000
-0.0000
13.2734
2.6043
-0.0000
3.4488
-0.0000
-0.0000
-0.0000
-0.0000
6.9154
-0.0000
0.4270
10.5239
8.4304
17.6586
5.9707
8.5379
-0.0000
-0.0000
9.7567
0.2168
22.2652
-0.0000
-0.0000
1.5408
-0.0000
-0.0000
0.2617
-0.0000
-0.0000
1.0023
-0.0000
1.4736
-0.0000
-0.0000
5.3780
7.4479
5.5640
-0.0000
7.8215
-0.0000
-0.0000
-0.0000
5.6043
-0.0000
-0.0000
7.0246
8.1708
-0.0000
3.7767
-0.0000
12.2347
-0.0000
-0.0000
0.2168
-0.0000
10.0542
-0.0000
18.0990
2.3660
13.8899
-0.0000
2.7752
1.0706
4.8127
-0.0000
-0.0000
-0.0000
-0.0000
1.7232
-0.0000
4.2013
-0.0000
5.6837
5.7248
-0.0000
0.3874
-0.0000
-0.0000
-0.0000
5.6664
-0.0000
-0.0000
-0.0000
-0.0000
-0.0000
-0.0000
19.7410
9.2352
15.5800
9.5033
14.3212
9.6089
-0.0000
1.3161
4.0171
-0.0000
-0.0000
7.8866
-0.0000
-0.0000
-0.0000
5.6218
-0.0000
3.6350
-0.0000
-0.0000
-0.0000
16.9076
-0.0000
17.5772
-0.0000
0.9446
4.7559
7.7358
-0.0000
0.0657
-0.0000
-0.0000
5.3167
-0.0000
0.3874
-0.0000
22.1371
-0.0000
1.0179
-0.0000
-0.0000
13.8805
-0.0000
-0.0000
2.3262
-0.0000
-0.0000
-0.0000
0.9414
-0.0000
-0.0000
-0.0000
13.1570
6.7617
19.1780
6.2606
7.0544
-0.0000
-0.0000
10.1013
0.1200
21.7966
-0.0000
-0.0000
1.3052
-0.0000
-0.0000
-0.0000
-0.0000
-0.0000
1.4488
-0.0000
1.4659
-0.0000
-0.0000
-0.0000
7.6142
5.7607
0.6781
8.1947
-0.0000
-0.0000
-0.0000
16.2166
-0.0000
-0.0000
2.7610
7.7050
-0.0000
1.7944
-0.0000
14.0422
-0.0000
-0.0000
2.1844
-0.0000
10.1624
-0.0000
19.5080
0.0657
8.1516
-0.0000
-0.0000
0.5966
6.1903
-0.0000
-0.0000
-0.0000
-0.0000
1.2107
-0.0000
5.5202
-0.0000
7.0970
12.0733
-0.0000
7.4514
-0.0000
-0.0000
-0.0000
7.7532
-0.0000
-0.0000
-0.0000
-0.0000
-0.0000
-0.0000
6.4131
-0.0000
12.8658
8.6138
15.5569
-0.0000
-0.0000
-0.0000
-0.0000
-0.0000
-0.0000
-0.0000
-0.0000
0.0657
-0.0000
6.8933
-0.0000
3.0953
-0.0000
-0.0000
-0.0000
19.8651
-0.0000
10.5863
0.1200
6.5694
3.6000
-0.0000
-0.0000
-0.0000
-0.0000
-0.0000
5.6788
-0.0000
5.7630
4.5041
10.9973
-0.0000
3.6033
-0.0000
-0.0000
13.9468
2.9329
-0.0000
3.3147
-0.0000
-0.0000
-0.0000
-0.0000
5.5005
-0.0000
3.8556
6.9695
4.5380
18.4119
5.7090
8.6344
-0.0000
-0.0000
10.7236
