------------------------------------------------------------
            Hierarchy level. --> United Atom <--            
------------------------------------------------------------
      RESNAME   RESID  FF_ENTROPY  TT_ENTROPY
UATOM NALA          1       9.201      38.581
UATOM GLU           2      22.676      22.235
UATOM ALA           3       5.746      24.799
UATOM GLY           4       2.557      12.156
UATOM ILE           5      24.913      52.141
UATOM THR           6      19.983      34.813
UATOM GLY           7       2.490      12.494
UATOM THR           8      19.165      34.628
UATOM TRP           9      46.624      39.920
UATOM TYR          10      42.739      35.544
UATOM ASN          11      22.987      27.904
UATOM GLN          12      30.268      33.851
UATOM LEU          13      25.177      53.729
UATOM GLY          14       2.678      12.861
UATOM SER          15      12.149      22.049
UATOM THR          16      19.974      35.215
UATOM PHE          17      33.308      35.057
UATOM ILE          18      24.914      51.917
UATOM VAL          19      18.798      43.480
UATOM THR          20      18.050      34.609
UATOM ALA          21       6.576      25.842
UATOM GLY          22       2.368      12.923
UATOM ALA          23       6.937      25.698
UATOM ASP          24      18.344      14.301
UATOM GLY          25       2.879      13.000
UATOM ALA          26       6.904      25.338
UATOM LEU          27      25.420      52.264
UATOM THR          28      18.855      34.017
UATOM GLY          29       2.584      13.259
UATOM THR          30      19.002      33.204
UATOM TYR          31      44.250      36.591
UATOM GLU          32      26.582      22.220
UATOM SER          33      12.136      21.598
UATOM ALA          34       6.810      24.338
UATOM VAL          35      18.616      42.514
UATOM GLY          36       2.363      12.833
UATOM ASN          37      19.975      26.390
UATOM ALA          38       6.510      24.372
UATOM GLU          39      25.473      22.277
UATOM SER          40      12.147      21.515
UATOM ARG          41      42.497      58.519
UATOM TYR          42      41.659      36.831
UATOM VAL          43      18.924      43.306
UATOM LEU          44      26.228      48.984
UATOM THR          45      19.506      36.128
UATOM GLY          46       2.473      13.422
UATOM ARG          47      46.291      57.410
UATOM TYR          48      42.815      36.801
UATOM ASP          49      22.573      15.712
UATOM SER          50      12.002      22.042
UATOM ALA          51       6.714      23.920
UATOM PRO          52      12.499      26.647
UATOM ALA          53       6.526      25.445
UATOM THR          54      17.444      34.373
UATOM ASP          55      19.117      13.961
UATOM GLY          56       2.809      12.628
UATOM SER          57      11.255      20.574
UATOM GLY          58       2.622      13.568
UATOM THR          59      19.050      34.390
UATOM ALA          60       6.953      25.107
UATOM LEU          61      24.984      50.270
UATOM GLY          62       2.662      13.361
UATOM TRP          63      47.937      40.634
UATOM THR          64      19.270      33.626
UATOM VAL          65      19.031      44.064
UATOM ALA          66       7.201      25.470
UATOM TRP          67      49.608      40.481
UATOM LYS          68      29.241      55.142
UATOM ASN          69      22.940      28.296
UATOM ASN          70      20.152      25.913
UATOM TYR          71      36.229      35.904
UATOM ARG          72      40.410      56.976
UATOM ASN          73      23.309      25.492
UATOM ALA          74       7.203      25.709
UATOM HID          75      28.752      29.817
UATOM SER          76      12.440      22.434
UATOM ALA          77       6.538      25.435
UATOM THR          78      19.639      36.041
UATOM THR          79      18.713      36.056
UATOM TRP          80      48.936      40.230
UATOM SER          81      12.309      21.793
UATOM GLY          82       2.545      12.944
UATOM GLN          83      29.688      34.307
UATOM TYR          84      42.160      38.842
UATOM VAL          85      19.346      43.380
UATOM GLY          86       2.373      12.586
UATOM GLY          87       2.491      12.000
UATOM ALA          88       6.759      24.925
UATOM GLU          89      24.532      21.720
UATOM ALA          90       6.769      25.841
UATOM ARG          91      41.819      56.735
UATOM ILE          92      25.428      51.108
UATOM ASN          93      21.948      28.151
UATOM THR          94      19.132      34.750
UATOM GLN          95      30.584      35.337
UATOM TRP          96      49.703      41.702
UATOM LEU          97      26.386      50.793
UATOM LEU          98      25.013      52.067
UATOM THR          99      19.910      36.266
UATOM SER         100      11.748      21.408
UATOM GLY         101       2.334      12.906
UATOM THR         102      19.302      34.367
UATOM THR         103      19.095      35.495
UATOM GLU         104      25.079      21.820
UATOM ALA         105       6.786      24.286
UATOM ASN         106      22.021      26.412
UATOM ALA         107       6.854      26.119
UATOM TRP         108      46.456      40.661
UATOM LYS         109      28.899      51.098
UATOM SER         110      12.380      23.022
UATOM THR         111      20.220      35.530
UATOM LEU         112      24.616      51.328
UATOM VAL         113      18.715      42.657
UATOM GLY         114       2.604      12.900
UATOM HID         115      28.024      30.499
UATOM ASP         116      22.728      15.815
UATOM THR         117      19.364      33.653
UATOM PHE         118      35.378      36.092
UATOM THR         119      18.987      33.627
UATOM LYS         120      29.575      52.292
UATOM VAL         121      17.903      43.461
UATOM LYS         122      27.880      53.074
UATOM PRO         123      12.183      27.140
UATOM SER         124      10.686      20.297
UATOM ALA         125       6.191      25.324
UATOM ALA         126       5.166      24.613
UATOM CSER        127      14.459      19.268
____________________________________________________________
Total Entropy FF (UA level) :        2478.807 J/mol/K
Total Entropy TT (UA level) :        3964.007 J/mol/K
------------------------------------------------------------
____________________________________________________________
Total Entropy                            :        6442.815
------------------------------------------------------------
