------------------------------------------------------------
Topographical entropy of residue side chains 
computed using all the dihedrals with AEM method
------------------------------------------------------------
Residue Topographical Entropy from AEM (NALA 1) : 0.1200
Residue Topographical Entropy from AEM (GLU 2) : 21.7966
Residue Topographical Entropy from AEM (ALA 3) : -0.0000
Residue Topographical Entropy from AEM (GLY 4) : -0.0000
Residue Topographical Entropy from AEM (ILE 5) : 1.3052
Residue Topographical Entropy from AEM (THR 6) : -0.0000
Residue Topographical Entropy from AEM (GLY 7) : -0.0000
Residue Topographical Entropy from AEM (THR 8) : -0.0000
Residue Topographical Entropy from AEM (TRP 9) : -0.0000
Residue Topographical Entropy from AEM (TYR 10) : -0.0000
Residue Topographical Entropy from AEM (ASN 11) : 1.4488
Residue Topographical Entropy from AEM (GLN 12) : -0.0000
Residue Topographical Entropy from AEM (LEU 13) : 1.4659
Residue Topographical Entropy from AEM (GLY 14) : -0.0000
Residue Topographical Entropy from AEM (SER 15) : -0.0000
Residue Topographical Entropy from AEM (THR 16) : -0.0000
Residue Topographical Entropy from AEM (PHE 17) : 7.6142
Residue Topographical Entropy from AEM (ILE 18) : 5.7607
Residue Topographical Entropy from AEM (VAL 19) : 0.6781
Residue Topographical Entropy from AEM (THR 20) : 8.1947
Residue Topographical Entropy from AEM (ALA 21) : -0.0000
Residue Topographical Entropy from AEM (GLY 22) : -0.0000
Residue Topographical Entropy from AEM (ALA 23) : -0.0000
Residue Topographical Entropy from AEM (ASP 24) : 16.2166
Residue Topographical Entropy from AEM (GLY 25) : -0.0000
Residue Topographical Entropy from AEM (ALA 26) : -0.0000
Residue Topographical Entropy from AEM (LEU 27) : 2.7610
Residue Topographical Entropy from AEM (THR 28) : 7.7050
Residue Topographical Entropy from AEM (GLY 29) : -0.0000
Residue Topographical Entropy from AEM (THR 30) : 1.7944
Residue Topographical Entropy from AEM (TYR 31) : -0.0000
Residue Topographical Entropy from AEM (GLU 32) : 14.0422
Residue Topographical Entropy from AEM (SER 33) : -0.0000
Residue Topographical Entropy from AEM (ALA 34) : -0.0000
Residue Topographical Entropy from AEM (VAL 35) : 2.1844
Residue Topographical Entropy from AEM (GLY 36) : -0.0000
Residue Topographical Entropy from AEM (ASN 37) : 10.1624
Residue Topographical Entropy from AEM (ALA 38) : -0.0000
Residue Topographical Entropy from AEM (GLU 39) : 19.5080
Residue Topographical Entropy from AEM (SER 40) : 0.0657
Residue Topographical Entropy from AEM (ARG 41) : 8.1516
Residue Topographical Entropy from AEM (TYR 42) : -0.0000
Residue Topographical Entropy from AEM (VAL 43) : -0.0000
Residue Topographical Entropy from AEM (LEU 44) : 0.5966
Residue Topographical Entropy from AEM (THR 45) : 6.1903
Residue Topographical Entropy from AEM (GLY 46) : -0.0000
Residue Topographical Entropy from AEM (ARG 47) : -0.0000
Residue Topographical Entropy from AEM (TYR 48) : -0.0000
Residue Topographical Entropy from AEM (ASP 49) : -0.0000
Residue Topographical Entropy from AEM (SER 50) : 1.2107
Residue Topographical Entropy from AEM (ALA 51) : -0.0000
Residue Topographical Entropy from AEM (PRO 52) : 5.5202
Residue Topographical Entropy from AEM (ALA 53) : -0.0000
Residue Topographical Entropy from AEM (THR 54) : 7.0970
Residue Topographical Entropy from AEM (ASP 55) : 12.0733
Residue Topographical Entropy from AEM (GLY 56) : -0.0000
Residue Topographical Entropy from AEM (SER 57) : 7.4514
Residue Topographical Entropy from AEM (GLY 58) : -0.0000
Residue Topographical Entropy from AEM (THR 59) : -0.0000
Residue Topographical Entropy from AEM (ALA 60) : -0.0000
Residue Topographical Entropy from AEM (LEU 61) : 7.7532
Residue Topographical Entropy from AEM (GLY 62) : -0.0000
Residue Topographical Entropy from AEM (TRP 63) : -0.0000
Residue Topographical Entropy from AEM (THR 64) : -0.0000
Residue Topographical Entropy from AEM (VAL 65) : -0.0000
Residue Topographical Entropy from AEM (ALA 66) : -0.0000
Residue Topographical Entropy from AEM (TRP 67) : -0.0000
Residue Topographical Entropy from AEM (LYS 68) : 6.4131
Residue Topographical Entropy from AEM (ASN 69) : -0.0000
Residue Topographical Entropy from AEM (ASN 70) : 12.8658
Residue Topographical Entropy from AEM (TYR 71) : 8.6138
Residue Topographical Entropy from AEM (ARG 72) : 15.5569
Residue Topographical Entropy from AEM (ASN 73) : -0.0000
Residue Topographical Entropy from AEM (ALA 74) : -0.0000
Residue Topographical Entropy from AEM (HID 75) : -0.0000
Residue Topographical Entropy from AEM (SER 76) : -0.0000
Residue Topographical Entropy from AEM (ALA 77) : -0.0000
Residue Topographical Entropy from AEM (THR 78) : -0.0000
Residue Topographical Entropy from AEM (THR 79) : -0.0000
Residue Topographical Entropy from AEM (TRP 80) : -0.0000
Residue Topographical Entropy from AEM (SER 81) : 0.0657
Residue Topographical Entropy from AEM (GLY 82) : -0.0000
Residue Topographical Entropy from AEM (GLN 83) : 6.8933
Residue Topographical Entropy from AEM (TYR 84) : -0.0000
Residue Topographical Entropy from AEM (VAL 85) : 3.0953
Residue Topographical Entropy from AEM (GLY 86) : -0.0000
Residue Topographical Entropy from AEM (GLY 87) : -0.0000
Residue Topographical Entropy from AEM (ALA 88) : -0.0000
Residue Topographical Entropy from AEM (GLU 89) : 19.8651
Residue Topographical Entropy from AEM (ALA 90) : -0.0000
Residue Topographical Entropy from AEM (ARG 91) : 10.5863
Residue Topographical Entropy from AEM (ILE 92) : 0.1200
Residue Topographical Entropy from AEM (ASN 93) : 6.5694
Residue Topographical Entropy from AEM (THR 94) : 3.6000
Residue Topographical Entropy from AEM (GLN 95) : -0.0000
Residue Topographical Entropy from AEM (TRP 96) : -0.0000
Residue Topographical Entropy from AEM (LEU 97) : -0.0000
Residue Topographical Entropy from AEM (LEU 98) : -0.0000
Residue Topographical Entropy from AEM (THR 99) : -0.0000
Residue Topographical Entropy from AEM (SER 100) : 5.6788
Residue Topographical Entropy from AEM (GLY 101) : -0.0000
Residue Topographical Entropy from AEM (THR 102) : 5.7630
Residue Topographical Entropy from AEM (THR 103) : 4.5041
Residue Topographical Entropy from AEM (GLU 104) : 10.9973
Residue Topographical Entropy from AEM (ALA 105) : -0.0000
Residue Topographical Entropy from AEM (ASN 106) : 3.6033
Residue Topographical Entropy from AEM (ALA 107) : -0.0000
Residue Topographical Entropy from AEM (TRP 108) : -0.0000
Residue Topographical Entropy from AEM (LYS 109) : 13.9468
Residue Topographical Entropy from AEM (SER 110) : 2.9329
Residue Topographical Entropy from AEM (THR 111) : -0.0000
Residue Topographical Entropy from AEM (LEU 112) : 3.3147
Residue Topographical Entropy from AEM (VAL 113) : -0.0000
Residue Topographical Entropy from AEM (GLY 114) : -0.0000
Residue Topographical Entropy from AEM (HID 115) : -0.0000
Residue Topographical Entropy from AEM (ASP 116) : -0.0000
Residue Topographical Entropy from AEM (THR 117) : 5.5005
Residue Topographical Entropy from AEM (PHE 118) : -0.0000
Residue Topographical Entropy from AEM (THR 119) : 3.8556
Residue Topographical Entropy from AEM (LYS 120) : 6.9695
Residue Topographical Entropy from AEM (VAL 121) : 4.5380
Residue Topographical Entropy from AEM (LYS 122) : 18.4119
Residue Topographical Entropy from AEM (PRO 123) : 5.7090
Residue Topographical Entropy from AEM (SER 124) : 8.6344
Residue Topographical Entropy from AEM (ALA 125) : -0.0000
Residue Topographical Entropy from AEM (ALA 126) : -0.0000
Residue Topographical Entropy from AEM (CSER 127) : 10.7236
____________________________________________________________
Total Topog. Entropy (AEM)               :         388.196
------------------------------------------------------------
____________________________________________________________
Total Entropy                            :         388.196
------------------------------------------------------------
