38.228   
21.885   
24.561   
12.738   
52.111   
33.989   
13.401   
34.786   
39.908   
39.606   
30.553   
34.391   
52.922   
13.566   
24.172   
35.586   
37.576   
52.903   
44.024   
34.960   
26.561   
13.253   
26.538   
16.181   
13.108   
24.545   
51.315   
34.644   
12.990   
34.920   
37.902   
22.110   
23.765   
26.410   
43.135   
12.582   
26.126   
26.581   
23.489   
21.869   
59.062   
41.263   
44.030   
48.903   
37.638   
13.000   
58.429   
39.510   
15.891   
22.423   
23.482   
27.723   
25.784   
35.163   
15.064   
12.407   
20.373   
12.796   
34.885   
26.074   
50.799   
13.472   
40.476   
32.802   
44.397   
24.611   
42.806   
53.088   
25.780   
27.040   
38.049   
57.854   
27.046   
25.181   
30.235   
23.511   
25.244   
38.199   
34.834   
42.454   
20.140   
12.915   
33.657   
37.960   
43.824   
13.067   
12.860   
26.483   
23.111   
25.726   
57.034   
51.520   
26.568   
33.777   
34.579   
41.104   
50.327   
53.576   
35.527   
22.460   
13.587   
35.391   
34.843   
22.741   
26.652   
28.063   
26.831   
42.172   
53.289   
23.003   
34.969   
52.584   
41.764   
12.439   
30.300   
14.941   
33.892   
37.783   
36.678   
54.663   
44.945   
52.241   
25.939   
21.496   
24.392   
24.016   
20.345   
38.378   
21.242   
24.630   
13.400   
51.280   
35.413   
13.334   
36.662   
41.424   
40.510   
30.951   
34.274   
52.032   
13.874   
22.855   
36.178   
37.128   
53.617   
45.095   
34.453   
26.517   
13.423   
26.153   
16.047   
13.103   
24.343   
53.665   
36.081   
14.237   
33.702   
39.147   
22.678   
24.174   
26.197   
41.929   
12.271   
26.487   
26.138   
22.629   
21.959   
59.130   
40.858   
44.541   
48.631   
35.237   
12.424   
60.500   
37.716   
14.878   
22.287   
23.533   
27.825   
25.535   
34.896   
15.130   
13.075   
20.542   
12.976   
34.155   
26.604   
49.707   
12.813   
40.792   
33.969   
44.103   
24.084   
43.676   
54.215   
27.767   
27.561   
37.758   
57.842   
27.685   
26.015   
28.846   
22.449   
24.987   
37.408   
34.640   
40.187   
20.562   
11.957   
32.103   
39.587   
43.999   
12.884   
12.637   
26.628   
22.857   
26.023   
58.235   
52.327   
26.264   
33.056   
35.302   
41.353   
51.469   
51.167   
34.895   
21.776   
13.095   
34.841   
34.774   
23.453   
26.475   
27.148   
26.467   
43.998   
54.170   
22.791   
33.896   
52.196   
42.131   
11.533   
31.409   
15.047   
34.832   
37.153   
35.345   
54.537   
44.851   
52.842   
26.539   
21.261   
24.136   
24.369   
19.254   
37.671   
21.894   
25.259   
11.709   
52.284   
34.389   
12.391   
34.271   
41.000   
37.804   
27.038   
33.167   
54.330   
12.672   
20.551   
34.410   
35.602   
51.987   
42.655   
34.419   
25.295   
11.700   
25.392   
14.889   
11.943   
24.189   
51.536   
33.257   
11.947   
33.593   
38.536   
23.053   
23.573   
25.127   
44.302   
12.263   
25.854   
26.481   
21.846   
22.331   
56.443   
38.796   
44.091   
49.181   
33.373   
11.479   
56.530   
37.718   
15.306   
21.213   
22.383   
26.383   
24.603   
35.635   
15.617   
12.165   
21.252   
11.469   
34.126   
25.985   
50.000   
11.538   
41.732   
31.601   
42.722   
23.226   
38.464   
53.946   
27.649   
27.223   
37.192   
55.964   
26.341   
25.699   
27.595   
20.712   
23.598   
35.042   
33.188   
40.247   
20.714   
12.319   
33.240   
39.281   
44.473   
12.836   
12.118   
25.160   
21.442   
24.731   
55.809   
52.419   
27.411   
34.085   
34.030   
38.397   
50.758   
51.139   
33.269   
20.617   
12.156   
34.625   
35.616   
22.727   
26.497   
27.390   
26.650   
41.874   
53.830   
21.325   
33.827   
50.936   
41.385   
12.649   
28.795   
15.134   
34.979   
35.963   
34.802   
51.982   
43.589   
51.149   
26.749   
20.612   
24.138   
24.203   
20.199   
38.534   
21.213   
23.953   
11.876   
53.302   
35.734   
13.573   
34.348   
41.906   
38.433   
27.766   
34.948   
53.910   
13.504   
22.672   
34.978   
37.125   
52.404   
43.510   
34.358   
26.146   
12.241   
25.539   
15.170   
13.090   
23.952   
52.114   
34.662   
13.380   
33.312   
37.864   
22.604   
23.192   
25.651   
43.937   
13.138   
25.841   
25.576   
22.310   
22.292   
55.720   
40.505   
44.573   
48.285   
33.182   
11.370   
57.333   
38.803   
16.068   
21.752   
22.268   
26.234   
24.718   
33.086   
15.426   
12.744   
21.870   
11.986   
34.905   
26.462   
49.002   
11.649   
40.578   
32.439   
42.982   
23.199   
41.492   
52.915   
28.689   
27.577   
37.665   
55.778   
25.947   
25.835   
28.487   
22.054   
24.848   
36.617   
32.839   
41.881   
20.473   
12.980   
35.211   
40.883   
45.219   
13.458   
12.013   
26.112   
21.904   
24.117   
59.218   
52.025   
27.351   
35.253   
34.054   
41.374   
50.515   
52.200   
33.936   
20.479   
13.361   
36.130   
36.105   
22.651   
26.010   
27.009   
26.262   
42.794   
52.881   
23.110   
34.024   
50.713   
41.201   
13.092   
30.862   
15.611   
36.044   
37.279   
35.742   
53.770   
44.222   
49.970   
26.317   
21.137   
24.886   
23.993   
19.758   
38.378   
21.812   
24.573   
12.476   
53.218   
33.795   
13.202   
34.032   
41.226   
37.007   
27.500   
33.484   
51.580   
12.930   
22.130   
33.511   
36.394   
51.319   
43.574   
34.795   
25.061   
11.926   
25.793   
15.407   
12.675   
24.275   
50.922   
34.044   
12.458   
35.160   
36.855   
23.271   
22.303   
25.722   
43.922   
12.784   
25.988   
26.150   
22.714   
21.223   
55.336   
39.593   
44.159   
48.148   
34.025   
11.909   
58.226   
37.587   
15.712   
21.945   
23.198   
26.552   
24.966   
32.718   
14.603   
13.080   
20.420   
12.460   
34.118   
26.155   
51.223   
12.675   
39.971   
32.710   
43.194   
23.587   
39.435   
52.097   
28.174   
25.926   
37.806   
55.936   
24.402   
24.752   
27.402   
20.600   
24.022   
36.425   
33.765   
41.444   
21.926   
12.469   
33.937   
38.122   
43.456   
12.224   
12.725   
25.150   
22.093   
24.605   
57.251   
50.980   
25.803   
33.463   
34.037   
40.080   
50.315   
51.876   
33.302   
20.681   
12.390   
34.431   
34.190   
23.385   
26.173   
27.237   
26.012   
41.218   
53.441   
22.036   
33.390   
49.701   
41.385   
12.852   
28.532   
14.472   
34.603   
35.746   
34.325   
52.049   
43.893   
51.333   
27.020   
20.865   
24.760   
24.727   
19.839   
