------------------------------------------------------------
            Hierarchy level. --> United Atom <--            
------------------------------------------------------------
      RESNAME   RESID  FF_ENTROPY  TT_ENTROPY
UATOM NALA          1       9.003      39.252
UATOM GLU           2      21.864      21.543
UATOM ALA           3       5.688      24.873
UATOM GLY           4       2.728      11.764
UATOM ILE           5      25.007      51.996
UATOM THR           6      19.254      34.211
UATOM GLY           7       2.605      12.478
UATOM THR           8      19.111      35.030
UATOM TRP           9      50.070      41.259
UATOM TYR          10      42.067      36.591
UATOM ASN          11      22.133      26.694
UATOM GLN          12      26.768      31.940
UATOM LEU          13      24.139      51.287
UATOM GLY          14       2.700      11.715
UATOM SER          15      12.368      21.338
UATOM THR          16      18.960      34.276
UATOM PHE          17      32.567      35.881
UATOM ILE          18      24.964      52.700
UATOM VAL          19      18.333      42.760
UATOM THR          20      18.750      34.204
UATOM ALA          21       6.909      25.303
UATOM GLY          22       2.515      12.738
UATOM ALA          23       6.776      25.567
UATOM ASP          24      18.656      14.581
UATOM GLY          25       2.702      12.339
UATOM ALA          26       6.608      24.818
UATOM LEU          27      25.983      51.179
UATOM THR          28      18.999      34.227
UATOM GLY          29       2.695      12.607
UATOM THR          30      19.630      34.837
UATOM TYR          31      43.535      37.595
UATOM GLU          32      25.746      22.279
UATOM SER          33      12.751      22.984
UATOM ALA          34       6.425      23.817
UATOM VAL          35      18.623      43.571
UATOM GLY          36       2.689      13.121
UATOM ASN          37      20.177      25.202
UATOM ALA          38       6.577      25.050
UATOM GLU          39      24.099      22.665
UATOM SER          40      11.264      22.227
UATOM ARG          41      41.050      57.058
UATOM TYR          42      42.288      38.178
UATOM VAL          43      18.856      44.111
UATOM LEU          44      25.301      50.085
UATOM THR          45      18.455      35.048
UATOM GLY          46       2.672      13.176
UATOM ARG          47      46.011      56.456
UATOM TYR          48      43.291      38.278
UATOM ASP          49      23.055      16.824
UATOM SER          50      11.986      21.553
UATOM ALA          51       6.896      23.194
UATOM PRO          52      13.364      26.668
UATOM ALA          53       6.563      25.382
UATOM THR          54      17.295      34.553
UATOM ASP          55      18.174      14.918
UATOM GLY          56       2.398      12.643
UATOM SER          57      11.094      21.458
UATOM GLY          58       2.629      12.277
UATOM THR          59      19.650      33.832
UATOM ALA          60       6.978      24.809
UATOM LEU          61      24.270      51.139
UATOM GLY          62       2.955      13.021
UATOM TRP          63      50.652      42.483
UATOM THR          64      19.440      33.872
UATOM VAL          65      19.255      43.972
UATOM ALA          66       6.908      24.971
UATOM TRP          67      48.156      38.469
UATOM LYS          68      29.951      52.126
UATOM ASN          69      22.034      28.682
UATOM ASN          70      19.829      26.129
UATOM TYR          71      35.418      34.884
UATOM ARG          72      40.970      56.179
UATOM ASN          73      22.071      24.875
UATOM ALA          74       6.525      25.637
UATOM HID          75      28.297      29.014
UATOM SER          76      11.631      21.120
UATOM ALA          77       6.898      25.420
UATOM THR          78      19.340      35.624
UATOM THR          79      18.153      34.087
UATOM TRP          80      50.352      40.957
UATOM SER          81      12.657      24.464
UATOM GLY          82       2.526      13.204
UATOM GLN          83      31.725      34.792
UATOM TYR          84      41.435      38.668
UATOM VAL          85      18.167      42.412
UATOM GLY          86       2.453      12.044
UATOM GLY          87       2.402      12.393
UATOM ALA          88       6.770      24.833
UATOM GLU          89      24.320      21.426
UATOM ALA          90       6.378      24.045
UATOM ARG          91      41.061      55.601
UATOM ILE          92      24.832      50.504
UATOM ASN          93      22.328      26.708
UATOM THR          94      20.041      35.494
UATOM GLN          95      31.728      35.098
UATOM TRP          96      49.264      42.716
UATOM LEU          97      25.582      51.827
UATOM LEU          98      25.317      54.090
UATOM THR          99      20.123      36.243
UATOM SER         100      11.758      21.070
UATOM GLY         101       2.527      11.794
UATOM THR         102      19.167      35.507
UATOM THR         103      18.985      36.672
UATOM GLU         104      25.503      22.284
UATOM ALA         105       7.206      25.218
UATOM ASN         106      22.435      27.322
UATOM ALA         107       6.990      26.300
UATOM TRP         108      49.037      40.742
UATOM LYS         109      28.355      54.072
UATOM SER         110      12.385      22.411
UATOM THR         111      18.775      35.316
UATOM LEU         112      25.763      50.382
UATOM VAL         113      18.801      43.044
UATOM GLY         114       2.394      13.336
UATOM HID         115      28.393      29.684
UATOM ASP         116      20.440      15.055
UATOM THR         117      19.422      35.063
UATOM PHE         118      34.125      36.162
UATOM THR         119      19.405      32.970
UATOM LYS         120      29.273      53.707
UATOM VAL         121      17.726      43.361
UATOM LYS         122      27.038      52.380
UATOM PRO         123      11.507      26.700
UATOM SER         124       9.834      19.911
UATOM ALA         125       5.223      24.434
UATOM ALA         126       5.205      24.166
UATOM CSER        127      14.408      19.928
____________________________________________________________
Total Entropy FF (UA level) :        2464.741 J/mol/K
Total Entropy TT (UA level) :        3957.213 J/mol/K
------------------------------------------------------------
____________________________________________________________
Total Entropy                            :        6421.954
------------------------------------------------------------
------------------------------------------------------------
            Hierarchy level. --> United Atom <--            
------------------------------------------------------------
      RESNAME   RESID  FF_ENTROPY  TT_ENTROPY
UATOM NALA          1       9.106      38.402
UATOM GLU           2      22.410      21.125
UATOM ALA           3       5.923      24.928
UATOM GLY           4       2.708      11.318
UATOM ILE           5      25.446      53.338
UATOM THR           6      20.486      34.930
UATOM GLY           7       2.769      13.753
UATOM THR           8      20.745      35.198
UATOM TRP           9      50.648      40.663
UATOM TYR          10      43.567      36.528
UATOM ASN          11      22.201      25.041
UATOM GLN          12      26.791      33.893
UATOM LEU          13      25.063      52.797
UATOM GLY          14       2.865      12.890
UATOM SER          15      11.955      21.270
UATOM THR          16      18.456      33.606
UATOM PHE          17      35.421      36.563
UATOM ILE          18      24.780      51.763
UATOM VAL          19      19.851      43.440
UATOM THR          20      19.470      35.013
UATOM ALA          21       6.941      25.328
UATOM GLY          22       2.541      12.668
UATOM ALA          23       7.339      25.143
UATOM ASP          24      18.234      13.921
UATOM GLY          25       2.926      13.003
UATOM ALA          26       6.967      25.053
UATOM LEU          27      27.270      53.152
UATOM THR          28      18.408      35.316
UATOM GLY          29       2.624      13.499
UATOM THR          30      20.490      36.306
UATOM TYR          31      45.318      38.821
UATOM GLU          32      25.938      23.047
UATOM SER          33      12.382      22.312
UATOM ALA          34       6.027      24.309
UATOM VAL          35      16.881      42.550
UATOM GLY          36       2.743      13.139
UATOM ASN          37      21.108      25.473
UATOM ALA          38       6.904      25.083
UATOM GLU          39      25.167      22.698
UATOM SER          40      11.370      22.044
UATOM ARG          41      41.121      55.752
UATOM TYR          42      43.723      38.520
UATOM VAL          43      19.944      44.370
UATOM LEU          44      25.322      51.257
UATOM THR          45      18.764      36.411
UATOM GLY          46       2.626      13.081
UATOM ARG          47      47.768      56.301
UATOM TYR          48      44.644      37.883
UATOM ASP          49      23.987      16.278
UATOM SER          50      12.497      22.224
UATOM ALA          51       7.114      25.271
UATOM PRO          52      13.061      26.564
UATOM ALA          53       6.959      25.115
UATOM THR          54      18.664      34.414
UATOM ASP          55      19.090      14.532
UATOM GLY          56       2.904      12.567
UATOM SER          57      11.525      20.508
UATOM GLY          58       2.450      12.848
UATOM THR          59      20.830      34.735
UATOM ALA          60       7.391      26.060
UATOM LEU          61      25.815      50.840
UATOM GLY          62       2.659      12.816
UATOM TRP          63      53.378      43.180
UATOM THR          64      20.490      34.778
UATOM VAL          65      19.033      42.440
UATOM ALA          66       7.225      24.567
UATOM TRP          67      52.414      40.284
UATOM LYS          68      30.375      53.558
UATOM ASN          69      22.504      27.976
UATOM ASN          70      20.363      26.292
UATOM TYR          71      36.879      35.870
UATOM ARG          72      40.695      56.082
UATOM ASN          73      24.221      27.071
UATOM ALA          74       7.303      25.201
UATOM HID          75      30.045      29.362
UATOM SER          76      11.635      21.283
UATOM ALA          77       6.793      25.612
UATOM THR          78      19.748      36.334
UATOM THR          79      19.134      34.009
UATOM TRP          80      52.314      42.323
UATOM SER          81      13.163      25.257
UATOM GLY          82       2.767      13.403
UATOM GLN          83      30.772      34.487
UATOM TYR          84      43.213      39.588
UATOM VAL          85      19.147      43.567
UATOM GLY          86       2.488      12.496
UATOM GLY          87       2.429      12.032
UATOM ALA          88       6.600      24.994
UATOM GLU          89      24.708      21.246
UATOM ALA          90       6.522      26.229
UATOM ARG          91      43.349      55.904
UATOM ILE          92      26.508      52.537
UATOM ASN          93      21.918      26.879
UATOM THR          94      20.617      35.557
UATOM GLN          95      32.297      36.469
UATOM TRP          96      53.046      41.962
UATOM LEU          97      26.257      51.691
UATOM LEU          98      26.490      52.009
UATOM THR          99      19.820      35.508
UATOM SER         100      12.775      20.883
UATOM GLY         101       2.476      12.800
UATOM THR         102      19.227      34.472
UATOM THR         103      19.311      35.303
UATOM GLU         104      25.093      22.738
UATOM ALA         105       6.957      24.713
UATOM ASN         106      21.657      26.234
UATOM ALA         107       7.318      26.528
UATOM TRP         108      51.693      43.363
UATOM LYS         109      30.820      53.645
UATOM SER         110      12.326      23.499
UATOM THR         111      20.223      35.691
UATOM LEU         112      26.740      50.312
UATOM VAL         113      19.806      42.318
UATOM GLY         114       3.058      13.822
UATOM HID         115      30.741      30.757
UATOM ASP         116      22.193      16.427
UATOM THR         117      20.723      36.252
UATOM PHE         118      36.335      36.966
UATOM THR         119      20.728      34.598
UATOM LYS         120      29.739      52.761
UATOM VAL         121      16.774      43.840
UATOM LYS         122      28.947      54.849
UATOM PRO         123      12.963      25.988
UATOM SER         124      10.050      20.425
UATOM ALA         125       5.576      24.527
UATOM ALA         126       5.294      24.500
UATOM CSER        127      13.927      19.420
____________________________________________________________
Total Entropy FF (UA level) :        2547.229 J/mol/K
Total Entropy TT (UA level) :        3993.338 J/mol/K
------------------------------------------------------------
____________________________________________________________
Total Entropy                            :        6540.567
------------------------------------------------------------
------------------------------------------------------------
            Hierarchy level. --> United Atom <--            
------------------------------------------------------------
      RESNAME   RESID  FF_ENTROPY  TT_ENTROPY
UATOM NALA          1       9.333      39.071
UATOM GLU           2      22.967      21.155
UATOM ALA           3       6.286      26.098
UATOM GLY           4       2.663      12.379
UATOM ILE           5      25.158      53.522
UATOM THR           6      19.526      34.499
UATOM GLY           7       2.597      13.130
UATOM THR           8      18.915      33.988
UATOM TRP           9      47.840      41.476
UATOM TYR          10      41.399      39.537
UATOM ASN          11      22.492      27.757
UATOM GLN          12      29.525      34.212
UATOM LEU          13      24.594      53.101
UATOM GLY          14       2.738      13.400
UATOM SER          15      11.802      20.592
UATOM THR          16      19.409      35.520
UATOM PHE          17      31.069      36.029
UATOM ILE          18      25.458      51.683
UATOM VAL          19      18.604      44.392
UATOM THR          20      19.577      35.218
UATOM ALA          21       7.036      25.138
UATOM GLY          22       2.436      11.651
UATOM ALA          23       6.981      25.060
UATOM ASP          24      19.461      15.780
UATOM GLY          25       2.603      11.713
UATOM ALA          26       7.064      23.943
UATOM LEU          27      25.802      52.141
UATOM THR          28      18.497      34.229
UATOM GLY          29       2.647      12.551
UATOM THR          30      19.853      33.665
UATOM TYR          31      42.489      39.268
UATOM GLU          32      26.061      23.061
UATOM SER          33      12.411      22.999
UATOM ALA          34       6.541      25.139
UATOM VAL          35      18.776      43.553
UATOM GLY          36       2.414      12.812
UATOM ASN          37      20.210      24.338
UATOM ALA          38       6.603      25.396
UATOM GLU          39      25.104      21.893
UATOM SER          40      11.449      21.901
UATOM ARG          41      41.530      56.042
UATOM TYR          42      41.785      38.818
UATOM VAL          43      18.569      43.955
UATOM LEU          44      26.338      47.413
UATOM THR          45      19.031      34.133
UATOM GLY          46       2.676      11.901
UATOM ARG          47      46.046      57.132
UATOM TYR          48      42.549      37.771
UATOM ASP          49      20.485      15.157
UATOM SER          50      12.170      21.699
UATOM ALA          51       6.269      24.393
UATOM PRO          52      13.020      26.044
UATOM ALA          53       6.502      24.385
UATOM THR          54      18.203      33.623
UATOM ASP          55      18.652      14.946
UATOM GLY          56       2.551      11.828
UATOM SER          57      11.445      21.559
UATOM GLY          58       2.412      11.833
UATOM THR          59      19.205      33.870
UATOM ALA          60       6.979      25.939
UATOM LEU          61      24.039      51.064
UATOM GLY          62       2.761      10.907
UATOM TRP          63      48.616      41.642
UATOM THR          64      19.988      32.414
UATOM VAL          65      18.558      42.342
UATOM ALA          66       7.249      23.254
UATOM TRP          67      48.754      39.011
UATOM LYS          68      29.055      52.478
UATOM ASN          69      22.619      26.624
UATOM ASN          70      20.615      26.312
UATOM TYR          71      37.278      37.532
UATOM ARG          72      39.900      56.511
UATOM ASN          73      22.060      27.643
UATOM ALA          74       6.499      25.221
UATOM HID          75      26.949      27.264
UATOM SER          76      12.334      20.337
UATOM ALA          77       7.186      24.878
UATOM THR          78      20.216      34.873
UATOM THR          79      19.001      35.052
UATOM TRP          80      47.399      40.203
UATOM SER          81      12.157      22.886
UATOM GLY          82       2.751      12.265
UATOM GLN          83      29.068      32.962
UATOM TYR          84      40.675      38.685
UATOM VAL          85      18.407      44.033
UATOM GLY          86       2.258      12.704
UATOM GLY          87       2.416      12.246
UATOM ALA          88       6.499      25.508
UATOM GLU          89      23.354      21.479
UATOM ALA          90       6.602      23.859
UATOM ARG          91      42.224      55.450
UATOM ILE          92      25.225      51.205
UATOM ASN          93      22.707      27.045
UATOM THR          94      19.160      33.471
UATOM GLN          95      30.759      34.230
UATOM TRP          96      46.096      39.045
UATOM LEU          97      23.918      51.137
UATOM LEU          98      25.446      52.378
UATOM THR          99      20.072      34.342
UATOM SER         100      12.137      20.868
UATOM GLY         101       2.401      11.916
UATOM THR         102      19.021      35.363
UATOM THR         103      19.089      36.018
UATOM GLU         104      25.165      22.872
UATOM ALA         105       6.795      26.025
UATOM ASN         106      21.373      27.103
UATOM ALA         107       6.805      25.790
UATOM TRP         108      46.851      42.538
UATOM LYS         109      28.642      53.507
UATOM SER         110      11.971      20.404
UATOM THR         111      20.413      34.718
UATOM LEU         112      25.712      49.311
UATOM VAL         113      18.675      43.534
UATOM GLY         114       2.748      12.867
UATOM HID         115      27.977      28.279
UATOM ASP         116      22.307      15.100
UATOM THR         117      19.950      35.442
UATOM PHE         118      33.545      35.433
UATOM THR         119      19.321      34.551
UATOM LYS         120      28.511      53.791
UATOM VAL         121      16.764      43.559
UATOM LYS         122      27.265      51.025
UATOM PRO         123      11.644      26.882
UATOM SER         124      10.192      20.732
UATOM ALA         125       5.599      24.658
UATOM ALA         126       5.140      24.708
UATOM CSER        127      14.493      19.241
____________________________________________________________
Total Entropy FF (UA level) :        2454.184 J/mol/K
Total Entropy TT (UA level) :        3942.156 J/mol/K
------------------------------------------------------------
____________________________________________________________
Total Entropy                            :        6396.341
------------------------------------------------------------
------------------------------------------------------------
            Hierarchy level. --> United Atom <--            
------------------------------------------------------------
      RESNAME   RESID  FF_ENTROPY  TT_ENTROPY
UATOM NALA          1       9.345      38.880
UATOM GLU           2      23.139      21.480
UATOM ALA           3       6.318      25.063
UATOM GLY           4       2.776      12.613
UATOM ILE           5      25.219      53.512
UATOM THR           6      20.044      37.381
UATOM GLY           7       2.615      13.495
UATOM THR           8      20.746      35.625
UATOM TRP           9      51.765      43.444
UATOM TYR          10      46.150      40.651
UATOM ASN          11      22.162      26.414
UATOM GLN          12      27.350      33.870
UATOM LEU          13      24.683      52.314
UATOM GLY          14       2.950      13.344
UATOM SER          15      13.068      22.256
UATOM THR          16      19.637      34.338
UATOM PHE          17      35.965      37.153
UATOM ILE          18      24.828      52.104
UATOM VAL          19      20.056      43.145
UATOM THR          20      19.530      35.560
UATOM ALA          21       7.005      25.801
UATOM GLY          22       2.550      12.776
UATOM ALA          23       6.991      24.446
UATOM ASP          24      18.353      15.521
UATOM GLY          25       3.010      12.650
UATOM ALA          26       7.401      25.140
UATOM LEU          27      26.514      51.994
UATOM THR          28      18.912      35.010
UATOM GLY          29       2.609      13.397
UATOM THR          30      20.685      34.756
UATOM TYR          31      45.715      39.313
UATOM GLU          32      26.391      23.388
UATOM SER          33      13.059      23.888
UATOM ALA          34       7.326      24.009
UATOM VAL          35      19.492      43.439
UATOM GLY          36       2.804      12.531
UATOM ASN          37      21.552      25.794
UATOM ALA          38       6.317      25.858
UATOM GLU          39      25.544      23.122
UATOM SER          40      12.305      21.732
UATOM ARG          41      40.638      54.516
UATOM TYR          42      44.855      40.789
UATOM VAL          43      19.643      45.065
UATOM LEU          44      24.902      49.625
UATOM THR          45      19.346      34.846
UATOM GLY          46       2.764      12.817
UATOM ARG          47      48.795      56.090
UATOM TYR          48      45.387      39.002
UATOM ASP          49      24.229      15.940
UATOM SER          50      12.393      21.668
UATOM ALA          51       7.373      24.129
UATOM PRO          52      14.085      26.932
UATOM ALA          53       7.084      26.068
UATOM THR          54      19.181      35.404
UATOM ASP          55      19.428      16.114
UATOM GLY          56       2.896      12.041
UATOM SER          57      12.030      20.990
UATOM GLY          58       2.756      12.122
UATOM THR          59      20.318      35.311
UATOM ALA          60       7.657      26.038
UATOM LEU          61      25.174      50.233
UATOM GLY          62       2.716      11.898
UATOM TRP          63      52.356      43.550
UATOM THR          64      20.777      34.956
UATOM VAL          65      20.217      42.528
UATOM ALA          66       7.362      23.272
UATOM TRP          67      53.200      39.620
UATOM LYS          68      29.804      54.683
UATOM ASN          69      23.664      27.424
UATOM ASN          70      20.474      27.827
UATOM TYR          71      39.401      37.960
UATOM ARG          72      42.762      57.159
UATOM ASN          73      24.362      28.469
UATOM ALA          74       6.899      25.845
UATOM HID          75      30.959      27.557
UATOM SER          76      11.665      20.099
UATOM ALA          77       7.184      24.811
UATOM THR          78      20.794      36.091
UATOM THR          79      20.113      36.668
UATOM TRP          80      52.215      41.616
UATOM SER          81      12.461      24.371
UATOM GLY          82       2.748      13.071
UATOM GLN          83      28.907      34.613
UATOM TYR          84      42.824      39.393
UATOM VAL          85      18.702      43.434
UATOM GLY          86       2.181      12.633
UATOM GLY          87       2.300      11.512
UATOM ALA          88       6.686      25.157
UATOM GLU          89      24.239      20.619
UATOM ALA          90       7.141      24.594
UATOM ARG          91      41.791      56.342
UATOM ILE          92      26.124      51.836
UATOM ASN          93      22.491      26.916
UATOM THR          94      20.874      35.785
UATOM GLN          95      31.853      35.775
UATOM TRP          96      52.513      41.659
UATOM LEU          97      27.065      50.487
UATOM LEU          98      24.763      50.666
UATOM THR          99      20.551      35.996
UATOM SER         100      11.691      20.422
UATOM GLY         101       2.453      11.944
UATOM THR         102      18.939      34.441
UATOM THR         103      19.715      35.605
UATOM GLU         104      24.783      23.517
UATOM ALA         105       7.257      25.706
UATOM ASN         106      23.152      26.443
UATOM ALA         107       7.117      26.479
UATOM TRP         108      50.974      43.197
UATOM LYS         109      30.708      53.572
UATOM SER         110      12.911      22.299
UATOM THR         111      20.309      35.127
UATOM LEU         112      25.481      49.637
UATOM VAL         113      19.171      41.669
UATOM GLY         114       2.812      13.187
UATOM HID         115      30.540      31.063
UATOM ASP         116      23.970      15.832
UATOM THR         117      19.555      34.726
UATOM PHE         118      35.714      37.461
UATOM THR         119      19.669      35.018
UATOM LYS         120      29.923      52.972
UATOM VAL         121      18.603      43.026
UATOM LYS         122      28.243      52.089
UATOM PRO         123      12.139      26.488
UATOM SER         124      10.417      19.790
UATOM ALA         125       5.501      24.941
UATOM ALA         126       5.291      24.237
UATOM CSER        127      14.270      19.315
____________________________________________________________
Total Entropy FF (UA level) :        2568.261 J/mol/K
Total Entropy TT (UA level) :        4000.043 J/mol/K
------------------------------------------------------------
____________________________________________________________
Total Entropy                            :        6568.303
------------------------------------------------------------
------------------------------------------------------------
            Hierarchy level. --> United Atom <--            
------------------------------------------------------------
      RESNAME   RESID  FF_ENTROPY  TT_ENTROPY
UATOM NALA          1       8.923      37.896
UATOM GLU           2      22.496      21.224
UATOM ALA           3       6.006      25.319
UATOM GLY           4       2.365      12.723
UATOM ILE           5      25.626      53.189
UATOM THR           6      18.986      34.864
UATOM GLY           7       2.489      12.650
UATOM THR           8      19.051      34.964
UATOM TRP           9      46.393      40.476
UATOM TYR          10      39.177      36.856
UATOM ASN          11      20.980      26.174
UATOM GLN          12      26.412      33.092
UATOM LEU          13      23.786      51.597
UATOM GLY          14       2.733      12.095
UATOM SER          15      12.220      21.125
UATOM THR          16      18.905      33.844
UATOM PHE          17      33.242      35.107
UATOM ILE          18      24.099      51.933
UATOM VAL          19      18.909      41.727
UATOM THR          20      19.796      34.933
UATOM ALA          21       7.068      25.776
UATOM GLY          22       2.406      12.621
UATOM ALA          23       6.442      25.055
UATOM ASP          24      19.021      14.312
UATOM GLY          25       2.602      12.045
UATOM ALA          26       6.884      23.987
UATOM LEU          27      24.518      50.408
UATOM THR          28      18.228      33.830
UATOM GLY          29       2.591      12.523
UATOM THR          30      18.601      34.807
UATOM TYR          31      40.117      37.912
UATOM GLU          32      24.891      21.953
UATOM SER          33      12.240      23.390
UATOM ALA          34       6.403      24.629
UATOM VAL          35      18.341      43.725
UATOM GLY          36       2.551      13.414
UATOM ASN          37      20.619      25.391
UATOM ALA          38       6.484      25.869
UATOM GLU          39      24.130      22.913
UATOM SER          40      11.125      22.740
UATOM ARG          41      41.829      59.487
UATOM TYR          42      41.171      37.910
UATOM VAL          43      18.414      44.041
UATOM LEU          44      25.755      50.323
UATOM THR          45      19.899      34.067
UATOM GLY          46       2.461      12.845
UATOM ARG          47      43.645      56.666
UATOM TYR          48      41.037      38.921
UATOM ASP          49      22.412      15.891
UATOM SER          50      12.410      21.581
UATOM ALA          51       6.485      21.780
UATOM PRO          52      13.426      27.356
UATOM ALA          53       6.739      25.140
UATOM THR          54      18.236      35.080
UATOM ASP          55      19.441      15.294
UATOM GLY          56       2.733      12.551
UATOM SER          57      11.607      19.706
UATOM GLY          58       2.507      12.601
UATOM THR          59      19.449      34.482
UATOM ALA          60       7.025      25.938
UATOM LEU          61      23.842      51.294
UATOM GLY          62       2.630      12.839
UATOM TRP          63      47.454      41.834
UATOM THR          64      20.064      34.116
UATOM VAL          65      19.692      42.926
UATOM ALA          66       6.850      23.785
UATOM TRP          67      48.458      37.858
UATOM LYS          68      27.941      51.906
UATOM ASN          69      21.837      26.556
UATOM ASN          70      20.840      26.043
UATOM TYR          71      34.756      36.371
UATOM ARG          72      40.587      55.696
UATOM ASN          73      23.222      27.236
UATOM ALA          74       7.071      25.420
UATOM HID          75      28.737      28.176
UATOM SER          76      11.792      20.843
UATOM ALA          77       6.640      24.685
UATOM THR          78      19.339      36.123
UATOM THR          79      18.749      36.379
UATOM TRP          80      46.563      40.458
UATOM SER          81      12.707      24.662
UATOM GLY          82       2.669      13.240
UATOM GLN          83      29.279      34.358
UATOM TYR          84      40.563      38.075
UATOM VAL          85      18.572      43.921
UATOM GLY          86       2.367      12.359
UATOM GLY          87       2.425      12.396
UATOM ALA          88       6.472      25.384
UATOM GLU          89      24.671      21.350
UATOM ALA          90       6.839      25.072
UATOM ARG          91      43.343      56.785
UATOM ILE          92      25.101      51.394
UATOM ASN          93      22.342      27.793
UATOM THR          94      19.302      35.618
UATOM GLN          95      30.983      34.873
UATOM TRP          96      47.787      41.964
UATOM LEU          97      25.523      51.063
UATOM LEU          98      25.182      51.410
UATOM THR          99      19.766      34.649
UATOM SER         100      12.411      20.532
UATOM GLY         101       2.978      12.249
UATOM THR         102      18.319      33.549
UATOM THR         103      19.348      35.317
UATOM GLU         104      23.369      22.299
UATOM ALA         105       6.751      25.124
UATOM ASN         106      21.837      27.021
UATOM ALA         107       6.755      26.103
UATOM TRP         108      46.872      42.151
UATOM LYS         109      28.478      53.992
UATOM SER         110      12.271      21.981
UATOM THR         111      19.575      33.827
UATOM LEU         112      24.674      49.896
UATOM VAL         113      18.596      42.672
UATOM GLY         114       2.499      13.495
UATOM HID         115      27.863      28.890
UATOM ASP         116      20.350      15.859
UATOM THR         117      18.436      34.823
UATOM PHE         118      31.873      35.345
UATOM THR         119      18.810      33.882
UATOM LYS         120      27.215      51.943
UATOM VAL         121      18.214      43.986
UATOM LYS         122      27.172      52.092
UATOM PRO         123      12.064      27.248
UATOM SER         124      10.261      21.041
UATOM ALA         125       5.358      24.757
UATOM ALA         126       5.216      24.798
UATOM CSER        127      15.089      19.837
____________________________________________________________
Total Entropy FF (UA level) :        2430.144 J/mol/K
Total Entropy TT (UA level) :        3952.368 J/mol/K
------------------------------------------------------------
____________________________________________________________
Total Entropy                            :        6382.512
------------------------------------------------------------
