37.956   
21.630   
24.166   
12.617   
51.880   
34.077   
12.969   
33.578   
39.229   
36.431   
27.641   
33.159   
51.690   
11.701   
22.725   
34.618   
35.532   
52.167   
42.394   
34.298   
26.006   
13.022   
26.027   
14.860   
13.415   
24.734   
50.442   
34.625   
13.484   
34.899   
37.278   
21.841   
22.464   
25.543   
41.763   
12.361   
26.366   
26.346   
21.962   
20.993   
56.028   
37.674   
43.908   
50.913   
33.669   
13.632   
58.193   
36.434   
15.452   
22.346   
23.713   
25.905   
24.713   
34.440   
15.549   
13.851   
19.771   
13.034   
33.766   
25.521   
50.118   
12.394   
39.189   
33.676   
43.499   
25.700   
40.647   
52.520   
25.875   
26.798   
36.384   
57.413   
26.665   
24.848   
28.293   
21.663   
26.114   
36.348   
33.369   
39.789   
21.865   
11.429   
32.155   
36.982   
43.142   
12.030   
12.183   
25.796   
22.218   
25.146   
56.013   
50.619   
26.122   
33.819   
33.962   
39.616   
51.344   
51.981   
36.011   
22.188   
13.141   
35.208   
33.664   
23.149   
26.320   
27.385   
26.083   
40.772   
54.273   
23.022   
35.873   
51.152   
39.799   
11.482   
28.294   
13.573   
34.081   
36.514   
33.463   
54.092   
45.032   
52.998   
27.370   
20.338   
24.472   
23.965   
19.996   
38.068   
21.337   
24.278   
11.980   
53.686   
34.200   
13.166   
35.238   
41.985   
37.928   
30.569   
35.049   
53.877   
14.030   
23.199   
35.422   
37.362   
51.526   
42.748   
35.045   
26.768   
12.013   
26.198   
16.317   
13.475   
24.100   
52.861   
33.967   
12.820   
36.333   
38.948   
22.581   
22.999   
25.833   
43.576   
13.602   
27.023   
26.321   
22.704   
23.667   
57.031   
40.333   
43.862   
48.375   
36.022   
12.315   
60.154   
39.812   
16.149   
22.481   
22.786   
27.435   
24.354   
36.139   
15.215   
12.957   
21.007   
12.540   
35.410   
26.882   
51.640   
13.110   
43.346   
32.249   
42.785   
25.100   
43.324   
52.999   
27.582   
26.252   
38.521   
54.217   
26.433   
25.500   
30.025   
21.613   
26.136   
38.739   
34.108   
41.369   
22.887   
12.766   
34.238   
38.856   
44.272   
14.175   
12.165   
26.114   
23.351   
25.148   
56.064   
51.363   
26.918   
36.519   
34.554   
42.134   
51.399   
52.816   
34.227   
21.672   
13.088   
33.485   
36.270   
22.942   
26.034   
27.785   
26.597   
42.670   
54.165   
23.694   
34.049   
51.082   
42.604   
13.080   
29.651   
16.009   
36.011   
37.688   
36.048   
54.272   
45.487   
51.881   
27.012   
21.337   
24.613   
24.546   
20.429   
37.786   
21.606   
24.899   
12.971   
51.792   
35.662   
12.780   
34.127   
39.627   
37.471   
28.055   
33.503   
51.895   
13.350   
21.335   
35.991   
34.705   
51.161   
43.112   
34.799   
25.670   
11.958   
24.845   
14.838   
11.351   
24.799   
51.557   
35.127   
12.558   
33.442   
37.300   
23.082   
22.130   
25.599   
41.812   
12.069   
25.684   
25.142   
21.588   
20.067   
56.462   
37.655   
44.594   
47.494   
33.398   
11.716   
58.625   
35.780   
14.055   
20.740   
23.737   
26.524   
24.938   
34.457   
15.463   
12.263   
20.585   
12.125   
33.807   
26.206   
48.255   
11.394   
39.685   
32.678   
43.283   
23.941   
41.691   
54.187   
27.708   
26.839   
37.641   
57.231   
25.442   
25.676   
27.411   
21.449   
25.507   
35.039   
32.129   
39.253   
21.218   
11.458   
32.190   
38.515   
43.744   
12.580   
12.165   
25.567   
22.390   
24.640   
56.017   
51.417   
26.233   
34.125   
33.363   
38.905   
49.909   
50.620   
34.839   
20.809   
12.573   
34.349   
35.176   
22.057   
25.616   
25.736   
25.631   
41.528   
52.777   
22.345   
35.816   
49.573   
41.308   
11.400   
29.301   
14.296   
34.944   
36.153   
34.224   
51.564   
44.506   
52.658   
26.404   
19.978   
24.943   
24.850   
20.324   
21.068   
24.303   
11.751   
53.384   
34.989   
13.380   
35.693   
40.774   
39.561   
29.954   
34.445   
52.583   
13.742   
22.918   
36.654   
36.535   
52.037   
44.515   
34.591   
26.071   
12.983   
25.516   
15.926   
13.216   
24.632   
52.489   
35.835   
13.575   
33.875   
38.682   
23.373   
24.007   
25.898   
42.927   
12.346   
25.797   
26.376   
22.025   
21.838   
56.195   
39.803   
44.315   
48.847   
34.141   
12.460   
59.730   
37.725   
14.343   
21.469   
23.286   
26.382   
25.281   
35.621   
16.322   
12.169   
21.258   
12.770   
34.362   
26.010   
49.685   
11.500   
40.118   
33.586   
43.895   
23.807   
42.277   
53.919   
29.005   
26.920   
37.019   
58.972   
25.461   
26.500   
28.273   
21.670   
25.419   
36.858   
35.715   
40.030   
22.010   
11.084   
31.626   
39.756   
43.875   
13.126   
12.169   
25.673   
22.355   
25.517   
56.669   
52.205   
27.486   
36.382   
35.765   
40.342   
50.795   
52.823   
35.189   
21.531   
12.671   
35.706   
36.264   
23.115   
26.235   
26.843   
26.129   
43.162   
53.647   
22.656   
36.368   
51.163   
41.814   
11.668   
28.060   
14.892   
34.411   
37.408   
34.819   
54.686   
45.021   
53.164   
26.390   
21.097   
24.188   
25.064   
20.283   
39.090   
21.444   
23.678   
11.816   
51.063   
33.847   
12.474   
33.971   
39.935   
37.465   
29.758   
33.790   
52.679   
12.626   
23.237   
35.972   
33.513   
51.477   
43.169   
34.126   
26.355   
13.012   
25.852   
14.745   
13.069   
25.006   
51.837   
35.367   
12.605   
32.718   
37.087   
22.353   
22.359   
25.645   
41.925   
12.141   
26.334   
25.675   
21.420   
19.897   
56.366   
38.043   
43.397   
48.800   
36.316   
12.189   
59.192   
36.054   
14.069   
22.387   
23.199   
26.579   
24.671   
33.850   
15.876   
12.392   
18.889   
13.298   
32.901   
26.151   
48.686   
12.255   
38.405   
33.860   
43.935   
24.548   
41.205   
53.060   
24.834   
26.436   
37.138   
57.263   
25.325   
25.312   
28.077   
21.553   
25.923   
36.200   
36.228   
37.655   
20.016   
11.053   
32.161   
36.937   
43.462   
12.300   
11.945   
25.035   
21.656   
25.847   
56.195   
50.917   
25.780   
34.864   
35.240   
38.032   
50.249   
50.931   
35.030   
22.160   
13.028   
34.745   
34.973   
22.587   
25.611   
27.686   
26.104   
39.299   
52.895   
22.999   
35.033   
50.124   
40.522   
12.057   
28.741   
14.183   
32.862   
35.464   
34.734   
52.714   
44.094   
51.317   
26.294   
20.335   
24.890   
24.549   
19.905   
