------------------------------------------------------------
Topographical entropy of residue side chains 
computed using all the dihedrals with correlation/pLogp formalism
------------------------------------------------------------
Side Chain Topographical Entropy from corr. pLogP method (NALA 1) : -0.0000
Side Chain Topographical Entropy from corr. pLogP method (GLU 2) : 19.5559
Side Chain Topographical Entropy from corr. pLogP method (ALA 3) : -0.0000
Side Chain Topographical Entropy from corr. pLogP method (GLY 4) : -0.0000
Side Chain Topographical Entropy from corr. pLogP method (ILE 5) : 1.4739
Side Chain Topographical Entropy from corr. pLogP method (THR 6) : -0.0000
Side Chain Topographical Entropy from corr. pLogP method (GLY 7) : -0.0000
Side Chain Topographical Entropy from corr. pLogP method (THR 8) : -0.0000
Side Chain Topographical Entropy from corr. pLogP method (TRP 9) : -0.0000
Side Chain Topographical Entropy from corr. pLogP method (TYR 10) : 5.0620
Side Chain Topographical Entropy from corr. pLogP method (ASN 11) : 1.0796
Side Chain Topographical Entropy from corr. pLogP method (GLN 12) : -0.0000
Side Chain Topographical Entropy from corr. pLogP method (LEU 13) : 1.0980
Side Chain Topographical Entropy from corr. pLogP method (GLY 14) : -0.0000
Side Chain Topographical Entropy from corr. pLogP method (SER 15) : -0.0000
Side Chain Topographical Entropy from corr. pLogP method (THR 16) : -0.0000
Side Chain Topographical Entropy from corr. pLogP method (PHE 17) : 7.1527
Side Chain Topographical Entropy from corr. pLogP method (ILE 18) : 0.7495
Side Chain Topographical Entropy from corr. pLogP method (VAL 19) : 0.3874
Side Chain Topographical Entropy from corr. pLogP method (THR 20) : 8.9768
Side Chain Topographical Entropy from corr. pLogP method (ALA 21) : -0.0000
Side Chain Topographical Entropy from corr. pLogP method (GLY 22) : -0.0000
Side Chain Topographical Entropy from corr. pLogP method (ALA 23) : -0.0000
Side Chain Topographical Entropy from corr. pLogP method (ASP 24) : 14.3081
Side Chain Topographical Entropy from corr. pLogP method (GLY 25) : -0.0000
Side Chain Topographical Entropy from corr. pLogP method (ALA 26) : -0.0000
Side Chain Topographical Entropy from corr. pLogP method (LEU 27) : 2.3833
Side Chain Topographical Entropy from corr. pLogP method (THR 28) : 8.5116
Side Chain Topographical Entropy from corr. pLogP method (GLY 29) : -0.0000
Side Chain Topographical Entropy from corr. pLogP method (THR 30) : -0.0000
Side Chain Topographical Entropy from corr. pLogP method (TYR 31) : 4.2770
Side Chain Topographical Entropy from corr. pLogP method (GLU 32) : 11.3408
Side Chain Topographical Entropy from corr. pLogP method (SER 33) : -0.0000
Side Chain Topographical Entropy from corr. pLogP method (ALA 34) : -0.0000
Side Chain Topographical Entropy from corr. pLogP method (VAL 35) : -0.0000
Side Chain Topographical Entropy from corr. pLogP method (GLY 36) : -0.0000
Side Chain Topographical Entropy from corr. pLogP method (ASN 37) : 13.2856
Side Chain Topographical Entropy from corr. pLogP method (ALA 38) : -0.0000
Side Chain Topographical Entropy from corr. pLogP method (GLU 39) : 15.6086
Side Chain Topographical Entropy from corr. pLogP method (SER 40) : 1.9997
Side Chain Topographical Entropy from corr. pLogP method (ARG 41) : 5.5312
Side Chain Topographical Entropy from corr. pLogP method (TYR 42) : -0.0000
Side Chain Topographical Entropy from corr. pLogP method (VAL 43) : 1.0023
Side Chain Topographical Entropy from corr. pLogP method (LEU 44) : 0.9366
Side Chain Topographical Entropy from corr. pLogP method (THR 45) : 0.1200
Side Chain Topographical Entropy from corr. pLogP method (GLY 46) : -0.0000
Side Chain Topographical Entropy from corr. pLogP method (ARG 47) : 0.2617
Side Chain Topographical Entropy from corr. pLogP method (TYR 48) : 2.8760
Side Chain Topographical Entropy from corr. pLogP method (ASP 49) : 0.7161
Side Chain Topographical Entropy from corr. pLogP method (SER 50) : 0.4656
Side Chain Topographical Entropy from corr. pLogP method (ALA 51) : -0.0000
Side Chain Topographical Entropy from corr. pLogP method (PRO 52) : 9.0288
Side Chain Topographical Entropy from corr. pLogP method (ALA 53) : -0.0000
Side Chain Topographical Entropy from corr. pLogP method (THR 54) : 5.2751
Side Chain Topographical Entropy from corr. pLogP method (ASP 55) : 14.5463
Side Chain Topographical Entropy from corr. pLogP method (GLY 56) : -0.0000
Side Chain Topographical Entropy from corr. pLogP method (SER 57) : 6.7228
Side Chain Topographical Entropy from corr. pLogP method (GLY 58) : -0.0000
Side Chain Topographical Entropy from corr. pLogP method (THR 59) : -0.0000
Side Chain Topographical Entropy from corr. pLogP method (ALA 60) : -0.0000
Side Chain Topographical Entropy from corr. pLogP method (LEU 61) : 7.3897
Side Chain Topographical Entropy from corr. pLogP method (GLY 62) : -0.0000
Side Chain Topographical Entropy from corr. pLogP method (TRP 63) : -0.0000
Side Chain Topographical Entropy from corr. pLogP method (THR 64) : 0.5034
Side Chain Topographical Entropy from corr. pLogP method (VAL 65) : -0.0000
Side Chain Topographical Entropy from corr. pLogP method (ALA 66) : -0.0000
Side Chain Topographical Entropy from corr. pLogP method (TRP 67) : -0.0000
Side Chain Topographical Entropy from corr. pLogP method (LYS 68) : 13.0650
Side Chain Topographical Entropy from corr. pLogP method (ASN 69) : 1.6955
Side Chain Topographical Entropy from corr. pLogP method (ASN 70) : 12.2585
Side Chain Topographical Entropy from corr. pLogP method (TYR 71) : 9.0289
Side Chain Topographical Entropy from corr. pLogP method (ARG 72) : 13.1282
Side Chain Topographical Entropy from corr. pLogP method (ASN 73) : 1.2970
Side Chain Topographical Entropy from corr. pLogP method (ALA 74) : -0.0000
Side Chain Topographical Entropy from corr. pLogP method (HID 75) : 0.2168
Side Chain Topographical Entropy from corr. pLogP method (SER 76) : 3.2488
Side Chain Topographical Entropy from corr. pLogP method (ALA 77) : -0.0000
Side Chain Topographical Entropy from corr. pLogP method (THR 78) : 0.1200
Side Chain Topographical Entropy from corr. pLogP method (THR 79) : -0.0000
Side Chain Topographical Entropy from corr. pLogP method (TRP 80) : 1.6749
Side Chain Topographical Entropy from corr. pLogP method (SER 81) : 0.2617
Side Chain Topographical Entropy from corr. pLogP method (GLY 82) : -0.0000
Side Chain Topographical Entropy from corr. pLogP method (GLN 83) : 8.0927
Side Chain Topographical Entropy from corr. pLogP method (TYR 84) : -0.0000
Side Chain Topographical Entropy from corr. pLogP method (VAL 85) : 0.5405
Side Chain Topographical Entropy from corr. pLogP method (GLY 86) : -0.0000
Side Chain Topographical Entropy from corr. pLogP method (GLY 87) : -0.0000
Side Chain Topographical Entropy from corr. pLogP method (ALA 88) : -0.0000
Side Chain Topographical Entropy from corr. pLogP method (GLU 89) : 20.5509
Side Chain Topographical Entropy from corr. pLogP method (ALA 90) : -0.0000
Side Chain Topographical Entropy from corr. pLogP method (ARG 91) : 5.1937
Side Chain Topographical Entropy from corr. pLogP method (ILE 92) : 1.5490
Side Chain Topographical Entropy from corr. pLogP method (ASN 93) : 4.0477
Side Chain Topographical Entropy from corr. pLogP method (THR 94) : 0.0657
Side Chain Topographical Entropy from corr. pLogP method (GLN 95) : 2.4935
Side Chain Topographical Entropy from corr. pLogP method (TRP 96) : 0.5768
Side Chain Topographical Entropy from corr. pLogP method (LEU 97) : 0.1698
Side Chain Topographical Entropy from corr. pLogP method (LEU 98) : 0.0657
Side Chain Topographical Entropy from corr. pLogP method (THR 99) : -0.0000
Side Chain Topographical Entropy from corr. pLogP method (SER 100) : 6.0002
Side Chain Topographical Entropy from corr. pLogP method (GLY 101) : -0.0000
Side Chain Topographical Entropy from corr. pLogP method (THR 102) : -0.0000
Side Chain Topographical Entropy from corr. pLogP method (THR 103) : 1.2889
Side Chain Topographical Entropy from corr. pLogP method (GLU 104) : 21.3310
Side Chain Topographical Entropy from corr. pLogP method (ALA 105) : -0.0000
Side Chain Topographical Entropy from corr. pLogP method (ASN 106) : 3.7956
Side Chain Topographical Entropy from corr. pLogP method (ALA 107) : -0.0000
Side Chain Topographical Entropy from corr. pLogP method (TRP 108) : 5.0648
Side Chain Topographical Entropy from corr. pLogP method (LYS 109) : 10.1061
Side Chain Topographical Entropy from corr. pLogP method (SER 110) : 1.9997
Side Chain Topographical Entropy from corr. pLogP method (THR 111) : -0.0000
Side Chain Topographical Entropy from corr. pLogP method (LEU 112) : 1.0007
Side Chain Topographical Entropy from corr. pLogP method (VAL 113) : -0.0000
Side Chain Topographical Entropy from corr. pLogP method (GLY 114) : -0.0000
Side Chain Topographical Entropy from corr. pLogP method (HID 115) : -0.0000
Side Chain Topographical Entropy from corr. pLogP method (ASP 116) : 0.0657
Side Chain Topographical Entropy from corr. pLogP method (THR 117) : 2.2770
Side Chain Topographical Entropy from corr. pLogP method (PHE 118) : -0.0000
Side Chain Topographical Entropy from corr. pLogP method (THR 119) : -0.0000
Side Chain Topographical Entropy from corr. pLogP method (LYS 120) : 12.7667
Side Chain Topographical Entropy from corr. pLogP method (VAL 121) : 1.9551
Side Chain Topographical Entropy from corr. pLogP method (LYS 122) : 17.8111
Side Chain Topographical Entropy from corr. pLogP method (PRO 123) : 13.6247
Side Chain Topographical Entropy from corr. pLogP method (SER 124) : 7.4572
Side Chain Topographical Entropy from corr. pLogP method (ALA 125) : -0.0000
Side Chain Topographical Entropy from corr. pLogP method (ALA 126) : -0.0000
Side Chain Topographical Entropy from corr. pLogP method (CSER 127) : 6.1521
____________________________________________________________
Total SC Topog. Entropy (corr. pLogP)    :         384.664
------------------------------------------------------------
------------------------------------------------------------
Topographical entropy of BB dihedrals 
computed using the correlated-pLogp formalism
------------------------------------------------------------
____________________________________________________________
Total BB Topog. Entropy (corr. pLogP)    :          18.225
------------------------------------------------------------
____________________________________________________________
Total Entropy                            :         402.889
------------------------------------------------------------
