------------------------------------------------------------
            Hierarchy level. --> United Atom <--            
------------------------------------------------------------
      RESNAME   RESID  FF_ENTROPY  TT_ENTROPY
UATOM NALA          1       9.513      39.090
UATOM GLU           2      22.715      21.444
UATOM ALA           3       5.344      23.678
UATOM GLY           4       2.439      11.816
UATOM ILE           5      24.722      51.063
UATOM THR           6      18.654      33.847
UATOM GLY           7       2.626      12.474
UATOM THR           8      19.139      33.971
UATOM TRP           9      45.327      39.935
UATOM TYR          10      39.764      37.465
UATOM ASN          11      22.328      29.758
UATOM GLN          12      30.073      33.790
UATOM LEU          13      24.123      52.679
UATOM GLY          14       2.644      12.626
UATOM SER          15      12.400      23.237
UATOM THR          16      19.181      35.972
UATOM PHE          17      32.225      33.513
UATOM ILE          18      25.251      51.477
UATOM VAL          19      18.373      43.169
UATOM THR          20      17.669      34.126
UATOM ALA          21       6.976      26.355
UATOM GLY          22       2.481      13.012
UATOM ALA          23       6.609      25.852
UATOM ASP          24      18.461      14.745
UATOM GLY          25       2.510      13.069
UATOM ALA          26       6.903      25.006
UATOM LEU          27      25.793      51.837
UATOM THR          28      17.776      35.367
UATOM GLY          29       2.554      12.605
UATOM THR          30      18.701      32.718
UATOM TYR          31      41.006      37.087
UATOM GLU          32      25.283      22.353
UATOM SER          33      12.096      22.359
UATOM ALA          34       6.382      25.645
UATOM VAL          35      18.720      41.925
UATOM GLY          36       2.564      12.141
UATOM ASN          37      20.220      26.334
UATOM ALA          38       6.813      25.675
UATOM GLU          39      24.758      21.420
UATOM SER          40      11.861      19.897
UATOM ARG          41      43.258      56.366
UATOM TYR          42      41.916      38.043
UATOM VAL          43      18.475      43.397
UATOM LEU          44      25.322      48.800
UATOM THR          45      19.272      36.316
UATOM GLY          46       2.522      12.189
UATOM ARG          47      44.898      59.192
UATOM TYR          48      40.235      36.054
UATOM ASP          49      21.167      14.069
UATOM SER          50      11.781      22.387
UATOM ALA          51       6.376      23.199
UATOM PRO          52      12.618      26.579
UATOM ALA          53       6.378      24.671
UATOM THR          54      17.398      33.850
UATOM ASP          55      19.039      15.876
UATOM GLY          56       2.657      12.392
UATOM SER          57      11.670      18.889
UATOM GLY          58       2.572      13.298
UATOM THR          59      19.319      32.901
UATOM ALA          60       6.643      26.151
UATOM LEU          61      24.987      48.686
UATOM GLY          62       2.750      12.255
UATOM TRP          63      47.119      38.405
UATOM THR          64      20.082      33.860
UATOM VAL          65      19.805      43.935
UATOM ALA          66       6.859      24.548
UATOM TRP          67      46.575      41.205
UATOM LYS          68      28.980      53.060
UATOM ASN          69      22.034      24.834
UATOM ASN          70      20.459      26.436
UATOM TYR          71      36.003      37.138
UATOM ARG          72      40.311      57.263
UATOM ASN          73      22.283      25.325
UATOM ALA          74       6.910      25.312
UATOM HID          75      28.320      28.077
UATOM SER          76      11.404      21.553
UATOM ALA          77       6.971      25.923
UATOM THR          78      20.135      36.200
UATOM THR          79      18.879      36.228
UATOM TRP          80      46.365      37.655
UATOM SER          81      12.034      20.016
UATOM GLY          82       2.583      11.053
UATOM GLN          83      28.434      32.161
UATOM TYR          84      39.425      36.937
UATOM VAL          85      17.775      43.462
UATOM GLY          86       2.121      12.300
UATOM GLY          87       2.386      11.945
UATOM ALA          88       6.036      25.035
UATOM GLU          89      23.393      21.656
UATOM ALA          90       6.471      25.847
UATOM ARG          91      42.667      56.195
UATOM ILE          92      24.923      50.917
UATOM ASN          93      23.140      25.780
UATOM THR          94      19.639      34.864
UATOM GLN          95      29.947      35.240
UATOM TRP          96      46.419      38.032
UATOM LEU          97      25.403      50.249
UATOM LEU          98      24.072      50.931
UATOM THR          99      19.782      35.030
UATOM SER         100      11.239      22.160
UATOM GLY         101       2.157      13.028
UATOM THR         102      18.669      34.745
UATOM THR         103      18.918      34.973
UATOM GLU         104      25.233      22.587
UATOM ALA         105       6.578      25.611
UATOM ASN         106      22.283      27.686
UATOM ALA         107       6.596      26.104
UATOM TRP         108      45.511      39.299
UATOM LYS         109      28.747      52.895
UATOM SER         110      11.918      22.999
UATOM THR         111      19.226      35.033
UATOM LEU         112      25.330      50.124
UATOM VAL         113      19.279      40.522
UATOM GLY         114       2.626      12.057
UATOM HID         115      27.811      28.741
UATOM ASP         116      22.836      14.183
UATOM THR         117      18.894      32.862
UATOM PHE         118      32.681      35.464
UATOM THR         119      18.854      34.734
UATOM LYS         120      28.364      52.714
UATOM VAL         121      16.938      44.094
UATOM LYS         122      26.532      51.317
UATOM PRO         123      11.800      26.294
UATOM SER         124       9.737      20.335
UATOM ALA         125       5.309      24.890
UATOM ALA         126       5.070      24.549
UATOM CSER        127      14.004      19.905
____________________________________________________________
Total Entropy FF (UA level) :        2423.514 J/mol/K
Total Entropy TT (UA level) :        3920.608 J/mol/K
------------------------------------------------------------
____________________________________________________________
Total Entropy                            :        6344.121
------------------------------------------------------------
