------------------------------------------------------------
Topographical entropy of residue side chains 
computed using all the dihedrals with correlation/pLogp formalism
------------------------------------------------------------
Side Chain Topographical Entropy from corr. pLogP method (NALA 1) : -0.0000
Side Chain Topographical Entropy from corr. pLogP method (GLU 2) : 13.2849
Side Chain Topographical Entropy from corr. pLogP method (ALA 3) : -0.0000
Side Chain Topographical Entropy from corr. pLogP method (GLY 4) : -0.0000
Side Chain Topographical Entropy from corr. pLogP method (ILE 5) : 1.7603
Side Chain Topographical Entropy from corr. pLogP method (THR 6) : -0.0000
Side Chain Topographical Entropy from corr. pLogP method (GLY 7) : -0.0000
Side Chain Topographical Entropy from corr. pLogP method (THR 8) : 0.2617
Side Chain Topographical Entropy from corr. pLogP method (TRP 9) : -0.0000
Side Chain Topographical Entropy from corr. pLogP method (TYR 10) : 5.7861
Side Chain Topographical Entropy from corr. pLogP method (ASN 11) : 1.4661
Side Chain Topographical Entropy from corr. pLogP method (GLN 12) : -0.0000
Side Chain Topographical Entropy from corr. pLogP method (LEU 13) : 1.9262
Side Chain Topographical Entropy from corr. pLogP method (GLY 14) : -0.0000
Side Chain Topographical Entropy from corr. pLogP method (SER 15) : -0.0000
Side Chain Topographical Entropy from corr. pLogP method (THR 16) : -0.0000
Side Chain Topographical Entropy from corr. pLogP method (PHE 17) : 6.7602
Side Chain Topographical Entropy from corr. pLogP method (ILE 18) : 0.7647
Side Chain Topographical Entropy from corr. pLogP method (VAL 19) : 2.1303
Side Chain Topographical Entropy from corr. pLogP method (THR 20) : -0.0000
Side Chain Topographical Entropy from corr. pLogP method (ALA 21) : -0.0000
Side Chain Topographical Entropy from corr. pLogP method (GLY 22) : -0.0000
Side Chain Topographical Entropy from corr. pLogP method (ALA 23) : -0.0000
Side Chain Topographical Entropy from corr. pLogP method (ASP 24) : 9.4021
Side Chain Topographical Entropy from corr. pLogP method (GLY 25) : -0.0000
Side Chain Topographical Entropy from corr. pLogP method (ALA 26) : -0.0000
Side Chain Topographical Entropy from corr. pLogP method (LEU 27) : -0.0000
Side Chain Topographical Entropy from corr. pLogP method (THR 28) : 7.6935
Side Chain Topographical Entropy from corr. pLogP method (GLY 29) : -0.0000
Side Chain Topographical Entropy from corr. pLogP method (THR 30) : -0.0000
Side Chain Topographical Entropy from corr. pLogP method (TYR 31) : 4.5148
Side Chain Topographical Entropy from corr. pLogP method (GLU 32) : 10.1375
Side Chain Topographical Entropy from corr. pLogP method (SER 33) : -0.0000
Side Chain Topographical Entropy from corr. pLogP method (ALA 34) : -0.0000
Side Chain Topographical Entropy from corr. pLogP method (VAL 35) : 0.2355
Side Chain Topographical Entropy from corr. pLogP method (GLY 36) : -0.0000
Side Chain Topographical Entropy from corr. pLogP method (ASN 37) : 11.9035
Side Chain Topographical Entropy from corr. pLogP method (ALA 38) : -0.0000
Side Chain Topographical Entropy from corr. pLogP method (GLU 39) : 14.4801
Side Chain Topographical Entropy from corr. pLogP method (SER 40) : 3.8407
Side Chain Topographical Entropy from corr. pLogP method (ARG 41) : 8.2788
Side Chain Topographical Entropy from corr. pLogP method (TYR 42) : -0.0000
Side Chain Topographical Entropy from corr. pLogP method (VAL 43) : 1.0023
Side Chain Topographical Entropy from corr. pLogP method (LEU 44) : 0.0657
Side Chain Topographical Entropy from corr. pLogP method (THR 45) : 3.7772
Side Chain Topographical Entropy from corr. pLogP method (GLY 46) : -0.0000
Side Chain Topographical Entropy from corr. pLogP method (ARG 47) : 0.1200
Side Chain Topographical Entropy from corr. pLogP method (TYR 48) : 2.6845
Side Chain Topographical Entropy from corr. pLogP method (ASP 49) : 8.7460
Side Chain Topographical Entropy from corr. pLogP method (SER 50) : -0.0000
Side Chain Topographical Entropy from corr. pLogP method (ALA 51) : -0.0000
Side Chain Topographical Entropy from corr. pLogP method (PRO 52) : 12.4772
Side Chain Topographical Entropy from corr. pLogP method (ALA 53) : -0.0000
Side Chain Topographical Entropy from corr. pLogP method (THR 54) : 3.8499
Side Chain Topographical Entropy from corr. pLogP method (ASP 55) : 9.4303
Side Chain Topographical Entropy from corr. pLogP method (GLY 56) : -0.0000
Side Chain Topographical Entropy from corr. pLogP method (SER 57) : 2.0438
Side Chain Topographical Entropy from corr. pLogP method (GLY 58) : -0.0000
Side Chain Topographical Entropy from corr. pLogP method (THR 59) : -0.0000
Side Chain Topographical Entropy from corr. pLogP method (ALA 60) : -0.0000
Side Chain Topographical Entropy from corr. pLogP method (LEU 61) : 4.9809
Side Chain Topographical Entropy from corr. pLogP method (GLY 62) : -0.0000
Side Chain Topographical Entropy from corr. pLogP method (TRP 63) : -0.0000
Side Chain Topographical Entropy from corr. pLogP method (THR 64) : -0.0000
Side Chain Topographical Entropy from corr. pLogP method (VAL 65) : -0.0000
Side Chain Topographical Entropy from corr. pLogP method (ALA 66) : -0.0000
Side Chain Topographical Entropy from corr. pLogP method (TRP 67) : -0.0000
Side Chain Topographical Entropy from corr. pLogP method (LYS 68) : 14.1736
Side Chain Topographical Entropy from corr. pLogP method (ASN 69) : 2.4180
Side Chain Topographical Entropy from corr. pLogP method (ASN 70) : 14.2305
Side Chain Topographical Entropy from corr. pLogP method (TYR 71) : 5.8778
Side Chain Topographical Entropy from corr. pLogP method (ARG 72) : 15.2129
Side Chain Topographical Entropy from corr. pLogP method (ASN 73) : 1.3225
Side Chain Topographical Entropy from corr. pLogP method (ALA 74) : -0.0000
Side Chain Topographical Entropy from corr. pLogP method (HID 75) : 2.5334
Side Chain Topographical Entropy from corr. pLogP method (SER 76) : 4.7583
Side Chain Topographical Entropy from corr. pLogP method (ALA 77) : -0.0000
Side Chain Topographical Entropy from corr. pLogP method (THR 78) : -0.0000
Side Chain Topographical Entropy from corr. pLogP method (THR 79) : 0.3395
Side Chain Topographical Entropy from corr. pLogP method (TRP 80) : 1.7944
Side Chain Topographical Entropy from corr. pLogP method (SER 81) : 0.3816
Side Chain Topographical Entropy from corr. pLogP method (GLY 82) : -0.0000
Side Chain Topographical Entropy from corr. pLogP method (GLN 83) : 8.2443
Side Chain Topographical Entropy from corr. pLogP method (TYR 84) : -0.0000
Side Chain Topographical Entropy from corr. pLogP method (VAL 85) : 0.3874
Side Chain Topographical Entropy from corr. pLogP method (GLY 86) : -0.0000
Side Chain Topographical Entropy from corr. pLogP method (GLY 87) : -0.0000
Side Chain Topographical Entropy from corr. pLogP method (ALA 88) : -0.0000
Side Chain Topographical Entropy from corr. pLogP method (GLU 89) : 19.6669
Side Chain Topographical Entropy from corr. pLogP method (ALA 90) : -0.0000
Side Chain Topographical Entropy from corr. pLogP method (ARG 91) : 7.7448
Side Chain Topographical Entropy from corr. pLogP method (ILE 92) : 0.7008
Side Chain Topographical Entropy from corr. pLogP method (ASN 93) : 2.6146
Side Chain Topographical Entropy from corr. pLogP method (THR 94) : 0.1698
Side Chain Topographical Entropy from corr. pLogP method (GLN 95) : 2.2954
Side Chain Topographical Entropy from corr. pLogP method (TRP 96) : 0.3468
Side Chain Topographical Entropy from corr. pLogP method (LEU 97) : 7.1166
Side Chain Topographical Entropy from corr. pLogP method (LEU 98) : 0.1857
Side Chain Topographical Entropy from corr. pLogP method (THR 99) : -0.0000
Side Chain Topographical Entropy from corr. pLogP method (SER 100) : 7.4933
Side Chain Topographical Entropy from corr. pLogP method (GLY 101) : -0.0000
Side Chain Topographical Entropy from corr. pLogP method (THR 102) : -0.0000
Side Chain Topographical Entropy from corr. pLogP method (THR 103) : -0.0000
Side Chain Topographical Entropy from corr. pLogP method (GLU 104) : 23.5135
Side Chain Topographical Entropy from corr. pLogP method (ALA 105) : -0.0000
Side Chain Topographical Entropy from corr. pLogP method (ASN 106) : 2.9653
Side Chain Topographical Entropy from corr. pLogP method (ALA 107) : -0.0000
Side Chain Topographical Entropy from corr. pLogP method (TRP 108) : 5.0790
Side Chain Topographical Entropy from corr. pLogP method (LYS 109) : 14.2921
Side Chain Topographical Entropy from corr. pLogP method (SER 110) : -0.0000
Side Chain Topographical Entropy from corr. pLogP method (THR 111) : -0.0000
Side Chain Topographical Entropy from corr. pLogP method (LEU 112) : 0.9137
Side Chain Topographical Entropy from corr. pLogP method (VAL 113) : 0.1200
Side Chain Topographical Entropy from corr. pLogP method (GLY 114) : -0.0000
Side Chain Topographical Entropy from corr. pLogP method (HID 115) : 4.8092
Side Chain Topographical Entropy from corr. pLogP method (ASP 116) : 3.6967
Side Chain Topographical Entropy from corr. pLogP method (THR 117) : -0.0000
Side Chain Topographical Entropy from corr. pLogP method (PHE 118) : -0.0000
Side Chain Topographical Entropy from corr. pLogP method (THR 119) : 0.6476
Side Chain Topographical Entropy from corr. pLogP method (LYS 120) : 12.4531
Side Chain Topographical Entropy from corr. pLogP method (VAL 121) : 6.5151
Side Chain Topographical Entropy from corr. pLogP method (LYS 122) : 19.2087
Side Chain Topographical Entropy from corr. pLogP method (PRO 123) : 13.4827
Side Chain Topographical Entropy from corr. pLogP method (SER 124) : 7.4008
Side Chain Topographical Entropy from corr. pLogP method (ALA 125) : -0.0000
Side Chain Topographical Entropy from corr. pLogP method (ALA 126) : -0.0000
Side Chain Topographical Entropy from corr. pLogP method (CSER 127) : 5.9110
____________________________________________________________
Total SC Topog. Entropy (corr. pLogP)    :         394.822
------------------------------------------------------------
------------------------------------------------------------
Topographical entropy of BB dihedrals 
computed using the correlated-pLogp formalism
------------------------------------------------------------
____________________________________________________________
Total BB Topog. Entropy (corr. pLogP)    :          15.547
------------------------------------------------------------
____________________________________________________________
Total Entropy                            :         410.370
------------------------------------------------------------
