------------------------------------------------------------
Topographical entropy of residue side chains 
computed using all the dihedrals with correlation/pLogp formalism
------------------------------------------------------------
Side Chain Topographical Entropy from corr. pLogP method (NALA 1) : -0.0000
Side Chain Topographical Entropy from corr. pLogP method (GLU 2) : 21.3653
Side Chain Topographical Entropy from corr. pLogP method (ALA 3) : -0.0000
Side Chain Topographical Entropy from corr. pLogP method (GLY 4) : -0.0000
Side Chain Topographical Entropy from corr. pLogP method (ILE 5) : 0.8448
Side Chain Topographical Entropy from corr. pLogP method (THR 6) : -0.0000
Side Chain Topographical Entropy from corr. pLogP method (GLY 7) : -0.0000
Side Chain Topographical Entropy from corr. pLogP method (THR 8) : -0.0000
Side Chain Topographical Entropy from corr. pLogP method (TRP 9) : -0.0000
Side Chain Topographical Entropy from corr. pLogP method (TYR 10) : 5.7955
Side Chain Topographical Entropy from corr. pLogP method (ASN 11) : 3.3387
Side Chain Topographical Entropy from corr. pLogP method (GLN 12) : 19.1492
Side Chain Topographical Entropy from corr. pLogP method (LEU 13) : 6.9775
Side Chain Topographical Entropy from corr. pLogP method (GLY 14) : -0.0000
Side Chain Topographical Entropy from corr. pLogP method (SER 15) : 0.0657
Side Chain Topographical Entropy from corr. pLogP method (THR 16) : -0.0000
Side Chain Topographical Entropy from corr. pLogP method (PHE 17) : 0.2168
Side Chain Topographical Entropy from corr. pLogP method (ILE 18) : 6.3687
Side Chain Topographical Entropy from corr. pLogP method (VAL 19) : 1.1491
Side Chain Topographical Entropy from corr. pLogP method (THR 20) : 9.0220
Side Chain Topographical Entropy from corr. pLogP method (ALA 21) : -0.0000
Side Chain Topographical Entropy from corr. pLogP method (GLY 22) : -0.0000
Side Chain Topographical Entropy from corr. pLogP method (ALA 23) : -0.0000
Side Chain Topographical Entropy from corr. pLogP method (ASP 24) : 17.0129
Side Chain Topographical Entropy from corr. pLogP method (GLY 25) : -0.0000
Side Chain Topographical Entropy from corr. pLogP method (ALA 26) : -0.0000
Side Chain Topographical Entropy from corr. pLogP method (LEU 27) : 8.1857
Side Chain Topographical Entropy from corr. pLogP method (THR 28) : 8.2375
Side Chain Topographical Entropy from corr. pLogP method (GLY 29) : -0.0000
Side Chain Topographical Entropy from corr. pLogP method (THR 30) : 0.1698
Side Chain Topographical Entropy from corr. pLogP method (TYR 31) : 1.5773
Side Chain Topographical Entropy from corr. pLogP method (GLU 32) : 15.0445
Side Chain Topographical Entropy from corr. pLogP method (SER 33) : 0.0657
Side Chain Topographical Entropy from corr. pLogP method (ALA 34) : -0.0000
Side Chain Topographical Entropy from corr. pLogP method (VAL 35) : 0.2355
Side Chain Topographical Entropy from corr. pLogP method (GLY 36) : -0.0000
Side Chain Topographical Entropy from corr. pLogP method (ASN 37) : 12.5484
Side Chain Topographical Entropy from corr. pLogP method (ALA 38) : -0.0000
Side Chain Topographical Entropy from corr. pLogP method (GLU 39) : 17.2164
Side Chain Topographical Entropy from corr. pLogP method (SER 40) : 0.2168
Side Chain Topographical Entropy from corr. pLogP method (ARG 41) : 13.9253
Side Chain Topographical Entropy from corr. pLogP method (TYR 42) : -0.0000
Side Chain Topographical Entropy from corr. pLogP method (VAL 43) : -0.0000
Side Chain Topographical Entropy from corr. pLogP method (LEU 44) : 8.8542
Side Chain Topographical Entropy from corr. pLogP method (THR 45) : 8.7995
Side Chain Topographical Entropy from corr. pLogP method (GLY 46) : -0.0000
Side Chain Topographical Entropy from corr. pLogP method (ARG 47) : 0.3274
Side Chain Topographical Entropy from corr. pLogP method (TYR 48) : 2.8130
Side Chain Topographical Entropy from corr. pLogP method (ASP 49) : 2.7931
Side Chain Topographical Entropy from corr. pLogP method (SER 50) : 2.4732
Side Chain Topographical Entropy from corr. pLogP method (ALA 51) : -0.0000
Side Chain Topographical Entropy from corr. pLogP method (PRO 52) : 10.4190
Side Chain Topographical Entropy from corr. pLogP method (ALA 53) : -0.0000
Side Chain Topographical Entropy from corr. pLogP method (THR 54) : 3.8015
Side Chain Topographical Entropy from corr. pLogP method (ASP 55) : 9.4020
Side Chain Topographical Entropy from corr. pLogP method (GLY 56) : -0.0000
Side Chain Topographical Entropy from corr. pLogP method (SER 57) : 3.2907
Side Chain Topographical Entropy from corr. pLogP method (GLY 58) : -0.0000
Side Chain Topographical Entropy from corr. pLogP method (THR 59) : -0.0000
Side Chain Topographical Entropy from corr. pLogP method (ALA 60) : -0.0000
Side Chain Topographical Entropy from corr. pLogP method (LEU 61) : 7.3788
Side Chain Topographical Entropy from corr. pLogP method (GLY 62) : -0.0000
Side Chain Topographical Entropy from corr. pLogP method (TRP 63) : -0.0000
Side Chain Topographical Entropy from corr. pLogP method (THR 64) : -0.0000
Side Chain Topographical Entropy from corr. pLogP method (VAL 65) : -0.0000
Side Chain Topographical Entropy from corr. pLogP method (ALA 66) : -0.0000
Side Chain Topographical Entropy from corr. pLogP method (TRP 67) : -0.0000
Side Chain Topographical Entropy from corr. pLogP method (LYS 68) : 10.1947
Side Chain Topographical Entropy from corr. pLogP method (ASN 69) : 1.0323
Side Chain Topographical Entropy from corr. pLogP method (ASN 70) : 14.5083
Side Chain Topographical Entropy from corr. pLogP method (TYR 71) : 8.0992
Side Chain Topographical Entropy from corr. pLogP method (ARG 72) : 10.5291
Side Chain Topographical Entropy from corr. pLogP method (ASN 73) : 0.1698
Side Chain Topographical Entropy from corr. pLogP method (ALA 74) : -0.0000
Side Chain Topographical Entropy from corr. pLogP method (HID 75) : 0.0657
Side Chain Topographical Entropy from corr. pLogP method (SER 76) : 7.1582
Side Chain Topographical Entropy from corr. pLogP method (ALA 77) : -0.0000
Side Chain Topographical Entropy from corr. pLogP method (THR 78) : 0.0657
Side Chain Topographical Entropy from corr. pLogP method (THR 79) : 3.9320
Side Chain Topographical Entropy from corr. pLogP method (TRP 80) : 1.6012
Side Chain Topographical Entropy from corr. pLogP method (SER 81) : 4.4019
Side Chain Topographical Entropy from corr. pLogP method (GLY 82) : -0.0000
Side Chain Topographical Entropy from corr. pLogP method (GLN 83) : 10.5400
Side Chain Topographical Entropy from corr. pLogP method (TYR 84) : -0.0000
Side Chain Topographical Entropy from corr. pLogP method (VAL 85) : 2.5645
Side Chain Topographical Entropy from corr. pLogP method (GLY 86) : -0.0000
Side Chain Topographical Entropy from corr. pLogP method (GLY 87) : -0.0000
Side Chain Topographical Entropy from corr. pLogP method (ALA 88) : -0.0000
Side Chain Topographical Entropy from corr. pLogP method (GLU 89) : 16.5335
Side Chain Topographical Entropy from corr. pLogP method (ALA 90) : -0.0000
Side Chain Topographical Entropy from corr. pLogP method (ARG 91) : 10.2744
Side Chain Topographical Entropy from corr. pLogP method (ILE 92) : 0.2168
Side Chain Topographical Entropy from corr. pLogP method (ASN 93) : 5.0680
Side Chain Topographical Entropy from corr. pLogP method (THR 94) : 0.1200
Side Chain Topographical Entropy from corr. pLogP method (GLN 95) : 3.1573
Side Chain Topographical Entropy from corr. pLogP method (TRP 96) : 0.4656
Side Chain Topographical Entropy from corr. pLogP method (LEU 97) : 0.0657
Side Chain Topographical Entropy from corr. pLogP method (LEU 98) : 0.0657
Side Chain Topographical Entropy from corr. pLogP method (THR 99) : -0.0000
Side Chain Topographical Entropy from corr. pLogP method (SER 100) : 8.2735
Side Chain Topographical Entropy from corr. pLogP method (GLY 101) : -0.0000
Side Chain Topographical Entropy from corr. pLogP method (THR 102) : -0.0000
Side Chain Topographical Entropy from corr. pLogP method (THR 103) : 0.0657
Side Chain Topographical Entropy from corr. pLogP method (GLU 104) : 21.1397
Side Chain Topographical Entropy from corr. pLogP method (ALA 105) : -0.0000
Side Chain Topographical Entropy from corr. pLogP method (ASN 106) : 5.3598
Side Chain Topographical Entropy from corr. pLogP method (ALA 107) : -0.0000
Side Chain Topographical Entropy from corr. pLogP method (TRP 108) : 5.2550
Side Chain Topographical Entropy from corr. pLogP method (LYS 109) : 15.5555
Side Chain Topographical Entropy from corr. pLogP method (SER 110) : 0.0657
Side Chain Topographical Entropy from corr. pLogP method (THR 111) : 0.0657
Side Chain Topographical Entropy from corr. pLogP method (LEU 112) : 3.0934
Side Chain Topographical Entropy from corr. pLogP method (VAL 113) : -0.0000
Side Chain Topographical Entropy from corr. pLogP method (GLY 114) : -0.0000
Side Chain Topographical Entropy from corr. pLogP method (HID 115) : 5.5373
Side Chain Topographical Entropy from corr. pLogP method (ASP 116) : 4.1326
Side Chain Topographical Entropy from corr. pLogP method (THR 117) : 4.4330
Side Chain Topographical Entropy from corr. pLogP method (PHE 118) : -0.0000
Side Chain Topographical Entropy from corr. pLogP method (THR 119) : 5.3408
Side Chain Topographical Entropy from corr. pLogP method (LYS 120) : 9.6161
Side Chain Topographical Entropy from corr. pLogP method (VAL 121) : 5.4831
Side Chain Topographical Entropy from corr. pLogP method (LYS 122) : 15.5357
Side Chain Topographical Entropy from corr. pLogP method (PRO 123) : 13.6630
Side Chain Topographical Entropy from corr. pLogP method (SER 124) : 9.0101
Side Chain Topographical Entropy from corr. pLogP method (ALA 125) : -0.0000
Side Chain Topographical Entropy from corr. pLogP method (ALA 126) : -0.0000
Side Chain Topographical Entropy from corr. pLogP method (CSER 127) : 5.9230
____________________________________________________________
Total SC Topog. Entropy (corr. pLogP)    :         477.461
------------------------------------------------------------
------------------------------------------------------------
Topographical entropy of BB dihedrals 
computed using the correlated-pLogp formalism
------------------------------------------------------------
____________________________________________________________
Total BB Topog. Entropy (corr. pLogP)    :          17.601
------------------------------------------------------------
____________________________________________________________
Total Entropy                            :         495.062
------------------------------------------------------------
