------------------------------------------------------------
Topographical entropy of residue side chains 
computed using all the dihedrals with AEM method
------------------------------------------------------------
Residue Topographical Entropy from AEM (NALA 1) : 0.2168
Residue Topographical Entropy from AEM (GLU 2) : 22.2652
Residue Topographical Entropy from AEM (ALA 3) : -0.0000
Residue Topographical Entropy from AEM (GLY 4) : -0.0000
Residue Topographical Entropy from AEM (ILE 5) : 1.5408
Residue Topographical Entropy from AEM (THR 6) : -0.0000
Residue Topographical Entropy from AEM (GLY 7) : -0.0000
Residue Topographical Entropy from AEM (THR 8) : 0.2617
Residue Topographical Entropy from AEM (TRP 9) : -0.0000
Residue Topographical Entropy from AEM (TYR 10) : -0.0000
Residue Topographical Entropy from AEM (ASN 11) : 1.0023
Residue Topographical Entropy from AEM (GLN 12) : -0.0000
Residue Topographical Entropy from AEM (LEU 13) : 1.4736
Residue Topographical Entropy from AEM (GLY 14) : -0.0000
Residue Topographical Entropy from AEM (SER 15) : -0.0000
Residue Topographical Entropy from AEM (THR 16) : 5.3780
Residue Topographical Entropy from AEM (PHE 17) : 7.4479
Residue Topographical Entropy from AEM (ILE 18) : 5.5640
Residue Topographical Entropy from AEM (VAL 19) : -0.0000
Residue Topographical Entropy from AEM (THR 20) : 7.8215
Residue Topographical Entropy from AEM (ALA 21) : -0.0000
Residue Topographical Entropy from AEM (GLY 22) : -0.0000
Residue Topographical Entropy from AEM (ALA 23) : -0.0000
Residue Topographical Entropy from AEM (ASP 24) : 5.6043
Residue Topographical Entropy from AEM (GLY 25) : -0.0000
Residue Topographical Entropy from AEM (ALA 26) : -0.0000
Residue Topographical Entropy from AEM (LEU 27) : 7.0246
Residue Topographical Entropy from AEM (THR 28) : 8.1708
Residue Topographical Entropy from AEM (GLY 29) : -0.0000
Residue Topographical Entropy from AEM (THR 30) : 3.7767
Residue Topographical Entropy from AEM (TYR 31) : -0.0000
Residue Topographical Entropy from AEM (GLU 32) : 12.2347
Residue Topographical Entropy from AEM (SER 33) : -0.0000
Residue Topographical Entropy from AEM (ALA 34) : -0.0000
Residue Topographical Entropy from AEM (VAL 35) : 0.2168
Residue Topographical Entropy from AEM (GLY 36) : -0.0000
Residue Topographical Entropy from AEM (ASN 37) : 10.0542
Residue Topographical Entropy from AEM (ALA 38) : -0.0000
Residue Topographical Entropy from AEM (GLU 39) : 18.0990
Residue Topographical Entropy from AEM (SER 40) : 2.3660
Residue Topographical Entropy from AEM (ARG 41) : 13.8899
Residue Topographical Entropy from AEM (TYR 42) : -0.0000
Residue Topographical Entropy from AEM (VAL 43) : 2.7752
Residue Topographical Entropy from AEM (LEU 44) : 1.0706
Residue Topographical Entropy from AEM (THR 45) : 4.8127
Residue Topographical Entropy from AEM (GLY 46) : -0.0000
Residue Topographical Entropy from AEM (ARG 47) : -0.0000
Residue Topographical Entropy from AEM (TYR 48) : -0.0000
Residue Topographical Entropy from AEM (ASP 49) : -0.0000
Residue Topographical Entropy from AEM (SER 50) : 1.7232
Residue Topographical Entropy from AEM (ALA 51) : -0.0000
Residue Topographical Entropy from AEM (PRO 52) : 4.2013
Residue Topographical Entropy from AEM (ALA 53) : -0.0000
Residue Topographical Entropy from AEM (THR 54) : 5.6837
Residue Topographical Entropy from AEM (ASP 55) : 5.7248
Residue Topographical Entropy from AEM (GLY 56) : -0.0000
Residue Topographical Entropy from AEM (SER 57) : 0.3874
Residue Topographical Entropy from AEM (GLY 58) : -0.0000
Residue Topographical Entropy from AEM (THR 59) : -0.0000
Residue Topographical Entropy from AEM (ALA 60) : -0.0000
Residue Topographical Entropy from AEM (LEU 61) : 5.6664
Residue Topographical Entropy from AEM (GLY 62) : -0.0000
Residue Topographical Entropy from AEM (TRP 63) : -0.0000
Residue Topographical Entropy from AEM (THR 64) : -0.0000
Residue Topographical Entropy from AEM (VAL 65) : -0.0000
Residue Topographical Entropy from AEM (ALA 66) : -0.0000
Residue Topographical Entropy from AEM (TRP 67) : -0.0000
Residue Topographical Entropy from AEM (LYS 68) : 19.7410
Residue Topographical Entropy from AEM (ASN 69) : 9.2352
Residue Topographical Entropy from AEM (ASN 70) : 15.5800
Residue Topographical Entropy from AEM (TYR 71) : 9.5033
Residue Topographical Entropy from AEM (ARG 72) : 14.3212
Residue Topographical Entropy from AEM (ASN 73) : 9.6089
Residue Topographical Entropy from AEM (ALA 74) : -0.0000
Residue Topographical Entropy from AEM (HID 75) : 1.3161
Residue Topographical Entropy from AEM (SER 76) : 4.0171
Residue Topographical Entropy from AEM (ALA 77) : -0.0000
Residue Topographical Entropy from AEM (THR 78) : -0.0000
Residue Topographical Entropy from AEM (THR 79) : 7.8866
Residue Topographical Entropy from AEM (TRP 80) : -0.0000
Residue Topographical Entropy from AEM (SER 81) : -0.0000
Residue Topographical Entropy from AEM (GLY 82) : -0.0000
Residue Topographical Entropy from AEM (GLN 83) : 5.6218
Residue Topographical Entropy from AEM (TYR 84) : -0.0000
Residue Topographical Entropy from AEM (VAL 85) : 3.6350
Residue Topographical Entropy from AEM (GLY 86) : -0.0000
Residue Topographical Entropy from AEM (GLY 87) : -0.0000
Residue Topographical Entropy from AEM (ALA 88) : -0.0000
Residue Topographical Entropy from AEM (GLU 89) : 16.9076
Residue Topographical Entropy from AEM (ALA 90) : -0.0000
Residue Topographical Entropy from AEM (ARG 91) : 17.5772
Residue Topographical Entropy from AEM (ILE 92) : -0.0000
Residue Topographical Entropy from AEM (ASN 93) : 0.9446
Residue Topographical Entropy from AEM (THR 94) : 4.7559
Residue Topographical Entropy from AEM (GLN 95) : 7.7358
Residue Topographical Entropy from AEM (TRP 96) : -0.0000
Residue Topographical Entropy from AEM (LEU 97) : 0.0657
Residue Topographical Entropy from AEM (LEU 98) : -0.0000
Residue Topographical Entropy from AEM (THR 99) : -0.0000
Residue Topographical Entropy from AEM (SER 100) : 5.3167
Residue Topographical Entropy from AEM (GLY 101) : -0.0000
Residue Topographical Entropy from AEM (THR 102) : 0.3874
Residue Topographical Entropy from AEM (THR 103) : -0.0000
Residue Topographical Entropy from AEM (GLU 104) : 22.1371
Residue Topographical Entropy from AEM (ALA 105) : -0.0000
Residue Topographical Entropy from AEM (ASN 106) : 1.0179
Residue Topographical Entropy from AEM (ALA 107) : -0.0000
Residue Topographical Entropy from AEM (TRP 108) : -0.0000
Residue Topographical Entropy from AEM (LYS 109) : 13.8805
Residue Topographical Entropy from AEM (SER 110) : -0.0000
Residue Topographical Entropy from AEM (THR 111) : -0.0000
Residue Topographical Entropy from AEM (LEU 112) : 2.3262
Residue Topographical Entropy from AEM (VAL 113) : -0.0000
Residue Topographical Entropy from AEM (GLY 114) : -0.0000
Residue Topographical Entropy from AEM (HID 115) : -0.0000
Residue Topographical Entropy from AEM (ASP 116) : 0.9414
Residue Topographical Entropy from AEM (THR 117) : -0.0000
Residue Topographical Entropy from AEM (PHE 118) : -0.0000
Residue Topographical Entropy from AEM (THR 119) : -0.0000
Residue Topographical Entropy from AEM (LYS 120) : 13.1570
Residue Topographical Entropy from AEM (VAL 121) : 6.7617
Residue Topographical Entropy from AEM (LYS 122) : 19.1780
Residue Topographical Entropy from AEM (PRO 123) : 6.2606
Residue Topographical Entropy from AEM (SER 124) : 7.0544
Residue Topographical Entropy from AEM (ALA 125) : -0.0000
Residue Topographical Entropy from AEM (ALA 126) : -0.0000
Residue Topographical Entropy from AEM (CSER 127) : 10.1013
____________________________________________________________
Total Topog. Entropy (AEM)               :         423.428
------------------------------------------------------------
____________________________________________________________
Total Entropy                            :         423.428
------------------------------------------------------------
