------------------------------------------------------------
          Hierarchy level. --> Whole molecule <--           
------------------------------------------------------------
Total number of beads at the whole molecule level = 1
FF Entropy (Whole mol level)             : 67.2349 J/mol/K
TT Entropy (Whole mol level)             : 63.0589 J/mol/K
____________________________________________________________
Total Entropy                            :         130.294
------------------------------------------------------------
------------------------------------------------------------
          Hierarchy level. --> Whole molecule <--           
------------------------------------------------------------
Total number of beads at the whole molecule level = 1
FF Entropy (Whole mol level)             : 67.1042 J/mol/K
TT Entropy (Whole mol level)             : 63.4350 J/mol/K
____________________________________________________________
Total Entropy                            :         130.539
------------------------------------------------------------
------------------------------------------------------------
          Hierarchy level. --> Whole molecule <--           
------------------------------------------------------------
Total number of beads at the whole molecule level = 1
FF Entropy (Whole mol level)             : 67.7575 J/mol/K
TT Entropy (Whole mol level)             : 63.0251 J/mol/K
____________________________________________________________
Total Entropy                            :         130.783
------------------------------------------------------------
------------------------------------------------------------
          Hierarchy level. --> Whole molecule <--           
------------------------------------------------------------
Total number of beads at the whole molecule level = 1
FF Entropy (Whole mol level)             : 67.7559 J/mol/K
TT Entropy (Whole mol level)             : 64.0732 J/mol/K
____________________________________________________________
Total Entropy                            :         131.829
------------------------------------------------------------
------------------------------------------------------------
          Hierarchy level. --> Whole molecule <--           
------------------------------------------------------------
Total number of beads at the whole molecule level = 1
FF Entropy (Whole mol level)             : 67.1123 J/mol/K
TT Entropy (Whole mol level)             : 62.5564 J/mol/K
____________________________________________________________
Total Entropy                            :         129.669
------------------------------------------------------------
