------------------------------------------------------------
Topographical entropy of residue side chains 
computed using all the dihedrals with correlation/pLogp formalism
------------------------------------------------------------
Side Chain Topographical Entropy from corr. pLogP method (NALA 1) : -0.0000
Side Chain Topographical Entropy from corr. pLogP method (GLU 2) : 21.4388
Side Chain Topographical Entropy from corr. pLogP method (ALA 3) : -0.0000
Side Chain Topographical Entropy from corr. pLogP method (GLY 4) : -0.0000
Side Chain Topographical Entropy from corr. pLogP method (ILE 5) : 0.6514
Side Chain Topographical Entropy from corr. pLogP method (THR 6) : -0.0000
Side Chain Topographical Entropy from corr. pLogP method (GLY 7) : -0.0000
Side Chain Topographical Entropy from corr. pLogP method (THR 8) : 0.0657
Side Chain Topographical Entropy from corr. pLogP method (TRP 9) : -0.0000
Side Chain Topographical Entropy from corr. pLogP method (TYR 10) : 5.5957
Side Chain Topographical Entropy from corr. pLogP method (ASN 11) : 4.5589
Side Chain Topographical Entropy from corr. pLogP method (GLN 12) : 0.1315
Side Chain Topographical Entropy from corr. pLogP method (LEU 13) : -0.0000
Side Chain Topographical Entropy from corr. pLogP method (GLY 14) : -0.0000
Side Chain Topographical Entropy from corr. pLogP method (SER 15) : -0.0000
Side Chain Topographical Entropy from corr. pLogP method (THR 16) : 0.0657
Side Chain Topographical Entropy from corr. pLogP method (PHE 17) : 5.5061
Side Chain Topographical Entropy from corr. pLogP method (ILE 18) : 1.6188
Side Chain Topographical Entropy from corr. pLogP method (VAL 19) : 0.2168
Side Chain Topographical Entropy from corr. pLogP method (THR 20) : 7.0155
Side Chain Topographical Entropy from corr. pLogP method (ALA 21) : -0.0000
Side Chain Topographical Entropy from corr. pLogP method (GLY 22) : -0.0000
Side Chain Topographical Entropy from corr. pLogP method (ALA 23) : -0.0000
Side Chain Topographical Entropy from corr. pLogP method (ASP 24) : 16.8815
Side Chain Topographical Entropy from corr. pLogP method (GLY 25) : -0.0000
Side Chain Topographical Entropy from corr. pLogP method (ALA 26) : -0.0000
Side Chain Topographical Entropy from corr. pLogP method (LEU 27) : 4.5923
Side Chain Topographical Entropy from corr. pLogP method (THR 28) : 5.0984
Side Chain Topographical Entropy from corr. pLogP method (GLY 29) : -0.0000
Side Chain Topographical Entropy from corr. pLogP method (THR 30) : 8.4192
Side Chain Topographical Entropy from corr. pLogP method (TYR 31) : 5.0068
Side Chain Topographical Entropy from corr. pLogP method (GLU 32) : 11.0052
Side Chain Topographical Entropy from corr. pLogP method (SER 33) : 0.1200
Side Chain Topographical Entropy from corr. pLogP method (ALA 34) : -0.0000
Side Chain Topographical Entropy from corr. pLogP method (VAL 35) : 0.0657
Side Chain Topographical Entropy from corr. pLogP method (GLY 36) : -0.0000
Side Chain Topographical Entropy from corr. pLogP method (ASN 37) : 12.8180
Side Chain Topographical Entropy from corr. pLogP method (ALA 38) : -0.0000
Side Chain Topographical Entropy from corr. pLogP method (GLU 39) : 16.3635
Side Chain Topographical Entropy from corr. pLogP method (SER 40) : 0.7826
Side Chain Topographical Entropy from corr. pLogP method (ARG 41) : 7.3006
Side Chain Topographical Entropy from corr. pLogP method (TYR 42) : -0.0000
Side Chain Topographical Entropy from corr. pLogP method (VAL 43) : 1.7708
Side Chain Topographical Entropy from corr. pLogP method (LEU 44) : 7.6858
Side Chain Topographical Entropy from corr. pLogP method (THR 45) : 3.8014
Side Chain Topographical Entropy from corr. pLogP method (GLY 46) : -0.0000
Side Chain Topographical Entropy from corr. pLogP method (ARG 47) : 0.2617
Side Chain Topographical Entropy from corr. pLogP method (TYR 48) : 2.9757
Side Chain Topographical Entropy from corr. pLogP method (ASP 49) : 0.2168
Side Chain Topographical Entropy from corr. pLogP method (SER 50) : 0.9658
Side Chain Topographical Entropy from corr. pLogP method (ALA 51) : -0.0000
Side Chain Topographical Entropy from corr. pLogP method (PRO 52) : 9.0030
Side Chain Topographical Entropy from corr. pLogP method (ALA 53) : -0.0000
Side Chain Topographical Entropy from corr. pLogP method (THR 54) : -0.0000
Side Chain Topographical Entropy from corr. pLogP method (ASP 55) : 6.4518
Side Chain Topographical Entropy from corr. pLogP method (GLY 56) : -0.0000
Side Chain Topographical Entropy from corr. pLogP method (SER 57) : -0.0000
Side Chain Topographical Entropy from corr. pLogP method (GLY 58) : -0.0000
Side Chain Topographical Entropy from corr. pLogP method (THR 59) : -0.0000
Side Chain Topographical Entropy from corr. pLogP method (ALA 60) : -0.0000
Side Chain Topographical Entropy from corr. pLogP method (LEU 61) : 6.8006
Side Chain Topographical Entropy from corr. pLogP method (GLY 62) : -0.0000
Side Chain Topographical Entropy from corr. pLogP method (TRP 63) : -0.0000
Side Chain Topographical Entropy from corr. pLogP method (THR 64) : 0.0657
Side Chain Topographical Entropy from corr. pLogP method (VAL 65) : -0.0000
Side Chain Topographical Entropy from corr. pLogP method (ALA 66) : -0.0000
Side Chain Topographical Entropy from corr. pLogP method (TRP 67) : -0.0000
Side Chain Topographical Entropy from corr. pLogP method (LYS 68) : 10.8414
Side Chain Topographical Entropy from corr. pLogP method (ASN 69) : 1.8124
Side Chain Topographical Entropy from corr. pLogP method (ASN 70) : 14.4327
Side Chain Topographical Entropy from corr. pLogP method (TYR 71) : 9.9828
Side Chain Topographical Entropy from corr. pLogP method (ARG 72) : 13.6595
Side Chain Topographical Entropy from corr. pLogP method (ASN 73) : 0.2825
Side Chain Topographical Entropy from corr. pLogP method (ALA 74) : -0.0000
Side Chain Topographical Entropy from corr. pLogP method (HID 75) : 0.1200
Side Chain Topographical Entropy from corr. pLogP method (SER 76) : 5.5804
Side Chain Topographical Entropy from corr. pLogP method (ALA 77) : -0.0000
Side Chain Topographical Entropy from corr. pLogP method (THR 78) : 0.0657
Side Chain Topographical Entropy from corr. pLogP method (THR 79) : 0.1698
Side Chain Topographical Entropy from corr. pLogP method (TRP 80) : 1.7232
Side Chain Topographical Entropy from corr. pLogP method (SER 81) : 0.3874
Side Chain Topographical Entropy from corr. pLogP method (GLY 82) : -0.0000
Side Chain Topographical Entropy from corr. pLogP method (GLN 83) : 10.3670
Side Chain Topographical Entropy from corr. pLogP method (TYR 84) : -0.0000
Side Chain Topographical Entropy from corr. pLogP method (VAL 85) : 2.1089
Side Chain Topographical Entropy from corr. pLogP method (GLY 86) : -0.0000
Side Chain Topographical Entropy from corr. pLogP method (GLY 87) : -0.0000
Side Chain Topographical Entropy from corr. pLogP method (ALA 88) : -0.0000
Side Chain Topographical Entropy from corr. pLogP method (GLU 89) : 15.3116
Side Chain Topographical Entropy from corr. pLogP method (ALA 90) : -0.0000
Side Chain Topographical Entropy from corr. pLogP method (ARG 91) : 14.1400
Side Chain Topographical Entropy from corr. pLogP method (ILE 92) : 0.2629
Side Chain Topographical Entropy from corr. pLogP method (ASN 93) : 6.8563
Side Chain Topographical Entropy from corr. pLogP method (THR 94) : 0.7495
Side Chain Topographical Entropy from corr. pLogP method (GLN 95) : 2.5855
Side Chain Topographical Entropy from corr. pLogP method (TRP 96) : 0.8151
Side Chain Topographical Entropy from corr. pLogP method (LEU 97) : 1.0209
Side Chain Topographical Entropy from corr. pLogP method (LEU 98) : 0.0657
Side Chain Topographical Entropy from corr. pLogP method (THR 99) : -0.0000
Side Chain Topographical Entropy from corr. pLogP method (SER 100) : 8.8756
Side Chain Topographical Entropy from corr. pLogP method (GLY 101) : -0.0000
Side Chain Topographical Entropy from corr. pLogP method (THR 102) : -0.0000
Side Chain Topographical Entropy from corr. pLogP method (THR 103) : -0.0000
Side Chain Topographical Entropy from corr. pLogP method (GLU 104) : 21.2146
Side Chain Topographical Entropy from corr. pLogP method (ALA 105) : -0.0000
Side Chain Topographical Entropy from corr. pLogP method (ASN 106) : 2.9936
Side Chain Topographical Entropy from corr. pLogP method (ALA 107) : -0.0000
Side Chain Topographical Entropy from corr. pLogP method (TRP 108) : 5.4423
Side Chain Topographical Entropy from corr. pLogP method (LYS 109) : 10.1508
Side Chain Topographical Entropy from corr. pLogP method (SER 110) : -0.0000
Side Chain Topographical Entropy from corr. pLogP method (THR 111) : -0.0000
Side Chain Topographical Entropy from corr. pLogP method (LEU 112) : 1.8342
Side Chain Topographical Entropy from corr. pLogP method (VAL 113) : -0.0000
Side Chain Topographical Entropy from corr. pLogP method (GLY 114) : -0.0000
Side Chain Topographical Entropy from corr. pLogP method (HID 115) : 5.7235
Side Chain Topographical Entropy from corr. pLogP method (ASP 116) : -0.0000
Side Chain Topographical Entropy from corr. pLogP method (THR 117) : 5.6667
Side Chain Topographical Entropy from corr. pLogP method (PHE 118) : -0.0000
Side Chain Topographical Entropy from corr. pLogP method (THR 119) : -0.0000
Side Chain Topographical Entropy from corr. pLogP method (LYS 120) : 8.7944
Side Chain Topographical Entropy from corr. pLogP method (VAL 121) : 2.3782
Side Chain Topographical Entropy from corr. pLogP method (LYS 122) : 17.6854
Side Chain Topographical Entropy from corr. pLogP method (PRO 123) : 14.6016
Side Chain Topographical Entropy from corr. pLogP method (SER 124) : 7.1502
Side Chain Topographical Entropy from corr. pLogP method (ALA 125) : -0.0000
Side Chain Topographical Entropy from corr. pLogP method (ALA 126) : -0.0000
Side Chain Topographical Entropy from corr. pLogP method (CSER 127) : 5.2743
____________________________________________________________
Total SC Topog. Entropy (corr. pLogP)    :         406.445
------------------------------------------------------------
------------------------------------------------------------
Topographical entropy of BB dihedrals 
computed using the correlated-pLogp formalism
------------------------------------------------------------
____________________________________________________________
Total BB Topog. Entropy (corr. pLogP)    :          16.472
------------------------------------------------------------
____________________________________________________________
Total Entropy                            :         422.917
------------------------------------------------------------
