0.0657	-0.0000	1.1491	1.2889
15.1153	24.4754	20.7408	22.2628
-0.0000	-0.0000	-0.0000	-0.0000
-0.0000	-0.0000	-0.0000	-0.0000
5.9039	3.0499	1.0202	0.6781
2.7931	-0.0000	-0.0000	-0.0000
-0.0000	-0.0000	-0.0000	-0.0000
1.6260	-0.0000	-0.0000	0.9720
-0.0000	-0.0000	-0.0000	-0.0000
-0.0000	-0.0000	-0.0000	-0.0000
2.8462	0.3468	0.8473	0.3874
13.4964	-0.0000	17.2113	-0.0000
6.5877	0.0657	6.5900	1.6334
-0.0000	-0.0000	-0.0000	-0.0000
-0.0000	-0.0000	-0.0000	-0.0000
1.2614	-0.0000	-0.0000	-0.0000
1.4747	-0.0000	-0.0000	0.0657
5.1867	-0.0000	7.9996	5.6838
0.8790	-0.0000	-0.0000	-0.0000
6.5129	7.1634	9.0220	7.6477
-0.0000	-0.0000	-0.0000	-0.0000
-0.0000	-0.0000	-0.0000	-0.0000
-0.0000	-0.0000	-0.0000	-0.0000
10.4071	13.5044	13.6966	11.0270
-0.0000	-0.0000	-0.0000	-0.0000
-0.0000	-0.0000	-0.0000	-0.0000
-0.0000	1.7829	7.4618	8.0451
5.8506	3.1001	8.2666	2.7931
-0.0000	-0.0000	-0.0000	-0.0000
-0.0000	-0.0000	0.1698	-0.0000
-0.0000	-0.0000	-0.0000	-0.0000
11.1351	6.0622	9.7570	8.9770
-0.0000	-0.0000	-0.0000	-0.0000
-0.0000	-0.0000	-0.0000	-0.0000
4.4040	0.0657	0.1698	0.3707
-0.0000	-0.0000	-0.0000	-0.0000
10.2305	10.3792	9.5126	10.9784
-0.0000	-0.0000	-0.0000	-0.0000
14.3703	14.5796	13.6047	16.0097
0.6476	-0.0000	-0.0000	1.1491
12.4959	4.9242	13.5500	10.1253
-0.0000	-0.0000	-0.0000	-0.0000
1.4747	0.8473	-0.0000	-0.0000
2.0268	-0.0000	6.0714	0.0657
9.1262	-0.0000	8.7819	-0.0000
-0.0000	-0.0000	-0.0000	-0.0000
-0.0000	-0.0000	-0.0000	-0.0000
-0.0000	-0.0000	-0.0000	-0.0000
-0.0000	-0.0000	-0.0000	-0.0000
0.5216	1.3111	2.4492	1.5550
-0.0000	-0.0000	-0.0000	-0.0000
2.8308	5.7329	4.6966	4.8652
-0.0000	-0.0000	-0.0000	-0.0000
5.0140	5.3570	3.7506	4.5627
11.6624	3.5146	6.2437	10.4772
-0.0000	-0.0000	-0.0000	-0.0000
7.0331	5.7573	3.2907	4.9692
-0.0000	-0.0000	-0.0000	-0.0000
-0.0000	0.3050	-0.0000	-0.0000
-0.0000	-0.0000	-0.0000	-0.0000
5.0984	2.8109	6.9808	9.8613
-0.0000	-0.0000	-0.0000	-0.0000
-0.0000	-0.0000	-0.0000	-0.0000
-0.0000	2.4768	-0.0000	1.4227
-0.0000	0.2168	-0.0000	-0.0000
-0.0000	-0.0000	-0.0000	-0.0000
-0.0000	-0.0000	-0.0000	-0.0000
9.3745	12.1530	9.7349	10.5431
-0.0000	-0.0000	-0.0000	-0.0000
14.8681	12.1553	12.8902	13.1818
10.3703	6.9636	6.0456	4.1721
7.3811	12.7524	9.5039	13.2591
-0.0000	-0.0000	-0.0000	-0.0000
-0.0000	-0.0000	-0.0000	-0.0000
-0.0000	-0.0000	-0.0000	-0.0000
2.0817	3.5435	7.1658	0.6920
-0.0000	-0.0000	-0.0000	-0.0000
-0.0000	-0.0000	-0.0000	-0.0000
1.9997	-0.0000	4.3704	-0.0000
-0.0000	-0.0000	-0.0000	-0.0000
-0.0000	0.6821	-0.0000	-0.0000
-0.0000	-0.0000	-0.0000	-0.0000
3.7860	4.3428	10.1672	10.5213
-0.0000	-0.0000	-0.0000	-0.0000
1.8182	2.6057	2.5085	1.4630
-0.0000	-0.0000	-0.0000	-0.0000
-0.0000	-0.0000	-0.0000	-0.0000
-0.0000	-0.0000	-0.0000	-0.0000
17.5874	17.5179	12.9158	11.4440
-0.0000	-0.0000	-0.0000	-0.0000
6.1101	8.0774	10.0904	11.2862
-0.0000	-0.0000	-0.0000	-0.0000
2.8041	5.0754	4.8741	6.4082
0.7495	-0.0000	0.1698	-0.0000
-0.0000	-0.0000	0.8388	10.3556
-0.0000	-0.0000	-0.0000	-0.0000
-0.0000	-0.0000	-0.0000	0.0657
-0.0000	3.4417	-0.0000	-0.0000
-0.0000	-0.0000	-0.0000	-0.0000
7.6235	6.9796	8.2675	8.3769
-0.0000	-0.0000	-0.0000	-0.0000
0.2168	-0.0000	-0.0000	-0.0000
-0.0000	-0.0000	-0.0000	-0.0000
25.1599	23.9249	20.9885	23.3248
-0.0000	-0.0000	-0.0000	-0.0000
2.9230	0.6717	5.4039	2.7678
-0.0000	-0.0000	-0.0000	-0.0000
-0.0000	-0.0000	-0.0000	-0.0000
18.3316	12.8494	15.3040	11.0905
-0.0000	-0.0000	-0.0000	-0.0000
-0.0000	-0.0000	-0.0000	-0.0000
3.3509	3.8994	3.1428	2.3691
-0.0000	-0.0000	-0.0000	-0.0000
-0.0000	-0.0000	-0.0000	-0.0000
-0.0000	-0.0000	-0.0000	-0.0000
10.8751	-0.0000	0.3874	-0.0000
-0.0000	-0.0000	4.4330	5.3462
-0.0000	-0.0000	-0.0000	-0.0000
2.7211	3.3215	5.3516	-0.0000
12.8832	7.3210	10.2683	4.6768
2.5922	5.9464	5.4831	3.4564
17.6849	18.3903	15.0874	15.9024
6.2164	5.8261	6.2501	5.7232
8.8388	3.7800	9.0107	9.0524
-0.0000	-0.0000	-0.0000	-0.0000
-0.0000	-0.0000	-0.0000	-0.0000
3.4976	6.8648	5.9652	3.8158
0.5468	0.4656	0.0657	0.3468
24.5185	21.8910	15.9357	19.9598
-0.0000	-0.0000	-0.0000	-0.0000
-0.0000	-0.0000	-0.0000	-0.0000
3.6358	0.0657	1.3111	-0.0000
0.7161	-0.0000	0.3050	-0.0000
-0.0000	-0.0000	-0.0000	-0.0000
-0.0000	-0.0000	-0.0000	-0.0000
-0.0000	-0.0000	-0.0000	-0.0000
-0.0000	-0.0000	0.0657	-0.0000
8.9825	0.3874	0.9414	0.1698
19.9511	-0.0000	-0.0000	-0.0000
5.1521	-0.0000	-0.0000	1.0101
-0.0000	-0.0000	-0.0000	-0.0000
3.5718	-0.0000	-0.0000	-0.0000
8.8499	-0.0000	0.2617	-0.0000
-0.0000	-0.0000	2.7752	3.1326
8.1782	0.5216	5.1507	1.5763
0.6821	-0.0000	0.1200	-0.0000
5.2614	4.5317	0.0657	8.9768
-0.0000	-0.0000	-0.0000	-0.0000
-0.0000	-0.0000	-0.0000	-0.0000
-0.0000	-0.0000	-0.0000	-0.0000
16.9813	10.6981	12.3393	12.8802
-0.0000	-0.0000	-0.0000	-0.0000
-0.0000	-0.0000	-0.0000	-0.0000
-0.0000	0.6488	8.1926	2.3421
8.9708	-0.0000	8.9258	8.5235
-0.0000	-0.0000	-0.0000	-0.0000
-0.0000	-0.0000	0.9104	-0.0000
-0.0000	-0.0000	-0.0000	-0.0000
18.1134	5.3054	6.2800	6.0919
-0.0000	-0.0000	-0.0000	-0.0000
-0.0000	-0.0000	-0.0000	-0.0000
6.9045	-0.0000	0.0657	-0.0000
-0.0000	-0.0000	-0.0000	-0.0000
10.2158	11.1576	9.4396	10.3869
-0.0000	-0.0000	-0.0000	-0.0000
16.0076	14.8181	16.6129	14.2239
6.3805	0.0657	-0.0000	1.8178
15.2478	7.1325	11.9660	5.1385
-0.0000	-0.0000	-0.0000	-0.0000
0.3468	-0.0000	0.2168	1.0023
4.3568	-0.0000	-0.0000	0.9167
6.0023	5.2828	-0.0000	-0.0000
-0.0000	-0.0000	-0.0000	-0.0000
-0.0000	-0.0000	-0.0000	-0.0000
-0.0000	-0.0000	-0.0000	-0.0000
-0.0000	-0.0000	-0.0000	-0.0000
0.0657	0.3874	1.3269	0.4656
-0.0000	-0.0000	-0.0000	-0.0000
5.9511	5.5787	4.8108	4.0334
-0.0000	-0.0000	-0.0000	-0.0000
1.9551	4.5915	8.9878	5.2947
12.8752	11.8374	5.7623	10.8217
-0.0000	-0.0000	-0.0000	-0.0000
6.5144	3.2500	0.5034	6.7774
-0.0000	-0.0000	-0.0000	-0.0000
-0.0000	-0.0000	-0.0000	-0.0000
-0.0000	-0.0000	-0.0000	-0.0000
3.6542	5.3614	7.3803	6.8703
-0.0000	-0.0000	-0.0000	-0.0000
-0.0000	-0.0000	-0.0000	-0.0000
-0.0000	5.6991	-0.0000	-0.0000
0.8151	0.2168	-0.0000	-0.0000
-0.0000	-0.0000	-0.0000	-0.0000
-0.0000	-0.0000	-0.0000	-0.0000
12.9876	10.2212	10.0466	12.0825
3.2295	-0.0000	3.2134	-0.0000
13.4753	12.9572	15.3250	11.1087
8.8862	3.5146	3.1949	5.8362
15.9321	13.4294	14.5687	11.6611
0.2825	-0.0000	-0.0000	-0.0000
-0.0000	-0.0000	-0.0000	-0.0000
-0.0000	-0.0000	-0.0000	-0.0000
7.9829	-0.0000	1.6505	3.1627
-0.0000	-0.0000	-0.0000	-0.0000
-0.0000	-0.0000	-0.0000	-0.0000
6.7650	-0.0000	8.4591	-0.0000
-0.0000	-0.0000	-0.0000	-0.0000
-0.0000	0.5405	0.7826	-0.0000
-0.0000	-0.0000	-0.0000	-0.0000
6.9358	6.0476	8.4819	8.5288
-0.0000	-0.0000	-0.0000	-0.0000
1.5512	1.4767	2.2552	-0.0000
-0.0000	-0.0000	-0.0000	-0.0000
-0.0000	-0.0000	-0.0000	-0.0000
-0.0000	-0.0000	-0.0000	-0.0000
21.2398	21.3488	19.2438	21.4921
-0.0000	-0.0000	-0.0000	-0.0000
10.1083	10.0646	11.2217	3.4008
1.9326	-0.0000	-0.0000	1.1491
4.5723	6.4105	0.1200	4.2080
0.1200	0.1200	-0.0000	-0.0000
0.2168	-0.0000	0.5872	1.2441
-0.0000	-0.0000	-0.0000	-0.0000
0.3274	-0.0000	-0.0000	-0.0000
-0.0000	-0.0000	-0.0000	-0.0000
-0.0000	-0.0000	-0.0000	-0.0000
4.4134	4.5659	8.0951	6.0002
-0.0000	-0.0000	-0.0000	-0.0000
-0.0000	-0.0000	5.7416	-0.0000
5.8534	-0.0000	-0.0000	1.2889
20.3705	26.5696	24.3032	17.3862
-0.0000	-0.0000	-0.0000	-0.0000
1.1491	2.2692	2.0187	1.9220
-0.0000	-0.0000	-0.0000	-0.0000
-0.0000	-0.0000	-0.0000	-0.0000
10.0271	9.8206	10.9437	10.0566
2.9285	-0.0000	0.0657	1.9997
-0.0000	-0.0000	-0.0000	-0.0000
0.6965	1.0321	2.6637	1.3299
-0.0000	-0.0000	-0.0000	-0.0000
-0.0000	-0.0000	-0.0000	-0.0000
-0.0000	-0.0000	1.2889	-0.0000
9.8335	-0.0000	-0.0000	-0.0000
0.1200	3.3215	3.6418	2.2357
-0.0000	-0.0000	-0.0000	-0.0000
-0.0000	1.5512	-0.0000	-0.0000
12.5238	7.7435	9.5792	12.7032
6.5802	3.0102	3.5633	1.9326
16.5866	16.1665	17.4359	17.7373
6.5908	5.7439	6.9454	6.7515
8.4389	8.8474	8.8570	7.4559
-0.0000	-0.0000	-0.0000	-0.0000
-0.0000	-0.0000	-0.0000	-0.0000
10.4774	9.4397	6.1188	11.1393
1.4227	0.0657	1.6992	1.3698
10.1017	19.8955	23.6196	21.8679
-0.0000	-0.0000	-0.0000	-0.0000
-0.0000	-0.0000	-0.0000	-0.0000
1.8422	1.4653	8.0742	1.8483
-0.0000	-0.0000	-0.0000	-0.0000
-0.0000	-0.0000	-0.0000	-0.0000
0.2617	-0.0000	-0.0000	-0.0000
-0.0000	-0.0000	-0.0000	-0.0000
-0.0000	-0.0000	-0.0000	-0.0000
-0.0000	2.3381	0.2168	2.7126
-0.0000	17.2559	-0.0000	8.0461
2.0034	5.1981	-0.0000	3.3530
-0.0000	-0.0000	-0.0000	-0.0000
-0.0000	-0.0000	-0.0000	-0.0000
-0.0000	4.6386	0.1200	4.4636
2.5346	1.9775	-0.0000	5.3832
0.4656	6.4980	1.2058	4.8367
1.9775	0.3468	-0.0000	0.4270
-0.0000	5.7404	6.9472	8.6923
-0.0000	-0.0000	-0.0000	-0.0000
-0.0000	-0.0000	-0.0000	-0.0000
-0.0000	-0.0000	-0.0000	-0.0000
4.6007	15.2687	8.4265	12.4220
-0.0000	-0.0000	-0.0000	-0.0000
-0.0000	-0.0000	-0.0000	-0.0000
-0.0000	3.9877	8.6821	-0.0000
7.6660	8.0312	7.4041	8.0164
-0.0000	-0.0000	-0.0000	-0.0000
-0.0000	6.6566	-0.0000	-0.0000
-0.0000	-0.0000	-0.0000	-0.0000
5.5984	13.5670	4.7759	10.4769
-0.0000	-0.0000	-0.0000	-0.0000
-0.0000	-0.0000	-0.0000	-0.0000
0.1698	-0.0000	0.1200	0.7495
-0.0000	-0.0000	-0.0000	-0.0000
10.9411	10.2392	10.8720	12.0339
-0.0000	-0.0000	-0.0000	-0.0000
16.1427	17.3236	14.1345	12.2117
3.6867	0.4656	0.6125	0.8473
7.7145	12.2442	6.0191	5.6227
-0.0000	-0.0000	-0.0000	-0.0000
1.0023	-0.0000	1.5259	1.2058
0.0657	0.8017	-0.0000	0.9989
3.7904	-0.0000	-0.0000	0.8790
-0.0000	-0.0000	-0.0000	-0.0000
-0.0000	-0.0000	-0.0000	-0.0000
-0.0000	-0.0000	5.1408	-0.0000
5.4563	-0.0000	-0.0000	-0.0000
-0.0000	0.2355	6.0934	0.5405
-0.0000	-0.0000	-0.0000	-0.0000
5.9011	5.2000	4.5991	4.3783
-0.0000	-0.0000	-0.0000	-0.0000
3.8795	8.3007	5.7391	5.7428
6.9117	9.5774	4.3492	5.6667
-0.0000	-0.0000	-0.0000	-0.0000
2.0438	4.3588	-0.0000	-0.0000
-0.0000	-0.0000	-0.0000	-0.0000
-0.0000	-0.0000	3.3651	-0.0000
-0.0000	-0.0000	-0.0000	-0.0000
4.5293	4.0789	5.6742	6.3527
-0.0000	-0.0000	-0.0000	-0.0000
-0.0000	-0.0000	-0.0000	-0.0000
-0.0000	-0.0000	-0.0000	-0.0000
-0.0000	-0.0000	0.0657	0.4270
-0.0000	-0.0000	-0.0000	-0.0000
-0.0000	-0.0000	-0.0000	-0.0000
13.8406	9.2875	8.3103	6.3128
-0.0000	-0.0000	-0.0000	0.0657
8.1751	13.1609	13.2285	13.6742
4.7239	6.8808	5.6616	7.6374
14.5622	15.5126	10.2228	11.0217
-0.0000	-0.0000	-0.0000	-0.0000
-0.0000	-0.0000	-0.0000	-0.0000
0.6061	-0.0000	-0.0000	-0.0000
4.7720	-0.0000	6.8569	2.1516
-0.0000	-0.0000	-0.0000	-0.0000
-0.0000	-0.0000	-0.0000	-0.0000
-0.0000	3.4856	5.9788	-0.0000
-0.0000	-0.0000	-0.0000	-0.0000
0.3056	0.1200	-0.0000	-0.0000
-0.0000	-0.0000	-0.0000	-0.0000
8.5321	7.4072	11.0294	7.3557
-0.0000	-0.0000	-0.0000	-0.0000
-0.0000	1.4227	1.1203	1.6505
-0.0000	-0.0000	-0.0000	-0.0000
-0.0000	-0.0000	-0.0000	-0.0000
-0.0000	-0.0000	-0.0000	-0.0000
19.0171	19.5827	21.2681	18.8239
-0.0000	-0.0000	-0.0000	-0.0000
7.2270	11.1824	1.4932	6.9688
0.1315	0.0657	-0.0000	0.1698
2.4962	6.9923	1.3964	0.6781
0.2617	-0.0000	-0.0000	4.8245
-0.0000	7.1862	-0.0000	0.1972
-0.0000	-0.0000	-0.0000	-0.0000
6.4007	3.4269	0.0657	1.2058
0.0657	-0.0000	2.4768	-0.0000
-0.0000	-0.0000	-0.0000	-0.0000
7.4890	7.0967	5.7631	5.5587
-0.0000	-0.0000	-0.0000	-0.0000
-0.0000	5.0140	5.3728	4.7647
-0.0000	-0.0000	-0.0000	-0.0000
24.8738	22.5572	18.6550	21.7951
-0.0000	-0.0000	-0.0000	-0.0000
1.8056	2.8012	1.8460	2.0986
-0.0000	-0.0000	-0.0000	-0.0000
-0.0000	-0.0000	-0.0000	-0.0000
14.2983	13.2734	17.7840	9.1584
-0.0000	2.6043	-0.0000	-0.0000
-0.0000	-0.0000	-0.0000	-0.0000
1.3367	3.4488	2.8366	2.4000
-0.0000	-0.0000	-0.0000	-0.0000
-0.0000	-0.0000	-0.0000	-0.0000
3.8297	-0.0000	0.0657	-0.0000
-0.0000	-0.0000	-0.0000	1.4227
-0.0000	6.9154	1.3964	-0.0000
-0.0000	-0.0000	-0.0000	-0.0000
-0.0000	0.4270	3.0342	5.9117
12.5477	10.5239	12.0741	7.0818
6.5201	8.4304	3.1959	4.0654
18.6439	17.6586	14.5761	15.6933
6.0921	5.9707	6.0391	6.8684
7.4136	8.5379	5.7051	7.7274
-0.0000	-0.0000	-0.0000	-0.0000
-0.0000	-0.0000	-0.0000	-0.0000
11.2527	9.7567	10.1941	7.4112
-0.0000	0.2168	0.8473	0.0657
12.9457	22.2652	22.2283	21.0002
-0.0000	-0.0000	-0.0000	-0.0000
-0.0000	-0.0000	-0.0000	-0.0000
3.6673	1.5408	0.7569	-0.0000
0.1698	-0.0000	-0.0000	-0.0000
-0.0000	-0.0000	-0.0000	-0.0000
-0.0000	0.2617	-0.0000	0.9986
-0.0000	-0.0000	-0.0000	-0.0000
-0.0000	-0.0000	-0.0000	-0.0000
6.1926	1.0023	1.1203	1.2614
15.5597	-0.0000	-0.0000	18.6942
5.7029	1.4736	-0.0000	4.6618
-0.0000	-0.0000	-0.0000	-0.0000
0.1200	-0.0000	-0.0000	-0.0000
5.5565	5.3780	-0.0000	-0.0000
-0.0000	7.4479	-0.0000	3.0861
10.0183	5.5640	3.6418	3.8427
0.4656	-0.0000	-0.0000	-0.0000
5.7482	7.8215	7.0113	0.6821
-0.0000	-0.0000	-0.0000	-0.0000
-0.0000	-0.0000	-0.0000	-0.0000
-0.0000	-0.0000	-0.0000	-0.0000
15.4854	5.6043	16.2901	13.3331
-0.0000	-0.0000	-0.0000	-0.0000
-0.0000	-0.0000	-0.0000	-0.0000
-0.0000	7.0246	4.4809	0.6514
8.1325	8.1708	4.9840	5.1171
-0.0000	-0.0000	-0.0000	-0.0000
-0.0000	3.7767	8.4132	7.4981
-0.0000	-0.0000	-0.0000	-0.0000
11.5094	12.2347	6.0659	6.5573
-0.0000	-0.0000	-0.0000	-0.0000
-0.0000	-0.0000	-0.0000	-0.0000
-0.0000	0.2168	0.0657	0.0657
-0.0000	-0.0000	-0.0000	-0.0000
8.9383	10.0542	10.2508	8.5010
-0.0000	-0.0000	-0.0000	-0.0000
16.7820	18.0990	15.9178	16.0983
0.1698	2.3660	0.6125	4.7295
14.0751	13.8899	6.9901	13.0735
-0.0000	-0.0000	-0.0000	-0.0000
-0.0000	2.7752	1.7708	-0.0000
5.4328	1.0706	6.2018	0.1698
5.3186	4.8127	3.7335	3.6750
-0.0000	-0.0000	-0.0000	-0.0000
-0.0000	-0.0000	-0.0000	-0.0000
-0.0000	-0.0000	-0.0000	-0.0000
-0.0000	-0.0000	-0.0000	-0.0000
1.0978	1.7232	0.9323	2.3593
-0.0000	-0.0000	-0.0000	-0.0000
3.4913	4.2013	4.0272	5.7583
-0.0000	-0.0000	-0.0000	-0.0000
1.1491	5.6837	-0.0000	1.4771
11.5141	5.7248	5.4280	6.5517
-0.0000	-0.0000	-0.0000	-0.0000
6.1303	0.3874	-0.0000	-0.0000
-0.0000	-0.0000	-0.0000	-0.0000
-0.0000	-0.0000	-0.0000	-0.0000
-0.0000	-0.0000	-0.0000	-0.0000
6.2796	5.6664	5.9011	7.6453
-0.0000	-0.0000	-0.0000	-0.0000
-0.0000	-0.0000	-0.0000	-0.0000
-0.0000	-0.0000	-0.0000	-0.0000
-0.0000	-0.0000	-0.0000	0.0657
-0.0000	-0.0000	-0.0000	-0.0000
-0.0000	-0.0000	-0.0000	-0.0000
10.0912	19.7410	10.1083	14.1821
-0.0000	9.2352	-0.0000	-0.0000
12.4347	15.5800	13.3441	13.5619
2.2303	9.5033	6.7508	9.8712
13.3530	14.3212	12.4307	13.3544
-0.0000	9.6089	-0.0000	-0.0000
-0.0000	-0.0000	-0.0000	-0.0000
-0.0000	1.3161	-0.0000	-0.0000
7.3245	4.0171	5.5915	5.2550
-0.0000	-0.0000	-0.0000	-0.0000
-0.0000	-0.0000	-0.0000	-0.0000
0.7161	7.8866	0.1698	4.7117
-0.0000	-0.0000	-0.0000	-0.0000
-0.0000	-0.0000	-0.0000	0.0657
-0.0000	-0.0000	-0.0000	-0.0000
9.4963	5.6218	9.6092	9.4026
-0.0000	-0.0000	-0.0000	-0.0000
5.3671	3.6350	2.0873	2.4215
-0.0000	-0.0000	-0.0000	-0.0000
-0.0000	-0.0000	-0.0000	-0.0000
-0.0000	-0.0000	-0.0000	-0.0000
23.7764	16.9076	11.9964	20.2795
-0.0000	-0.0000	-0.0000	-0.0000
13.8804	17.5772	13.3831	6.2239
0.0657	-0.0000	-0.0000	-0.0000
4.6877	0.9446	5.5005	1.9326
-0.0000	4.7559	0.7495	-0.0000
-0.0000	7.7358	0.8482	1.0843
-0.0000	-0.0000	-0.0000	-0.0000
0.2355	0.0657	1.0209	-0.0000
3.5790	-0.0000	-0.0000	2.6662
-0.0000	-0.0000	-0.0000	-0.0000
8.2876	5.3167	8.8703	9.0052
-0.0000	-0.0000	-0.0000	-0.0000
2.9499	0.3874	-0.0000	-0.0000
-0.0000	-0.0000	-0.0000	-0.0000
24.0421	22.1371	21.0822	25.5846
-0.0000	-0.0000	-0.0000	-0.0000
0.5768	1.0179	1.1058	1.4914
-0.0000	-0.0000	-0.0000	-0.0000
-0.0000	-0.0000	-0.0000	-0.0000
9.2192	13.8805	9.7814	16.3222
-0.0000	-0.0000	-0.0000	4.2169
-0.0000	-0.0000	-0.0000	-0.0000
5.2610	2.3262	1.8833	4.4267
-0.0000	-0.0000	-0.0000	-0.0000
-0.0000	-0.0000	-0.0000	-0.0000
-0.0000	-0.0000	5.6122	-0.0000
4.4024	0.9414	-0.0000	5.6395
4.8329	-0.0000	5.6667	0.4270
-0.0000	-0.0000	-0.0000	-0.0000
5.2429	-0.0000	-0.0000	5.6307
12.6340	13.1570	7.1460	12.6301
1.4292	6.7617	2.3982	4.8412
15.8772	19.1780	17.4091	19.2007
6.0127	6.2606	6.8456	5.6216
8.0653	7.0544	7.1137	7.3327
-0.0000	-0.0000	-0.0000	-0.0000
-0.0000	-0.0000	-0.0000	-0.0000
5.1378	10.1013	11.1896	7.0752
1.2058	0.1200	0.6125	-0.0000
22.4026	21.7966	23.9429	19.0707
-0.0000	-0.0000	-0.0000	-0.0000
-0.0000	-0.0000	-0.0000	-0.0000
3.5884	1.3052	2.6291	0.9104
-0.0000	-0.0000	1.9326	-0.0000
-0.0000	-0.0000	-0.0000	-0.0000
-0.0000	-0.0000	-0.0000	-0.0000
-0.0000	-0.0000	-0.0000	-0.0000
-0.0000	-0.0000	-0.0000	-0.0000
8.4698	1.4488	0.3468	3.0838
19.9848	-0.0000	-0.0000	17.1362
5.4206	1.4659	0.6602	5.7047
-0.0000	-0.0000	-0.0000	-0.0000
0.1200	-0.0000	-0.0000	0.5034
-0.0000	-0.0000	-0.0000	3.2597
-0.0000	7.6142	1.4488	1.4488
4.1721	5.7607	0.5768	5.6216
-0.0000	0.6781	0.0657	-0.0000
-0.0000	8.1947	6.7534	4.1721
-0.0000	-0.0000	-0.0000	-0.0000
-0.0000	-0.0000	-0.0000	-0.0000
-0.0000	-0.0000	-0.0000	-0.0000
4.5530	16.2166	10.3935	12.4006
-0.0000	-0.0000	-0.0000	-0.0000
-0.0000	-0.0000	-0.0000	-0.0000
2.6416	2.7610	-0.0000	3.0784
7.8763	7.7050	8.4802	6.4286
-0.0000	-0.0000	-0.0000	-0.0000
-0.0000	1.7944	-0.0000	5.5919
-0.0000	-0.0000	-0.0000	-0.0000
8.7929	14.0422	5.1329	17.5524
-0.0000	-0.0000	-0.0000	-0.0000
-0.0000	-0.0000	-0.0000	-0.0000
0.1200	2.1844	-0.0000	0.1200
-0.0000	-0.0000	-0.0000	-0.0000
5.0287	10.1624	10.6082	9.1947
-0.0000	-0.0000	-0.0000	-0.0000
18.9209	19.5080	13.2234	16.6237
0.5034	0.0657	2.7499	2.3178
5.6827	8.1516	3.4409	6.5699
-0.0000	-0.0000	-0.0000	-0.0000
3.1117	-0.0000	-0.0000	3.1591
-0.0000	0.5966	-0.0000	0.3050
-0.0000	6.1903	5.8718	0.5034
-0.0000	-0.0000	-0.0000	-0.0000
-0.0000	-0.0000	-0.0000	-0.0000
-0.0000	-0.0000	-0.0000	-0.0000
-0.0000	-0.0000	-0.0000	-0.0000
0.9296	1.2107	4.0117	0.5570
-0.0000	-0.0000	-0.0000	-0.0000
3.2752	5.5202	3.7349	5.8687
-0.0000	-0.0000	-0.0000	-0.0000
5.7011	7.0970	5.3299	2.8109
4.0532	12.0733	4.5236	10.6151
-0.0000	-0.0000	-0.0000	-0.0000
0.3050	7.4514	-0.0000	7.1315
-0.0000	-0.0000	-0.0000	-0.0000
-0.0000	-0.0000	-0.0000	0.8357
-0.0000	-0.0000	-0.0000	-0.0000
7.7697	7.7532	3.7286	1.2712
-0.0000	-0.0000	-0.0000	-0.0000
-0.0000	-0.0000	-0.0000	-0.0000
-0.0000	-0.0000	-0.0000	-0.0000
-0.0000	-0.0000	0.0657	-0.0000
-0.0000	-0.0000	-0.0000	-0.0000
-0.0000	-0.0000	-0.0000	-0.0000
11.4472	6.4131	11.4314	6.7709
4.5903	-0.0000	-0.0000	0.5034
12.1534	12.8658	13.4394	13.2949
5.6536	8.6138	5.7627	4.7472
14.4159	15.5569	13.0490	6.2737
-0.0000	-0.0000	-0.0000	-0.0000
-0.0000	-0.0000	-0.0000	-0.0000
-0.0000	-0.0000	-0.0000	-0.0000
3.8087	-0.0000	7.3263	5.6720
-0.0000	-0.0000	-0.0000	-0.0000
-0.0000	-0.0000	-0.0000	-0.0000
4.1235	-0.0000	-0.0000	-0.0000
-0.0000	-0.0000	-0.0000	-0.0000
-0.0000	0.0657	0.0657	0.8473
-0.0000	-0.0000	-0.0000	-0.0000
7.5190	6.8933	8.0276	9.2491
-0.0000	-0.0000	-0.0000	-0.0000
0.8170	3.0953	5.9454	0.1200
-0.0000	-0.0000	-0.0000	-0.0000
-0.0000	-0.0000	-0.0000	-0.0000
-0.0000	-0.0000	-0.0000	-0.0000
15.3460	19.8651	21.8000	14.6273
-0.0000	-0.0000	-0.0000	-0.0000
2.7666	10.5863	8.7636	4.4777
-0.0000	0.1200	2.3381	0.3468
1.0023	6.5694	-0.0000	1.9775
-0.0000	3.6000	-0.0000	-0.0000
0.4125	-0.0000	0.0657	-0.0000
-0.0000	-0.0000	-0.0000	-0.0000
0.0657	-0.0000	0.0657	1.3964
-0.0000	-0.0000	1.8871	1.2614
-0.0000	-0.0000	-0.0000	-0.0000
6.9226	5.6788	7.9901	7.9036
-0.0000	-0.0000	-0.0000	-0.0000
4.1023	5.7630	1.6505	-0.0000
-0.0000	4.5041	3.5433	-0.0000
21.8321	10.9973	12.5991	20.9132
-0.0000	-0.0000	-0.0000	-0.0000
1.6769	3.6033	1.9998	3.8210
-0.0000	-0.0000	-0.0000	-0.0000
-0.0000	-0.0000	-0.0000	-0.0000
11.1470	13.9468	10.2747	10.4777
-0.0000	2.9329	2.7043	-0.0000
-0.0000	-0.0000	-0.0000	-0.0000
3.5863	3.3147	2.2313	4.1051
-0.0000	-0.0000	-0.0000	-0.0000
-0.0000	-0.0000	-0.0000	-0.0000
-0.0000	-0.0000	5.6153	-0.0000
4.2063	-0.0000	-0.0000	11.4846
2.6104	5.5005	-0.0000	-0.0000
-0.0000	-0.0000	-0.0000	-0.0000
3.4405	3.8556	4.7206	5.6089
13.3839	6.9695	11.2593	11.1802
1.3244	4.5380	6.4817	4.3886
18.8400	18.4119	19.0945	17.1840
5.7146	5.7090	5.7181	5.7775
6.8887	8.6344	8.3070	5.2506
-0.0000	-0.0000	-0.0000	-0.0000
-0.0000	-0.0000	-0.0000	-0.0000
9.8282	10.7236	12.1021	6.3747
