------------------------------------------------------------
            Hierarchy level. --> United Atom <--            
------------------------------------------------------------
      RESNAME   RESID  FF_ENTROPY  TT_ENTROPY
UATOM NALA          1       9.057      37.463
UATOM GLU           2      22.750      21.250
UATOM ALA           3       5.973      24.398
UATOM GLY           4       2.505      11.762
UATOM ILE           5      24.843      52.951
UATOM THR           6      19.288      33.953
UATOM GLY           7       2.640      12.583
UATOM THR           8      19.592      35.442
UATOM TRP           9      47.568      38.704
UATOM TYR          10      40.197      35.905
UATOM ASN          11      22.400      27.863
UATOM GLN          12      29.487      35.160
UATOM LEU          13      24.235      52.330
UATOM GLY          14       2.851      12.546
UATOM SER          15      12.123      22.211
UATOM THR          16      18.873      34.849
UATOM PHE          17      30.574      33.570
UATOM ILE          18      24.175      51.490
UATOM VAL          19      19.103      42.160
UATOM THR          20      19.045      35.442
UATOM ALA          21       7.062      25.292
UATOM GLY          22       2.350      12.943
UATOM ALA          23       6.275      25.157
UATOM ASP          24      17.745      13.765
UATOM GLY          25       2.623      12.536
UATOM ALA          26       6.655      25.420
UATOM LEU          27      24.652      52.862
UATOM THR          28      18.420      34.406
UATOM GLY          29       2.698      13.115
UATOM THR          30      19.226      33.652
UATOM TYR          31      41.541      37.053
UATOM GLU          32      24.101      22.208
UATOM SER          33      12.005      22.116
UATOM ALA          34       6.506      24.447
UATOM VAL          35      18.554      41.912
UATOM GLY          36       2.652      12.880
UATOM ASN          37      21.065      25.571
UATOM ALA          38       6.784      24.764
UATOM GLU          39      25.090      21.503
UATOM SER          40      11.452      21.024
UATOM ARG          41      42.246      56.596
UATOM TYR          42      41.659      37.902
UATOM VAL          43      18.913      42.774
UATOM LEU          44      24.962      51.005
UATOM THR          45      18.434      34.645
UATOM GLY          46       2.705      13.301
UATOM ARG          47      43.961      57.121
UATOM TYR          48      40.721      35.844
UATOM ASP          49      21.731      14.769
UATOM SER          50      11.970      21.498
UATOM ALA          51       6.562      23.137
UATOM PRO          52      12.600      27.025
UATOM ALA          53       6.905      25.841
UATOM THR          54      18.608      35.493
UATOM ASP          55      17.761      14.790
UATOM GLY          56       2.572      11.607
UATOM SER          57      10.627      20.073
UATOM GLY          58       2.682      12.905
UATOM THR          59      18.542      35.098
UATOM ALA          60       6.719      25.953
UATOM LEU          61      24.216      51.447
UATOM GLY          62       2.603      11.569
UATOM TRP          63      47.614      40.339
UATOM THR          64      19.249      32.051
UATOM VAL          65      19.074      42.757
UATOM ALA          66       6.878      24.327
UATOM TRP          67      47.631      39.608
UATOM LYS          68      29.180      54.406
UATOM ASN          69      22.831      27.020
UATOM ASN          70      19.949      27.041
UATOM TYR          71      34.712      35.695
UATOM ARG          72      39.024      55.161
UATOM ASN          73      22.287      24.781
UATOM ALA          74       6.671      25.988
UATOM HID          75      28.201      28.456
UATOM SER          76      12.597      22.466
UATOM ALA          77       6.677      25.562
UATOM THR          78      19.705      34.940
UATOM THR          79      18.519      33.363
UATOM TRP          80      47.568      38.383
UATOM SER          81      12.244      21.358
UATOM GLY          82       2.710      11.594
UATOM GLN          83      27.957      34.118
UATOM TYR          84      39.746      38.268
UATOM VAL          85      17.761      43.207
UATOM GLY          86       2.449      12.223
UATOM GLY          87       2.309      11.978
UATOM ALA          88       5.980      25.256
UATOM GLU          89      22.890      21.110
UATOM ALA          90       6.778      25.692
UATOM ARG          91      41.461      58.454
UATOM ILE          92      24.368      51.506
UATOM ASN          93      21.621      25.754
UATOM THR          94      18.559      34.520
UATOM GLN          95      28.141      35.682
UATOM TRP          96      48.646      40.096
UATOM LEU          97      25.926      50.704
UATOM LEU          98      25.318      51.794
UATOM THR          99      19.936      34.479
UATOM SER         100      11.918      21.426
UATOM GLY         101       2.390      13.471
UATOM THR         102      17.950      33.980
UATOM THR         103      18.738      35.225
UATOM GLU         104      26.166      21.611
UATOM ALA         105       6.910      24.378
UATOM ASN         106      22.061      26.467
UATOM ALA         107       6.817      25.732
UATOM TRP         108      46.708      40.733
UATOM LYS         109      29.164      51.105
UATOM SER         110      12.118      22.086
UATOM THR         111      19.007      34.870
UATOM LEU         112      25.272      49.680
UATOM VAL         113      18.763      42.682
UATOM GLY         114       2.645      12.083
UATOM HID         115      28.093      30.033
UATOM ASP         116      22.135      15.440
UATOM THR         117      18.293      34.625
UATOM PHE         118      32.590      36.266
UATOM THR         119      18.291      34.319
UATOM LYS         120      29.357      52.721
UATOM VAL         121      17.297      43.495
UATOM LYS         122      27.140      53.811
UATOM PRO         123      12.336      26.188
UATOM SER         124      10.451      20.423
UATOM ALA         125       5.798      25.076
UATOM ALA         126       5.301      24.673
UATOM CSER        127      14.177      19.839
____________________________________________________________
Total Entropy FF (UA level) :        2423.486 J/mol/K
Total Entropy TT (UA level) :        3927.623 J/mol/K
------------------------------------------------------------
____________________________________________________________
Total Entropy                            :        6351.109
------------------------------------------------------------
