------------------------------------------------------------
            Hierarchy level. --> United Atom <--            
------------------------------------------------------------
      RESNAME   RESID  FF_ENTROPY  TT_ENTROPY
UATOM NALA          1       8.857      38.534
UATOM GLU           2      22.874      21.213
UATOM ALA           3       6.036      23.953
UATOM GLY           4       2.787      11.876
UATOM ILE           5      26.201      53.302
UATOM THR           6      19.944      35.734
UATOM GLY           7       2.562      13.573
UATOM THR           8      19.684      34.348
UATOM TRP           9      51.601      41.906
UATOM TYR          10      43.977      38.433
UATOM ASN          11      23.198      27.766
UATOM GLN          12      25.751      34.948
UATOM LEU          13      24.994      53.910
UATOM GLY          14       2.735      13.504
UATOM SER          15      12.498      22.672
UATOM THR          16      19.433      34.978
UATOM PHE          17      35.155      37.125
UATOM ILE          18      25.831      52.404
UATOM VAL          19      19.772      43.510
UATOM THR          20      20.144      34.358
UATOM ALA          21       7.225      26.146
UATOM GLY          22       2.606      12.241
UATOM ALA          23       7.211      25.539
UATOM ASP          24      18.658      15.170
UATOM GLY          25       2.870      13.090
UATOM ALA          26       7.362      23.952
UATOM LEU          27      27.265      52.114
UATOM THR          28      19.583      34.662
UATOM GLY          29       2.778      13.380
UATOM THR          30      18.431      33.312
UATOM TYR          31      43.558      37.864
UATOM GLU          32      26.837      22.604
UATOM SER          33      13.174      23.192
UATOM ALA          34       7.219      25.651
UATOM VAL          35      19.142      43.937
UATOM GLY          36       2.575      13.138
UATOM ASN          37      21.467      25.841
UATOM ALA          38       6.864      25.576
UATOM GLU          39      26.030      22.310
UATOM SER          40      11.710      22.292
UATOM ARG          41      40.782      55.720
UATOM TYR          42      43.726      40.505
UATOM VAL          43      19.329      44.573
UATOM LEU          44      26.686      48.285
UATOM THR          45      19.789      33.182
UATOM GLY          46       2.939      11.370
UATOM ARG          47      47.167      57.333
UATOM TYR          48      45.313      38.803
UATOM ASP          49      23.574      16.068
UATOM SER          50      12.478      21.752
UATOM ALA          51       6.563      22.268
UATOM PRO          52      10.567      26.234
UATOM ALA          53       5.740      24.718
UATOM THR          54      17.441      33.086
UATOM ASP          55      19.128      15.426
UATOM GLY          56       2.857      12.744
UATOM SER          57      12.376      21.870
UATOM GLY          58       2.721      11.986
UATOM THR          59      19.777      34.905
UATOM ALA          60       7.482      26.462
UATOM LEU          61      24.466      49.002
UATOM GLY          62       2.640      11.649
UATOM TRP          63      52.741      40.578
UATOM THR          64      20.561      32.439
UATOM VAL          65      19.550      42.982
UATOM ALA          66       7.553      23.199
UATOM TRP          67      53.236      41.492
UATOM LYS          68      30.369      52.915
UATOM ASN          69      23.027      28.689
UATOM ASN          70      21.742      27.577
UATOM TYR          71      34.907      37.665
UATOM ARG          72      40.085      55.778
UATOM ASN          73      22.855      25.947
UATOM ALA          74       6.825      25.835
UATOM HID          75      29.908      28.487
UATOM SER          76      12.172      22.054
UATOM ALA          77       7.095      24.848
UATOM THR          78      20.709      36.617
UATOM THR          79      19.339      32.839
UATOM TRP          80      50.912      41.881
UATOM SER          81      12.735      20.473
UATOM GLY          82       2.797      12.980
UATOM GLN          83      30.197      35.211
UATOM TYR          84      44.831      40.883
UATOM VAL          85      18.994      45.219
UATOM GLY          86       2.365      13.458
UATOM GLY          87       2.321      12.013
UATOM ALA          88       7.057      26.112
UATOM GLU          89      24.627      21.904
UATOM ALA          90       6.887      24.117
UATOM ARG          91      44.635      59.218
UATOM ILE          92      26.658      52.025
UATOM ASN          93      23.184      27.351
UATOM THR          94      20.169      35.253
UATOM GLN          95      32.399      34.054
UATOM TRP          96      52.426      41.374
UATOM LEU          97      27.480      50.515
UATOM LEU          98      26.535      52.200
UATOM THR          99      21.199      33.936
UATOM SER         100      12.085      20.479
UATOM GLY         101       2.699      13.361
UATOM THR         102      19.473      36.130
UATOM THR         103      20.177      36.105
UATOM GLU         104      24.281      22.651
UATOM ALA         105       6.851      26.010
UATOM ASN         106      22.370      27.009
UATOM ALA         107       7.111      26.262
UATOM TRP         108      49.853      42.794
UATOM LYS         109      28.424      52.881
UATOM SER         110      12.080      23.110
UATOM THR         111      20.844      34.024
UATOM LEU         112      25.947      50.713
UATOM VAL         113      19.242      41.201
UATOM GLY         114       2.769      13.092
UATOM HID         115      30.132      30.862
UATOM ASP         116      22.100      15.611
UATOM THR         117      19.965      36.044
UATOM PHE         118      35.574      37.279
UATOM THR         119      19.466      35.742
UATOM LYS         120      28.858      53.770
UATOM VAL         121      17.560      44.222
UATOM LYS         122      27.083      49.970
UATOM PRO         123      12.472      26.317
UATOM SER         124      10.396      21.137
UATOM ALA         125       5.192      24.886
UATOM ALA         126       5.010      23.993
UATOM CSER        127      14.564      19.758
____________________________________________________________
Total Entropy FF (UA level) :        2543.797 J/mol/K
Total Entropy TT (UA level) :        3983.531 J/mol/K
------------------------------------------------------------
____________________________________________________________
Total Entropy                            :        6527.328
------------------------------------------------------------
