------------------------------------------------------------
            Hierarchy level. --> United Atom <--            
------------------------------------------------------------
      RESNAME   RESID  FF_ENTROPY  TT_ENTROPY
UATOM NALA          1       8.365      38.390
UATOM GLU           2      22.442      21.331
UATOM ALA           3       5.479      24.203
UATOM GLY           4       2.836      11.843
UATOM ILE           5      26.619      52.874
UATOM THR           6      20.182      34.869
UATOM GLY           7       2.618      13.039
UATOM THR           8      19.581      35.716
UATOM TRP           9      52.218      40.426
UATOM TYR          10      44.130      37.914
UATOM ASN          11      23.324      28.044
UATOM GLN          12      31.396      36.204
UATOM LEU          13      25.623      53.281
UATOM GLY          14       2.775      14.109
UATOM SER          15      12.716      22.215
UATOM THR          16      18.812      34.498
UATOM PHE          17      30.223      34.190
UATOM ILE          18      24.890      51.148
UATOM VAL          19      19.209      42.273
UATOM THR          20      19.002      35.706
UATOM ALA          21       7.252      26.313
UATOM GLY          22       2.351      12.578
UATOM ALA          23       6.845      24.654
UATOM ASP          24      19.167      14.691
UATOM GLY          25       3.028      12.506
UATOM ALA          26       7.076      24.921
UATOM LEU          27      25.263      52.039
UATOM THR          28      18.445      34.756
UATOM GLY          29       2.802      13.310
UATOM THR          30      20.391      35.464
UATOM TYR          31      46.474      39.852
UATOM GLU          32      26.304      22.833
UATOM SER          33      13.030      23.323
UATOM ALA          34       6.937      25.547
UATOM VAL          35      18.905      44.215
UATOM GLY          36       2.800      13.036
UATOM ASN          37      21.667      25.887
UATOM ALA          38       6.503      24.301
UATOM GLU          39      24.701      21.938
UATOM SER          40      11.714      22.181
UATOM ARG          41      39.678      55.784
UATOM TYR          42      45.510      38.343
UATOM VAL          43      18.725      44.340
UATOM LEU          44      27.079      50.076
UATOM THR          45      19.441      35.159
UATOM GLY          46       2.936      12.276
UATOM ARG          47      47.663      56.862
UATOM TYR          48      44.401      36.290
UATOM ASP          49      23.708      15.460
UATOM SER          50      12.023      22.173
UATOM ALA          51       6.828      23.552
UATOM PRO          52      13.778      26.530
UATOM ALA          53       7.266      26.291
UATOM THR          54      17.630      35.656
UATOM ASP          55      20.489      15.326
UATOM GLY          56       2.860      12.272
UATOM SER          57      12.010      21.315
UATOM GLY          58       2.492      12.881
UATOM THR          59      19.599      34.066
UATOM ALA          60       7.487      26.837
UATOM LEU          61      25.039      52.106
UATOM GLY          62       2.769      12.387
UATOM TRP          63      53.533      43.836
UATOM THR          64      20.370      32.971
UATOM VAL          65      19.989      42.895
UATOM ALA          66       7.349      24.457
UATOM TRP          67      49.819      41.148
UATOM LYS          68      26.547      54.405
UATOM ASN          69      20.486      26.144
UATOM ASN          70      19.909      26.674
UATOM TYR          71      34.688      35.719
UATOM ARG          72      37.067      56.195
UATOM ASN          73      20.660      25.704
UATOM ALA          74       7.598      26.280
UATOM HID          75      30.321      28.178
UATOM SER          76      12.587      22.267
UATOM ALA          77       6.965      25.257
UATOM THR          78      20.305      36.133
UATOM THR          79      18.884      33.977
UATOM TRP          80      51.638      40.292
UATOM SER          81      12.721      20.156
UATOM GLY          82       2.666      12.310
UATOM GLN          83      30.145      35.886
UATOM TYR          84      43.522      40.961
UATOM VAL          85      18.492      43.920
UATOM GLY          86       2.366      13.017
UATOM GLY          87       2.541      12.110
UATOM ALA          88       6.593      25.186
UATOM GLU          89      24.443      21.398
UATOM ALA          90       7.069      25.469
UATOM ARG          91      39.908      56.269
UATOM ILE          92      25.896      52.642
UATOM ASN          93      23.818      27.221
UATOM THR          94      18.702      35.001
UATOM GLN          95      28.363      34.834
UATOM TRP          96      52.792      40.776
UATOM LEU          97      26.533      50.137
UATOM LEU          98      26.191      51.853
UATOM THR          99      21.126      34.553
UATOM SER         100      12.161      21.125
UATOM GLY         101       2.458      13.024
UATOM THR         102      19.835      36.121
UATOM THR         103      19.620      36.570
UATOM GLU         104      25.315      22.464
UATOM ALA         105       7.250      25.284
UATOM ASN         106      23.422      25.403
UATOM ALA         107       7.047      26.352
UATOM TRP         108      51.008      43.314
UATOM LYS         109      29.664      52.803
UATOM SER         110      12.894      22.550
UATOM THR         111      20.449      34.141
UATOM LEU         112      26.550      49.240
UATOM VAL         113      19.788      42.557
UATOM GLY         114       2.828      13.193
UATOM HID         115      30.236      32.072
UATOM ASP         116      23.776      15.863
UATOM THR         117      20.093      36.350
UATOM PHE         118      36.112      37.128
UATOM THR         119      20.375      35.160
UATOM LYS         120      29.176      52.239
UATOM VAL         121      17.611      43.682
UATOM LYS         122      27.898      52.783
UATOM PRO         123      12.084      26.469
UATOM SER         124      10.795      20.209
UATOM ALA         125       5.232      24.812
UATOM ALA         126       5.117      23.837
UATOM CSER        127      14.403      20.054
____________________________________________________________
Total Entropy FF (UA level) :        2529.302 J/mol/K
Total Entropy TT (UA level) :        3983.632 J/mol/K
------------------------------------------------------------
____________________________________________________________
Total Entropy                            :        6512.934
------------------------------------------------------------
