------------------------------------------------------------
Topographical entropy of residue side chains 
computed using all the dihedrals with correlation/pLogp formalism
------------------------------------------------------------
Side Chain Topographical Entropy from corr. pLogP method (NALA 1) : -0.0000
Side Chain Topographical Entropy from corr. pLogP method (GLU 2) : 22.6024
Side Chain Topographical Entropy from corr. pLogP method (ALA 3) : -0.0000
Side Chain Topographical Entropy from corr. pLogP method (GLY 4) : -0.0000
Side Chain Topographical Entropy from corr. pLogP method (ILE 5) : 1.2146
Side Chain Topographical Entropy from corr. pLogP method (THR 6) : -0.0000
Side Chain Topographical Entropy from corr. pLogP method (GLY 7) : -0.0000
Side Chain Topographical Entropy from corr. pLogP method (THR 8) : 0.2617
Side Chain Topographical Entropy from corr. pLogP method (TRP 9) : -0.0000
Side Chain Topographical Entropy from corr. pLogP method (TYR 10) : 0.1698
Side Chain Topographical Entropy from corr. pLogP method (ASN 11) : 5.3016
Side Chain Topographical Entropy from corr. pLogP method (GLN 12) : -0.0000
Side Chain Topographical Entropy from corr. pLogP method (LEU 13) : 1.4303
Side Chain Topographical Entropy from corr. pLogP method (GLY 14) : -0.0000
Side Chain Topographical Entropy from corr. pLogP method (SER 15) : -0.0000
Side Chain Topographical Entropy from corr. pLogP method (THR 16) : 5.4402
Side Chain Topographical Entropy from corr. pLogP method (PHE 17) : 8.4572
Side Chain Topographical Entropy from corr. pLogP method (ILE 18) : 3.2134
Side Chain Topographical Entropy from corr. pLogP method (VAL 19) : 1.2058
Side Chain Topographical Entropy from corr. pLogP method (THR 20) : 7.8215
Side Chain Topographical Entropy from corr. pLogP method (ALA 21) : -0.0000
Side Chain Topographical Entropy from corr. pLogP method (GLY 22) : -0.0000
Side Chain Topographical Entropy from corr. pLogP method (ALA 23) : -0.0000
Side Chain Topographical Entropy from corr. pLogP method (ASP 24) : 9.8039
Side Chain Topographical Entropy from corr. pLogP method (GLY 25) : -0.0000
Side Chain Topographical Entropy from corr. pLogP method (ALA 26) : -0.0000
Side Chain Topographical Entropy from corr. pLogP method (LEU 27) : 7.0680
Side Chain Topographical Entropy from corr. pLogP method (THR 28) : 8.1865
Side Chain Topographical Entropy from corr. pLogP method (GLY 29) : -0.0000
Side Chain Topographical Entropy from corr. pLogP method (THR 30) : 3.8061
Side Chain Topographical Entropy from corr. pLogP method (TYR 31) : 2.8326
Side Chain Topographical Entropy from corr. pLogP method (GLU 32) : 13.7005
Side Chain Topographical Entropy from corr. pLogP method (SER 33) : 0.0657
Side Chain Topographical Entropy from corr. pLogP method (ALA 34) : -0.0000
Side Chain Topographical Entropy from corr. pLogP method (VAL 35) : 0.1698
Side Chain Topographical Entropy from corr. pLogP method (GLY 36) : -0.0000
Side Chain Topographical Entropy from corr. pLogP method (ASN 37) : 11.2791
Side Chain Topographical Entropy from corr. pLogP method (ALA 38) : -0.0000
Side Chain Topographical Entropy from corr. pLogP method (GLU 39) : 18.7089
Side Chain Topographical Entropy from corr. pLogP method (SER 40) : 2.4911
Side Chain Topographical Entropy from corr. pLogP method (ARG 41) : 14.3064
Side Chain Topographical Entropy from corr. pLogP method (TYR 42) : -0.0000
Side Chain Topographical Entropy from corr. pLogP method (VAL 43) : 2.7573
Side Chain Topographical Entropy from corr. pLogP method (LEU 44) : 1.0385
Side Chain Topographical Entropy from corr. pLogP method (THR 45) : 4.8653
Side Chain Topographical Entropy from corr. pLogP method (GLY 46) : -0.0000
Side Chain Topographical Entropy from corr. pLogP method (ARG 47) : -0.0000
Side Chain Topographical Entropy from corr. pLogP method (TYR 48) : 2.8307
Side Chain Topographical Entropy from corr. pLogP method (ASP 49) : 0.3050
Side Chain Topographical Entropy from corr. pLogP method (SER 50) : 1.7232
Side Chain Topographical Entropy from corr. pLogP method (ALA 51) : -0.0000
Side Chain Topographical Entropy from corr. pLogP method (PRO 52) : 9.5508
Side Chain Topographical Entropy from corr. pLogP method (ALA 53) : -0.0000
Side Chain Topographical Entropy from corr. pLogP method (THR 54) : 5.6814
Side Chain Topographical Entropy from corr. pLogP method (ASP 55) : 5.8355
Side Chain Topographical Entropy from corr. pLogP method (GLY 56) : -0.0000
Side Chain Topographical Entropy from corr. pLogP method (SER 57) : 0.3874
Side Chain Topographical Entropy from corr. pLogP method (GLY 58) : -0.0000
Side Chain Topographical Entropy from corr. pLogP method (THR 59) : -0.0000
Side Chain Topographical Entropy from corr. pLogP method (ALA 60) : -0.0000
Side Chain Topographical Entropy from corr. pLogP method (LEU 61) : 6.6988
Side Chain Topographical Entropy from corr. pLogP method (GLY 62) : -0.0000
Side Chain Topographical Entropy from corr. pLogP method (TRP 63) : -0.0000
Side Chain Topographical Entropy from corr. pLogP method (THR 64) : 0.6125
Side Chain Topographical Entropy from corr. pLogP method (VAL 65) : -0.0000
Side Chain Topographical Entropy from corr. pLogP method (ALA 66) : -0.0000
Side Chain Topographical Entropy from corr. pLogP method (TRP 67) : -0.0000
Side Chain Topographical Entropy from corr. pLogP method (LYS 68) : 20.5241
Side Chain Topographical Entropy from corr. pLogP method (ASN 69) : 11.1186
Side Chain Topographical Entropy from corr. pLogP method (ASN 70) : 14.1272
Side Chain Topographical Entropy from corr. pLogP method (TYR 71) : 13.0454
Side Chain Topographical Entropy from corr. pLogP method (ARG 72) : 15.1340
Side Chain Topographical Entropy from corr. pLogP method (ASN 73) : 9.7961
Side Chain Topographical Entropy from corr. pLogP method (ALA 74) : -0.0000
Side Chain Topographical Entropy from corr. pLogP method (HID 75) : 2.9479
Side Chain Topographical Entropy from corr. pLogP method (SER 76) : 4.0171
Side Chain Topographical Entropy from corr. pLogP method (ALA 77) : -0.0000
Side Chain Topographical Entropy from corr. pLogP method (THR 78) : 0.0657
Side Chain Topographical Entropy from corr. pLogP method (THR 79) : 7.9368
Side Chain Topographical Entropy from corr. pLogP method (TRP 80) : 2.4962
Side Chain Topographical Entropy from corr. pLogP method (SER 81) : -0.0000
Side Chain Topographical Entropy from corr. pLogP method (GLY 82) : -0.0000
Side Chain Topographical Entropy from corr. pLogP method (GLN 83) : 10.6007
Side Chain Topographical Entropy from corr. pLogP method (TYR 84) : -0.0000
Side Chain Topographical Entropy from corr. pLogP method (VAL 85) : 3.6558
Side Chain Topographical Entropy from corr. pLogP method (GLY 86) : -0.0000
Side Chain Topographical Entropy from corr. pLogP method (GLY 87) : -0.0000
Side Chain Topographical Entropy from corr. pLogP method (ALA 88) : -0.0000
Side Chain Topographical Entropy from corr. pLogP method (GLU 89) : 17.9158
Side Chain Topographical Entropy from corr. pLogP method (ALA 90) : -0.0000
Side Chain Topographical Entropy from corr. pLogP method (ARG 91) : 18.1415
Side Chain Topographical Entropy from corr. pLogP method (ILE 92) : 1.5810
Side Chain Topographical Entropy from corr. pLogP method (ASN 93) : 1.4578
Side Chain Topographical Entropy from corr. pLogP method (THR 94) : 4.7559
Side Chain Topographical Entropy from corr. pLogP method (GLN 95) : 9.0965
Side Chain Topographical Entropy from corr. pLogP method (TRP 96) : 0.5405
Side Chain Topographical Entropy from corr. pLogP method (LEU 97) : 0.1200
Side Chain Topographical Entropy from corr. pLogP method (LEU 98) : 0.0657
Side Chain Topographical Entropy from corr. pLogP method (THR 99) : -0.0000
Side Chain Topographical Entropy from corr. pLogP method (SER 100) : 5.3391
Side Chain Topographical Entropy from corr. pLogP method (GLY 101) : -0.0000
Side Chain Topographical Entropy from corr. pLogP method (THR 102) : 0.3874
Side Chain Topographical Entropy from corr. pLogP method (THR 103) : -0.0000
Side Chain Topographical Entropy from corr. pLogP method (GLU 104) : 23.1494
Side Chain Topographical Entropy from corr. pLogP method (ALA 105) : -0.0000
Side Chain Topographical Entropy from corr. pLogP method (ASN 106) : 2.7845
Side Chain Topographical Entropy from corr. pLogP method (ALA 107) : -0.0000
Side Chain Topographical Entropy from corr. pLogP method (TRP 108) : 5.4035
Side Chain Topographical Entropy from corr. pLogP method (LYS 109) : 14.1731
Side Chain Topographical Entropy from corr. pLogP method (SER 110) : -0.0000
Side Chain Topographical Entropy from corr. pLogP method (THR 111) : -0.0000
Side Chain Topographical Entropy from corr. pLogP method (LEU 112) : 2.2452
Side Chain Topographical Entropy from corr. pLogP method (VAL 113) : -0.0000
Side Chain Topographical Entropy from corr. pLogP method (GLY 114) : -0.0000
Side Chain Topographical Entropy from corr. pLogP method (HID 115) : -0.0000
Side Chain Topographical Entropy from corr. pLogP method (ASP 116) : 1.5461
Side Chain Topographical Entropy from corr. pLogP method (THR 117) : -0.0000
Side Chain Topographical Entropy from corr. pLogP method (PHE 118) : -0.0000
Side Chain Topographical Entropy from corr. pLogP method (THR 119) : 0.2168
Side Chain Topographical Entropy from corr. pLogP method (LYS 120) : 12.9395
Side Chain Topographical Entropy from corr. pLogP method (VAL 121) : 6.7617
Side Chain Topographical Entropy from corr. pLogP method (LYS 122) : 19.4488
Side Chain Topographical Entropy from corr. pLogP method (PRO 123) : 14.3431
Side Chain Topographical Entropy from corr. pLogP method (SER 124) : 7.0544
Side Chain Topographical Entropy from corr. pLogP method (ALA 125) : -0.0000
Side Chain Topographical Entropy from corr. pLogP method (ALA 126) : -0.0000
Side Chain Topographical Entropy from corr. pLogP method (CSER 127) : 5.5051
____________________________________________________________
Total SC Topog. Entropy (corr. pLogP)    :         482.261
------------------------------------------------------------
------------------------------------------------------------
Topographical entropy of BB dihedrals 
computed using the correlated-pLogp formalism
------------------------------------------------------------
____________________________________________________________
Total BB Topog. Entropy (corr. pLogP)    :          14.458
------------------------------------------------------------
____________________________________________________________
Total Entropy                            :         496.719
------------------------------------------------------------
