Residue Topographical Entropy from AEM (NALA 1) : 1.1491
Residue Topographical Entropy from AEM (GLU 2) : 20.7408
Residue Topographical Entropy from AEM (ALA 3) : -0.0000
Residue Topographical Entropy from AEM (GLY 4) : -0.0000
Residue Topographical Entropy from AEM (ILE 5) : 1.0202
Residue Topographical Entropy from AEM (THR 6) : -0.0000
Residue Topographical Entropy from AEM (GLY 7) : -0.0000
Residue Topographical Entropy from AEM (THR 8) : -0.0000
Residue Topographical Entropy from AEM (TRP 9) : -0.0000
Residue Topographical Entropy from AEM (TYR 10) : -0.0000
Residue Topographical Entropy from AEM (ASN 11) : 0.8473
Residue Topographical Entropy from AEM (GLN 12) : 17.2113
Residue Topographical Entropy from AEM (LEU 13) : 6.5900
Residue Topographical Entropy from AEM (GLY 14) : -0.0000
Residue Topographical Entropy from AEM (SER 15) : -0.0000
Residue Topographical Entropy from AEM (THR 16) : -0.0000
Residue Topographical Entropy from AEM (PHE 17) : -0.0000
Residue Topographical Entropy from AEM (ILE 18) : 7.9996
Residue Topographical Entropy from AEM (VAL 19) : -0.0000
Residue Topographical Entropy from AEM (THR 20) : 9.0220
Residue Topographical Entropy from AEM (ALA 21) : -0.0000
Residue Topographical Entropy from AEM (GLY 22) : -0.0000
Residue Topographical Entropy from AEM (ALA 23) : -0.0000
Residue Topographical Entropy from AEM (ASP 24) : 13.6966
Residue Topographical Entropy from AEM (GLY 25) : -0.0000
Residue Topographical Entropy from AEM (ALA 26) : -0.0000
Residue Topographical Entropy from AEM (LEU 27) : 7.4618
Residue Topographical Entropy from AEM (THR 28) : 8.2666
Residue Topographical Entropy from AEM (GLY 29) : -0.0000
Residue Topographical Entropy from AEM (THR 30) : 0.1698
Residue Topographical Entropy from AEM (TYR 31) : -0.0000
Residue Topographical Entropy from AEM (GLU 32) : 9.7570
Residue Topographical Entropy from AEM (SER 33) : -0.0000
Residue Topographical Entropy from AEM (ALA 34) : -0.0000
Residue Topographical Entropy from AEM (VAL 35) : 0.1698
Residue Topographical Entropy from AEM (GLY 36) : -0.0000
Residue Topographical Entropy from AEM (ASN 37) : 9.5126
Residue Topographical Entropy from AEM (ALA 38) : -0.0000
Residue Topographical Entropy from AEM (GLU 39) : 13.6047
Residue Topographical Entropy from AEM (SER 40) : -0.0000
Residue Topographical Entropy from AEM (ARG 41) : 13.5500
Residue Topographical Entropy from AEM (TYR 42) : -0.0000
Residue Topographical Entropy from AEM (VAL 43) : -0.0000
Residue Topographical Entropy from AEM (LEU 44) : 6.0714
Residue Topographical Entropy from AEM (THR 45) : 8.7819
Residue Topographical Entropy from AEM (GLY 46) : -0.0000
Residue Topographical Entropy from AEM (ARG 47) : -0.0000
Residue Topographical Entropy from AEM (TYR 48) : -0.0000
Residue Topographical Entropy from AEM (ASP 49) : -0.0000
Residue Topographical Entropy from AEM (SER 50) : 2.4492
Residue Topographical Entropy from AEM (ALA 51) : -0.0000
Residue Topographical Entropy from AEM (PRO 52) : 4.6966
Residue Topographical Entropy from AEM (ALA 53) : -0.0000
Residue Topographical Entropy from AEM (THR 54) : 3.7506
Residue Topographical Entropy from AEM (ASP 55) : 6.2437
Residue Topographical Entropy from AEM (GLY 56) : -0.0000
Residue Topographical Entropy from AEM (SER 57) : 3.2907
Residue Topographical Entropy from AEM (GLY 58) : -0.0000
Residue Topographical Entropy from AEM (THR 59) : -0.0000
Residue Topographical Entropy from AEM (ALA 60) : -0.0000
Residue Topographical Entropy from AEM (LEU 61) : 6.9808
Residue Topographical Entropy from AEM (GLY 62) : -0.0000
Residue Topographical Entropy from AEM (TRP 63) : -0.0000
Residue Topographical Entropy from AEM (THR 64) : -0.0000
Residue Topographical Entropy from AEM (VAL 65) : -0.0000
Residue Topographical Entropy from AEM (ALA 66) : -0.0000
Residue Topographical Entropy from AEM (TRP 67) : -0.0000
Residue Topographical Entropy from AEM (LYS 68) : 9.7349
Residue Topographical Entropy from AEM (ASN 69) : -0.0000
Residue Topographical Entropy from AEM (ASN 70) : 12.8902
Residue Topographical Entropy from AEM (TYR 71) : 6.0456
Residue Topographical Entropy from AEM (ARG 72) : 9.5039
Residue Topographical Entropy from AEM (ASN 73) : -0.0000
Residue Topographical Entropy from AEM (ALA 74) : -0.0000
Residue Topographical Entropy from AEM (HID 75) : -0.0000
Residue Topographical Entropy from AEM (SER 76) : 7.1658
Residue Topographical Entropy from AEM (ALA 77) : -0.0000
Residue Topographical Entropy from AEM (THR 78) : -0.0000
Residue Topographical Entropy from AEM (THR 79) : 4.3704
Residue Topographical Entropy from AEM (TRP 80) : -0.0000
Residue Topographical Entropy from AEM (SER 81) : -0.0000
Residue Topographical Entropy from AEM (GLY 82) : -0.0000
Residue Topographical Entropy from AEM (GLN 83) : 10.1672
Residue Topographical Entropy from AEM (TYR 84) : -0.0000
Residue Topographical Entropy from AEM (VAL 85) : 2.5085
Residue Topographical Entropy from AEM (GLY 86) : -0.0000
Residue Topographical Entropy from AEM (GLY 87) : -0.0000
Residue Topographical Entropy from AEM (ALA 88) : -0.0000
Residue Topographical Entropy from AEM (GLU 89) : 12.9158
Residue Topographical Entropy from AEM (ALA 90) : -0.0000
Residue Topographical Entropy from AEM (ARG 91) : 10.0904
Residue Topographical Entropy from AEM (ILE 92) : -0.0000
Residue Topographical Entropy from AEM (ASN 93) : 4.8741
Residue Topographical Entropy from AEM (THR 94) : 0.1698
Residue Topographical Entropy from AEM (GLN 95) : 0.8388
Residue Topographical Entropy from AEM (TRP 96) : -0.0000
Residue Topographical Entropy from AEM (LEU 97) : -0.0000
Residue Topographical Entropy from AEM (LEU 98) : -0.0000
Residue Topographical Entropy from AEM (THR 99) : -0.0000
Residue Topographical Entropy from AEM (SER 100) : 8.2675
Residue Topographical Entropy from AEM (GLY 101) : -0.0000
Residue Topographical Entropy from AEM (THR 102) : -0.0000
Residue Topographical Entropy from AEM (THR 103) : -0.0000
Residue Topographical Entropy from AEM (GLU 104) : 20.9885
Residue Topographical Entropy from AEM (ALA 105) : -0.0000
Residue Topographical Entropy from AEM (ASN 106) : 5.4039
Residue Topographical Entropy from AEM (ALA 107) : -0.0000
Residue Topographical Entropy from AEM (TRP 108) : -0.0000
Residue Topographical Entropy from AEM (LYS 109) : 15.3040
Residue Topographical Entropy from AEM (SER 110) : -0.0000
Residue Topographical Entropy from AEM (THR 111) : -0.0000
Residue Topographical Entropy from AEM (LEU 112) : 3.1428
Residue Topographical Entropy from AEM (VAL 113) : -0.0000
Residue Topographical Entropy from AEM (GLY 114) : -0.0000
Residue Topographical Entropy from AEM (HID 115) : -0.0000
Residue Topographical Entropy from AEM (ASP 116) : 0.3874
Residue Topographical Entropy from AEM (THR 117) : 4.4330
Residue Topographical Entropy from AEM (PHE 118) : -0.0000
Residue Topographical Entropy from AEM (THR 119) : 5.3516
Residue Topographical Entropy from AEM (LYS 120) : 10.2683
Residue Topographical Entropy from AEM (VAL 121) : 5.4831
Residue Topographical Entropy from AEM (LYS 122) : 15.0874
Residue Topographical Entropy from AEM (PRO 123) : 6.2501
Residue Topographical Entropy from AEM (SER 124) : 9.0107
Residue Topographical Entropy from AEM (ALA 125) : -0.0000
Residue Topographical Entropy from AEM (ALA 126) : -0.0000
Residue Topographical Entropy from AEM (CSER 127) : 5.9652
Residue Topographical Entropy from AEM (NALA 1) : 0.0657
Residue Topographical Entropy from AEM (GLU 2) : 15.9357
Residue Topographical Entropy from AEM (ALA 3) : -0.0000
Residue Topographical Entropy from AEM (GLY 4) : -0.0000
Residue Topographical Entropy from AEM (ILE 5) : 1.3111
Residue Topographical Entropy from AEM (THR 6) : 0.3050
Residue Topographical Entropy from AEM (GLY 7) : -0.0000
Residue Topographical Entropy from AEM (THR 8) : -0.0000
Residue Topographical Entropy from AEM (TRP 9) : -0.0000
Residue Topographical Entropy from AEM (TYR 10) : 0.0657
Residue Topographical Entropy from AEM (ASN 11) : 0.9414
Residue Topographical Entropy from AEM (GLN 12) : -0.0000
Residue Topographical Entropy from AEM (LEU 13) : -0.0000
Residue Topographical Entropy from AEM (GLY 14) : -0.0000
Residue Topographical Entropy from AEM (SER 15) : -0.0000
Residue Topographical Entropy from AEM (THR 16) : 0.2617
Residue Topographical Entropy from AEM (PHE 17) : 2.7752
Residue Topographical Entropy from AEM (ILE 18) : 5.1507
Residue Topographical Entropy from AEM (VAL 19) : 0.1200
Residue Topographical Entropy from AEM (THR 20) : 0.0657
Residue Topographical Entropy from AEM (ALA 21) : -0.0000
Residue Topographical Entropy from AEM (GLY 22) : -0.0000
Residue Topographical Entropy from AEM (ALA 23) : -0.0000
Residue Topographical Entropy from AEM (ASP 24) : 12.3393
Residue Topographical Entropy from AEM (GLY 25) : -0.0000
Residue Topographical Entropy from AEM (ALA 26) : -0.0000
Residue Topographical Entropy from AEM (LEU 27) : 8.1926
Residue Topographical Entropy from AEM (THR 28) : 8.9258
Residue Topographical Entropy from AEM (GLY 29) : -0.0000
Residue Topographical Entropy from AEM (THR 30) : 0.9104
Residue Topographical Entropy from AEM (TYR 31) : -0.0000
Residue Topographical Entropy from AEM (GLU 32) : 6.2800
Residue Topographical Entropy from AEM (SER 33) : -0.0000
Residue Topographical Entropy from AEM (ALA 34) : -0.0000
Residue Topographical Entropy from AEM (VAL 35) : 0.0657
Residue Topographical Entropy from AEM (GLY 36) : -0.0000
Residue Topographical Entropy from AEM (ASN 37) : 9.4396
Residue Topographical Entropy from AEM (ALA 38) : -0.0000
Residue Topographical Entropy from AEM (GLU 39) : 16.6129
Residue Topographical Entropy from AEM (SER 40) : -0.0000
Residue Topographical Entropy from AEM (ARG 41) : 11.9660
Residue Topographical Entropy from AEM (TYR 42) : -0.0000
Residue Topographical Entropy from AEM (VAL 43) : 0.2168
Residue Topographical Entropy from AEM (LEU 44) : -0.0000
Residue Topographical Entropy from AEM (THR 45) : -0.0000
Residue Topographical Entropy from AEM (GLY 46) : -0.0000
Residue Topographical Entropy from AEM (ARG 47) : -0.0000
Residue Topographical Entropy from AEM (TYR 48) : -0.0000
Residue Topographical Entropy from AEM (ASP 49) : -0.0000
Residue Topographical Entropy from AEM (SER 50) : 1.3269
Residue Topographical Entropy from AEM (ALA 51) : -0.0000
Residue Topographical Entropy from AEM (PRO 52) : 4.8108
Residue Topographical Entropy from AEM (ALA 53) : -0.0000
Residue Topographical Entropy from AEM (THR 54) : 8.9878
Residue Topographical Entropy from AEM (ASP 55) : 5.7623
Residue Topographical Entropy from AEM (GLY 56) : -0.0000
Residue Topographical Entropy from AEM (SER 57) : 0.5034
Residue Topographical Entropy from AEM (GLY 58) : -0.0000
Residue Topographical Entropy from AEM (THR 59) : -0.0000
Residue Topographical Entropy from AEM (ALA 60) : -0.0000
Residue Topographical Entropy from AEM (LEU 61) : 7.3803
Residue Topographical Entropy from AEM (GLY 62) : -0.0000
Residue Topographical Entropy from AEM (TRP 63) : -0.0000
Residue Topographical Entropy from AEM (THR 64) : -0.0000
Residue Topographical Entropy from AEM (VAL 65) : -0.0000
Residue Topographical Entropy from AEM (ALA 66) : -0.0000
Residue Topographical Entropy from AEM (TRP 67) : -0.0000
Residue Topographical Entropy from AEM (LYS 68) : 10.0466
Residue Topographical Entropy from AEM (ASN 69) : 3.2134
Residue Topographical Entropy from AEM (ASN 70) : 15.3250
Residue Topographical Entropy from AEM (TYR 71) : 3.1949
Residue Topographical Entropy from AEM (ARG 72) : 14.5687
Residue Topographical Entropy from AEM (ASN 73) : -0.0000
Residue Topographical Entropy from AEM (ALA 74) : -0.0000
Residue Topographical Entropy from AEM (HID 75) : -0.0000
Residue Topographical Entropy from AEM (SER 76) : 1.6505
Residue Topographical Entropy from AEM (ALA 77) : -0.0000
Residue Topographical Entropy from AEM (THR 78) : -0.0000
Residue Topographical Entropy from AEM (THR 79) : 8.4591
Residue Topographical Entropy from AEM (TRP 80) : -0.0000
Residue Topographical Entropy from AEM (SER 81) : 0.7826
Residue Topographical Entropy from AEM (GLY 82) : -0.0000
Residue Topographical Entropy from AEM (GLN 83) : 8.4819
Residue Topographical Entropy from AEM (TYR 84) : -0.0000
Residue Topographical Entropy from AEM (VAL 85) : 2.2552
Residue Topographical Entropy from AEM (GLY 86) : -0.0000
Residue Topographical Entropy from AEM (GLY 87) : -0.0000
Residue Topographical Entropy from AEM (ALA 88) : -0.0000
Residue Topographical Entropy from AEM (GLU 89) : 19.2438
Residue Topographical Entropy from AEM (ALA 90) : -0.0000
Residue Topographical Entropy from AEM (ARG 91) : 11.2217
Residue Topographical Entropy from AEM (ILE 92) : -0.0000
Residue Topographical Entropy from AEM (ASN 93) : 0.1200
Residue Topographical Entropy from AEM (THR 94) : -0.0000
Residue Topographical Entropy from AEM (GLN 95) : 0.5872
Residue Topographical Entropy from AEM (TRP 96) : -0.0000
Residue Topographical Entropy from AEM (LEU 97) : -0.0000
Residue Topographical Entropy from AEM (LEU 98) : -0.0000
Residue Topographical Entropy from AEM (THR 99) : -0.0000
Residue Topographical Entropy from AEM (SER 100) : 8.0951
Residue Topographical Entropy from AEM (GLY 101) : -0.0000
Residue Topographical Entropy from AEM (THR 102) : 5.7416
Residue Topographical Entropy from AEM (THR 103) : -0.0000
Residue Topographical Entropy from AEM (GLU 104) : 24.3032
Residue Topographical Entropy from AEM (ALA 105) : -0.0000
Residue Topographical Entropy from AEM (ASN 106) : 2.0187
Residue Topographical Entropy from AEM (ALA 107) : -0.0000
Residue Topographical Entropy from AEM (TRP 108) : -0.0000
Residue Topographical Entropy from AEM (LYS 109) : 10.9437
Residue Topographical Entropy from AEM (SER 110) : 0.0657
Residue Topographical Entropy from AEM (THR 111) : -0.0000
Residue Topographical Entropy from AEM (LEU 112) : 2.6637
Residue Topographical Entropy from AEM (VAL 113) : -0.0000
Residue Topographical Entropy from AEM (GLY 114) : -0.0000
Residue Topographical Entropy from AEM (HID 115) : 1.2889
Residue Topographical Entropy from AEM (ASP 116) : -0.0000
Residue Topographical Entropy from AEM (THR 117) : 3.6418
Residue Topographical Entropy from AEM (PHE 118) : -0.0000
Residue Topographical Entropy from AEM (THR 119) : -0.0000
Residue Topographical Entropy from AEM (LYS 120) : 9.5792
Residue Topographical Entropy from AEM (VAL 121) : 3.5633
Residue Topographical Entropy from AEM (LYS 122) : 17.4359
Residue Topographical Entropy from AEM (PRO 123) : 6.9454
Residue Topographical Entropy from AEM (SER 124) : 8.8570
Residue Topographical Entropy from AEM (ALA 125) : -0.0000
Residue Topographical Entropy from AEM (ALA 126) : -0.0000
Residue Topographical Entropy from AEM (CSER 127) : 6.1188
Residue Topographical Entropy from AEM (NALA 1) : 1.6992
Residue Topographical Entropy from AEM (GLU 2) : 23.6196
Residue Topographical Entropy from AEM (ALA 3) : -0.0000
Residue Topographical Entropy from AEM (GLY 4) : -0.0000
Residue Topographical Entropy from AEM (ILE 5) : 8.0742
Residue Topographical Entropy from AEM (THR 6) : -0.0000
Residue Topographical Entropy from AEM (GLY 7) : -0.0000
Residue Topographical Entropy from AEM (THR 8) : -0.0000
Residue Topographical Entropy from AEM (TRP 9) : -0.0000
Residue Topographical Entropy from AEM (TYR 10) : -0.0000
Residue Topographical Entropy from AEM (ASN 11) : 0.2168
Residue Topographical Entropy from AEM (GLN 12) : -0.0000
Residue Topographical Entropy from AEM (LEU 13) : -0.0000
Residue Topographical Entropy from AEM (GLY 14) : -0.0000
Residue Topographical Entropy from AEM (SER 15) : -0.0000
Residue Topographical Entropy from AEM (THR 16) : 0.1200
Residue Topographical Entropy from AEM (PHE 17) : -0.0000
Residue Topographical Entropy from AEM (ILE 18) : 1.2058
Residue Topographical Entropy from AEM (VAL 19) : -0.0000
Residue Topographical Entropy from AEM (THR 20) : 6.9472
Residue Topographical Entropy from AEM (ALA 21) : -0.0000
Residue Topographical Entropy from AEM (GLY 22) : -0.0000
Residue Topographical Entropy from AEM (ALA 23) : -0.0000
Residue Topographical Entropy from AEM (ASP 24) : 8.4265
Residue Topographical Entropy from AEM (GLY 25) : -0.0000
Residue Topographical Entropy from AEM (ALA 26) : -0.0000
Residue Topographical Entropy from AEM (LEU 27) : 8.6821
Residue Topographical Entropy from AEM (THR 28) : 7.4041
Residue Topographical Entropy from AEM (GLY 29) : -0.0000
Residue Topographical Entropy from AEM (THR 30) : -0.0000
Residue Topographical Entropy from AEM (TYR 31) : -0.0000
Residue Topographical Entropy from AEM (GLU 32) : 4.7759
Residue Topographical Entropy from AEM (SER 33) : -0.0000
Residue Topographical Entropy from AEM (ALA 34) : -0.0000
Residue Topographical Entropy from AEM (VAL 35) : 0.1200
Residue Topographical Entropy from AEM (GLY 36) : -0.0000
Residue Topographical Entropy from AEM (ASN 37) : 10.8720
Residue Topographical Entropy from AEM (ALA 38) : -0.0000
Residue Topographical Entropy from AEM (GLU 39) : 14.1345
Residue Topographical Entropy from AEM (SER 40) : 0.6125
Residue Topographical Entropy from AEM (ARG 41) : 6.0191
Residue Topographical Entropy from AEM (TYR 42) : -0.0000
Residue Topographical Entropy from AEM (VAL 43) : 1.5259
Residue Topographical Entropy from AEM (LEU 44) : -0.0000
Residue Topographical Entropy from AEM (THR 45) : -0.0000
Residue Topographical Entropy from AEM (GLY 46) : -0.0000
Residue Topographical Entropy from AEM (ARG 47) : -0.0000
Residue Topographical Entropy from AEM (TYR 48) : 5.1408
Residue Topographical Entropy from AEM (ASP 49) : -0.0000
Residue Topographical Entropy from AEM (SER 50) : 6.0934
Residue Topographical Entropy from AEM (ALA 51) : -0.0000
Residue Topographical Entropy from AEM (PRO 52) : 4.5991
Residue Topographical Entropy from AEM (ALA 53) : -0.0000
Residue Topographical Entropy from AEM (THR 54) : 5.7391
Residue Topographical Entropy from AEM (ASP 55) : 4.3492
Residue Topographical Entropy from AEM (GLY 56) : -0.0000
Residue Topographical Entropy from AEM (SER 57) : -0.0000
Residue Topographical Entropy from AEM (GLY 58) : -0.0000
Residue Topographical Entropy from AEM (THR 59) : 3.3651
Residue Topographical Entropy from AEM (ALA 60) : -0.0000
Residue Topographical Entropy from AEM (LEU 61) : 5.6742
Residue Topographical Entropy from AEM (GLY 62) : -0.0000
Residue Topographical Entropy from AEM (TRP 63) : -0.0000
Residue Topographical Entropy from AEM (THR 64) : -0.0000
Residue Topographical Entropy from AEM (VAL 65) : 0.0657
Residue Topographical Entropy from AEM (ALA 66) : -0.0000
Residue Topographical Entropy from AEM (TRP 67) : -0.0000
Residue Topographical Entropy from AEM (LYS 68) : 8.3103
Residue Topographical Entropy from AEM (ASN 69) : -0.0000
Residue Topographical Entropy from AEM (ASN 70) : 13.2285
Residue Topographical Entropy from AEM (TYR 71) : 5.6616
Residue Topographical Entropy from AEM (ARG 72) : 10.2228
Residue Topographical Entropy from AEM (ASN 73) : -0.0000
Residue Topographical Entropy from AEM (ALA 74) : -0.0000
Residue Topographical Entropy from AEM (HID 75) : -0.0000
Residue Topographical Entropy from AEM (SER 76) : 6.8569
Residue Topographical Entropy from AEM (ALA 77) : -0.0000
Residue Topographical Entropy from AEM (THR 78) : -0.0000
Residue Topographical Entropy from AEM (THR 79) : 5.9788
Residue Topographical Entropy from AEM (TRP 80) : -0.0000
Residue Topographical Entropy from AEM (SER 81) : -0.0000
Residue Topographical Entropy from AEM (GLY 82) : -0.0000
Residue Topographical Entropy from AEM (GLN 83) : 11.0294
Residue Topographical Entropy from AEM (TYR 84) : -0.0000
Residue Topographical Entropy from AEM (VAL 85) : 1.1203
Residue Topographical Entropy from AEM (GLY 86) : -0.0000
Residue Topographical Entropy from AEM (GLY 87) : -0.0000
Residue Topographical Entropy from AEM (ALA 88) : -0.0000
Residue Topographical Entropy from AEM (GLU 89) : 21.2681
Residue Topographical Entropy from AEM (ALA 90) : -0.0000
Residue Topographical Entropy from AEM (ARG 91) : 1.4932
Residue Topographical Entropy from AEM (ILE 92) : -0.0000
Residue Topographical Entropy from AEM (ASN 93) : 1.3964
Residue Topographical Entropy from AEM (THR 94) : -0.0000
Residue Topographical Entropy from AEM (GLN 95) : -0.0000
Residue Topographical Entropy from AEM (TRP 96) : -0.0000
Residue Topographical Entropy from AEM (LEU 97) : 0.0657
Residue Topographical Entropy from AEM (LEU 98) : 2.4768
Residue Topographical Entropy from AEM (THR 99) : -0.0000
Residue Topographical Entropy from AEM (SER 100) : 5.7631
Residue Topographical Entropy from AEM (GLY 101) : -0.0000
Residue Topographical Entropy from AEM (THR 102) : 5.3728
Residue Topographical Entropy from AEM (THR 103) : -0.0000
Residue Topographical Entropy from AEM (GLU 104) : 18.6550
Residue Topographical Entropy from AEM (ALA 105) : -0.0000
Residue Topographical Entropy from AEM (ASN 106) : 1.8460
Residue Topographical Entropy from AEM (ALA 107) : -0.0000
Residue Topographical Entropy from AEM (TRP 108) : -0.0000
Residue Topographical Entropy from AEM (LYS 109) : 17.7840
Residue Topographical Entropy from AEM (SER 110) : -0.0000
Residue Topographical Entropy from AEM (THR 111) : -0.0000
Residue Topographical Entropy from AEM (LEU 112) : 2.8366
Residue Topographical Entropy from AEM (VAL 113) : -0.0000
Residue Topographical Entropy from AEM (GLY 114) : -0.0000
Residue Topographical Entropy from AEM (HID 115) : 0.0657
Residue Topographical Entropy from AEM (ASP 116) : -0.0000
Residue Topographical Entropy from AEM (THR 117) : 1.3964
Residue Topographical Entropy from AEM (PHE 118) : -0.0000
Residue Topographical Entropy from AEM (THR 119) : 3.0342
Residue Topographical Entropy from AEM (LYS 120) : 12.0741
Residue Topographical Entropy from AEM (VAL 121) : 3.1959
Residue Topographical Entropy from AEM (LYS 122) : 14.5761
Residue Topographical Entropy from AEM (PRO 123) : 6.0391
Residue Topographical Entropy from AEM (SER 124) : 5.7051
Residue Topographical Entropy from AEM (ALA 125) : -0.0000
Residue Topographical Entropy from AEM (ALA 126) : -0.0000
Residue Topographical Entropy from AEM (CSER 127) : 10.1941
Residue Topographical Entropy from AEM (NALA 1) : 0.8473
Residue Topographical Entropy from AEM (GLU 2) : 22.2283
Residue Topographical Entropy from AEM (ALA 3) : -0.0000
Residue Topographical Entropy from AEM (GLY 4) : -0.0000
Residue Topographical Entropy from AEM (ILE 5) : 0.7569
Residue Topographical Entropy from AEM (THR 6) : -0.0000
Residue Topographical Entropy from AEM (GLY 7) : -0.0000
Residue Topographical Entropy from AEM (THR 8) : -0.0000
Residue Topographical Entropy from AEM (TRP 9) : -0.0000
Residue Topographical Entropy from AEM (TYR 10) : -0.0000
Residue Topographical Entropy from AEM (ASN 11) : 1.1203
Residue Topographical Entropy from AEM (GLN 12) : -0.0000
Residue Topographical Entropy from AEM (LEU 13) : -0.0000
Residue Topographical Entropy from AEM (GLY 14) : -0.0000
Residue Topographical Entropy from AEM (SER 15) : -0.0000
Residue Topographical Entropy from AEM (THR 16) : -0.0000
Residue Topographical Entropy from AEM (PHE 17) : -0.0000
Residue Topographical Entropy from AEM (ILE 18) : 3.6418
Residue Topographical Entropy from AEM (VAL 19) : -0.0000
Residue Topographical Entropy from AEM (THR 20) : 7.0113
Residue Topographical Entropy from AEM (ALA 21) : -0.0000
Residue Topographical Entropy from AEM (GLY 22) : -0.0000
Residue Topographical Entropy from AEM (ALA 23) : -0.0000
Residue Topographical Entropy from AEM (ASP 24) : 16.2901
Residue Topographical Entropy from AEM (GLY 25) : -0.0000
Residue Topographical Entropy from AEM (ALA 26) : -0.0000
Residue Topographical Entropy from AEM (LEU 27) : 4.4809
Residue Topographical Entropy from AEM (THR 28) : 4.9840
Residue Topographical Entropy from AEM (GLY 29) : -0.0000
Residue Topographical Entropy from AEM (THR 30) : 8.4132
Residue Topographical Entropy from AEM (TYR 31) : -0.0000
Residue Topographical Entropy from AEM (GLU 32) : 6.0659
Residue Topographical Entropy from AEM (SER 33) : -0.0000
Residue Topographical Entropy from AEM (ALA 34) : -0.0000
Residue Topographical Entropy from AEM (VAL 35) : 0.0657
Residue Topographical Entropy from AEM (GLY 36) : -0.0000
Residue Topographical Entropy from AEM (ASN 37) : 10.2508
Residue Topographical Entropy from AEM (ALA 38) : -0.0000
Residue Topographical Entropy from AEM (GLU 39) : 15.9178
Residue Topographical Entropy from AEM (SER 40) : 0.6125
Residue Topographical Entropy from AEM (ARG 41) : 6.9901
Residue Topographical Entropy from AEM (TYR 42) : -0.0000
Residue Topographical Entropy from AEM (VAL 43) : 1.7708
Residue Topographical Entropy from AEM (LEU 44) : 6.2018
Residue Topographical Entropy from AEM (THR 45) : 3.7335
Residue Topographical Entropy from AEM (GLY 46) : -0.0000
Residue Topographical Entropy from AEM (ARG 47) : -0.0000
Residue Topographical Entropy from AEM (TYR 48) : -0.0000
Residue Topographical Entropy from AEM (ASP 49) : -0.0000
Residue Topographical Entropy from AEM (SER 50) : 0.9323
Residue Topographical Entropy from AEM (ALA 51) : -0.0000
Residue Topographical Entropy from AEM (PRO 52) : 4.0272
Residue Topographical Entropy from AEM (ALA 53) : -0.0000
Residue Topographical Entropy from AEM (THR 54) : -0.0000
Residue Topographical Entropy from AEM (ASP 55) : 5.4280
Residue Topographical Entropy from AEM (GLY 56) : -0.0000
Residue Topographical Entropy from AEM (SER 57) : -0.0000
Residue Topographical Entropy from AEM (GLY 58) : -0.0000
Residue Topographical Entropy from AEM (THR 59) : -0.0000
Residue Topographical Entropy from AEM (ALA 60) : -0.0000
Residue Topographical Entropy from AEM (LEU 61) : 5.9011
Residue Topographical Entropy from AEM (GLY 62) : -0.0000
Residue Topographical Entropy from AEM (TRP 63) : -0.0000
Residue Topographical Entropy from AEM (THR 64) : -0.0000
Residue Topographical Entropy from AEM (VAL 65) : -0.0000
Residue Topographical Entropy from AEM (ALA 66) : -0.0000
Residue Topographical Entropy from AEM (TRP 67) : -0.0000
Residue Topographical Entropy from AEM (LYS 68) : 10.1083
Residue Topographical Entropy from AEM (ASN 69) : -0.0000
Residue Topographical Entropy from AEM (ASN 70) : 13.3441
Residue Topographical Entropy from AEM (TYR 71) : 6.7508
Residue Topographical Entropy from AEM (ARG 72) : 12.4307
Residue Topographical Entropy from AEM (ASN 73) : -0.0000
Residue Topographical Entropy from AEM (ALA 74) : -0.0000
Residue Topographical Entropy from AEM (HID 75) : -0.0000
Residue Topographical Entropy from AEM (SER 76) : 5.5915
Residue Topographical Entropy from AEM (ALA 77) : -0.0000
Residue Topographical Entropy from AEM (THR 78) : -0.0000
Residue Topographical Entropy from AEM (THR 79) : 0.1698
Residue Topographical Entropy from AEM (TRP 80) : -0.0000
Residue Topographical Entropy from AEM (SER 81) : -0.0000
Residue Topographical Entropy from AEM (GLY 82) : -0.0000
Residue Topographical Entropy from AEM (GLN 83) : 9.6092
Residue Topographical Entropy from AEM (TYR 84) : -0.0000
Residue Topographical Entropy from AEM (VAL 85) : 2.0873
Residue Topographical Entropy from AEM (GLY 86) : -0.0000
Residue Topographical Entropy from AEM (GLY 87) : -0.0000
Residue Topographical Entropy from AEM (ALA 88) : -0.0000
Residue Topographical Entropy from AEM (GLU 89) : 11.9964
Residue Topographical Entropy from AEM (ALA 90) : -0.0000
Residue Topographical Entropy from AEM (ARG 91) : 13.3831
Residue Topographical Entropy from AEM (ILE 92) : -0.0000
Residue Topographical Entropy from AEM (ASN 93) : 5.5005
Residue Topographical Entropy from AEM (THR 94) : 0.7495
Residue Topographical Entropy from AEM (GLN 95) : 0.8482
Residue Topographical Entropy from AEM (TRP 96) : -0.0000
Residue Topographical Entropy from AEM (LEU 97) : 1.0209
Residue Topographical Entropy from AEM (LEU 98) : -0.0000
Residue Topographical Entropy from AEM (THR 99) : -0.0000
Residue Topographical Entropy from AEM (SER 100) : 8.8703
Residue Topographical Entropy from AEM (GLY 101) : -0.0000
Residue Topographical Entropy from AEM (THR 102) : -0.0000
Residue Topographical Entropy from AEM (THR 103) : -0.0000
Residue Topographical Entropy from AEM (GLU 104) : 21.0822
Residue Topographical Entropy from AEM (ALA 105) : -0.0000
Residue Topographical Entropy from AEM (ASN 106) : 1.1058
Residue Topographical Entropy from AEM (ALA 107) : -0.0000
Residue Topographical Entropy from AEM (TRP 108) : -0.0000
Residue Topographical Entropy from AEM (LYS 109) : 9.7814
Residue Topographical Entropy from AEM (SER 110) : -0.0000
Residue Topographical Entropy from AEM (THR 111) : -0.0000
Residue Topographical Entropy from AEM (LEU 112) : 1.8833
Residue Topographical Entropy from AEM (VAL 113) : -0.0000
Residue Topographical Entropy from AEM (GLY 114) : -0.0000
Residue Topographical Entropy from AEM (HID 115) : 5.6122
Residue Topographical Entropy from AEM (ASP 116) : -0.0000
Residue Topographical Entropy from AEM (THR 117) : 5.6667
Residue Topographical Entropy from AEM (PHE 118) : -0.0000
Residue Topographical Entropy from AEM (THR 119) : -0.0000
Residue Topographical Entropy from AEM (LYS 120) : 7.1460
Residue Topographical Entropy from AEM (VAL 121) : 2.3982
Residue Topographical Entropy from AEM (LYS 122) : 17.4091
Residue Topographical Entropy from AEM (PRO 123) : 6.8456
Residue Topographical Entropy from AEM (SER 124) : 7.1137
Residue Topographical Entropy from AEM (ALA 125) : -0.0000
Residue Topographical Entropy from AEM (ALA 126) : -0.0000
Residue Topographical Entropy from AEM (CSER 127) : 11.1896
Residue Topographical Entropy from AEM (NALA 1) : 0.6125
Residue Topographical Entropy from AEM (GLU 2) : 23.9429
Residue Topographical Entropy from AEM (ALA 3) : -0.0000
Residue Topographical Entropy from AEM (GLY 4) : -0.0000
Residue Topographical Entropy from AEM (ILE 5) : 2.6291
Residue Topographical Entropy from AEM (THR 6) : 1.9326
Residue Topographical Entropy from AEM (GLY 7) : -0.0000
Residue Topographical Entropy from AEM (THR 8) : -0.0000
Residue Topographical Entropy from AEM (TRP 9) : -0.0000
Residue Topographical Entropy from AEM (TYR 10) : -0.0000
Residue Topographical Entropy from AEM (ASN 11) : 0.3468
Residue Topographical Entropy from AEM (GLN 12) : -0.0000
Residue Topographical Entropy from AEM (LEU 13) : 0.6602
Residue Topographical Entropy from AEM (GLY 14) : -0.0000
Residue Topographical Entropy from AEM (SER 15) : -0.0000
Residue Topographical Entropy from AEM (THR 16) : -0.0000
Residue Topographical Entropy from AEM (PHE 17) : 1.4488
Residue Topographical Entropy from AEM (ILE 18) : 0.5768
Residue Topographical Entropy from AEM (VAL 19) : 0.0657
Residue Topographical Entropy from AEM (THR 20) : 6.7534
Residue Topographical Entropy from AEM (ALA 21) : -0.0000
Residue Topographical Entropy from AEM (GLY 22) : -0.0000
Residue Topographical Entropy from AEM (ALA 23) : -0.0000
Residue Topographical Entropy from AEM (ASP 24) : 10.3935
Residue Topographical Entropy from AEM (GLY 25) : -0.0000
Residue Topographical Entropy from AEM (ALA 26) : -0.0000
Residue Topographical Entropy from AEM (LEU 27) : -0.0000
Residue Topographical Entropy from AEM (THR 28) : 8.4802
Residue Topographical Entropy from AEM (GLY 29) : -0.0000
Residue Topographical Entropy from AEM (THR 30) : -0.0000
Residue Topographical Entropy from AEM (TYR 31) : -0.0000
Residue Topographical Entropy from AEM (GLU 32) : 5.1329
Residue Topographical Entropy from AEM (SER 33) : -0.0000
Residue Topographical Entropy from AEM (ALA 34) : -0.0000
Residue Topographical Entropy from AEM (VAL 35) : -0.0000
Residue Topographical Entropy from AEM (GLY 36) : -0.0000
Residue Topographical Entropy from AEM (ASN 37) : 10.6082
Residue Topographical Entropy from AEM (ALA 38) : -0.0000
Residue Topographical Entropy from AEM (GLU 39) : 13.2234
Residue Topographical Entropy from AEM (SER 40) : 2.7499
Residue Topographical Entropy from AEM (ARG 41) : 3.4409
Residue Topographical Entropy from AEM (TYR 42) : -0.0000
Residue Topographical Entropy from AEM (VAL 43) : -0.0000
Residue Topographical Entropy from AEM (LEU 44) : -0.0000
Residue Topographical Entropy from AEM (THR 45) : 5.8718
Residue Topographical Entropy from AEM (GLY 46) : -0.0000
Residue Topographical Entropy from AEM (ARG 47) : -0.0000
Residue Topographical Entropy from AEM (TYR 48) : -0.0000
Residue Topographical Entropy from AEM (ASP 49) : -0.0000
Residue Topographical Entropy from AEM (SER 50) : 4.0117
Residue Topographical Entropy from AEM (ALA 51) : -0.0000
Residue Topographical Entropy from AEM (PRO 52) : 3.7349
Residue Topographical Entropy from AEM (ALA 53) : -0.0000
Residue Topographical Entropy from AEM (THR 54) : 5.3299
Residue Topographical Entropy from AEM (ASP 55) : 4.5236
Residue Topographical Entropy from AEM (GLY 56) : -0.0000
Residue Topographical Entropy from AEM (SER 57) : -0.0000
Residue Topographical Entropy from AEM (GLY 58) : -0.0000
Residue Topographical Entropy from AEM (THR 59) : -0.0000
Residue Topographical Entropy from AEM (ALA 60) : -0.0000
Residue Topographical Entropy from AEM (LEU 61) : 3.7286
Residue Topographical Entropy from AEM (GLY 62) : -0.0000
Residue Topographical Entropy from AEM (TRP 63) : -0.0000
Residue Topographical Entropy from AEM (THR 64) : -0.0000
Residue Topographical Entropy from AEM (VAL 65) : 0.0657
Residue Topographical Entropy from AEM (ALA 66) : -0.0000
Residue Topographical Entropy from AEM (TRP 67) : -0.0000
Residue Topographical Entropy from AEM (LYS 68) : 11.4314
Residue Topographical Entropy from AEM (ASN 69) : -0.0000
Residue Topographical Entropy from AEM (ASN 70) : 13.4394
Residue Topographical Entropy from AEM (TYR 71) : 5.7627
Residue Topographical Entropy from AEM (ARG 72) : 13.0490
Residue Topographical Entropy from AEM (ASN 73) : -0.0000
Residue Topographical Entropy from AEM (ALA 74) : -0.0000
Residue Topographical Entropy from AEM (HID 75) : -0.0000
Residue Topographical Entropy from AEM (SER 76) : 7.3263
Residue Topographical Entropy from AEM (ALA 77) : -0.0000
Residue Topographical Entropy from AEM (THR 78) : -0.0000
Residue Topographical Entropy from AEM (THR 79) : -0.0000
Residue Topographical Entropy from AEM (TRP 80) : -0.0000
Residue Topographical Entropy from AEM (SER 81) : 0.0657
Residue Topographical Entropy from AEM (GLY 82) : -0.0000
Residue Topographical Entropy from AEM (GLN 83) : 8.0276
Residue Topographical Entropy from AEM (TYR 84) : -0.0000
Residue Topographical Entropy from AEM (VAL 85) : 5.9454
Residue Topographical Entropy from AEM (GLY 86) : -0.0000
Residue Topographical Entropy from AEM (GLY 87) : -0.0000
Residue Topographical Entropy from AEM (ALA 88) : -0.0000
Residue Topographical Entropy from AEM (GLU 89) : 21.8000
Residue Topographical Entropy from AEM (ALA 90) : -0.0000
Residue Topographical Entropy from AEM (ARG 91) : 8.7636
Residue Topographical Entropy from AEM (ILE 92) : 2.3381
Residue Topographical Entropy from AEM (ASN 93) : -0.0000
Residue Topographical Entropy from AEM (THR 94) : -0.0000
Residue Topographical Entropy from AEM (GLN 95) : 0.0657
Residue Topographical Entropy from AEM (TRP 96) : -0.0000
Residue Topographical Entropy from AEM (LEU 97) : 0.0657
Residue Topographical Entropy from AEM (LEU 98) : 1.8871
Residue Topographical Entropy from AEM (THR 99) : -0.0000
Residue Topographical Entropy from AEM (SER 100) : 7.9901
Residue Topographical Entropy from AEM (GLY 101) : -0.0000
Residue Topographical Entropy from AEM (THR 102) : 1.6505
Residue Topographical Entropy from AEM (THR 103) : 3.5433
Residue Topographical Entropy from AEM (GLU 104) : 12.5991
Residue Topographical Entropy from AEM (ALA 105) : -0.0000
Residue Topographical Entropy from AEM (ASN 106) : 1.9998
Residue Topographical Entropy from AEM (ALA 107) : -0.0000
Residue Topographical Entropy from AEM (TRP 108) : -0.0000
Residue Topographical Entropy from AEM (LYS 109) : 10.2747
Residue Topographical Entropy from AEM (SER 110) : 2.7043
Residue Topographical Entropy from AEM (THR 111) : -0.0000
Residue Topographical Entropy from AEM (LEU 112) : 2.2313
Residue Topographical Entropy from AEM (VAL 113) : -0.0000
Residue Topographical Entropy from AEM (GLY 114) : -0.0000
Residue Topographical Entropy from AEM (HID 115) : 5.6153
Residue Topographical Entropy from AEM (ASP 116) : -0.0000
Residue Topographical Entropy from AEM (THR 117) : -0.0000
Residue Topographical Entropy from AEM (PHE 118) : -0.0000
Residue Topographical Entropy from AEM (THR 119) : 4.7206
Residue Topographical Entropy from AEM (LYS 120) : 11.2593
Residue Topographical Entropy from AEM (VAL 121) : 6.4817
Residue Topographical Entropy from AEM (LYS 122) : 19.0945
Residue Topographical Entropy from AEM (PRO 123) : 5.7181
Residue Topographical Entropy from AEM (SER 124) : 8.3070
Residue Topographical Entropy from AEM (ALA 125) : -0.0000
Residue Topographical Entropy from AEM (ALA 126) : -0.0000
Residue Topographical Entropy from AEM (CSER 127) : 12.1021
Total Entropy                            :         336.524
------------------------------------------------------------
