------------------------------------------------------------
            Hierarchy level. --> United Atom <--            
------------------------------------------------------------
      RESNAME   RESID  FF_ENTROPY  TT_ENTROPY
UATOM NALA          1       9.385      38.068
UATOM GLU           2      22.318      21.337
UATOM ALA           3       5.629      24.278
UATOM GLY           4       2.626      11.980
UATOM ILE           5      25.775      53.686
UATOM THR           6      19.972      34.200
UATOM GLY           7       2.725      13.166
UATOM THR           8      20.750      35.238
UATOM TRP           9      52.489      41.985
UATOM TYR          10      44.769      37.928
UATOM ASN          11      24.418      30.569
UATOM GLN          12      31.723      35.049
UATOM LEU          13      26.208      53.877
UATOM GLY          14       3.035      14.030
UATOM SER          15      13.163      23.199
UATOM THR          16      21.204      35.422
UATOM PHE          17      33.990      37.362
UATOM ILE          18      25.434      51.526
UATOM VAL          19      19.727      42.748
UATOM THR          20      20.735      35.045
UATOM ALA          21       7.626      26.768
UATOM GLY          22       2.513      12.013
UATOM ALA          23       6.641      26.198
UATOM ASP          24      18.517      16.317
UATOM GLY          25       2.755      13.475
UATOM ALA          26       7.164      24.100
UATOM LEU          27      24.381      52.861
UATOM THR          28      18.534      33.967
UATOM GLY          29       2.798      12.820
UATOM THR          30      20.827      36.333
UATOM TYR          31      45.081      38.948
UATOM GLU          32      26.778      22.581
UATOM SER          33      13.074      22.999
UATOM ALA          34       7.091      25.833
UATOM VAL          35      19.082      43.576
UATOM GLY          36       2.614      13.602
UATOM ASN          37      22.025      27.023
UATOM ALA          38       7.510      26.321
UATOM GLU          39      25.347      22.704
UATOM SER          40      12.142      23.667
UATOM ARG          41      42.480      57.031
UATOM TYR          42      46.856      40.333
UATOM VAL          43      19.700      43.862
UATOM LEU          44      26.751      48.375
UATOM THR          45      20.380      36.022
UATOM GLY          46       2.727      12.315
UATOM ARG          47      49.586      60.154
UATOM TYR          48      44.697      39.812
UATOM ASP          49      24.672      16.149
UATOM SER          50      12.199      22.481
UATOM ALA          51       7.128      22.786
UATOM PRO          52      14.105      27.435
UATOM ALA          53       7.196      24.354
UATOM THR          54      18.116      36.139
UATOM ASP          55      20.646      15.215
UATOM GLY          56       2.691      12.957
UATOM SER          57      12.052      21.007
UATOM GLY          58       2.409      12.540
UATOM THR          59      20.097      35.410
UATOM ALA          60       7.327      26.882
UATOM LEU          61      26.054      51.640
UATOM GLY          62       2.760      13.110
UATOM TRP          63      52.636      43.346
UATOM THR          64      20.295      32.249
UATOM VAL          65      19.326      42.785
UATOM ALA          66       7.575      25.100
UATOM TRP          67      53.344      43.324
UATOM LYS          68      30.245      52.999
UATOM ASN          69      23.094      27.582
UATOM ASN          70      20.698      26.252
UATOM TYR          71      38.475      38.521
UATOM ARG          72      40.115      54.217
UATOM ASN          73      24.679      26.433
UATOM ALA          74       7.185      25.500
UATOM HID          75      30.528      30.025
UATOM SER          76      12.533      21.613
UATOM ALA          77       7.101      26.136
UATOM THR          78      21.152      38.739
UATOM THR          79      18.878      34.108
UATOM TRP          80      53.822      41.369
UATOM SER          81      12.147      22.887
UATOM GLY          82       2.731      12.766
UATOM GLN          83      28.707      34.238
UATOM TYR          84      44.352      38.856
UATOM VAL          85      19.291      44.272
UATOM GLY          86       2.418      14.175
UATOM GLY          87       2.369      12.165
UATOM ALA          88       7.047      26.114
UATOM GLU          89      25.334      23.351
UATOM ALA          90       6.996      25.148
UATOM ARG          91      43.627      56.064
UATOM ILE          92      26.000      51.363
UATOM ASN          93      23.328      26.918
UATOM THR          94      19.744      36.519
UATOM GLN          95      32.433      34.554
UATOM TRP          96      53.279      42.134
UATOM LEU          97      26.950      51.399
UATOM LEU          98      26.756      52.816
UATOM THR          99      20.245      34.227
UATOM SER         100      11.859      21.672
UATOM GLY         101       2.469      13.088
UATOM THR         102      18.650      33.485
UATOM THR         103      20.067      36.270
UATOM GLU         104      25.605      22.942
UATOM ALA         105       7.387      26.034
UATOM ASN         106      23.892      27.785
UATOM ALA         107       7.225      26.597
UATOM TRP         108      52.626      42.670
UATOM LYS         109      30.778      54.165
UATOM SER         110      13.059      23.694
UATOM THR         111      20.739      34.049
UATOM LEU         112      26.282      51.082
UATOM VAL         113      20.260      42.604
UATOM GLY         114       2.750      13.080
UATOM HID         115      31.007      29.651
UATOM ASP         116      25.255      16.009
UATOM THR         117      19.037      36.011
UATOM PHE         118      36.016      37.688
UATOM THR         119      19.534      36.048
UATOM LYS         120      30.711      54.272
UATOM VAL         121      18.631      45.487
UATOM LYS         122      27.898      51.881
UATOM PRO         123      13.181      27.012
UATOM SER         124      10.743      21.337
UATOM ALA         125       5.595      24.613
UATOM ALA         126       5.524      24.546
UATOM CSER        127      13.962      20.429
____________________________________________________________
Total Entropy FF (UA level) :        2595.380 J/mol/K
Total Entropy TT (UA level) :        4033.267 J/mol/K
------------------------------------------------------------
____________________________________________________________
Total Entropy                            :        6628.646
------------------------------------------------------------
