------------------------------------------------------------
Topographical entropy of residue side chains 
computed using all the dihedrals with correlation/pLogp formalism
------------------------------------------------------------
Side Chain Topographical Entropy from corr. pLogP method (NALA 1) : -0.0000
Side Chain Topographical Entropy from corr. pLogP method (GLU 2) : 22.9739
Side Chain Topographical Entropy from corr. pLogP method (ALA 3) : -0.0000
Side Chain Topographical Entropy from corr. pLogP method (GLY 4) : -0.0000
Side Chain Topographical Entropy from corr. pLogP method (ILE 5) : 0.5468
Side Chain Topographical Entropy from corr. pLogP method (THR 6) : -0.0000
Side Chain Topographical Entropy from corr. pLogP method (GLY 7) : -0.0000
Side Chain Topographical Entropy from corr. pLogP method (THR 8) : 0.9720
Side Chain Topographical Entropy from corr. pLogP method (TRP 9) : -0.0000
Side Chain Topographical Entropy from corr. pLogP method (TYR 10) : 5.2368
Side Chain Topographical Entropy from corr. pLogP method (ASN 11) : 1.9368
Side Chain Topographical Entropy from corr. pLogP method (GLN 12) : -0.0000
Side Chain Topographical Entropy from corr. pLogP method (LEU 13) : 1.6989
Side Chain Topographical Entropy from corr. pLogP method (GLY 14) : -0.0000
Side Chain Topographical Entropy from corr. pLogP method (SER 15) : -0.0000
Side Chain Topographical Entropy from corr. pLogP method (THR 16) : 0.0657
Side Chain Topographical Entropy from corr. pLogP method (PHE 17) : 5.0318
Side Chain Topographical Entropy from corr. pLogP method (ILE 18) : 4.5119
Side Chain Topographical Entropy from corr. pLogP method (VAL 19) : 0.1698
Side Chain Topographical Entropy from corr. pLogP method (THR 20) : 7.6626
Side Chain Topographical Entropy from corr. pLogP method (ALA 21) : -0.0000
Side Chain Topographical Entropy from corr. pLogP method (GLY 22) : -0.0000
Side Chain Topographical Entropy from corr. pLogP method (ALA 23) : -0.0000
Side Chain Topographical Entropy from corr. pLogP method (ASP 24) : 14.6678
Side Chain Topographical Entropy from corr. pLogP method (GLY 25) : -0.0000
Side Chain Topographical Entropy from corr. pLogP method (ALA 26) : -0.0000
Side Chain Topographical Entropy from corr. pLogP method (LEU 27) : 8.1975
Side Chain Topographical Entropy from corr. pLogP method (THR 28) : 2.7573
Side Chain Topographical Entropy from corr. pLogP method (GLY 29) : -0.0000
Side Chain Topographical Entropy from corr. pLogP method (THR 30) : -0.0000
Side Chain Topographical Entropy from corr. pLogP method (TYR 31) : 5.3001
Side Chain Topographical Entropy from corr. pLogP method (GLU 32) : 13.5253
Side Chain Topographical Entropy from corr. pLogP method (SER 33) : -0.0000
Side Chain Topographical Entropy from corr. pLogP method (ALA 34) : -0.0000
Side Chain Topographical Entropy from corr. pLogP method (VAL 35) : 0.3816
Side Chain Topographical Entropy from corr. pLogP method (GLY 36) : -0.0000
Side Chain Topographical Entropy from corr. pLogP method (ASN 37) : 12.6762
Side Chain Topographical Entropy from corr. pLogP method (ALA 38) : -0.0000
Side Chain Topographical Entropy from corr. pLogP method (GLU 39) : 13.9879
Side Chain Topographical Entropy from corr. pLogP method (SER 40) : 1.4488
Side Chain Topographical Entropy from corr. pLogP method (ARG 41) : 10.4817
Side Chain Topographical Entropy from corr. pLogP method (TYR 42) : -0.0000
Side Chain Topographical Entropy from corr. pLogP method (VAL 43) : -0.0000
Side Chain Topographical Entropy from corr. pLogP method (LEU 44) : 0.0657
Side Chain Topographical Entropy from corr. pLogP method (THR 45) : 0.0657
Side Chain Topographical Entropy from corr. pLogP method (GLY 46) : -0.0000
Side Chain Topographical Entropy from corr. pLogP method (ARG 47) : 0.0657
Side Chain Topographical Entropy from corr. pLogP method (TYR 48) : 2.6552
Side Chain Topographical Entropy from corr. pLogP method (ASP 49) : 0.5034
Side Chain Topographical Entropy from corr. pLogP method (SER 50) : 1.5201
Side Chain Topographical Entropy from corr. pLogP method (ALA 51) : -0.0000
Side Chain Topographical Entropy from corr. pLogP method (PRO 52) : 10.6299
Side Chain Topographical Entropy from corr. pLogP method (ALA 53) : -0.0000
Side Chain Topographical Entropy from corr. pLogP method (THR 54) : 4.5432
Side Chain Topographical Entropy from corr. pLogP method (ASP 55) : 14.7982
Side Chain Topographical Entropy from corr. pLogP method (GLY 56) : -0.0000
Side Chain Topographical Entropy from corr. pLogP method (SER 57) : 4.9596
Side Chain Topographical Entropy from corr. pLogP method (GLY 58) : -0.0000
Side Chain Topographical Entropy from corr. pLogP method (THR 59) : -0.0000
Side Chain Topographical Entropy from corr. pLogP method (ALA 60) : -0.0000
Side Chain Topographical Entropy from corr. pLogP method (LEU 61) : 9.8767
Side Chain Topographical Entropy from corr. pLogP method (GLY 62) : -0.0000
Side Chain Topographical Entropy from corr. pLogP method (TRP 63) : -0.0000
Side Chain Topographical Entropy from corr. pLogP method (THR 64) : 1.7255
Side Chain Topographical Entropy from corr. pLogP method (VAL 65) : -0.0000
Side Chain Topographical Entropy from corr. pLogP method (ALA 66) : -0.0000
Side Chain Topographical Entropy from corr. pLogP method (TRP 67) : -0.0000
Side Chain Topographical Entropy from corr. pLogP method (LYS 68) : 11.3118
Side Chain Topographical Entropy from corr. pLogP method (ASN 69) : 1.3964
Side Chain Topographical Entropy from corr. pLogP method (ASN 70) : 14.5556
Side Chain Topographical Entropy from corr. pLogP method (TYR 71) : 5.3759
Side Chain Topographical Entropy from corr. pLogP method (ARG 72) : 14.4597
Side Chain Topographical Entropy from corr. pLogP method (ASN 73) : -0.0000
Side Chain Topographical Entropy from corr. pLogP method (ALA 74) : -0.0000
Side Chain Topographical Entropy from corr. pLogP method (HID 75) : 0.3468
Side Chain Topographical Entropy from corr. pLogP method (SER 76) : 0.7337
Side Chain Topographical Entropy from corr. pLogP method (ALA 77) : -0.0000
Side Chain Topographical Entropy from corr. pLogP method (THR 78) : -0.0000
Side Chain Topographical Entropy from corr. pLogP method (THR 79) : -0.0000
Side Chain Topographical Entropy from corr. pLogP method (TRP 80) : 1.6749
Side Chain Topographical Entropy from corr. pLogP method (SER 81) : 0.2617
Side Chain Topographical Entropy from corr. pLogP method (GLY 82) : -0.0000
Side Chain Topographical Entropy from corr. pLogP method (GLN 83) : 12.6501
Side Chain Topographical Entropy from corr. pLogP method (TYR 84) : -0.0000
Side Chain Topographical Entropy from corr. pLogP method (VAL 85) : 1.6231
Side Chain Topographical Entropy from corr. pLogP method (GLY 86) : -0.0000
Side Chain Topographical Entropy from corr. pLogP method (GLY 87) : -0.0000
Side Chain Topographical Entropy from corr. pLogP method (ALA 88) : -0.0000
Side Chain Topographical Entropy from corr. pLogP method (GLU 89) : 12.5085
Side Chain Topographical Entropy from corr. pLogP method (ALA 90) : -0.0000
Side Chain Topographical Entropy from corr. pLogP method (ARG 91) : 12.6178
Side Chain Topographical Entropy from corr. pLogP method (ILE 92) : 0.2897
Side Chain Topographical Entropy from corr. pLogP method (ASN 93) : 7.3131
Side Chain Topographical Entropy from corr. pLogP method (THR 94) : -0.0000
Side Chain Topographical Entropy from corr. pLogP method (GLN 95) : 9.6127
Side Chain Topographical Entropy from corr. pLogP method (TRP 96) : 0.3874
Side Chain Topographical Entropy from corr. pLogP method (LEU 97) : 0.0657
Side Chain Topographical Entropy from corr. pLogP method (LEU 98) : -0.0000
Side Chain Topographical Entropy from corr. pLogP method (THR 99) : -0.0000
Side Chain Topographical Entropy from corr. pLogP method (SER 100) : 8.3769
Side Chain Topographical Entropy from corr. pLogP method (GLY 101) : -0.0000
Side Chain Topographical Entropy from corr. pLogP method (THR 102) : -0.0000
Side Chain Topographical Entropy from corr. pLogP method (THR 103) : -0.0000
Side Chain Topographical Entropy from corr. pLogP method (GLU 104) : 23.6915
Side Chain Topographical Entropy from corr. pLogP method (ALA 105) : -0.0000
Side Chain Topographical Entropy from corr. pLogP method (ASN 106) : 2.5930
Side Chain Topographical Entropy from corr. pLogP method (ALA 107) : -0.0000
Side Chain Topographical Entropy from corr. pLogP method (TRP 108) : 5.1137
Side Chain Topographical Entropy from corr. pLogP method (LYS 109) : 11.0839
Side Chain Topographical Entropy from corr. pLogP method (SER 110) : -0.0000
Side Chain Topographical Entropy from corr. pLogP method (THR 111) : -0.0000
Side Chain Topographical Entropy from corr. pLogP method (LEU 112) : 2.3433
Side Chain Topographical Entropy from corr. pLogP method (VAL 113) : 0.0657
Side Chain Topographical Entropy from corr. pLogP method (GLY 114) : -0.0000
Side Chain Topographical Entropy from corr. pLogP method (HID 115) : -0.0000
Side Chain Topographical Entropy from corr. pLogP method (ASP 116) : 0.1698
Side Chain Topographical Entropy from corr. pLogP method (THR 117) : 5.3462
Side Chain Topographical Entropy from corr. pLogP method (PHE 118) : -0.0000
Side Chain Topographical Entropy from corr. pLogP method (THR 119) : 0.1200
Side Chain Topographical Entropy from corr. pLogP method (LYS 120) : 5.0260
Side Chain Topographical Entropy from corr. pLogP method (VAL 121) : 3.4564
Side Chain Topographical Entropy from corr. pLogP method (LYS 122) : 16.3365
Side Chain Topographical Entropy from corr. pLogP method (PRO 123) : 13.3790
Side Chain Topographical Entropy from corr. pLogP method (SER 124) : 9.0406
Side Chain Topographical Entropy from corr. pLogP method (ALA 125) : -0.0000
Side Chain Topographical Entropy from corr. pLogP method (ALA 126) : -0.0000
Side Chain Topographical Entropy from corr. pLogP method (CSER 127) : 3.7793
____________________________________________________________
Total SC Topog. Entropy (corr. pLogP)    :         402.747
------------------------------------------------------------
------------------------------------------------------------
Topographical entropy of BB dihedrals 
computed using the correlated-pLogp formalism
------------------------------------------------------------
____________________________________________________________
Total BB Topog. Entropy (corr. pLogP)    :          14.463
------------------------------------------------------------
____________________________________________________________
Total Entropy                            :         417.210
------------------------------------------------------------
------------------------------------------------------------
Topographical entropy of residue side chains 
computed using all the dihedrals with correlation/pLogp formalism
------------------------------------------------------------
Side Chain Topographical Entropy from corr. pLogP method (NALA 1) : -0.0000
Side Chain Topographical Entropy from corr. pLogP method (GLU 2) : 19.5559
Side Chain Topographical Entropy from corr. pLogP method (ALA 3) : -0.0000
Side Chain Topographical Entropy from corr. pLogP method (GLY 4) : -0.0000
Side Chain Topographical Entropy from corr. pLogP method (ILE 5) : 1.4739
Side Chain Topographical Entropy from corr. pLogP method (THR 6) : -0.0000
Side Chain Topographical Entropy from corr. pLogP method (GLY 7) : -0.0000
Side Chain Topographical Entropy from corr. pLogP method (THR 8) : -0.0000
Side Chain Topographical Entropy from corr. pLogP method (TRP 9) : -0.0000
Side Chain Topographical Entropy from corr. pLogP method (TYR 10) : 5.0620
Side Chain Topographical Entropy from corr. pLogP method (ASN 11) : 1.0796
Side Chain Topographical Entropy from corr. pLogP method (GLN 12) : -0.0000
Side Chain Topographical Entropy from corr. pLogP method (LEU 13) : 1.0980
Side Chain Topographical Entropy from corr. pLogP method (GLY 14) : -0.0000
Side Chain Topographical Entropy from corr. pLogP method (SER 15) : -0.0000
Side Chain Topographical Entropy from corr. pLogP method (THR 16) : -0.0000
Side Chain Topographical Entropy from corr. pLogP method (PHE 17) : 7.1527
Side Chain Topographical Entropy from corr. pLogP method (ILE 18) : 0.7495
Side Chain Topographical Entropy from corr. pLogP method (VAL 19) : 0.3874
Side Chain Topographical Entropy from corr. pLogP method (THR 20) : 8.9768
Side Chain Topographical Entropy from corr. pLogP method (ALA 21) : -0.0000
Side Chain Topographical Entropy from corr. pLogP method (GLY 22) : -0.0000
Side Chain Topographical Entropy from corr. pLogP method (ALA 23) : -0.0000
Side Chain Topographical Entropy from corr. pLogP method (ASP 24) : 14.3081
Side Chain Topographical Entropy from corr. pLogP method (GLY 25) : -0.0000
Side Chain Topographical Entropy from corr. pLogP method (ALA 26) : -0.0000
Side Chain Topographical Entropy from corr. pLogP method (LEU 27) : 2.3833
Side Chain Topographical Entropy from corr. pLogP method (THR 28) : 8.5116
Side Chain Topographical Entropy from corr. pLogP method (GLY 29) : -0.0000
Side Chain Topographical Entropy from corr. pLogP method (THR 30) : -0.0000
Side Chain Topographical Entropy from corr. pLogP method (TYR 31) : 4.2770
Side Chain Topographical Entropy from corr. pLogP method (GLU 32) : 11.3408
Side Chain Topographical Entropy from corr. pLogP method (SER 33) : -0.0000
Side Chain Topographical Entropy from corr. pLogP method (ALA 34) : -0.0000
Side Chain Topographical Entropy from corr. pLogP method (VAL 35) : -0.0000
Side Chain Topographical Entropy from corr. pLogP method (GLY 36) : -0.0000
Side Chain Topographical Entropy from corr. pLogP method (ASN 37) : 13.2856
Side Chain Topographical Entropy from corr. pLogP method (ALA 38) : -0.0000
Side Chain Topographical Entropy from corr. pLogP method (GLU 39) : 15.6086
Side Chain Topographical Entropy from corr. pLogP method (SER 40) : 1.9997
Side Chain Topographical Entropy from corr. pLogP method (ARG 41) : 5.5312
Side Chain Topographical Entropy from corr. pLogP method (TYR 42) : -0.0000
Side Chain Topographical Entropy from corr. pLogP method (VAL 43) : 1.0023
Side Chain Topographical Entropy from corr. pLogP method (LEU 44) : 0.9366
Side Chain Topographical Entropy from corr. pLogP method (THR 45) : 0.1200
Side Chain Topographical Entropy from corr. pLogP method (GLY 46) : -0.0000
Side Chain Topographical Entropy from corr. pLogP method (ARG 47) : 0.2617
Side Chain Topographical Entropy from corr. pLogP method (TYR 48) : 2.8760
Side Chain Topographical Entropy from corr. pLogP method (ASP 49) : 0.7161
Side Chain Topographical Entropy from corr. pLogP method (SER 50) : 0.4656
Side Chain Topographical Entropy from corr. pLogP method (ALA 51) : -0.0000
Side Chain Topographical Entropy from corr. pLogP method (PRO 52) : 9.0288
Side Chain Topographical Entropy from corr. pLogP method (ALA 53) : -0.0000
Side Chain Topographical Entropy from corr. pLogP method (THR 54) : 5.2751
Side Chain Topographical Entropy from corr. pLogP method (ASP 55) : 14.5463
Side Chain Topographical Entropy from corr. pLogP method (GLY 56) : -0.0000
Side Chain Topographical Entropy from corr. pLogP method (SER 57) : 6.7228
Side Chain Topographical Entropy from corr. pLogP method (GLY 58) : -0.0000
Side Chain Topographical Entropy from corr. pLogP method (THR 59) : -0.0000
Side Chain Topographical Entropy from corr. pLogP method (ALA 60) : -0.0000
Side Chain Topographical Entropy from corr. pLogP method (LEU 61) : 7.3897
Side Chain Topographical Entropy from corr. pLogP method (GLY 62) : -0.0000
Side Chain Topographical Entropy from corr. pLogP method (TRP 63) : -0.0000
Side Chain Topographical Entropy from corr. pLogP method (THR 64) : 0.5034
Side Chain Topographical Entropy from corr. pLogP method (VAL 65) : -0.0000
Side Chain Topographical Entropy from corr. pLogP method (ALA 66) : -0.0000
Side Chain Topographical Entropy from corr. pLogP method (TRP 67) : -0.0000
Side Chain Topographical Entropy from corr. pLogP method (LYS 68) : 13.0650
Side Chain Topographical Entropy from corr. pLogP method (ASN 69) : 1.6955
Side Chain Topographical Entropy from corr. pLogP method (ASN 70) : 12.2585
Side Chain Topographical Entropy from corr. pLogP method (TYR 71) : 9.0289
Side Chain Topographical Entropy from corr. pLogP method (ARG 72) : 13.1282
Side Chain Topographical Entropy from corr. pLogP method (ASN 73) : 1.2970
Side Chain Topographical Entropy from corr. pLogP method (ALA 74) : -0.0000
Side Chain Topographical Entropy from corr. pLogP method (HID 75) : 0.2168
Side Chain Topographical Entropy from corr. pLogP method (SER 76) : 3.2488
Side Chain Topographical Entropy from corr. pLogP method (ALA 77) : -0.0000
Side Chain Topographical Entropy from corr. pLogP method (THR 78) : 0.1200
Side Chain Topographical Entropy from corr. pLogP method (THR 79) : -0.0000
Side Chain Topographical Entropy from corr. pLogP method (TRP 80) : 1.6749
Side Chain Topographical Entropy from corr. pLogP method (SER 81) : 0.2617
Side Chain Topographical Entropy from corr. pLogP method (GLY 82) : -0.0000
Side Chain Topographical Entropy from corr. pLogP method (GLN 83) : 8.0927
Side Chain Topographical Entropy from corr. pLogP method (TYR 84) : -0.0000
Side Chain Topographical Entropy from corr. pLogP method (VAL 85) : 0.5405
Side Chain Topographical Entropy from corr. pLogP method (GLY 86) : -0.0000
Side Chain Topographical Entropy from corr. pLogP method (GLY 87) : -0.0000
Side Chain Topographical Entropy from corr. pLogP method (ALA 88) : -0.0000
Side Chain Topographical Entropy from corr. pLogP method (GLU 89) : 20.5509
Side Chain Topographical Entropy from corr. pLogP method (ALA 90) : -0.0000
Side Chain Topographical Entropy from corr. pLogP method (ARG 91) : 5.1937
Side Chain Topographical Entropy from corr. pLogP method (ILE 92) : 1.5490
Side Chain Topographical Entropy from corr. pLogP method (ASN 93) : 4.0477
Side Chain Topographical Entropy from corr. pLogP method (THR 94) : 0.0657
Side Chain Topographical Entropy from corr. pLogP method (GLN 95) : 2.4935
Side Chain Topographical Entropy from corr. pLogP method (TRP 96) : 0.5768
Side Chain Topographical Entropy from corr. pLogP method (LEU 97) : 0.1698
Side Chain Topographical Entropy from corr. pLogP method (LEU 98) : 0.0657
Side Chain Topographical Entropy from corr. pLogP method (THR 99) : -0.0000
Side Chain Topographical Entropy from corr. pLogP method (SER 100) : 6.0002
Side Chain Topographical Entropy from corr. pLogP method (GLY 101) : -0.0000
Side Chain Topographical Entropy from corr. pLogP method (THR 102) : -0.0000
Side Chain Topographical Entropy from corr. pLogP method (THR 103) : 1.2889
Side Chain Topographical Entropy from corr. pLogP method (GLU 104) : 21.3310
Side Chain Topographical Entropy from corr. pLogP method (ALA 105) : -0.0000
Side Chain Topographical Entropy from corr. pLogP method (ASN 106) : 3.7956
Side Chain Topographical Entropy from corr. pLogP method (ALA 107) : -0.0000
Side Chain Topographical Entropy from corr. pLogP method (TRP 108) : 5.0648
Side Chain Topographical Entropy from corr. pLogP method (LYS 109) : 10.1061
Side Chain Topographical Entropy from corr. pLogP method (SER 110) : 1.9997
Side Chain Topographical Entropy from corr. pLogP method (THR 111) : -0.0000
Side Chain Topographical Entropy from corr. pLogP method (LEU 112) : 1.0007
Side Chain Topographical Entropy from corr. pLogP method (VAL 113) : -0.0000
Side Chain Topographical Entropy from corr. pLogP method (GLY 114) : -0.0000
Side Chain Topographical Entropy from corr. pLogP method (HID 115) : -0.0000
Side Chain Topographical Entropy from corr. pLogP method (ASP 116) : 0.0657
Side Chain Topographical Entropy from corr. pLogP method (THR 117) : 2.2770
Side Chain Topographical Entropy from corr. pLogP method (PHE 118) : -0.0000
Side Chain Topographical Entropy from corr. pLogP method (THR 119) : -0.0000
Side Chain Topographical Entropy from corr. pLogP method (LYS 120) : 12.7667
Side Chain Topographical Entropy from corr. pLogP method (VAL 121) : 1.9551
Side Chain Topographical Entropy from corr. pLogP method (LYS 122) : 17.8111
Side Chain Topographical Entropy from corr. pLogP method (PRO 123) : 13.6247
Side Chain Topographical Entropy from corr. pLogP method (SER 124) : 7.4572
Side Chain Topographical Entropy from corr. pLogP method (ALA 125) : -0.0000
Side Chain Topographical Entropy from corr. pLogP method (ALA 126) : -0.0000
Side Chain Topographical Entropy from corr. pLogP method (CSER 127) : 6.1521
____________________________________________________________
Total SC Topog. Entropy (corr. pLogP)    :         384.664
------------------------------------------------------------
------------------------------------------------------------
Topographical entropy of BB dihedrals 
computed using the correlated-pLogp formalism
------------------------------------------------------------
____________________________________________________________
Total BB Topog. Entropy (corr. pLogP)    :          18.225
------------------------------------------------------------
____________________________________________________________
Total Entropy                            :         402.889
------------------------------------------------------------
------------------------------------------------------------
Topographical entropy of residue side chains 
computed using all the dihedrals with correlation/pLogp formalism
------------------------------------------------------------
Side Chain Topographical Entropy from corr. pLogP method (NALA 1) : -0.0000
Side Chain Topographical Entropy from corr. pLogP method (GLU 2) : 20.7036
Side Chain Topographical Entropy from corr. pLogP method (ALA 3) : -0.0000
Side Chain Topographical Entropy from corr. pLogP method (GLY 4) : -0.0000
Side Chain Topographical Entropy from corr. pLogP method (ILE 5) : 1.6416
Side Chain Topographical Entropy from corr. pLogP method (THR 6) : -0.0000
Side Chain Topographical Entropy from corr. pLogP method (GLY 7) : -0.0000
Side Chain Topographical Entropy from corr. pLogP method (THR 8) : -0.0000
Side Chain Topographical Entropy from corr. pLogP method (TRP 9) : -0.0000
Side Chain Topographical Entropy from corr. pLogP method (TYR 10) : 5.7760
Side Chain Topographical Entropy from corr. pLogP method (ASN 11) : 5.3091
Side Chain Topographical Entropy from corr. pLogP method (GLN 12) : 9.0505
Side Chain Topographical Entropy from corr. pLogP method (LEU 13) : 3.4265
Side Chain Topographical Entropy from corr. pLogP method (GLY 14) : -0.0000
Side Chain Topographical Entropy from corr. pLogP method (SER 15) : -0.0000
Side Chain Topographical Entropy from corr. pLogP method (THR 16) : 4.6269
Side Chain Topographical Entropy from corr. pLogP method (PHE 17) : 9.0361
Side Chain Topographical Entropy from corr. pLogP method (ILE 18) : 2.8866
Side Chain Topographical Entropy from corr. pLogP method (VAL 19) : 1.4488
Side Chain Topographical Entropy from corr. pLogP method (THR 20) : 8.6806
Side Chain Topographical Entropy from corr. pLogP method (ALA 21) : -0.0000
Side Chain Topographical Entropy from corr. pLogP method (GLY 22) : -0.0000
Side Chain Topographical Entropy from corr. pLogP method (ALA 23) : -0.0000
Side Chain Topographical Entropy from corr. pLogP method (ASP 24) : 16.3386
Side Chain Topographical Entropy from corr. pLogP method (GLY 25) : -0.0000
Side Chain Topographical Entropy from corr. pLogP method (ALA 26) : -0.0000
Side Chain Topographical Entropy from corr. pLogP method (LEU 27) : -0.0000
Side Chain Topographical Entropy from corr. pLogP method (THR 28) : 8.0152
Side Chain Topographical Entropy from corr. pLogP method (GLY 29) : -0.0000
Side Chain Topographical Entropy from corr. pLogP method (THR 30) : -0.0000
Side Chain Topographical Entropy from corr. pLogP method (TYR 31) : 3.5159
Side Chain Topographical Entropy from corr. pLogP method (GLU 32) : 14.9636
Side Chain Topographical Entropy from corr. pLogP method (SER 33) : 0.0657
Side Chain Topographical Entropy from corr. pLogP method (ALA 34) : -0.0000
Side Chain Topographical Entropy from corr. pLogP method (VAL 35) : 0.6821
Side Chain Topographical Entropy from corr. pLogP method (GLY 36) : -0.0000
Side Chain Topographical Entropy from corr. pLogP method (ASN 37) : 12.2387
Side Chain Topographical Entropy from corr. pLogP method (ALA 38) : -0.0000
Side Chain Topographical Entropy from corr. pLogP method (GLU 39) : 15.5848
Side Chain Topographical Entropy from corr. pLogP method (SER 40) : 1.0023
Side Chain Topographical Entropy from corr. pLogP method (ARG 41) : 5.9643
Side Chain Topographical Entropy from corr. pLogP method (TYR 42) : -0.0000
Side Chain Topographical Entropy from corr. pLogP method (VAL 43) : 1.1776
Side Chain Topographical Entropy from corr. pLogP method (LEU 44) : 0.9275
Side Chain Topographical Entropy from corr. pLogP method (THR 45) : 1.0323
Side Chain Topographical Entropy from corr. pLogP method (GLY 46) : -0.0000
Side Chain Topographical Entropy from corr. pLogP method (ARG 47) : 0.1857
Side Chain Topographical Entropy from corr. pLogP method (TYR 48) : 2.2769
Side Chain Topographical Entropy from corr. pLogP method (ASP 49) : 0.3874
Side Chain Topographical Entropy from corr. pLogP method (SER 50) : 0.5034
Side Chain Topographical Entropy from corr. pLogP method (ALA 51) : -0.0000
Side Chain Topographical Entropy from corr. pLogP method (PRO 52) : 9.8323
Side Chain Topographical Entropy from corr. pLogP method (ALA 53) : -0.0000
Side Chain Topographical Entropy from corr. pLogP method (THR 54) : 5.7439
Side Chain Topographical Entropy from corr. pLogP method (ASP 55) : 5.4172
Side Chain Topographical Entropy from corr. pLogP method (GLY 56) : -0.0000
Side Chain Topographical Entropy from corr. pLogP method (SER 57) : 0.0657
Side Chain Topographical Entropy from corr. pLogP method (GLY 58) : -0.0000
Side Chain Topographical Entropy from corr. pLogP method (THR 59) : -0.0000
Side Chain Topographical Entropy from corr. pLogP method (ALA 60) : -0.0000
Side Chain Topographical Entropy from corr. pLogP method (LEU 61) : 7.0089
Side Chain Topographical Entropy from corr. pLogP method (GLY 62) : -0.0000
Side Chain Topographical Entropy from corr. pLogP method (TRP 63) : -0.0000
Side Chain Topographical Entropy from corr. pLogP method (THR 64) : 0.7495
Side Chain Topographical Entropy from corr. pLogP method (VAL 65) : 0.3874
Side Chain Topographical Entropy from corr. pLogP method (ALA 66) : -0.0000
Side Chain Topographical Entropy from corr. pLogP method (TRP 67) : -0.0000
Side Chain Topographical Entropy from corr. pLogP method (LYS 68) : 7.1063
Side Chain Topographical Entropy from corr. pLogP method (ASN 69) : 3.1457
Side Chain Topographical Entropy from corr. pLogP method (ASN 70) : 15.3726
Side Chain Topographical Entropy from corr. pLogP method (TYR 71) : 9.3247
Side Chain Topographical Entropy from corr. pLogP method (ARG 72) : 11.6927
Side Chain Topographical Entropy from corr. pLogP method (ASN 73) : 0.1698
Side Chain Topographical Entropy from corr. pLogP method (ALA 74) : -0.0000
Side Chain Topographical Entropy from corr. pLogP method (HID 75) : 0.5768
Side Chain Topographical Entropy from corr. pLogP method (SER 76) : 2.1728
Side Chain Topographical Entropy from corr. pLogP method (ALA 77) : -0.0000
Side Chain Topographical Entropy from corr. pLogP method (THR 78) : 0.0657
Side Chain Topographical Entropy from corr. pLogP method (THR 79) : -0.0000
Side Chain Topographical Entropy from corr. pLogP method (TRP 80) : 3.3061
Side Chain Topographical Entropy from corr. pLogP method (SER 81) : 0.4270
Side Chain Topographical Entropy from corr. pLogP method (GLY 82) : -0.0000
Side Chain Topographical Entropy from corr. pLogP method (GLN 83) : 7.7910
Side Chain Topographical Entropy from corr. pLogP method (TYR 84) : -0.0000
Side Chain Topographical Entropy from corr. pLogP method (VAL 85) : 1.8178
Side Chain Topographical Entropy from corr. pLogP method (GLY 86) : -0.0000
Side Chain Topographical Entropy from corr. pLogP method (GLY 87) : -0.0000
Side Chain Topographical Entropy from corr. pLogP method (ALA 88) : -0.0000
Side Chain Topographical Entropy from corr. pLogP method (GLU 89) : 17.9877
Side Chain Topographical Entropy from corr. pLogP method (ALA 90) : -0.0000
Side Chain Topographical Entropy from corr. pLogP method (ARG 91) : 9.2452
Side Chain Topographical Entropy from corr. pLogP method (ILE 92) : 0.6753
Side Chain Topographical Entropy from corr. pLogP method (ASN 93) : 0.9823
Side Chain Topographical Entropy from corr. pLogP method (THR 94) : 4.8161
Side Chain Topographical Entropy from corr. pLogP method (GLN 95) : 3.0650
Side Chain Topographical Entropy from corr. pLogP method (TRP 96) : 1.0023
Side Chain Topographical Entropy from corr. pLogP method (LEU 97) : 1.2513
Side Chain Topographical Entropy from corr. pLogP method (LEU 98) : -0.0000
Side Chain Topographical Entropy from corr. pLogP method (THR 99) : -0.0000
Side Chain Topographical Entropy from corr. pLogP method (SER 100) : 5.5763
Side Chain Topographical Entropy from corr. pLogP method (GLY 101) : -0.0000
Side Chain Topographical Entropy from corr. pLogP method (THR 102) : 4.7647
Side Chain Topographical Entropy from corr. pLogP method (THR 103) : -0.0000
Side Chain Topographical Entropy from corr. pLogP method (GLU 104) : 22.5390
Side Chain Topographical Entropy from corr. pLogP method (ALA 105) : -0.0000
Side Chain Topographical Entropy from corr. pLogP method (ASN 106) : 3.6230
Side Chain Topographical Entropy from corr. pLogP method (ALA 107) : -0.0000
Side Chain Topographical Entropy from corr. pLogP method (TRP 108) : 4.9457
Side Chain Topographical Entropy from corr. pLogP method (LYS 109) : 9.5947
Side Chain Topographical Entropy from corr. pLogP method (SER 110) : 0.0657
Side Chain Topographical Entropy from corr. pLogP method (THR 111) : -0.0000
Side Chain Topographical Entropy from corr. pLogP method (LEU 112) : 2.3488
Side Chain Topographical Entropy from corr. pLogP method (VAL 113) : -0.0000
Side Chain Topographical Entropy from corr. pLogP method (GLY 114) : -0.0000
Side Chain Topographical Entropy from corr. pLogP method (HID 115) : -0.0000
Side Chain Topographical Entropy from corr. pLogP method (ASP 116) : 5.5871
Side Chain Topographical Entropy from corr. pLogP method (THR 117) : 0.0657
Side Chain Topographical Entropy from corr. pLogP method (PHE 118) : -0.0000
Side Chain Topographical Entropy from corr. pLogP method (THR 119) : 5.9534
Side Chain Topographical Entropy from corr. pLogP method (LYS 120) : 7.0589
Side Chain Topographical Entropy from corr. pLogP method (VAL 121) : 4.0348
Side Chain Topographical Entropy from corr. pLogP method (LYS 122) : 16.2609
Side Chain Topographical Entropy from corr. pLogP method (PRO 123) : 14.8939
Side Chain Topographical Entropy from corr. pLogP method (SER 124) : 7.7400
Side Chain Topographical Entropy from corr. pLogP method (ALA 125) : -0.0000
Side Chain Topographical Entropy from corr. pLogP method (ALA 126) : -0.0000
Side Chain Topographical Entropy from corr. pLogP method (CSER 127) : 3.5859
____________________________________________________________
Total SC Topog. Entropy (corr. pLogP)    :         407.286
------------------------------------------------------------
------------------------------------------------------------
Topographical entropy of BB dihedrals 
computed using the correlated-pLogp formalism
------------------------------------------------------------
____________________________________________________________
Total BB Topog. Entropy (corr. pLogP)    :          18.294
------------------------------------------------------------
____________________________________________________________
Total Entropy                            :         425.580
------------------------------------------------------------
------------------------------------------------------------
Topographical entropy of residue side chains 
computed using all the dihedrals with correlation/pLogp formalism
------------------------------------------------------------
Side Chain Topographical Entropy from corr. pLogP method (NALA 1) : -0.0000
Side Chain Topographical Entropy from corr. pLogP method (GLU 2) : 20.5362
Side Chain Topographical Entropy from corr. pLogP method (ALA 3) : -0.0000
Side Chain Topographical Entropy from corr. pLogP method (GLY 4) : -0.0000
Side Chain Topographical Entropy from corr. pLogP method (ILE 5) : 0.1857
Side Chain Topographical Entropy from corr. pLogP method (THR 6) : -0.0000
Side Chain Topographical Entropy from corr. pLogP method (GLY 7) : -0.0000
Side Chain Topographical Entropy from corr. pLogP method (THR 8) : 0.9986
Side Chain Topographical Entropy from corr. pLogP method (TRP 9) : 0.0657
Side Chain Topographical Entropy from corr. pLogP method (TYR 10) : 4.2400
Side Chain Topographical Entropy from corr. pLogP method (ASN 11) : 2.4085
Side Chain Topographical Entropy from corr. pLogP method (GLN 12) : 21.9663
Side Chain Topographical Entropy from corr. pLogP method (LEU 13) : 4.8710
Side Chain Topographical Entropy from corr. pLogP method (GLY 14) : -0.0000
Side Chain Topographical Entropy from corr. pLogP method (SER 15) : 0.2168
Side Chain Topographical Entropy from corr. pLogP method (THR 16) : -0.0000
Side Chain Topographical Entropy from corr. pLogP method (PHE 17) : 7.7373
Side Chain Topographical Entropy from corr. pLogP method (ILE 18) : 1.8831
Side Chain Topographical Entropy from corr. pLogP method (VAL 19) : 0.7495
Side Chain Topographical Entropy from corr. pLogP method (THR 20) : 0.7161
Side Chain Topographical Entropy from corr. pLogP method (ALA 21) : -0.0000
Side Chain Topographical Entropy from corr. pLogP method (GLY 22) : -0.0000
Side Chain Topographical Entropy from corr. pLogP method (ALA 23) : -0.0000
Side Chain Topographical Entropy from corr. pLogP method (ASP 24) : 17.3050
Side Chain Topographical Entropy from corr. pLogP method (GLY 25) : -0.0000
Side Chain Topographical Entropy from corr. pLogP method (ALA 26) : -0.0000
Side Chain Topographical Entropy from corr. pLogP method (LEU 27) : 0.6082
Side Chain Topographical Entropy from corr. pLogP method (THR 28) : 5.0989
Side Chain Topographical Entropy from corr. pLogP method (GLY 29) : -0.0000
Side Chain Topographical Entropy from corr. pLogP method (THR 30) : 7.4981
Side Chain Topographical Entropy from corr. pLogP method (TYR 31) : 4.9773
Side Chain Topographical Entropy from corr. pLogP method (GLU 32) : 11.0109
Side Chain Topographical Entropy from corr. pLogP method (SER 33) : 0.1698
Side Chain Topographical Entropy from corr. pLogP method (ALA 34) : -0.0000
Side Chain Topographical Entropy from corr. pLogP method (VAL 35) : 0.0657
Side Chain Topographical Entropy from corr. pLogP method (GLY 36) : -0.0000
Side Chain Topographical Entropy from corr. pLogP method (ASN 37) : 9.2567
Side Chain Topographical Entropy from corr. pLogP method (ALA 38) : -0.0000
Side Chain Topographical Entropy from corr. pLogP method (GLU 39) : 16.6488
Side Chain Topographical Entropy from corr. pLogP method (SER 40) : 4.8652
Side Chain Topographical Entropy from corr. pLogP method (ARG 41) : 13.9009
Side Chain Topographical Entropy from corr. pLogP method (TYR 42) : -0.0000
Side Chain Topographical Entropy from corr. pLogP method (VAL 43) : -0.0000
Side Chain Topographical Entropy from corr. pLogP method (LEU 44) : 0.1698
Side Chain Topographical Entropy from corr. pLogP method (THR 45) : 3.6975
Side Chain Topographical Entropy from corr. pLogP method (GLY 46) : -0.0000
Side Chain Topographical Entropy from corr. pLogP method (ARG 47) : 0.1698
Side Chain Topographical Entropy from corr. pLogP method (TYR 48) : 4.6829
Side Chain Topographical Entropy from corr. pLogP method (ASP 49) : 5.5713
Side Chain Topographical Entropy from corr. pLogP method (SER 50) : 2.3835
Side Chain Topographical Entropy from corr. pLogP method (ALA 51) : -0.0000
Side Chain Topographical Entropy from corr. pLogP method (PRO 52) : 12.8740
Side Chain Topographical Entropy from corr. pLogP method (ALA 53) : -0.0000
Side Chain Topographical Entropy from corr. pLogP method (THR 54) : 1.4771
Side Chain Topographical Entropy from corr. pLogP method (ASP 55) : 9.3515
Side Chain Topographical Entropy from corr. pLogP method (GLY 56) : -0.0000
Side Chain Topographical Entropy from corr. pLogP method (SER 57) : -0.0000
Side Chain Topographical Entropy from corr. pLogP method (GLY 58) : -0.0000
Side Chain Topographical Entropy from corr. pLogP method (THR 59) : -0.0000
Side Chain Topographical Entropy from corr. pLogP method (ALA 60) : -0.0000
Side Chain Topographical Entropy from corr. pLogP method (LEU 61) : 7.7034
Side Chain Topographical Entropy from corr. pLogP method (GLY 62) : -0.0000
Side Chain Topographical Entropy from corr. pLogP method (TRP 63) : -0.0000
Side Chain Topographical Entropy from corr. pLogP method (THR 64) : 0.9720
Side Chain Topographical Entropy from corr. pLogP method (VAL 65) : 0.0657
Side Chain Topographical Entropy from corr. pLogP method (ALA 66) : -0.0000
Side Chain Topographical Entropy from corr. pLogP method (TRP 67) : 0.0657
Side Chain Topographical Entropy from corr. pLogP method (LYS 68) : 16.4814
Side Chain Topographical Entropy from corr. pLogP method (ASN 69) : 2.0656
Side Chain Topographical Entropy from corr. pLogP method (ASN 70) : 15.4014
Side Chain Topographical Entropy from corr. pLogP method (TYR 71) : 12.7317
Side Chain Topographical Entropy from corr. pLogP method (ARG 72) : 14.0103
Side Chain Topographical Entropy from corr. pLogP method (ASN 73) : 4.2063
Side Chain Topographical Entropy from corr. pLogP method (ALA 74) : -0.0000
Side Chain Topographical Entropy from corr. pLogP method (HID 75) : 1.0101
Side Chain Topographical Entropy from corr. pLogP method (SER 76) : 5.3115
Side Chain Topographical Entropy from corr. pLogP method (ALA 77) : -0.0000
Side Chain Topographical Entropy from corr. pLogP method (THR 78) : -0.0000
Side Chain Topographical Entropy from corr. pLogP method (THR 79) : 4.8357
Side Chain Topographical Entropy from corr. pLogP method (TRP 80) : 1.1491
Side Chain Topographical Entropy from corr. pLogP method (SER 81) : 0.1698
Side Chain Topographical Entropy from corr. pLogP method (GLY 82) : -0.0000
Side Chain Topographical Entropy from corr. pLogP method (GLN 83) : 9.5755
Side Chain Topographical Entropy from corr. pLogP method (TYR 84) : -0.0000
Side Chain Topographical Entropy from corr. pLogP method (VAL 85) : 2.5727
Side Chain Topographical Entropy from corr. pLogP method (GLY 86) : -0.0000
Side Chain Topographical Entropy from corr. pLogP method (GLY 87) : -0.0000
Side Chain Topographical Entropy from corr. pLogP method (ALA 88) : -0.0000
Side Chain Topographical Entropy from corr. pLogP method (GLU 89) : 20.6153
Side Chain Topographical Entropy from corr. pLogP method (ALA 90) : -0.0000
Side Chain Topographical Entropy from corr. pLogP method (ARG 91) : 6.1356
Side Chain Topographical Entropy from corr. pLogP method (ILE 92) : 0.2355
Side Chain Topographical Entropy from corr. pLogP method (ASN 93) : 5.8637
Side Chain Topographical Entropy from corr. pLogP method (THR 94) : 0.1200
Side Chain Topographical Entropy from corr. pLogP method (GLN 95) : 5.2378
Side Chain Topographical Entropy from corr. pLogP method (TRP 96) : 1.0023
Side Chain Topographical Entropy from corr. pLogP method (LEU 97) : -0.0000
Side Chain Topographical Entropy from corr. pLogP method (LEU 98) : 2.7126
Side Chain Topographical Entropy from corr. pLogP method (THR 99) : -0.0000
Side Chain Topographical Entropy from corr. pLogP method (SER 100) : 9.0017
Side Chain Topographical Entropy from corr. pLogP method (GLY 101) : -0.0000
Side Chain Topographical Entropy from corr. pLogP method (THR 102) : -0.0000
Side Chain Topographical Entropy from corr. pLogP method (THR 103) : 0.1200
Side Chain Topographical Entropy from corr. pLogP method (GLU 104) : 23.1280
Side Chain Topographical Entropy from corr. pLogP method (ALA 105) : -0.0000
Side Chain Topographical Entropy from corr. pLogP method (ASN 106) : 3.4572
Side Chain Topographical Entropy from corr. pLogP method (ALA 107) : -0.0000
Side Chain Topographical Entropy from corr. pLogP method (TRP 108) : 4.9991
Side Chain Topographical Entropy from corr. pLogP method (LYS 109) : 16.9510
Side Chain Topographical Entropy from corr. pLogP method (SER 110) : 4.2169
Side Chain Topographical Entropy from corr. pLogP method (THR 111) : -0.0000
Side Chain Topographical Entropy from corr. pLogP method (LEU 112) : 4.3123
Side Chain Topographical Entropy from corr. pLogP method (VAL 113) : -0.0000
Side Chain Topographical Entropy from corr. pLogP method (GLY 114) : -0.0000
Side Chain Topographical Entropy from corr. pLogP method (HID 115) : -0.0000
Side Chain Topographical Entropy from corr. pLogP method (ASP 116) : 12.6064
Side Chain Topographical Entropy from corr. pLogP method (THR 117) : 0.4656
Side Chain Topographical Entropy from corr. pLogP method (PHE 118) : -0.0000
Side Chain Topographical Entropy from corr. pLogP method (THR 119) : 5.6337
Side Chain Topographical Entropy from corr. pLogP method (LYS 120) : 10.6753
Side Chain Topographical Entropy from corr. pLogP method (VAL 121) : 4.9309
Side Chain Topographical Entropy from corr. pLogP method (LYS 122) : 19.4736
Side Chain Topographical Entropy from corr. pLogP method (PRO 123) : 13.0808
Side Chain Topographical Entropy from corr. pLogP method (SER 124) : 7.3453
Side Chain Topographical Entropy from corr. pLogP method (ALA 125) : -0.0000
Side Chain Topographical Entropy from corr. pLogP method (ALA 126) : -0.0000
Side Chain Topographical Entropy from corr. pLogP method (CSER 127) : 5.6936
____________________________________________________________
Total SC Topog. Entropy (corr. pLogP)    :         484.700
------------------------------------------------------------
------------------------------------------------------------
Topographical entropy of BB dihedrals 
computed using the correlated-pLogp formalism
------------------------------------------------------------
____________________________________________________________
Total BB Topog. Entropy (corr. pLogP)    :          14.570
------------------------------------------------------------
____________________________________________________________
Total Entropy                            :         499.270
------------------------------------------------------------
------------------------------------------------------------
Topographical entropy of residue side chains 
computed using all the dihedrals with correlation/pLogp formalism
------------------------------------------------------------
Side Chain Topographical Entropy from corr. pLogP method (NALA 1) : -0.0000
Side Chain Topographical Entropy from corr. pLogP method (GLU 2) : 20.0046
Side Chain Topographical Entropy from corr. pLogP method (ALA 3) : -0.0000
Side Chain Topographical Entropy from corr. pLogP method (GLY 4) : -0.0000
Side Chain Topographical Entropy from corr. pLogP method (ILE 5) : 1.2142
Side Chain Topographical Entropy from corr. pLogP method (THR 6) : -0.0000
Side Chain Topographical Entropy from corr. pLogP method (GLY 7) : -0.0000
Side Chain Topographical Entropy from corr. pLogP method (THR 8) : 0.0657
Side Chain Topographical Entropy from corr. pLogP method (TRP 9) : -0.0000
Side Chain Topographical Entropy from corr. pLogP method (TYR 10) : 4.8901
Side Chain Topographical Entropy from corr. pLogP method (ASN 11) : 4.3615
Side Chain Topographical Entropy from corr. pLogP method (GLN 12) : 19.7144
Side Chain Topographical Entropy from corr. pLogP method (LEU 13) : 5.9339
Side Chain Topographical Entropy from corr. pLogP method (GLY 14) : -0.0000
Side Chain Topographical Entropy from corr. pLogP method (SER 15) : 0.5405
Side Chain Topographical Entropy from corr. pLogP method (THR 16) : 3.3242
Side Chain Topographical Entropy from corr. pLogP method (PHE 17) : 2.0809
Side Chain Topographical Entropy from corr. pLogP method (ILE 18) : 3.6863
Side Chain Topographical Entropy from corr. pLogP method (VAL 19) : 0.5034
Side Chain Topographical Entropy from corr. pLogP method (THR 20) : 4.2176
Side Chain Topographical Entropy from corr. pLogP method (ALA 21) : -0.0000
Side Chain Topographical Entropy from corr. pLogP method (GLY 22) : -0.0000
Side Chain Topographical Entropy from corr. pLogP method (ALA 23) : -0.0000
Side Chain Topographical Entropy from corr. pLogP method (ASP 24) : 15.8087
Side Chain Topographical Entropy from corr. pLogP method (GLY 25) : -0.0000
Side Chain Topographical Entropy from corr. pLogP method (ALA 26) : -0.0000
Side Chain Topographical Entropy from corr. pLogP method (LEU 27) : 3.3420
Side Chain Topographical Entropy from corr. pLogP method (THR 28) : 6.3994
Side Chain Topographical Entropy from corr. pLogP method (GLY 29) : -0.0000
Side Chain Topographical Entropy from corr. pLogP method (THR 30) : 5.5804
Side Chain Topographical Entropy from corr. pLogP method (TYR 31) : 5.2846
Side Chain Topographical Entropy from corr. pLogP method (GLU 32) : 16.5147
Side Chain Topographical Entropy from corr. pLogP method (SER 33) : 0.0657
Side Chain Topographical Entropy from corr. pLogP method (ALA 34) : -0.0000
Side Chain Topographical Entropy from corr. pLogP method (VAL 35) : 0.1200
Side Chain Topographical Entropy from corr. pLogP method (GLY 36) : -0.0000
Side Chain Topographical Entropy from corr. pLogP method (ASN 37) : 12.5585
Side Chain Topographical Entropy from corr. pLogP method (ALA 38) : -0.0000
Side Chain Topographical Entropy from corr. pLogP method (GLU 39) : 16.8660
Side Chain Topographical Entropy from corr. pLogP method (SER 40) : 2.3982
Side Chain Topographical Entropy from corr. pLogP method (ARG 41) : 6.9990
Side Chain Topographical Entropy from corr. pLogP method (TYR 42) : -0.0000
Side Chain Topographical Entropy from corr. pLogP method (VAL 43) : 3.1150
Side Chain Topographical Entropy from corr. pLogP method (LEU 44) : 0.5222
Side Chain Topographical Entropy from corr. pLogP method (THR 45) : 0.7826
Side Chain Topographical Entropy from corr. pLogP method (GLY 46) : -0.0000
Side Chain Topographical Entropy from corr. pLogP method (ARG 47) : 0.1200
Side Chain Topographical Entropy from corr. pLogP method (TYR 48) : 1.9356
Side Chain Topographical Entropy from corr. pLogP method (ASP 49) : 4.0185
Side Chain Topographical Entropy from corr. pLogP method (SER 50) : 0.5570
Side Chain Topographical Entropy from corr. pLogP method (ALA 51) : -0.0000
Side Chain Topographical Entropy from corr. pLogP method (PRO 52) : 12.0729
Side Chain Topographical Entropy from corr. pLogP method (ALA 53) : -0.0000
Side Chain Topographical Entropy from corr. pLogP method (THR 54) : 2.7752
Side Chain Topographical Entropy from corr. pLogP method (ASP 55) : 12.7773
Side Chain Topographical Entropy from corr. pLogP method (GLY 56) : -0.0000
Side Chain Topographical Entropy from corr. pLogP method (SER 57) : 7.1315
Side Chain Topographical Entropy from corr. pLogP method (GLY 58) : -0.0000
Side Chain Topographical Entropy from corr. pLogP method (THR 59) : 0.8357
Side Chain Topographical Entropy from corr. pLogP method (ALA 60) : -0.0000
Side Chain Topographical Entropy from corr. pLogP method (LEU 61) : 2.1168
Side Chain Topographical Entropy from corr. pLogP method (GLY 62) : -0.0000
Side Chain Topographical Entropy from corr. pLogP method (TRP 63) : -0.0000
Side Chain Topographical Entropy from corr. pLogP method (THR 64) : 0.6476
Side Chain Topographical Entropy from corr. pLogP method (VAL 65) : -0.0000
Side Chain Topographical Entropy from corr. pLogP method (ALA 66) : -0.0000
Side Chain Topographical Entropy from corr. pLogP method (TRP 67) : -0.0000
Side Chain Topographical Entropy from corr. pLogP method (LYS 68) : 8.1105
Side Chain Topographical Entropy from corr. pLogP method (ASN 69) : 5.3682
Side Chain Topographical Entropy from corr. pLogP method (ASN 70) : 15.0166
Side Chain Topographical Entropy from corr. pLogP method (TYR 71) : 7.6061
Side Chain Topographical Entropy from corr. pLogP method (ARG 72) : 7.3149
Side Chain Topographical Entropy from corr. pLogP method (ASN 73) : -0.0000
Side Chain Topographical Entropy from corr. pLogP method (ALA 74) : -0.0000
Side Chain Topographical Entropy from corr. pLogP method (HID 75) : 0.1200
Side Chain Topographical Entropy from corr. pLogP method (SER 76) : 5.7140
Side Chain Topographical Entropy from corr. pLogP method (ALA 77) : -0.0000
Side Chain Topographical Entropy from corr. pLogP method (THR 78) : 0.1200
Side Chain Topographical Entropy from corr. pLogP method (THR 79) : -0.0000
Side Chain Topographical Entropy from corr. pLogP method (TRP 80) : 3.1001
Side Chain Topographical Entropy from corr. pLogP method (SER 81) : 1.3964
Side Chain Topographical Entropy from corr. pLogP method (GLY 82) : -0.0000
Side Chain Topographical Entropy from corr. pLogP method (GLN 83) : 9.9087
Side Chain Topographical Entropy from corr. pLogP method (TYR 84) : -0.0000
Side Chain Topographical Entropy from corr. pLogP method (VAL 85) : 0.2168
Side Chain Topographical Entropy from corr. pLogP method (GLY 86) : -0.0000
Side Chain Topographical Entropy from corr. pLogP method (GLY 87) : -0.0000
Side Chain Topographical Entropy from corr. pLogP method (ALA 88) : -0.0000
Side Chain Topographical Entropy from corr. pLogP method (GLU 89) : 18.0724
Side Chain Topographical Entropy from corr. pLogP method (ALA 90) : -0.0000
Side Chain Topographical Entropy from corr. pLogP method (ARG 91) : 4.3844
Side Chain Topographical Entropy from corr. pLogP method (ILE 92) : 0.3274
Side Chain Topographical Entropy from corr. pLogP method (ASN 93) : 2.2061
Side Chain Topographical Entropy from corr. pLogP method (THR 94) : -0.0000
Side Chain Topographical Entropy from corr. pLogP method (GLN 95) : 3.9853
Side Chain Topographical Entropy from corr. pLogP method (TRP 96) : 1.3964
Side Chain Topographical Entropy from corr. pLogP method (LEU 97) : 1.4783
Side Chain Topographical Entropy from corr. pLogP method (LEU 98) : 1.2614
Side Chain Topographical Entropy from corr. pLogP method (THR 99) : -0.0000
Side Chain Topographical Entropy from corr. pLogP method (SER 100) : 7.9046
Side Chain Topographical Entropy from corr. pLogP method (GLY 101) : -0.0000
Side Chain Topographical Entropy from corr. pLogP method (THR 102) : -0.0000
Side Chain Topographical Entropy from corr. pLogP method (THR 103) : -0.0000
Side Chain Topographical Entropy from corr. pLogP method (GLU 104) : 21.6822
Side Chain Topographical Entropy from corr. pLogP method (ALA 105) : -0.0000
Side Chain Topographical Entropy from corr. pLogP method (ASN 106) : 3.7885
Side Chain Topographical Entropy from corr. pLogP method (ALA 107) : -0.0000
Side Chain Topographical Entropy from corr. pLogP method (TRP 108) : 5.1995
Side Chain Topographical Entropy from corr. pLogP method (LYS 109) : 10.9289
Side Chain Topographical Entropy from corr. pLogP method (SER 110) : -0.0000
Side Chain Topographical Entropy from corr. pLogP method (THR 111) : -0.0000
Side Chain Topographical Entropy from corr. pLogP method (LEU 112) : 3.9365
Side Chain Topographical Entropy from corr. pLogP method (VAL 113) : -0.0000
Side Chain Topographical Entropy from corr. pLogP method (GLY 114) : -0.0000
Side Chain Topographical Entropy from corr. pLogP method (HID 115) : 0.0657
Side Chain Topographical Entropy from corr. pLogP method (ASP 116) : 12.6023
Side Chain Topographical Entropy from corr. pLogP method (THR 117) : 0.0657
Side Chain Topographical Entropy from corr. pLogP method (PHE 118) : 0.3050
Side Chain Topographical Entropy from corr. pLogP method (THR 119) : 5.6216
Side Chain Topographical Entropy from corr. pLogP method (LYS 120) : 10.9654
Side Chain Topographical Entropy from corr. pLogP method (VAL 121) : 4.3800
Side Chain Topographical Entropy from corr. pLogP method (LYS 122) : 17.6651
Side Chain Topographical Entropy from corr. pLogP method (PRO 123) : 13.4032
Side Chain Topographical Entropy from corr. pLogP method (SER 124) : 5.2415
Side Chain Topographical Entropy from corr. pLogP method (ALA 125) : -0.0000
Side Chain Topographical Entropy from corr. pLogP method (ALA 126) : -0.0000
Side Chain Topographical Entropy from corr. pLogP method (CSER 127) : 5.7220
____________________________________________________________
Total SC Topog. Entropy (corr. pLogP)    :         438.464
------------------------------------------------------------
------------------------------------------------------------
Topographical entropy of BB dihedrals 
computed using the correlated-pLogp formalism
------------------------------------------------------------
____________________________________________________________
Total BB Topog. Entropy (corr. pLogP)    :          16.086
------------------------------------------------------------
____________________________________________________________
Total Entropy                            :         454.550
------------------------------------------------------------
