9.003   	9.201   	8.866   	9.104   
21.864   	22.676   	21.513   	23.568   
5.688   	5.746   	5.206   	6.206   
2.728   	2.557   	2.592   	2.637   
25.007   	24.913   	25.496   	26.513   
19.254   	19.983   	19.795   	21.416   
2.605   	2.490   	2.547   	2.412   
19.111   	19.165   	19.173   	20.749   
50.070   	46.624   	48.708   	55.472   
42.067   	42.739   	41.157   	45.912   
22.133   	22.987   	22.961   	24.388   
26.768   	30.268   	26.370   	32.444   
24.139   	25.177   	23.732   	26.331   
2.700   	2.678   	2.832   	3.102   
12.368   	12.149   	12.169   	13.068   
18.960   	19.974   	19.828   	21.143   
32.567   	33.308   	33.341   	37.029   
24.964   	24.914   	24.653   	26.463   
18.333   	18.798   	19.210   	20.431   
18.750   	18.050   	18.567   	19.503   
6.909   	6.576   	7.168   	6.926   
2.515   	2.368   	2.698   	2.463   
6.776   	6.937   	6.725   	7.013   
18.656   	18.344   	18.856   	18.995   
2.702   	2.879   	2.655   	3.140   
6.608   	6.904   	6.966   	7.572   
25.983   	25.420   	23.862   	24.824   
18.999   	18.855   	18.763   	20.371   
2.695   	2.584   	2.895   	2.943   
19.630   	19.002   	19.825   	21.171   
43.535   	44.250   	41.815   	45.268   
25.746   	26.582   	26.440   	28.137   
12.751   	12.136   	12.464   	13.128   
6.425   	6.810   	6.615   	7.189   
18.623   	18.616   	19.193   	19.780   
2.689   	2.363   	2.505   	2.913   
20.177   	19.975   	19.668   	21.669   
6.577   	6.510   	6.237   	7.155   
24.099   	25.473   	24.798   	26.517   
11.264   	12.147   	11.338   	12.332   
41.050   	42.497   	39.985   	44.414   
42.288   	41.659   	42.353   	46.633   
18.856   	18.924   	19.033   	20.422   
25.301   	26.228   	23.607   	27.250   
18.455   	19.506   	18.613   	20.847   
2.672   	2.473   	2.723   	2.752   
46.011   	46.291   	45.275   	50.398   
43.291   	42.815   	43.012   	46.930   
23.055   	22.573   	22.113   	24.140   
11.986   	12.002   	11.918   	12.996   
6.896   	6.714   	6.494   	7.437   
13.364   	12.499   	11.434   	14.322   
6.563   	6.526   	6.127   	7.102   
17.295   	17.444   	17.454   	18.507   
18.174   	19.117   	18.874   	18.705   
2.398   	2.809   	2.714   	2.719   
11.094   	11.255   	11.835   	11.126   
2.629   	2.622   	2.552   	2.664   
19.650   	19.050   	19.173   	20.771   
6.978   	6.953   	6.968   	7.623   
24.270   	24.984   	23.811   	25.180   
2.955   	2.662   	2.790   	3.003   
50.652   	47.937   	49.634   	55.282   
19.440   	19.270   	19.987   	20.917   
19.255   	19.031   	18.668   	20.254   
6.908   	7.201   	7.176   	7.606   
48.156   	49.608   	48.567   	55.324   
29.951   	29.241   	29.846   	30.616   
22.034   	22.940   	23.105   	25.062   
19.829   	20.152   	20.397   	21.552   
35.418   	36.229   	37.544   	40.628   
40.970   	40.410   	41.926   	42.688   
22.071   	23.309   	24.032   	24.756   
6.525   	7.203   	6.854   	7.451   
28.297   	28.752   	29.534   	32.746   
11.631   	12.440   	11.887   	12.835   
6.898   	6.538   	6.726   	7.312   
19.340   	19.639   	20.349   	20.844   
18.153   	18.713   	19.136   	20.509   
50.352   	48.936   	46.649   	54.593   
12.657   	12.309   	11.592   	13.115   
2.526   	2.545   	2.763   	2.622   
31.725   	29.688   	28.287   	28.829   
41.435   	42.160   	42.684   	45.137   
18.167   	19.346   	18.736   	19.827   
2.453   	2.373   	2.715   	2.560   
2.402   	2.491   	2.525   	2.543   
6.770   	6.759   	6.448   	6.856   
24.320   	24.532   	24.420   	26.508   
6.378   	6.769   	6.651   	7.286   
41.061   	41.819   	42.285   	42.742   
24.832   	25.428   	25.480   	27.655   
22.328   	21.948   	21.779   	22.681   
20.041   	19.132   	19.458   	20.426   
31.728   	30.584   	30.916   	29.323   
49.264   	49.703   	48.585   	54.730   
25.582   	26.386   	26.569   	27.521   
25.317   	25.013   	25.397   	27.442   
20.123   	19.910   	19.614   	20.376   
11.758   	11.748   	11.581   	12.376   
2.527   	2.334   	2.458   	2.564   
19.167   	19.302   	19.217   	20.187   
18.985   	19.095   	19.386   	20.159   
25.503   	25.079   	24.600   	25.004   
7.206   	6.786   	6.898   	7.547   
22.435   	22.021   	21.729   	23.696   
6.990   	6.854   	7.046   	7.249   
49.037   	46.456   	48.248   	53.612   
28.355   	28.899   	28.242   	30.182   
12.385   	12.380   	12.068   	12.998   
18.775   	20.220   	19.488   	21.224   
25.763   	24.616   	25.481   	26.784   
18.801   	18.715   	18.636   	20.397   
2.394   	2.604   	2.726   	3.013   
28.393   	28.024   	27.706   	32.086   
20.440   	22.728   	21.043   	26.078   
19.422   	19.364   	19.130   	19.522   
34.125   	35.378   	34.072   	38.362   
19.405   	18.987   	19.142   	21.016   
29.273   	29.575   	28.838   	31.845   
17.726   	17.903   	17.867   	18.697   
27.038   	27.880   	28.594   	29.672   
11.507   	12.183   	11.792   	13.170   
9.834   	10.686   	10.241   	10.854   
5.223   	6.191   	5.885   	5.768   
5.205   	5.166   	5.524   	5.041   
14.408   	14.459   	14.759   	14.733   
9.106   	9.236   	9.385   	8.892   
22.410   	21.844   	22.318   	22.939   
5.923   	5.679   	5.629   	6.505   
2.708   	2.583   	2.626   	2.966   
25.446   	26.622   	25.775   	25.729   
20.486   	21.016   	19.972   	20.495   
2.769   	2.765   	2.725   	2.751   
20.745   	20.409   	20.750   	20.448   
50.648   	52.770   	52.489   	52.281   
43.567   	44.129   	44.769   	44.834   
22.201   	24.133   	24.418   	23.363   
26.791   	31.949   	31.723   	31.603   
25.063   	25.781   	26.208   	26.219   
2.865   	2.868   	3.035   	2.863   
11.955   	12.741   	13.163   	13.067   
18.456   	20.685   	21.204   	19.957   
35.421   	36.364   	33.990   	35.254   
24.780   	26.399   	25.434   	26.150   
19.851   	19.819   	19.727   	19.301   
19.470   	19.753   	20.735   	18.099   
6.941   	7.261   	7.626   	7.196   
2.541   	2.695   	2.513   	2.630   
7.339   	6.879   	6.641   	6.806   
18.234   	19.274   	18.517   	18.404   
2.926   	2.872   	2.755   	2.860   
6.967   	7.264   	7.164   	7.470   
27.270   	27.181   	24.381   	26.680   
18.408   	20.173   	18.534   	18.687   
2.624   	2.855   	2.798   	2.832   
20.490   	21.065   	20.827   	20.102   
45.318   	46.195   	45.081   	46.177   
25.938   	27.461   	26.778   	28.148   
12.382   	13.254   	13.074   	13.236   
6.027   	7.717   	7.091   	7.136   
16.881   	19.398   	19.082   	19.305   
2.743   	2.816   	2.614   	2.708   
21.108   	21.156   	22.025   	21.262   
6.904   	6.861   	7.510   	6.568   
25.167   	25.464   	25.347   	25.351   
11.370   	12.035   	12.142   	12.179   
41.121   	43.285   	42.480   	45.046   
43.723   	45.964   	46.856   	45.617   
19.944   	19.888   	19.700   	19.892   
25.322   	27.274   	26.751   	27.106   
18.764   	19.432   	20.380   	20.433   
2.626   	2.916   	2.727   	2.772   
47.768   	47.852   	49.586   	49.516   
44.644   	46.651   	44.697   	45.402   
23.987   	25.270   	24.672   	24.754   
12.497   	12.841   	12.199   	12.446   
7.114   	7.215   	7.128   	6.995   
13.061   	13.969   	14.105   	14.402   
6.959   	7.359   	7.196   	7.414   
18.664   	19.087   	18.116   	18.307   
19.090   	19.564   	20.646   	18.068   
2.904   	2.769   	2.691   	2.563   
11.525   	12.110   	12.052   	11.169   
2.450   	2.453   	2.409   	2.593   
20.830   	19.885   	20.097   	20.128   
7.391   	7.568   	7.327   	7.346   
25.815   	25.941   	26.054   	24.756   
2.659   	2.782   	2.760   	2.749   
53.378   	53.507   	52.636   	53.619   
20.490   	18.897   	20.295   	20.527   
19.033   	20.317   	19.326   	19.686   
7.225   	7.508   	7.575   	7.521   
52.414   	52.216   	53.344   	54.658   
30.375   	30.350   	30.245   	29.666   
22.504   	24.477   	23.094   	23.700   
20.363   	21.712   	20.698   	21.276   
36.879   	40.414   	38.475   	38.128   
40.695   	41.945   	40.115   	43.419   
24.221   	24.491   	24.679   	24.279   
7.303   	7.051   	7.185   	7.043   
30.045   	31.561   	30.528   	31.205   
11.635   	13.002   	12.533   	12.382   
6.793   	7.379   	7.101   	6.994   
19.748   	20.296   	21.152   	20.380   
19.134   	20.242   	18.878   	20.122   
52.314   	52.492   	53.822   	52.973   
13.163   	12.973   	12.147   	12.438   
2.767   	2.792   	2.731   	2.626   
30.772   	29.042   	28.707   	30.707   
43.213   	44.957   	44.352   	44.142   
19.147   	19.097   	19.291   	19.992   
2.488   	2.576   	2.418   	2.560   
2.429   	2.588   	2.369   	2.600   
6.600   	6.505   	7.047   	6.898   
24.708   	23.687   	25.334   	24.897   
6.522   	6.999   	6.996   	6.933   
43.349   	42.767   	43.627   	46.809   
26.508   	26.584   	26.000   	26.909   
21.918   	22.945   	23.328   	23.342   
20.617   	20.585   	19.744   	20.151   
32.297   	32.681   	32.433   	32.579   
53.046   	53.747   	53.279   	52.446   
26.257   	26.806   	26.950   	27.158   
26.490   	27.182   	26.756   	27.257   
19.820   	21.358   	20.245   	20.242   
12.775   	12.498   	11.859   	12.152   
2.476   	2.554   	2.469   	2.478   
19.227   	19.643   	18.650   	19.281   
19.311   	20.026   	20.067   	20.352   
25.093   	24.799   	25.605   	25.726   
6.957   	7.283   	7.387   	6.953   
21.657   	22.984   	23.892   	23.199   
7.318   	7.305   	7.225   	7.061   
51.693   	53.110   	52.626   	53.110   
30.820   	30.694   	30.778   	31.098   
12.326   	12.834   	13.059   	13.035   
20.223   	20.520   	20.739   	20.766   
26.740   	26.315   	26.282   	26.910   
19.806   	19.981   	20.260   	19.956   
3.058   	2.763   	2.750   	2.843   
30.741   	31.818   	31.007   	30.784   
22.193   	24.804   	25.255   	24.595   
20.723   	19.784   	19.037   	19.670   
36.335   	37.688   	36.016   	36.695   
20.728   	19.623   	19.534   	20.331   
29.739   	30.597   	30.711   	29.611   
16.774   	18.479   	18.631   	19.333   
28.947   	28.230   	27.898   	28.220   
12.963   	12.477   	13.181   	12.943   
10.050   	10.859   	10.743   	10.488   
5.576   	5.610   	5.595   	5.573   
5.294   	5.058   	5.524   	5.441   
13.927   	13.902   	13.962   	14.308   
9.333   	8.875   	8.815   	9.047   
22.967   	21.996   	21.244   	22.684   
6.286   	5.359   	6.056   	6.174   
2.663   	2.452   	2.575   	2.537   
25.158   	25.827   	24.094   	25.481   
19.526   	19.528   	19.726   	19.533   
2.597   	2.493   	2.519   	2.530   
18.915   	19.294   	19.546   	18.979   
47.840   	49.245   	48.838   	48.073   
41.399   	41.095   	41.537   	41.113   
22.492   	21.974   	22.541   	21.550   
29.525   	26.756   	30.128   	27.814   
24.594   	23.655   	25.052   	24.974   
2.738   	3.026   	3.054   	2.754   
11.802   	12.219   	12.382   	12.029   
19.409   	19.107   	19.121   	18.707   
31.069   	32.519   	34.263   	30.241   
25.458   	24.491   	25.009   	24.930   
18.604   	18.728   	19.675   	18.929   
19.577   	18.200   	18.792   	18.227   
7.036   	6.877   	6.593   	6.878   
2.436   	2.402   	2.302   	2.497   
6.981   	6.806   	6.603   	6.696   
19.461   	18.372   	18.499   	18.544   
2.603   	2.561   	2.712   	2.828   
7.064   	6.795   	7.010   	7.201   
25.802   	24.914   	24.612   	25.876   
18.497   	18.428   	18.455   	18.803   
2.647   	2.544   	2.586   	2.703   
19.853   	18.802   	19.575   	19.100   
42.489   	42.811   	42.762   	41.672   
26.061   	25.196   	25.676   	25.930   
12.411   	12.603   	11.931   	11.975   
6.541   	6.682   	6.676   	6.883   
18.776   	18.834   	18.879   	18.806   
2.414   	2.445   	2.501   	2.465   
20.210   	20.634   	20.213   	20.529   
6.603   	6.814   	6.219   	6.862   
25.104   	24.959   	24.791   	24.492   
11.449   	11.530   	11.585   	11.266   
41.530   	40.760   	42.417   	43.298   
41.785   	42.735   	41.637   	41.354   
18.569   	18.587   	19.156   	18.476   
26.338   	25.562   	25.505   	25.546   
19.031   	19.736   	19.479   	19.498   
2.676   	2.689   	2.710   	2.887   
46.046   	44.511   	46.264   	46.134   
42.549   	41.712   	38.796   	41.966   
20.485   	22.911   	20.436   	22.685   
12.170   	12.356   	11.038   	11.784   
6.269   	6.662   	6.022   	6.462   
13.020   	11.423   	11.793   	13.391   
6.502   	6.264   	6.321   	6.973   
18.203   	17.798   	17.313   	17.532   
18.652   	19.235   	19.758   	20.834   
2.551   	2.744   	2.710   	2.651   
11.445   	11.368   	11.600   	12.129   
2.412   	2.535   	2.523   	2.642   
19.205   	19.588   	19.284   	18.838   
6.979   	7.324   	7.312   	6.915   
24.039   	25.042   	24.546   	23.842   
2.761   	2.784   	2.823   	2.553   
48.616   	49.279   	49.439   	47.684   
19.988   	20.176   	20.189   	19.867   
18.558   	19.278   	18.826   	19.260   
7.249   	6.970   	6.875   	6.751   
48.754   	48.481   	47.198   	48.730   
29.055   	29.431   	29.117   	29.822   
22.619   	23.026   	22.913   	22.320   
20.615   	20.791   	20.387   	20.473   
37.278   	37.904   	38.200   	36.286   
39.900   	40.827   	40.767   	40.472   
22.060   	23.133   	22.564   	23.722   
6.499   	6.607   	6.641   	7.000   
26.949   	29.298   	29.275   	27.899   
12.334   	12.191   	11.903   	12.435   
7.186   	6.845   	7.013   	6.765   
20.216   	18.817   	19.771   	19.566   
19.001   	18.620   	19.457   	19.036   
47.399   	49.112   	48.852   	46.749   
12.157   	12.235   	11.755   	12.027   
2.751   	2.767   	2.672   	2.679   
29.068   	28.765   	28.480   	29.435   
40.675   	40.699   	42.418   	40.589   
18.407   	18.715   	18.864   	19.809   
2.258   	2.599   	2.555   	2.507   
2.416   	2.460   	2.668   	2.186   
6.499   	6.502   	6.912   	5.521   
23.354   	23.196   	23.629   	23.024   
6.602   	6.397   	5.874   	5.770   
42.224   	41.428   	43.303   	41.487   
25.225   	25.349   	25.244   	25.034   
22.707   	21.408   	23.513   	22.778   
19.160   	19.365   	19.889   	18.588   
30.759   	28.333   	30.399   	30.265   
46.096   	48.803   	48.945   	49.156   
23.918   	25.067   	25.874   	26.163   
25.446   	25.678   	25.339   	26.049   
20.072   	20.158   	19.910   	20.067   
12.137   	11.446   	12.070   	12.308   
2.401   	2.290   	2.696   	2.651   
19.021   	17.707   	18.215   	18.994   
19.089   	18.947   	19.572   	19.658   
25.165   	25.249   	25.016   	25.381   
6.795   	7.025   	6.633   	7.249   
21.373   	21.926   	22.096   	22.544   
6.805   	6.852   	7.035   	7.172   
46.851   	47.204   	48.093   	47.419   
28.642   	29.524   	28.719   	29.137   
11.971   	12.401   	11.878   	11.962   
20.413   	19.062   	19.865   	20.207   
25.712   	25.179   	25.140   	25.499   
18.675   	19.152   	19.073   	19.300   
2.748   	2.568   	2.591   	2.729   
27.977   	28.575   	27.800   	28.391   
22.307   	22.855   	22.437   	20.402   
19.950   	18.826   	19.489   	19.447   
33.545   	32.829   	33.538   	32.871   
19.321   	19.237   	18.325   	17.678   
28.511   	28.848   	27.585   	28.841   
16.764   	16.636   	17.895   	17.630   
27.265   	27.483   	28.339   	28.386   
11.644   	12.066   	12.928   	12.671   
10.192   	10.386   	10.233   	11.026   
5.599   	5.513   	5.947   	5.884   
5.140   	5.224   	5.533   	5.794   
14.493   	13.999   	14.498   	14.600   
9.345   	8.365   	22.134   	8.857   
23.139   	22.442   	5.558   	22.874   
6.318   	5.479   	2.875   	6.036   
2.776   	2.836   	26.905   	2.787   
25.219   	26.619   	20.288   	26.201   
20.044   	20.182   	2.804   	19.944   
2.615   	2.618   	20.382   	2.562   
20.746   	19.581   	52.853   	19.684   
51.765   	52.218   	44.362   	51.601   
46.150   	44.130   	23.945   	43.977   
22.162   	23.324   	31.841   	23.198   
27.350   	31.396   	25.450   	25.751   
24.683   	25.623   	2.797   	24.994   
2.950   	2.775   	12.704   	2.735   
13.068   	12.716   	20.606   	12.498   
19.637   	18.812   	36.051   	19.433   
35.965   	30.223   	25.840   	35.155   
24.828   	24.890   	19.679   	25.831   
20.056   	19.209   	19.625   	19.772   
19.530   	19.002   	7.157   	20.144   
7.005   	7.252   	2.624   	7.225   
2.550   	2.351   	7.103   	2.606   
6.991   	6.845   	18.307   	7.211   
18.353   	19.167   	2.968   	18.658   
3.010   	3.028   	7.213   	2.870   
7.401   	7.076   	26.013   	7.362   
26.514   	25.263   	19.000   	27.265   
18.912   	18.445   	2.758   	19.583   
2.609   	2.802   	18.565   	2.778   
20.685   	20.391   	46.322   	18.431   
45.715   	46.474   	27.711   	43.558   
26.391   	26.304   	13.091   	26.837   
13.059   	13.030   	6.856   	13.174   
7.326   	6.937   	19.269   	7.219   
19.492   	18.905   	2.701   	19.142   
2.804   	2.800   	21.210   	2.575   
21.552   	21.667   	6.852   	21.467   
6.317   	6.503   	25.151   	6.864   
25.544   	24.701   	12.267   	26.030   
12.305   	11.714   	44.689   	11.710   
40.638   	39.678   	44.395   	40.782   
44.855   	45.510   	19.432   	43.726   
19.643   	18.725   	25.072   	19.329   
24.902   	27.079   	19.772   	26.686   
19.346   	19.441   	2.656   	19.789   
2.764   	2.936   	48.262   	2.939   
48.795   	47.663   	44.667   	47.167   
45.387   	44.401   	24.123   	45.313   
24.229   	23.708   	12.588   	23.574   
12.393   	12.023   	7.091   	12.478   
7.373   	6.828   	13.997   	6.563   
14.085   	13.778   	6.866   	10.567   
7.084   	7.266   	19.031   	5.740   
19.181   	17.630   	20.951   	17.441   
19.428   	20.489   	2.866   	19.128   
2.896   	2.860   	12.575   	2.857   
12.030   	12.010   	2.562   	12.376   
2.756   	2.492   	19.702   	2.721   
20.318   	19.599   	7.051   	19.777   
7.657   	7.487   	24.851   	7.482   
25.174   	25.039   	2.685   	24.466   
2.716   	2.769   	52.577   	2.640   
52.356   	53.533   	20.578   	52.741   
20.777   	20.370   	19.455   	20.561   
20.217   	19.989   	7.394   	19.550   
7.362   	7.349   	52.177   	7.553   
53.200   	49.819   	30.275   	53.236   
29.804   	26.547   	24.173   	30.369   
23.664   	20.486   	21.178   	23.027   
20.474   	19.909   	39.100   	21.742   
39.401   	34.688   	42.606   	34.907   
42.762   	37.067   	23.777   	40.085   
24.362   	20.660   	7.038   	22.855   
6.899   	7.598   	30.786   	6.825   
30.959   	30.321   	12.446   	29.908   
11.665   	12.587   	7.080   	12.172   
7.184   	6.965   	20.008   	7.095   
20.794   	20.305   	20.069   	20.709   
20.113   	18.884   	52.807   	19.339   
52.215   	51.638   	12.808   	50.912   
12.461   	12.721   	2.870   	12.735   
2.748   	2.666   	28.664   	2.797   
28.907   	30.145   	43.325   	30.197   
42.824   	43.522   	19.034   	44.831   
18.702   	18.492   	2.536   	18.994   
2.181   	2.366   	2.600   	2.365   
2.300   	2.541   	6.902   	2.321   
6.686   	6.593   	25.361   	7.057   
24.239   	24.443   	6.898   	24.627   
7.141   	7.069   	40.519   	6.887   
41.791   	39.908   	25.534   	44.635   
26.124   	25.896   	21.660   	26.658   
22.491   	23.818   	19.980   	23.184   
20.874   	18.702   	31.281   	20.169   
31.853   	28.363   	52.626   	32.399   
52.513   	52.792   	26.530   	52.426   
27.065   	26.533   	26.704   	27.480   
24.763   	26.191   	20.608   	26.535   
20.551   	21.126   	11.658   	21.199   
11.691   	12.161   	2.574   	12.085   
2.453   	2.458   	19.578   	2.699   
18.939   	19.835   	20.136   	19.473   
19.715   	19.620   	25.999   	20.177   
24.783   	25.315   	7.232   	24.281   
7.257   	7.250   	22.747   	6.851   
23.152   	23.422   	6.886   	22.370   
7.117   	7.047   	52.408   	7.111   
50.974   	51.008   	30.793   	49.853   
30.708   	29.664   	12.424   	28.424   
12.911   	12.894   	20.736   	12.080   
20.309   	20.449   	26.890   	20.844   
25.481   	26.550   	19.367   	25.947   
19.171   	19.788   	2.649   	19.242   
2.812   	2.828   	28.058   	2.769   
30.540   	30.236   	24.838   	30.132   
23.970   	23.776   	19.289   	22.100   
19.555   	20.093   	35.883   	19.965   
35.714   	36.112   	19.994   	35.574   
19.669   	20.375   	30.196   	19.466   
29.923   	29.176   	18.775   	28.858   
18.603   	17.611   	29.009   	17.560   
28.243   	27.898   	12.803   	27.083   
12.139   	12.084   	10.592   	12.472   
10.417   	10.795   	5.446   	10.396   
5.501   	5.232   	4.927   	5.192   
5.291   	5.117   	13.874   	5.010   
14.270   	14.403   	9.513   	14.564   
8.923   	9.057   	22.715   	9.805   
22.496   	22.750   	5.344   	23.211   
6.006   	5.973   	2.439   	6.155   
2.365   	2.505   	24.722   	2.519   
25.626   	24.843   	18.654   	25.286   
18.986   	19.288   	2.626   	19.100   
2.489   	2.640   	19.139   	2.502   
19.051   	19.592   	45.327   	19.719   
46.393   	47.568   	39.764   	46.167   
39.177   	40.197   	22.328   	39.687   
20.980   	22.400   	30.073   	21.840   
26.412   	29.487   	24.123   	26.627   
23.786   	24.235   	2.644   	23.020   
2.733   	2.851   	12.400   	2.662   
12.220   	12.123   	19.181   	11.983   
18.905   	18.873   	32.225   	19.328   
33.242   	30.574   	25.251   	30.612   
24.099   	24.175   	18.373   	23.835   
18.909   	19.103   	17.669   	18.724   
19.796   	19.045   	6.976   	19.407   
7.068   	7.062   	2.481   	6.886   
2.406   	2.350   	6.609   	2.415   
6.442   	6.275   	18.461   	6.892   
19.021   	17.745   	2.510   	18.056   
2.602   	2.623   	6.903   	2.645   
6.884   	6.655   	25.793   	6.685   
24.518   	24.652   	17.776   	25.338   
18.228   	18.420   	2.554   	18.734   
2.591   	2.698   	18.701   	2.746   
18.601   	19.226   	41.006   	18.771   
40.117   	41.541   	25.283   	40.362   
24.891   	24.101   	12.096   	25.050   
12.240   	12.005   	6.382   	12.366   
6.403   	6.506   	18.720   	6.775   
18.341   	18.554   	2.564   	19.024   
2.551   	2.652   	20.220   	2.554   
20.619   	21.065   	6.813   	19.836   
6.484   	6.784   	24.758   	6.406   
24.130   	25.090   	11.861   	22.869   
11.125   	11.452   	43.258   	11.734   
41.829   	42.246   	41.916   	41.190   
41.171   	41.659   	18.475   	40.709   
18.414   	18.913   	25.322   	18.540   
25.755   	24.962   	19.272   	26.052   
19.899   	18.434   	2.522   	19.802   
2.461   	2.705   	44.898   	2.562   
43.645   	43.961   	40.235   	44.346   
41.037   	40.721   	21.167   	41.471   
22.412   	21.731   	11.781   	21.761   
12.410   	11.970   	6.376   	11.944   
6.485   	6.562   	12.618   	6.605   
13.426   	12.600   	6.378   	12.334   
6.739   	6.905   	17.398   	6.267   
18.236   	18.608   	19.039   	17.536   
19.441   	17.761   	2.657   	18.417   
2.733   	2.572   	11.670   	2.614   
11.607   	10.627   	2.572   	11.012   
2.507   	2.682   	19.319   	2.694   
19.449   	18.542   	6.643   	18.984   
7.025   	6.719   	24.987   	6.537   
23.842   	24.216   	2.750   	25.014   
2.630   	2.603   	47.119   	2.556   
47.454   	47.614   	20.082   	46.528   
20.064   	19.249   	19.805   	19.290   
19.692   	19.074   	6.859   	19.178   
6.850   	6.878   	46.575   	7.131   
48.458   	47.631   	28.980   	48.645   
27.941   	29.180   	22.034   	28.652   
21.837   	22.831   	20.459   	22.210   
20.840   	19.949   	36.003   	20.235   
34.756   	34.712   	40.311   	37.158   
40.587   	39.024   	22.283   	40.803   
23.222   	22.287   	6.910   	21.971   
7.071   	6.671   	28.320   	6.589   
28.737   	28.201   	11.404   	27.598   
11.792   	12.597   	6.971   	11.203   
6.640   	6.677   	20.135   	6.729   
19.339   	19.705   	18.879   	19.929   
18.749   	18.519   	46.365   	18.257   
46.563   	47.568   	12.034   	46.760   
12.707   	12.244   	2.583   	12.343   
2.669   	2.710   	28.434   	2.597   
29.279   	27.957   	39.425   	28.169   
40.563   	39.746   	17.775   	40.576   
18.572   	17.761   	2.121   	17.965   
2.367   	2.449   	2.386   	2.554   
2.425   	2.309   	6.036   	2.390   
6.472   	5.980   	23.393   	6.023   
24.671   	22.890   	6.471   	24.156   
6.839   	6.778   	42.667   	6.783   
43.343   	41.461   	24.923   	44.347   
25.101   	24.368   	23.140   	24.154   
22.342   	21.621   	19.639   	22.113   
19.302   	18.559   	29.947   	19.348   
30.983   	28.141   	46.419   	29.670   
47.787   	48.646   	25.403   	47.438   
25.523   	25.926   	24.072   	25.389   
25.182   	25.318   	19.782   	25.121   
19.766   	19.936   	11.239   	19.553   
12.411   	11.918   	2.157   	11.836   
2.978   	2.390   	18.669   	2.478   
18.319   	17.950   	18.918   	18.962   
19.348   	18.738   	25.233   	19.029   
23.369   	26.166   	6.578   	24.347   
6.751   	6.910   	22.283   	7.154   
21.837   	22.061   	6.596   	22.248   
6.755   	6.817   	45.511   	6.946   
46.872   	46.708   	28.747   	46.344   
28.478   	29.164   	11.918   	29.822   
12.271   	12.118   	19.226   	12.310   
19.575   	19.007   	25.330   	20.213   
24.674   	25.272   	19.279   	24.508   
18.596   	18.763   	2.626   	18.742   
2.499   	2.645   	27.811   	2.655   
27.863   	28.093   	22.836   	27.569   
20.350   	22.135   	18.894   	19.315   
18.436   	18.293   	32.681   	18.586   
31.873   	32.590   	18.854   	32.655   
18.810   	18.291   	28.364   	18.347   
27.215   	29.357   	16.938   	28.326   
18.214   	17.297   	26.532   	17.428   
27.172   	27.140   	11.800   	26.852   
12.064   	12.336   	9.737   	11.304   
10.261   	10.451   	5.309   	10.072   
5.358   	5.798   	5.070   	5.759   
5.216   	5.301   	14.004   	5.114   
15.089   	14.177   		14.764   
