Dihedral 986  988  991  993   : -0.0000
Dihedral 983  980  978  995   : -0.0000
Dihedral 989  988  991  993   : -0.0000
Dihedral 986  984  983  993   : -0.0000
Dihedral 980  983  993  991   : -0.0000
Dihedral 983  993  991  988   : -0.0000
Dihedral 984  986  988  989   : -0.0000
Dihedral 978  980  983  993   : 5.3759
Dihedral 984  983  993  991   : -0.0000
Dihedral 983  984  986  988   : -0.0000
Dihedral 976  978  980  983   : 0.1698
Dihedral 980  983  984  986   : 0.0657
Dihedral 978  980  983  984   : 8.3765
Dihedral 984  986  988  991   : -0.0000
Side Chain Topographical Entropy (TYR 71) : 13.9880
Dihedral 999  1001 1004 1007  : 4.6090
Dihedral 997  999  1001 1004  : 8.7877
Dihedral 1007 1010 1012 1013  : 0.0657
Dihedral 1004 1001 999  1019  : 8.8129
Dihedral 1007 1010 1012 1016  : 0.1698
Dihedral 1001 1004 1007 1010  : 7.5467
Side Chain Topographical Entropy (ARG 72) : 29.9918
Dihedral 1021 1023 1025 1028  : 0.2617
Dihedral 1028 1025 1023 1033  : -0.0000
Dihedral 1023 1025 1028 1030  : -0.0000
Side Chain Topographical Entropy (ASN 73) : 0.2617
Side Chain Topographical Entropy (ALA 74) : 0.0000
Dihedral 1049 1052 1058 1057  : -0.0000
Dihedral 1053 1052 1058 1057  : -0.0000
Dihedral 1049 1052 1053 1055  : -0.0000
Dihedral 1055 1053 1052 1058  : -0.0000
Dihedral 1047 1049 1052 1053  : 0.2617
Dihedral 1053 1055 1057 1058  : -0.0000
Dihedral 1052 1049 1047 1060  : -0.0000
Dihedral 1045 1047 1049 1052  : -0.0000
Dihedral 1052 1058 1057 1055  : -0.0000
Dihedral 1052 1053 1055 1057  : -0.0000
Dihedral 1047 1049 1052 1058  : 0.3468
Side Chain Topographical Entropy (HID 75) : 0.6085
Dihedral 1062 1064 1066 1069  : 0.8524
Dihedral 1069 1066 1064 1071  : 0.7337
Side Chain Topographical Entropy (SER 76) : 1.5861
Side Chain Topographical Entropy (ALA 77) : 0.0000
Dihedral 1083 1085 1087 1093  : 0.0657
Dihedral 1089 1087 1085 1095  : -0.0000
Dihedral 1083 1085 1087 1089  : 0.0657
Dihedral 1093 1087 1085 1095  : -0.0000
Side Chain Topographical Entropy (THR 78) : 0.1315
Dihedral 1107 1101 1099 1109  : -0.0000
Dihedral 1097 1099 1101 1107  : -0.0000
Dihedral 1097 1099 1101 1103  : -0.0000
Dihedral 1103 1101 1099 1109  : -0.0000
Side Chain Topographical Entropy (THR 79) : 0.0000
Dihedral 1121 1123 1132 1130  : -0.0000
Dihedral 1119 1118 1132 1123  : -0.0000
Dihedral 1124 1126 1128 1130  : -0.0000
Dihedral 1111 1113 1115 1118  : -0.0000
Dihedral 1115 1118 1119 1121  : -0.0000
Dihedral 1113 1115 1118 1132  : 1.6749
Dihedral 1119 1121 1123 1124  : -0.0000
Dihedral 1118 1132 1130 1128  : -0.0000
Dihedral 1118 1115 1113 1133  : -0.0000
Dihedral 1126 1124 1123 1132  : -0.0000
Dihedral 1123 1132 1130 1128  : -0.0000
Dihedral 1123 1124 1126 1128  : -0.0000
Dihedral 1115 1118 1132 1130  : -0.0000
Dihedral 1118 1132 1123 1124  : -0.0000
Dihedral 1118 1119 1121 1123  : -0.0000
Dihedral 1115 1118 1132 1123  : -0.0000
Dihedral 1121 1119 1118 1132  : -0.0000
Dihedral 1118 1132 1123 1121  : -0.0000
Dihedral 1119 1118 1132 1130  : -0.0000
Dihedral 1121 1123 1124 1126  : -0.0000
Dihedral 1119 1121 1123 1132  : -0.0000
Dihedral 1126 1128 1130 1132  : -0.0000
Dihedral 1124 1123 1132 1130  : -0.0000
Side Chain Topographical Entropy (TRP 80) : 1.6749
Dihedral 1142 1139 1137 1144  : 0.2617
Dihedral 1135 1137 1139 1142  : 0.3874
Side Chain Topographical Entropy (SER 81) : 0.6491
Side Chain Topographical Entropy (GLY 82) : 0.0000
Dihedral 1155 1157 1160 1163  : 1.1574
Dihedral 1160 1157 1155 1168  : 8.3236
Dihedral 1153 1155 1157 1160  : 8.3381
Dihedral 1157 1160 1163 1165  : 7.3418
Side Chain Topographical Entropy (GLN 83) : 25.1609
Dihedral 1180 1182 1185 1187  : -0.0000
Dihedral 1172 1174 1177 1178  : 5.4833
Dihedral 1172 1174 1177 1187  : -0.0000
Dihedral 1177 1178 1180 1182  : -0.0000
Dihedral 1177 1174 1172 1189  : -0.0000
Dihedral 1178 1180 1182 1183  : -0.0000
Dihedral 1170 1172 1174 1177  : -0.0000
Dihedral 1177 1187 1185 1182  : -0.0000
Dihedral 1183 1182 1185 1187  : -0.0000
Dihedral 1178 1180 1182 1185  : -0.0000
Dihedral 1174 1177 1178 1180  : -0.0000
Dihedral 1180 1178 1177 1187  : -0.0000
Dihedral 1174 1177 1187 1185  : -0.0000
Dihedral 1178 1177 1187 1185  : -0.0000
Side Chain Topographical Entropy (TYR 84) : 5.4833
Dihedral 1197 1195 1193 1205  : 1.4959
Dihedral 1191 1193 1195 1201  : 1.7983
Dihedral 1191 1193 1195 1197  : 1.6202
Dihedral 1201 1195 1193 1205  : 1.6231
Side Chain Topographical Entropy (VAL 85) : 6.5375
Side Chain Topographical Entropy (GLY 86) : 0.0000
Side Chain Topographical Entropy (GLY 87) : 0.0000
Side Chain Topographical Entropy (ALA 88) : 0.0000
Dihedral 1235 1238 1241 1243  : 8.1202
Dihedral 1235 1238 1241 1242  : 9.1295
Dihedral 1233 1235 1238 1241  : 4.3202
Dihedral 1238 1235 1233 1244  : 0.2168
Dihedral 1231 1233 1235 1238  : 0.2825
Side Chain Topographical Entropy (GLU 89) : 22.0693
Side Chain Topographical Entropy (ALA 90) : 0.0000
Dihedral 1263 1260 1258 1278  : 6.1664
Dihedral 1266 1269 1271 1275  : 0.2168
Dihedral 1266 1269 1271 1272  : 0.1200
Dihedral 1256 1258 1260 1263  : 6.3832
Dihedral 1258 1260 1263 1266  : 3.5160
Dihedral 1260 1263 1266 1269  : 6.2886
Side Chain Topographical Entropy (ARG 91) : 22.6911
Dihedral 1280 1282 1284 1290  : 1.3698
Dihedral 1286 1284 1290 1293  : 0.2617
Dihedral 1290 1284 1282 1297  : 0.5768
Dihedral 1282 1284 1290 1293  : 0.1200
Dihedral 1286 1284 1282 1297  : 0.1698
Dihedral 1280 1282 1284 1286  : 0.6476
Side Chain Topographical Entropy (ILE 92) : 3.1457
Dihedral 1301 1303 1306 1308  : 6.7582
Dihedral 1306 1303 1301 1311  : 0.7817
Dihedral 1299 1301 1303 1306  : 0.7817
Side Chain Topographical Entropy (ASN 93) : 8.3216
Dihedral 1313 1315 1317 1323  : 0.7495
Dihedral 1319 1317 1315 1325  : -0.0000
Dihedral 1313 1315 1317 1319  : 0.9720
Dihedral 1323 1317 1315 1325  : 0.0657
Side Chain Topographical Entropy (THR 94) : 1.7873
Dihedral 1327 1329 1331 1334  : -0.0000
Dihedral 1334 1331 1329 1342  : -0.0000
Dihedral 1331 1334 1337 1339  : 6.0940
Dihedral 1329 1331 1334 1337  : 4.0832
Side Chain Topographical Entropy (GLN 95) : 10.1771
Dihedral 1354 1356 1365 1363  : -0.0000
Dihedral 1348 1351 1365 1356  : -0.0000
Dihedral 1348 1351 1352 1354  : -0.0000
Dihedral 1351 1365 1356 1357  : -0.0000
Dihedral 1357 1359 1361 1363  : -0.0000
Dihedral 1359 1361 1363 1365  : -0.0000
Dihedral 1351 1348 1346 1366  : -0.0000
Dihedral 1354 1352 1351 1365  : -0.0000
Dihedral 1352 1354 1356 1365  : -0.0000
Dihedral 1351 1352 1354 1356  : -0.0000
Dihedral 1359 1357 1356 1365  : -0.0000
Dihedral 1352 1351 1365 1356  : -0.0000
Dihedral 1352 1351 1365 1363  : -0.0000
Dihedral 1357 1356 1365 1363  : -0.0000
Dihedral 1354 1356 1357 1359  : -0.0000
Dihedral 1346 1348 1351 1365  : 0.3874
Dihedral 1344 1346 1348 1351  : -0.0000
Dihedral 1351 1365 1363 1361  : -0.0000
Dihedral 1348 1351 1365 1363  : -0.0000
Dihedral 1352 1354 1356 1357  : -0.0000
Dihedral 1356 1357 1359 1361  : -0.0000
Dihedral 1351 1365 1356 1354  : -0.0000
Dihedral 1356 1365 1363 1361  : -0.0000
Side Chain Topographical Entropy (TRP 96) : 0.3874
Dihedral 1370 1372 1375 1381  : -0.0000
Dihedral 1375 1372 1370 1385  : 0.0657
Dihedral 1368 1370 1372 1375  : 0.0657
Dihedral 1370 1372 1375 1377  : -0.0000
Side Chain Topographical Entropy (LEU 97) : 0.1315
Dihedral 1389 1391 1394 1396  : -0.0000
Dihedral 1394 1391 1389 1404  : -0.0000
Dihedral 1387 1389 1391 1394  : -0.0000
Dihedral 1389 1391 1394 1400  : -0.0000
Side Chain Topographical Entropy (LEU 98) : 0.0000
Dihedral 1406 1408 1410 1416  : 0.0657
Dihedral 1406 1408 1410 1412  : -0.0000
Dihedral 1412 1410 1408 1418  : -0.0000
Dihedral 1416 1410 1408 1418  : -0.0000
Side Chain Topographical Entropy (THR 99) : 0.0657
Dihedral 1427 1424 1422 1429  : 8.3769
Dihedral 1420 1422 1424 1427  : 8.3769
Side Chain Topographical Entropy (SER 100) : 16.7538
Side Chain Topographical Entropy (GLY 101) : 0.0000
Dihedral 1448 1442 1440 1450  : -0.0000
Dihedral 1438 1440 1442 1448  : 0.1200
Dihedral 1438 1440 1442 1444  : 0.0657
Dihedral 1444 1442 1440 1450  : -0.0000
Side Chain Topographical Entropy (THR 102) : 0.1857
Dihedral 1452 1454 1456 1458  : 0.0657
Dihedral 1458 1456 1454 1464  : -0.0000
Dihedral 1462 1456 1454 1464  : 0.0657
Dihedral 1452 1454 1456 1462  : 0.2168
Side Chain Topographical Entropy (THR 103) : 0.3483
Dihedral 1470 1473 1476 1478  : 9.1270
Dihedral 1473 1470 1468 1479  : 7.7625
Dihedral 1466 1468 1470 1473  : 7.6800
Dihedral 1470 1473 1476 1477  : 9.0671
Dihedral 1468 1470 1473 1476  : 9.1116
Side Chain Topographical Entropy (GLU 104) : 42.7482
Side Chain Topographical Entropy (ALA 105) : 0.0000
Dihedral 1491 1493 1495 1498  : -0.0000
Dihedral 1498 1495 1493 1503  : -0.0000
Dihedral 1493 1495 1498 1500  : 2.5930
Side Chain Topographical Entropy (ASN 106) : 2.5930
Side Chain Topographical Entropy (ALA 107) : 0.0000
Dihedral 1528 1527 1536 1534  : -0.0000
Dihedral 1528 1530 1532 1534  : -0.0000
Dihedral 1522 1536 1534 1532  : -0.0000
Dihedral 1522 1536 1527 1525  : -0.0000
Dihedral 1517 1519 1522 1536  : 5.1137
Dihedral 1527 1536 1534 1532  : -0.0000
Dihedral 1530 1528 1527 1536  : -0.0000
Dihedral 1519 1522 1523 1525  : -0.0000
Dihedral 1515 1517 1519 1522  : 0.2168
Dihedral 1519 1522 1536 1527  : -0.0000
Dihedral 1522 1519 1517 1537  : -0.0000
Dihedral 1523 1525 1527 1528  : -0.0000
Dihedral 1522 1536 1527 1528  : -0.0000
Dihedral 1525 1527 1536 1534  : -0.0000
Dihedral 1522 1523 1525 1527  : -0.0000
Dihedral 1525 1523 1522 1536  : -0.0000
Dihedral 1523 1522 1536 1527  : -0.0000
Dihedral 1519 1522 1536 1534  : -0.0000
Dihedral 1527 1528 1530 1532  : -0.0000
Dihedral 1523 1525 1527 1536  : -0.0000
Dihedral 1530 1532 1534 1536  : -0.0000
Dihedral 1523 1522 1536 1534  : -0.0000
Dihedral 1525 1527 1528 1530  : -0.0000
Side Chain Topographical Entropy (TRP 108) : 5.3306
Dihedral 1539 1541 1543 1546  : 0.1200
Dihedral 1546 1543 1541 1559  : -0.0000
Dihedral 1543 1546 1549 1552  : 8.2240
Dihedral 1546 1549 1552 1555  : 1.9872
Dihedral 1541 1543 1546 1549  : 1.6666
Side Chain Topographical Entropy (LYS 109) : 11.9977
Dihedral 1561 1563 1565 1568  : -0.0000
Dihedral 1568 1565 1563 1570  : -0.0000
Side Chain Topographical Entropy (SER 110) : 0.0000
Dihedral 1582 1576 1574 1584  : -0.0000
Dihedral 1578 1576 1574 1584  : -0.0000
Dihedral 1572 1574 1576 1578  : 0.1698
Dihedral 1572 1574 1576 1582  : 0.1698
Side Chain Topographical Entropy (THR 111) : 0.3396
Dihedral 1586 1588 1590 1593  : 1.4747
Dihedral 1588 1590 1593 1595  : 1.6749
Dihedral 1588 1590 1593 1599  : 1.7232
Dihedral 1593 1590 1588 1603  : 1.4747
Side Chain Topographical Entropy (LEU 112) : 6.3475
Dihedral 1605 1607 1609 1615  : 0.2168
Dihedral 1615 1609 1607 1619  : 0.0657
Dihedral 1605 1607 1609 1611  : 0.0657
Dihedral 1611 1609 1607 1619  : 0.0657
Side Chain Topographical Entropy (VAL 113) : 0.4141
Side Chain Topographical Entropy (GLY 114) : 0.0000
Dihedral 1636 1635 1641 1640  : -0.0000
Dihedral 1635 1632 1630 1643  : -0.0000
Dihedral 1636 1638 1640 1641  : -0.0000
Dihedral 1638 1636 1635 1641  : -0.0000
Dihedral 1632 1635 1641 1640  : -0.0000
Dihedral 1635 1641 1640 1638  : -0.0000
Dihedral 1628 1630 1632 1635  : -0.0000
Dihedral 1635 1636 1638 1640  : -0.0000
Dihedral 1630 1632 1635 1641  : -0.0000
Dihedral 1632 1635 1636 1638  : -0.0000
Dihedral 1630 1632 1635 1636  : 5.1475
Side Chain Topographical Entropy (HID 115) : 5.1475
Dihedral 1645 1647 1649 1652  : -0.0000
Dihedral 1647 1649 1652 1653  : 1.9326
Dihedral 1647 1649 1652 1654  : 0.1698
Dihedral 1652 1649 1647 1655  : -0.0000
Side Chain Topographical Entropy (ASP 116) : 2.1024
Dihedral 1667 1661 1659 1669  : 5.3462
Dihedral 1657 1659 1661 1667  : 5.3462
Dihedral 1663 1661 1659 1669  : 5.3462
Dihedral 1657 1659 1661 1663  : 5.3462
Side Chain Topographical Entropy (THR 117) : 21.3850
Dihedral 1681 1679 1678 1687  : -0.0000
Dihedral 1678 1679 1681 1683  : -0.0000
Dihedral 1675 1678 1687 1685  : -0.0000
Dihedral 1671 1673 1675 1678  : 0.0657
Dihedral 1679 1681 1683 1685  : -0.0000
Dihedral 1675 1678 1679 1681  : -0.0000
Dihedral 1681 1683 1685 1687  : -0.0000
Dihedral 1673 1675 1678 1679  : 4.3598
Dihedral 1673 1675 1678 1687  : -0.0000
Dihedral 1679 1678 1687 1685  : -0.0000
Dihedral 1678 1687 1685 1683  : -0.0000
Dihedral 1678 1675 1673 1689  : -0.0000
Side Chain Topographical Entropy (PHE 118) : 4.4256
Dihedral 1701 1695 1693 1703  : 0.0657
Dihedral 1691 1693 1695 1697  : 0.0657
Dihedral 1691 1693 1695 1701  : 0.0657
Dihedral 1697 1695 1693 1703  : 0.1200
Side Chain Topographical Entropy (THR 119) : 0.3172
Dihedral 1707 1709 1712 1715  : 1.3815
Dihedral 1709 1712 1715 1718  : 0.7269
Dihedral 1712 1715 1718 1721  : 2.2583
Dihedral 1712 1709 1707 1725  : 0.9104
Dihedral 1705 1707 1709 1712  : 0.5034
Side Chain Topographical Entropy (LYS 120) : 5.7806
Dihedral 1733 1731 1729 1741  : 3.4564
Dihedral 1727 1729 1731 1737  : 3.4417
Dihedral 1737 1731 1729 1741  : 3.4564
Dihedral 1727 1729 1731 1733  : 3.4564
Side Chain Topographical Entropy (VAL 121) : 13.8108
Dihedral 1745 1747 1750 1753  : 0.8865
Dihedral 1747 1750 1753 1756  : 6.3994
Dihedral 1743 1745 1747 1750  : 4.6651
Dihedral 1750 1753 1756 1759  : 4.8553
Dihedral 1750 1747 1745 1763  : 4.6210
Side Chain Topographical Entropy (LYS 122) : 21.4274
Dihedral 1765 1775 1772 1769  : 2.7573
Dihedral 1766 1769 1772 1775  : 5.2429
Dihedral 1769 1772 1775 1777  : 4.0063
Dihedral 1763 1765 1766 1769  : 2.3982
Dihedral 1765 1766 1769 1772  : 4.2511
Side Chain Topographical Entropy (PRO 123) : 18.6558
Dihedral 1779 1781 1783 1786  : 9.0361
Dihedral 1786 1783 1781 1788  : 9.0406
Side Chain Topographical Entropy (SER 124) : 18.0768
Side Chain Topographical Entropy (ALA 125) : 0.0000
Side Chain Topographical Entropy (ALA 126) : 0.0000
Dihedral 1810 1812 1814 1817  : 3.8154
Dihedral 1817 1814 1812 1819  : 3.7793
Side Chain Topographical Entropy (CSER 127) : 7.5947
____________________________________________________________
Total SC Topog. Entropy                  :         792.779
------------------------------------------------------------
------------------------------------------------------------
Topographical entropy of BB dihedrals 
 computed using the pLogp formalism
------------------------------------------------------------
Dihedral 368  367  369  371   : 0.0657 (-10000)
Dihedral 1607 1619 1621 1623  : -0.0000 (-10000)
Dihedral 1346 1366 1368 1370  : -0.0000 (-10000)
Dihedral 352  367  369  371   : -0.0000 (-10000)
Dihedral 1673 1689 1691 1693  : -0.0000 (-10000)
Dihedral 266  278  280  282   : -0.0000 (-10000)
Dihedral 1137 1144 1146 1148  : 0.3874 (-10000)
Dihedral 597  612  614  616   : -0.0000 (-10000)
Dihedral 1213 1212 1214 1216  : -0.0000 (-10000)
Dihedral 1538 1537 1539 1541  : -0.0000 (-10000)
Dihedral 14   25   27   29    : -0.0000 (-10000)
Dihedral 1258 1278 1280 1282  : -0.0000 (-10000)
Dihedral 210  209  211  213   : -0.0000 (-10000)
Dihedral 1775 1777 1779 1781  : 0.1698 (-10000)
Dihedral 1541 1559 1561 1563  : -0.0000 (-10000)
Dihedral 282  292  294  296   : 0.0657 (-10000)
Dihedral 1223 1229 1231 1233  : -0.0000 (-10000)
Dihedral 811  810  812  814   : -0.0000 (-10000)
Dihedral 961  960  962  964   : -0.0000 (-10000)
Dihedral 975  974  976  978   : 0.0657 (-10000)
Dihedral 1808 1810 1812 1814  : 1.5512 (  127)
Dihedral 1110 1109 1111 1113  : -0.0000 (-10000)
Dihedral 712  711  713  723   : 0.0657 (-10000)
Dihedral 1764 1763 1765 1766  : -0.0000 (-10000)
Dihedral 510  521  523  525   : -0.0000 (-10000)
Dihedral 332  331  333  335   : 0.5034 (-10000)
Dihedral 279  278  280  282   : 0.1698 (-10000)
Dihedral 450  449  451  453   : 0.2168 (-10000)
Dihedral 1451 1450 1452 1454  : 1.9326 (-10000)
Dihedral 833  836  838  840   : -0.0000 (-10000)
Dihedral 726  725  727  729   : 0.0657 (-10000)
Dihedral 1193 1205 1207 1209  : 0.1698 (-10000)
Dihedral 1155 1168 1170 1172  : -0.0000 (-10000)
Dihedral 124  141  143  145   : -0.0000 (-10000)
Dihedral 1020 1019 1021 1023  : 0.5768 (-10000)
Dihedral 1301 1311 1313 1315  : 0.0657 (-10000)
Dihedral 4    10   12   14    : 0.0657 (-10000)
Dihedral 1064 1071 1073 1075  : -0.0000 (-10000)
Dihedral 1468 1479 1481 1483  : -0.0000 (-10000)
Dihedral 1437 1436 1438 1440  : -0.0000 (-10000)
Dihedral 335  338  340  342   : -0.0000 (-10000)
Dihedral 1326 1325 1327 1329  : 1.6749 (-10000)
Dihedral 765  768  770  772   : -0.0000 (-10000)
Dihedral 1220 1219 1221 1223  : -0.0000 (-10000)
Dihedral 227  243  245  247   : -0.0000 (-10000)
Dihedral 753  761  763  765   : 0.1698 (-10000)
Dihedral 705  711  713  723   : -0.0000 (-10000)
Dihedral 1422 1429 1431 1433  : -0.0000 (-10000)
Dihedral 682  690  692  694   : -0.0000 (-10000)
Dihedral 1659 1669 1671 1673  : 0.5768 (-10000)
Dihedral 463  475  477  479   : -0.0000 (-10000)
Dihedral 1113 1133 1135 1137  : -0.0000 (-10000)
Dihedral 1405 1404 1406 1408  : -0.0000 (-10000)
Dihedral 385  388  390  392   : -0.0000 (-10000)
Dihedral 483  482  484  486   : -0.0000 (-10000)
Dihedral 1061 1060 1062 1064  : -0.0000 (-10000)
Dihedral 1072 1071 1073 1075  : -0.0000 (-10000)
Dihedral 996  995  997  999   : -0.0000 (-10000)
Dihedral 303  302  304  306   : 0.1200 (-10000)
Dihedral 1312 1311 1313 1315  : -0.0000 (-10000)
Dihedral 875  874  876  878   : 0.2168 (-10000)
Dihedral 1560 1559 1561 1563  : -0.0000 (-10000)
Dihedral 1574 1584 1586 1588  : -0.0000 (-10000)
Dihedral 460  459  461  463   : -0.0000 (-10000)
Dihedral 263  262  264  266   : -0.0000 (-10000)
Dihedral 581  593  595  597   : -0.0000 (-10000)
Dihedral 613  612  614  616   : -0.0000 (-10000)
Dihedral 195  198  200  202   : -0.0000 (-10000)
Dihedral 1690 1689 1691 1693  : 0.0657 (-10000)
Dihedral 1514 1513 1515 1517  : -0.0000 (-10000)
Dihedral 1023 1033 1035 1037  : -0.0000 (-10000)
Dihedral 1389 1404 1406 1408  : -0.0000 (-10000)
Dihedral 1148 1151 1153 1155  : 0.0657 (-10000)
Dihedral 306  309  311  313   : 0.5405 (-10000)
Dihedral 1145 1144 1146 1148  : -0.0000 (-10000)
Dihedral 1386 1385 1387 1389  : -0.0000 (-10000)
Dihedral 389  388  390  392   : -0.0000 (-10000)
Dihedral 1764 1763 1765 1775  : -0.0000 (-10000)
Dihedral 97   96   98   100   : -0.0000 (-10000)
Dihedral 712  711  713  714   : 0.2168 (-10000)
Dihedral 1370 1385 1387 1389  : -0.0000 (-10000)
Dihedral 476  475  477  479   : -0.0000 (-10000)
Dihedral 442  449  451  453   : -0.0000 (-10000)
Dihedral 901  900  902  904   : -0.0000 (-10000)
Dihedral 1644 1643 1645 1647  : -0.0000 (-10000)
Dihedral 1517 1537 1539 1541  : -0.0000 (-10000)
Dihedral 342  348  350  352   : -0.0000 (-10000)
Dihedral 142  141  143  145   : 0.3468 (-10000)
Dihedral 176  191  193  195   : -0.0000 (-10000)
Dihedral 121  120  122  124   : -0.0000 (-10000)
Dihedral 192  191  193  195   : -0.0000 (-10000)
Dihedral 1745 1763 1765 1775  : 0.0657 (-10000)
Dihedral 320  319  321  323   : -0.0000 (-10000)
Dihedral 1343 1342 1344 1346  : -0.0000 (-10000)
Dihedral 500  506  508  510   : -0.0000 (-10000)
Dihedral 1704 1703 1705 1707  : 0.0657 (-10000)
Dihedral 804  810  812  814   : 0.0657 (-10000)
Dihedral 86   96   98   100   : 0.3874 (-10000)
Dihedral 36   35   37   39    : 0.0657 (-10000)
Dihedral 1656 1655 1657 1659  : 0.0657 (-10000)
Dihedral 1465 1464 1466 1468  : -0.0000 (-10000)
Dihedral 497  496  498  500   : 0.3874 (-10000)
Dihedral 1096 1095 1097 1099  : 0.0657 (-10000)
Dihedral 694  701  703  705   : -0.0000 (-10000)
Dihedral 1493 1503 1505 1507  : -0.0000 (-10000)
Dihedral 199  198  200  202   : 0.4656 (-10000)
Dihedral 594  593  595  597   : -0.0000 (-10000)
Dihedral 1789 1788 1790 1792  : 0.1200 (-10000)
Dihedral 769  768  770  772   : 0.1698 (-10000)
Dihedral 76   75   77   79    : -0.0000 (-10000)
Dihedral 925  924  926  928   : 0.0657 (-10000)
Dihedral 814  829  831  833   : -0.0000 (-10000)
Dihedral 762  761  763  765   : 0.0657 (-10000)
Dihedral 6    4    10   12    : 1.7786 (    1)
Dihedral 950  960  962  964   : 0.0657 (-10000)
Dihedral 679  678  680  682   : 0.0657 (-10000)
Dihedral 525  532  534  536   : 0.2617 (-10000)
Dihedral 1809 1808 1810 1812  : -0.0000 (-10000)
Dihedral 637  657  659  661   : -0.0000 (-10000)
Dihedral 349  348  350  352   : 0.3468 (-10000)
Dihedral 1279 1278 1280 1282  : 0.5034 (-10000)
Dihedral 578  577  579  581   : -0.0000 (-10000)
Dihedral 705  711  713  714   : 0.1698 (-10000)
Dihedral 310  309  311  313   : -0.0000 (-10000)
Dihedral 691  690  692  694   : -0.0000 (-10000)
Dihedral 780  779  781  783   : 0.3468 (-10000)
Dihedral 947  946  948  950   : 0.4656 (-10000)
Dihedral 1152 1151 1153 1155  : 0.0657 (-10000)
Dihedral 1742 1741 1743 1745  : -0.0000 (-10000)
Dihedral 1799 1798 1800 1802  : 0.1200 (-10000)
Dihedral 1808 1810 1812 1819  : 1.2398 (  127)
Dihedral 702  701  703  705   : 0.4270 (-10000)
Dihedral 1623 1626 1628 1630  : -0.0000 (-10000)
Dihedral 1082 1081 1083 1085  : 0.0657 (-10000)
Dihedral 339  338  340  342   : -0.0000 (-10000)
Dihedral 1419 1418 1420 1422  : 0.5768 (-10000)
Dihedral 1726 1725 1727 1729  : 0.0657 (-10000)
Dihedral 1315 1325 1327 1329  : -0.0000 (-10000)
Dihedral 616  626  628  630   : 0.1200 (-10000)
Dihedral 1099 1109 1111 1113  : -0.0000 (-10000)
Dihedral 1627 1626 1628 1630  : -0.0000 (-10000)
Dihedral 1778 1777 1779 1781  : 0.1698 (-10000)
Dihedral 1134 1133 1135 1137  : 0.1698 (-10000)
Dihedral 729  735  737  739   : 0.6476 (-10000)
Dihedral 1781 1788 1790 1792  : -0.0000 (-10000)
Dihedral 661  678  680  682   : -0.0000 (-10000)
Dihedral 156  155  157  159   : -0.0000 (-10000)
Dihedral 1563 1570 1572 1574  : 1.3431 (-10000)
Dihedral 1044 1043 1045 1047  : -0.0000 (-10000)
Dihedral 406  423  425  427   : -0.0000 (-10000)
Dihedral 658  657  659  661   : -0.0000 (-10000)
Dihedral 1430 1429 1431 1433  : 0.3468 (-10000)
Dihedral 1367 1366 1368 1370  : -0.0000 (-10000)
Dihedral 978  995  997  999   : 0.5405 (-10000)
Dihedral 1480 1479 1481 1483  : -0.0000 (-10000)
Dihedral 403  402  404  406   : -0.0000 (-10000)
Dihedral 62   61   63   65    : -0.0000 (-10000)
Dihedral 427  438  440  442   : -0.0000 (-10000)
Dihedral 1490 1489 1491 1493  : -0.0000 (-10000)
Dihedral 560  577  579  581   : -0.0000 (-10000)
Dihedral 224  223  225  227   : -0.0000 (-10000)
Dihedral 878  890  892  894   : -0.0000 (-10000)
Dihedral 1454 1464 1466 1468  : -0.0000 (-10000)
Dihedral 1085 1095 1097 1099  : -0.0000 (-10000)
Dihedral 736  735  737  739   : -0.0000 (-10000)
Dihedral 999  1019 1021 1023  : -0.0000 (-10000)
Dihedral 1571 1570 1572 1574  : -0.0000 (-10000)
Dihedral 830  829  831  833   : 0.8473 (-10000)
Dihedral 1802 1808 1810 1812  : -0.0000 (-10000)
Dihedral 1604 1603 1605 1607  : -0.0000 (-10000)
Dihedral 173  172  174  176   : 0.1200 (-10000)
Dihedral 1483 1489 1491 1493  : -0.0000 (-10000)
Dihedral 202  209  211  213   : -0.0000 (-10000)
Dihedral 894  900  902  904   : 0.3050 (-10000)
Dihedral 783  786  788  790   : -0.0000 (-10000)
Dihedral 891  890  892  894   : 1.0323 (-10000)
Dihedral 43   42   44   46    : 0.0657 (-10000)
Dihedral 293  292  294  296   : 0.2168 (-10000)
Dihedral 557  556  558  560   : 0.0657 (-10000)
Dihedral 533  532  534  536   : 0.0657 (-10000)
Dihedral 424  423  425  427   : 0.1698 (-10000)
Dihedral 1255 1254 1256 1258  : -0.0000 (-10000)
Dihedral 750  749  751  753   : 0.0657 (-10000)
Dihedral 1298 1297 1299 1301  : 0.3874 (-10000)
Dihedral 39   42   44   46    : -0.0000 (-10000)
Dihedral 837  836  838  840   : -0.0000 (-10000)
Dihedral 864  874  876  878   : -0.0000 (-10000)
Dihedral 861  860  862  864   : -0.0000 (-10000)
Dihedral 247  262  264  266   : 1.0323 (-10000)
Dihedral 772  779  781  783   : -0.0000 (-10000)
Dihedral 46   61   63   65    : -0.0000 (-10000)
Dihedral 100  120  122  124   : -0.0000 (-10000)
Dihedral 1230 1229 1231 1233  : 0.1698 (-10000)
Dihedral 244  243  245  247   : -0.0000 (-10000)
Dihedral 507  506  508  510   : -0.0000 (-10000)
Dihedral 26   25   27   29    : 0.1698 (-10000)
Dihedral 536  556  558  560   : -0.0000 (-10000)
Dihedral 1792 1798 1800 1802  : -0.0000 (-10000)
Dihedral 1282 1297 1299 1301  : -0.0000 (-10000)
Dihedral 1693 1703 1705 1707  : -0.0000 (-10000)
Dihedral 296  302  304  306   : -0.0000 (-10000)
Dihedral 65   75   77   79    : -0.0000 (-10000)
Dihedral 1507 1513 1515 1517  : -0.0000 (-10000)
Dihedral 787  786  788  790   : -0.0000 (-10000)
Dihedral 801  800  802  804   : 0.0657 (-10000)
Dihedral 840  860  862  864   : -0.0000 (-10000)
Dihedral 627  626  628  630   : -0.0000 (-10000)
Dihedral 1034 1033 1035 1037  : -0.0000 (-10000)
Dihedral 1245 1244 1246 1248  : -0.0000 (-10000)
Dihedral 1630 1643 1645 1647  : -0.0000 (-10000)
Dihedral 1620 1619 1621 1623  : 0.0657 (-10000)
Dihedral 1169 1168 1170 1172  : 0.7161 (-10000)
Dihedral 1670 1669 1671 1673  : -0.0000 (-10000)
Dihedral 904  924  926  928   : -0.0000 (-10000)
Dihedral 1216 1219 1221 1223  : -0.0000 (-10000)
Dihedral 392  402  404  406   : -0.0000 (-10000)
Dihedral 1433 1436 1438 1440  : 0.2168 (-10000)
Dihedral 453  459  461  463   : 0.2168 (-10000)
Dihedral 634  633  635  637   : -0.0000 (-10000)
Dihedral 1047 1060 1062 1064  : -0.0000 (-10000)
Dihedral 1329 1342 1344 1346  : -0.0000 (-10000)
Dihedral 1172 1189 1191 1193  : -0.0000 (-10000)
Dihedral 29   35   37   39    : 0.1200 (-10000)
Dihedral 1585 1584 1586 1588  : 0.5034 (-10000)
Dihedral 486  496  498  500   : -0.0000 (-10000)
Dihedral 1440 1450 1452 1454  : -0.0000 (-10000)
Dihedral 11   10   12   14    : 0.2168 (-10000)
Dihedral 723  725  727  729   : -0.0000 (-10000)
Dihedral 1233 1244 1246 1248  : -0.0000 (-10000)
Dihedral 1707 1725 1727 1729  : -0.0000 (-10000)
Dihedral 1075 1081 1083 1085  : -0.0000 (-10000)
Dihedral 83   82   84   86    : 0.5405 (-10000)
Dihedral 1206 1205 1207 1209  : 0.0657 (-10000)
Dihedral 630  633  635  637   : 0.0657 (-10000)
Dihedral 145  155  157  159   : -0.0000 (-10000)
Dihedral 1588 1603 1605 1607  : -0.0000 (-10000)
Dihedral 1248 1254 1256 1258  : 0.2617 (-10000)
Dihedral 382  381  383  385   : -0.0000 (-10000)
Dihedral 1037 1043 1045 1047  : -0.0000 (-10000)
Dihedral 1408 1418 1420 1422  : -0.0000 (-10000)
Dihedral 1504 1503 1505 1507  : -0.0000 (-10000)
Dihedral 79   82   84   86    : -0.0000 (-10000)
Dihedral 790  800  802  804   : -0.0000 (-10000)
Dihedral 1729 1741 1743 1745  : -0.0000 (-10000)
Dihedral 479  482  484  486   : 0.2617 (-10000)
Dihedral 964  974  976  978   : 0.0657 (-10000)
Dihedral 1209 1212 1214 1216  : 0.1698 (-10000)
Dihedral 739  749  751  753   : 0.1200 (-10000)
Dihedral 439  438  440  442   : -0.0000 (-10000)
Dihedral 1647 1655 1657 1659  : -0.0000 (-10000)
Dihedral 1745 1763 1765 1766  : 0.7826 (-10000)
Dihedral 928  946  948  950   : -0.0000 (-10000)
Dihedral 159  172  174  176   : -0.0000 (-10000)
Dihedral 522  521  523  525   : -0.0000 (-10000)
Dihedral 371  381  383  385   : -0.0000 (-10000)
Dihedral 313  319  321  323   : 0.2168 (-10000)
Dihedral 1190 1189 1191 1193  : -0.0000 (-10000)
Dihedral 323  331  333  335   : -0.0000 (-10000)
Dihedral 213  223  225  227   : -0.0000 (-10000)
____________________________________________________________
Total BB Topog. Entropy                  :          31.475
------------------------------------------------------------
____________________________________________________________
Total Entropy                            :         824.254
------------------------------------------------------------
