------------------------------------------------------------
            Hierarchy level. --> United Atom <--            
------------------------------------------------------------
      RESNAME   RESID  FF_ENTROPY  TT_ENTROPY
UATOM NALA          1       9.106      38.402
UATOM GLU           2      22.410      21.125
UATOM ALA           3       5.923      24.928
UATOM GLY           4       2.708      11.318
UATOM ILE           5      25.446      53.338
UATOM THR           6      20.486      34.930
UATOM GLY           7       2.769      13.753
UATOM THR           8      20.745      35.198
UATOM TRP           9      50.648      40.663
UATOM TYR          10      43.567      36.528
UATOM ASN          11      22.201      25.041
UATOM GLN          12      26.791      33.893
UATOM LEU          13      25.063      52.797
UATOM GLY          14       2.865      12.890
UATOM SER          15      11.955      21.270
UATOM THR          16      18.456      33.606
UATOM PHE          17      35.421      36.563
UATOM ILE          18      24.780      51.763
UATOM VAL          19      19.851      43.440
UATOM THR          20      19.470      35.013
UATOM ALA          21       6.941      25.328
UATOM GLY          22       2.541      12.668
UATOM ALA          23       7.339      25.143
UATOM ASP          24      18.234      13.921
UATOM GLY          25       2.926      13.003
UATOM ALA          26       6.967      25.053
UATOM LEU          27      27.270      53.152
UATOM THR          28      18.408      35.316
UATOM GLY          29       2.624      13.499
UATOM THR          30      20.490      36.306
UATOM TYR          31      45.318      38.821
UATOM GLU          32      25.938      23.047
UATOM SER          33      12.382      22.312
UATOM ALA          34       6.027      24.309
UATOM VAL          35      16.881      42.550
UATOM GLY          36       2.743      13.139
UATOM ASN          37      21.108      25.473
UATOM ALA          38       6.904      25.083
UATOM GLU          39      25.167      22.698
UATOM SER          40      11.370      22.044
UATOM ARG          41      41.121      55.752
UATOM TYR          42      43.723      38.520
UATOM VAL          43      19.944      44.370
UATOM LEU          44      25.322      51.257
UATOM THR          45      18.764      36.411
UATOM GLY          46       2.626      13.081
UATOM ARG          47      47.768      56.301
UATOM TYR          48      44.644      37.883
UATOM ASP          49      23.987      16.278
UATOM SER          50      12.497      22.224
UATOM ALA          51       7.114      25.271
UATOM PRO          52      13.061      26.564
UATOM ALA          53       6.959      25.115
UATOM THR          54      18.664      34.414
UATOM ASP          55      19.090      14.532
UATOM GLY          56       2.904      12.567
UATOM SER          57      11.525      20.508
UATOM GLY          58       2.450      12.848
UATOM THR          59      20.830      34.735
UATOM ALA          60       7.391      26.060
UATOM LEU          61      25.815      50.840
UATOM GLY          62       2.659      12.816
UATOM TRP          63      53.378      43.180
UATOM THR          64      20.490      34.778
UATOM VAL          65      19.033      42.440
UATOM ALA          66       7.225      24.567
UATOM TRP          67      52.414      40.284
UATOM LYS          68      30.375      53.558
UATOM ASN          69      22.504      27.976
UATOM ASN          70      20.363      26.292
UATOM TYR          71      36.879      35.870
UATOM ARG          72      40.695      56.082
UATOM ASN          73      24.221      27.071
UATOM ALA          74       7.303      25.201
UATOM HID          75      30.045      29.362
UATOM SER          76      11.635      21.283
UATOM ALA          77       6.793      25.612
UATOM THR          78      19.748      36.334
UATOM THR          79      19.134      34.009
UATOM TRP          80      52.314      42.323
UATOM SER          81      13.163      25.257
UATOM GLY          82       2.767      13.403
UATOM GLN          83      30.772      34.487
UATOM TYR          84      43.213      39.588
UATOM VAL          85      19.147      43.567
UATOM GLY          86       2.488      12.496
UATOM GLY          87       2.429      12.032
UATOM ALA          88       6.600      24.994
UATOM GLU          89      24.708      21.246
UATOM ALA          90       6.522      26.229
UATOM ARG          91      43.349      55.904
UATOM ILE          92      26.508      52.537
UATOM ASN          93      21.918      26.879
UATOM THR          94      20.617      35.557
UATOM GLN          95      32.297      36.469
UATOM TRP          96      53.046      41.962
UATOM LEU          97      26.257      51.691
UATOM LEU          98      26.490      52.009
UATOM THR          99      19.820      35.508
UATOM SER         100      12.775      20.883
UATOM GLY         101       2.476      12.800
UATOM THR         102      19.227      34.472
UATOM THR         103      19.311      35.303
UATOM GLU         104      25.093      22.738
UATOM ALA         105       6.957      24.713
UATOM ASN         106      21.657      26.234
UATOM ALA         107       7.318      26.528
UATOM TRP         108      51.693      43.363
UATOM LYS         109      30.820      53.645
UATOM SER         110      12.326      23.499
UATOM THR         111      20.223      35.691
UATOM LEU         112      26.740      50.312
UATOM VAL         113      19.806      42.318
UATOM GLY         114       3.058      13.822
UATOM HID         115      30.741      30.757
UATOM ASP         116      22.193      16.427
UATOM THR         117      20.723      36.252
UATOM PHE         118      36.335      36.966
UATOM THR         119      20.728      34.598
UATOM LYS         120      29.739      52.761
UATOM VAL         121      16.774      43.840
UATOM LYS         122      28.947      54.849
UATOM PRO         123      12.963      25.988
UATOM SER         124      10.050      20.425
UATOM ALA         125       5.576      24.527
UATOM ALA         126       5.294      24.500
UATOM CSER        127      13.927      19.420
____________________________________________________________
Total Entropy FF (UA level) :        2547.229 J/mol/K
Total Entropy TT (UA level) :        3993.338 J/mol/K
------------------------------------------------------------
____________________________________________________________
Total Entropy                            :        6540.567
------------------------------------------------------------
