------------------------------------------------------------
            Hierarchy level. --> United Atom <--            
------------------------------------------------------------
      RESNAME   RESID  FF_ENTROPY  TT_ENTROPY
UATOM NALA          1       9.047      37.671
UATOM GLU           2      22.684      21.894
UATOM ALA           3       6.174      25.259
UATOM GLY           4       2.537      11.709
UATOM ILE           5      25.481      52.284
UATOM THR           6      19.533      34.389
UATOM GLY           7       2.530      12.391
UATOM THR           8      18.979      34.271
UATOM TRP           9      48.073      41.000
UATOM TYR          10      41.113      37.804
UATOM ASN          11      21.550      27.038
UATOM GLN          12      27.814      33.167
UATOM LEU          13      24.974      54.330
UATOM GLY          14       2.754      12.672
UATOM SER          15      12.029      20.551
UATOM THR          16      18.707      34.410
UATOM PHE          17      30.241      35.602
UATOM ILE          18      24.930      51.987
UATOM VAL          19      18.929      42.655
UATOM THR          20      18.227      34.419
UATOM ALA          21       6.878      25.295
UATOM GLY          22       2.497      11.700
UATOM ALA          23       6.696      25.392
UATOM ASP          24      18.544      14.889
UATOM GLY          25       2.828      11.943
UATOM ALA          26       7.201      24.189
UATOM LEU          27      25.876      51.536
UATOM THR          28      18.803      33.257
UATOM GLY          29       2.703      11.947
UATOM THR          30      19.100      33.593
UATOM TYR          31      41.672      38.536
UATOM GLU          32      25.930      23.053
UATOM SER          33      11.975      23.573
UATOM ALA          34       6.883      25.127
UATOM VAL          35      18.806      44.302
UATOM GLY          36       2.465      12.263
UATOM ASN          37      20.529      25.854
UATOM ALA          38       6.862      26.481
UATOM GLU          39      24.492      21.846
UATOM SER          40      11.266      22.331
UATOM ARG          41      43.298      56.443
UATOM TYR          42      41.354      38.796
UATOM VAL          43      18.476      44.091
UATOM LEU          44      25.546      49.181
UATOM THR          45      19.498      33.373
UATOM GLY          46       2.887      11.479
UATOM ARG          47      46.134      56.530
UATOM TYR          48      41.966      37.718
UATOM ASP          49      22.685      15.306
UATOM SER          50      11.784      21.213
UATOM ALA          51       6.462      22.383
UATOM PRO          52      13.391      26.383
UATOM ALA          53       6.973      24.603
UATOM THR          54      17.532      35.635
UATOM ASP          55      20.834      15.617
UATOM GLY          56       2.651      12.165
UATOM SER          57      12.129      21.252
UATOM GLY          58       2.642      11.469
UATOM THR          59      18.838      34.126
UATOM ALA          60       6.915      25.985
UATOM LEU          61      23.842      50.000
UATOM GLY          62       2.553      11.538
UATOM TRP          63      47.684      41.732
UATOM THR          64      19.867      31.601
UATOM VAL          65      19.260      42.722
UATOM ALA          66       6.751      23.226
UATOM TRP          67      48.730      38.464
UATOM LYS          68      29.822      53.946
UATOM ASN          69      22.320      27.649
UATOM ASN          70      20.473      27.223
UATOM TYR          71      36.286      37.192
UATOM ARG          72      40.472      55.964
UATOM ASN          73      23.722      26.341
UATOM ALA          74       7.000      25.699
UATOM HID          75      27.899      27.595
UATOM SER          76      12.435      20.712
UATOM ALA          77       6.765      23.598
UATOM THR          78      19.566      35.042
UATOM THR          79      19.036      33.188
UATOM TRP          80      46.749      40.247
UATOM SER          81      12.027      20.714
UATOM GLY          82       2.679      12.319
UATOM GLN          83      29.435      33.240
UATOM TYR          84      40.589      39.281
UATOM VAL          85      19.809      44.473
UATOM GLY          86       2.507      12.836
UATOM GLY          87       2.186      12.118
UATOM ALA          88       5.521      25.160
UATOM GLU          89      23.024      21.442
UATOM ALA          90       5.770      24.731
UATOM ARG          91      41.487      55.809
UATOM ILE          92      25.034      52.419
UATOM ASN          93      22.778      27.411
UATOM THR          94      18.588      34.085
UATOM GLN          95      30.265      34.030
UATOM TRP          96      49.156      38.397
UATOM LEU          97      26.163      50.758
UATOM LEU          98      26.049      51.139
UATOM THR          99      20.067      33.269
UATOM SER         100      12.308      20.617
UATOM GLY         101       2.651      12.156
UATOM THR         102      18.994      34.625
UATOM THR         103      19.658      35.616
UATOM GLU         104      25.381      22.727
UATOM ALA         105       7.249      26.497
UATOM ASN         106      22.544      27.390
UATOM ALA         107       7.172      26.650
UATOM TRP         108      47.419      41.874
UATOM LYS         109      29.137      53.830
UATOM SER         110      11.962      21.325
UATOM THR         111      20.207      33.827
UATOM LEU         112      25.499      50.936
UATOM VAL         113      19.300      41.385
UATOM GLY         114       2.729      12.649
UATOM HID         115      28.391      28.795
UATOM ASP         116      20.402      15.134
UATOM THR         117      19.447      34.979
UATOM PHE         118      32.871      35.963
UATOM THR         119      17.678      34.802
UATOM LYS         120      28.841      51.982
UATOM VAL         121      17.630      43.589
UATOM LYS         122      28.386      51.149
UATOM PRO         123      12.671      26.749
UATOM SER         124      11.026      20.612
UATOM ALA         125       5.884      24.138
UATOM ALA         126       5.794      24.203
UATOM CSER        127      14.600      20.199
____________________________________________________________
Total Entropy FF (UA level) :        2460.506 J/mol/K
Total Entropy TT (UA level) :        3928.068 J/mol/K
------------------------------------------------------------
____________________________________________________________
Total Entropy                            :        6388.574
------------------------------------------------------------
