------------------------------------------------------------
Topographical entropy of residue side chains 
computed using all the dihedrals with correlation/pLogp formalism
------------------------------------------------------------
Side Chain Topographical Entropy from corr. pLogP method (NALA 1) : -0.0000
Side Chain Topographical Entropy from corr. pLogP method (GLU 2) : 21.3606
Side Chain Topographical Entropy from corr. pLogP method (ALA 3) : -0.0000
Side Chain Topographical Entropy from corr. pLogP method (GLY 4) : -0.0000
Side Chain Topographical Entropy from corr. pLogP method (ILE 5) : 0.4746
Side Chain Topographical Entropy from corr. pLogP method (THR 6) : -0.0000
Side Chain Topographical Entropy from corr. pLogP method (GLY 7) : -0.0000
Side Chain Topographical Entropy from corr. pLogP method (THR 8) : -0.0000
Side Chain Topographical Entropy from corr. pLogP method (TRP 9) : -0.0000
Side Chain Topographical Entropy from corr. pLogP method (TYR 10) : 0.0657
Side Chain Topographical Entropy from corr. pLogP method (ASN 11) : 4.0458
Side Chain Topographical Entropy from corr. pLogP method (GLN 12) : 0.1857
Side Chain Topographical Entropy from corr. pLogP method (LEU 13) : -0.0000
Side Chain Topographical Entropy from corr. pLogP method (GLY 14) : -0.0000
Side Chain Topographical Entropy from corr. pLogP method (SER 15) : -0.0000
Side Chain Topographical Entropy from corr. pLogP method (THR 16) : 0.0657
Side Chain Topographical Entropy from corr. pLogP method (PHE 17) : 5.6645
Side Chain Topographical Entropy from corr. pLogP method (ILE 18) : 0.4992
Side Chain Topographical Entropy from corr. pLogP method (VAL 19) : 0.5768
Side Chain Topographical Entropy from corr. pLogP method (THR 20) : 4.5128
Side Chain Topographical Entropy from corr. pLogP method (ALA 21) : -0.0000
Side Chain Topographical Entropy from corr. pLogP method (GLY 22) : -0.0000
Side Chain Topographical Entropy from corr. pLogP method (ALA 23) : -0.0000
Side Chain Topographical Entropy from corr. pLogP method (ASP 24) : 14.5133
Side Chain Topographical Entropy from corr. pLogP method (GLY 25) : -0.0000
Side Chain Topographical Entropy from corr. pLogP method (ALA 26) : -0.0000
Side Chain Topographical Entropy from corr. pLogP method (LEU 27) : 0.6739
Side Chain Topographical Entropy from corr. pLogP method (THR 28) : -0.0000
Side Chain Topographical Entropy from corr. pLogP method (GLY 29) : -0.0000
Side Chain Topographical Entropy from corr. pLogP method (THR 30) : -0.0000
Side Chain Topographical Entropy from corr. pLogP method (TYR 31) : 4.7183
Side Chain Topographical Entropy from corr. pLogP method (GLU 32) : 9.5437
Side Chain Topographical Entropy from corr. pLogP method (SER 33) : -0.0000
Side Chain Topographical Entropy from corr. pLogP method (ALA 34) : -0.0000
Side Chain Topographical Entropy from corr. pLogP method (VAL 35) : -0.0000
Side Chain Topographical Entropy from corr. pLogP method (GLY 36) : -0.0000
Side Chain Topographical Entropy from corr. pLogP method (ASN 37) : 14.0568
Side Chain Topographical Entropy from corr. pLogP method (ALA 38) : -0.0000
Side Chain Topographical Entropy from corr. pLogP method (GLU 39) : 12.7825
Side Chain Topographical Entropy from corr. pLogP method (SER 40) : 0.5768
Side Chain Topographical Entropy from corr. pLogP method (ARG 41) : 7.1061
Side Chain Topographical Entropy from corr. pLogP method (TYR 42) : -0.0000
Side Chain Topographical Entropy from corr. pLogP method (VAL 43) : -0.0000
Side Chain Topographical Entropy from corr. pLogP method (LEU 44) : -0.0000
Side Chain Topographical Entropy from corr. pLogP method (THR 45) : 5.2145
Side Chain Topographical Entropy from corr. pLogP method (GLY 46) : -0.0000
Side Chain Topographical Entropy from corr. pLogP method (ARG 47) : 0.1200
Side Chain Topographical Entropy from corr. pLogP method (TYR 48) : 2.7287
Side Chain Topographical Entropy from corr. pLogP method (ASP 49) : 0.5034
Side Chain Topographical Entropy from corr. pLogP method (SER 50) : 0.3874
Side Chain Topographical Entropy from corr. pLogP method (ALA 51) : -0.0000
Side Chain Topographical Entropy from corr. pLogP method (PRO 52) : 12.0894
Side Chain Topographical Entropy from corr. pLogP method (ALA 53) : -0.0000
Side Chain Topographical Entropy from corr. pLogP method (THR 54) : 4.5819
Side Chain Topographical Entropy from corr. pLogP method (ASP 55) : 14.0079
Side Chain Topographical Entropy from corr. pLogP method (GLY 56) : -0.0000
Side Chain Topographical Entropy from corr. pLogP method (SER 57) : 3.2267
Side Chain Topographical Entropy from corr. pLogP method (GLY 58) : -0.0000
Side Chain Topographical Entropy from corr. pLogP method (THR 59) : 0.0657
Side Chain Topographical Entropy from corr. pLogP method (ALA 60) : -0.0000
Side Chain Topographical Entropy from corr. pLogP method (LEU 61) : 6.1428
Side Chain Topographical Entropy from corr. pLogP method (GLY 62) : -0.0000
Side Chain Topographical Entropy from corr. pLogP method (TRP 63) : -0.0000
Side Chain Topographical Entropy from corr. pLogP method (THR 64) : 5.6948
Side Chain Topographical Entropy from corr. pLogP method (VAL 65) : 0.2168
Side Chain Topographical Entropy from corr. pLogP method (ALA 66) : -0.0000
Side Chain Topographical Entropy from corr. pLogP method (TRP 67) : -0.0000
Side Chain Topographical Entropy from corr. pLogP method (LYS 68) : 10.7224
Side Chain Topographical Entropy from corr. pLogP method (ASN 69) : 0.5034
Side Chain Topographical Entropy from corr. pLogP method (ASN 70) : 14.3168
Side Chain Topographical Entropy from corr. pLogP method (TYR 71) : 8.2771
Side Chain Topographical Entropy from corr. pLogP method (ARG 72) : 14.7235
Side Chain Topographical Entropy from corr. pLogP method (ASN 73) : 0.0657
Side Chain Topographical Entropy from corr. pLogP method (ALA 74) : -0.0000
Side Chain Topographical Entropy from corr. pLogP method (HID 75) : 0.4270
Side Chain Topographical Entropy from corr. pLogP method (SER 76) : 0.0657
Side Chain Topographical Entropy from corr. pLogP method (ALA 77) : -0.0000
Side Chain Topographical Entropy from corr. pLogP method (THR 78) : -0.0000
Side Chain Topographical Entropy from corr. pLogP method (THR 79) : -0.0000
Side Chain Topographical Entropy from corr. pLogP method (TRP 80) : 2.1939
Side Chain Topographical Entropy from corr. pLogP method (SER 81) : 0.5405
Side Chain Topographical Entropy from corr. pLogP method (GLY 82) : -0.0000
Side Chain Topographical Entropy from corr. pLogP method (GLN 83) : 10.1694
Side Chain Topographical Entropy from corr. pLogP method (TYR 84) : -0.0000
Side Chain Topographical Entropy from corr. pLogP method (VAL 85) : 1.6356
Side Chain Topographical Entropy from corr. pLogP method (GLY 86) : -0.0000
Side Chain Topographical Entropy from corr. pLogP method (GLY 87) : -0.0000
Side Chain Topographical Entropy from corr. pLogP method (ALA 88) : -0.0000
Side Chain Topographical Entropy from corr. pLogP method (GLU 89) : 20.4827
Side Chain Topographical Entropy from corr. pLogP method (ALA 90) : -0.0000
Side Chain Topographical Entropy from corr. pLogP method (ARG 91) : 11.6837
Side Chain Topographical Entropy from corr. pLogP method (ILE 92) : 0.3482
Side Chain Topographical Entropy from corr. pLogP method (ASN 93) : 6.8993
Side Chain Topographical Entropy from corr. pLogP method (THR 94) : 0.0657
Side Chain Topographical Entropy from corr. pLogP method (GLN 95) : 3.8809
Side Chain Topographical Entropy from corr. pLogP method (TRP 96) : 0.6125
Side Chain Topographical Entropy from corr. pLogP method (LEU 97) : 0.1698
Side Chain Topographical Entropy from corr. pLogP method (LEU 98) : -0.0000
Side Chain Topographical Entropy from corr. pLogP method (THR 99) : -0.0000
Side Chain Topographical Entropy from corr. pLogP method (SER 100) : 4.5659
Side Chain Topographical Entropy from corr. pLogP method (GLY 101) : -0.0000
Side Chain Topographical Entropy from corr. pLogP method (THR 102) : 0.1200
Side Chain Topographical Entropy from corr. pLogP method (THR 103) : 0.0657
Side Chain Topographical Entropy from corr. pLogP method (GLU 104) : 24.0751
Side Chain Topographical Entropy from corr. pLogP method (ALA 105) : -0.0000
Side Chain Topographical Entropy from corr. pLogP method (ASN 106) : 4.3528
Side Chain Topographical Entropy from corr. pLogP method (ALA 107) : -0.0000
Side Chain Topographical Entropy from corr. pLogP method (TRP 108) : 5.3408
Side Chain Topographical Entropy from corr. pLogP method (LYS 109) : 9.7582
Side Chain Topographical Entropy from corr. pLogP method (SER 110) : -0.0000
Side Chain Topographical Entropy from corr. pLogP method (THR 111) : 0.0657
Side Chain Topographical Entropy from corr. pLogP method (LEU 112) : 1.0504
Side Chain Topographical Entropy from corr. pLogP method (VAL 113) : -0.0000
Side Chain Topographical Entropy from corr. pLogP method (GLY 114) : -0.0000
Side Chain Topographical Entropy from corr. pLogP method (HID 115) : 0.1200
Side Chain Topographical Entropy from corr. pLogP method (ASP 116) : -0.0000
Side Chain Topographical Entropy from corr. pLogP method (THR 117) : 3.3215
Side Chain Topographical Entropy from corr. pLogP method (PHE 118) : -0.0000
Side Chain Topographical Entropy from corr. pLogP method (THR 119) : 1.5912
Side Chain Topographical Entropy from corr. pLogP method (LYS 120) : 7.8612
Side Chain Topographical Entropy from corr. pLogP method (VAL 121) : 2.9910
Side Chain Topographical Entropy from corr. pLogP method (LYS 122) : 16.3967
Side Chain Topographical Entropy from corr. pLogP method (PRO 123) : 14.3510
Side Chain Topographical Entropy from corr. pLogP method (SER 124) : 8.8575
Side Chain Topographical Entropy from corr. pLogP method (ALA 125) : -0.0000
Side Chain Topographical Entropy from corr. pLogP method (ALA 126) : -0.0000
Side Chain Topographical Entropy from corr. pLogP method (CSER 127) : 4.7840
____________________________________________________________
Total SC Topog. Entropy (corr. pLogP)    :         373.856
------------------------------------------------------------
------------------------------------------------------------
Topographical entropy of BB dihedrals 
computed using the correlated-pLogp formalism
------------------------------------------------------------
____________________________________________________________
Total BB Topog. Entropy (corr. pLogP)    :          14.765
------------------------------------------------------------
____________________________________________________________
Total Entropy                            :         388.620
------------------------------------------------------------
