1.2889
22.2628
-0.0000
-0.0000
0.6781
-0.0000
-0.0000
0.9720
-0.0000
-0.0000
0.3874
-0.0000
1.6334
-0.0000
-0.0000
-0.0000
0.0657
5.6838
-0.0000
7.6477
-0.0000
-0.0000
-0.0000
11.0270
-0.0000
-0.0000
8.0451
2.7931
-0.0000
-0.0000
-0.0000
8.9770
-0.0000
-0.0000
0.3707
-0.0000
10.9784
-0.0000
16.0097
1.1491
10.1253
-0.0000
-0.0000
0.0657
-0.0000
-0.0000
-0.0000
-0.0000
-0.0000
1.5550
-0.0000
4.8652
-0.0000
4.5627
10.4772
-0.0000
4.9692
-0.0000
-0.0000
-0.0000
9.8613
-0.0000
-0.0000
1.4227
-0.0000
-0.0000
-0.0000
10.5431
-0.0000
13.1818
4.1721
13.2591
-0.0000
-0.0000
-0.0000
0.6920
-0.0000
-0.0000
-0.0000
-0.0000
-0.0000
-0.0000
10.5213
-0.0000
1.4630
-0.0000
-0.0000
-0.0000
11.4440
-0.0000
11.2862
-0.0000
6.4082
-0.0000
10.3556
-0.0000
0.0657
-0.0000
-0.0000
8.3769
-0.0000
-0.0000
-0.0000
23.3248
-0.0000
2.7678
-0.0000
-0.0000
11.0905
-0.0000
-0.0000
2.3691
-0.0000
-0.0000
-0.0000
-0.0000
5.3462
-0.0000
-0.0000
4.6768
3.4564
15.9024
5.7232
9.0524
-0.0000
-0.0000
3.8158
0.3468
19.9598
-0.0000
-0.0000
-0.0000
-0.0000
-0.0000
-0.0000
-0.0000
-0.0000
0.1698
-0.0000
1.0101
-0.0000
-0.0000
-0.0000
3.1326
1.5763
-0.0000
8.9768
-0.0000
-0.0000
-0.0000
12.8802
-0.0000
-0.0000
2.3421
8.5235
-0.0000
-0.0000
-0.0000
6.0919
-0.0000
-0.0000
-0.0000
-0.0000
10.3869
-0.0000
14.2239
1.8178
5.1385
-0.0000
1.0023
0.9167
-0.0000
-0.0000
-0.0000
-0.0000
-0.0000
0.4656
-0.0000
4.0334
-0.0000
5.2947
10.8217
-0.0000
6.7774
-0.0000
-0.0000
-0.0000
6.8703
-0.0000
-0.0000
-0.0000
-0.0000
-0.0000
-0.0000
12.0825
-0.0000
11.1087
5.8362
11.6611
-0.0000
-0.0000
-0.0000
3.1627
-0.0000
-0.0000
-0.0000
-0.0000
-0.0000
-0.0000
8.5288
-0.0000
-0.0000
-0.0000
-0.0000
-0.0000
21.4921
-0.0000
3.4008
1.1491
4.2080
-0.0000
1.2441
-0.0000
-0.0000
-0.0000
-0.0000
6.0002
-0.0000
-0.0000
1.2889
17.3862
-0.0000
1.9220
-0.0000
-0.0000
10.0566
1.9997
-0.0000
1.3299
-0.0000
-0.0000
-0.0000
-0.0000
2.2357
-0.0000
-0.0000
12.7032
1.9326
17.7373
6.7515
7.4559
-0.0000
-0.0000
11.1393
1.3698
21.8679
-0.0000
-0.0000
1.8483
-0.0000
-0.0000
-0.0000
-0.0000
-0.0000
2.7126
8.0461
3.3530
-0.0000
-0.0000
4.4636
5.3832
4.8367
0.4270
8.6923
-0.0000
-0.0000
-0.0000
12.4220
-0.0000
-0.0000
-0.0000
8.0164
-0.0000
-0.0000
-0.0000
10.4769
-0.0000
-0.0000
0.7495
-0.0000
12.0339
-0.0000
12.2117
0.8473
5.6227
-0.0000
1.2058
0.9989
0.8790
-0.0000
-0.0000
-0.0000
-0.0000
0.5405
-0.0000
4.3783
-0.0000
5.7428
5.6667
-0.0000
-0.0000
-0.0000
-0.0000
-0.0000
6.3527
-0.0000
-0.0000
-0.0000
0.4270
-0.0000
-0.0000
6.3128
0.0657
13.6742
7.6374
11.0217
-0.0000
-0.0000
-0.0000
2.1516
-0.0000
-0.0000
-0.0000
-0.0000
-0.0000
-0.0000
7.3557
-0.0000
1.6505
-0.0000
-0.0000
-0.0000
18.8239
-0.0000
6.9688
0.1698
0.6781
4.8245
0.1972
-0.0000
1.2058
-0.0000
-0.0000
5.5587
-0.0000
4.7647
-0.0000
21.7951
-0.0000
2.0986
-0.0000
-0.0000
9.1584
-0.0000
-0.0000
2.4000
-0.0000
-0.0000
-0.0000
1.4227
-0.0000
-0.0000
5.9117
7.0818
4.0654
15.6933
6.8684
7.7274
-0.0000
-0.0000
7.4112
0.0657
21.0002
-0.0000
-0.0000
-0.0000
-0.0000
-0.0000
0.9986
-0.0000
-0.0000
1.2614
18.6942
4.6618
-0.0000
-0.0000
-0.0000
3.0861
3.8427
-0.0000
0.6821
-0.0000
-0.0000
-0.0000
13.3331
-0.0000
-0.0000
0.6514
5.1171
-0.0000
7.4981
-0.0000
6.5573
-0.0000
-0.0000
0.0657
-0.0000
8.5010
-0.0000
16.0983
4.7295
13.0735
-0.0000
-0.0000
0.1698
3.6750
-0.0000
-0.0000
-0.0000
-0.0000
2.3593
-0.0000
5.7583
-0.0000
1.4771
6.5517
-0.0000
-0.0000
-0.0000
-0.0000
-0.0000
7.6453
-0.0000
-0.0000
-0.0000
0.0657
-0.0000
-0.0000
14.1821
-0.0000
13.5619
9.8712
13.3544
-0.0000
-0.0000
-0.0000
5.2550
-0.0000
-0.0000
4.7117
-0.0000
0.0657
-0.0000
9.4026
-0.0000
2.4215
-0.0000
-0.0000
-0.0000
20.2795
-0.0000
6.2239
-0.0000
1.9326
-0.0000
1.0843
-0.0000
-0.0000
2.6662
-0.0000
9.0052
-0.0000
-0.0000
-0.0000
25.5846
-0.0000
1.4914
-0.0000
-0.0000
16.3222
4.2169
-0.0000
4.4267
-0.0000
-0.0000
-0.0000
5.6395
0.4270
-0.0000
5.6307
12.6301
4.8412
19.2007
5.6216
7.3327
-0.0000
-0.0000
7.0752
-0.0000
19.0707
-0.0000
-0.0000
0.9104
-0.0000
-0.0000
-0.0000
-0.0000
-0.0000
3.0838
17.1362
5.7047
-0.0000
0.5034
3.2597
1.4488
5.6216
-0.0000
4.1721
-0.0000
-0.0000
-0.0000
12.4006
-0.0000
-0.0000
3.0784
6.4286
-0.0000
5.5919
-0.0000
17.5524
-0.0000
-0.0000
0.1200
-0.0000
9.1947
-0.0000
16.6237
2.3178
6.5699
-0.0000
3.1591
0.3050
0.5034
-0.0000
-0.0000
-0.0000
-0.0000
0.5570
-0.0000
5.8687
-0.0000
2.8109
10.6151
-0.0000
7.1315
-0.0000
0.8357
-0.0000
1.2712
-0.0000
-0.0000
-0.0000
-0.0000
-0.0000
-0.0000
6.7709
0.5034
13.2949
4.7472
6.2737
-0.0000
-0.0000
-0.0000
5.6720
-0.0000
-0.0000
-0.0000
-0.0000
0.8473
-0.0000
9.2491
-0.0000
0.1200
-0.0000
-0.0000
-0.0000
14.6273
-0.0000
4.4777
0.3468
1.9775
-0.0000
-0.0000
-0.0000
1.3964
1.2614
-0.0000
7.9036
-0.0000
-0.0000
-0.0000
20.9132
-0.0000
3.8210
-0.0000
-0.0000
10.4777
-0.0000
-0.0000
4.1051
-0.0000
-0.0000
-0.0000
11.4846
-0.0000
-0.0000
5.6089
11.1802
4.3886
17.1840
5.7775
5.2506
-0.0000
-0.0000
6.3747
