------------------------------------------------------------
Topographical entropy of residue side chains 
computed using all the dihedrals with correlation/pLogp formalism
------------------------------------------------------------
Side Chain Topographical Entropy from corr. pLogP method (NALA 1) : -0.0000
Side Chain Topographical Entropy from corr. pLogP method (GLU 2) : 21.3215
Side Chain Topographical Entropy from corr. pLogP method (ALA 3) : -0.0000
Side Chain Topographical Entropy from corr. pLogP method (GLY 4) : -0.0000
Side Chain Topographical Entropy from corr. pLogP method (ILE 5) : 1.1991
Side Chain Topographical Entropy from corr. pLogP method (THR 6) : -0.0000
Side Chain Topographical Entropy from corr. pLogP method (GLY 7) : -0.0000
Side Chain Topographical Entropy from corr. pLogP method (THR 8) : -0.0000
Side Chain Topographical Entropy from corr. pLogP method (TRP 9) : -0.0000
Side Chain Topographical Entropy from corr. pLogP method (TYR 10) : 0.0657
Side Chain Topographical Entropy from corr. pLogP method (ASN 11) : 5.2205
Side Chain Topographical Entropy from corr. pLogP method (GLN 12) : 0.0657
Side Chain Topographical Entropy from corr. pLogP method (LEU 13) : 1.3879
Side Chain Topographical Entropy from corr. pLogP method (GLY 14) : -0.0000
Side Chain Topographical Entropy from corr. pLogP method (SER 15) : -0.0000
Side Chain Topographical Entropy from corr. pLogP method (THR 16) : 0.1200
Side Chain Topographical Entropy from corr. pLogP method (PHE 17) : 8.6413
Side Chain Topographical Entropy from corr. pLogP method (ILE 18) : 3.5187
Side Chain Topographical Entropy from corr. pLogP method (VAL 19) : 1.1858
Side Chain Topographical Entropy from corr. pLogP method (THR 20) : 8.2002
Side Chain Topographical Entropy from corr. pLogP method (ALA 21) : -0.0000
Side Chain Topographical Entropy from corr. pLogP method (GLY 22) : -0.0000
Side Chain Topographical Entropy from corr. pLogP method (ALA 23) : -0.0000
Side Chain Topographical Entropy from corr. pLogP method (ASP 24) : 16.9536
Side Chain Topographical Entropy from corr. pLogP method (GLY 25) : -0.0000
Side Chain Topographical Entropy from corr. pLogP method (ALA 26) : -0.0000
Side Chain Topographical Entropy from corr. pLogP method (LEU 27) : 2.9485
Side Chain Topographical Entropy from corr. pLogP method (THR 28) : 7.7460
Side Chain Topographical Entropy from corr. pLogP method (GLY 29) : -0.0000
Side Chain Topographical Entropy from corr. pLogP method (THR 30) : 1.8178
Side Chain Topographical Entropy from corr. pLogP method (TYR 31) : 3.3979
Side Chain Topographical Entropy from corr. pLogP method (GLU 32) : 15.4215
Side Chain Topographical Entropy from corr. pLogP method (SER 33) : -0.0000
Side Chain Topographical Entropy from corr. pLogP method (ALA 34) : -0.0000
Side Chain Topographical Entropy from corr. pLogP method (VAL 35) : 2.2586
Side Chain Topographical Entropy from corr. pLogP method (GLY 36) : -0.0000
Side Chain Topographical Entropy from corr. pLogP method (ASN 37) : 13.1664
Side Chain Topographical Entropy from corr. pLogP method (ALA 38) : -0.0000
Side Chain Topographical Entropy from corr. pLogP method (GLU 39) : 17.3548
Side Chain Topographical Entropy from corr. pLogP method (SER 40) : 0.3050
Side Chain Topographical Entropy from corr. pLogP method (ARG 41) : 8.1180
Side Chain Topographical Entropy from corr. pLogP method (TYR 42) : -0.0000
Side Chain Topographical Entropy from corr. pLogP method (VAL 43) : -0.0000
Side Chain Topographical Entropy from corr. pLogP method (LEU 44) : 0.5982
Side Chain Topographical Entropy from corr. pLogP method (THR 45) : 6.1059
Side Chain Topographical Entropy from corr. pLogP method (GLY 46) : -0.0000
Side Chain Topographical Entropy from corr. pLogP method (ARG 47) : 0.2617
Side Chain Topographical Entropy from corr. pLogP method (TYR 48) : 2.5748
Side Chain Topographical Entropy from corr. pLogP method (ASP 49) : 0.2617
Side Chain Topographical Entropy from corr. pLogP method (SER 50) : 1.2107
Side Chain Topographical Entropy from corr. pLogP method (ALA 51) : -0.0000
Side Chain Topographical Entropy from corr. pLogP method (PRO 52) : 12.1939
Side Chain Topographical Entropy from corr. pLogP method (ALA 53) : -0.0000
Side Chain Topographical Entropy from corr. pLogP method (THR 54) : 7.0660
Side Chain Topographical Entropy from corr. pLogP method (ASP 55) : 16.4544
Side Chain Topographical Entropy from corr. pLogP method (GLY 56) : -0.0000
Side Chain Topographical Entropy from corr. pLogP method (SER 57) : 7.4345
Side Chain Topographical Entropy from corr. pLogP method (GLY 58) : -0.0000
Side Chain Topographical Entropy from corr. pLogP method (THR 59) : 0.0657
Side Chain Topographical Entropy from corr. pLogP method (ALA 60) : -0.0000
Side Chain Topographical Entropy from corr. pLogP method (LEU 61) : 8.1757
Side Chain Topographical Entropy from corr. pLogP method (GLY 62) : -0.0000
Side Chain Topographical Entropy from corr. pLogP method (TRP 63) : -0.0000
Side Chain Topographical Entropy from corr. pLogP method (THR 64) : 0.2617
Side Chain Topographical Entropy from corr. pLogP method (VAL 65) : -0.0000
Side Chain Topographical Entropy from corr. pLogP method (ALA 66) : -0.0000
Side Chain Topographical Entropy from corr. pLogP method (TRP 67) : -0.0000
Side Chain Topographical Entropy from corr. pLogP method (LYS 68) : 7.2191
Side Chain Topographical Entropy from corr. pLogP method (ASN 69) : 1.9523
Side Chain Topographical Entropy from corr. pLogP method (ASN 70) : 14.7972
Side Chain Topographical Entropy from corr. pLogP method (TYR 71) : 11.7680
Side Chain Topographical Entropy from corr. pLogP method (ARG 72) : 16.4891
Side Chain Topographical Entropy from corr. pLogP method (ASN 73) : 0.2168
Side Chain Topographical Entropy from corr. pLogP method (ALA 74) : -0.0000
Side Chain Topographical Entropy from corr. pLogP method (HID 75) : 1.6012
Side Chain Topographical Entropy from corr. pLogP method (SER 76) : -0.0000
Side Chain Topographical Entropy from corr. pLogP method (ALA 77) : -0.0000
Side Chain Topographical Entropy from corr. pLogP method (THR 78) : -0.0000
Side Chain Topographical Entropy from corr. pLogP method (THR 79) : -0.0000
Side Chain Topographical Entropy from corr. pLogP method (TRP 80) : 2.8462
Side Chain Topographical Entropy from corr. pLogP method (SER 81) : 0.1200
Side Chain Topographical Entropy from corr. pLogP method (GLY 82) : -0.0000
Side Chain Topographical Entropy from corr. pLogP method (GLN 83) : 10.1023
Side Chain Topographical Entropy from corr. pLogP method (TYR 84) : -0.0000
Side Chain Topographical Entropy from corr. pLogP method (VAL 85) : 3.1165
Side Chain Topographical Entropy from corr. pLogP method (GLY 86) : -0.0000
Side Chain Topographical Entropy from corr. pLogP method (GLY 87) : -0.0000
Side Chain Topographical Entropy from corr. pLogP method (ALA 88) : -0.0000
Side Chain Topographical Entropy from corr. pLogP method (GLU 89) : 20.9984
Side Chain Topographical Entropy from corr. pLogP method (ALA 90) : -0.0000
Side Chain Topographical Entropy from corr. pLogP method (ARG 91) : 12.1247
Side Chain Topographical Entropy from corr. pLogP method (ILE 92) : 0.6781
Side Chain Topographical Entropy from corr. pLogP method (ASN 93) : 7.3120
Side Chain Topographical Entropy from corr. pLogP method (THR 94) : 3.6000
Side Chain Topographical Entropy from corr. pLogP method (GLN 95) : 3.5910
Side Chain Topographical Entropy from corr. pLogP method (TRP 96) : 0.7161
Side Chain Topographical Entropy from corr. pLogP method (LEU 97) : 0.0657
Side Chain Topographical Entropy from corr. pLogP method (LEU 98) : 0.0657
Side Chain Topographical Entropy from corr. pLogP method (THR 99) : -0.0000
Side Chain Topographical Entropy from corr. pLogP method (SER 100) : 5.7051
Side Chain Topographical Entropy from corr. pLogP method (GLY 101) : -0.0000
Side Chain Topographical Entropy from corr. pLogP method (THR 102) : 5.7630
Side Chain Topographical Entropy from corr. pLogP method (THR 103) : 4.5041
Side Chain Topographical Entropy from corr. pLogP method (GLU 104) : 13.5782
Side Chain Topographical Entropy from corr. pLogP method (ALA 105) : -0.0000
Side Chain Topographical Entropy from corr. pLogP method (ASN 106) : 4.7591
Side Chain Topographical Entropy from corr. pLogP method (ALA 107) : -0.0000
Side Chain Topographical Entropy from corr. pLogP method (TRP 108) : 5.5090
Side Chain Topographical Entropy from corr. pLogP method (LYS 109) : 13.9952
Side Chain Topographical Entropy from corr. pLogP method (SER 110) : 2.9329
Side Chain Topographical Entropy from corr. pLogP method (THR 111) : -0.0000
Side Chain Topographical Entropy from corr. pLogP method (LEU 112) : 3.1487
Side Chain Topographical Entropy from corr. pLogP method (VAL 113) : -0.0000
Side Chain Topographical Entropy from corr. pLogP method (GLY 114) : -0.0000
Side Chain Topographical Entropy from corr. pLogP method (HID 115) : -0.0000
Side Chain Topographical Entropy from corr. pLogP method (ASP 116) : 2.4377
Side Chain Topographical Entropy from corr. pLogP method (THR 117) : 5.5005
Side Chain Topographical Entropy from corr. pLogP method (PHE 118) : -0.0000
Side Chain Topographical Entropy from corr. pLogP method (THR 119) : 3.8941
Side Chain Topographical Entropy from corr. pLogP method (LYS 120) : 6.4678
Side Chain Topographical Entropy from corr. pLogP method (VAL 121) : 4.5726
Side Chain Topographical Entropy from corr. pLogP method (LYS 122) : 19.0600
Side Chain Topographical Entropy from corr. pLogP method (PRO 123) : 14.6026
Side Chain Topographical Entropy from corr. pLogP method (SER 124) : 8.6379
Side Chain Topographical Entropy from corr. pLogP method (ALA 125) : -0.0000
Side Chain Topographical Entropy from corr. pLogP method (ALA 126) : -0.0000
Side Chain Topographical Entropy from corr. pLogP method (CSER 127) : 6.2885
____________________________________________________________
Total SC Topog. Entropy (corr. pLogP)    :         453.817
------------------------------------------------------------
------------------------------------------------------------
Topographical entropy of BB dihedrals 
computed using the correlated-pLogp formalism
------------------------------------------------------------
____________________________________________________________
Total BB Topog. Entropy (corr. pLogP)    :          19.341
------------------------------------------------------------
____________________________________________________________
Total Entropy                            :         473.158
------------------------------------------------------------
