39.252   
21.543   
24.873   
11.764   
51.996   
34.211   
12.478   
35.030   
41.259   
36.591   
26.694   
31.940   
51.287   
11.715   
21.338   
34.276   
35.881   
52.700   
42.760   
34.204   
25.303   
12.738   
25.567   
14.581   
12.339   
24.818   
51.179   
34.227   
12.607   
34.837   
37.595   
22.279   
22.984   
23.817   
43.571   
13.121   
25.202   
25.050   
22.665   
22.227   
57.058   
38.178   
44.111   
50.085   
35.048   
13.176   
56.456   
38.278   
16.824   
21.553   
23.194   
26.668   
25.382   
34.553   
14.918   
12.643   
21.458   
12.277   
33.832   
24.809   
51.139   
13.021   
42.483   
33.872   
43.972   
24.971   
38.469   
52.126   
28.682   
26.129   
34.884   
56.179   
24.875   
25.637   
29.014   
21.120   
25.420   
35.624   
34.087   
40.957   
24.464   
13.204   
34.792   
38.668   
42.412   
12.044   
12.393   
24.833   
21.426   
24.045   
55.601   
50.504   
26.708   
35.494   
35.098   
42.716   
51.827   
54.090   
36.243   
21.070   
11.794   
35.507   
36.672   
22.284   
25.218   
27.322   
26.300   
40.742   
54.072   
22.411   
35.316   
50.382   
43.044   
13.336   
29.684   
15.055   
35.063   
36.162   
32.970   
53.707   
43.361   
52.380   
26.700   
19.911   
24.434   
24.166   
19.928   
38.402   
21.125   
24.928   
11.318   
53.338   
34.930   
13.753   
35.198   
40.663   
36.528   
25.041   
33.893   
52.797   
12.890   
21.270   
33.606   
36.563   
51.763   
43.440   
35.013   
25.328   
12.668   
25.143   
13.921   
13.003   
25.053   
53.152   
35.316   
13.499   
36.306   
38.821   
23.047   
22.312   
24.309   
42.550   
13.139   
25.473   
25.083   
22.698   
22.044   
55.752   
38.520   
44.370   
51.257   
36.411   
13.081   
56.301   
37.883   
16.278   
22.224   
25.271   
26.564   
25.115   
34.414   
14.532   
12.567   
20.508   
12.848   
34.735   
26.060   
50.840   
12.816   
43.180   
34.778   
42.440   
24.567   
40.284   
53.558   
27.976   
26.292   
35.870   
56.082   
27.071   
25.201   
29.362   
21.283   
25.612   
36.334   
34.009   
42.323   
25.257   
13.403   
34.487   
39.588   
43.567   
12.496   
12.032   
24.994   
21.246   
26.229   
55.904   
52.537   
26.879   
35.557   
36.469   
41.962   
51.691   
52.009   
35.508   
20.883   
12.800   
34.472   
35.303   
22.738   
24.713   
26.234   
26.528   
43.363   
53.645   
23.499   
35.691   
50.312   
42.318   
13.822   
30.757   
16.427   
36.252   
36.966   
34.598   
52.761   
43.840   
54.849   
25.988   
20.425   
24.527   
24.500   
19.420   
39.071   
21.155   
26.098   
12.379   
53.522   
34.499   
13.130   
33.988   
41.476   
39.537   
27.757   
34.212   
53.101   
13.400   
20.592   
35.520   
36.029   
51.683   
44.392   
35.218   
25.138   
11.651   
25.060   
15.780   
11.713   
23.943   
52.141   
34.229   
12.551   
33.665   
39.268   
23.061   
22.999   
25.139   
43.553   
12.812   
24.338   
25.396   
21.893   
21.901   
56.042   
38.818   
43.955   
47.413   
34.133   
11.901   
57.132   
37.771   
15.157   
21.699   
24.393   
26.044   
24.385   
33.623   
14.946   
11.828   
21.559   
11.833   
33.870   
25.939   
51.064   
10.907   
41.642   
32.414   
42.342   
23.254   
39.011   
52.478   
26.624   
26.312   
37.532   
56.511   
27.643   
25.221   
27.264   
20.337   
24.878   
34.873   
35.052   
40.203   
22.886   
12.265   
32.962   
38.685   
44.033   
12.704   
12.246   
25.508   
21.479   
23.859   
55.450   
51.205   
27.045   
33.471   
34.230   
39.045   
51.137   
52.378   
34.342   
20.868   
11.916   
35.363   
36.018   
22.872   
26.025   
27.103   
25.790   
42.538   
53.507   
20.404   
34.718   
49.311   
43.534   
12.867   
28.279   
15.100   
35.442   
35.433   
34.551   
53.791   
43.559   
51.025   
26.882   
20.732   
24.658   
24.708   
19.241   
38.880   
21.480   
25.063   
12.613   
53.512   
37.381   
13.495   
35.625   
43.444   
40.651   
26.414   
33.870   
52.314   
13.344   
22.256   
34.338   
37.153   
52.104   
43.145   
35.560   
25.801   
12.776   
24.446   
15.521   
12.650   
25.140   
51.994   
35.010   
13.397   
34.756   
39.313   
23.388   
23.888   
24.009   
43.439   
12.531   
25.794   
25.858   
23.122   
21.732   
54.516   
40.789   
45.065   
49.625   
34.846   
12.817   
56.090   
39.002   
15.940   
21.668   
24.129   
26.932   
26.068   
35.404   
16.114   
12.041   
20.990   
12.122   
35.311   
26.038   
50.233   
11.898   
43.550   
34.956   
42.528   
23.272   
39.620   
54.683   
27.424   
27.827   
37.960   
57.159   
28.469   
25.845   
27.557   
20.099   
24.811   
36.091   
36.668   
41.616   
24.371   
13.071   
34.613   
39.393   
43.434   
12.633   
11.512   
25.157   
20.619   
24.594   
56.342   
51.836   
26.916   
35.785   
35.775   
41.659   
50.487   
50.666   
35.996   
20.422   
11.944   
34.441   
35.605   
23.517   
25.706   
26.443   
26.479   
43.197   
53.572   
22.299   
35.127   
49.637   
41.669   
13.187   
31.063   
15.832   
34.726   
37.461   
35.018   
52.972   
43.026   
52.089   
26.488   
19.790   
24.941   
24.237   
19.315   
37.896   
21.224   
25.319   
12.723   
53.189   
34.864   
12.650   
34.964   
40.476   
36.856   
26.174   
33.092   
51.597   
12.095   
21.125   
33.844   
35.107   
51.933   
41.727   
34.933   
25.776   
12.621   
25.055   
14.312   
12.045   
23.987   
50.408   
33.830   
12.523   
34.807   
37.912   
21.953   
23.390   
24.629   
43.725   
13.414   
25.391   
25.869   
22.913   
22.740   
59.487   
37.910   
44.041   
50.323   
34.067   
12.845   
56.666   
38.921   
15.891   
21.581   
21.780   
27.356   
25.140   
35.080   
15.294   
12.551   
19.706   
12.601   
34.482   
25.938   
51.294   
12.839   
41.834   
34.116   
42.926   
23.785   
37.858   
51.906   
26.556   
26.043   
36.371   
55.696   
27.236   
25.420   
28.176   
20.843   
24.685   
36.123   
36.379   
40.458   
24.662   
13.240   
34.358   
38.075   
43.921   
12.359   
12.396   
25.384   
21.350   
25.072   
56.785   
51.394   
27.793   
35.618   
34.873   
41.964   
51.063   
51.410   
34.649   
20.532   
12.249   
33.549   
35.317   
22.299   
25.124   
27.021   
26.103   
42.151   
53.992   
21.981   
33.827   
49.896   
42.672   
13.495   
28.890   
15.859   
34.823   
35.345   
33.882   
51.943   
43.986   
52.092   
27.248   
21.041   
24.757   
24.798   
19.837   
