------------------------------------------------------------
Topographical entropy of residue side chains 
computed using all the dihedrals with correlation/pLogp formalism
------------------------------------------------------------
Side Chain Topographical Entropy from corr. pLogP method (NALA 1) : -0.0000
Side Chain Topographical Entropy from corr. pLogP method (GLU 2) : 20.0046
Side Chain Topographical Entropy from corr. pLogP method (ALA 3) : -0.0000
Side Chain Topographical Entropy from corr. pLogP method (GLY 4) : -0.0000
Side Chain Topographical Entropy from corr. pLogP method (ILE 5) : 1.2142
Side Chain Topographical Entropy from corr. pLogP method (THR 6) : -0.0000
Side Chain Topographical Entropy from corr. pLogP method (GLY 7) : -0.0000
Side Chain Topographical Entropy from corr. pLogP method (THR 8) : 0.0657
Side Chain Topographical Entropy from corr. pLogP method (TRP 9) : -0.0000
Side Chain Topographical Entropy from corr. pLogP method (TYR 10) : 4.8901
Side Chain Topographical Entropy from corr. pLogP method (ASN 11) : 4.3615
Side Chain Topographical Entropy from corr. pLogP method (GLN 12) : 19.7144
Side Chain Topographical Entropy from corr. pLogP method (LEU 13) : 5.9339
Side Chain Topographical Entropy from corr. pLogP method (GLY 14) : -0.0000
Side Chain Topographical Entropy from corr. pLogP method (SER 15) : 0.5405
Side Chain Topographical Entropy from corr. pLogP method (THR 16) : 3.3242
Side Chain Topographical Entropy from corr. pLogP method (PHE 17) : 2.0809
Side Chain Topographical Entropy from corr. pLogP method (ILE 18) : 3.6863
Side Chain Topographical Entropy from corr. pLogP method (VAL 19) : 0.5034
Side Chain Topographical Entropy from corr. pLogP method (THR 20) : 4.2176
Side Chain Topographical Entropy from corr. pLogP method (ALA 21) : -0.0000
Side Chain Topographical Entropy from corr. pLogP method (GLY 22) : -0.0000
Side Chain Topographical Entropy from corr. pLogP method (ALA 23) : -0.0000
Side Chain Topographical Entropy from corr. pLogP method (ASP 24) : 15.8087
Side Chain Topographical Entropy from corr. pLogP method (GLY 25) : -0.0000
Side Chain Topographical Entropy from corr. pLogP method (ALA 26) : -0.0000
Side Chain Topographical Entropy from corr. pLogP method (LEU 27) : 3.3420
Side Chain Topographical Entropy from corr. pLogP method (THR 28) : 6.3994
Side Chain Topographical Entropy from corr. pLogP method (GLY 29) : -0.0000
Side Chain Topographical Entropy from corr. pLogP method (THR 30) : 5.5804
Side Chain Topographical Entropy from corr. pLogP method (TYR 31) : 5.2846
Side Chain Topographical Entropy from corr. pLogP method (GLU 32) : 16.5147
Side Chain Topographical Entropy from corr. pLogP method (SER 33) : 0.0657
Side Chain Topographical Entropy from corr. pLogP method (ALA 34) : -0.0000
Side Chain Topographical Entropy from corr. pLogP method (VAL 35) : 0.1200
Side Chain Topographical Entropy from corr. pLogP method (GLY 36) : -0.0000
Side Chain Topographical Entropy from corr. pLogP method (ASN 37) : 12.5585
Side Chain Topographical Entropy from corr. pLogP method (ALA 38) : -0.0000
Side Chain Topographical Entropy from corr. pLogP method (GLU 39) : 16.8660
Side Chain Topographical Entropy from corr. pLogP method (SER 40) : 2.3982
Side Chain Topographical Entropy from corr. pLogP method (ARG 41) : 6.9990
Side Chain Topographical Entropy from corr. pLogP method (TYR 42) : -0.0000
Side Chain Topographical Entropy from corr. pLogP method (VAL 43) : 3.1150
Side Chain Topographical Entropy from corr. pLogP method (LEU 44) : 0.5222
Side Chain Topographical Entropy from corr. pLogP method (THR 45) : 0.7826
Side Chain Topographical Entropy from corr. pLogP method (GLY 46) : -0.0000
Side Chain Topographical Entropy from corr. pLogP method (ARG 47) : 0.1200
Side Chain Topographical Entropy from corr. pLogP method (TYR 48) : 1.9356
Side Chain Topographical Entropy from corr. pLogP method (ASP 49) : 4.0185
Side Chain Topographical Entropy from corr. pLogP method (SER 50) : 0.5570
Side Chain Topographical Entropy from corr. pLogP method (ALA 51) : -0.0000
Side Chain Topographical Entropy from corr. pLogP method (PRO 52) : 12.0729
Side Chain Topographical Entropy from corr. pLogP method (ALA 53) : -0.0000
Side Chain Topographical Entropy from corr. pLogP method (THR 54) : 2.7752
Side Chain Topographical Entropy from corr. pLogP method (ASP 55) : 12.7773
Side Chain Topographical Entropy from corr. pLogP method (GLY 56) : -0.0000
Side Chain Topographical Entropy from corr. pLogP method (SER 57) : 7.1315
Side Chain Topographical Entropy from corr. pLogP method (GLY 58) : -0.0000
Side Chain Topographical Entropy from corr. pLogP method (THR 59) : 0.8357
Side Chain Topographical Entropy from corr. pLogP method (ALA 60) : -0.0000
Side Chain Topographical Entropy from corr. pLogP method (LEU 61) : 2.1168
Side Chain Topographical Entropy from corr. pLogP method (GLY 62) : -0.0000
Side Chain Topographical Entropy from corr. pLogP method (TRP 63) : -0.0000
Side Chain Topographical Entropy from corr. pLogP method (THR 64) : 0.6476
Side Chain Topographical Entropy from corr. pLogP method (VAL 65) : -0.0000
Side Chain Topographical Entropy from corr. pLogP method (ALA 66) : -0.0000
Side Chain Topographical Entropy from corr. pLogP method (TRP 67) : -0.0000
Side Chain Topographical Entropy from corr. pLogP method (LYS 68) : 8.1105
Side Chain Topographical Entropy from corr. pLogP method (ASN 69) : 5.3682
Side Chain Topographical Entropy from corr. pLogP method (ASN 70) : 15.0166
Side Chain Topographical Entropy from corr. pLogP method (TYR 71) : 7.6061
Side Chain Topographical Entropy from corr. pLogP method (ARG 72) : 7.3149
Side Chain Topographical Entropy from corr. pLogP method (ASN 73) : -0.0000
Side Chain Topographical Entropy from corr. pLogP method (ALA 74) : -0.0000
Side Chain Topographical Entropy from corr. pLogP method (HID 75) : 0.1200
Side Chain Topographical Entropy from corr. pLogP method (SER 76) : 5.7140
Side Chain Topographical Entropy from corr. pLogP method (ALA 77) : -0.0000
Side Chain Topographical Entropy from corr. pLogP method (THR 78) : 0.1200
Side Chain Topographical Entropy from corr. pLogP method (THR 79) : -0.0000
Side Chain Topographical Entropy from corr. pLogP method (TRP 80) : 3.1001
Side Chain Topographical Entropy from corr. pLogP method (SER 81) : 1.3964
Side Chain Topographical Entropy from corr. pLogP method (GLY 82) : -0.0000
Side Chain Topographical Entropy from corr. pLogP method (GLN 83) : 9.9087
Side Chain Topographical Entropy from corr. pLogP method (TYR 84) : -0.0000
Side Chain Topographical Entropy from corr. pLogP method (VAL 85) : 0.2168
Side Chain Topographical Entropy from corr. pLogP method (GLY 86) : -0.0000
Side Chain Topographical Entropy from corr. pLogP method (GLY 87) : -0.0000
Side Chain Topographical Entropy from corr. pLogP method (ALA 88) : -0.0000
Side Chain Topographical Entropy from corr. pLogP method (GLU 89) : 18.0724
Side Chain Topographical Entropy from corr. pLogP method (ALA 90) : -0.0000
Side Chain Topographical Entropy from corr. pLogP method (ARG 91) : 4.3844
Side Chain Topographical Entropy from corr. pLogP method (ILE 92) : 0.3274
Side Chain Topographical Entropy from corr. pLogP method (ASN 93) : 2.2061
Side Chain Topographical Entropy from corr. pLogP method (THR 94) : -0.0000
Side Chain Topographical Entropy from corr. pLogP method (GLN 95) : 3.9853
Side Chain Topographical Entropy from corr. pLogP method (TRP 96) : 1.3964
Side Chain Topographical Entropy from corr. pLogP method (LEU 97) : 1.4783
Side Chain Topographical Entropy from corr. pLogP method (LEU 98) : 1.2614
Side Chain Topographical Entropy from corr. pLogP method (THR 99) : -0.0000
Side Chain Topographical Entropy from corr. pLogP method (SER 100) : 7.9046
Side Chain Topographical Entropy from corr. pLogP method (GLY 101) : -0.0000
Side Chain Topographical Entropy from corr. pLogP method (THR 102) : -0.0000
Side Chain Topographical Entropy from corr. pLogP method (THR 103) : -0.0000
Side Chain Topographical Entropy from corr. pLogP method (GLU 104) : 21.6822
Side Chain Topographical Entropy from corr. pLogP method (ALA 105) : -0.0000
Side Chain Topographical Entropy from corr. pLogP method (ASN 106) : 3.7885
Side Chain Topographical Entropy from corr. pLogP method (ALA 107) : -0.0000
Side Chain Topographical Entropy from corr. pLogP method (TRP 108) : 5.1995
Side Chain Topographical Entropy from corr. pLogP method (LYS 109) : 10.9289
Side Chain Topographical Entropy from corr. pLogP method (SER 110) : -0.0000
Side Chain Topographical Entropy from corr. pLogP method (THR 111) : -0.0000
Side Chain Topographical Entropy from corr. pLogP method (LEU 112) : 3.9365
Side Chain Topographical Entropy from corr. pLogP method (VAL 113) : -0.0000
Side Chain Topographical Entropy from corr. pLogP method (GLY 114) : -0.0000
Side Chain Topographical Entropy from corr. pLogP method (HID 115) : 0.0657
Side Chain Topographical Entropy from corr. pLogP method (ASP 116) : 12.6023
Side Chain Topographical Entropy from corr. pLogP method (THR 117) : 0.0657
Side Chain Topographical Entropy from corr. pLogP method (PHE 118) : 0.3050
Side Chain Topographical Entropy from corr. pLogP method (THR 119) : 5.6216
Side Chain Topographical Entropy from corr. pLogP method (LYS 120) : 10.9654
Side Chain Topographical Entropy from corr. pLogP method (VAL 121) : 4.3800
Side Chain Topographical Entropy from corr. pLogP method (LYS 122) : 17.6651
Side Chain Topographical Entropy from corr. pLogP method (PRO 123) : 13.4032
Side Chain Topographical Entropy from corr. pLogP method (SER 124) : 5.2415
Side Chain Topographical Entropy from corr. pLogP method (ALA 125) : -0.0000
Side Chain Topographical Entropy from corr. pLogP method (ALA 126) : -0.0000
Side Chain Topographical Entropy from corr. pLogP method (CSER 127) : 5.7220
____________________________________________________________
Total SC Topog. Entropy (corr. pLogP)    :         438.464
------------------------------------------------------------
------------------------------------------------------------
Topographical entropy of BB dihedrals 
computed using the correlated-pLogp formalism
------------------------------------------------------------
____________________________________________________________
Total BB Topog. Entropy (corr. pLogP)    :          16.086
------------------------------------------------------------
____________________________________________________________
Total Entropy                            :         454.550
------------------------------------------------------------
