------------------------------------------------------------
Topographical entropy of residue side chains 
computed using all the dihedrals with correlation/pLogp formalism
------------------------------------------------------------
Side Chain Topographical Entropy from corr. pLogP method (NALA 1) : -0.0000
Side Chain Topographical Entropy from corr. pLogP method (GLU 2) : 22.6851
Side Chain Topographical Entropy from corr. pLogP method (ALA 3) : -0.0000
Side Chain Topographical Entropy from corr. pLogP method (GLY 4) : -0.0000
Side Chain Topographical Entropy from corr. pLogP method (ILE 5) : 1.2245
Side Chain Topographical Entropy from corr. pLogP method (THR 6) : -0.0000
Side Chain Topographical Entropy from corr. pLogP method (GLY 7) : -0.0000
Side Chain Topographical Entropy from corr. pLogP method (THR 8) : 0.0657
Side Chain Topographical Entropy from corr. pLogP method (TRP 9) : -0.0000
Side Chain Topographical Entropy from corr. pLogP method (TYR 10) : -0.0000
Side Chain Topographical Entropy from corr. pLogP method (ASN 11) : 2.1442
Side Chain Topographical Entropy from corr. pLogP method (GLN 12) : 20.2653
Side Chain Topographical Entropy from corr. pLogP method (LEU 13) : 5.1814
Side Chain Topographical Entropy from corr. pLogP method (GLY 14) : -0.0000
Side Chain Topographical Entropy from corr. pLogP method (SER 15) : 0.1200
Side Chain Topographical Entropy from corr. pLogP method (THR 16) : 4.6479
Side Chain Topographical Entropy from corr. pLogP method (PHE 17) : 3.2389
Side Chain Topographical Entropy from corr. pLogP method (ILE 18) : 4.8778
Side Chain Topographical Entropy from corr. pLogP method (VAL 19) : 1.2889
Side Chain Topographical Entropy from corr. pLogP method (THR 20) : 5.7416
Side Chain Topographical Entropy from corr. pLogP method (ALA 21) : -0.0000
Side Chain Topographical Entropy from corr. pLogP method (GLY 22) : -0.0000
Side Chain Topographical Entropy from corr. pLogP method (ALA 23) : -0.0000
Side Chain Topographical Entropy from corr. pLogP method (ASP 24) : 16.4075
Side Chain Topographical Entropy from corr. pLogP method (GLY 25) : -0.0000
Side Chain Topographical Entropy from corr. pLogP method (ALA 26) : -0.0000
Side Chain Topographical Entropy from corr. pLogP method (LEU 27) : 4.0871
Side Chain Topographical Entropy from corr. pLogP method (THR 28) : 8.0575
Side Chain Topographical Entropy from corr. pLogP method (GLY 29) : -0.0000
Side Chain Topographical Entropy from corr. pLogP method (THR 30) : 6.6566
Side Chain Topographical Entropy from corr. pLogP method (TYR 31) : 2.1886
Side Chain Topographical Entropy from corr. pLogP method (GLU 32) : 14.7567
Side Chain Topographical Entropy from corr. pLogP method (SER 33) : -0.0000
Side Chain Topographical Entropy from corr. pLogP method (ALA 34) : -0.0000
Side Chain Topographical Entropy from corr. pLogP method (VAL 35) : -0.0000
Side Chain Topographical Entropy from corr. pLogP method (GLY 36) : -0.0000
Side Chain Topographical Entropy from corr. pLogP method (ASN 37) : 12.9063
Side Chain Topographical Entropy from corr. pLogP method (ALA 38) : -0.0000
Side Chain Topographical Entropy from corr. pLogP method (GLU 39) : 15.3416
Side Chain Topographical Entropy from corr. pLogP method (SER 40) : 0.6125
Side Chain Topographical Entropy from corr. pLogP method (ARG 41) : 12.9608
Side Chain Topographical Entropy from corr. pLogP method (TYR 42) : -0.0000
Side Chain Topographical Entropy from corr. pLogP method (VAL 43) : -0.0000
Side Chain Topographical Entropy from corr. pLogP method (LEU 44) : 0.8583
Side Chain Topographical Entropy from corr. pLogP method (THR 45) : 0.2617
Side Chain Topographical Entropy from corr. pLogP method (GLY 46) : -0.0000
Side Chain Topographical Entropy from corr. pLogP method (ARG 47) : 0.1698
Side Chain Topographical Entropy from corr. pLogP method (TYR 48) : 2.5098
Side Chain Topographical Entropy from corr. pLogP method (ASP 49) : 1.6992
Side Chain Topographical Entropy from corr. pLogP method (SER 50) : 0.2355
Side Chain Topographical Entropy from corr. pLogP method (ALA 51) : -0.0000
Side Chain Topographical Entropy from corr. pLogP method (PRO 52) : 11.8971
Side Chain Topographical Entropy from corr. pLogP method (ALA 53) : -0.0000
Side Chain Topographical Entropy from corr. pLogP method (THR 54) : 8.2969
Side Chain Topographical Entropy from corr. pLogP method (ASP 55) : 11.1476
Side Chain Topographical Entropy from corr. pLogP method (GLY 56) : -0.0000
Side Chain Topographical Entropy from corr. pLogP method (SER 57) : 4.3307
Side Chain Topographical Entropy from corr. pLogP method (GLY 58) : -0.0000
Side Chain Topographical Entropy from corr. pLogP method (THR 59) : 0.0657
Side Chain Topographical Entropy from corr. pLogP method (ALA 60) : -0.0000
Side Chain Topographical Entropy from corr. pLogP method (LEU 61) : 4.6672
Side Chain Topographical Entropy from corr. pLogP method (GLY 62) : -0.0000
Side Chain Topographical Entropy from corr. pLogP method (TRP 63) : -0.0000
Side Chain Topographical Entropy from corr. pLogP method (THR 64) : 0.3468
Side Chain Topographical Entropy from corr. pLogP method (VAL 65) : -0.0000
Side Chain Topographical Entropy from corr. pLogP method (ALA 66) : -0.0000
Side Chain Topographical Entropy from corr. pLogP method (TRP 67) : -0.0000
Side Chain Topographical Entropy from corr. pLogP method (LYS 68) : 9.9113
Side Chain Topographical Entropy from corr. pLogP method (ASN 69) : 2.0218
Side Chain Topographical Entropy from corr. pLogP method (ASN 70) : 14.5545
Side Chain Topographical Entropy from corr. pLogP method (TYR 71) : 10.7741
Side Chain Topographical Entropy from corr. pLogP method (ARG 72) : 16.1946
Side Chain Topographical Entropy from corr. pLogP method (ASN 73) : 0.0657
Side Chain Topographical Entropy from corr. pLogP method (ALA 74) : -0.0000
Side Chain Topographical Entropy from corr. pLogP method (HID 75) : 0.3050
Side Chain Topographical Entropy from corr. pLogP method (SER 76) : -0.0000
Side Chain Topographical Entropy from corr. pLogP method (ALA 77) : -0.0000
Side Chain Topographical Entropy from corr. pLogP method (THR 78) : 0.0657
Side Chain Topographical Entropy from corr. pLogP method (THR 79) : 3.6673
Side Chain Topographical Entropy from corr. pLogP method (TRP 80) : 2.6291
Side Chain Topographical Entropy from corr. pLogP method (SER 81) : 0.3468
Side Chain Topographical Entropy from corr. pLogP method (GLY 82) : -0.0000
Side Chain Topographical Entropy from corr. pLogP method (GLN 83) : 10.4881
Side Chain Topographical Entropy from corr. pLogP method (TYR 84) : -0.0000
Side Chain Topographical Entropy from corr. pLogP method (VAL 85) : 1.5763
Side Chain Topographical Entropy from corr. pLogP method (GLY 86) : -0.0000
Side Chain Topographical Entropy from corr. pLogP method (GLY 87) : -0.0000
Side Chain Topographical Entropy from corr. pLogP method (ALA 88) : -0.0000
Side Chain Topographical Entropy from corr. pLogP method (GLU 89) : 20.2220
Side Chain Topographical Entropy from corr. pLogP method (ALA 90) : -0.0000
Side Chain Topographical Entropy from corr. pLogP method (ARG 91) : 11.4323
Side Chain Topographical Entropy from corr. pLogP method (ILE 92) : 0.4927
Side Chain Topographical Entropy from corr. pLogP method (ASN 93) : 7.4225
Side Chain Topographical Entropy from corr. pLogP method (THR 94) : -0.0000
Side Chain Topographical Entropy from corr. pLogP method (GLN 95) : 8.7182
Side Chain Topographical Entropy from corr. pLogP method (TRP 96) : 0.7826
Side Chain Topographical Entropy from corr. pLogP method (LEU 97) : 3.8791
Side Chain Topographical Entropy from corr. pLogP method (LEU 98) : 0.0657
Side Chain Topographical Entropy from corr. pLogP method (THR 99) : -0.0000
Side Chain Topographical Entropy from corr. pLogP method (SER 100) : 7.1080
Side Chain Topographical Entropy from corr. pLogP method (GLY 101) : -0.0000
Side Chain Topographical Entropy from corr. pLogP method (THR 102) : 5.0214
Side Chain Topographical Entropy from corr. pLogP method (THR 103) : -0.0000
Side Chain Topographical Entropy from corr. pLogP method (GLU 104) : 21.2842
Side Chain Topographical Entropy from corr. pLogP method (ALA 105) : -0.0000
Side Chain Topographical Entropy from corr. pLogP method (ASN 106) : 4.4631
Side Chain Topographical Entropy from corr. pLogP method (ALA 107) : -0.0000
Side Chain Topographical Entropy from corr. pLogP method (TRP 108) : 5.4517
Side Chain Topographical Entropy from corr. pLogP method (LYS 109) : 13.6159
Side Chain Topographical Entropy from corr. pLogP method (SER 110) : 2.6043
Side Chain Topographical Entropy from corr. pLogP method (THR 111) : -0.0000
Side Chain Topographical Entropy from corr. pLogP method (LEU 112) : 3.5375
Side Chain Topographical Entropy from corr. pLogP method (VAL 113) : -0.0000
Side Chain Topographical Entropy from corr. pLogP method (GLY 114) : -0.0000
Side Chain Topographical Entropy from corr. pLogP method (HID 115) : -0.0000
Side Chain Topographical Entropy from corr. pLogP method (ASP 116) : -0.0000
Side Chain Topographical Entropy from corr. pLogP method (THR 117) : 6.9163
Side Chain Topographical Entropy from corr. pLogP method (PHE 118) : -0.0000
Side Chain Topographical Entropy from corr. pLogP method (THR 119) : 0.4927
Side Chain Topographical Entropy from corr. pLogP method (LYS 120) : 10.7575
Side Chain Topographical Entropy from corr. pLogP method (VAL 121) : 8.4379
Side Chain Topographical Entropy from corr. pLogP method (LYS 122) : 17.8565
Side Chain Topographical Entropy from corr. pLogP method (PRO 123) : 13.7901
Side Chain Topographical Entropy from corr. pLogP method (SER 124) : 8.5312
Side Chain Topographical Entropy from corr. pLogP method (ALA 125) : -0.0000
Side Chain Topographical Entropy from corr. pLogP method (ALA 126) : -0.0000
Side Chain Topographical Entropy from corr. pLogP method (CSER 127) : 4.9697
____________________________________________________________
Total SC Topog. Entropy (corr. pLogP)    :         472.396
------------------------------------------------------------
------------------------------------------------------------
Topographical entropy of BB dihedrals 
computed using the correlated-pLogp formalism
------------------------------------------------------------
____________________________________________________________
Total BB Topog. Entropy (corr. pLogP)    :          16.772
------------------------------------------------------------
____________________________________________________________
Total Entropy                            :         489.168
------------------------------------------------------------
