------------------------------------------------------------
Topographical entropy of residue side chains 
computed using all the dihedrals with correlation/pLogp formalism
------------------------------------------------------------
Side Chain Topographical Entropy from corr. pLogP method (NALA 1) : -0.0000
Side Chain Topographical Entropy from corr. pLogP method (GLU 2) : 22.2463
Side Chain Topographical Entropy from corr. pLogP method (ALA 3) : -0.0000
Side Chain Topographical Entropy from corr. pLogP method (GLY 4) : -0.0000
Side Chain Topographical Entropy from corr. pLogP method (ILE 5) : 7.9332
Side Chain Topographical Entropy from corr. pLogP method (THR 6) : -0.0000
Side Chain Topographical Entropy from corr. pLogP method (GLY 7) : -0.0000
Side Chain Topographical Entropy from corr. pLogP method (THR 8) : 0.0657
Side Chain Topographical Entropy from corr. pLogP method (TRP 9) : -0.0000
Side Chain Topographical Entropy from corr. pLogP method (TYR 10) : 5.4192
Side Chain Topographical Entropy from corr. pLogP method (ASN 11) : 4.1662
Side Chain Topographical Entropy from corr. pLogP method (GLN 12) : 0.0657
Side Chain Topographical Entropy from corr. pLogP method (LEU 13) : 0.0657
Side Chain Topographical Entropy from corr. pLogP method (GLY 14) : -0.0000
Side Chain Topographical Entropy from corr. pLogP method (SER 15) : -0.0000
Side Chain Topographical Entropy from corr. pLogP method (THR 16) : 0.1698
Side Chain Topographical Entropy from corr. pLogP method (PHE 17) : 5.5889
Side Chain Topographical Entropy from corr. pLogP method (ILE 18) : 1.3747
Side Chain Topographical Entropy from corr. pLogP method (VAL 19) : 0.8151
Side Chain Topographical Entropy from corr. pLogP method (THR 20) : 6.9429
Side Chain Topographical Entropy from corr. pLogP method (ALA 21) : -0.0000
Side Chain Topographical Entropy from corr. pLogP method (GLY 22) : -0.0000
Side Chain Topographical Entropy from corr. pLogP method (ALA 23) : -0.0000
Side Chain Topographical Entropy from corr. pLogP method (ASP 24) : 12.9517
Side Chain Topographical Entropy from corr. pLogP method (GLY 25) : -0.0000
Side Chain Topographical Entropy from corr. pLogP method (ALA 26) : -0.0000
Side Chain Topographical Entropy from corr. pLogP method (LEU 27) : 8.9498
Side Chain Topographical Entropy from corr. pLogP method (THR 28) : 7.4528
Side Chain Topographical Entropy from corr. pLogP method (GLY 29) : -0.0000
Side Chain Topographical Entropy from corr. pLogP method (THR 30) : -0.0000
Side Chain Topographical Entropy from corr. pLogP method (TYR 31) : 5.3857
Side Chain Topographical Entropy from corr. pLogP method (GLU 32) : 9.6928
Side Chain Topographical Entropy from corr. pLogP method (SER 33) : -0.0000
Side Chain Topographical Entropy from corr. pLogP method (ALA 34) : -0.0000
Side Chain Topographical Entropy from corr. pLogP method (VAL 35) : 0.1200
Side Chain Topographical Entropy from corr. pLogP method (GLY 36) : -0.0000
Side Chain Topographical Entropy from corr. pLogP method (ASN 37) : 13.4145
Side Chain Topographical Entropy from corr. pLogP method (ALA 38) : -0.0000
Side Chain Topographical Entropy from corr. pLogP method (GLU 39) : 14.6507
Side Chain Topographical Entropy from corr. pLogP method (SER 40) : 0.8790
Side Chain Topographical Entropy from corr. pLogP method (ARG 41) : 6.4112
Side Chain Topographical Entropy from corr. pLogP method (TYR 42) : -0.0000
Side Chain Topographical Entropy from corr. pLogP method (VAL 43) : 1.4747
Side Chain Topographical Entropy from corr. pLogP method (LEU 44) : -0.0000
Side Chain Topographical Entropy from corr. pLogP method (THR 45) : 0.0657
Side Chain Topographical Entropy from corr. pLogP method (GLY 46) : -0.0000
Side Chain Topographical Entropy from corr. pLogP method (ARG 47) : 0.1698
Side Chain Topographical Entropy from corr. pLogP method (TYR 48) : 7.7973
Side Chain Topographical Entropy from corr. pLogP method (ASP 49) : 1.8597
Side Chain Topographical Entropy from corr. pLogP method (SER 50) : 6.0853
Side Chain Topographical Entropy from corr. pLogP method (ALA 51) : -0.0000
Side Chain Topographical Entropy from corr. pLogP method (PRO 52) : 10.5063
Side Chain Topographical Entropy from corr. pLogP method (ALA 53) : -0.0000
Side Chain Topographical Entropy from corr. pLogP method (THR 54) : 5.7428
Side Chain Topographical Entropy from corr. pLogP method (ASP 55) : 7.1515
Side Chain Topographical Entropy from corr. pLogP method (GLY 56) : -0.0000
Side Chain Topographical Entropy from corr. pLogP method (SER 57) : -0.0000
Side Chain Topographical Entropy from corr. pLogP method (GLY 58) : -0.0000
Side Chain Topographical Entropy from corr. pLogP method (THR 59) : 3.3651
Side Chain Topographical Entropy from corr. pLogP method (ALA 60) : -0.0000
Side Chain Topographical Entropy from corr. pLogP method (LEU 61) : 6.3587
Side Chain Topographical Entropy from corr. pLogP method (GLY 62) : -0.0000
Side Chain Topographical Entropy from corr. pLogP method (TRP 63) : -0.0000
Side Chain Topographical Entropy from corr. pLogP method (THR 64) : -0.0000
Side Chain Topographical Entropy from corr. pLogP method (VAL 65) : 0.0657
Side Chain Topographical Entropy from corr. pLogP method (ALA 66) : -0.0000
Side Chain Topographical Entropy from corr. pLogP method (TRP 67) : -0.0000
Side Chain Topographical Entropy from corr. pLogP method (LYS 68) : 8.3787
Side Chain Topographical Entropy from corr. pLogP method (ASN 69) : 0.9129
Side Chain Topographical Entropy from corr. pLogP method (ASN 70) : 14.2043
Side Chain Topographical Entropy from corr. pLogP method (TYR 71) : 7.9405
Side Chain Topographical Entropy from corr. pLogP method (ARG 72) : 11.3416
Side Chain Topographical Entropy from corr. pLogP method (ASN 73) : 0.7322
Side Chain Topographical Entropy from corr. pLogP method (ALA 74) : -0.0000
Side Chain Topographical Entropy from corr. pLogP method (HID 75) : 1.5512
Side Chain Topographical Entropy from corr. pLogP method (SER 76) : 6.8569
Side Chain Topographical Entropy from corr. pLogP method (ALA 77) : -0.0000
Side Chain Topographical Entropy from corr. pLogP method (THR 78) : 0.0657
Side Chain Topographical Entropy from corr. pLogP method (THR 79) : 5.9030
Side Chain Topographical Entropy from corr. pLogP method (TRP 80) : 1.5259
Side Chain Topographical Entropy from corr. pLogP method (SER 81) : 3.3215
Side Chain Topographical Entropy from corr. pLogP method (GLY 82) : -0.0000
Side Chain Topographical Entropy from corr. pLogP method (GLN 83) : 11.1721
Side Chain Topographical Entropy from corr. pLogP method (TYR 84) : -0.0000
Side Chain Topographical Entropy from corr. pLogP method (VAL 85) : 1.2058
Side Chain Topographical Entropy from corr. pLogP method (GLY 86) : -0.0000
Side Chain Topographical Entropy from corr. pLogP method (GLY 87) : -0.0000
Side Chain Topographical Entropy from corr. pLogP method (ALA 88) : -0.0000
Side Chain Topographical Entropy from corr. pLogP method (GLU 89) : 22.1573
Side Chain Topographical Entropy from corr. pLogP method (ALA 90) : -0.0000
Side Chain Topographical Entropy from corr. pLogP method (ARG 91) : 1.4834
Side Chain Topographical Entropy from corr. pLogP method (ILE 92) : 0.6768
Side Chain Topographical Entropy from corr. pLogP method (ASN 93) : 1.4352
Side Chain Topographical Entropy from corr. pLogP method (THR 94) : -0.0000
Side Chain Topographical Entropy from corr. pLogP method (GLN 95) : 1.2614
Side Chain Topographical Entropy from corr. pLogP method (TRP 96) : 0.3874
Side Chain Topographical Entropy from corr. pLogP method (LEU 97) : 0.1315
Side Chain Topographical Entropy from corr. pLogP method (LEU 98) : 2.4962
Side Chain Topographical Entropy from corr. pLogP method (THR 99) : -0.0000
Side Chain Topographical Entropy from corr. pLogP method (SER 100) : 5.7631
Side Chain Topographical Entropy from corr. pLogP method (GLY 101) : -0.0000
Side Chain Topographical Entropy from corr. pLogP method (THR 102) : 5.3676
Side Chain Topographical Entropy from corr. pLogP method (THR 103) : -0.0000
Side Chain Topographical Entropy from corr. pLogP method (GLU 104) : 19.8518
Side Chain Topographical Entropy from corr. pLogP method (ALA 105) : -0.0000
Side Chain Topographical Entropy from corr. pLogP method (ASN 106) : 4.2049
Side Chain Topographical Entropy from corr. pLogP method (ALA 107) : -0.0000
Side Chain Topographical Entropy from corr. pLogP method (TRP 108) : 5.3934
Side Chain Topographical Entropy from corr. pLogP method (LYS 109) : 18.5367
Side Chain Topographical Entropy from corr. pLogP method (SER 110) : -0.0000
Side Chain Topographical Entropy from corr. pLogP method (THR 111) : 0.1200
Side Chain Topographical Entropy from corr. pLogP method (LEU 112) : 2.8748
Side Chain Topographical Entropy from corr. pLogP method (VAL 113) : -0.0000
Side Chain Topographical Entropy from corr. pLogP method (GLY 114) : -0.0000
Side Chain Topographical Entropy from corr. pLogP method (HID 115) : 0.0657
Side Chain Topographical Entropy from corr. pLogP method (ASP 116) : 0.1698
Side Chain Topographical Entropy from corr. pLogP method (THR 117) : 1.3964
Side Chain Topographical Entropy from corr. pLogP method (PHE 118) : -0.0000
Side Chain Topographical Entropy from corr. pLogP method (THR 119) : 3.0175
Side Chain Topographical Entropy from corr. pLogP method (LYS 120) : 12.2928
Side Chain Topographical Entropy from corr. pLogP method (VAL 121) : 3.2530
Side Chain Topographical Entropy from corr. pLogP method (LYS 122) : 14.8528
Side Chain Topographical Entropy from corr. pLogP method (PRO 123) : 13.2507
Side Chain Topographical Entropy from corr. pLogP method (SER 124) : 5.7537
Side Chain Topographical Entropy from corr. pLogP method (ALA 125) : -0.0000
Side Chain Topographical Entropy from corr. pLogP method (ALA 126) : -0.0000
Side Chain Topographical Entropy from corr. pLogP method (CSER 127) : 5.3337
____________________________________________________________
Total SC Topog. Entropy (corr. pLogP)    :         412.044
------------------------------------------------------------
------------------------------------------------------------
Topographical entropy of BB dihedrals 
computed using the correlated-pLogp formalism
------------------------------------------------------------
____________________________________________________________
Total BB Topog. Entropy (corr. pLogP)    :          16.654
------------------------------------------------------------
____________________________________________________________
Total Entropy                            :         428.699
------------------------------------------------------------
