9.201   
22.676   
5.746   
2.557   
24.913   
19.983   
2.490   
19.165   
46.624   
42.739   
22.987   
30.268   
25.177   
2.678   
12.149   
19.974   
33.308   
24.914   
18.798   
18.050   
6.576   
2.368   
6.937   
18.344   
2.879   
6.904   
25.420   
18.855   
2.584   
19.002   
44.250   
26.582   
12.136   
6.810   
18.616   
2.363   
19.975   
6.510   
25.473   
12.147   
42.497   
41.659   
18.924   
26.228   
19.506   
2.473   
46.291   
42.815   
22.573   
12.002   
6.714   
12.499   
6.526   
17.444   
19.117   
2.809   
11.255   
2.622   
19.050   
6.953   
24.984   
2.662   
47.937   
19.270   
19.031   
7.201   
49.608   
29.241   
22.940   
20.152   
36.229   
40.410   
23.309   
7.203   
28.752   
12.440   
6.538   
19.639   
18.713   
48.936   
12.309   
2.545   
29.688   
42.160   
19.346   
2.373   
2.491   
6.759   
24.532   
6.769   
41.819   
25.428   
21.948   
19.132   
30.584   
49.703   
26.386   
25.013   
19.910   
11.748   
2.334   
19.302   
19.095   
25.079   
6.786   
22.021   
6.854   
46.456   
28.899   
12.380   
20.220   
24.616   
18.715   
2.604   
28.024   
22.728   
19.364   
35.378   
18.987   
29.575   
17.903   
27.880   
12.183   
10.686   
6.191   
5.166   
14.459   
9.236   
21.844   
5.679   
2.583   
26.622   
21.016   
2.765   
20.409   
52.770   
44.129   
24.133   
31.949   
25.781   
2.868   
12.741   
20.685   
36.364   
26.399   
19.819   
19.753   
7.261   
2.695   
6.879   
19.274   
2.872   
7.264   
27.181   
20.173   
2.855   
21.065   
46.195   
27.461   
13.254   
7.717   
19.398   
2.816   
21.156   
6.861   
25.464   
12.035   
43.285   
45.964   
19.888   
27.274   
19.432   
2.916   
47.852   
46.651   
25.270   
12.841   
7.215   
13.969   
7.359   
19.087   
19.564   
2.769   
12.110   
2.453   
19.885   
7.568   
25.941   
2.782   
53.507   
18.897   
20.317   
7.508   
52.216   
30.350   
24.477   
21.712   
40.414   
41.945   
24.491   
7.051   
31.561   
13.002   
7.379   
20.296   
20.242   
52.492   
12.973   
2.792   
29.042   
44.957   
19.097   
2.576   
2.588   
6.505   
23.687   
6.999   
42.767   
26.584   
22.945   
20.585   
32.681   
53.747   
26.806   
27.182   
21.358   
12.498   
2.554   
19.643   
20.026   
24.799   
7.283   
22.984   
7.305   
53.110   
30.694   
12.834   
20.520   
26.315   
19.981   
2.763   
31.818   
24.804   
19.784   
37.688   
19.623   
30.597   
18.479   
28.230   
12.477   
10.859   
5.610   
5.058   
13.902   
8.875   
21.996   
5.359   
2.452   
25.827   
19.528   
2.493   
19.294   
49.245   
41.095   
21.974   
26.756   
23.655   
3.026   
12.219   
19.107   
32.519   
24.491   
18.728   
18.200   
6.877   
2.402   
6.806   
18.372   
2.561   
6.795   
24.914   
18.428   
2.544   
18.802   
42.811   
25.196   
12.603   
6.682   
18.834   
2.445   
20.634   
6.814   
24.959   
11.530   
40.760   
42.735   
18.587   
25.562   
19.736   
2.689   
44.511   
41.712   
22.911   
12.356   
6.662   
11.423   
6.264   
17.798   
19.235   
2.744   
11.368   
2.535   
19.588   
7.324   
25.042   
2.784   
49.279   
20.176   
19.278   
6.970   
48.481   
29.431   
23.026   
20.791   
37.904   
40.827   
23.133   
6.607   
29.298   
12.191   
6.845   
18.817   
18.620   
49.112   
12.235   
2.767   
28.765   
40.699   
18.715   
2.599   
2.460   
6.502   
23.196   
6.397   
41.428   
25.349   
21.408   
19.365   
28.333   
48.803   
25.067   
25.678   
20.158   
11.446   
2.290   
17.707   
18.947   
25.249   
7.025   
21.926   
6.852   
47.204   
29.524   
12.401   
19.062   
25.179   
19.152   
2.568   
28.575   
22.855   
18.826   
32.829   
19.237   
28.848   
16.636   
27.483   
12.066   
10.386   
5.513   
5.224   
13.999   
8.365   
22.442   
5.479   
2.836   
26.619   
20.182   
2.618   
19.581   
52.218   
44.130   
23.324   
31.396   
25.623   
2.775   
12.716   
18.812   
30.223   
24.890   
19.209   
19.002   
7.252   
2.351   
6.845   
19.167   
3.028   
7.076   
25.263   
18.445   
2.802   
20.391   
46.474   
26.304   
13.030   
6.937   
18.905   
2.800   
21.667   
6.503   
24.701   
11.714   
39.678   
45.510   
18.725   
27.079   
19.441   
2.936   
47.663   
44.401   
23.708   
12.023   
6.828   
13.778   
7.266   
17.630   
20.489   
2.860   
12.010   
2.492   
19.599   
7.487   
25.039   
2.769   
53.533   
20.370   
19.989   
7.349   
49.819   
26.547   
20.486   
19.909   
34.688   
37.067   
20.660   
7.598   
30.321   
12.587   
6.965   
20.305   
18.884   
51.638   
12.721   
2.666   
30.145   
43.522   
18.492   
2.366   
2.541   
6.593   
24.443   
7.069   
39.908   
25.896   
23.818   
18.702   
28.363   
52.792   
26.533   
26.191   
21.126   
12.161   
2.458   
19.835   
19.620   
25.315   
7.250   
23.422   
7.047   
51.008   
29.664   
12.894   
20.449   
26.550   
19.788   
2.828   
30.236   
23.776   
20.093   
36.112   
20.375   
29.176   
17.611   
27.898   
12.084   
10.795   
5.232   
5.117   
14.403   
9.057   
22.750   
5.973   
2.505   
24.843   
19.288   
2.640   
19.592   
47.568   
40.197   
22.400   
29.487   
24.235   
2.851   
12.123   
18.873   
30.574   
24.175   
19.103   
19.045   
7.062   
2.350   
6.275   
17.745   
2.623   
6.655   
24.652   
18.420   
2.698   
19.226   
41.541   
24.101   
12.005   
6.506   
18.554   
2.652   
21.065   
6.784   
25.090   
11.452   
42.246   
41.659   
18.913   
24.962   
18.434   
2.705   
43.961   
40.721   
21.731   
11.970   
6.562   
12.600   
6.905   
18.608   
17.761   
2.572   
10.627   
2.682   
18.542   
6.719   
24.216   
2.603   
47.614   
19.249   
19.074   
6.878   
47.631   
29.180   
22.831   
19.949   
34.712   
39.024   
22.287   
6.671   
28.201   
12.597   
6.677   
19.705   
18.519   
47.568   
12.244   
2.710   
27.957   
39.746   
17.761   
2.449   
2.309   
5.980   
22.890   
6.778   
41.461   
24.368   
21.621   
18.559   
28.141   
48.646   
25.926   
25.318   
19.936   
11.918   
2.390   
17.950   
18.738   
26.166   
6.910   
22.061   
6.817   
46.708   
29.164   
12.118   
19.007   
25.272   
18.763   
2.645   
28.093   
22.135   
18.293   
32.590   
18.291   
29.357   
17.297   
27.140   
12.336   
10.451   
5.798   
5.301   
14.177   
