9.104   
23.568   
6.206   
2.637   
26.513   
21.416   
2.412   
20.749   
55.472   
45.912   
24.388   
32.444   
26.331   
3.102   
13.068   
21.143   
37.029   
26.463   
20.431   
19.503   
6.926   
2.463   
7.013   
18.995   
3.140   
7.572   
24.824   
20.371   
2.943   
21.171   
45.268   
28.137   
13.128   
7.189   
19.780   
2.913   
21.669   
7.155   
26.517   
12.332   
44.414   
46.633   
20.422   
27.250   
20.847   
2.752   
50.398   
46.930   
24.140   
12.996   
7.437   
14.322   
7.102   
18.507   
18.705   
2.719   
11.126   
2.664   
20.771   
7.623   
25.180   
3.003   
55.282   
20.917   
20.254   
7.606   
55.324   
30.616   
25.062   
21.552   
40.628   
42.688   
24.756   
7.451   
32.746   
12.835   
7.312   
20.844   
20.509   
54.593   
13.115   
2.622   
28.829   
45.137   
19.827   
2.560   
2.543   
6.856   
26.508   
7.286   
42.742   
27.655   
22.681   
20.426   
29.323   
54.730   
27.521   
27.442   
20.376   
12.376   
2.564   
20.187   
20.159   
25.004   
7.547   
23.696   
7.249   
53.612   
30.182   
12.998   
21.224   
26.784   
20.397   
3.013   
32.086   
26.078   
19.522   
38.362   
21.016   
31.845   
18.697   
29.672   
13.170   
10.854   
5.768   
5.041   
14.733   
8.892   
22.939   
6.505   
2.966   
25.729   
20.495   
2.751   
20.448   
52.281   
44.834   
23.363   
31.603   
26.219   
2.863   
13.067   
19.957   
35.254   
26.150   
19.301   
18.099   
7.196   
2.630   
6.806   
18.404   
2.860   
7.470   
26.680   
18.687   
2.832   
20.102   
46.177   
28.148   
13.236   
7.136   
19.305   
2.708   
21.262   
6.568   
25.351   
12.179   
45.046   
45.617   
19.892   
27.106   
20.433   
2.772   
49.516   
45.402   
24.754   
12.446   
6.995   
14.402   
7.414   
18.307   
18.068   
2.563   
11.169   
2.593   
20.128   
7.346   
24.756   
2.749   
53.619   
20.527   
19.686   
7.521   
54.658   
29.666   
23.700   
21.276   
38.128   
43.419   
24.279   
7.043   
31.205   
12.382   
6.994   
20.380   
20.122   
52.973   
12.438   
2.626   
30.707   
44.142   
19.992   
2.560   
2.600   
6.898   
24.897   
6.933   
46.809   
26.909   
23.342   
20.151   
32.579   
52.446   
27.158   
27.257   
20.242   
12.152   
2.478   
19.281   
20.352   
25.726   
6.953   
23.199   
7.061   
53.110   
31.098   
13.035   
20.766   
26.910   
19.956   
2.843   
30.784   
24.595   
19.670   
36.695   
20.331   
29.611   
19.333   
28.220   
12.943   
10.488   
5.573   
5.441   
14.308   
9.047   
22.684   
6.174   
2.537   
25.481   
19.533   
2.530   
18.979   
48.073   
41.113   
21.550   
27.814   
24.974   
2.754   
12.029   
18.707   
30.241   
24.930   
18.929   
18.227   
6.878   
2.497   
6.696   
18.544   
2.828   
7.201   
25.876   
18.803   
2.703   
19.100   
41.672   
25.930   
11.975   
6.883   
18.806   
2.465   
20.529   
6.862   
24.492   
11.266   
43.298   
41.354   
18.476   
25.546   
19.498   
2.887   
46.134   
41.966   
22.685   
11.784   
6.462   
13.391   
6.973   
17.532   
20.834   
2.651   
12.129   
2.642   
18.838   
6.915   
23.842   
2.553   
47.684   
19.867   
19.260   
6.751   
48.730   
29.822   
22.320   
20.473   
36.286   
40.472   
23.722   
7.000   
27.899   
12.435   
6.765   
19.566   
19.036   
46.749   
12.027   
2.679   
29.435   
40.589   
19.809   
2.507   
2.186   
5.521   
23.024   
5.770   
41.487   
25.034   
22.778   
18.588   
30.265   
49.156   
26.163   
26.049   
20.067   
12.308   
2.651   
18.994   
19.658   
25.381   
7.249   
22.544   
7.172   
47.419   
29.137   
11.962   
20.207   
25.499   
19.300   
2.729   
28.391   
20.402   
19.447   
32.871   
17.678   
28.841   
17.630   
28.386   
12.671   
11.026   
5.884   
5.794   
14.600   
8.857   
22.874   
6.036   
2.787   
26.201   
19.944   
2.562   
19.684   
51.601   
43.977   
23.198   
25.751   
24.994   
2.735   
12.498   
19.433   
35.155   
25.831   
19.772   
20.144   
7.225   
2.606   
7.211   
18.658   
2.870   
7.362   
27.265   
19.583   
2.778   
18.431   
43.558   
26.837   
13.174   
7.219   
19.142   
2.575   
21.467   
6.864   
26.030   
11.710   
40.782   
43.726   
19.329   
26.686   
19.789   
2.939   
47.167   
45.313   
23.574   
12.478   
6.563   
10.567   
5.740   
17.441   
19.128   
2.857   
12.376   
2.721   
19.777   
7.482   
24.466   
2.640   
52.741   
20.561   
19.550   
7.553   
53.236   
30.369   
23.027   
21.742   
34.907   
40.085   
22.855   
6.825   
29.908   
12.172   
7.095   
20.709   
19.339   
50.912   
12.735   
2.797   
30.197   
44.831   
18.994   
2.365   
2.321   
7.057   
24.627   
6.887   
44.635   
26.658   
23.184   
20.169   
32.399   
52.426   
27.480   
26.535   
21.199   
12.085   
2.699   
19.473   
20.177   
24.281   
6.851   
22.370   
7.111   
49.853   
28.424   
12.080   
20.844   
25.947   
19.242   
2.769   
30.132   
22.100   
19.965   
35.574   
19.466   
28.858   
17.560   
27.083   
12.472   
10.396   
5.192   
5.010   
14.564   
9.805   
23.211   
6.155   
2.519   
25.286   
19.100   
2.502   
19.719   
46.167   
39.687   
21.840   
26.627   
23.020   
2.662   
11.983   
19.328   
30.612   
23.835   
18.724   
19.407   
6.886   
2.415   
6.892   
18.056   
2.645   
6.685   
25.338   
18.734   
2.746   
18.771   
40.362   
25.050   
12.366   
6.775   
19.024   
2.554   
19.836   
6.406   
22.869   
11.734   
41.190   
40.709   
18.540   
26.052   
19.802   
2.562   
44.346   
41.471   
21.761   
11.944   
6.605   
12.334   
6.267   
17.536   
18.417   
2.614   
11.012   
2.694   
18.984   
6.537   
25.014   
2.556   
46.528   
19.290   
19.178   
7.131   
48.645   
28.652   
22.210   
20.235   
37.158   
40.803   
21.971   
6.589   
27.598   
11.203   
6.729   
19.929   
18.257   
46.760   
12.343   
2.597   
28.169   
40.576   
17.965   
2.554   
2.390   
6.023   
24.156   
6.783   
44.347   
24.154   
22.113   
19.348   
29.670   
47.438   
25.389   
25.121   
19.553   
11.836   
2.478   
18.962   
19.029   
24.347   
7.154   
22.248   
6.946   
46.344   
29.822   
12.310   
20.213   
24.508   
18.742   
2.655   
27.569   
19.315   
18.586   
32.655   
18.347   
28.326   
17.428   
26.852   
11.304   
10.072   
5.759   
5.114   
14.764   
