------------------------------------------------------------
          Hierarchy level. --> Whole molecule <--           
------------------------------------------------------------
Total number of beads at the whole molecule level = 1
FF Entropy (Whole mol level)             : 67.2755 J/mol/K
TT Entropy (Whole mol level)             : 47.0433 J/mol/K
____________________________________________________________
Total Entropy                            :         114.319
------------------------------------------------------------
------------------------------------------------------------
          Hierarchy level. --> Whole molecule <--           
------------------------------------------------------------
Total number of beads at the whole molecule level = 1
FF Entropy (Whole mol level)             : 67.5499 J/mol/K
TT Entropy (Whole mol level)             : 43.6359 J/mol/K
____________________________________________________________
Total Entropy                            :         111.186
------------------------------------------------------------
------------------------------------------------------------
          Hierarchy level. --> Whole molecule <--           
------------------------------------------------------------
Total number of beads at the whole molecule level = 1
FF Entropy (Whole mol level)             : 67.0727 J/mol/K
TT Entropy (Whole mol level)             : 46.7389 J/mol/K
____________________________________________________________
Total Entropy                            :         113.812
------------------------------------------------------------
------------------------------------------------------------
          Hierarchy level. --> Whole molecule <--           
------------------------------------------------------------
Total number of beads at the whole molecule level = 1
FF Entropy (Whole mol level)             : 67.3381 J/mol/K
TT Entropy (Whole mol level)             : 44.9058 J/mol/K
____________________________________________________________
Total Entropy                            :         112.244
------------------------------------------------------------
------------------------------------------------------------
          Hierarchy level. --> Whole molecule <--           
------------------------------------------------------------
Total number of beads at the whole molecule level = 1
FF Entropy (Whole mol level)             : 67.5496 J/mol/K
TT Entropy (Whole mol level)             : 45.5144 J/mol/K
____________________________________________________________
Total Entropy                            :         113.064
------------------------------------------------------------
