------------------------------------------------------------
          Hierarchy level. --> Whole molecule <--           
------------------------------------------------------------
Total number of beads at the whole molecule level = 1
FF Entropy (Whole mol level)             : 67.3706 J/mol/K
TT Entropy (Whole mol level)             : 45.5342 J/mol/K
____________________________________________________________
Total Entropy                            :         112.905
------------------------------------------------------------
------------------------------------------------------------
          Hierarchy level. --> Whole molecule <--           
------------------------------------------------------------
Total number of beads at the whole molecule level = 1
FF Entropy (Whole mol level)             : 67.5981 J/mol/K
TT Entropy (Whole mol level)             : 43.2485 J/mol/K
____________________________________________________________
Total Entropy                            :         110.847
------------------------------------------------------------
------------------------------------------------------------
          Hierarchy level. --> Whole molecule <--           
------------------------------------------------------------
Total number of beads at the whole molecule level = 1
FF Entropy (Whole mol level)             : 67.4454 J/mol/K
TT Entropy (Whole mol level)             : 62.8435 J/mol/K
____________________________________________________________
Total Entropy                            :         130.289
------------------------------------------------------------
------------------------------------------------------------
          Hierarchy level. --> Whole molecule <--           
------------------------------------------------------------
Total number of beads at the whole molecule level = 1
FF Entropy (Whole mol level)             : 67.2463 J/mol/K
TT Entropy (Whole mol level)             : 60.5887 J/mol/K
____________________________________________________________
Total Entropy                            :         127.835
------------------------------------------------------------
------------------------------------------------------------
          Hierarchy level. --> Whole molecule <--           
------------------------------------------------------------
Total number of beads at the whole molecule level = 1
FF Entropy (Whole mol level)             : 67.2285 J/mol/K
TT Entropy (Whole mol level)             : 52.9093 J/mol/K
____________________________________________________________
Total Entropy                            :         120.138
------------------------------------------------------------
