------------------------------------------------------------
          Hierarchy level. --> Whole molecule <--           
------------------------------------------------------------
Total number of beads at the whole molecule level = 1
FF Entropy (Whole mol level)             : 67.5055 J/mol/K
TT Entropy (Whole mol level)             : 49.8588 J/mol/K
____________________________________________________________
Total Entropy                            :         117.364
------------------------------------------------------------
------------------------------------------------------------
          Hierarchy level. --> Whole molecule <--           
------------------------------------------------------------
Total number of beads at the whole molecule level = 1
FF Entropy (Whole mol level)             : 67.6219 J/mol/K
TT Entropy (Whole mol level)             : 52.7178 J/mol/K
____________________________________________________________
Total Entropy                            :         120.340
------------------------------------------------------------
------------------------------------------------------------
          Hierarchy level. --> Whole molecule <--           
------------------------------------------------------------
Total number of beads at the whole molecule level = 1
FF Entropy (Whole mol level)             : 67.7120 J/mol/K
TT Entropy (Whole mol level)             : 62.8515 J/mol/K
____________________________________________________________
Total Entropy                            :         130.564
------------------------------------------------------------
------------------------------------------------------------
          Hierarchy level. --> Whole molecule <--           
------------------------------------------------------------
Total number of beads at the whole molecule level = 1
FF Entropy (Whole mol level)             : 67.2958 J/mol/K
TT Entropy (Whole mol level)             : 58.8714 J/mol/K
____________________________________________________________
Total Entropy                            :         126.167
------------------------------------------------------------
------------------------------------------------------------
          Hierarchy level. --> Whole molecule <--           
------------------------------------------------------------
Total number of beads at the whole molecule level = 1
FF Entropy (Whole mol level)             : 67.1961 J/mol/K
TT Entropy (Whole mol level)             : 63.0899 J/mol/K
____________________________________________________________
Total Entropy                            :         130.286
------------------------------------------------------------
