------------------------------------------------------------
          Hierarchy level. --> Whole molecule <--           
------------------------------------------------------------
Total number of beads at the whole molecule level = 1
FF Entropy (Whole mol level)             : 67.8287 J/mol/K
TT Entropy (Whole mol level)             : 48.4834 J/mol/K
____________________________________________________________
Total Entropy                            :         116.312
------------------------------------------------------------
------------------------------------------------------------
          Hierarchy level. --> Whole molecule <--           
------------------------------------------------------------
Total number of beads at the whole molecule level = 1
FF Entropy (Whole mol level)             : 67.9826 J/mol/K
TT Entropy (Whole mol level)             : 52.2670 J/mol/K
____________________________________________________________
Total Entropy                            :         120.250
------------------------------------------------------------
------------------------------------------------------------
          Hierarchy level. --> Whole molecule <--           
------------------------------------------------------------
Total number of beads at the whole molecule level = 1
FF Entropy (Whole mol level)             : 67.4340 J/mol/K
TT Entropy (Whole mol level)             : 63.9960 J/mol/K
____________________________________________________________
Total Entropy                            :         131.430
------------------------------------------------------------
------------------------------------------------------------
          Hierarchy level. --> Whole molecule <--           
------------------------------------------------------------
Total number of beads at the whole molecule level = 1
FF Entropy (Whole mol level)             : 67.6935 J/mol/K
TT Entropy (Whole mol level)             : 63.8157 J/mol/K
____________________________________________________________
Total Entropy                            :         131.509
------------------------------------------------------------
------------------------------------------------------------
          Hierarchy level. --> Whole molecule <--           
------------------------------------------------------------
Total number of beads at the whole molecule level = 1
FF Entropy (Whole mol level)             : 67.4132 J/mol/K
TT Entropy (Whole mol level)             : 63.5635 J/mol/K
____________________________________________________________
Total Entropy                            :         130.977
------------------------------------------------------------
