------------------------------------------------------------
          Hierarchy level. --> Whole molecule <--           
------------------------------------------------------------
Total number of beads at the whole molecule level = 1
FF Entropy (Whole mol level)             : 67.2742 J/mol/K
TT Entropy (Whole mol level)             : 48.7577 J/mol/K
____________________________________________________________
Total Entropy                            :         116.032
------------------------------------------------------------
------------------------------------------------------------
          Hierarchy level. --> Whole molecule <--           
------------------------------------------------------------
Total number of beads at the whole molecule level = 1
FF Entropy (Whole mol level)             : 67.6418 J/mol/K
TT Entropy (Whole mol level)             : 42.4000 J/mol/K
____________________________________________________________
Total Entropy                            :         110.042
------------------------------------------------------------
------------------------------------------------------------
          Hierarchy level. --> Whole molecule <--           
------------------------------------------------------------
Total number of beads at the whole molecule level = 1
FF Entropy (Whole mol level)             : 67.4541 J/mol/K
TT Entropy (Whole mol level)             : 57.7569 J/mol/K
____________________________________________________________
Total Entropy                            :         125.211
------------------------------------------------------------
------------------------------------------------------------
          Hierarchy level. --> Whole molecule <--           
------------------------------------------------------------
Total number of beads at the whole molecule level = 1
FF Entropy (Whole mol level)             : 67.2442 J/mol/K
TT Entropy (Whole mol level)             : 49.6358 J/mol/K
____________________________________________________________
Total Entropy                            :         116.880
------------------------------------------------------------
------------------------------------------------------------
          Hierarchy level. --> Whole molecule <--           
------------------------------------------------------------
Total number of beads at the whole molecule level = 1
FF Entropy (Whole mol level)             : 67.2116 J/mol/K
TT Entropy (Whole mol level)             : 49.3624 J/mol/K
____________________________________________________________
Total Entropy                            :         116.574
------------------------------------------------------------
