------------------------------------------------------------
            Hierarchy level. --> United Atom <--            
------------------------------------------------------------
      RESNAME   RESID  FF_ENTROPY  TT_ENTROPY
UATOM NALA          1       9.367      37.791
UATOM GLU           2      21.730      21.206
UATOM ALA           3       5.466      24.406
UATOM GLY           4       2.273      11.606
UATOM ILE           5      21.246      50.887
UATOM THR           6      17.043      33.297
UATOM GLY           7       2.232      11.133
UATOM THR           8      16.971      32.052
UATOM TRP           9      35.946      36.673
UATOM TYR          10      31.743      34.508
UATOM ALA          11       5.391      24.085
UATOM GLN          12      23.471      32.422
UATOM LEU          13      20.645      49.997
UATOM GLY          14       2.076      11.406
UATOM SER          15       9.514      20.012
UATOM THR          16      16.801      32.758
UATOM PHE          17      24.568      32.484
UATOM ILE          18      21.293      50.204
UATOM VAL          19      15.805      41.630
UATOM THR          20      16.743      33.179
UATOM ALA          21       5.264      24.380
UATOM GLY          22       2.205      11.239
UATOM ALA          23       5.491      24.386
UATOM ASP          24      16.453      14.202
UATOM GLY          25       2.331      11.116
UATOM ALA          26       5.397      23.955
UATOM LEU          27      20.839      49.296
UATOM THR          28      16.806      32.964
UATOM GLY          29       2.246      10.959
UATOM THR          30      16.595      32.478
UATOM TYR          31      32.145      34.840
UATOM GLU          32      21.330      20.689
UATOM SER          33       9.332      19.905
UATOM ALA          34       5.142      24.709
UATOM VAL          35      15.906      43.562
UATOM GLY          36       2.190      11.608
UATOM ASN          37      17.981      25.091
UATOM ALA          38       5.285      24.559
UATOM GLU          39      21.685      21.351
UATOM SER          40       9.442      19.808
UATOM ARG          41      34.523      53.250
UATOM TYR          42      31.676      34.751
UATOM VAL          43      16.157      42.405
UATOM LEU          44      20.833      49.173
UATOM THR          45      16.602      33.077
UATOM GLY          46       2.346      11.579
UATOM ARG          47      36.352      53.124
UATOM TYR          48      31.913      34.440
UATOM ASP          49      17.668      14.763
UATOM SER          50       9.846      20.014
UATOM ALA          51       5.241      23.516
UATOM PRO          52      10.488      26.170
UATOM ALA          53       5.250      24.285
UATOM THR          54      16.311      33.047
UATOM ASP          55      16.188      14.238
UATOM GLY          56       2.146      11.653
UATOM SER          57       9.639      20.379
UATOM GLY          58       2.297      11.476
UATOM THR          59      16.614      32.476
UATOM ALA          60       5.659      25.043
UATOM LEU          61      21.412      49.764
UATOM GLY          62       2.354      11.795
UATOM TRP          63      35.562      37.788
UATOM THR          64      16.774      31.437
UATOM VAL          65      16.009      42.346
UATOM ALA          66       5.422      24.314
UATOM TRP          67      36.734      36.250
UATOM LYS          68      24.932      51.448
UATOM ASN          69      18.275      25.136
UATOM ASN          70      17.881      25.348
UATOM TYR          71      31.082      34.747
UATOM ARG          72      34.420      53.876
UATOM ASN          73      18.255      24.530
UATOM ALA          74       5.461      25.035
UATOM HID          75      21.173      26.577
UATOM SER          76       9.700      20.294
UATOM ALA          77       5.242      24.096
UATOM THR          78      16.490      32.308
UATOM THR          79      16.435      32.342
UATOM TRP          80      35.119      36.539
UATOM SER          81       9.874      20.785
UATOM GLY          82       2.452      11.646
UATOM GLN          83      24.150      32.057
UATOM TYR          84      31.826      35.466
UATOM VAL          85      16.470      42.373
UATOM GLY          86       2.223      11.651
UATOM GLY          87       2.218      11.499
UATOM ALA          88       5.430      24.935
UATOM GLU          89      21.721      21.084
UATOM ALA          90       5.280      24.162
UATOM ARG          91      34.974      53.575
UATOM ILE          92      21.784      49.545
UATOM ASN          93      18.844      25.118
UATOM THR          94      16.772      32.539
UATOM GLN          95      24.679      32.407
UATOM TRP          96      37.058      36.536
UATOM LEU          97      21.352      49.272
UATOM LEU          98      21.264      49.623
UATOM THR          99      16.958      33.005
UATOM SER         100       9.733      20.046
UATOM GLY         101       2.167      11.760
UATOM THR         102      16.844      33.444
UATOM THR         103      16.679      34.032
UATOM GLU         104      22.404      21.287
UATOM ALA         105       5.379      24.583
UATOM ASN         106      18.727      24.917
UATOM ALA         107       5.401      24.659
UATOM TRP         108      35.788      37.023
UATOM LYS         109      25.167      50.689
UATOM SER         110       9.835      20.850
UATOM THR         111      16.535      33.198
UATOM LEU         112      21.432      48.525
UATOM VAL         113      16.365      41.978
UATOM GLY         114       2.367      11.793
UATOM HID         115      21.778      26.517
UATOM ASP         116      17.108      14.199
UATOM THR         117      16.648      33.854
UATOM PHE         118      25.135      32.804
UATOM THR         119      16.762      33.250
UATOM LYS         120      24.814      51.239
UATOM VAL         121      15.651      42.830
UATOM LYS         122      24.576      51.129
UATOM PRO         123      10.272      26.158
UATOM SER         124       9.408      19.963
UATOM ALA         125       5.119      24.181
UATOM ALA         126       5.113      24.310
UATOM CSER        127      13.953      19.637
____________________________________________________________
Total Entropy FF (UA level) :        2017.364 J/mol/K
Total Entropy TT (UA level) :        3753.790 J/mol/K
------------------------------------------------------------
____________________________________________________________
Total Entropy                            :        5771.154
------------------------------------------------------------
