------------------------------------------------------------
            Hierarchy level. --> United Atom <--            
------------------------------------------------------------
      RESNAME   RESID  FF_ENTROPY  TT_ENTROPY
UATOM NALA          1       9.013      38.228
UATOM GLU           2      21.928      20.850
UATOM ALA           3       5.390      24.448
UATOM GLY           4       2.269      11.814
UATOM ILE           5      22.470      51.723
UATOM THR           6      17.862      34.199
UATOM GLY           7       2.338      11.284
UATOM THR           8      16.781      33.299
UATOM TRP           9      38.403      37.715
UATOM TYR          10      34.884      36.211
UATOM ALA          11       5.788      24.493
UATOM GLN          12      23.707      32.145
UATOM LEU          13      21.146      49.765
UATOM GLY          14       2.166      11.593
UATOM SER          15       9.656      20.130
UATOM THR          16      17.559      33.223
UATOM PHE          17      26.555      33.241
UATOM ILE          18      22.331      50.496
UATOM VAL          19      16.158      41.223
UATOM THR          20      16.858      32.821
UATOM ALA          21       5.575      25.254
UATOM GLY          22       2.324      11.753
UATOM ALA          23       6.189      25.123
UATOM ASP          24      16.899      14.750
UATOM GLY          25       2.473      11.527
UATOM ALA          26       6.187      25.021
UATOM LEU          27      21.494      49.616
UATOM THR          28      17.035      33.136
UATOM GLY          29       2.412      11.212
UATOM THR          30      17.483      32.700
UATOM TYR          31      35.267      36.108
UATOM GLU          32      22.434      21.669
UATOM SER          33      10.112      20.136
UATOM ALA          34       5.389      24.971
UATOM VAL          35      16.010      43.414
UATOM GLY          36       2.127      12.389
UATOM ASN          37      17.937      25.043
UATOM ALA          38       5.233      24.434
UATOM GLU          39      21.643      21.192
UATOM SER          40       9.680      20.456
UATOM ARG          41      36.357      54.454
UATOM TYR          42      33.358      34.760
UATOM VAL          43      16.276      43.058
UATOM LEU          44      21.617      49.672
UATOM THR          45      17.378      33.791
UATOM GLY          46       2.957      11.930
UATOM ARG          47      39.549      54.347
UATOM TYR          48      33.329      35.497
UATOM ASP          49      19.082      14.903
UATOM SER          50       9.720      20.116
UATOM ALA          51       5.776      23.045
UATOM PRO          52      10.871      26.540
UATOM ALA          53       5.938      25.055
UATOM THR          54      16.888      33.972
UATOM ASP          55      17.393      14.540
UATOM GLY          56       2.249      11.897
UATOM SER          57      10.434      19.910
UATOM GLY          58       2.259      11.738
UATOM THR          59      16.754      32.478
UATOM ALA          60       6.198      25.341
UATOM LEU          61      22.040      49.803
UATOM GLY          62       2.784      11.930
UATOM TRP          63      38.113      38.873
UATOM THR          64      17.158      32.109
UATOM VAL          65      16.414      41.885
UATOM ALA          66       5.804      24.375
UATOM TRP          67      37.328      37.845
UATOM LYS          68      25.141      51.518
UATOM ASN          69      18.396      24.599
UATOM ASN          70      18.282      25.152
UATOM TYR          71      30.849      35.065
UATOM ARG          72      34.633      54.136
UATOM ASN          73      18.589      25.495
UATOM ALA          74       5.467      24.417
UATOM HID          75      22.323      26.664
UATOM SER          76      10.361      20.122
UATOM ALA          77       5.751      23.140
UATOM THR          78      17.292      31.879
UATOM THR          79      16.996      34.512
UATOM TRP          80      37.250      36.966
UATOM SER          81      10.302      20.373
UATOM GLY          82       2.465      11.505
UATOM GLN          83      26.032      32.020
UATOM TYR          84      32.721      35.798
UATOM VAL          85      17.121      42.482
UATOM GLY          86       2.262      11.633
UATOM GLY          87       2.391      11.835
UATOM ALA          88       5.875      25.273
UATOM GLU          89      22.510      20.928
UATOM ALA          90       5.916      24.413
UATOM ARG          91      36.599      53.685
UATOM ILE          92      22.069      49.968
UATOM ASN          93      19.922      26.048
UATOM THR          94      16.642      31.919
UATOM GLN          95      25.941      32.807
UATOM TRP          96      38.104      36.825
UATOM LEU          97      22.793      50.316
UATOM LEU          98      22.367      50.295
UATOM THR          99      17.402      33.917
UATOM SER         100      10.097      19.876
UATOM GLY         101       2.431      11.783
UATOM THR         102      17.802      33.583
UATOM THR         103      16.659      34.544
UATOM GLU         104      22.406      21.285
UATOM ALA         105       5.657      25.116
UATOM ASN         106      19.121      24.995
UATOM ALA         107       5.623      24.700
UATOM TRP         108      37.268      38.129
UATOM LYS         109      25.307      50.870
UATOM SER         110      10.265      20.323
UATOM THR         111      17.402      33.768
UATOM LEU         112      21.957      49.318
UATOM VAL         113      16.393      42.220
UATOM GLY         114       2.512      12.034
UATOM HID         115      23.075      26.486
UATOM ASP         116      18.572      14.508
UATOM THR         117      17.077      33.484
UATOM PHE         118      26.546      33.514
UATOM THR         119      16.781      33.574
UATOM LYS         120      25.656      51.745
UATOM VAL         121      15.889      43.118
UATOM LYS         122      25.584      50.430
UATOM PRO         123      10.761      26.336
UATOM SER         124       9.786      20.099
UATOM ALA         125       5.133      24.131
UATOM ALA         126       5.262      24.532
UATOM CSER        127      13.979      19.793
____________________________________________________________
Total Entropy FF (UA level) :        2096.956 J/mol/K
Total Entropy TT (UA level) :        3792.671 J/mol/K
------------------------------------------------------------
____________________________________________________________
Total Entropy                            :        5889.627
------------------------------------------------------------
------------------------------------------------------------
            Hierarchy level. --> United Atom <--            
------------------------------------------------------------
      RESNAME   RESID  FF_ENTROPY  TT_ENTROPY
UATOM NALA          1       9.048      38.462
UATOM GLU           2      21.686      21.284
UATOM ALA           3       5.282      24.244
UATOM GLY           4       2.343      11.204
UATOM ILE           5      21.896      50.426
UATOM THR           6      17.911      33.274
UATOM GLY           7       2.587      11.721
UATOM THR           8      17.570      32.520
UATOM TRP           9      37.866      36.171
UATOM TYR          10      35.496      34.677
UATOM ALA          11       5.699      24.028
UATOM GLN          12      24.507      32.232
UATOM LEU          13      20.897      50.675
UATOM GLY          14       2.283      11.729
UATOM SER          15       9.636      20.162
UATOM THR          16      17.824      33.305
UATOM PHE          17      26.589      32.795
UATOM ILE          18      22.246      49.783
UATOM VAL          19      16.559      41.803
UATOM THR          20      17.070      33.645
UATOM ALA          21       5.917      25.508
UATOM GLY          22       2.280      11.921
UATOM ALA          23       5.889      24.948
UATOM ASP          24      16.554      13.807
UATOM GLY          25       2.440      11.690
UATOM ALA          26       5.768      24.532
UATOM LEU          27      21.821      50.322
UATOM THR          28      17.261      33.336
UATOM GLY          29       2.730      11.743
UATOM THR          30      17.479      32.006
UATOM TYR          31      33.921      34.359
UATOM GLU          32      23.961      21.033
UATOM SER          33      10.586      20.283
UATOM ALA          34       5.695      24.824
UATOM VAL          35      16.498      43.583
UATOM GLY          36       2.359      11.902
UATOM ASN          37      18.279      25.262
UATOM ALA          38       5.547      24.108
UATOM GLU          39      22.430      21.458
UATOM SER          40      10.303      20.943
UATOM ARG          41      36.857      52.566
UATOM TYR          42      34.362      35.200
UATOM VAL          43      16.740      42.851
UATOM LEU          44      22.750      51.005
UATOM THR          45      17.325      34.240
UATOM GLY          46       2.610      12.506
UATOM ARG          47      39.782      53.796
UATOM TYR          48      33.622      34.374
UATOM ASP          49      19.276      14.336
UATOM SER          50      10.172      20.680
UATOM ALA          51       5.506      23.893
UATOM PRO          52      11.033      26.529
UATOM ALA          53       5.677      24.198
UATOM THR          54      16.715      33.436
UATOM ASP          55      17.303      14.793
UATOM GLY          56       2.223      11.821
UATOM SER          57      10.335      19.839
UATOM GLY          58       2.187      11.861
UATOM THR          59      17.176      32.339
UATOM ALA          60       5.850      24.483
UATOM LEU          61      21.928      49.882
UATOM GLY          62       2.340      11.856
UATOM TRP          63      39.452      37.764
UATOM THR          64      17.109      31.326
UATOM VAL          65      16.368      42.091
UATOM ALA          66       5.787      24.851
UATOM TRP          67      38.201      36.867
UATOM LYS          68      25.401      51.065
UATOM ASN          69      18.831      25.042
UATOM ASN          70      18.232      25.394
UATOM TYR          71      31.195      35.313
UATOM ARG          72      34.700      54.661
UATOM ASN          73      20.407      24.692
UATOM ALA          74       5.739      24.379
UATOM HID          75      22.457      26.396
UATOM SER          76       9.961      20.349
UATOM ALA          77       5.768      25.034
UATOM THR          78      17.301      31.831
UATOM THR          79      17.189      33.615
UATOM TRP          80      38.068      36.590
UATOM SER          81      10.274      19.968
UATOM GLY          82       2.491      11.333
UATOM GLN          83      25.611      31.786
UATOM TYR          84      34.148      34.943
UATOM VAL          85      16.447      42.301
UATOM GLY          86       2.219      11.392
UATOM GLY          87       2.349      11.501
UATOM ALA          88       5.968      24.634
UATOM GLU          89      21.827      20.882
UATOM ALA          90       5.995      24.830
UATOM ARG          91      36.640      53.433
UATOM ILE          92      21.810      49.760
UATOM ASN          93      19.868      25.073
UATOM THR          94      16.993      31.938
UATOM GLN          95      26.465      32.858
UATOM TRP          96      38.525      36.898
UATOM LEU          97      22.766      50.276
UATOM LEU          98      22.683      50.309
UATOM THR          99      17.531      34.552
UATOM SER         100      10.303      20.352
UATOM GLY         101       2.471      11.673
UATOM THR         102      17.159      32.521
UATOM THR         103      17.192      33.973
UATOM GLU         104      22.473      21.158
UATOM ALA         105       5.656      24.670
UATOM ASN         106      19.398      25.084
UATOM ALA         107       5.785      24.712
UATOM TRP         108      37.766      37.536
UATOM LYS         109      25.382      51.170
UATOM SER         110      10.134      20.637
UATOM THR         111      18.092      34.916
UATOM LEU         112      22.190      49.515
UATOM VAL         113      16.665      41.919
UATOM GLY         114       2.498      11.607
UATOM HID         115      22.244      26.110
UATOM ASP         116      18.593      13.842
UATOM THR         117      17.234      33.136
UATOM PHE         118      27.207      33.020
UATOM THR         119      16.827      32.770
UATOM LYS         120      26.447      51.998
UATOM VAL         121      15.877      43.727
UATOM LYS         122      26.214      51.211
UATOM PRO         123      11.066      26.381
UATOM SER         124      10.061      20.404
UATOM ALA         125       5.492      24.543
UATOM ALA         126       5.162      24.028
UATOM CSER        127      14.320      20.072
____________________________________________________________
Total Entropy FF (UA level) :        2117.173 J/mol/K
Total Entropy TT (UA level) :        3776.804 J/mol/K
------------------------------------------------------------
____________________________________________________________
Total Entropy                            :        5893.977
------------------------------------------------------------
------------------------------------------------------------
            Hierarchy level. --> United Atom <--            
------------------------------------------------------------
      RESNAME   RESID  FF_ENTROPY  TT_ENTROPY
UATOM NALA          1       9.082      38.050
UATOM GLU           2      22.098      20.886
UATOM ALA           3       5.440      24.471
UATOM GLY           4       2.287      11.798
UATOM ILE           5      21.850      51.510
UATOM THR           6      18.039      33.097
UATOM GLY           7       2.404      11.347
UATOM THR           8      16.797      33.127
UATOM TRP           9      37.342      35.946
UATOM TYR          10      34.620      34.838
UATOM ALA          11       5.710      24.819
UATOM GLN          12      23.668      32.534
UATOM LEU          13      20.803      50.120
UATOM GLY          14       2.258      11.456
UATOM SER          15       9.395      19.950
UATOM THR          16      16.858      32.937
UATOM PHE          17      26.351      32.621
UATOM ILE          18      22.091      50.187
UATOM VAL          19      16.565      41.633
UATOM THR          20      17.245      33.371
UATOM ALA          21       5.404      25.109
UATOM GLY          22       2.297      11.731
UATOM ALA          23       6.090      24.970
UATOM ASP          24      16.497      14.675
UATOM GLY          25       2.383      11.963
UATOM ALA          26       6.014      23.717
UATOM LEU          27      21.800      50.250
UATOM THR          28      17.047      33.508
UATOM GLY          29       2.342      11.677
UATOM THR          30      17.067      32.835
UATOM TYR          31      32.643      35.116
UATOM GLU          32      22.168      21.052
UATOM SER          33      10.267      19.736
UATOM ALA          34       5.316      24.945
UATOM VAL          35      16.108      43.073
UATOM GLY          36       2.422      11.729
UATOM ASN          37      18.217      25.485
UATOM ALA          38       5.356      23.824
UATOM GLU          39      22.225      21.246
UATOM SER          40       9.872      20.370
UATOM ARG          41      36.222      53.669
UATOM TYR          42      32.644      35.084
UATOM VAL          43      16.607      43.063
UATOM LEU          44      22.350      49.583
UATOM THR          45      17.088      33.379
UATOM GLY          46       2.760      11.892
UATOM ARG          47      38.317      54.390
UATOM TYR          48      33.214      33.986
UATOM ASP          49      18.655      14.349
UATOM SER          50      10.107      20.263
UATOM ALA          51       5.590      22.871
UATOM PRO          52      10.538      26.362
UATOM ALA          53       5.448      24.345
UATOM THR          54      16.592      33.237
UATOM ASP          55      16.978      14.681
UATOM GLY          56       2.187      11.647
UATOM SER          57      10.627      19.537
UATOM GLY          58       2.165      11.373
UATOM THR          59      17.061      32.719
UATOM ALA          60       5.618      25.218
UATOM LEU          61      22.348      48.717
UATOM GLY          62       2.681      11.525
UATOM TRP          63      38.387      36.930
UATOM THR          64      16.626      30.645
UATOM VAL          65      16.357      41.776
UATOM ALA          66       5.563      23.942
UATOM TRP          67      37.226      37.529
UATOM LYS          68      25.015      50.933
UATOM ASN          69      19.368      25.466
UATOM ASN          70      18.373      25.247
UATOM TYR          71      31.392      35.180
UATOM ARG          72      34.914      54.290
UATOM ASN          73      19.156      24.998
UATOM ALA          74       5.456      24.457
UATOM HID          75      22.229      25.866
UATOM SER          76      10.276      20.169
UATOM ALA          77       5.984      24.070
UATOM THR          78      16.756      31.819
UATOM THR          79      16.431      32.453
UATOM TRP          80      37.253      36.178
UATOM SER          81      10.233      19.417
UATOM GLY          82       2.467      11.165
UATOM GLN          83      25.323      31.749
UATOM TYR          84      33.036      35.346
UATOM VAL          85      16.392      43.066
UATOM GLY          86       2.098      11.926
UATOM GLY          87       2.361      11.704
UATOM ALA          88       6.006      24.833
UATOM GLU          89      22.587      21.340
UATOM ALA          90       5.941      24.600
UATOM ARG          91      36.083      53.910
UATOM ILE          92      21.593      49.985
UATOM ASN          93      20.231      25.542
UATOM THR          94      16.570      32.797
UATOM GLN          95      25.909      33.221
UATOM TRP          96      36.962      35.667
UATOM LEU          97      22.278      49.098
UATOM LEU          98      23.159      49.990
UATOM THR          99      17.173      33.374
UATOM SER         100      10.717      19.967
UATOM GLY         101       2.321      11.810
UATOM THR         102      17.216      33.445
UATOM THR         103      16.667      34.118
UATOM GLU         104      22.535      21.336
UATOM ALA         105       5.522      24.844
UATOM ASN         106      18.498      25.629
UATOM ALA         107       5.613      24.862
UATOM TRP         108      35.940      38.144
UATOM LYS         109      25.139      50.722
UATOM SER         110      10.047      20.882
UATOM THR         111      17.618      33.702
UATOM LEU         112      21.651      48.885
UATOM VAL         113      15.556      41.462
UATOM GLY         114       2.501      11.768
UATOM HID         115      22.679      26.578
UATOM ASP         116      17.849      14.414
UATOM THR         117      17.502      33.435
UATOM PHE         118      26.183      33.685
UATOM THR         119      16.330      33.681
UATOM LYS         120      26.335      51.876
UATOM VAL         121      16.271      43.099
UATOM LYS         122      25.964      51.259
UATOM PRO         123      10.699      26.420
UATOM SER         124       9.754      20.419
UATOM ALA         125       5.363      24.431
UATOM ALA         126       5.177      24.467
UATOM CSER        127      14.170      19.766
____________________________________________________________
Total Entropy FF (UA level) :        2083.218 J/mol/K
Total Entropy TT (UA level) :        3769.382 J/mol/K
------------------------------------------------------------
____________________________________________________________
Total Entropy                            :        5852.600
------------------------------------------------------------
------------------------------------------------------------
            Hierarchy level. --> United Atom <--            
------------------------------------------------------------
      RESNAME   RESID  FF_ENTROPY  TT_ENTROPY
UATOM NALA          1       9.074      38.606
UATOM GLU           2      21.479      21.486
UATOM ALA           3       5.275      24.426
UATOM GLY           4       2.281      12.281
UATOM ILE           5      22.198      50.878
UATOM THR           6      17.226      32.976
UATOM GLY           7       2.354      11.643
UATOM THR           8      17.736      32.446
UATOM TRP           9      37.793      36.596
UATOM TYR          10      34.333      34.545
UATOM ALA          11       5.692      23.967
UATOM GLN          12      23.921      32.354
UATOM LEU          13      20.914      50.047
UATOM GLY          14       2.183      11.331
UATOM SER          15       9.640      19.846
UATOM THR          16      16.697      33.541
UATOM PHE          17      26.075      33.132
UATOM ILE          18      21.828      50.608
UATOM VAL          19      16.187      42.226
UATOM THR          20      17.115      32.987
UATOM ALA          21       5.925      25.371
UATOM GLY          22       2.192      11.523
UATOM ALA          23       5.666      24.738
UATOM ASP          24      16.514      14.345
UATOM GLY          25       2.225      11.916
UATOM ALA          26       6.114      23.762
UATOM LEU          27      21.604      50.055
UATOM THR          28      17.056      32.800
UATOM GLY          29       2.517      11.502
UATOM THR          30      17.171      33.068
UATOM TYR          31      34.230      34.679
UATOM GLU          32      22.553      20.800
UATOM SER          33       9.597      20.461
UATOM ALA          34       5.481      24.118
UATOM VAL          35      16.055      42.474
UATOM GLY          36       2.109      11.348
UATOM ASN          37      18.249      24.661
UATOM ALA          38       5.336      24.538
UATOM GLU          39      21.850      21.446
UATOM SER          40       9.786      19.745
UATOM ARG          41      36.572      53.161
UATOM TYR          42      33.455      34.987
UATOM VAL          43      16.510      43.617
UATOM LEU          44      20.997      49.299
UATOM THR          45      17.292      33.536
UATOM GLY          46       2.671      12.082
UATOM ARG          47      38.708      53.835
UATOM TYR          48      33.928      34.853
UATOM ASP          49      18.755      14.559
UATOM SER          50      10.250      20.529
UATOM ALA          51       5.586      23.145
UATOM PRO          52      10.847      26.405
UATOM ALA          53       5.549      24.584
UATOM THR          54      16.738      32.904
UATOM ASP          55      16.730      14.210
UATOM GLY          56       2.254      12.495
UATOM SER          57      10.221      19.426
UATOM GLY          58       2.456      11.875
UATOM THR          59      17.131      32.343
UATOM ALA          60       5.649      24.539
UATOM LEU          61      21.491      49.815
UATOM GLY          62       2.406      12.112
UATOM TRP          63      38.013      37.895
UATOM THR          64      17.576      31.187
UATOM VAL          65      16.632      42.970
UATOM ALA          66       6.076      25.673
UATOM TRP          67      38.522      36.787
UATOM LYS          68      25.263      51.177
UATOM ASN          69      18.835      25.206
UATOM ASN          70      18.203      25.558
UATOM TYR          71      31.861      35.078
UATOM ARG          72      34.754      54.073
UATOM ASN          73      18.415      24.770
UATOM ALA          74       5.517      24.671
UATOM HID          75      21.026      26.274
UATOM SER          76      10.132      20.244
UATOM ALA          77       5.496      24.145
UATOM THR          78      17.387      32.565
UATOM THR          79      17.005      33.381
UATOM TRP          80      37.463      37.755
UATOM SER          81      10.362      19.722
UATOM GLY          82       2.956      11.570
UATOM GLN          83      25.178      31.947
UATOM TYR          84      34.114      35.192
UATOM VAL          85      16.836      41.765
UATOM GLY          86       2.266      11.634
UATOM GLY          87       2.322      11.814
UATOM ALA          88       5.706      25.001
UATOM GLU          89      21.985      21.514
UATOM ALA          90       5.886      24.752
UATOM ARG          91      35.441      53.185
UATOM ILE          92      22.247      49.801
UATOM ASN          93      19.152      24.509
UATOM THR          94      17.027      32.569
UATOM GLN          95      26.246      32.931
UATOM TRP          96      38.940      37.001
UATOM LEU          97      22.837      49.265
UATOM LEU          98      21.929      50.865
UATOM THR          99      17.783      32.826
UATOM SER         100       9.904      20.335
UATOM GLY         101       2.251      11.487
UATOM THR         102      16.844      32.601
UATOM THR         103      17.202      34.044
UATOM GLU         104      22.531      21.338
UATOM ALA         105       5.751      24.843
UATOM ASN         106      19.502      25.799
UATOM ALA         107       6.103      25.026
UATOM TRP         108      37.916      37.288
UATOM LYS         109      25.420      52.003
UATOM SER         110      10.566      20.679
UATOM THR         111      17.060      33.700
UATOM LEU         112      21.893      49.634
UATOM VAL         113      17.002      42.060
UATOM GLY         114       2.554      11.663
UATOM HID         115      23.780      26.951
UATOM ASP         116      18.277      13.986
UATOM THR         117      16.951      33.216
UATOM PHE         118      25.427      32.686
UATOM THR         119      17.016      33.952
UATOM LYS         120      25.202      51.616
UATOM VAL         121      15.672      43.395
UATOM LYS         122      25.447      50.879
UATOM PRO         123      10.633      26.041
UATOM SER         124       9.333      19.817
UATOM ALA         125       5.196      24.756
UATOM ALA         126       5.223      24.217
UATOM CSER        127      13.695      19.540
____________________________________________________________
Total Entropy FF (UA level) :        2090.165 J/mol/K
Total Entropy TT (UA level) :        3774.402 J/mol/K
------------------------------------------------------------
____________________________________________________________
Total Entropy                            :        5864.567
------------------------------------------------------------
------------------------------------------------------------
            Hierarchy level. --> United Atom <--            
------------------------------------------------------------
      RESNAME   RESID  FF_ENTROPY  TT_ENTROPY
UATOM NALA          1       9.164      37.989
UATOM GLU           2      21.802      20.892
UATOM ALA           3       5.461      24.794
UATOM GLY           4       2.207      11.681
UATOM ILE           5      21.682      51.232
UATOM THR           6      16.465      32.992
UATOM GLY           7       2.236      12.296
UATOM THR           8      17.236      32.987
UATOM TRP           9      36.703      36.937
UATOM TYR          10      32.365      35.338
UATOM ALA          11       5.452      24.143
UATOM GLN          12      23.567      32.004
UATOM LEU          13      21.026      49.973
UATOM GLY          14       2.120      11.142
UATOM SER          15       9.442      19.871
UATOM THR          16      16.531      33.376
UATOM PHE          17      25.536      33.090
UATOM ILE          18      21.134      51.025
UATOM VAL          19      16.109      42.099
UATOM THR          20      16.430      33.472
UATOM ALA          21       5.448      25.281
UATOM GLY          22       2.095      11.787
UATOM ALA          23       5.461      24.857
UATOM ASP          24      16.127      14.014
UATOM GLY          25       2.408      11.721
UATOM ALA          26       5.622      23.756
UATOM LEU          27      22.017      50.761
UATOM THR          28      16.503      33.702
UATOM GLY          29       2.288      12.046
UATOM THR          30      16.469      33.375
UATOM TYR          31      32.344      35.563
UATOM GLU          32      22.360      21.085
UATOM SER          33       9.407      19.833
UATOM ALA          34       5.368      22.860
UATOM VAL          35      15.760      42.226
UATOM GLY          36       2.172      11.342
UATOM ASN          37      18.099      24.696
UATOM ALA          38       5.246      23.891
UATOM GLU          39      21.649      21.232
UATOM SER          40       9.400      19.870
UATOM ARG          41      35.292      53.793
UATOM TYR          42      32.478      35.226
UATOM VAL          43      16.082      43.307
UATOM LEU          44      21.380      50.453
UATOM THR          45      16.818      31.924
UATOM GLY          46       2.159      11.517
UATOM ARG          47      36.270      53.161
UATOM TYR          48      32.362      34.633
UATOM ASP          49      17.577      13.965
UATOM SER          50       9.904      20.017
UATOM ALA          51       5.418      23.656
UATOM PRO          52      10.676      26.626
UATOM ALA          53       5.418      24.508
UATOM THR          54      16.517      33.561
UATOM ASP          55      16.714      14.492
UATOM GLY          56       2.175      12.109
UATOM SER          57       9.840      19.391
UATOM GLY          58       2.139      11.371
UATOM THR          59      16.820      32.016
UATOM ALA          60       5.481      24.855
UATOM LEU          61      21.499      50.585
UATOM GLY          62       2.219      11.419
UATOM TRP          63      36.101      37.217
UATOM THR          64      16.809      32.265
UATOM VAL          65      16.660      43.288
UATOM ALA          66       5.373      24.198
UATOM TRP          67      35.089      36.567
UATOM LYS          68      24.961      51.764
UATOM ASN          69      18.501      24.821
UATOM ASN          70      18.353      24.856
UATOM TYR          71      31.555      35.038
UATOM ARG          72      34.528      54.231
UATOM ASN          73      18.293      24.166
UATOM ALA          74       5.437      24.307
UATOM HID          75      20.992      25.910
UATOM SER          76       9.690      20.419
UATOM ALA          77       5.513      23.696
UATOM THR          78      16.810      32.061
UATOM THR          79      16.027      33.972
UATOM TRP          80      35.571      37.511
UATOM SER          81      10.164      20.503
UATOM GLY          82       2.319      11.576
UATOM GLN          83      24.383      31.678
UATOM TYR          84      31.752      34.813
UATOM VAL          85      15.804      41.395
UATOM GLY          86       2.117      11.562
UATOM GLY          87       2.144      11.518
UATOM ALA          88       5.482      24.847
UATOM GLU          89      22.497      21.171
UATOM ALA          90       5.553      24.044
UATOM ARG          91      35.556      53.921
UATOM ILE          92      21.503      50.856
UATOM ASN          93      18.356      24.972
UATOM THR          94      16.947      32.262
UATOM GLN          95      24.921      32.173
UATOM TRP          96      36.737      36.855
UATOM LEU          97      21.561      50.050
UATOM LEU          98      21.387      50.169
UATOM THR          99      16.729      32.929
UATOM SER         100       9.944      19.817
UATOM GLY         101       2.226      11.303
UATOM THR         102      16.784      32.829
UATOM THR         103      16.699      34.248
UATOM GLU         104      22.293      21.596
UATOM ALA         105       5.545      24.951
UATOM ASN         106      18.689      25.252
UATOM ALA         107       5.414      25.108
UATOM TRP         108      36.706      37.537
UATOM LYS         109      24.917      51.612
UATOM SER         110      10.124      20.574
UATOM THR         111      16.456      33.465
UATOM LEU         112      21.759      49.216
UATOM VAL         113      15.986      41.906
UATOM GLY         114       2.251      11.341
UATOM HID         115      21.537      26.022
UATOM ASP         116      16.679      14.011
UATOM THR         117      16.294      33.306
UATOM PHE         118      25.343      32.517
UATOM THR         119      16.695      33.108
UATOM LYS         120      25.044      52.178
UATOM VAL         121      16.209      43.936
UATOM LYS         122      24.681      50.094
UATOM PRO         123      10.611      26.065
UATOM SER         124       9.494      19.909
UATOM ALA         125       5.096      24.202
UATOM ALA         126       5.192      24.205
UATOM CSER        127      14.199      19.835
____________________________________________________________
Total Entropy FF (UA level) :        2029.193 J/mol/K
Total Entropy TT (UA level) :        3767.542 J/mol/K
------------------------------------------------------------
____________________________________________________________
Total Entropy                            :        5796.735
------------------------------------------------------------
