------------------------------------------------------------
            Hierarchy level. --> United Atom <--            
------------------------------------------------------------
      RESNAME   RESID  FF_ENTROPY  TT_ENTROPY
UATOM NALA          1       8.949      37.952
UATOM GLU           2      21.232      21.010
UATOM ALA           3       5.146      24.349
UATOM GLY           4       2.252      11.399
UATOM ILE           5      21.243      50.596
UATOM THR           6      17.233      32.827
UATOM GLY           7       2.255      11.601
UATOM THR           8      16.918      32.601
UATOM TRP           9      36.122      36.377
UATOM TYR          10      33.022      34.279
UATOM ALA          11       5.786      22.982
UATOM GLN          12      23.452      32.309
UATOM LEU          13      20.955      49.963
UATOM GLY          14       2.163      11.489
UATOM SER          15       9.605      19.953
UATOM THR          16      16.798      33.275
UATOM PHE          17      24.604      32.446
UATOM ILE          18      21.586      50.343
UATOM VAL          19      15.513      42.089
UATOM THR          20      16.613      33.060
UATOM ALA          21       5.172      25.454
UATOM GLY          22       2.126      11.514
UATOM ALA          23       5.435      24.696
UATOM ASP          24      16.299      14.106
UATOM GLY          25       2.462      11.925
UATOM ALA          26       5.539      24.076
UATOM LEU          27      20.966      49.813
UATOM THR          28      16.260      33.033
UATOM GLY          29       2.401      11.355
UATOM THR          30      17.009      32.363
UATOM TYR          31      31.697      34.744
UATOM GLU          32      22.656      21.168
UATOM SER          33       9.557      19.905
UATOM ALA          34       5.252      24.263
UATOM VAL          35      15.647      42.893
UATOM GLY          36       2.227      11.346
UATOM ASN          37      18.239      24.266
UATOM ALA          38       5.206      24.555
UATOM GLU          39      21.696      21.545
UATOM SER          40       9.822      19.788
UATOM ARG          41      35.696      52.749
UATOM TYR          42      32.727      34.613
UATOM VAL          43      16.128      42.714
UATOM LEU          44      21.678      48.248
UATOM THR          45      16.827      34.123
UATOM GLY          46       2.414      11.338
UATOM ARG          47      37.337      52.566
UATOM TYR          48      32.036      33.879
UATOM ASP          49      17.210      13.939
UATOM SER          50       9.656      20.042
UATOM ALA          51       5.501      23.518
UATOM PRO          52      11.091      26.528
UATOM ALA          53       5.680      24.820
UATOM THR          54      16.727      33.587
UATOM ASP          55      16.390      14.197
UATOM GLY          56       2.229      11.614
UATOM SER          57       9.602      19.610
UATOM GLY          58       2.146      11.376
UATOM THR          59      16.789      32.713
UATOM ALA          60       5.526      24.896
UATOM LEU          61      20.930      49.005
UATOM GLY          62       2.231      11.256
UATOM TRP          63      36.994      36.746
UATOM THR          64      16.704      31.299
UATOM VAL          65      15.991      42.095
UATOM ALA          66       5.630      23.217
UATOM TRP          67      35.693      35.592
UATOM LYS          68      25.084      51.805
UATOM ASN          69      18.976      25.166
UATOM ASN          70      18.341      25.289
UATOM TYR          71      32.913      35.323
UATOM ARG          72      34.813      53.958
UATOM ASN          73      18.641      24.166
UATOM ALA          74       5.529      24.760
UATOM HID          75      20.404      25.727
UATOM SER          76       9.525      20.097
UATOM ALA          77       5.551      24.274
UATOM THR          78      16.745      31.854
UATOM THR          79      17.193      34.023
UATOM TRP          80      36.346      36.199
UATOM SER          81       9.833      19.685
UATOM GLY          82       2.290      11.009
UATOM GLN          83      24.140      32.232
UATOM TYR          84      31.366      34.849
UATOM VAL          85      16.289      42.383
UATOM GLY          86       2.192      11.438
UATOM GLY          87       2.235      11.441
UATOM ALA          88       5.879      24.867
UATOM GLU          89      22.164      21.228
UATOM ALA          90       5.379      24.050
UATOM ARG          91      35.417      53.147
UATOM ILE          92      21.277      49.705
UATOM ASN          93      19.124      25.272
UATOM THR          94      16.234      32.224
UATOM GLN          95      23.944      31.500
UATOM TRP          96      36.185      35.650
UATOM LEU          97      21.581      49.261
UATOM LEU          98      21.740      50.748
UATOM THR          99      16.500      32.991
UATOM SER         100       9.812      20.041
UATOM GLY         101       2.257      11.470
UATOM THR         102      16.213      33.482
UATOM THR         103      16.463      34.031
UATOM GLU         104      22.158      21.618
UATOM ALA         105       5.361      24.495
UATOM ASN         106      18.170      24.925
UATOM ALA         107       5.493      24.806
UATOM TRP         108      36.999      37.248
UATOM LYS         109      24.770      51.023
UATOM SER         110       9.737      20.581
UATOM THR         111      16.594      32.789
UATOM LEU         112      21.424      48.889
UATOM VAL         113      15.790      41.554
UATOM GLY         114       2.313      11.499
UATOM HID         115      21.497      26.125
UATOM ASP         116      17.515      13.870
UATOM THR         117      16.899      33.080
UATOM PHE         118      24.061      33.112
UATOM THR         119      16.283      33.442
UATOM LYS         120      24.559      49.885
UATOM VAL         121      15.947      42.885
UATOM LYS         122      24.418      50.862
UATOM PRO         123      10.670      26.287
UATOM SER         124       9.909      20.020
UATOM ALA         125       5.681      24.921
UATOM ALA         126       5.907      23.540
UATOM CSER        127      14.454      19.591
____________________________________________________________
Total Entropy FF (UA level) :        2029.868 J/mol/K
Total Entropy TT (UA level) :        3742.378 J/mol/K
------------------------------------------------------------
____________________________________________________________
Total Entropy                            :        5772.247
------------------------------------------------------------
