------------------------------------------------------------
            Hierarchy level. --> United Atom <--            
------------------------------------------------------------
      RESNAME   RESID  FF_ENTROPY  TT_ENTROPY
UATOM NALA          1       9.135      38.068
UATOM GLU           2      21.281      21.143
UATOM ALA           3       5.575      24.514
UATOM GLY           4       2.205      11.900
UATOM ILE           5      21.115      50.781
UATOM THR           6      16.637      32.843
UATOM GLY           7       2.131      11.670
UATOM THR           8      17.122      32.792
UATOM TRP           9      36.513      36.934
UATOM TYR          10      31.950      34.273
UATOM ALA          11       5.370      24.903
UATOM GLN          12      23.800      31.826
UATOM LEU          13      21.251      50.419
UATOM GLY          14       2.253      11.388
UATOM SER          15       9.709      19.353
UATOM THR          16      16.906      33.132
UATOM PHE          17      25.386      33.052
UATOM ILE          18      21.044      50.328
UATOM VAL          19      16.224      42.348
UATOM THR          20      16.431      33.890
UATOM ALA          21       5.433      25.404
UATOM GLY          22       2.221      11.543
UATOM ALA          23       5.338      24.649
UATOM ASP          24      16.214      13.834
UATOM GLY          25       2.407      11.453
UATOM ALA          26       5.490      24.847
UATOM LEU          27      21.711      51.197
UATOM THR          28      16.569      33.785
UATOM GLY          29       2.233      12.083
UATOM THR          30      16.870      32.960
UATOM TYR          31      32.764      35.203
UATOM GLU          32      21.803      21.197
UATOM SER          33       9.333      19.769
UATOM ALA          34       5.328      24.470
UATOM VAL          35      15.780      43.660
UATOM GLY          36       2.187      11.427
UATOM ASN          37      18.173      25.184
UATOM ALA          38       5.559      24.487
UATOM GLU          39      22.046      21.826
UATOM SER          40       9.677      20.032
UATOM ARG          41      35.524      53.970
UATOM TYR          42      32.826      34.578
UATOM VAL          43      16.487      43.619
UATOM LEU          44      22.042      50.126
UATOM THR          45      16.390      33.360
UATOM GLY          46       2.162      11.412
UATOM ARG          47      36.145      54.223
UATOM TYR          48      32.580      34.153
UATOM ASP          49      18.169      14.436
UATOM SER          50       9.938      20.315
UATOM ALA          51       5.462      23.998
UATOM PRO          52      10.811      26.495
UATOM ALA          53       5.379      24.608
UATOM THR          54      16.301      33.400
UATOM ASP          55      16.262      14.244
UATOM GLY          56       2.092      11.694
UATOM SER          57       9.688      20.033
UATOM GLY          58       2.136      11.392
UATOM THR          59      16.984      33.041
UATOM ALA          60       5.710      24.760
UATOM LEU          61      21.052      49.735
UATOM GLY          62       2.230      11.641
UATOM TRP          63      36.653      37.440
UATOM THR          64      16.955      30.930
UATOM VAL          65      16.635      41.849
UATOM ALA          66       5.378      23.738
UATOM TRP          67      36.873      36.354
UATOM LYS          68      24.958      50.661
UATOM ASN          69      18.847      25.724
UATOM ASN          70      18.102      25.817
UATOM TYR          71      31.133      35.048
UATOM ARG          72      34.668      54.154
UATOM ASN          73      19.206      24.943
UATOM ALA          74       5.456      24.385
UATOM HID          75      21.503      26.754
UATOM SER          76       9.832      20.376
UATOM ALA          77       5.368      23.989
UATOM THR          78      16.845      31.841
UATOM THR          79      16.849      32.020
UATOM TRP          80      36.210      36.272
UATOM SER          81       9.921      19.577
UATOM GLY          82       2.243      11.647
UATOM GLN          83      24.408      32.071
UATOM TYR          84      32.247      34.559
UATOM VAL          85      15.751      42.957
UATOM GLY          86       2.150      11.393
UATOM GLY          87       2.031      11.633
UATOM ALA          88       5.145      24.730
UATOM GLU          89      21.685      20.975
UATOM ALA          90       5.265      24.403
UATOM ARG          91      35.259      53.318
UATOM ILE          92      21.720      49.557
UATOM ASN          93      18.823      24.814
UATOM THR          94      16.867      31.921
UATOM GLN          95      24.945      32.578
UATOM TRP          96      35.962      36.857
UATOM LEU          97      21.692      50.275
UATOM LEU          98      21.253      50.735
UATOM THR          99      17.054      33.274
UATOM SER         100       9.598      19.815
UATOM GLY         101       2.124      11.684
UATOM THR         102      16.891      33.262
UATOM THR         103      17.108      34.398
UATOM GLU         104      21.615      21.550
UATOM ALA         105       5.435      24.522
UATOM ASN         106      18.849      25.027
UATOM ALA         107       5.392      25.183
UATOM TRP         108      36.132      37.944
UATOM LYS         109      24.319      51.140
UATOM SER         110      10.109      20.904
UATOM THR         111      17.007      33.856
UATOM LEU         112      21.588      49.323
UATOM VAL         113      16.196      42.720
UATOM GLY         114       2.278      11.525
UATOM HID         115      21.581      26.458
UATOM ASP         116      17.218      14.136
UATOM THR         117      16.949      33.300
UATOM PHE         118      25.564      33.076
UATOM THR         119      16.438      32.991
UATOM LYS         120      25.168      50.627
UATOM VAL         121      15.664      43.374
UATOM LYS         122      24.577      51.151
UATOM PRO         123      10.355      26.226
UATOM SER         124       9.432      19.851
UATOM ALA         125       5.190      24.427
UATOM ALA         126       5.165      24.477
UATOM CSER        127      14.133      19.562
____________________________________________________________
Total Entropy FF (UA level) :        2033.511 J/mol/K
Total Entropy TT (UA level) :        3771.879 J/mol/K
------------------------------------------------------------
____________________________________________________________
Total Entropy                            :        5805.390
------------------------------------------------------------
