------------------------------------------------------------
            Hierarchy level. --> United Atom <--            
------------------------------------------------------------
      RESNAME   RESID  FF_ENTROPY  TT_ENTROPY
UATOM NALA          1       8.901      37.895
UATOM GLU           2      22.567      21.239
UATOM ALA           3       5.989      24.106
UATOM GLY           4       2.736      12.804
UATOM ILE           5      25.170      51.063
UATOM THR           6      19.948      34.253
UATOM GLY           7       2.520      13.994
UATOM THR           8      20.160      34.638
UATOM TRP           9      47.952      41.123
UATOM TYR          10      41.368      38.176
UATOM ALA          11       6.870      23.907
UATOM GLN          12      25.692      34.131
UATOM LEU          13      23.228      51.959
UATOM GLY          14       2.566      13.361
UATOM SER          15      11.666      22.231
UATOM THR          16      19.589      36.263
UATOM PHE          17      31.260      36.183
UATOM ILE          18      24.794      52.599
UATOM VAL          19      18.295      43.634
UATOM THR          20      19.797      35.587
UATOM ALA          21       6.399      27.105
UATOM GLY          22       2.414      13.389
UATOM ALA          23       6.606      24.891
UATOM ASP          24      20.086      15.686
UATOM GLY          25       2.929      12.647
UATOM ALA          26       7.010      25.697
UATOM LEU          27      23.745      52.443
UATOM THR          28      18.393      34.687
UATOM GLY          29       2.464      13.361
UATOM THR          30      19.373      34.712
UATOM TYR          31      42.813      38.234
UATOM GLU          32      28.113      23.597
UATOM SER          33      11.618      22.354
UATOM ALA          34       6.080      25.001
UATOM VAL          35      16.705      43.120
UATOM GLY          36       2.716      12.182
UATOM ASN          37      21.006      25.648
UATOM ALA          38       7.034      26.155
UATOM GLU          39      23.944      22.001
UATOM SER          40      11.727      21.575
UATOM ARG          41      42.610      58.063
UATOM TYR          42      42.593      40.129
UATOM VAL          43      19.688      45.556
UATOM LEU          44      26.510      50.168
UATOM THR          45      19.360      37.743
UATOM GLY          46       2.851      13.184
UATOM ARG          47      46.591      59.966
UATOM TYR          48      44.237      38.593
UATOM ASP          49      23.295      15.037
UATOM SER          50      12.268      22.071
UATOM ALA          51       6.897      24.012
UATOM PRO          52      13.594      26.890
UATOM ALA          53       6.976      25.578
UATOM THR          54      17.784      32.968
UATOM ASP          55      18.579      15.211
UATOM GLY          56       2.620      12.951
UATOM SER          57      10.906      20.507
UATOM GLY          58       2.414      12.412
UATOM THR          59      19.158      33.699
UATOM ALA          60       7.086      25.386
UATOM LEU          61      23.908      51.286
UATOM GLY          62       2.632      12.688
UATOM TRP          63      51.003      41.313
UATOM THR          64      19.845      33.654
UATOM VAL          65      19.328      43.418
UATOM ALA          66       7.543      23.993
UATOM TRP          67      50.830      42.216
UATOM LYS          68      28.527      54.017
UATOM ASN          69      22.627      26.773
UATOM ASN          70      21.482      26.764
UATOM TYR          71      39.888      39.772
UATOM ARG          72      41.333      55.797
UATOM ASN          73      20.578      25.222
UATOM ALA          74       6.394      24.939
UATOM HID          75      29.719      29.158
UATOM SER          76      11.890      21.795
UATOM ALA          77       7.039      25.825
UATOM THR          78      19.820      35.538
UATOM THR          79      19.413      38.650
UATOM TRP          80      49.374      40.364
UATOM SER          81      12.275      21.938
UATOM GLY          82       2.684      11.700
UATOM GLN          83      28.964      34.374
UATOM TYR          84      42.096      38.561
UATOM VAL          85      18.281      43.770
UATOM GLY          86       2.486      12.304
UATOM GLY          87       2.525      13.091
UATOM ALA          88       6.789      26.939
UATOM GLU          89      24.920      22.526
UATOM ALA          90       7.113      25.763
UATOM ARG          91      44.611      54.181
UATOM ILE          92      25.651      50.727
UATOM ASN          93      21.768      26.086
UATOM THR          94      19.336      33.694
UATOM GLN          95      27.616      35.948
UATOM TRP          96      48.488      41.592
UATOM LEU          97      26.267      51.635
UATOM LEU          98      25.316      52.947
UATOM THR          99      19.881      36.345
UATOM SER         100      11.773      22.542
UATOM GLY         101       2.442      13.544
UATOM THR         102      19.534      34.739
UATOM THR         103      19.192      34.100
UATOM GLU         104      26.185      24.376
UATOM ALA         105       6.729      26.273
UATOM ASN         106      22.493      29.234
UATOM ALA         107       7.293      26.654
UATOM TRP         108      48.483      42.333
UATOM LYS         109      29.732      54.121
UATOM SER         110      11.638      22.156
UATOM THR         111      20.204      35.227
UATOM LEU         112      25.821      50.806
UATOM VAL         113      18.837      43.102
UATOM GLY         114       2.693      12.015
UATOM HID         115      29.326      28.681
UATOM ASP         116      22.490      14.195
UATOM THR         117      19.125      34.415
UATOM PHE         118      32.849      35.652
UATOM THR         119      19.489      35.941
UATOM LYS         120      28.892      53.086
UATOM VAL         121      18.197      44.302
UATOM LYS         122      27.827      51.945
UATOM PRO         123      13.303      27.176
UATOM SER         124      11.685      22.982
UATOM ALA         125       6.925      26.188
UATOM ALA         126       6.412      24.309
UATOM CSER        127      15.745      20.162
____________________________________________________________
Total Entropy FF (UA level) :        2473.817 J/mol/K
Total Entropy TT (UA level) :        4001.313 J/mol/K
------------------------------------------------------------
____________________________________________________________
Total Entropy                            :        6475.130
------------------------------------------------------------
