------------------------------------------------------------
            Hierarchy level. --> United Atom <--            
------------------------------------------------------------
      RESNAME   RESID  FF_ENTROPY  TT_ENTROPY
UATOM NALA          1       9.279      38.071
UATOM GLU           2      23.862      22.431
UATOM ALA           3       7.022      25.755
UATOM GLY           4       2.712      13.413
UATOM ILE           5      25.267      52.535
UATOM THR           6      20.310      34.711
UATOM GLY           7       2.636      13.347
UATOM THR           8      19.823      35.093
UATOM TRP           9      50.366      41.974
UATOM TYR          10      42.752      37.302
UATOM ALA          11       6.828      25.382
UATOM GLN          12      26.581      33.078
UATOM LEU          13      22.840      51.549
UATOM GLY          14       2.839      11.986
UATOM SER          15      11.377      21.073
UATOM THR          16      18.655      33.444
UATOM PHE          17      35.646      36.968
UATOM ILE          18      25.825      52.536
UATOM VAL          19      19.105      43.196
UATOM THR          20      19.327      35.038
UATOM ALA          21       7.133      27.175
UATOM GLY          22       2.342      13.386
UATOM ALA          23       6.976      25.763
UATOM ASP          24      19.150      14.620
UATOM GLY          25       2.887      12.754
UATOM ALA          26       7.729      25.828
UATOM LEU          27      24.303      52.280
UATOM THR          28      18.806      34.386
UATOM GLY          29       2.779      13.586
UATOM THR          30      19.881      36.059
UATOM TYR          31      42.455      37.762
UATOM GLU          32      25.050      22.202
UATOM SER          33      11.759      21.879
UATOM ALA          34       6.116      26.793
UATOM VAL          35      17.400      44.792
UATOM GLY          36       2.854      13.510
UATOM ASN          37      20.401      26.262
UATOM ALA          38       6.949      25.517
UATOM GLU          39      25.755      23.115
UATOM SER          40      11.107      21.810
UATOM ARG          41      45.337      57.566
UATOM TYR          42      42.907      36.780
UATOM VAL          43      19.293      44.589
UATOM LEU          44      24.910      49.849
UATOM THR          45      18.579      36.148
UATOM GLY          46       2.676      14.015
UATOM ARG          47      46.402      59.660
UATOM TYR          48      43.817      40.021
UATOM ASP          49      23.367      15.938
UATOM SER          50      11.796      22.065
UATOM ALA          51       6.471      25.165
UATOM PRO          52      11.682      26.797
UATOM ALA          53       6.010      25.300
UATOM THR          54      17.111      33.892
UATOM ASP          55      19.774      15.085
UATOM GLY          56       2.730      13.199
UATOM SER          57      12.189      20.858
UATOM GLY          58       2.510      13.283
UATOM THR          59      20.499      34.004
UATOM ALA          60       6.889      24.762
UATOM LEU          61      25.442      52.687
UATOM GLY          62       2.884      13.718
UATOM TRP          63      52.280      43.364
UATOM THR          64      20.449      34.017
UATOM VAL          65      20.086      43.701
UATOM ALA          66       7.688      25.832
UATOM TRP          67      51.943      41.179
UATOM LYS          68      30.800      52.800
UATOM ASN          69      23.910      29.001
UATOM ASN          70      21.094      26.887
UATOM TYR          71      42.868      37.541
UATOM ARG          72      43.049      56.969
UATOM ASN          73      25.335      25.869
UATOM ALA          74       7.155      25.513
UATOM HID          75      29.942      30.053
UATOM SER          76      12.925      23.456
UATOM ALA          77       7.194      25.334
UATOM THR          78      20.790      34.977
UATOM THR          79      21.203      36.019
UATOM TRP          80      50.475      41.339
UATOM SER          81      12.191      22.818
UATOM GLY          82       2.731      13.512
UATOM GLN          83      29.891      34.044
UATOM TYR          84      45.571      38.035
UATOM VAL          85      20.233      43.919
UATOM GLY          86       2.285      12.109
UATOM GLY          87       2.574      12.947
UATOM ALA          88       6.917      26.059
UATOM GLU          89      25.436      21.556
UATOM ALA          90       7.302      26.269
UATOM ARG          91      44.298      57.794
UATOM ILE          92      26.683      51.216
UATOM ASN          93      23.916      26.612
UATOM THR          94      19.770      34.746
UATOM GLN          95      32.543      34.670
UATOM TRP          96      51.574      42.032
UATOM LEU          97      26.727      52.083
UATOM LEU          98      26.600      52.994
UATOM THR          99      21.542      36.197
UATOM SER         100      12.202      21.454
UATOM GLY         101       2.951      12.573
UATOM THR         102      20.026      35.916
UATOM THR         103      20.342      35.360
UATOM GLU         104      25.096      22.869
UATOM ALA         105       7.059      25.720
UATOM ASN         106      23.369      28.074
UATOM ALA         107       7.241      26.152
UATOM TRP         108      49.478      42.222
UATOM LYS         109      28.721      53.808
UATOM SER         110      12.461      23.383
UATOM THR         111      20.312      36.595
UATOM LEU         112      26.869      52.016
UATOM VAL         113      19.602      43.722
UATOM GLY         114       2.783      13.521
UATOM HID         115      30.472      29.491
UATOM ASP         116      21.456      15.441
UATOM THR         117      20.020      34.934
UATOM PHE         118      35.337      36.109
UATOM THR         119      18.617      32.903
UATOM LYS         120      29.755      52.536
UATOM VAL         121      18.172      44.076
UATOM LYS         122      28.429      52.549
UATOM PRO         123      12.071      27.148
UATOM SER         124      10.298      20.707
UATOM ALA         125       5.816      24.986
UATOM ALA         126       5.073      24.320
UATOM CSER        127      14.354      19.269
____________________________________________________________
Total Entropy FF (UA level) :        2534.512 J/mol/K
Total Entropy TT (UA level) :        4015.068 J/mol/K
------------------------------------------------------------
____________________________________________________________
Total Entropy                            :        6549.579
------------------------------------------------------------
