------------------------------------------------------------
            Hierarchy level. --> United Atom <--            
------------------------------------------------------------
      RESNAME   RESID  FF_ENTROPY  TT_ENTROPY
UATOM NALA          1       9.046      38.073
UATOM GLU           2      21.192      20.583
UATOM ALA           3       5.133      24.503
UATOM GLY           4       2.254      11.633
UATOM ILE           5      22.582      51.101
UATOM THR           6      18.058      33.714
UATOM GLY           7       2.440      11.473
UATOM THR           8      16.443      32.728
UATOM TRP           9      39.627      37.647
UATOM TYR          10      34.142      36.101
UATOM ALA          11       5.951      22.348
UATOM GLN          12      23.734      32.229
UATOM LEU          13      22.067      49.354
UATOM GLY          14       2.027      11.364
UATOM SER          15       9.811      20.744
UATOM THR          16      17.297      33.195
UATOM PHE          17      26.408      33.229
UATOM ILE          18      22.277      49.626
UATOM VAL          19      16.414      42.578
UATOM THR          20      16.874      32.678
UATOM ALA          21       5.337      24.815
UATOM GLY          22       2.334      11.775
UATOM ALA          23       6.014      24.902
UATOM ASP          24      17.050      14.643
UATOM GLY          25       2.496      11.986
UATOM ALA          26       5.970      24.251
UATOM LEU          27      21.208      50.262
UATOM THR          28      17.134      32.903
UATOM GLY          29       2.508      11.287
UATOM THR          30      17.579      32.565
UATOM TYR          31      34.178      34.637
UATOM GLU          32      23.257      21.036
UATOM SER          33       9.876      20.399
UATOM ALA          34       5.580      24.271
UATOM VAL          35      16.051      43.491
UATOM GLY          36       2.318      11.879
UATOM ASN          37      19.280      24.864
UATOM ALA          38       5.416      24.545
UATOM GLU          39      22.171      21.397
UATOM SER          40      10.156      20.141
UATOM ARG          41      37.836      55.513
UATOM TYR          42      32.985      34.702
UATOM VAL          43      16.255      43.083
UATOM LEU          44      22.591      48.270
UATOM THR          45      17.169      33.371
UATOM GLY          46       2.810      11.420
UATOM ARG          47      39.290      55.798
UATOM TYR          48      34.122      35.449
UATOM ASP          49      19.135      14.104
UATOM SER          50      10.027      20.508
UATOM ALA          51       5.347      23.405
UATOM PRO          52      11.253      26.124
UATOM ALA          53       5.687      24.647
UATOM THR          54      16.591      33.263
UATOM ASP          55      16.852      14.652
UATOM GLY          56       2.281      11.774
UATOM SER          57      10.398      19.940
UATOM GLY          58       2.093      11.731
UATOM THR          59      16.598      32.724
UATOM ALA          60       6.323      25.246
UATOM LEU          61      22.342      49.450
UATOM GLY          62       2.629      11.871
UATOM TRP          63      38.193      39.013
UATOM THR          64      16.824      31.978
UATOM VAL          65      16.628      41.830
UATOM ALA          66       5.984      23.957
UATOM TRP          67      36.988      37.735
UATOM LYS          68      26.200      51.880
UATOM ASN          69      19.811      25.180
UATOM ASN          70      18.493      25.324
UATOM TYR          71      34.532      35.643
UATOM ARG          72      35.826      56.023
UATOM ASN          73      19.900      24.570
UATOM ALA          74       5.879      24.848
UATOM HID          75      23.764      26.761
UATOM SER          76      10.417      20.624
UATOM ALA          77       5.798      24.648
UATOM THR          78      17.194      32.985
UATOM THR          79      17.418      33.349
UATOM TRP          80      38.468      36.560
UATOM SER          81      10.455      19.833
UATOM GLY          82       2.355      11.362
UATOM GLN          83      25.713      31.989
UATOM TYR          84      33.143      35.249
UATOM VAL          85      16.774      42.920
UATOM GLY          86       2.166      11.999
UATOM GLY          87       2.307      12.103
UATOM ALA          88       5.873      24.964
UATOM GLU          89      22.003      21.266
UATOM ALA          90       5.890      24.186
UATOM ARG          91      36.464      54.987
UATOM ILE          92      21.749      50.455
UATOM ASN          93      19.264      25.983
UATOM THR          94      16.807      32.133
UATOM GLN          95      25.964      33.570
UATOM TRP          96      38.309      36.727
UATOM LEU          97      22.529      50.486
UATOM LEU          98      23.302      50.407
UATOM THR          99      17.361      33.332
UATOM SER         100      10.279      20.433
UATOM GLY         101       2.404      11.543
UATOM THR         102      17.421      33.781
UATOM THR         103      16.625      33.915
UATOM GLU         104      23.038      21.297
UATOM ALA         105       5.778      25.283
UATOM ASN         106      19.425      25.401
UATOM ALA         107       5.730      24.659
UATOM TRP         108      37.478      37.630
UATOM LYS         109      25.414      50.815
UATOM SER         110       9.921      20.437
UATOM THR         111      17.614      33.850
UATOM LEU         112      21.652      49.571
UATOM VAL         113      16.395      42.058
UATOM GLY         114       2.503      11.548
UATOM HID         115      23.150      26.790
UATOM ASP         116      18.542      14.486
UATOM THR         117      17.087      33.823
UATOM PHE         118      26.703      33.931
UATOM THR         119      16.724      34.032
UATOM LYS         120      26.427      51.916
UATOM VAL         121      16.752      43.558
UATOM LYS         122      25.227      50.886
UATOM PRO         123      11.459      26.371
UATOM SER         124       9.848      20.399
UATOM ALA         125       5.474      24.784
UATOM ALA         126       5.907      25.507
UATOM CSER        127      16.629      20.708
____________________________________________________________
Total Entropy FF (UA level) :        2118.656 J/mol/K
Total Entropy TT (UA level) :        3794.269 J/mol/K
------------------------------------------------------------
____________________________________________________________
Total Entropy                            :        5912.925
------------------------------------------------------------
------------------------------------------------------------
            Hierarchy level. --> United Atom <--            
------------------------------------------------------------
      RESNAME   RESID  FF_ENTROPY  TT_ENTROPY
UATOM NALA          1       9.194      37.990
UATOM GLU           2      21.609      21.076
UATOM ALA           3       5.385      24.294
UATOM GLY           4       2.289      11.917
UATOM ILE           5      22.322      51.114
UATOM THR           6      17.270      33.706
UATOM GLY           7       2.158      11.901
UATOM THR           8      17.163      32.127
UATOM TRP           9      38.250      36.583
UATOM TYR          10      33.708      34.840
UATOM ALA          11       5.889      23.325
UATOM GLN          12      23.318      31.989
UATOM LEU          13      21.838      49.014
UATOM GLY          14       2.395      11.702
UATOM SER          15      10.142      20.257
UATOM THR          16      17.143      32.130
UATOM PHE          17      25.060      32.919
UATOM ILE          18      21.872      50.897
UATOM VAL          19      16.119      41.588
UATOM THR          20      16.906      32.778
UATOM ALA          21       5.504      24.358
UATOM GLY          22       2.336      12.084
UATOM ALA          23       5.761      24.957
UATOM ASP          24      17.017      14.381
UATOM GLY          25       2.389      12.242
UATOM ALA          26       6.006      23.879
UATOM LEU          27      21.841      50.068
UATOM THR          28      17.252      33.188
UATOM GLY          29       2.450      11.419
UATOM THR          30      17.196      32.372
UATOM TYR          31      33.245      34.720
UATOM GLU          32      23.461      20.787
UATOM SER          33       9.711      20.032
UATOM ALA          34       5.731      24.659
UATOM VAL          35      16.304      43.352
UATOM GLY          36       2.163      11.846
UATOM ASN          37      18.835      25.406
UATOM ALA          38       5.932      24.843
UATOM GLU          39      22.371      21.917
UATOM SER          40      10.044      20.548
UATOM ARG          41      37.411      53.812
UATOM TYR          42      34.009      34.811
UATOM VAL          43      16.476      42.798
UATOM LEU          44      23.326      49.281
UATOM THR          45      17.077      34.386
UATOM GLY          46       2.696      12.001
UATOM ARG          47      39.463      53.877
UATOM TYR          48      33.594      34.254
UATOM ASP          49      18.426      14.147
UATOM SER          50      10.199      20.537
UATOM ALA          51       5.525      23.244
UATOM PRO          52      10.660      26.130
UATOM ALA          53       5.600      24.931
UATOM THR          54      16.804      33.904
UATOM ASP          55      17.416      14.122
UATOM GLY          56       2.238      12.083
UATOM SER          57      10.089      19.267
UATOM GLY          58       2.203      11.842
UATOM THR          59      17.343      32.793
UATOM ALA          60       6.044      24.907
UATOM LEU          61      21.904      49.170
UATOM GLY          62       2.557      11.764
UATOM TRP          63      39.486      37.352
UATOM THR          64      17.015      31.104
UATOM VAL          65      16.461      42.350
UATOM ALA          66       5.864      24.305
UATOM TRP          67      38.507      37.294
UATOM LYS          68      25.787      51.788
UATOM ASN          69      20.052      24.938
UATOM ASN          70      18.714      25.635
UATOM TYR          71      34.902      34.974
UATOM ARG          72      36.093      54.741
UATOM ASN          73      19.456      24.055
UATOM ALA          74       5.624      24.562
UATOM HID          75      21.535      26.323
UATOM SER          76      10.687      20.922
UATOM ALA          77       5.972      25.016
UATOM THR          78      17.228      32.372
UATOM THR          79      17.221      33.082
UATOM TRP          80      38.779      36.741
UATOM SER          81      10.111      19.105
UATOM GLY          82       2.500      11.023
UATOM GLN          83      25.787      31.588
UATOM TYR          84      33.157      34.783
UATOM VAL          85      16.711      42.402
UATOM GLY          86       2.117      11.607
UATOM GLY          87       2.354      11.500
UATOM ALA          88       6.061      25.041
UATOM GLU          89      22.331      21.203
UATOM ALA          90       5.782      24.556
UATOM ARG          91      37.153      54.003
UATOM ILE          92      22.045      49.474
UATOM ASN          93      19.494      25.653
UATOM THR          94      17.444      33.372
UATOM GLN          95      25.012      32.646
UATOM TRP          96      38.623      36.476
UATOM LEU          97      22.763      49.974
UATOM LEU          98      22.183      50.111
UATOM THR          99      17.185      33.442
UATOM SER         100      10.679      20.170
UATOM GLY         101       2.282      11.786
UATOM THR         102      16.817      32.974
UATOM THR         103      17.171      34.299
UATOM GLU         104      22.442      21.415
UATOM ALA         105       5.690      24.734
UATOM ASN         106      19.316      25.098
UATOM ALA         107       5.775      24.797
UATOM TRP         108      37.827      37.732
UATOM LYS         109      25.130      51.270
UATOM SER         110      10.391      21.126
UATOM THR         111      17.701      34.449
UATOM LEU         112      21.912      49.109
UATOM VAL         113      16.714      41.571
UATOM GLY         114       2.622      11.279
UATOM HID         115      23.311      26.600
UATOM ASP         116      18.467      14.167
UATOM THR         117      17.304      33.995
UATOM PHE         118      26.661      32.930
UATOM THR         119      16.929      34.335
UATOM LYS         120      26.405      52.081
UATOM VAL         121      16.226      42.765
UATOM LYS         122      24.929      51.391
UATOM PRO         123      11.044      25.865
UATOM SER         124      10.379      20.009
UATOM ALA         125       5.990      25.856
UATOM ALA         126       5.909      24.198
UATOM CSER        127      15.290      20.431
____________________________________________________________
Total Entropy FF (UA level) :        2116.142 J/mol/K
Total Entropy TT (UA level) :        3775.211 J/mol/K
------------------------------------------------------------
____________________________________________________________
Total Entropy                            :        5891.353
------------------------------------------------------------
------------------------------------------------------------
            Hierarchy level. --> United Atom <--            
------------------------------------------------------------
      RESNAME   RESID  FF_ENTROPY  TT_ENTROPY
UATOM NALA          1       8.976      37.825
UATOM GLU           2      21.485      21.087
UATOM ALA           3       5.145      24.299
UATOM GLY           4       2.267      11.372
UATOM ILE           5      21.639      50.666
UATOM THR           6      17.873      33.647
UATOM GLY           7       2.241      11.664
UATOM THR           8      16.853      33.283
UATOM TRP           9      37.712      37.396
UATOM TYR          10      34.204      34.919
UATOM ALA          11       6.006      23.159
UATOM GLN          12      23.621      32.187
UATOM LEU          13      21.280      50.617
UATOM GLY          14       2.246      11.588
UATOM SER          15       9.800      19.986
UATOM THR          16      17.071      33.620
UATOM PHE          17      24.916      32.397
UATOM ILE          18      22.041      50.428
UATOM VAL          19      15.988      42.075
UATOM THR          20      16.863      33.107
UATOM ALA          21       5.307      25.393
UATOM GLY          22       2.155      11.810
UATOM ALA          23       5.667      24.763
UATOM ASP          24      16.539      14.298
UATOM GLY          25       2.559      12.221
UATOM ALA          26       5.873      24.461
UATOM LEU          27      21.366      49.702
UATOM THR          28      16.528      33.195
UATOM GLY          29       2.273      11.363
UATOM THR          30      17.539      32.221
UATOM TYR          31      32.814      35.289
UATOM GLU          32      22.998      21.312
UATOM SER          33       9.693      19.953
UATOM ALA          34       5.387      24.749
UATOM VAL          35      15.853      43.246
UATOM GLY          36       2.266      11.729
UATOM ASN          37      18.610      24.425
UATOM ALA          38       5.329      24.699
UATOM GLU          39      22.043      21.806
UATOM SER          40      10.290      19.909
UATOM ARG          41      36.513      53.230
UATOM TYR          42      33.422      34.847
UATOM VAL          43      16.167      42.899
UATOM LEU          44      22.469      48.438
UATOM THR          45      16.828      34.415
UATOM GLY          46       2.673      11.434
UATOM ARG          47      39.338      53.706
UATOM TYR          48      32.930      34.401
UATOM ASP          49      18.161      14.092
UATOM SER          50       9.744      19.971
UATOM ALA          51       5.858      23.425
UATOM PRO          52      11.431      26.503
UATOM ALA          53       5.924      25.260
UATOM THR          54      17.105      33.624
UATOM ASP          55      16.907      14.233
UATOM GLY          56       2.345      11.821
UATOM SER          57       9.774      19.587
UATOM GLY          58       2.202      11.613
UATOM THR          59      17.097      32.846
UATOM ALA          60       5.995      25.027
UATOM LEU          61      21.442      49.297
UATOM GLY          62       2.391      11.660
UATOM TRP          63      37.965      37.436
UATOM THR          64      17.118      31.799
UATOM VAL          65      16.764      42.298
UATOM ALA          66       6.059      23.264
UATOM TRP          67      36.885      36.325
UATOM LYS          68      25.589      52.878
UATOM ASN          69      20.192      25.485
UATOM ASN          70      18.706      25.505
UATOM TYR          71      34.252      35.873
UATOM ARG          72      35.369      54.703
UATOM ASN          73      18.936      24.243
UATOM ALA          74       5.650      25.207
UATOM HID          75      21.470      25.841
UATOM SER          76       9.981      20.366
UATOM ALA          77       5.980      24.296
UATOM THR          78      16.885      31.608
UATOM THR          79      17.669      34.107
UATOM TRP          80      36.857      36.725
UATOM SER          81      10.223      19.921
UATOM GLY          82       2.442      11.019
UATOM GLN          83      25.128      32.408
UATOM TYR          84      32.410      35.446
UATOM VAL          85      16.423      42.529
UATOM GLY          86       2.159      11.694
UATOM GLY          87       2.350      11.526
UATOM ALA          88       6.003      25.023
UATOM GLU          89      22.641      21.265
UATOM ALA          90       5.737      24.029
UATOM ARG          91      36.663      53.403
UATOM ILE          92      21.806      50.133
UATOM ASN          93      19.862      25.761
UATOM THR          94      16.143      31.950
UATOM GLN          95      25.068      32.069
UATOM TRP          96      37.057      36.344
UATOM LEU          97      21.952      48.994
UATOM LEU          98      22.353      50.366
UATOM THR          99      17.229      33.299
UATOM SER         100      10.285      20.191
UATOM GLY         101       2.343      11.468
UATOM THR         102      16.543      33.306
UATOM THR         103      16.827      34.089
UATOM GLU         104      22.292      21.668
UATOM ALA         105       5.517      24.576
UATOM ASN         106      18.648      25.097
UATOM ALA         107       5.526      24.699
UATOM TRP         108      37.186      38.191
UATOM LYS         109      25.121      51.269
UATOM SER         110       9.892      20.790
UATOM THR         111      17.388      32.922
UATOM LEU         112      21.653      49.027
UATOM VAL         113      15.981      41.728
UATOM GLY         114       2.523      11.668
UATOM HID         115      22.333      26.320
UATOM ASP         116      18.090      13.920
UATOM THR         117      16.835      33.630
UATOM PHE         118      25.451      33.560
UATOM THR         119      16.138      33.616
UATOM LYS         120      25.431      50.292
UATOM VAL         121      16.232      43.033
UATOM LYS         122      25.042      50.766
UATOM PRO         123      10.725      26.282
UATOM SER         124       9.955      20.429
UATOM ALA         125       6.019      25.067
UATOM ALA         126       6.045      23.748
UATOM CSER        127      14.473      19.587
____________________________________________________________
Total Entropy FF (UA level) :        2082.501 J/mol/K
Total Entropy TT (UA level) :        3770.268 J/mol/K
------------------------------------------------------------
____________________________________________________________
Total Entropy                            :        5852.769
------------------------------------------------------------
------------------------------------------------------------
            Hierarchy level. --> United Atom <--            
------------------------------------------------------------
      RESNAME   RESID  FF_ENTROPY  TT_ENTROPY
UATOM NALA          1       9.172      38.256
UATOM GLU           2      21.280      20.999
UATOM ALA           3       5.186      24.494
UATOM GLY           4       2.075      11.257
UATOM ILE           5      22.214      50.999
UATOM THR           6      17.034      32.484
UATOM GLY           7       2.302      11.627
UATOM THR           8      17.252      32.554
UATOM TRP           9      39.728      37.055
UATOM TYR          10      33.516      34.882
UATOM ALA          11       5.678      23.824
UATOM GLN          12      23.482      32.221
UATOM LEU          13      21.215      50.282
UATOM GLY          14       2.471      12.173
UATOM SER          15       9.597      20.261
UATOM THR          16      16.742      32.847
UATOM PHE          17      24.715      32.549
UATOM ILE          18      22.484      50.737
UATOM VAL          19      16.304      42.575
UATOM THR          20      16.553      33.346
UATOM ALA          21       5.558      25.627
UATOM GLY          22       2.143      12.166
UATOM ALA          23       6.093      25.103
UATOM ASP          24      16.923      14.005
UATOM GLY          25       2.437      11.687
UATOM ALA          26       5.553      24.486
UATOM LEU          27      21.492      50.142
UATOM THR          28      16.909      33.409
UATOM GLY          29       2.399      11.927
UATOM THR          30      17.274      33.037
UATOM TYR          31      32.930      35.020
UATOM GLU          32      22.459      20.867
UATOM SER          33       9.667      20.037
UATOM ALA          34       5.468      24.495
UATOM VAL          35      16.082      43.050
UATOM GLY          36       2.244      11.566
UATOM ASN          37      19.247      25.019
UATOM ALA          38       6.263      24.048
UATOM GLU          39      22.555      21.541
UATOM SER          40      10.458      20.244
UATOM ARG          41      37.789      54.472
UATOM TYR          42      34.840      34.805
UATOM VAL          43      16.854      42.785
UATOM LEU          44      22.902      49.402
UATOM THR          45      16.540      33.188
UATOM GLY          46       2.420      12.373
UATOM ARG          47      37.789      53.135
UATOM TYR          48      34.222      35.140
UATOM ASP          49      19.052      15.058
UATOM SER          50      10.289      20.692
UATOM ALA          51       5.798      22.692
UATOM PRO          52      11.382      26.260
UATOM ALA          53       5.607      24.845
UATOM THR          54      16.801      33.497
UATOM ASP          55      17.162      14.495
UATOM GLY          56       2.322      12.233
UATOM SER          57       9.891      19.215
UATOM GLY          58       2.187      11.781
UATOM THR          59      17.075      32.974
UATOM ALA          60       6.141      25.119
UATOM LEU          61      22.542      48.686
UATOM GLY          62       2.689      11.842
UATOM TRP          63      39.002      36.989
UATOM THR          64      16.985      30.964
UATOM VAL          65      16.721      42.309
UATOM ALA          66       5.817      24.854
UATOM TRP          67      39.921      36.939
UATOM LYS          68      25.822      51.198
UATOM ASN          69      19.807      25.182
UATOM ASN          70      18.829      25.254
UATOM TYR          71      34.148      35.052
UATOM ARG          72      36.471      54.424
UATOM ASN          73      19.526      23.768
UATOM ALA          74       5.731      24.320
UATOM HID          75      23.054      26.497
UATOM SER          76      10.381      20.467
UATOM ALA          77       6.026      25.058
UATOM THR          78      17.671      33.087
UATOM THR          79      16.462      34.027
UATOM TRP          80      39.069      37.733
UATOM SER          81      10.391      20.490
UATOM GLY          82       2.221      11.388
UATOM GLN          83      26.175      32.230
UATOM TYR          84      33.409      35.143
UATOM VAL          85      16.410      42.890
UATOM GLY          86       2.094      11.979
UATOM GLY          87       2.267      11.886
UATOM ALA          88       5.804      24.631
UATOM GLU          89      22.311      21.244
UATOM ALA          90       5.804      24.752
UATOM ARG          91      37.555      53.695
UATOM ILE          92      22.650      49.852
UATOM ASN          93      19.826      25.471
UATOM THR          94      17.418      33.020
UATOM GLN          95      25.830      32.940
UATOM TRP          96      37.670      36.508
UATOM LEU          97      21.971      50.645
UATOM LEU          98      22.476      51.574
UATOM THR          99      16.844      33.486
UATOM SER         100      10.664      20.193
UATOM GLY         101       2.297      11.737
UATOM THR         102      16.939      33.593
UATOM THR         103      16.745      33.838
UATOM GLU         104      22.496      21.694
UATOM ALA         105       5.910      24.859
UATOM ASN         106      19.549      26.050
UATOM ALA         107       5.767      24.871
UATOM TRP         108      37.418      36.879
UATOM LYS         109      25.782      50.786
UATOM SER         110      10.172      20.429
UATOM THR         111      17.458      34.019
UATOM LEU         112      22.884      48.742
UATOM VAL         113      16.611      42.400
UATOM GLY         114       2.203      11.611
UATOM HID         115      22.347      26.797
UATOM ASP         116      18.015      14.430
UATOM THR         117      17.164      32.955
UATOM PHE         118      26.998      33.234
UATOM THR         119      17.164      33.324
UATOM LYS         120      26.218      50.258
UATOM VAL         121      16.576      42.566
UATOM LYS         122      24.767      51.191
UATOM PRO         123      10.912      26.138
UATOM SER         124       9.946      19.852
UATOM ALA         125       5.759      23.752
UATOM ALA         126       5.483      24.281
UATOM CSER        127      15.081      20.287
____________________________________________________________
Total Entropy FF (UA level) :        2115.343 J/mol/K
Total Entropy TT (UA level) :        3780.298 J/mol/K
------------------------------------------------------------
____________________________________________________________
Total Entropy                            :        5895.641
------------------------------------------------------------
------------------------------------------------------------
            Hierarchy level. --> United Atom <--            
------------------------------------------------------------
      RESNAME   RESID  FF_ENTROPY  TT_ENTROPY
UATOM NALA          1       9.148      38.156
UATOM GLU           2      21.776      21.062
UATOM ALA           3       5.312      24.109
UATOM GLY           4       2.058      11.787
UATOM ILE           5      21.640      50.223
UATOM THR           6      16.465      32.756
UATOM GLY           7       2.267      11.459
UATOM THR           8      16.563      32.816
UATOM TRP           9      36.538      37.127
UATOM TYR          10      31.763      34.670
UATOM ALA          11       5.368      22.413
UATOM GLN          12      24.078      32.200
UATOM LEU          13      21.345      49.893
UATOM GLY          14       2.384      11.160
UATOM SER          15       9.984      20.104
UATOM THR          16      16.566      32.267
UATOM PHE          17      25.234      32.893
UATOM ILE          18      22.130      50.323
UATOM VAL          19      16.257      42.691
UATOM THR          20      16.416      33.211
UATOM ALA          21       5.536      24.771
UATOM GLY          22       2.275      11.410
UATOM ALA          23       5.322      24.641
UATOM ASP          24      16.383      14.203
UATOM GLY          25       2.224      11.280
UATOM ALA          26       5.542      24.574
UATOM LEU          27      21.460      49.808
UATOM THR          28      16.669      32.807
UATOM GLY          29       2.332      11.938
UATOM THR          30      17.068      32.842
UATOM TYR          31      31.944      34.767
UATOM GLU          32      22.687      20.477
UATOM SER          33       9.798      20.315
UATOM ALA          34       5.360      24.322
UATOM VAL          35      15.822      42.828
UATOM GLY          36       2.311      11.935
UATOM ASN          37      17.939      24.942
UATOM ALA          38       5.529      24.606
UATOM GLU          39      21.943      21.319
UATOM SER          40       9.712      20.164
UATOM ARG          41      35.095      53.733
UATOM TYR          42      32.491      35.057
UATOM VAL          43      16.907      42.925
UATOM LEU          44      21.140      48.525
UATOM THR          45      16.630      33.755
UATOM GLY          46       2.130      11.151
UATOM ARG          47      36.572      52.303
UATOM TYR          48      32.674      34.896
UATOM ASP          49      17.418      14.601
UATOM SER          50      10.264      20.453
UATOM ALA          51       5.667      24.280
UATOM PRO          52      10.685      26.362
UATOM ALA          53       5.454      24.490
UATOM THR          54      16.697      33.900
UATOM ASP          55      16.406      14.497
UATOM GLY          56       2.311      11.291
UATOM SER          57       9.601      19.209
UATOM GLY          58       2.219      11.622
UATOM THR          59      16.926      33.271
UATOM ALA          60       5.369      25.231
UATOM LEU          61      21.545      48.079
UATOM GLY          62       2.288      11.754
UATOM TRP          63      36.720      37.463
UATOM THR          64      17.047      30.955
UATOM VAL          65      16.195      41.977
UATOM ALA          66       5.485      24.415
UATOM TRP          67      36.656      36.061
UATOM LYS          68      24.765      51.135
UATOM ASN          69      18.631      25.182
UATOM ASN          70      17.735      25.378
UATOM TYR          71      31.559      34.652
UATOM ARG          72      35.974      54.440
UATOM ASN          73      18.458      24.161
UATOM ALA          74       5.446      24.760
UATOM HID          75      21.006      26.217
UATOM SER          76       9.502      20.082
UATOM ALA          77       5.496      24.640
UATOM THR          78      17.175      32.275
UATOM THR          79      16.372      34.163
UATOM TRP          80      36.810      36.827
UATOM SER          81       9.810      20.368
UATOM GLY          82       2.369      11.548
UATOM GLN          83      24.186      32.582
UATOM TYR          84      32.462      35.401
UATOM VAL          85      15.949      42.307
UATOM GLY          86       2.160      11.895
UATOM GLY          87       2.101      11.611
UATOM ALA          88       5.289      24.721
UATOM GLU          89      22.034      20.900
UATOM ALA          90       5.294      24.191
UATOM ARG          91      35.304      52.877
UATOM ILE          92      21.247      49.509
UATOM ASN          93      18.834      25.101
UATOM THR          94      16.462      32.045
UATOM GLN          95      24.302      33.734
UATOM TRP          96      36.855      37.250
UATOM LEU          97      21.834      50.222
UATOM LEU          98      21.467      50.594
UATOM THR          99      17.028      33.480
UATOM SER         100       9.804      19.773
UATOM GLY         101       2.097      11.936
UATOM THR         102      16.395      33.344
UATOM THR         103      16.931      34.257
UATOM GLU         104      22.020      21.273
UATOM ALA         105       5.714      24.731
UATOM ASN         106      18.896      25.516
UATOM ALA         107       5.492      25.073
UATOM TRP         108      36.047      36.786
UATOM LYS         109      25.364      51.260
UATOM SER         110      10.046      20.933
UATOM THR         111      16.589      33.519
UATOM LEU         112      21.587      48.489
UATOM VAL         113      15.621      41.862
UATOM GLY         114       2.374      11.669
UATOM HID         115      21.779      27.085
UATOM ASP         116      16.799      14.638
UATOM THR         117      16.760      33.212
UATOM PHE         118      24.410      33.013
UATOM THR         119      16.515      33.025
UATOM LYS         120      24.957      50.683
UATOM VAL         121      16.210      42.159
UATOM LYS         122      24.733      50.976
UATOM PRO         123      10.900      26.345
UATOM SER         124       9.694      20.113
UATOM ALA         125       5.357      25.454
UATOM ALA         126       5.302      23.299
UATOM CSER        127      14.921      20.530
____________________________________________________________
Total Entropy FF (UA level) :        2036.971 J/mol/K
Total Entropy TT (UA level) :        3762.723 J/mol/K
------------------------------------------------------------
____________________________________________________________
Total Entropy                            :        5799.694
------------------------------------------------------------
