------------------------------------------------------------
            Hierarchy level. --> United Atom <--            
------------------------------------------------------------
      RESNAME   RESID  FF_ENTROPY  TT_ENTROPY
UATOM NALA          1       9.042      38.024
UATOM GLU           2      21.472      21.041
UATOM ALA           3       5.344      24.042
UATOM GLY           4       2.210      11.658
UATOM ILE           5      21.636      51.348
UATOM THR           6      16.665      33.369
UATOM GLY           7       2.069      11.891
UATOM THR           8      16.613      31.817
UATOM TRP           9      35.714      36.866
UATOM TYR          10      31.573      34.856
UATOM ALA          11       5.531      23.223
UATOM GLN          12      23.282      31.821
UATOM LEU          13      21.253      49.064
UATOM GLY          14       2.298      11.583
UATOM SER          15       9.755      19.809
UATOM THR          16      16.661      31.857
UATOM PHE          17      24.175      32.641
UATOM ILE          18      21.649      50.473
UATOM VAL          19      15.758      41.397
UATOM THR          20      16.763      32.897
UATOM ALA          21       5.197      23.880
UATOM GLY          22       2.148      11.536
UATOM ALA          23       5.408      24.777
UATOM ASP          24      16.443      14.253
UATOM GLY          25       2.235      11.749
UATOM ALA          26       5.657      23.617
UATOM LEU          27      21.277      49.833
UATOM THR          28      16.686      32.964
UATOM GLY          29       2.247      11.275
UATOM THR          30      16.817      32.457
UATOM TYR          31      30.900      34.765
UATOM GLU          32      22.239      21.071
UATOM SER          33       9.588      20.148
UATOM ALA          34       5.432      24.761
UATOM VAL          35      15.963      43.365
UATOM GLY          36       2.176      11.861
UATOM ASN          37      18.360      25.264
UATOM ALA          38       5.464      25.080
UATOM GLU          39      21.798      21.536
UATOM SER          40       9.557      19.999
UATOM ARG          41      35.321      53.776
UATOM TYR          42      32.377      34.543
UATOM VAL          43      16.369      42.883
UATOM LEU          44      21.849      49.128
UATOM THR          45      16.599      33.677
UATOM GLY          46       2.305      11.284
UATOM ARG          47      35.956      53.478
UATOM TYR          48      31.592      33.878
UATOM ASP          49      16.957      13.998
UATOM SER          50       9.534      20.327
UATOM ALA          51       5.335      23.187
UATOM PRO          52      10.393      26.356
