------------------------------------------------------------
            Hierarchy level. --> United Atom <--            
------------------------------------------------------------
      RESNAME   RESID  FF_ENTROPY  TT_ENTROPY
UATOM NALA          1       8.728      38.148
UATOM GLU           2      21.641      21.338
UATOM ALA           3       5.798      24.440
UATOM GLY           4       2.864      13.009
UATOM ILE           5      24.558      51.676
UATOM THR           6      19.062      34.250
UATOM GLY           7       2.717      12.832
UATOM THR           8      19.404      34.798
UATOM TRP           9      45.568      40.926
UATOM TYR          10      39.299      37.512
UATOM ALA          11       6.618      25.041
UATOM GLN          12      24.919      32.335
UATOM LEU          13      22.374      50.559
UATOM GLY          14       2.808      11.840
UATOM SER          15      10.931      20.561
UATOM THR          16      18.643      35.100
UATOM PHE          17      31.695      35.852
UATOM ILE          18      24.265      52.107
UATOM VAL          19      17.880      42.363
UATOM THR          20      17.998      34.265
UATOM ALA          21       6.647      26.342
UATOM GLY          22       2.405      13.009
UATOM ALA          23       6.662      25.816
UATOM ASP          24      18.102      15.143
UATOM GLY          25       2.874      12.181
UATOM ALA          26       6.681      25.023
UATOM LEU          27      23.721      51.427
UATOM THR          28      17.695      34.346
UATOM GLY          29       2.696      13.015
UATOM THR          30      17.933      33.960
UATOM TYR          31      39.633      37.626
UATOM GLU          32      25.255      22.271
UATOM SER          33      11.209      21.309
UATOM ALA          34       6.513      26.184
UATOM VAL          35      17.529      44.217
UATOM GLY          36       2.513      12.101
UATOM ASN          37      20.275      24.738
UATOM ALA          38       6.770      24.729
UATOM GLU          39      23.619      21.343
UATOM SER          40      11.341      20.627
UATOM ARG          41      40.467      57.565
UATOM TYR          42      40.505      36.971
UATOM VAL          43      18.285      44.163
UATOM LEU          44      24.137      50.683
UATOM THR          45      18.783      35.610
UATOM GLY          46       2.682      12.590
UATOM ARG          47      43.499      57.516
UATOM TYR          48      39.565      38.331
UATOM ASP          49      21.490      15.189
UATOM SER          50      11.633      20.624
UATOM ALA          51       6.603      24.788
UATOM PRO          52      11.947      26.135
UATOM ALA          53       5.589      24.809
UATOM THR          54      17.554      33.859
UATOM ASP          55      18.345      15.467
UATOM GLY          56       2.636      12.460
UATOM SER          57      11.249      19.751
UATOM GLY          58       2.436      12.687
UATOM THR          59      19.149      32.773
UATOM ALA          60       6.784      24.942
UATOM LEU          61      23.770      50.149
UATOM GLY          62       2.785      12.784
UATOM TRP          63      47.146      40.360
UATOM THR          64      18.342      33.845
UATOM VAL          65      18.775      43.420
UATOM ALA          66       6.901      25.548
UATOM TRP          67      44.868      40.316
UATOM LYS          68      28.045      51.147
UATOM ASN          69      21.898      27.913
UATOM ASN          70      20.066      26.923
UATOM TYR          71      37.474      36.507
UATOM ARG          72      38.871      56.297
UATOM ASN          73      21.764      25.423
UATOM ALA          74       6.524      25.199
UATOM HID          75      27.186      29.447
UATOM SER          76      10.826      20.410
UATOM ALA          77       6.546      24.821
UATOM THR          78      19.091      33.914
UATOM THR          79      18.366      35.775
UATOM TRP          80      45.205      39.559
UATOM SER          81      11.983      23.316
UATOM GLY          82       2.521      12.859
UATOM GLN          83      27.234      32.688
UATOM TYR          84      39.799      36.665
UATOM VAL          85      18.351      42.548
UATOM GLY          86       2.475      11.574
UATOM GLY          87       2.479      12.531
UATOM ALA          88       6.363      25.965
UATOM GLU          89      23.763      21.221
UATOM ALA          90       6.481      25.155
UATOM ARG          91      40.254      53.591
UATOM ILE          92      24.550      49.942
UATOM ASN          93      20.518      25.434
UATOM THR          94      19.236      33.518
UATOM GLN          95      27.336      33.269
UATOM TRP          96      46.317      38.639
UATOM LEU          97      25.590      51.489
UATOM LEU          98      24.147      52.129
UATOM THR          99      19.737      35.199
UATOM SER         100      10.993      21.069
UATOM GLY         101       2.329      11.847
UATOM THR         102      18.177      33.514
UATOM THR         103      18.683      34.924
UATOM GLU         104      24.393      22.486
UATOM ALA         105       6.612      25.855
UATOM ASN         106      21.526      27.413
UATOM ALA         107       6.838      25.625
UATOM TRP         108      44.152      39.872
UATOM LYS         109      27.695      52.686
UATOM SER         110      11.474      20.484
UATOM THR         111      18.627      33.809
UATOM LEU         112      24.649      50.773
UATOM VAL         113      18.772      42.909
UATOM GLY         114       2.597      12.359
UATOM HID         115      28.120      28.832
UATOM ASP         116      20.097      14.402
UATOM THR         117      19.471      33.278
UATOM PHE         118      30.989      34.632
UATOM THR         119      18.574      33.482
UATOM LYS         120      27.146      52.653
UATOM VAL         121      16.821      44.267
UATOM LYS         122      26.395      52.616
UATOM PRO         123      12.143      26.834
UATOM SER         124      10.378      20.332
UATOM ALA         125       5.435      24.500
UATOM ALA         126       5.188      24.888
UATOM CSER        127      14.109      20.274
____________________________________________________________
Total Entropy FF (UA level) :        2347.147 J/mol/K
Total Entropy TT (UA level) :        3915.379 J/mol/K
------------------------------------------------------------
____________________________________________________________
Total Entropy                            :        6262.526
------------------------------------------------------------
