------------------------------------------------------------
            Hierarchy level. --> United Atom <--            
------------------------------------------------------------
      RESNAME   RESID  FF_ENTROPY  TT_ENTROPY
UATOM NALA          1       9.344      38.315
UATOM GLU           2      23.139      21.498
UATOM ALA           3       6.228      25.218
UATOM GLY           4       2.801      12.723
UATOM ILE           5      25.109      53.314
UATOM THR           6      18.760      32.924
UATOM GLY           7       2.661      13.955
UATOM THR           8      19.447      35.143
UATOM TRP           9      45.417      41.482
UATOM TYR          10      39.470      37.942
UATOM ALA          11       5.997      24.346
UATOM GLN          12      25.306      33.034
UATOM LEU          13      22.583      51.482
UATOM GLY          14       2.269      12.390
UATOM SER          15      10.517      21.239
UATOM THR          16      18.144      34.809
UATOM PHE          17      29.234      36.468
UATOM ILE          18      24.480      52.416
UATOM VAL          19      17.520      43.608
UATOM THR          20      19.074      34.959
UATOM ALA          21       6.711      26.786
UATOM GLY          22       2.430      13.685
UATOM ALA          23       6.511      25.734
UATOM ASP          24      18.377      14.521
UATOM GLY          25       2.639      13.724
UATOM ALA          26       6.500      25.169
UATOM LEU          27      24.622      52.038
UATOM THR          28      17.483      34.780
UATOM GLY          29       2.590      13.158
UATOM THR          30      18.509      35.390
UATOM TYR          31      39.747      37.527
UATOM GLU          32      25.129      22.057
UATOM SER          33      11.280      20.704
UATOM ALA          34       6.538      24.186
UATOM VAL          35      16.699      43.369
UATOM GLY          36       2.435      13.152
UATOM ASN          37      19.185      24.665
UATOM ALA          38       5.262      23.665
UATOM GLU          39      23.213      22.464
UATOM SER          40      10.726      19.930
UATOM ARG          41      39.468      57.729
UATOM TYR          42      39.233      38.774
UATOM VAL          43      18.591      44.330
UATOM LEU          44      23.599      52.025
UATOM THR          45      19.134      34.096
UATOM GLY          46       2.515      14.196
UATOM ARG          47      43.759      57.865
UATOM TYR          48      39.975      38.366
UATOM ASP          49      20.780      16.663
UATOM SER          50      11.458      21.918
UATOM ALA          51       6.228      24.735
UATOM PRO          52      12.366      26.707
UATOM ALA          53       6.174      25.747
UATOM THR          54      17.830      34.842
UATOM ASP          55      18.315      14.761
UATOM GLY          56       2.821      12.887
UATOM SER          57      10.437      20.372
UATOM GLY          58       2.369      13.232
UATOM THR          59      18.657      33.263
UATOM ALA          60       6.298      24.726
UATOM LEU          61      23.734      51.833
UATOM GLY          62       2.506      13.157
UATOM TRP          63      43.680      41.468
UATOM THR          64      19.634      35.445
UATOM VAL          65      19.214      45.097
UATOM ALA          66       6.641      26.646
UATOM TRP          67      46.938      41.730
UATOM LYS          68      27.983      52.657
UATOM ASN          69      21.180      26.489
UATOM ASN          70      20.929      26.740
UATOM TYR          71      37.805      38.902
UATOM ARG          72      38.321      54.982
UATOM ASN          73      21.176      25.607
UATOM ALA          74       6.302      26.284
UATOM HID          75      25.891      30.284
UATOM SER          76      12.007      23.339
UATOM ALA          77       6.785      24.256
UATOM THR          78      18.520      35.403
UATOM THR          79      17.524      35.931
UATOM TRP          80      45.087      41.905
UATOM SER          81      12.140      22.759
UATOM GLY          82       2.695      13.274
UATOM GLN          83      28.856      33.888
UATOM TYR          84      39.490      38.024
UATOM VAL          85      17.615      42.244
UATOM GLY          86       2.214      12.819
UATOM GLY          87       2.469      12.944
UATOM ALA          88       6.358      25.534
UATOM GLU          89      23.166      21.365
UATOM ALA          90       6.482      26.015
UATOM ARG          91      40.232      55.974
UATOM ILE          92      24.205      51.567
UATOM ASN          93      19.661      25.136
UATOM THR          94      18.906      34.783
UATOM GLN          95      27.863      34.404
UATOM TRP          96      44.312      42.194
UATOM LEU          97      24.605      52.291
UATOM LEU          98      24.352      52.815
UATOM THR          99      19.179      36.124
UATOM SER         100      11.617      21.713
UATOM GLY         101       2.526      13.058
UATOM THR         102      18.505      33.431
UATOM THR         103      18.738      36.304
UATOM GLU         104      24.336      22.453
UATOM ALA         105       7.086      25.316
UATOM ASN         106      21.276      26.980
UATOM ALA         107       6.984      26.543
UATOM TRP         108      44.011      40.666
UATOM LYS         109      28.563      53.879
UATOM SER         110      11.603      23.437
UATOM THR         111      18.960      36.787
UATOM LEU         112      24.353      51.497
UATOM VAL         113      17.895      42.982
UATOM GLY         114       2.657      12.754
UATOM HID         115      26.515      30.544
UATOM ASP         116      19.109      15.552
UATOM THR         117      18.200      34.130
UATOM PHE         118      30.600      35.416
UATOM THR         119      18.328      33.286
UATOM LYS         120      28.346      54.190
UATOM VAL         121      17.542      45.005
UATOM LYS         122      26.941      51.597
UATOM PRO         123      12.050      27.172
UATOM SER         124      10.722      20.609
UATOM ALA         125       5.433      24.569
UATOM ALA         126       5.621      24.239
UATOM CSER        127      13.999      19.481
____________________________________________________________
Total Entropy FF (UA level) :        2333.263 J/mol/K
Total Entropy TT (UA level) :        3987.108 J/mol/K
------------------------------------------------------------
____________________________________________________________
Total Entropy                            :        6320.371
------------------------------------------------------------
