------------------------------------------------------------
            Hierarchy level. --> United Atom <--            
------------------------------------------------------------
      RESNAME   RESID  FF_ENTROPY  TT_ENTROPY
UATOM NALA          1       9.323      38.312
UATOM GLU           2      21.443      20.815
UATOM ALA           3       5.139      24.312
UATOM GLY           4       2.092      11.627
UATOM ILE           5      21.604      51.328
UATOM THR           6      17.096      34.152
UATOM GLY           7       2.436      11.475
UATOM THR           8      16.611      32.621
UATOM TRP           9      36.771      37.541
UATOM TYR          10      32.936      35.393
UATOM ALA          11       5.693      24.289
UATOM GLN          12      23.883      32.149
UATOM LEU          13      21.316      50.117
UATOM GLY          14       2.256      11.786
UATOM SER          15       9.864      19.935
UATOM THR          16      16.303      32.714
UATOM PHE          17      25.560      33.180
UATOM ILE          18      21.203      50.641
UATOM VAL          19      15.825      41.809
UATOM THR          20      16.572      33.498
UATOM ALA          21       5.445      24.984
UATOM GLY          22       2.150      11.702
UATOM ALA          23       5.589      24.586
UATOM ASP          24      16.671      14.411
UATOM GLY          25       2.337      11.202
UATOM ALA          26       5.398      24.187
UATOM LEU          27      21.244      50.240
UATOM THR          28      16.640      32.896
UATOM GLY          29       2.324      11.389
UATOM THR          30      16.503      33.055
UATOM TYR          31      32.772      35.546
UATOM GLU          32      22.850      21.189
UATOM SER          33       9.600      19.839
UATOM ALA          34       5.445      25.199
UATOM VAL          35      15.905      43.117
UATOM GLY          36       2.296      12.053
UATOM ASN          37      18.380      25.036
UATOM ALA          38       5.377      24.413
UATOM GLU          39      21.902      21.510
UATOM SER          40       9.729      19.812
UATOM ARG          41      36.110      53.164
UATOM TYR          42      32.360      35.537
UATOM VAL          43      16.059      42.675
UATOM LEU          44      21.508      49.782
UATOM THR          45      16.648      33.400
UATOM GLY          46       2.550      11.597
UATOM ARG          47      36.843      53.700
UATOM TYR          48      31.986      34.449
UATOM ASP          49      18.138      14.640
UATOM SER          50       9.963      20.155
UATOM ALA          51       5.433      22.662
UATOM PRO          52      10.856      26.076
UATOM ALA          53       5.553      24.949
UATOM THR          54      16.854      33.335
UATOM ASP          55      17.239      14.850
UATOM GLY          56       2.088      11.625
UATOM SER          57       9.722      19.296
UATOM GLY          58       2.116      11.470
UATOM THR          59      16.776      32.851
UATOM ALA          60       5.873      25.888
UATOM LEU          61      21.065      49.055
UATOM GLY          62       2.350      11.230
UATOM TRP          63      36.814      38.735
UATOM THR          64      17.039      31.673
UATOM VAL          65      16.190      42.084
UATOM ALA          66       5.727      24.446
UATOM TRP          67      35.435      36.271
UATOM LYS          68      25.140      51.394
UATOM ASN          69      18.928      25.609
UATOM ASN          70      18.390      25.435
UATOM TYR          71      32.216      34.860
UATOM ARG          72      34.928      55.365
UATOM ASN          73      19.154      24.729
UATOM ALA          74       5.646      25.094
UATOM HID          75      21.173      26.096
UATOM SER          76       9.789      20.256
UATOM ALA          77       5.566      24.006
UATOM THR          78      16.701      32.231
UATOM THR          79      16.506      33.732
UATOM TRP          80      36.491      37.560
UATOM SER          81       9.859      21.591
UATOM GLY          82       2.478      11.508
UATOM GLN          83      25.329      32.326
UATOM TYR          84      32.374      35.839
UATOM VAL          85      16.669      43.199
UATOM GLY          86       2.209      11.474
UATOM GLY          87       2.226      11.413
UATOM ALA          88       5.743      24.875
UATOM GLU          89      22.267      20.962
UATOM ALA          90       5.643      24.034
UATOM ARG          91      35.514      54.124
UATOM ILE          92      21.669      49.839
UATOM ASN          93      19.045      25.792
UATOM THR          94      16.720      32.932
UATOM GLN          95      24.960      33.055
UATOM TRP          96      36.320      36.763
UATOM LEU          97      21.905      49.920
UATOM LEU          98      21.203      50.183
UATOM THR          99      16.986      33.955
UATOM SER         100       9.657      20.063
UATOM GLY         101       2.260      11.458
UATOM THR         102      16.747      33.011
UATOM THR         103      16.508      33.564
UATOM GLU         104      22.323      21.288
UATOM ALA         105       5.486      24.812
UATOM ASN         106      18.452      24.748
UATOM ALA         107       5.593      24.504
UATOM TRP         108      35.918      37.519
UATOM LYS         109      24.946      51.283
UATOM SER         110       9.770      20.600
UATOM THR         111      16.675      33.097
UATOM LEU         112      21.387      48.519
UATOM VAL         113      16.507      42.674
UATOM GLY         114       2.341      11.948
UATOM HID         115      21.868      26.286
UATOM ASP         116      17.671      14.393
UATOM THR         117      17.399      33.119
UATOM PHE         118      25.335      33.749
UATOM THR         119      16.451      33.735
UATOM LYS         120      25.670      52.299
UATOM VAL         121      15.998      43.560
UATOM LYS         122      25.175      50.444
UATOM PRO         123      10.640      26.081
UATOM SER         124       9.617      19.781
UATOM ALA         125       5.218      24.402
UATOM ALA         126       5.197      23.972
UATOM CSER        127      14.051      19.593
____________________________________________________________
Total Entropy FF (UA level) :        2046.385 J/mol/K
Total Entropy TT (UA level) :        3780.308 J/mol/K
------------------------------------------------------------
____________________________________________________________
Total Entropy                            :        5826.693
------------------------------------------------------------
------------------------------------------------------------
            Hierarchy level. --> United Atom <--            
------------------------------------------------------------
      RESNAME   RESID  FF_ENTROPY  TT_ENTROPY
UATOM NALA          1       9.419      37.945
UATOM GLU           2      22.092      21.064
UATOM ALA           3       5.481      24.242
UATOM GLY           4       2.263      11.505
UATOM ILE           5      21.295      50.661
UATOM THR           6      17.199      33.115
UATOM GLY           7       2.483      11.230
UATOM THR           8      17.216      32.087
UATOM TRP           9      36.624      36.625
UATOM TYR          10      32.704      34.140
UATOM ALA          11       5.487      23.907
UATOM GLN          12      23.734      32.222
UATOM LEU          13      20.914      49.841
UATOM GLY          14       2.147      11.421
UATOM SER          15       9.483      19.891
UATOM THR          16      16.884      32.972
UATOM PHE          17      24.463      32.560
UATOM ILE          18      21.468      50.569
UATOM VAL          19      15.940      41.946
UATOM THR          20      16.740      33.005
UATOM ALA          21       5.296      24.147
UATOM GLY          22       2.159      11.275
UATOM ALA          23       5.447      24.471
UATOM ASP          24      16.638      14.129
UATOM GLY          25       2.329      11.194
UATOM ALA          26       5.483      23.833
UATOM LEU          27      21.112      49.478
UATOM THR          28      16.731      32.922
UATOM GLY          29       2.538      11.216
UATOM THR          30      16.737      32.515
UATOM TYR          31      31.999      34.856
UATOM GLU          32      21.425      20.700
UATOM SER          33       9.276      19.843
UATOM ALA          34       5.090      24.655
UATOM VAL          35      15.834      43.517
UATOM GLY          36       2.205      11.575
UATOM ASN          37      18.085      24.971
UATOM ALA          38       5.341      24.729
UATOM GLU          39      21.731      21.485
UATOM SER          40       9.527      19.986
UATOM ARG          41      34.798      53.083
UATOM TYR          42      31.986      34.827
UATOM VAL          43      16.393      42.302
UATOM LEU          44      20.995      49.141
UATOM THR          45      16.530      33.113
UATOM GLY          46       2.316      11.591
UATOM ARG          47      36.976      52.785
UATOM TYR          48      32.249      34.413
UATOM ASP          49      17.758      14.567
UATOM SER          50       9.883      20.093
UATOM ALA          51       5.369      23.574
UATOM PRO          52      10.564      26.152
UATOM ALA          53       5.271      24.264
UATOM THR          54      16.449      32.856
UATOM ASP          55      16.175      14.237
UATOM GLY          56       2.144      11.527
UATOM SER          57       9.809      20.188
UATOM GLY          58       2.291      11.497
UATOM THR          59      16.686      32.331
UATOM ALA          60       5.777      24.822
UATOM LEU          61      21.291      49.552
UATOM GLY          62       2.299      11.618
UATOM TRP          63      36.816      37.238
UATOM THR          64      16.726      31.302
UATOM VAL          65      16.067      42.302
UATOM ALA          66       5.367      24.121
UATOM TRP          67      35.858      35.925
UATOM LYS          68      25.241      51.249
UATOM ASN          69      18.467      25.057
UATOM ASN          70      17.863      25.202
UATOM TYR          71      31.066      34.619
UATOM ARG          72      34.675      53.971
UATOM ASN          73      18.630      24.572
UATOM ALA          74       5.353      24.692
UATOM HID          75      20.827      26.342
UATOM SER          76       9.526      20.112
UATOM ALA          77       5.237      23.929
UATOM THR          78      16.384      32.329
UATOM THR          79      16.473      32.015
UATOM TRP          80      36.083      36.153
UATOM SER          81       9.924      20.860
UATOM GLY          82       2.366      11.430
UATOM GLN          83      24.429      32.086
UATOM TYR          84      32.502      34.809
UATOM VAL          85      16.787      42.188
UATOM GLY          86       2.272      11.501
UATOM GLY          87       2.200      11.426
UATOM ALA          88       5.569      24.932
UATOM GLU          89      21.787      20.982
UATOM ALA          90       5.332      24.116
UATOM ARG          91      34.712      53.551
UATOM ILE          92      21.928      49.268
UATOM ASN          93      19.303      24.963
UATOM THR          94      16.840      32.478
UATOM GLN          95      24.399      32.434
UATOM TRP          96      37.289      36.114
UATOM LEU          97      21.695      49.357
UATOM LEU          98      21.587      49.831
UATOM THR          99      16.743      33.120
UATOM SER         100       9.837      19.896
UATOM GLY         101       2.148      11.778
UATOM THR         102      16.784      33.176
UATOM THR         103      16.569      33.745
UATOM GLU         104      22.580      21.360
UATOM ALA         105       5.489      24.531
UATOM ASN         106      19.129      24.939
UATOM ALA         107       5.584      24.704
UATOM TRP         108      36.968      37.027
UATOM LYS         109      25.305      50.600
UATOM SER         110       9.977      20.893
UATOM THR         111      16.583      33.116
UATOM LEU         112      21.398      48.530
UATOM VAL         113      16.404      41.904
UATOM GLY         114       2.408      11.500
UATOM HID         115      21.931      26.097
UATOM ASP         116      17.694      13.967
UATOM THR         117      16.975      33.697
UATOM PHE         118      25.567      32.693
UATOM THR         119      16.817      33.030
UATOM LYS         120      25.199      51.225
UATOM VAL         121      15.545      42.792
UATOM LYS         122      24.469      50.757
UATOM PRO         123      10.292      26.141
UATOM SER         124       9.417      20.026
UATOM ALA         125       5.182      24.269
UATOM ALA         126       5.154      24.336
UATOM CSER        127      14.040      19.784
____________________________________________________________
Total Entropy FF (UA level) :        2032.798 J/mol/K
Total Entropy TT (UA level) :        3744.069 J/mol/K
------------------------------------------------------------
____________________________________________________________
Total Entropy                            :        5776.867
------------------------------------------------------------
------------------------------------------------------------
            Hierarchy level. --> United Atom <--            
------------------------------------------------------------
      RESNAME   RESID  FF_ENTROPY  TT_ENTROPY
UATOM NALA          1       8.944      38.089
UATOM GLU           2      21.276      20.900
UATOM ALA           3       5.305      24.390
UATOM GLY           4       2.240      11.717
UATOM ILE           5      22.134      50.794
UATOM THR           6      16.941      33.282
UATOM GLY           7       2.289      11.392
UATOM THR           8      16.453      32.805
UATOM TRP           9      37.295      36.255
UATOM TYR          10      31.988      34.667
UATOM ALA          11       5.384      24.095
UATOM GLN          12      23.417      32.021
UATOM LEU          13      21.042      50.267
UATOM GLY          14       2.277      11.556
UATOM SER          15       9.591      19.915
UATOM THR          16      16.931      32.957
UATOM PHE          17      25.147      32.368
UATOM ILE          18      21.637      50.576
UATOM VAL          19      15.874      41.326
UATOM THR          20      16.721      33.312
UATOM ALA          21       5.403      25.451
UATOM GLY          22       2.186      11.691
UATOM ALA          23       5.683      24.548
UATOM ASP          24      16.969      14.240
UATOM GLY          25       2.254      11.460
UATOM ALA          26       5.628      23.641
UATOM LEU          27      21.309      49.416
UATOM THR          28      16.715      32.904
UATOM GLY          29       2.365      11.175
UATOM THR          30      16.483      32.949
UATOM TYR          31      33.538      35.115
UATOM GLU          32      22.407      21.067
UATOM SER          33       9.654      20.334
UATOM ALA          34       5.235      24.708
UATOM VAL          35      15.997      43.171
UATOM GLY          36       2.203      11.712
UATOM ASN          37      18.217      24.391
UATOM ALA          38       5.639      24.596
UATOM GLU          39      22.047      21.436
UATOM SER          40       9.490      19.807
UATOM ARG          41      34.869      54.339
UATOM TYR          42      31.429      34.615
UATOM VAL          43      15.992      43.129
UATOM LEU          44      21.156      49.134
UATOM THR          45      16.687      33.782
UATOM GLY          46       2.538      11.297
UATOM ARG          47      36.603      52.407
UATOM TYR          48      31.647      34.589
UATOM ASP          49      18.069      14.101
UATOM SER          50       9.824      19.799
UATOM ALA          51       5.309      23.750
UATOM PRO          52      10.661      26.084
UATOM ALA          53       5.254      24.274
UATOM THR          54      16.756      33.204
UATOM ASP          55      16.789      14.407
UATOM GLY          56       2.183      11.294
UATOM SER          57       9.616      19.505
UATOM GLY          58       2.159      11.305
UATOM THR          59      17.090      32.619
UATOM ALA          60       5.865      25.094
UATOM LEU          61      21.450      48.014
UATOM GLY          62       2.393      11.099
UATOM TRP          63      36.337      36.870
UATOM THR          64      16.461      32.280
UATOM VAL          65      16.107      41.706
UATOM ALA          66       5.469      23.933
UATOM TRP          67      35.574      35.922
UATOM LYS          68      25.405      50.260
UATOM ASN          69      18.465      25.307
UATOM ASN          70      17.736      25.619
UATOM TYR          71      31.468      35.116
UATOM ARG          72      34.469      53.800
UATOM ASN          73      18.492      24.812
UATOM ALA          74       5.332      24.050
UATOM HID          75      21.655      25.765
UATOM SER          76       9.616      19.786
UATOM ALA          77       5.457      23.617
UATOM THR          78      16.564      31.759
UATOM THR          79      16.683      32.914
UATOM TRP          80      36.247      35.949
UATOM SER          81      10.235      20.416
UATOM GLY          82       2.262      10.820
UATOM GLN          83      24.707      31.481
UATOM TYR          84      32.510      35.170
UATOM VAL          85      15.774      42.402
UATOM GLY          86       2.243      11.206
UATOM GLY          87       2.220      11.409
UATOM ALA          88       5.368      24.808
UATOM GLU          89      21.920      21.045
UATOM ALA          90       5.583      24.216
UATOM ARG          91      35.820      53.627
UATOM ILE          92      21.936      49.581
UATOM ASN          93      18.302      25.015
UATOM THR          94      17.195      31.863
UATOM GLN          95      24.921      33.040
UATOM TRP          96      36.211      35.651
UATOM LEU          97      21.451      49.584
UATOM LEU          98      21.502      50.053
UATOM THR          99      17.062      32.660
UATOM SER         100       9.747      19.833
UATOM GLY         101       2.120      11.370
UATOM THR         102      16.779      33.174
UATOM THR         103      16.578      33.970
UATOM GLU         104      22.170      21.201
UATOM ALA         105       5.729      24.848
UATOM ASN         106      18.411      24.805
UATOM ALA         107       5.417      24.884
UATOM TRP         108      34.948      36.906
UATOM LYS         109      24.846      51.365
UATOM SER         110       9.612      20.311
UATOM THR         111      16.816      32.704
UATOM LEU         112      21.422      48.659
UATOM VAL         113      15.860      41.921
UATOM GLY         114       2.438      11.428
UATOM HID         115      22.615      26.152
UATOM ASP         116      16.867      14.035
UATOM THR         117      17.151      32.850
UATOM PHE         118      25.658      32.691
UATOM THR         119      16.877      33.580
UATOM LYS         120      25.091      51.752
UATOM VAL         121      15.745      43.107
UATOM LYS         122      23.937      50.770
UATOM PRO         123      10.412      26.461
UATOM SER         124       9.480      19.853
UATOM ALA         125       5.065      24.404
UATOM ALA         126       5.083      24.627
UATOM CSER        127      13.768      19.868
____________________________________________________________
Total Entropy FF (UA level) :        2032.048 J/mol/K
Total Entropy TT (UA level) :        3745.384 J/mol/K
------------------------------------------------------------
____________________________________________________________
Total Entropy                            :        5777.433
------------------------------------------------------------
------------------------------------------------------------
            Hierarchy level. --> United Atom <--            
------------------------------------------------------------
      RESNAME   RESID  FF_ENTROPY  TT_ENTROPY
UATOM NALA          1       8.939      38.129
UATOM GLU           2      21.460      21.115
UATOM ALA           3       5.193      24.225
UATOM GLY           4       2.146      11.456
UATOM ILE           5      21.691      50.506
UATOM THR           6      16.584      32.882
UATOM GLY           7       2.230      11.875
UATOM THR           8      16.986      32.956
UATOM TRP           9      36.140      36.758
UATOM TYR          10      32.053      34.402
UATOM ALA          11       5.227      24.482
UATOM GLN          12      23.530      31.778
UATOM LEU          13      20.753      50.119
UATOM GLY          14       2.177      11.508
UATOM SER          15       9.801      19.998
UATOM THR          16      16.957      32.623
UATOM PHE          17      24.649      32.712
UATOM ILE          18      21.225      50.427
UATOM VAL          19      16.431      41.741
UATOM THR          20      16.770      33.594
UATOM ALA          21       5.757      25.543
UATOM GLY          22       2.064      12.068
UATOM ALA          23       5.321      24.902
UATOM ASP          24      16.518      14.087
UATOM GLY          25       2.106      11.561
UATOM ALA          26       5.651      23.902
UATOM LEU          27      21.296      50.473
UATOM THR          28      16.544      33.615
UATOM GLY          29       2.327      12.089
UATOM THR          30      16.474      33.116
UATOM TYR          31      32.739      35.134
UATOM GLU          32      21.817      20.871
UATOM SER          33       9.719      20.248
UATOM ALA          34       5.320      24.625
UATOM VAL          35      15.893      43.329
UATOM GLY          36       2.194      11.384
UATOM ASN          37      17.745      24.313
UATOM ALA          38       5.524      24.406
UATOM GLU          39      22.010      21.044
UATOM SER          40       9.529      20.024
UATOM ARG          41      34.654      53.606
UATOM TYR          42      31.890      34.658
UATOM VAL          43      16.219      42.955
UATOM LEU          44      21.028      50.134
UATOM THR          45      16.500      33.228
UATOM GLY          46       2.225      11.842
UATOM ARG          47      36.280      53.416
UATOM TYR          48      32.021      34.262
UATOM ASP          49      17.685      14.149
UATOM SER          50      10.020      20.415
UATOM ALA          51       5.279      22.641
UATOM PRO          52      10.495      25.986
UATOM ALA          53       5.692      24.512
UATOM THR          54      16.702      33.923
UATOM ASP          55      16.867      14.477
UATOM GLY          56       2.108      12.249
UATOM SER          57       9.599      18.952
UATOM GLY          58       2.286      11.799
UATOM THR          59      16.497      32.543
UATOM ALA          60       5.402      25.374
UATOM LEU          61      21.313      49.443
UATOM GLY          62       2.355      11.534
UATOM TRP          63      35.304      37.161
UATOM THR          64      17.307      31.996
UATOM VAL          65      16.010      42.383
UATOM ALA          66       5.740      24.981
UATOM TRP          67      35.889      36.778
UATOM LYS          68      24.774      51.524
UATOM ASN          69      19.159      25.101
UATOM ASN          70      17.946      25.491
UATOM TYR          71      31.066      34.942
UATOM ARG          72      35.073      53.636
UATOM ASN          73      18.956      24.252
UATOM ALA          74       5.447      24.183
UATOM HID          75      21.033      25.958
UATOM SER          76       9.778      20.119
UATOM ALA          77       5.462      23.827
UATOM THR          78      16.886      32.378
UATOM THR          79      16.835      32.326
UATOM TRP          80      36.045      36.392
UATOM SER          81       9.894      20.777
UATOM GLY          82       2.357      11.023
UATOM GLN          83      24.453      32.082
UATOM TYR          84      32.768      34.028
UATOM VAL          85      16.161      42.070
UATOM GLY          86       2.205      11.601
UATOM GLY          87       2.152      11.497
UATOM ALA          88       5.584      24.683
UATOM GLU          89      22.074      21.328
UATOM ALA          90       5.533      24.232
UATOM ARG          91      35.601      53.460
UATOM ILE          92      21.123      49.717
UATOM ASN          93      17.963      25.373
UATOM THR          94      16.515      31.683
UATOM GLN          95      24.328      32.392
UATOM TRP          96      35.666      36.057
UATOM LEU          97      21.775      49.456
UATOM LEU          98      21.238      50.877
UATOM THR          99      17.188      33.067
UATOM SER         100       9.711      20.017
UATOM GLY         101       2.168      11.653
UATOM THR         102      16.604      34.034
UATOM THR         103      17.255      34.191
UATOM GLU         104      21.698      21.354
UATOM ALA         105       5.376      24.756
UATOM ASN         106      18.849      25.475
UATOM ALA         107       5.445      25.239
UATOM TRP         108      35.725      37.502
UATOM LYS         109      25.070      51.390
UATOM SER         110      10.093      20.646
UATOM THR         111      16.706      34.005
UATOM LEU         112      21.282      49.380
UATOM VAL         113      16.051      42.075
UATOM GLY         114       2.430      11.324
UATOM HID         115      22.181      25.827
UATOM ASP         116      17.501      14.083
UATOM THR         117      16.856      33.163
UATOM PHE         118      25.296      33.503
UATOM THR         119      16.956      33.223
UATOM LYS         120      24.520      51.715
UATOM VAL         121      15.653      43.514
UATOM LYS         122      24.566      51.284
UATOM PRO         123      10.394      25.975
UATOM SER         124       9.400      20.037
UATOM ALA         125       5.146      24.275
UATOM ALA         126       5.103      24.301
UATOM CSER        127      13.910      19.940
____________________________________________________________
Total Entropy FF (UA level) :        2025.835 J/mol/K
Total Entropy TT (UA level) :        3764.832 J/mol/K
------------------------------------------------------------
____________________________________________________________
Total Entropy                            :        5790.668
------------------------------------------------------------
------------------------------------------------------------
            Hierarchy level. --> United Atom <--            
------------------------------------------------------------
      RESNAME   RESID  FF_ENTROPY  TT_ENTROPY
UATOM NALA          1       9.309      38.199
UATOM GLU           2      21.372      20.965
UATOM ALA           3       5.190      24.142
UATOM GLY           4       2.233      11.752
UATOM ILE           5      21.771      51.919
UATOM THR           6      16.960      32.852
UATOM GLY           7       2.305      11.295
UATOM THR           8      17.037      32.442
UATOM TRP           9      35.033      36.312
UATOM TYR          10      31.241      34.342
UATOM ALA          11       5.515      24.221
UATOM GLN          12      23.913      32.103
UATOM LEU          13      20.615      49.972
UATOM GLY          14       2.198      11.732
UATOM SER          15       9.600      19.736
UATOM THR          16      16.414      32.706
UATOM PHE          17      24.908      32.384
UATOM ILE          18      20.948      50.575
UATOM VAL          19      16.452      41.464
UATOM THR          20      16.853      33.865
UATOM ALA          21       5.344      25.254
UATOM GLY          22       2.140      11.273
UATOM ALA          23       5.372      24.484
UATOM ASP          24      16.461      14.196
UATOM GLY          25       2.149      11.174
UATOM ALA          26       5.528      23.648
UATOM LEU          27      21.337      48.941
UATOM THR          28      16.469      33.394
UATOM GLY          29       2.500      11.704
UATOM THR          30      16.789      32.977
UATOM TYR          31      31.977      34.770
UATOM GLU          32      22.152      20.717
UATOM SER          33       9.686      19.773
UATOM ALA          34       5.306      24.620
UATOM VAL          35      15.249      42.998
UATOM GLY          36       2.196      11.770
UATOM ASN          37      17.888      24.888
UATOM ALA          38       5.710      24.927
UATOM GLU          39      22.105      21.818
UATOM SER          40      10.017      19.884
UATOM ARG          41      35.153      53.380
UATOM TYR          42      32.800      34.891
UATOM VAL          43      16.337      43.003
UATOM LEU          44      21.590      49.470
UATOM THR          45      16.659      33.331
UATOM GLY          46       2.247      11.104
UATOM ARG          47      35.839      53.397
UATOM TYR          48      31.752      33.734
UATOM ASP          49      18.065      14.061
UATOM SER          50       9.650      20.142
UATOM ALA          51       5.352      22.660
UATOM PRO          52      10.674      26.275
UATOM ALA          53       5.443      24.470
UATOM THR          54      16.134      33.676
UATOM ASP          55      16.381      14.189
UATOM GLY          56       2.200      11.519
UATOM SER          57       9.374      19.473
UATOM GLY          58       2.104      11.491
UATOM THR          59      16.812      33.345
UATOM ALA          60       5.420      25.172
UATOM LEU          61      20.969      47.793
UATOM GLY          62       2.171      11.065
UATOM TRP          63      36.192      36.965
UATOM THR          64      16.534      31.272
UATOM VAL          65      16.094      41.613
UATOM ALA          66       5.446      23.607
UATOM TRP          67      36.251      35.886
UATOM LYS          68      24.934      50.626
UATOM ASN          69      18.503      24.886
UATOM ASN          70      17.836      25.533
UATOM TYR          71      31.327      34.654
UATOM ARG          72      35.036      54.115
UATOM ASN          73      18.381      24.140
UATOM ALA          74       5.374      24.810
UATOM HID          75      20.251      26.170
UATOM SER          76       9.542      20.249
UATOM ALA          77       5.393      23.721
UATOM THR          78      16.973      31.803
UATOM THR          79      16.938      33.118
UATOM TRP          80      35.007      36.346
UATOM SER          81       9.954      21.024
UATOM GLY          82       2.428      11.410
UATOM GLN          83      24.581      31.824
UATOM TYR          84      31.939      35.333
UATOM VAL          85      15.660      42.674
UATOM GLY          86       2.042      11.608
UATOM GLY          87       2.140      11.289
UATOM ALA          88       5.324      24.508
UATOM GLU          89      21.269      20.874
UATOM ALA          90       5.463      24.129
UATOM ARG          91      35.532      53.715
UATOM ILE          92      21.375      50.096
UATOM ASN          93      18.278      24.967
UATOM THR          94      16.272      32.166
UATOM GLN          95      24.307      32.641
UATOM TRP          96      36.789      36.402
UATOM LEU          97      21.298      49.883
UATOM LEU          98      21.191      50.170
UATOM THR          99      16.904      32.920
UATOM SER         100       9.785      19.695
UATOM GLY         101       2.178      11.780
UATOM THR         102      16.477      33.160
UATOM THR         103      16.798      34.207
UATOM GLU         104      22.031      21.127
UATOM ALA         105       5.442      24.608
UATOM ASN         106      18.147      25.041
UATOM ALA         107       5.494      24.227
UATOM TRP         108      35.470      37.566
UATOM LYS         109      24.979      50.743
UATOM SER         110       9.505      20.951
UATOM THR         111      17.111      33.788
UATOM LEU         112      21.488      48.874
UATOM VAL         113      16.075      42.178
UATOM GLY         114       2.509      11.650
UATOM HID         115      21.141      26.473
UATOM ASP         116      17.391      14.314
UATOM THR         117      17.146      33.390
UATOM PHE         118      24.453      33.922
UATOM THR         119      16.584      32.813
UATOM LYS         120      25.130      50.523
UATOM VAL         121      15.856      43.168
UATOM LYS         122      24.099      50.228
UATOM PRO         123      10.295      26.013
UATOM SER         124       9.295      20.084
UATOM ALA         125       5.216      24.379
UATOM ALA         126       5.100      23.998
UATOM CSER        127      13.563      19.584
____________________________________________________________
Total Entropy FF (UA level) :        2016.884 J/mol/K
Total Entropy TT (UA level) :        3749.459 J/mol/K
------------------------------------------------------------
____________________________________________________________
Total Entropy                            :        5766.342
------------------------------------------------------------
