19.136443253751587
27.447186139021184
9.373511181791038
-0.0
21.00126377110051
16.388133539245278
-0.0
14.074953432270675
0.02933580125099658
8.971945639193176
9.748606548505816
23.961897139631645
26.66756641247036
-0.0
15.363330267481752
13.491523291315989
0.4639435727022114
30.27388972962743
22.232342755438967
20.891176284812826
9.723096870035585
-0.0
9.3602758091584
13.216143647623516
-0.0
9.229537806291345
27.52294769999103
25.952917019715105
-0.0
22.97512052735066
11.406738159248114
23.300792146946996
17.41990247864064
9.514681068754001
28.85074604620778
-0.0
15.112553624018314
9.209583191585931
19.573001279669587
16.61266193666481
19.531684536808893
8.800685711807349
19.457861092311592
26.851045787889188
25.92908223990239
-0.0
0.5524044142130021
6.805543432821896
5.888648371435827
13.954356455484385
11.230788026567163
12.88140889902872
9.389764338619418
24.969161769130523
13.404039898740198
-0.0
15.416631181645402
-0.0
16.28284015648921
9.236637776602645
25.005742096616395
-0.0
0.02933580125099658
9.210132143092931
20.490284367671862
9.286986710820647
0.02933580125099658
26.693684374068564
18.251765165312683
7.274827425769247
20.535283390272625
19.282776563310016
3.0781975825314083
9.29915106037901
0.21273542914674815
6.141617830349462
9.271004027124473
11.759095100066512
10.212303501772874
0.02933580125099658
8.246173350326472
-0.0
12.338228725463932
7.990841060928439
22.678872822764525
-0.0
-0.0
9.390240418740515
23.41656711174749
9.43276375639195
9.197221266953862
20.535802974842483
8.781619919232957
19.88208985899222
3.2202028996054777
0.02933580125099658
20.00715847846114
18.921297747746294
13.923084315891396
14.008496826980636
-0.0
21.775502140134563
21.894368757051733
27.229664196698135
9.249034616326572
8.682070555025572
9.434635796957954
0.02933580125099658
24.449402712121355
11.126598873803667
13.570660064623
20.908144417028645
18.346777194424803
-0.0
0.911930402211237
7.221664718635615
21.04070908451374
5.790175867080773
23.147781896253527
28.422430119482495
23.66765439901157
27.80348234837634
12.496782230327566
19.151810764437364
11.343641756970548
9.287746168179906
12.659154023000555
20.952894383419213
25.542463975273456
9.262144306092107
-0.0
21.468613755922924
16.951318213935632
-0.0
12.476550901412885
0.02933580125099658
8.90701431764099
9.854973711558296
20.107687562432933
25.21364526521063
-0.0
12.576355986578966
10.839797455281596
0.058670272720294604
27.267881725043445
18.829632242559974
20.942939331245462
9.552628146438517
-0.0
9.303213171854345
15.001734810964518
-0.0
9.232824677576032
26.841599109696833
25.734245555510714
-0.0
24.999527270205125
7.773462046028626
16.53318290386485
16.438336431913402
9.284488563306788
27.651811878522597
-0.0
14.289628743103721
9.256391179647409
18.47195391024504
13.116373673592959
14.20595174873005
8.89333633687759
18.648428324872096
22.842018536061897
26.95482342618768
-0.0
0.02933580125099658
6.963199988069451
0.02933580125099658
12.336309173813614
9.320347581292092
8.859006721109498
9.249427031311875
22.490781297459723
11.909555524302258
-0.0
5.402675615865334
-0.0
18.569025671003807
9.33703931330308
21.522575648692385
-0.0
0.02933580125099658
9.542607176122551
18.365987329145952
9.246682985057438
0.02933580125099658
22.118240611445366
3.107021965665002
13.720249449292558
15.627882508625529
20.17601121504883
5.572361531872934
9.313540554876647
1.9611386701572495
6.926202814438961
9.233416040638469
9.235795350013294
11.078758027990123
0.02933580125099658
9.068653670595685
-0.0
10.617056717378752
6.76368153767277
20.55412579520868
-0.0
-0.0
9.432734337048203
22.347434210981213
9.246629594590827
17.38222097262042
18.7396840892784
9.863894561841335
18.408028458494766
2.5486429366963583
0.02933580125099658
19.190255687391055
19.40408803295841
12.79438080316015
14.151170022811414
-0.0
20.710654415205873
17.57447006059391
27.40528104677687
9.301082935983176
7.067096787673221
9.258135407484403
0.02933580125099658
23.41630274044559
8.133969419950654
10.992830466440315
20.274051790453516
18.407187111803726
-0.0
5.609070036811038
6.256654839288777
19.95868891465363
0.058670272720294604
22.96112134320168
24.762106387604277
23.681974361951237
25.89502238121714
11.007746005291114
19.67528832479372
9.275518671253401
9.231664092823141
13.27282859718978
18.979292544817504
25.18476128962385
9.232592621615236
-0.0
20.76190544527237
16.649378392238997
-0.0
12.258962285271858
5.790175867080773
8.841610776916857
10.025336459675732
15.397824709317934
26.605128441409583
-0.0
15.8448042194664
17.36006907277779
0.19890941298875664
29.665089445782918
21.81115874339361
17.992016736734232
9.704765390576094
-0.0
9.262696188010612
12.938777911783644
-0.0
9.206616483262884
26.47882511707986
25.995536122923298
-0.0
19.630762755020218
8.669759993805487
21.862112464726096
14.931715536087044
9.428290100620695
27.062429598883433
-0.0
8.997056593961297
9.620383771195637
22.118456524504595
17.459687835689458
13.594213237537812
7.938140365871052
19.301304165026103
20.346639031865504
22.854106420823065
-0.0
0.02933580125099658
6.684062362916956
6.248513673022888
10.88314665366585
9.339072900519762
10.419710469068812
11.381456248294933
24.26906419697565
16.451756503479817
-0.0
12.485046884396928
-0.0
17.20679017803957
9.383674496575308
23.70118618521835
-0.0
0.02933580125099658
9.385790503337516
18.604890086747716
9.232244494706936
0.02933580125099658
26.162093643576824
8.735458398074787
15.587481804390722
24.726030587538002
24.028689652110824
9.093538402661672
9.591006403195369
1.553784373909984
7.689403976059857
9.17329754058603
10.988764653395114
9.921060451698215
0.02933580125099658
5.670842266928575
-0.0
12.572217905352352
7.634981515789501
20.50024402517273
-0.0
-0.0
9.339722537002688
24.831287900522597
9.283659835025363
13.746123415857085
18.81485321978549
11.288546211195989
13.420266034774983
3.5133628794168685
0.02933580125099658
24.685291214617163
19.798443225269597
15.258849272588305
14.543347851854426
-0.0
22.125819961009675
20.386422894649467
28.11691286785727
9.278662473839134
8.291210440785544
9.364686003388305
0.02933580125099658
23.727648506871844
10.661566062946262
12.412721229620775
20.84254686313953
18.34379475240919
-0.0
5.661051368823492
7.361715188622911
19.682026262067296
0.02933580125099658
23.639967929578575
24.51390919954082
24.397380936998353
27.319789539888266
12.306421347248024
18.54820340565854
9.330132278131142
11.091283672368599
14.084758194329856
20.93564473702904
24.467701327305534
9.209798398267223
-0.0
20.112135211692458
16.961511462634178
-0.0
13.277146229398532
0.02933580125099658
8.923395834248765
10.11980386553427
20.07532962595834
26.933693528535397
-0.0
13.7044512334237
13.127778756312036
0.02933580125099658
29.638298438878362
21.075783029418936
21.380417320287535
9.905781971972324
-0.0
11.263323496241513
12.802194677606966
-0.0
11.241573693780682
29.875082789322637
26.069091047385673
-0.0
22.44325126043161
7.571364463324607
24.28952079807954
15.545285330638679
9.5330361181437
28.94230149491147
-0.0
8.928054430924947
9.362054474751524
23.620513167972423
18.231902686931036
13.804925438025746
9.013693280426018
18.6266229072183
21.906968547909095
24.869315813656
-0.0
0.26654559559085933
6.621997656084875
2.5511756388506037
17.46143680263566
9.405237319287139
11.608577233034323
11.21316309929151
26.53578034950049
16.09326550019664
-0.0
14.68089757125632
-0.0
21.23032950723061
9.31807621146332
24.343405077344194
-0.0
0.02933580125099658
14.140952201200141
18.456389254900728
9.258898960155005
0.02933580125099658
26.198957273727142
10.375558371825962
21.30710576605024
20.5806698995539
19.15777771503141
18.384184015813094
9.529938700112357
0.5662935519382687
9.700344296503498
11.400563272471441
10.858844367059838
19.591649838376167
0.02933580125099658
7.331858309403222
-0.0
16.382559234053517
7.363727945857255
22.766714110587763
-0.0
-0.0
9.297859032373577
23.90085273162623
9.283829566525005
12.462545170646255
18.63241523947543
14.565770310166172
17.9082648529323
14.692424137790765
0.02933580125099658
21.816066725635356
22.53234392817009
14.358922044096492
12.939449512445842
-0.0
20.61574590078549
20.516536202502326
26.997510193302276
9.234556239234998
3.921096426771884
9.262018103330849
0.02933580125099658
21.371568579400158
12.985169783577168
17.326887771178427
21.39615753484943
18.30430203220339
-0.0
0.02933580125099658
6.522534623727839
17.13954010481445
0.02933580125099658
23.05229653228906
23.879474304854913
23.66301398489132
27.24103942709311
12.871005084733854
18.968471486335186
9.377851785156624
11.269712207813736
13.521680040578786
