0 	 0 	Conformational	 19.136443253751587
0 	 1 	Conformational	 27.447186139021184
0 	 2 	Conformational	 9.373511181791038
0 	 3 	Conformational	 -0.0
0 	 4 	Conformational	 21.00126377110051
0 	 5 	Conformational	 16.388133539245278
0 	 6 	Conformational	 -0.0
0 	 7 	Conformational	 14.074953432270675
0 	 8 	Conformational	 0.02933580125099658
0 	 9 	Conformational	 8.971945639193176
0 	 10 	Conformational	 9.748606548505816
0 	 11 	Conformational	 23.961897139631645
0 	 12 	Conformational	 26.66756641247036
0 	 13 	Conformational	 -0.0
0 	 14 	Conformational	 15.363330267481752
0 	 15 	Conformational	 13.491523291315989
0 	 16 	Conformational	 0.4639435727022114
0 	 17 	Conformational	 30.27388972962743
0 	 18 	Conformational	 22.232342755438967
0 	 19 	Conformational	 20.891176284812826
0 	 20 	Conformational	 9.723096870035585
0 	 21 	Conformational	 -0.0
0 	 22 	Conformational	 9.3602758091584
0 	 23 	Conformational	 13.216143647623516
0 	 24 	Conformational	 -0.0
0 	 25 	Conformational	 9.229537806291345
0 	 26 	Conformational	 27.52294769999103
0 	 27 	Conformational	 25.952917019715105
0 	 28 	Conformational	 -0.0
0 	 29 	Conformational	 22.97512052735066
0 	 30 	Conformational	 11.406738159248114
0 	 31 	Conformational	 23.300792146946996
0 	 32 	Conformational	 17.41990247864064
0 	 33 	Conformational	 9.514681068754001
0 	 34 	Conformational	 28.85074604620778
0 	 35 	Conformational	 -0.0
0 	 36 	Conformational	 15.112553624018314
0 	 37 	Conformational	 9.209583191585931
0 	 38 	Conformational	 19.573001279669587
0 	 39 	Conformational	 16.61266193666481
0 	 40 	Conformational	 19.531684536808893
0 	 41 	Conformational	 8.800685711807349
0 	 42 	Conformational	 19.457861092311592
0 	 43 	Conformational	 26.851045787889188
0 	 44 	Conformational	 25.92908223990239
0 	 45 	Conformational	 -0.0
0 	 46 	Conformational	 0.5524044142130021
0 	 47 	Conformational	 6.805543432821896
0 	 48 	Conformational	 5.888648371435827
0 	 49 	Conformational	 13.954356455484385
0 	 50 	Conformational	 11.230788026567163
0 	 51 	Conformational	 12.88140889902872
0 	 52 	Conformational	 9.389764338619418
0 	 53 	Conformational	 24.969161769130523
0 	 54 	Conformational	 13.404039898740198
0 	 55 	Conformational	 -0.0
0 	 56 	Conformational	 15.416631181645402
0 	 57 	Conformational	 -0.0
0 	 58 	Conformational	 16.28284015648921
0 	 59 	Conformational	 9.236637776602645
0 	 60 	Conformational	 25.005742096616395
0 	 61 	Conformational	 -0.0
0 	 62 	Conformational	 0.02933580125099658
0 	 63 	Conformational	 9.210132143092931
0 	 64 	Conformational	 20.490284367671862
0 	 65 	Conformational	 9.286986710820647
0 	 66 	Conformational	 0.02933580125099658
0 	 67 	Conformational	 26.693684374068564
0 	 68 	Conformational	 18.251765165312683
0 	 69 	Conformational	 7.274827425769247
0 	 70 	Conformational	 20.535283390272625
0 	 71 	Conformational	 19.282776563310016
0 	 72 	Conformational	 3.0781975825314083
0 	 73 	Conformational	 9.29915106037901
0 	 74 	Conformational	 0.21273542914674815
0 	 75 	Conformational	 6.141617830349462
0 	 76 	Conformational	 9.271004027124473
0 	 77 	Conformational	 11.759095100066512
0 	 78 	Conformational	 10.212303501772874
0 	 79 	Conformational	 0.02933580125099658
0 	 80 	Conformational	 8.246173350326472
0 	 81 	Conformational	 -0.0
0 	 82 	Conformational	 12.338228725463932
0 	 83 	Conformational	 7.990841060928439
0 	 84 	Conformational	 22.678872822764525
0 	 85 	Conformational	 -0.0
0 	 86 	Conformational	 -0.0
0 	 87 	Conformational	 9.390240418740515
0 	 88 	Conformational	 23.41656711174749
0 	 89 	Conformational	 9.43276375639195
0 	 90 	Conformational	 9.197221266953862
0 	 91 	Conformational	 20.535802974842483
0 	 92 	Conformational	 8.781619919232957
0 	 93 	Conformational	 19.88208985899222
0 	 94 	Conformational	 3.2202028996054777
0 	 95 	Conformational	 0.02933580125099658
0 	 96 	Conformational	 20.00715847846114
0 	 97 	Conformational	 18.921297747746294
0 	 98 	Conformational	 13.923084315891396
0 	 99 	Conformational	 14.008496826980636
0 	 100 	Conformational	 -0.0
0 	 101 	Conformational	 21.775502140134563
0 	 102 	Conformational	 21.894368757051733
0 	 103 	Conformational	 27.229664196698135
0 	 104 	Conformational	 9.249034616326572
0 	 105 	Conformational	 8.682070555025572
0 	 106 	Conformational	 9.434635796957954
0 	 107 	Conformational	 0.02933580125099658
0 	 108 	Conformational	 24.449402712121355
0 	 109 	Conformational	 11.126598873803667
0 	 110 	Conformational	 13.570660064623
0 	 111 	Conformational	 20.908144417028645
0 	 112 	Conformational	 18.346777194424803
0 	 113 	Conformational	 -0.0
0 	 114 	Conformational	 0.911930402211237
0 	 115 	Conformational	 7.221664718635615
0 	 116 	Conformational	 21.04070908451374
0 	 117 	Conformational	 5.790175867080773
0 	 118 	Conformational	 23.147781896253527
0 	 119 	Conformational	 28.422430119482495
0 	 120 	Conformational	 23.66765439901157
0 	 121 	Conformational	 27.80348234837634
0 	 122 	Conformational	 12.496782230327566
0 	 123 	Conformational	 19.151810764437364
0 	 124 	Conformational	 11.343641756970548
0 	 125 	Conformational	 9.287746168179906
0 	 126 	Conformational	 12.659154023000555
0 	 0 	Conformational	 20.952894383419213
0 	 1 	Conformational	 25.542463975273456
0 	 2 	Conformational	 9.262144306092107
0 	 3 	Conformational	 -0.0
0 	 4 	Conformational	 21.468613755922924
0 	 5 	Conformational	 16.951318213935632
0 	 6 	Conformational	 -0.0
0 	 7 	Conformational	 12.476550901412885
0 	 8 	Conformational	 0.02933580125099658
0 	 9 	Conformational	 8.90701431764099
0 	 10 	Conformational	 9.854973711558296
0 	 11 	Conformational	 20.107687562432933
0 	 12 	Conformational	 25.21364526521063
0 	 13 	Conformational	 -0.0
0 	 14 	Conformational	 12.576355986578966
0 	 15 	Conformational	 10.839797455281596
0 	 16 	Conformational	 0.058670272720294604
0 	 17 	Conformational	 27.267881725043445
0 	 18 	Conformational	 18.829632242559974
0 	 19 	Conformational	 20.942939331245462
0 	 20 	Conformational	 9.552628146438517
0 	 21 	Conformational	 -0.0
0 	 22 	Conformational	 9.303213171854345
0 	 23 	Conformational	 15.001734810964518
0 	 24 	Conformational	 -0.0
0 	 25 	Conformational	 9.232824677576032
0 	 26 	Conformational	 26.841599109696833
0 	 27 	Conformational	 25.734245555510714
0 	 28 	Conformational	 -0.0
0 	 29 	Conformational	 24.999527270205125
0 	 30 	Conformational	 7.773462046028626
0 	 31 	Conformational	 16.53318290386485
0 	 32 	Conformational	 16.438336431913402
0 	 33 	Conformational	 9.284488563306788
0 	 34 	Conformational	 27.651811878522597
0 	 35 	Conformational	 -0.0
0 	 36 	Conformational	 14.289628743103721
0 	 37 	Conformational	 9.256391179647409
0 	 38 	Conformational	 18.47195391024504
0 	 39 	Conformational	 13.116373673592959
0 	 40 	Conformational	 14.20595174873005
0 	 41 	Conformational	 8.89333633687759
0 	 42 	Conformational	 18.648428324872096
0 	 43 	Conformational	 22.842018536061897
0 	 44 	Conformational	 26.95482342618768
0 	 45 	Conformational	 -0.0
0 	 46 	Conformational	 0.02933580125099658
0 	 47 	Conformational	 6.963199988069451
0 	 48 	Conformational	 0.02933580125099658
0 	 49 	Conformational	 12.336309173813614
0 	 50 	Conformational	 9.320347581292092
0 	 51 	Conformational	 8.859006721109498
0 	 52 	Conformational	 9.249427031311875
0 	 53 	Conformational	 22.490781297459723
0 	 54 	Conformational	 11.909555524302258
0 	 55 	Conformational	 -0.0
0 	 56 	Conformational	 5.402675615865334
0 	 57 	Conformational	 -0.0
0 	 58 	Conformational	 18.569025671003807
0 	 59 	Conformational	 9.33703931330308
0 	 60 	Conformational	 21.522575648692385
0 	 61 	Conformational	 -0.0
0 	 62 	Conformational	 0.02933580125099658
0 	 63 	Conformational	 9.542607176122551
0 	 64 	Conformational	 18.365987329145952
0 	 65 	Conformational	 9.246682985057438
0 	 66 	Conformational	 0.02933580125099658
0 	 67 	Conformational	 22.118240611445366
0 	 68 	Conformational	 3.107021965665002
0 	 69 	Conformational	 13.720249449292558
0 	 70 	Conformational	 15.627882508625529
0 	 71 	Conformational	 20.17601121504883
0 	 72 	Conformational	 5.572361531872934
0 	 73 	Conformational	 9.313540554876647
0 	 74 	Conformational	 1.9611386701572495
0 	 75 	Conformational	 6.926202814438961
0 	 76 	Conformational	 9.233416040638469
0 	 77 	Conformational	 9.235795350013294
0 	 78 	Conformational	 11.078758027990123
0 	 79 	Conformational	 0.02933580125099658
0 	 80 	Conformational	 9.068653670595685
0 	 81 	Conformational	 -0.0
0 	 82 	Conformational	 10.617056717378752
0 	 83 	Conformational	 6.76368153767277
0 	 84 	Conformational	 20.55412579520868
0 	 85 	Conformational	 -0.0
0 	 86 	Conformational	 -0.0
0 	 87 	Conformational	 9.432734337048203
0 	 88 	Conformational	 22.347434210981213
0 	 89 	Conformational	 9.246629594590827
0 	 90 	Conformational	 17.38222097262042
0 	 91 	Conformational	 18.7396840892784
0 	 92 	Conformational	 9.863894561841335
0 	 93 	Conformational	 18.408028458494766
0 	 94 	Conformational	 2.5486429366963583
0 	 95 	Conformational	 0.02933580125099658
0 	 96 	Conformational	 19.190255687391055
0 	 97 	Conformational	 19.40408803295841
0 	 98 	Conformational	 12.79438080316015
0 	 99 	Conformational	 14.151170022811414
0 	 100 	Conformational	 -0.0
0 	 101 	Conformational	 20.710654415205873
0 	 102 	Conformational	 17.57447006059391
0 	 103 	Conformational	 27.40528104677687
0 	 104 	Conformational	 9.301082935983176
0 	 105 	Conformational	 7.067096787673221
0 	 106 	Conformational	 9.258135407484403
0 	 107 	Conformational	 0.02933580125099658
0 	 108 	Conformational	 23.41630274044559
0 	 109 	Conformational	 8.133969419950654
0 	 110 	Conformational	 10.992830466440315
0 	 111 	Conformational	 20.274051790453516
0 	 112 	Conformational	 18.407187111803726
0 	 113 	Conformational	 -0.0
0 	 114 	Conformational	 5.609070036811038
0 	 115 	Conformational	 6.256654839288777
0 	 116 	Conformational	 19.95868891465363
0 	 117 	Conformational	 0.058670272720294604
0 	 118 	Conformational	 22.96112134320168
0 	 119 	Conformational	 24.762106387604277
0 	 120 	Conformational	 23.681974361951237
0 	 121 	Conformational	 25.89502238121714
0 	 122 	Conformational	 11.007746005291114
0 	 123 	Conformational	 19.67528832479372
0 	 124 	Conformational	 9.275518671253401
0 	 125 	Conformational	 9.231664092823141
0 	 126 	Conformational	 13.27282859718978
0 	 0 	Conformational	 18.979292544817504
0 	 1 	Conformational	 25.18476128962385
0 	 2 	Conformational	 9.232592621615236
0 	 3 	Conformational	 -0.0
0 	 4 	Conformational	 20.76190544527237
0 	 5 	Conformational	 16.649378392238997
0 	 6 	Conformational	 -0.0
0 	 7 	Conformational	 12.258962285271858
0 	 8 	Conformational	 5.790175867080773
0 	 9 	Conformational	 8.841610776916857
0 	 10 	Conformational	 10.025336459675732
0 	 11 	Conformational	 15.397824709317934
0 	 12 	Conformational	 26.605128441409583
0 	 13 	Conformational	 -0.0
0 	 14 	Conformational	 15.8448042194664
0 	 15 	Conformational	 17.36006907277779
0 	 16 	Conformational	 0.19890941298875664
0 	 17 	Conformational	 29.665089445782918
0 	 18 	Conformational	 21.81115874339361
0 	 19 	Conformational	 17.992016736734232
0 	 20 	Conformational	 9.704765390576094
0 	 21 	Conformational	 -0.0
0 	 22 	Conformational	 9.262696188010612
0 	 23 	Conformational	 12.938777911783644
0 	 24 	Conformational	 -0.0
0 	 25 	Conformational	 9.206616483262884
0 	 26 	Conformational	 26.47882511707986
0 	 27 	Conformational	 25.995536122923298
0 	 28 	Conformational	 -0.0
0 	 29 	Conformational	 19.630762755020218
0 	 30 	Conformational	 8.669759993805487
0 	 31 	Conformational	 21.862112464726096
0 	 32 	Conformational	 14.931715536087044
0 	 33 	Conformational	 9.428290100620695
0 	 34 	Conformational	 27.062429598883433
0 	 35 	Conformational	 -0.0
0 	 36 	Conformational	 8.997056593961297
0 	 37 	Conformational	 9.620383771195637
0 	 38 	Conformational	 22.118456524504595
0 	 39 	Conformational	 17.459687835689458
0 	 40 	Conformational	 13.594213237537812
0 	 41 	Conformational	 7.938140365871052
0 	 42 	Conformational	 19.301304165026103
0 	 43 	Conformational	 20.346639031865504
0 	 44 	Conformational	 22.854106420823065
0 	 45 	Conformational	 -0.0
0 	 46 	Conformational	 0.02933580125099658
0 	 47 	Conformational	 6.684062362916956
0 	 48 	Conformational	 6.248513673022888
0 	 49 	Conformational	 10.88314665366585
0 	 50 	Conformational	 9.339072900519762
0 	 51 	Conformational	 10.419710469068812
0 	 52 	Conformational	 11.381456248294933
0 	 53 	Conformational	 24.26906419697565
0 	 54 	Conformational	 16.451756503479817
0 	 55 	Conformational	 -0.0
0 	 56 	Conformational	 12.485046884396928
0 	 57 	Conformational	 -0.0
0 	 58 	Conformational	 17.20679017803957
0 	 59 	Conformational	 9.383674496575308
0 	 60 	Conformational	 23.70118618521835
0 	 61 	Conformational	 -0.0
0 	 62 	Conformational	 0.02933580125099658
0 	 63 	Conformational	 9.385790503337516
0 	 64 	Conformational	 18.604890086747716
0 	 65 	Conformational	 9.232244494706936
0 	 66 	Conformational	 0.02933580125099658
0 	 67 	Conformational	 26.162093643576824
0 	 68 	Conformational	 8.735458398074787
0 	 69 	Conformational	 15.587481804390722
0 	 70 	Conformational	 24.726030587538002
0 	 71 	Conformational	 24.028689652110824
0 	 72 	Conformational	 9.093538402661672
0 	 73 	Conformational	 9.591006403195369
0 	 74 	Conformational	 1.553784373909984
0 	 75 	Conformational	 7.689403976059857
0 	 76 	Conformational	 9.17329754058603
0 	 77 	Conformational	 10.988764653395114
0 	 78 	Conformational	 9.921060451698215
0 	 79 	Conformational	 0.02933580125099658
0 	 80 	Conformational	 5.670842266928575
0 	 81 	Conformational	 -0.0
0 	 82 	Conformational	 12.572217905352352
0 	 83 	Conformational	 7.634981515789501
0 	 84 	Conformational	 20.50024402517273
0 	 85 	Conformational	 -0.0
0 	 86 	Conformational	 -0.0
0 	 87 	Conformational	 9.339722537002688
0 	 88 	Conformational	 24.831287900522597
0 	 89 	Conformational	 9.283659835025363
0 	 90 	Conformational	 13.746123415857085
0 	 91 	Conformational	 18.81485321978549
0 	 92 	Conformational	 11.288546211195989
0 	 93 	Conformational	 13.420266034774983
0 	 94 	Conformational	 3.5133628794168685
0 	 95 	Conformational	 0.02933580125099658
0 	 96 	Conformational	 24.685291214617163
0 	 97 	Conformational	 19.798443225269597
0 	 98 	Conformational	 15.258849272588305
0 	 99 	Conformational	 14.543347851854426
0 	 100 	Conformational	 -0.0
0 	 101 	Conformational	 22.125819961009675
0 	 102 	Conformational	 20.386422894649467
0 	 103 	Conformational	 28.11691286785727
0 	 104 	Conformational	 9.278662473839134
0 	 105 	Conformational	 8.291210440785544
0 	 106 	Conformational	 9.364686003388305
0 	 107 	Conformational	 0.02933580125099658
0 	 108 	Conformational	 23.727648506871844
0 	 109 	Conformational	 10.661566062946262
0 	 110 	Conformational	 12.412721229620775
0 	 111 	Conformational	 20.84254686313953
0 	 112 	Conformational	 18.34379475240919
0 	 113 	Conformational	 -0.0
0 	 114 	Conformational	 5.661051368823492
0 	 115 	Conformational	 7.361715188622911
0 	 116 	Conformational	 19.682026262067296
0 	 117 	Conformational	 0.02933580125099658
0 	 118 	Conformational	 23.639967929578575
0 	 119 	Conformational	 24.51390919954082
0 	 120 	Conformational	 24.397380936998353
0 	 121 	Conformational	 27.319789539888266
0 	 122 	Conformational	 12.306421347248024
0 	 123 	Conformational	 18.54820340565854
0 	 124 	Conformational	 9.330132278131142
0 	 125 	Conformational	 11.091283672368599
0 	 126 	Conformational	 14.084758194329856
0 	 0 	Conformational	 20.93564473702904
0 	 1 	Conformational	 24.467701327305534
0 	 2 	Conformational	 9.209798398267223
0 	 3 	Conformational	 -0.0
0 	 4 	Conformational	 20.112135211692458
0 	 5 	Conformational	 16.961511462634178
0 	 6 	Conformational	 -0.0
0 	 7 	Conformational	 13.277146229398532
0 	 8 	Conformational	 0.02933580125099658
0 	 9 	Conformational	 8.923395834248765
0 	 10 	Conformational	 10.11980386553427
0 	 11 	Conformational	 20.07532962595834
0 	 12 	Conformational	 26.933693528535397
0 	 13 	Conformational	 -0.0
0 	 14 	Conformational	 13.7044512334237
0 	 15 	Conformational	 13.127778756312036
0 	 16 	Conformational	 0.02933580125099658
0 	 17 	Conformational	 29.638298438878362
0 	 18 	Conformational	 21.075783029418936
0 	 19 	Conformational	 21.380417320287535
0 	 20 	Conformational	 9.905781971972324
0 	 21 	Conformational	 -0.0
0 	 22 	Conformational	 11.263323496241513
0 	 23 	Conformational	 12.802194677606966
0 	 24 	Conformational	 -0.0
0 	 25 	Conformational	 11.241573693780682
0 	 26 	Conformational	 29.875082789322637
0 	 27 	Conformational	 26.069091047385673
0 	 28 	Conformational	 -0.0
0 	 29 	Conformational	 22.44325126043161
0 	 30 	Conformational	 7.571364463324607
0 	 31 	Conformational	 24.28952079807954
0 	 32 	Conformational	 15.545285330638679
0 	 33 	Conformational	 9.5330361181437
0 	 34 	Conformational	 28.94230149491147
0 	 35 	Conformational	 -0.0
0 	 36 	Conformational	 8.928054430924947
0 	 37 	Conformational	 9.362054474751524
0 	 38 	Conformational	 23.620513167972423
0 	 39 	Conformational	 18.231902686931036
0 	 40 	Conformational	 13.804925438025746
0 	 41 	Conformational	 9.013693280426018
0 	 42 	Conformational	 18.6266229072183
0 	 43 	Conformational	 21.906968547909095
0 	 44 	Conformational	 24.869315813656
0 	 45 	Conformational	 -0.0
0 	 46 	Conformational	 0.26654559559085933
0 	 47 	Conformational	 6.621997656084875
0 	 48 	Conformational	 2.5511756388506037
0 	 49 	Conformational	 17.46143680263566
0 	 50 	Conformational	 9.405237319287139
0 	 51 	Conformational	 11.608577233034323
0 	 52 	Conformational	 11.21316309929151
0 	 53 	Conformational	 26.53578034950049
0 	 54 	Conformational	 16.09326550019664
0 	 55 	Conformational	 -0.0
0 	 56 	Conformational	 14.68089757125632
0 	 57 	Conformational	 -0.0
0 	 58 	Conformational	 21.23032950723061
0 	 59 	Conformational	 9.31807621146332
0 	 60 	Conformational	 24.343405077344194
0 	 61 	Conformational	 -0.0
0 	 62 	Conformational	 0.02933580125099658
0 	 63 	Conformational	 14.140952201200141
0 	 64 	Conformational	 18.456389254900728
0 	 65 	Conformational	 9.258898960155005
0 	 66 	Conformational	 0.02933580125099658
0 	 67 	Conformational	 26.198957273727142
0 	 68 	Conformational	 10.375558371825962
0 	 69 	Conformational	 21.30710576605024
0 	 70 	Conformational	 20.5806698995539
0 	 71 	Conformational	 19.15777771503141
0 	 72 	Conformational	 18.384184015813094
0 	 73 	Conformational	 9.529938700112357
0 	 74 	Conformational	 0.5662935519382687
0 	 75 	Conformational	 9.700344296503498
0 	 76 	Conformational	 11.400563272471441
0 	 77 	Conformational	 10.858844367059838
0 	 78 	Conformational	 19.591649838376167
0 	 79 	Conformational	 0.02933580125099658
0 	 80 	Conformational	 7.331858309403222
0 	 81 	Conformational	 -0.0
0 	 82 	Conformational	 16.382559234053517
0 	 83 	Conformational	 7.363727945857255
0 	 84 	Conformational	 22.766714110587763
0 	 85 	Conformational	 -0.0
0 	 86 	Conformational	 -0.0
0 	 87 	Conformational	 9.297859032373577
0 	 88 	Conformational	 23.90085273162623
0 	 89 	Conformational	 9.283829566525005
0 	 90 	Conformational	 12.462545170646255
0 	 91 	Conformational	 18.63241523947543
0 	 92 	Conformational	 14.565770310166172
0 	 93 	Conformational	 17.9082648529323
0 	 94 	Conformational	 14.692424137790765
0 	 95 	Conformational	 0.02933580125099658
0 	 96 	Conformational	 21.816066725635356
0 	 97 	Conformational	 22.53234392817009
0 	 98 	Conformational	 14.358922044096492
0 	 99 	Conformational	 12.939449512445842
0 	 100 	Conformational	 -0.0
0 	 101 	Conformational	 20.61574590078549
0 	 102 	Conformational	 20.516536202502326
0 	 103 	Conformational	 26.997510193302276
0 	 104 	Conformational	 9.234556239234998
0 	 105 	Conformational	 3.921096426771884
0 	 106 	Conformational	 9.262018103330849
0 	 107 	Conformational	 0.02933580125099658
0 	 108 	Conformational	 21.371568579400158
0 	 109 	Conformational	 12.985169783577168
0 	 110 	Conformational	 17.326887771178427
0 	 111 	Conformational	 21.39615753484943
0 	 112 	Conformational	 18.30430203220339
0 	 113 	Conformational	 -0.0
0 	 114 	Conformational	 0.02933580125099658
0 	 115 	Conformational	 6.522534623727839
0 	 116 	Conformational	 17.13954010481445
0 	 117 	Conformational	 0.02933580125099658
0 	 118 	Conformational	 23.05229653228906
0 	 119 	Conformational	 23.879474304854913
0 	 120 	Conformational	 23.66301398489132
0 	 121 	Conformational	 27.24103942709311
0 	 122 	Conformational	 12.871005084733854
0 	 123 	Conformational	 18.968471486335186
0 	 124 	Conformational	 9.377851785156624
0 	 125 	Conformational	 11.269712207813736
0 	 126 	Conformational	 13.521680040578786
