------------------------------------------------------------
          Hierarchy level. --> Whole molecule <--           
------------------------------------------------------------
Total number of beads at the whole molecule level = 1
FF Entropy (Whole mol level)             : 67.1364 J/mol/K
TT Entropy (Whole mol level)             : 47.1496 J/mol/K
____________________________________________________________
Total Entropy                            :         114.286
------------------------------------------------------------
------------------------------------------------------------
          Hierarchy level. --> Whole molecule <--           
------------------------------------------------------------
Total number of beads at the whole molecule level = 1
FF Entropy (Whole mol level)             : 67.5403 J/mol/K
TT Entropy (Whole mol level)             : 43.8213 J/mol/K
____________________________________________________________
Total Entropy                            :         111.362
------------------------------------------------------------
------------------------------------------------------------
          Hierarchy level. --> Whole molecule <--           
------------------------------------------------------------
Total number of beads at the whole molecule level = 1
FF Entropy (Whole mol level)             : 67.1533 J/mol/K
TT Entropy (Whole mol level)             : 53.9679 J/mol/K
____________________________________________________________
Total Entropy                            :         121.121
------------------------------------------------------------
------------------------------------------------------------
          Hierarchy level. --> Whole molecule <--           
------------------------------------------------------------
Total number of beads at the whole molecule level = 1
FF Entropy (Whole mol level)             : 67.3686 J/mol/K
TT Entropy (Whole mol level)             : 48.7438 J/mol/K
____________________________________________________________
Total Entropy                            :         116.112
------------------------------------------------------------
------------------------------------------------------------
          Hierarchy level. --> Whole molecule <--           
------------------------------------------------------------
Total number of beads at the whole molecule level = 1
FF Entropy (Whole mol level)             : 67.5520 J/mol/K
TT Entropy (Whole mol level)             : 49.2354 J/mol/K
____________________________________________________________
Total Entropy                            :         116.787
------------------------------------------------------------
