------------------------------------------------------------
          Hierarchy level. --> Whole molecule <--           
------------------------------------------------------------
Total number of beads at the whole molecule level = 1
FF Entropy (Whole mol level)             : 66.9017 J/mol/K
TT Entropy (Whole mol level)             : 55.2316 J/mol/K
____________________________________________________________
Total Entropy                            :         122.133
------------------------------------------------------------
------------------------------------------------------------
          Hierarchy level. --> Whole molecule <--           
------------------------------------------------------------
Total number of beads at the whole molecule level = 1
FF Entropy (Whole mol level)             : 67.2427 J/mol/K
TT Entropy (Whole mol level)             : 63.9903 J/mol/K
____________________________________________________________
Total Entropy                            :         131.233
------------------------------------------------------------
------------------------------------------------------------
          Hierarchy level. --> Whole molecule <--           
------------------------------------------------------------
Total number of beads at the whole molecule level = 1
FF Entropy (Whole mol level)             : 66.5622 J/mol/K
TT Entropy (Whole mol level)             : 62.9900 J/mol/K
____________________________________________________________
Total Entropy                            :         129.552
------------------------------------------------------------
------------------------------------------------------------
          Hierarchy level. --> Whole molecule <--           
------------------------------------------------------------
Total number of beads at the whole molecule level = 1
FF Entropy (Whole mol level)             : 67.1258 J/mol/K
TT Entropy (Whole mol level)             : 63.2271 J/mol/K
____________________________________________________________
Total Entropy                            :         130.353
------------------------------------------------------------
------------------------------------------------------------
          Hierarchy level. --> Whole molecule <--           
------------------------------------------------------------
Total number of beads at the whole molecule level = 1
FF Entropy (Whole mol level)             : 67.1460 J/mol/K
TT Entropy (Whole mol level)             : 62.9547 J/mol/K
____________________________________________________________
Total Entropy                            :         130.101
------------------------------------------------------------
