------------------------------------------------------------
          Hierarchy level. --> Whole molecule <--           
------------------------------------------------------------
Total number of beads at the whole molecule level = 1
FF Entropy (Whole mol level)             : 67.7641 J/mol/K
TT Entropy (Whole mol level)             : 57.7834 J/mol/K
____________________________________________________________
Total Entropy                            :         125.548
------------------------------------------------------------
------------------------------------------------------------
          Hierarchy level. --> Whole molecule <--           
------------------------------------------------------------
Total number of beads at the whole molecule level = 1
FF Entropy (Whole mol level)             : 67.6391 J/mol/K
TT Entropy (Whole mol level)             : 43.2158 J/mol/K
____________________________________________________________
Total Entropy                            :         110.855
------------------------------------------------------------
------------------------------------------------------------
          Hierarchy level. --> Whole molecule <--           
------------------------------------------------------------
Total number of beads at the whole molecule level = 1
FF Entropy (Whole mol level)             : 67.2667 J/mol/K
TT Entropy (Whole mol level)             : 63.3483 J/mol/K
____________________________________________________________
Total Entropy                            :         130.615
------------------------------------------------------------
------------------------------------------------------------
          Hierarchy level. --> Whole molecule <--           
------------------------------------------------------------
Total number of beads at the whole molecule level = 1
FF Entropy (Whole mol level)             : 67.6655 J/mol/K
TT Entropy (Whole mol level)             : 53.7701 J/mol/K
____________________________________________________________
Total Entropy                            :         121.436
------------------------------------------------------------
------------------------------------------------------------
          Hierarchy level. --> Whole molecule <--           
------------------------------------------------------------
Total number of beads at the whole molecule level = 1
FF Entropy (Whole mol level)             : 67.6206 J/mol/K
TT Entropy (Whole mol level)             : 50.9926 J/mol/K
____________________________________________________________
Total Entropy                            :         118.613
------------------------------------------------------------
