------------------------------------------------------------
          Hierarchy level. --> Whole molecule <--           
------------------------------------------------------------
Total number of beads at the whole molecule level = 1
FF Entropy (Whole mol level)             : 68.0863 J/mol/K
TT Entropy (Whole mol level)             : 49.8908 J/mol/K
____________________________________________________________
Total Entropy                            :         117.977
------------------------------------------------------------
------------------------------------------------------------
          Hierarchy level. --> Whole molecule <--           
------------------------------------------------------------
Total number of beads at the whole molecule level = 1
FF Entropy (Whole mol level)             : 67.9203 J/mol/K
TT Entropy (Whole mol level)             : 44.3648 J/mol/K
____________________________________________________________
Total Entropy                            :         112.285
------------------------------------------------------------
------------------------------------------------------------
          Hierarchy level. --> Whole molecule <--           
------------------------------------------------------------
Total number of beads at the whole molecule level = 1
FF Entropy (Whole mol level)             : 67.8168 J/mol/K
TT Entropy (Whole mol level)             : 63.6776 J/mol/K
____________________________________________________________
Total Entropy                            :         131.494
------------------------------------------------------------
------------------------------------------------------------
          Hierarchy level. --> Whole molecule <--           
------------------------------------------------------------
Total number of beads at the whole molecule level = 1
FF Entropy (Whole mol level)             : 68.0345 J/mol/K
TT Entropy (Whole mol level)             : 55.4306 J/mol/K
____________________________________________________________
Total Entropy                            :         123.465
------------------------------------------------------------
------------------------------------------------------------
          Hierarchy level. --> Whole molecule <--           
------------------------------------------------------------
Total number of beads at the whole molecule level = 1
FF Entropy (Whole mol level)             : 67.8601 J/mol/K
TT Entropy (Whole mol level)             : 58.4584 J/mol/K
____________________________________________________________
Total Entropy                            :         126.318
------------------------------------------------------------
